<?xml version="1.0" encoding="UTF-8"?>
<testsuite xmlns:xsi="http://www.w3.org/2001/XMLSchema-instance" xsi:schemaLocation="https://maven.apache.org/surefire/maven-surefire-plugin/xsd/surefire-test-report.xsd" name="TestSuite" time="1,593.411" tests="190" errors="0" skipped="175" failures="0">
  <properties>
    <property name="java.runtime.name" value="Java(TM) SE Runtime Environment"/>
    <property name="sun.boot.library.path" value="C:\Program Files\Java\jdk1.8.0_221\jre\bin"/>
    <property name="java.vm.version" value="25.221-b11"/>
    <property name="java.vm.vendor" value="Oracle Corporation"/>
    <property name="maven.multiModuleProjectDirectory" value="C:\Users\SaranyaRamamoorthy\workspace\LemonadeAutomationHeroku"/>
    <property name="java.vendor.url" value="http://java.oracle.com/"/>
    <property name="path.separator" value=";"/>
    <property name="guice.disable.misplaced.annotation.check" value="true"/>
    <property name="java.vm.name" value="Java HotSpot(TM) 64-Bit Server VM"/>
    <property name="file.encoding.pkg" value="sun.io"/>
    <property name="user.script" value=""/>
    <property name="user.country" value="US"/>
    <property name="sun.java.launcher" value="SUN_STANDARD"/>
    <property name="sun.os.patch.level" value=""/>
    <property name="java.vm.specification.name" value="Java Virtual Machine Specification"/>
    <property name="user.dir" value="C:\Users\SaranyaRamamoorthy\workspace\LemonadeAutomationHeroku"/>
    <property name="java.runtime.version" value="1.8.0_221-b11"/>
    <property name="java.awt.graphicsenv" value="sun.awt.Win32GraphicsEnvironment"/>
    <property name="java.endorsed.dirs" value="C:\Program Files\Java\jdk1.8.0_221\jre\lib\endorsed"/>
    <property name="os.arch" value="amd64"/>
    <property name="java.io.tmpdir" value="C:\Users\SARANY~1\AppData\Local\Temp\"/>
    <property name="line.separator" value="&#10;"/>
    <property name="java.vm.specification.vendor" value="Oracle Corporation"/>
    <property name="user.variant" value=""/>
    <property name="os.name" value="Windows 10"/>
    <property name="classworlds.conf" value="C:\Users\SaranyaRamamoorthy\workspace\.metadata\.plugins\org.eclipse.m2e.launching\launches\m2conf6283964858274641895.tmp"/>
    <property name="sun.jnu.encoding" value="Cp1252"/>
    <property name="java.library.path" value="C:\Program Files\Java\jdk1.8.0_221\bin;C:\WINDOWS\Sun\Java\bin;C:\WINDOWS\system32;C:\WINDOWS;C:/Program Files/Java/jre1.8.0_261/bin/server;C:/Program Files/Java/jre1.8.0_261/bin;C:/Program Files/Java/jre1.8.0_261/lib/amd64;C:\Program Files (x86)\Common Files\Oracle\Java\javapath;C:\Program Files (x86)\RSA SecurID Token Common;C:\WINDOWS\system32;C:\WINDOWS;C:\WINDOWS\System32\Wbem;C:\WINDOWS\System32\WindowsPowerShell\v1.0\;C:\WINDOWS\System32\OpenSSH\;C:\Program Files (x86)\Webex\Webex\Applications;C:\Program Files\Git\cmd;C:\Program Files\IBM\Cloud\bin;C:\Program Files\Intel\WiFi\bin\;C:\Program Files\Common Files\Intel\WirelessCommon\;C:\Program Files (x86)\Intel\Intel(R) Management Engine Components\DAL;C:\Program Files\Intel\Intel(R) Management Engine Components\DAL;C:\Program Files\nodejs\;C:\Program Files\Java\jdk1.8.0_221\bin;C:\Program Files\PostgreSQL\12\bin;C:\Users\SaranyaRamamoorthy\AppData\Local\Android\Sdk\platform-tools;C:\Users\SaranyaRamamoorthy\AppData\Local\Android\Sdk\tools;C:\Users\SaranyaRamamoorthy\AppData\Local\Android\Sdk\tools\bin;C:\Users\SaranyaRamamoorthy\Python\Scripts\;C:\Users\SaranyaRamamoorthy\Python\;C:\Users\SaranyaRamamoorthy\AppData\Local\Microsoft\WindowsApps;C:\Program Files\Intel\WiFi\bin\;C:\Program Files\Common Files\Intel\WirelessCommon\;C:\Users\SaranyaRamamoorthy\AppData\Roaming\npm;C:\Program Files\Java\jdk1.8.0_221\bin;C:\Program Files\heroku\bin;C:\Users\SaranyaRamamoorthy\AppData\Local\Programs\Microsoft VS Code\bin;C:\Users\SaranyaRamamoorthy\AppData\Local\Box\Box Edit\;C:\Users\SaranyaRamamoorthy\Desktop;;."/>
    <property name="java.specification.name" value="Java Platform API Specification"/>
    <property name="java.class.version" value="52.0"/>
    <property name="sun.management.compiler" value="HotSpot 64-Bit Tiered Compilers"/>
    <property name="os.version" value="10.0"/>
    <property name="user.home" value="C:\Users\SaranyaRamamoorthy"/>
    <property name="user.timezone" value="Asia/Calcutta"/>
    <property name="java.awt.printerjob" value="sun.awt.windows.WPrinterJob"/>
    <property name="java.specification.version" value="1.8"/>
    <property name="file.encoding" value="Cp1252"/>
    <property name="user.name" value="05710O744"/>
    <property name="java.class.path" value="C:\Users\SaranyaRamamoorthy\.p2\pool\plugins\org.eclipse.m2e.maven.runtime_1.16.0.20200610-1735\jars\plexus-classworlds-2.6.0.jar"/>
    <property name="java.vm.specification.version" value="1.8"/>
    <property name="sun.arch.data.model" value="64"/>
    <property name="java.home" value="C:\Program Files\Java\jdk1.8.0_221\jre"/>
    <property name="sun.java.command" value="org.codehaus.plexus.classworlds.launcher.Launcher -B test"/>
    <property name="java.specification.vendor" value="Oracle Corporation"/>
    <property name="user.language" value="en"/>
    <property name="awt.toolkit" value="sun.awt.windows.WToolkit"/>
    <property name="java.vm.info" value="mixed mode"/>
    <property name="java.version" value="1.8.0_221"/>
    <property name="java.ext.dirs" value="C:\Program Files\Java\jdk1.8.0_221\jre\lib\ext;C:\WINDOWS\Sun\Java\lib\ext"/>
    <property name="sun.boot.class.path" value="C:\Program Files\Java\jdk1.8.0_221\jre\lib\resources.jar;C:\Program Files\Java\jdk1.8.0_221\jre\lib\rt.jar;C:\Program Files\Java\jdk1.8.0_221\jre\lib\sunrsasign.jar;C:\Program Files\Java\jdk1.8.0_221\jre\lib\jsse.jar;C:\Program Files\Java\jdk1.8.0_221\jre\lib\jce.jar;C:\Program Files\Java\jdk1.8.0_221\jre\lib\charsets.jar;C:\Program Files\Java\jdk1.8.0_221\jre\lib\jfr.jar;C:\Program Files\Java\jdk1.8.0_221\jre\classes"/>
    <property name="java.vendor" value="Oracle Corporation"/>
    <property name="maven.home" value="C:\Users\SaranyaRamamoorthy\workspace\LemonadeAutomationHeroku\EMBEDDED"/>
    <property name="file.separator" value="\"/>
    <property name="java.vendor.url.bug" value="http://bugreport.sun.com/bugreport/"/>
    <property name="sun.cpu.endian" value="little"/>
    <property name="sun.io.unicode.encoding" value="UnicodeLittle"/>
    <property name="sun.desktop" value="windows"/>
    <property name="sun.cpu.isalist" value="amd64"/>
  </properties>
  <testcase name="TC04_SVIDS_Admin_Flow" classname="com.att.lemonade.testcases.TC04_SVIDS_Admin" time="0">
    <skipped message="Test Case[TC04_SVIDS_ADMIN_FLOW:data-row-2]==&gt;is disabled"/>
    <system-out><![CDATA[Test Data File: C:\Users\SaranyaRamamoorthy\Desktop\Project\Lemonade\Lemonade\Automation\testdata\May 2021\testdata_devtest_search_may_26_1.xlsx
TC05_My_SVIDS_Flowcheck runmodeY
TC04_SVIDS_Admin_Flowcheck runmodeN
TC02_My_Accounts_Flowcheck runmodeN
TC08_Contacts_Admin_Flowcheck runmodeN
TC01_Accounts_Admin_Flowcheck runmodeN
TC07_My_Contacts_Flowcheck runmodeN
SUITE=>===>Lemonade Flow Testing
Coulumn Count=23
Rows Count=59
Coulumn Count=25
Rows Count=30
Coulumn Count=29
Rows Count=43
Coulumn Count=30
Rows Count=22
Coulumn Count=23
Rows Count=26
Coulumn Count=22
Rows Count=16
2021-6-26 18:5:223 0 INFO  [TestNG-test=Lemonade Test Cases-4] (ExtentManager.java:com.att.lemonade.utilities.ExtentManager.getTestKey(ExtentManager.java:104)) - Key=2[{attuid=, SICCode=, password=December@2019, ownerName=, svidName=, primaryCountry=, recordCount=400 records, priorYearTBRMaxValue=, successMessage=Wireline, SICDescription=, username=sr644a, nAICSDescription=, responseTime=376 Milliseconds, DomSubAcct=, SVID=, DUNSNumber=, primaryState=, primaryCity=, nAICSCode=, description=Global Search, globalSearch=1425 LLC, priorYearTBRMinValue=, runmode=Y}]
2021-6-26 18:5:229 6 INFO  [TestNG-test=Lemonade Test Cases-6] (ExtentManager.java:com.att.lemonade.utilities.ExtentManager.getTestKey(ExtentManager.java:104)) - Key=2[{attuid=, accountName=, firstName=, password=December@2019, svidName=, primaryCountry=, recordCount=400 records, columnDisplayVisible=Phone, successMessage=Wireline, username=sr644a, responseTime=1588 Milliseconds, filterOnEmailAndPhone=, SVID=, primaryState=, primaryCity=, primaryPhone=, lastName=, managementLevel=, description=FieldSearch, department=, globalSearch=, primaryZip=, subAcctId=, runmode=N, title=}]
2021-6-26 18:5:225 2 INFO  [TestNG-test=Lemonade Test Cases-3] (ExtentManager.java:com.att.lemonade.utilities.ExtentManager.getTestKey(ExtentManager.java:104)) - Key=2[{attuid=SS8494, accountName=, SICCode=, password=December@2019, ownerName=, svidName=, recordCount=173 records, priorYearTBRMaxValue=, SICDescription=, successMessage=Wireline, username=sr644a, nAICSDescription=, FNIndicator=, responseTime=774 MilliSeconds, SVID=, primaryState=, percentageFiber=, primaryCity=, primaryPhone=, fiberEligible=, accountStatus=, nAICSCode=, description=Global search, globalSearch=New, priorYearTBRMinValue=, primaryZip=, primaryStreet=, subAcctId=, runmode=N, NoOfOpptys=}]
2021-6-26 18:5:224 1 INFO  [TestNG-test=Lemonade Test Cases-1] (ExtentManager.java:com.att.lemonade.utilities.ExtentManager.getTestKey(ExtentManager.java:104)) - Key=2[{accountName=, SICCode=, password=December@2019, ownerName=, svidName=, recordCount=173 records, priorYearTBRMaxValue=, SICDescription=, successMessage=Wireline, username=sr644a, nAICSDescription=, FNIndicator=, responseTime=66 Milliseconds, SVID=, primaryState=, percentageFiber=, primaryCity=, primaryPhone=, fiberEligible=, accountStatus=, nAICSCode=, description=Global search, globalSearch=New, priorYearTBRMinValue=, primaryZip=, primaryStreet=, subAcctId=, runmode=N, NoOfOpptys=}]
2021-6-26 18:5:223 0 INFO  [TestNG-test=Lemonade Test Cases-2] (ExtentManager.java:com.att.lemonade.utilities.ExtentManager.getTestKey(ExtentManager.java:104)) - Key=2[{SICCode=, password=December@2019, ownerName=, svidName=, primaryCountry=, recordCount=, priorYearTBRMaxValue=, successMessage=Wireline, SICDescription=, username=sr644a, nAICSDescription=, responseTime=, DomSubAcct=, SVID=, DUNSNumber=, primaryState=, primaryCity=, nAICSCode=, description=Global Search, globalSearch=CAPITAL ONE, priorYearTBRMinValue=, runmode=Y}]
2021-6-26 18:5:241 18 INFO  [TestNG-test=Lemonade Test Cases-5] (ExtentManager.java:com.att.lemonade.utilities.ExtentManager.getTestKey(ExtentManager.java:104)) - Key=2[{accountName=Bokf, National Association, firstName=, password=December@2019, svidName=, primaryCountry=, recordCount=No data found, successMessage=Wireline, username=sr644a, responseTime=No data found, SVID=, filterOnEmailAndPhone=, primaryState=, primaryCity=, primaryPhone=, lastName=, managementLevel=, description=FieldSearch, department=, globalSearch=, primaryZip=, subAcctId=, runmode=Y, title=}]
String valueN
]]></system-out>
  </testcase>
  <testcase name="TC04_SVIDS_Admin_Flow" classname="com.att.lemonade.testcases.TC04_SVIDS_Admin" time="0">
    <skipped message="Test Case[TC04_SVIDS_ADMIN_FLOW:data-row-3]==&gt;is disabled"/>
    <system-out><![CDATA[String valueN
2021-6-26 18:5:497 1274 INFO  [TestNG-test=Lemonade Test Cases-4] (ExtentManager.java:com.att.lemonade.utilities.ExtentManager.getTestKey(ExtentManager.java:104)) - Key=3[{attuid=, SICCode=, password=December@2019, ownerName=, svidName=, primaryCountry=, recordCount=1 records, priorYearTBRMaxValue=, successMessage=Wireline, SICDescription=, username=sr644a, nAICSDescription=, responseTime=270 Milliseconds, DomSubAcct=, SVID=, DUNSNumber=, primaryState=, primaryCity=, nAICSCode=, description=Global Search, globalSearch=T5AG3Q, priorYearTBRMinValue=, runmode=Y}]
String valueN
]]></system-out>
  </testcase>
  <testcase name="TC04_SVIDS_Admin_Flow" classname="com.att.lemonade.testcases.TC04_SVIDS_Admin" time="0">
    <skipped message="Test Case[TC04_SVIDS_ADMIN_FLOW:data-row-4]==&gt;is disabled"/>
    <system-out><![CDATA[2021-6-26 18:5:498 1275 INFO  [TestNG-test=Lemonade Test Cases-4] (ExtentManager.java:com.att.lemonade.utilities.ExtentManager.getTestKey(ExtentManager.java:104)) - Key=3[{attuid=, SICCode=, password=December@2019, ownerName=, svidName=, primaryCountry=, recordCount=1 records, priorYearTBRMaxValue=, successMessage=Wireline, SICDescription=, username=sr644a, nAICSDescription=, responseTime=270 Milliseconds, DomSubAcct=, SVID=, DUNSNumber=, primaryState=, primaryCity=, nAICSCode=, description=Global Search, globalSearch=T5AG3Q, priorYearTBRMinValue=, runmode=Y}]
2021-6-26 18:5:497 1274 INFO  [TestNG-test=Lemonade Test Cases-1] (ExtentManager.java:com.att.lemonade.utilities.ExtentManager.getTestKey(ExtentManager.java:104)) - Key=2[{accountName=, SICCode=, password=December@2019, ownerName=, svidName=, recordCount=173 records, priorYearTBRMaxValue=, SICDescription=, successMessage=Wireline, username=sr644a, nAICSDescription=, FNIndicator=, responseTime=66 Milliseconds, SVID=, primaryState=, percentageFiber=, primaryCity=, primaryPhone=, fiberEligible=, accountStatus=, nAICSCode=, description=Global search, globalSearch=New, priorYearTBRMinValue=, primaryZip=, primaryStreet=, subAcctId=, runmode=N, NoOfOpptys=}]
2021-6-26 18:5:504 1281 DEBUG [TestNG-test=Lemonade Test Cases-4] (_Log4jLoggerFactory.java:freemarker.log._Log4jLoggerFactory$Log4jLogger.debug(_Log4jLoggerFactory.java:45)) - Couldn't find template in cache for "Extent.ftl"("en_US", UTF-8, parsed); will try to load it.
2021-6-26 18:5:506 1283 DEBUG [TestNG-test=Lemonade Test Cases-4] (_Log4jLoggerFactory.java:freemarker.log._Log4jLoggerFactory$Log4jLogger.debug(_Log4jLoggerFactory.java:45)) - TemplateLoader.findTemplateSource("Extent_en_US.ftl"): Not found
2021-6-26 18:5:503 1280 INFO  [TestNG-test=Lemonade Test Cases-3] (ExtentManager.java:com.att.lemonade.utilities.ExtentManager.getTestKey(ExtentManager.java:104)) - Key=2[{attuid=SS8494, accountName=, SICCode=, password=December@2019, ownerName=, svidName=, recordCount=173 records, priorYearTBRMaxValue=, SICDescription=, successMessage=Wireline, username=sr644a, nAICSDescription=, FNIndicator=, responseTime=774 MilliSeconds, SVID=, primaryState=, percentageFiber=, primaryCity=, primaryPhone=, fiberEligible=, accountStatus=, nAICSCode=, description=Global search, globalSearch=New, priorYearTBRMinValue=, primaryZip=, primaryStreet=, subAcctId=, runmode=N, NoOfOpptys=}]
2021-6-26 18:5:502 1279 INFO  [TestNG-test=Lemonade Test Cases-6] (ExtentManager.java:com.att.lemonade.utilities.ExtentManager.getTestKey(ExtentManager.java:104)) - Key=2[{attuid=, accountName=, firstName=, password=December@2019, svidName=, primaryCountry=, recordCount=400 records, columnDisplayVisible=Phone, successMessage=Wireline, username=sr644a, responseTime=1588 Milliseconds, filterOnEmailAndPhone=, SVID=, primaryState=, primaryCity=, primaryPhone=, lastName=, managementLevel=, description=FieldSearch, department=, globalSearch=, primaryZip=, subAcctId=, runmode=N, title=}]
2021-6-26 18:5:502 1279 INFO  [TestNG-test=Lemonade Test Cases-5] (ExtentManager.java:com.att.lemonade.utilities.ExtentManager.getTestKey(ExtentManager.java:104)) - Key=2[{accountName=Bokf, National Association, firstName=, password=December@2019, svidName=, primaryCountry=, recordCount=No data found, successMessage=Wireline, username=sr644a, responseTime=No data found, SVID=, filterOnEmailAndPhone=, primaryState=, primaryCity=, primaryPhone=, lastName=, managementLevel=, description=FieldSearch, department=, globalSearch=, primaryZip=, subAcctId=, runmode=Y, title=}]
2021-6-26 18:5:508 1285 DEBUG [TestNG-test=Lemonade Test Cases-4] (_Log4jLoggerFactory.java:freemarker.log._Log4jLoggerFactory$Log4jLogger.debug(_Log4jLoggerFactory.java:45)) - TemplateLoader.findTemplateSource("Extent_en.ftl"): Not found
2021-6-26 18:5:511 1288 DEBUG [TestNG-test=Lemonade Test Cases-4] (_Log4jLoggerFactory.java:freemarker.log._Log4jLoggerFactory$Log4jLogger.debug(_Log4jLoggerFactory.java:45)) - TemplateLoader.findTemplateSource("Extent.ftl"): Found
2021-6-26 18:5:511 1288 DEBUG [TestNG-test=Lemonade Test Cases-4] (_Log4jLoggerFactory.java:freemarker.log._Log4jLoggerFactory$Log4jLogger.debug(_Log4jLoggerFactory.java:45)) - Loading template for "Extent.ftl"("en_US", UTF-8, parsed) from "jar:file:/C:/Users/SaranyaRamamoorthy/.m2/repository/com/relevantcodes/extentreports/2.41.2/extentreports-2.41.2.jar!/com/relevantcodes/extentreports/view/Extent.ftl"
2021-6-26 18:5:597 1374 INFO  [TestNG-test=Lemonade Test Cases-4] (ExtentManager.java:com.att.lemonade.utilities.ExtentManager.getTestKey(ExtentManager.java:104)) - Key=4[{attuid=, SICCode=, password=December@2019, ownerName=, svidName=, primaryCountry=, recordCount=400 records, priorYearTBRMaxValue=, successMessage=Wireline, SICDescription=, username=sr644a, nAICSDescription=, responseTime=441 Milliseconds, DomSubAcct=, SVID=, DUNSNumber=, primaryState=, primaryCity=, nAICSCode=, description=Global Search, globalSearch=NATIONAL, priorYearTBRMinValue=, runmode=Y}]
String valueN
]]></system-out>
  </testcase>
  <testcase name="TC04_SVIDS_Admin_Flow" classname="com.att.lemonade.testcases.TC04_SVIDS_Admin" time="0">
    <skipped message="Test Case[TC04_SVIDS_ADMIN_FLOW:data-row-5]==&gt;is disabled"/>
    <system-out><![CDATA[2021-6-26 18:5:90 1867 INFO  [TestNG-test=Lemonade Test Cases-4] (ExtentManager.java:com.att.lemonade.utilities.ExtentManager.getTestKey(ExtentManager.java:104)) - Key=5[{attuid=, SICCode=, password=December@2019, ownerName=, svidName=, primaryCountry=, recordCount=400 records, priorYearTBRMaxValue=, successMessage=Wireline, SICDescription=, username=sr644a, nAICSDescription=, responseTime=427 Milliseconds, DomSubAcct=, SVID=, DUNSNumber=, primaryState=, primaryCity=, nAICSCode=, description=Global Search with ATTUID, globalSearch=SB CENTRAL, priorYearTBRMinValue=, runmode=Y}]
String valueN
]]></system-out>
  </testcase>
  <testcase name="TC04_SVIDS_Admin_Flow" classname="com.att.lemonade.testcases.TC04_SVIDS_Admin" time="0">
    <skipped message="Test Case[TC04_SVIDS_ADMIN_FLOW:data-row-6]==&gt;is disabled"/>
    <system-out><![CDATA[2021-6-26 18:5:376 2153 INFO  [TestNG-test=Lemonade Test Cases-5] (ExtentManager.java:com.att.lemonade.utilities.ExtentManager.getTestKey(ExtentManager.java:104)) - Key=4[{accountName=, firstName=, password=December@2019, svidName=, primaryCountry=, recordCount=, successMessage=Wireline, username=sr644a, responseTime=, SVID=T008T7, filterOnEmailAndPhone=, primaryState=, primaryCity=, primaryPhone=, lastName=, managementLevel=, description=FieldSearch, department=, globalSearch=, primaryZip=, subAcctId=, runmode=Y, title=}]
2021-6-26 18:5:376 2153 INFO  [TestNG-test=Lemonade Test Cases-1] (ExtentManager.java:com.att.lemonade.utilities.ExtentManager.getTestKey(ExtentManager.java:104)) - Key=5[{accountName=, SICCode=, password=December@2019, ownerName=, svidName=, recordCount=400 records, priorYearTBRMaxValue=, SICDescription=, successMessage=Wireline, username=sr644a, nAICSDescription=, FNIndicator=, responseTime=1122 Milliseconds, SVID=, primaryState=, percentageFiber=, primaryCity=, primaryPhone=, fiberEligible=, accountStatus=Prospect, nAICSCode=, description=Global search, globalSearch=, priorYearTBRMinValue=, primaryZip=, primaryStreet=, subAcctId=, runmode=N, NoOfOpptys=}]
String valueN
String valueN
]]></system-out>
  </testcase>
  <testcase name="TC04_SVIDS_Admin_Flow" classname="com.att.lemonade.testcases.TC04_SVIDS_Admin" time="0">
    <skipped message="Test Case[TC04_SVIDS_ADMIN_FLOW:data-row-7]==&gt;is disabled"/>
    <system-out><![CDATA[2021-6-26 18:5:768 2545 INFO  [TestNG-test=Lemonade Test Cases-1] (ExtentManager.java:com.att.lemonade.utilities.ExtentManager.getTestKey(ExtentManager.java:104)) - Key=7[{accountName=, SICCode=, password=December@2019, ownerName=, svidName=, recordCount=400 records, priorYearTBRMaxValue=, SICDescription=, successMessage=Wireline, username=sr644a, nAICSDescription=, FNIndicator=, responseTime=614 Milliseconds, SVID=, primaryState=, percentageFiber=, primaryCity=, primaryPhone=, fiberEligible=, accountStatus=Inactive, nAICSCode=, description=Global search, globalSearch=, priorYearTBRMinValue=, primaryZip=, primaryStreet=, subAcctId=, runmode=N, NoOfOpptys=}]
2021-6-26 18:5:768 2545 DEBUG [TestNG-test=Lemonade Test Cases-6] (_Log4jLoggerFactory.java:freemarker.log._Log4jLoggerFactory$Log4jLogger.debug(_Log4jLoggerFactory.java:45)) - Couldn't find template in cache for "Extent.ftl"("en_US", UTF-8, parsed); will try to load it.
2021-6-26 18:5:774 2551 DEBUG [TestNG-test=Lemonade Test Cases-6] (_Log4jLoggerFactory.java:freemarker.log._Log4jLoggerFactory$Log4jLogger.debug(_Log4jLoggerFactory.java:45)) - TemplateLoader.findTemplateSource("Extent_en_US.ftl"): Not found
2021-6-26 18:5:775 2552 DEBUG [TestNG-test=Lemonade Test Cases-6] (_Log4jLoggerFactory.java:freemarker.log._Log4jLoggerFactory$Log4jLogger.debug(_Log4jLoggerFactory.java:45)) - TemplateLoader.findTemplateSource("Extent_en.ftl"): Not found
2021-6-26 18:5:776 2553 DEBUG [TestNG-test=Lemonade Test Cases-6] (_Log4jLoggerFactory.java:freemarker.log._Log4jLoggerFactory$Log4jLogger.debug(_Log4jLoggerFactory.java:45)) - TemplateLoader.findTemplateSource("Extent.ftl"): Found
2021-6-26 18:5:776 2553 DEBUG [TestNG-test=Lemonade Test Cases-6] (_Log4jLoggerFactory.java:freemarker.log._Log4jLoggerFactory$Log4jLogger.debug(_Log4jLoggerFactory.java:45)) - Loading template for "Extent.ftl"("en_US", UTF-8, parsed) from "jar:file:/C:/Users/SaranyaRamamoorthy/.m2/repository/com/relevantcodes/extentreports/2.41.2/extentreports-2.41.2.jar!/com/relevantcodes/extentreports/view/Extent.ftl"
2021-6-26 18:5:776 2553 INFO  [TestNG-test=Lemonade Test Cases-3] (ExtentManager.java:com.att.lemonade.utilities.ExtentManager.getTestKey(ExtentManager.java:104)) - Key=5[{attuid=DE144B, accountName=, SICCode=, password=December@2019, ownerName=, svidName=, recordCount=5 records, priorYearTBRMaxValue=, SICDescription=, successMessage=Wireline, username=sr644a, nAICSDescription=, FNIndicator=, responseTime=63 MilliSeconds, SVID=, primaryState=, percentageFiber=, primaryCity=, primaryPhone=, fiberEligible=, accountStatus=, nAICSCode=, description=Global search, globalSearch=, priorYearTBRMinValue=, primaryZip=, primaryStreet=, subAcctId=, runmode=N, NoOfOpptys=90.0}]
String valueN
]]></system-out>
  </testcase>
  <testcase name="TC04_SVIDS_Admin_Flow" classname="com.att.lemonade.testcases.TC04_SVIDS_Admin" time="0">
    <skipped message="Test Case[TC04_SVIDS_ADMIN_FLOW:data-row-8]==&gt;is disabled"/>
    <system-out><![CDATA[2021-6-26 18:5:894 2671 DEBUG [TestNG-test=Lemonade Test Cases-5] (_Log4jLoggerFactory.java:freemarker.log._Log4jLoggerFactory$Log4jLogger.debug(_Log4jLoggerFactory.java:45)) - Couldn't find template in cache for "Extent.ftl"("en_US", UTF-8, parsed); will try to load it.
2021-6-26 18:5:897 2674 DEBUG [TestNG-test=Lemonade Test Cases-5] (_Log4jLoggerFactory.java:freemarker.log._Log4jLoggerFactory$Log4jLogger.debug(_Log4jLoggerFactory.java:45)) - TemplateLoader.findTemplateSource("Extent_en_US.ftl"): Not found
2021-6-26 18:5:898 2675 DEBUG [TestNG-test=Lemonade Test Cases-5] (_Log4jLoggerFactory.java:freemarker.log._Log4jLoggerFactory$Log4jLogger.debug(_Log4jLoggerFactory.java:45)) - TemplateLoader.findTemplateSource("Extent_en.ftl"): Not found
2021-6-26 18:5:899 2676 DEBUG [TestNG-test=Lemonade Test Cases-5] (_Log4jLoggerFactory.java:freemarker.log._Log4jLoggerFactory$Log4jLogger.debug(_Log4jLoggerFactory.java:45)) - TemplateLoader.findTemplateSource("Extent.ftl"): Found
2021-6-26 18:5:899 2676 DEBUG [TestNG-test=Lemonade Test Cases-5] (_Log4jLoggerFactory.java:freemarker.log._Log4jLoggerFactory$Log4jLogger.debug(_Log4jLoggerFactory.java:45)) - Loading template for "Extent.ftl"("en_US", UTF-8, parsed) from "jar:file:/C:/Users/SaranyaRamamoorthy/.m2/repository/com/relevantcodes/extentreports/2.41.2/extentreports-2.41.2.jar!/com/relevantcodes/extentreports/view/Extent.ftl"
2021-6-26 18:5:896 2673 INFO  [TestNG-test=Lemonade Test Cases-4] (ExtentManager.java:com.att.lemonade.utilities.ExtentManager.getTestKey(ExtentManager.java:104)) - Key=8[{attuid=, SICCode=, password=December@2019, ownerName=, svidName=, primaryCountry=, recordCount=400 records, priorYearTBRMaxValue=, successMessage=Wireline, SICDescription=, username=sr644a, nAICSDescription=, responseTime=442 Milliseconds, DomSubAcct=, SVID=, DUNSNumber=, primaryState=, primaryCity=, nAICSCode=, description=Global Search, globalSearch=MM OMNI , priorYearTBRMinValue=, runmode=Y}]
2021-6-26 18:5:895 2672 INFO  [TestNG-test=Lemonade Test Cases-3] (ExtentManager.java:com.att.lemonade.utilities.ExtentManager.getTestKey(ExtentManager.java:104)) - Key=5[{attuid=DE144B, accountName=, SICCode=, password=December@2019, ownerName=, svidName=, recordCount=5 records, priorYearTBRMaxValue=, SICDescription=, successMessage=Wireline, username=sr644a, nAICSDescription=, FNIndicator=, responseTime=63 MilliSeconds, SVID=, primaryState=, percentageFiber=, primaryCity=, primaryPhone=, fiberEligible=, accountStatus=, nAICSCode=, description=Global search, globalSearch=, priorYearTBRMinValue=, primaryZip=, primaryStreet=, subAcctId=, runmode=N, NoOfOpptys=90.0}]
2021-6-26 18:5:996 2773 DEBUG [TestNG-test=Lemonade Test Cases-1] (_Log4jLoggerFactory.java:freemarker.log._Log4jLoggerFactory$Log4jLogger.debug(_Log4jLoggerFactory.java:45)) - Couldn't find template in cache for "Extent.ftl"("en_US", UTF-8, parsed); will try to load it.
2021-6-26 18:5:999 2776 DEBUG [TestNG-test=Lemonade Test Cases-1] (_Log4jLoggerFactory.java:freemarker.log._Log4jLoggerFactory$Log4jLogger.debug(_Log4jLoggerFactory.java:45)) - TemplateLoader.findTemplateSource("Extent_en_US.ftl"): Not found
2021-6-26 18:5:0 2777 DEBUG [TestNG-test=Lemonade Test Cases-1] (_Log4jLoggerFactory.java:freemarker.log._Log4jLoggerFactory$Log4jLogger.debug(_Log4jLoggerFactory.java:45)) - TemplateLoader.findTemplateSource("Extent_en.ftl"): Not found
2021-6-26 18:5:1 2778 DEBUG [TestNG-test=Lemonade Test Cases-1] (_Log4jLoggerFactory.java:freemarker.log._Log4jLoggerFactory$Log4jLogger.debug(_Log4jLoggerFactory.java:45)) - TemplateLoader.findTemplateSource("Extent.ftl"): Found
2021-6-26 18:5:1 2778 DEBUG [TestNG-test=Lemonade Test Cases-1] (_Log4jLoggerFactory.java:freemarker.log._Log4jLoggerFactory$Log4jLogger.debug(_Log4jLoggerFactory.java:45)) - Loading template for "Extent.ftl"("en_US", UTF-8, parsed) from "jar:file:/C:/Users/SaranyaRamamoorthy/.m2/repository/com/relevantcodes/extentreports/2.41.2/extentreports-2.41.2.jar!/com/relevantcodes/extentreports/view/Extent.ftl"
2021-6-26 18:5:998 2775 INFO  [TestNG-test=Lemonade Test Cases-5] (ExtentManager.java:com.att.lemonade.utilities.ExtentManager.getTestKey(ExtentManager.java:104)) - Key=6[{accountName=, firstName=dale, password=December@2021, svidName=, primaryCountry=, recordCount=, successMessage=Wireline, username=sr644a, responseTime=, SVID=, filterOnEmailAndPhone=, primaryState=, primaryCity=, primaryPhone=, lastName=, managementLevel=, description=FieldSearch, department=, globalSearch=, primaryZip=, subAcctId=, runmode=Y, title=}]
2021-6-26 18:5:36 2813 DEBUG [TestNG-test=Lemonade Test Cases-3] (_Log4jLoggerFactory.java:freemarker.log._Log4jLoggerFactory$Log4jLogger.debug(_Log4jLoggerFactory.java:45)) - Couldn't find template in cache for "Extent.ftl"("en_US", UTF-8, parsed); will try to load it.
2021-6-26 18:5:37 2814 DEBUG [TestNG-test=Lemonade Test Cases-3] (_Log4jLoggerFactory.java:freemarker.log._Log4jLoggerFactory$Log4jLogger.debug(_Log4jLoggerFactory.java:45)) - TemplateLoader.findTemplateSource("Extent_en_US.ftl"): Not found
2021-6-26 18:5:37 2814 INFO  [TestNG-test=Lemonade Test Cases-1] (ExtentManager.java:com.att.lemonade.utilities.ExtentManager.getTestKey(ExtentManager.java:104)) - Key=8[{accountName=, SICCode=, password=December@2019, ownerName=, svidName=, recordCount=400 records, priorYearTBRMaxValue=, SICDescription=, successMessage=Wireline, username=sr644a, nAICSDescription=, FNIndicator=, responseTime=911 Milliseconds, SVID=, primaryState=, percentageFiber=, primaryCity=, primaryPhone=, fiberEligible=, accountStatus=, nAICSCode=, description=Global search, globalSearch=, priorYearTBRMinValue=, primaryZip=, primaryStreet=, subAcctId=, runmode=N, NoOfOpptys=0.0}]
2021-6-26 18:5:45 2822 DEBUG [TestNG-test=Lemonade Test Cases-3] (_Log4jLoggerFactory.java:freemarker.log._Log4jLoggerFactory$Log4jLogger.debug(_Log4jLoggerFactory.java:45)) - TemplateLoader.findTemplateSource("Extent_en.ftl"): Not found
2021-6-26 18:5:46 2823 DEBUG [TestNG-test=Lemonade Test Cases-3] (_Log4jLoggerFactory.java:freemarker.log._Log4jLoggerFactory$Log4jLogger.debug(_Log4jLoggerFactory.java:45)) - TemplateLoader.findTemplateSource("Extent.ftl"): Found
2021-6-26 18:5:46 2823 DEBUG [TestNG-test=Lemonade Test Cases-3] (_Log4jLoggerFactory.java:freemarker.log._Log4jLoggerFactory$Log4jLogger.debug(_Log4jLoggerFactory.java:45)) - Loading template for "Extent.ftl"("en_US", UTF-8, parsed) from "jar:file:/C:/Users/SaranyaRamamoorthy/.m2/repository/com/relevantcodes/extentreports/2.41.2/extentreports-2.41.2.jar!/com/relevantcodes/extentreports/view/Extent.ftl"
2021-6-26 18:5:78 2855 DEBUG [TestNG-test=Lemonade Test Cases-6] (_Log4jLoggerFactory.java:freemarker.log._Log4jLoggerFactory$Log4jLogger.debug(_Log4jLoggerFactory.java:45)) - Couldn't find template in cache for "Extent.ftl"("en_US", UTF-8, parsed); will try to load it.
2021-6-26 18:5:80 2857 DEBUG [TestNG-test=Lemonade Test Cases-6] (_Log4jLoggerFactory.java:freemarker.log._Log4jLoggerFactory$Log4jLogger.debug(_Log4jLoggerFactory.java:45)) - TemplateLoader.findTemplateSource("Extent_en_US.ftl"): Not found
String valueN
]]></system-out>
  </testcase>
  <testcase name="TC04_SVIDS_Admin_Flow" classname="com.att.lemonade.testcases.TC04_SVIDS_Admin" time="0">
    <skipped message="Test Case[TC04_SVIDS_ADMIN_FLOW:data-row-9]==&gt;is disabled"/>
    <system-out><![CDATA[2021-6-26 18:5:399 3176 INFO  [TestNG-test=Lemonade Test Cases-6] (ExtentManager.java:com.att.lemonade.utilities.ExtentManager.getTestKey(ExtentManager.java:104)) - Key=7[{attuid=lt1615, accountName=, firstName=, password=December@2022, svidName=, primaryCountry=, recordCount=38 records, columnDisplayVisible=City, successMessage=Wireline, username=sr644a, responseTime=73 Milliseconds, filterOnEmailAndPhone=, SVID=, primaryState=, primaryCity=, primaryPhone=, lastName=ram, managementLevel=, description=FieldSearch, department=, globalSearch=, primaryZip=, subAcctId=, runmode=N, title=}]
String valueN
2021-6-26 18:5:399 3176 DEBUG [TestNG-test=Lemonade Test Cases-1] (_Log4jLoggerFactory.java:freemarker.log._Log4jLoggerFactory$Log4jLogger.debug(_Log4jLoggerFactory.java:45)) - TemplateLoader.findTemplateSource("Extent_en_US.ftl"): Not found
]]></system-out>
  </testcase>
  <testcase name="TC04_SVIDS_Admin_Flow" classname="com.att.lemonade.testcases.TC04_SVIDS_Admin" time="0">
    <skipped message="Test Case[TC04_SVIDS_ADMIN_FLOW:data-row-10]==&gt;is disabled"/>
    <system-out><![CDATA[2021-6-26 18:5:889 3666 DEBUG [TestNG-test=Lemonade Test Cases-1] (_Log4jLoggerFactory.java:freemarker.log._Log4jLoggerFactory$Log4jLogger.debug(_Log4jLoggerFactory.java:45)) - TemplateLoader.findTemplateSource("Extent_en.ftl"): Not found
2021-6-26 18:5:891 3668 DEBUG [TestNG-test=Lemonade Test Cases-1] (_Log4jLoggerFactory.java:freemarker.log._Log4jLoggerFactory$Log4jLogger.debug(_Log4jLoggerFactory.java:45)) - TemplateLoader.findTemplateSource("Extent.ftl"): Found
2021-6-26 18:5:892 3669 DEBUG [TestNG-test=Lemonade Test Cases-1] (_Log4jLoggerFactory.java:freemarker.log._Log4jLoggerFactory$Log4jLogger.debug(_Log4jLoggerFactory.java:45)) - Loading template for "Extent.ftl"("en_US", UTF-8, parsed) from "jar:file:/C:/Users/SaranyaRamamoorthy/.m2/repository/com/relevantcodes/extentreports/2.41.2/extentreports-2.41.2.jar!/com/relevantcodes/extentreports/view/Extent.ftl"
String valueN
]]></system-out>
  </testcase>
  <testcase name="TC04_SVIDS_Admin_Flow" classname="com.att.lemonade.testcases.TC04_SVIDS_Admin" time="0">
    <skipped message="Test Case[TC04_SVIDS_ADMIN_FLOW:data-row-11]==&gt;is disabled"/>
    <system-out><![CDATA[2021-6-26 18:5:157 3934 INFO  [TestNG-test=Lemonade Test Cases-6] (ExtentManager.java:com.att.lemonade.utilities.ExtentManager.getTestKey(ExtentManager.java:104)) - Key=9[{attuid=lt1615, accountName=, firstName=, password=December@2024, svidName=, primaryCountry=, recordCount=400 records, columnDisplayVisible=Zip, successMessage=Wireline, username=sr644a, responseTime=1102 Milliseconds, filterOnEmailAndPhone=, SVID=, primaryState=, primaryCity=, primaryPhone=, lastName=, managementLevel=, description=FieldSearch, department=, globalSearch=, primaryZip=, subAcctId=, runmode=N, title=president}]
2021-6-26 18:5:172 3949 INFO  [TestNG-test=Lemonade Test Cases-4] (ExtentManager.java:com.att.lemonade.utilities.ExtentManager.getTestKey(ExtentManager.java:104)) - Key=11[{attuid=, SICCode=, password=December@2019, ownerName=, svidName=2-J WELL SERVICES, primaryCountry=, recordCount=1 records, priorYearTBRMaxValue=, successMessage=Wireline, SICDescription=, username=sr644a, nAICSDescription=, responseTime=243 Milliseconds, DomSubAcct=, SVID=, DUNSNumber=, primaryState=, primaryCity=, nAICSCode=, description=Field level Search ATTUID and svid name, globalSearch=, priorYearTBRMinValue=, runmode=Y}]
2021-6-26 18:5:226 4003 DEBUG [TestNG-test=Lemonade Test Cases-5] (_Log4jLoggerFactory.java:freemarker.log._Log4jLoggerFactory$Log4jLogger.debug(_Log4jLoggerFactory.java:45)) - Couldn't find template in cache for "Extent.ftl"("en_US", UTF-8, parsed); will try to load it.
2021-6-26 18:5:226 4003 INFO  [TestNG-test=Lemonade Test Cases-1] (ExtentManager.java:com.att.lemonade.utilities.ExtentManager.getTestKey(ExtentManager.java:104)) - Key=12[{accountName=, SICCode=, password=December@2019, ownerName=, svidName=, recordCount=33 records, priorYearTBRMaxValue=, SICDescription=, successMessage=Wireline, username=sr644a, nAICSDescription=, FNIndicator=, responseTime=442 Milliseconds, SVID=, primaryState=, percentageFiber=, primaryCity=Memphis, primaryPhone=, fiberEligible=, accountStatus=, nAICSCode=, description=Global search, globalSearch=, priorYearTBRMinValue=, primaryZip=, primaryStreet=, subAcctId=, runmode=Y, NoOfOpptys=}]
2021-6-26 18:5:227 4004 DEBUG [TestNG-test=Lemonade Test Cases-5] (_Log4jLoggerFactory.java:freemarker.log._Log4jLoggerFactory$Log4jLogger.debug(_Log4jLoggerFactory.java:45)) - TemplateLoader.findTemplateSource("Extent_en_US.ftl"): Not found
2021-6-26 18:5:228 4005 DEBUG [TestNG-test=Lemonade Test Cases-5] (_Log4jLoggerFactory.java:freemarker.log._Log4jLoggerFactory$Log4jLogger.debug(_Log4jLoggerFactory.java:45)) - TemplateLoader.findTemplateSource("Extent_en.ftl"): Not found
2021-6-26 18:5:229 4006 DEBUG [TestNG-test=Lemonade Test Cases-5] (_Log4jLoggerFactory.java:freemarker.log._Log4jLoggerFactory$Log4jLogger.debug(_Log4jLoggerFactory.java:45)) - TemplateLoader.findTemplateSource("Extent.ftl"): Found
2021-6-26 18:5:229 4006 DEBUG [TestNG-test=Lemonade Test Cases-5] (_Log4jLoggerFactory.java:freemarker.log._Log4jLoggerFactory$Log4jLogger.debug(_Log4jLoggerFactory.java:45)) - Loading template for "Extent.ftl"("en_US", UTF-8, parsed) from "jar:file:/C:/Users/SaranyaRamamoorthy/.m2/repository/com/relevantcodes/extentreports/2.41.2/extentreports-2.41.2.jar!/com/relevantcodes/extentreports/view/Extent.ftl"
String valueN
]]></system-out>
  </testcase>
  <testcase name="TC04_SVIDS_Admin_Flow" classname="com.att.lemonade.testcases.TC04_SVIDS_Admin" time="0">
    <skipped message="Test Case[TC04_SVIDS_ADMIN_FLOW:data-row-12]==&gt;is disabled"/>
    <system-out><![CDATA[String valueN
]]></system-out>
  </testcase>
  <testcase name="TC04_SVIDS_Admin_Flow" classname="com.att.lemonade.testcases.TC04_SVIDS_Admin" time="0">
    <skipped message="Test Case[TC04_SVIDS_ADMIN_FLOW:data-row-13]==&gt;is disabled"/>
    <system-out><![CDATA[2021-6-26 18:5:691 4468 INFO  [TestNG-test=Lemonade Test Cases-3] (ExtentManager.java:com.att.lemonade.utilities.ExtentManager.getTestKey(ExtentManager.java:104)) - Key=11[{attuid=PM059P, accountName=, SICCode=, password=December@2019, ownerName=, svidName=, recordCount=400 records, priorYearTBRMaxValue=, SICDescription=, successMessage=Wireline, username=sr644a, nAICSDescription=, FNIndicator=, responseTime=926 MilliSeconds, SVID=, primaryState=, percentageFiber=, primaryCity=, primaryPhone=, fiberEligible=No, accountStatus=, nAICSCode=, description=Global search, globalSearch=, priorYearTBRMinValue=, primaryZip=, primaryStreet=, subAcctId=, runmode=N, NoOfOpptys=}]
2021-6-26 18:5:692 4469 INFO  [TestNG-test=Lemonade Test Cases-4] (ExtentManager.java:com.att.lemonade.utilities.ExtentManager.getTestKey(ExtentManager.java:104)) - Key=13[{attuid=SS8494, SICCode=, password=December@2019, ownerName=, svidName=CITY HOLDING COMPANY, primaryCountry=, recordCount=1 records, priorYearTBRMaxValue=, successMessage=Wireline, SICDescription=, username=sr644a, nAICSDescription=, responseTime=269 Milliseconds, DomSubAcct=, SVID=, DUNSNumber=, primaryState=, primaryCity=, nAICSCode=, description=Field level Search ATTUID and svid name, globalSearch=, priorYearTBRMinValue=, runmode=Y}]
2021-6-26 18:5:691 4468 DEBUG [TestNG-test=Lemonade Test Cases-6] (_Log4jLoggerFactory.java:freemarker.log._Log4jLoggerFactory$Log4jLogger.debug(_Log4jLoggerFactory.java:45)) - Couldn't find template in cache for "Extent.ftl"("en_US", UTF-8, parsed); will try to load it.
2021-6-26 18:5:693 4470 DEBUG [TestNG-test=Lemonade Test Cases-6] (_Log4jLoggerFactory.java:freemarker.log._Log4jLoggerFactory$Log4jLogger.debug(_Log4jLoggerFactory.java:45)) - TemplateLoader.findTemplateSource("Extent_en_US.ftl"): Not found
2021-6-26 18:5:694 4471 DEBUG [TestNG-test=Lemonade Test Cases-6] (_Log4jLoggerFactory.java:freemarker.log._Log4jLoggerFactory$Log4jLogger.debug(_Log4jLoggerFactory.java:45)) - TemplateLoader.findTemplateSource("Extent_en.ftl"): Not found
2021-6-26 18:5:695 4472 DEBUG [TestNG-test=Lemonade Test Cases-6] (_Log4jLoggerFactory.java:freemarker.log._Log4jLoggerFactory$Log4jLogger.debug(_Log4jLoggerFactory.java:45)) - TemplateLoader.findTemplateSource("Extent.ftl"): Found
2021-6-26 18:5:695 4472 DEBUG [TestNG-test=Lemonade Test Cases-6] (_Log4jLoggerFactory.java:freemarker.log._Log4jLoggerFactory$Log4jLogger.debug(_Log4jLoggerFactory.java:45)) - Loading template for "Extent.ftl"("en_US", UTF-8, parsed) from "jar:file:/C:/Users/SaranyaRamamoorthy/.m2/repository/com/relevantcodes/extentreports/2.41.2/extentreports-2.41.2.jar!/com/relevantcodes/extentreports/view/Extent.ftl"
2021-6-26 18:5:768 4545 DEBUG [TestNG-test=Lemonade Test Cases-5] (_Log4jLoggerFactory.java:freemarker.log._Log4jLoggerFactory$Log4jLogger.debug(_Log4jLoggerFactory.java:45)) - Couldn't find template in cache for "Extent.ftl"("en_US", UTF-8, parsed); will try to load it.
2021-6-26 18:5:771 4548 DEBUG [TestNG-test=Lemonade Test Cases-5] (_Log4jLoggerFactory.java:freemarker.log._Log4jLoggerFactory$Log4jLogger.debug(_Log4jLoggerFactory.java:45)) - TemplateLoader.findTemplateSource("Extent_en_US.ftl"): Not found
2021-6-26 18:5:768 4545 INFO  [TestNG-test=Lemonade Test Cases-6] (ExtentManager.java:com.att.lemonade.utilities.ExtentManager.getTestKey(ExtentManager.java:104)) - Key=11[{attuid=lt1615, accountName=, firstName=, password=December@2026, svidName=, primaryCountry=, recordCount=394 records, columnDisplayVisible=SVID, successMessage=Wireline, username=sr644a, responseTime=548 Milliseconds, filterOnEmailAndPhone=, SVID=, primaryState=, primaryCity=, primaryPhone=, lastName=, managementLevel=c level, description=FieldSearch, department=, globalSearch=, primaryZip=, subAcctId=, runmode=Y, title=}]
2021-6-26 18:5:772 4549 DEBUG [TestNG-test=Lemonade Test Cases-5] (_Log4jLoggerFactory.java:freemarker.log._Log4jLoggerFactory$Log4jLogger.debug(_Log4jLoggerFactory.java:45)) - TemplateLoader.findTemplateSource("Extent_en.ftl"): Not found
2021-6-26 18:5:773 4550 DEBUG [TestNG-test=Lemonade Test Cases-5] (_Log4jLoggerFactory.java:freemarker.log._Log4jLoggerFactory$Log4jLogger.debug(_Log4jLoggerFactory.java:45)) - TemplateLoader.findTemplateSource("Extent.ftl"): Found
2021-6-26 18:5:773 4550 DEBUG [TestNG-test=Lemonade Test Cases-5] (_Log4jLoggerFactory.java:freemarker.log._Log4jLoggerFactory$Log4jLogger.debug(_Log4jLoggerFactory.java:45)) - Loading template for "Extent.ftl"("en_US", UTF-8, parsed) from "jar:file:/C:/Users/SaranyaRamamoorthy/.m2/repository/com/relevantcodes/extentreports/2.41.2/extentreports-2.41.2.jar!/com/relevantcodes/extentreports/view/Extent.ftl"
String valueN
]]></system-out>
  </testcase>
  <testcase name="TC04_SVIDS_Admin_Flow" classname="com.att.lemonade.testcases.TC04_SVIDS_Admin" time="0">
    <skipped message="Test Case[TC04_SVIDS_ADMIN_FLOW:data-row-14]==&gt;is disabled"/>
    <system-out><![CDATA[2021-6-26 18:5:980 4757 INFO  [TestNG-test=Lemonade Test Cases-4] (ExtentManager.java:com.att.lemonade.utilities.ExtentManager.getTestKey(ExtentManager.java:104)) - Key=14[{attuid=SS8494, SICCode=, password=December@2019, ownerName=, svidName=, primaryCountry=, recordCount=1 records, priorYearTBRMaxValue=, successMessage=Wireline, SICDescription=, username=sr644a, nAICSDescription=, responseTime=223 Milliseconds, DomSubAcct=, SVID=CNJME7, DUNSNumber=, primaryState=, primaryCity=, nAICSCode=, description=Field level Search with Attuid &SVID , globalSearch=, priorYearTBRMinValue=, runmode=Y}]
String valueN
]]></system-out>
  </testcase>
  <testcase name="TC04_SVIDS_Admin_Flow" classname="com.att.lemonade.testcases.TC04_SVIDS_Admin" time="0">
    <skipped message="Test Case[TC04_SVIDS_ADMIN_FLOW:data-row-15]==&gt;is disabled"/>
    <system-out><![CDATA[String valueN
2021-6-26 18:5:442 5219 INFO  [TestNG-test=Lemonade Test Cases-6] (ExtentManager.java:com.att.lemonade.utilities.ExtentManager.getTestKey(ExtentManager.java:104)) - Key=12[{attuid=lt1615, accountName=, firstName=, password=December@2027, svidName=, primaryCountry=, recordCount=400 records, columnDisplayVisible=SVID Name, successMessage=Wireline, username=sr644a, responseTime=427 Milliseconds, filterOnEmailAndPhone=, SVID=, primaryState=, primaryCity=stillwater, primaryPhone=, lastName=, managementLevel=, description=FieldSearch, department=, globalSearch=, primaryZip=, subAcctId=, runmode=Y, title=}]
]]></system-out>
  </testcase>
  <testcase name="TC04_SVIDS_Admin_Flow" classname="com.att.lemonade.testcases.TC04_SVIDS_Admin" time="0">
    <skipped message="Test Case[TC04_SVIDS_ADMIN_FLOW:data-row-16]==&gt;is disabled"/>
    <system-out><![CDATA[2021-6-26 18:5:911 5688 INFO  [TestNG-test=Lemonade Test Cases-3] (ExtentManager.java:com.att.lemonade.utilities.ExtentManager.getTestKey(ExtentManager.java:104)) - Key=16[{attuid=SS8494, accountName=, SICCode=, password=December@2019, ownerName=, svidName=, recordCount=400 records, priorYearTBRMaxValue=, SICDescription=, successMessage=Wireline, username=sr644a, nAICSDescription=Commercial Banking, FNIndicator=, responseTime=642 MilliSeconds, SVID=, primaryState=, percentageFiber=, primaryCity=, primaryPhone=, fiberEligible=, accountStatus=, nAICSCode=, description=Global search, globalSearch=, priorYearTBRMinValue=, primaryZip=, primaryStreet=, subAcctId=, runmode=Y, NoOfOpptys=}]
2021-6-26 18:5:911 5688 INFO  [TestNG-test=Lemonade Test Cases-5] (ExtentManager.java:com.att.lemonade.utilities.ExtentManager.getTestKey(ExtentManager.java:104)) - Key=14[{accountName=, firstName=, password=December@2029, svidName=, primaryCountry=USA, recordCount=, successMessage=Wireline, username=sr644a, responseTime=, SVID=, filterOnEmailAndPhone=, primaryState=, primaryCity=, primaryPhone=, lastName=, managementLevel=, description=FieldSearch, department=, globalSearch=, primaryZip=75225.0, subAcctId=, runmode=Y, title=}]
]]></system-out>
  </testcase>
  <testcase name="TC04_SVIDS_Admin_Flow" classname="com.att.lemonade.testcases.TC04_SVIDS_Admin" time="0">
    <skipped message="Test Case[TC04_SVIDS_ADMIN_FLOW:data-row-17]==&gt;is disabled"/>
    <system-out><![CDATA[2021-6-26 18:5:226 6003 INFO  [TestNG-test=Lemonade Test Cases-6] (ExtentManager.java:com.att.lemonade.utilities.ExtentManager.getTestKey(ExtentManager.java:104)) - Key=14[{attuid=lt1615, accountName=, firstName=, password=December@2029, svidName=, primaryCountry=USA, recordCount=No data found, columnDisplayVisible=, successMessage=Wireline, username=sr644a, responseTime=No data found, filterOnEmailAndPhone=, SVID=, primaryState=, primaryCity=, primaryPhone=, lastName=, managementLevel=, description=FieldSearch, department=, globalSearch=, primaryZip=75225.0, subAcctId=, runmode=Y, title=}]
2021-6-26 18:5:226 6003 DEBUG [TestNG-test=Lemonade Test Cases-1] (_Log4jLoggerFactory.java:freemarker.log._Log4jLoggerFactory$Log4jLogger.debug(_Log4jLoggerFactory.java:45)) - Couldn't find template in cache for "Extent.ftl"("en_US", UTF-8, parsed); will try to load it.
2021-6-26 18:5:227 6004 DEBUG [TestNG-test=Lemonade Test Cases-1] (_Log4jLoggerFactory.java:freemarker.log._Log4jLoggerFactory$Log4jLogger.debug(_Log4jLoggerFactory.java:45)) - TemplateLoader.findTemplateSource("Extent_en_US.ftl"): Not found
2021-6-26 18:5:228 6005 DEBUG [TestNG-test=Lemonade Test Cases-1] (_Log4jLoggerFactory.java:freemarker.log._Log4jLoggerFactory$Log4jLogger.debug(_Log4jLoggerFactory.java:45)) - TemplateLoader.findTemplateSource("Extent_en.ftl"): Not found
2021-6-26 18:5:228 6005 DEBUG [TestNG-test=Lemonade Test Cases-1] (_Log4jLoggerFactory.java:freemarker.log._Log4jLoggerFactory$Log4jLogger.debug(_Log4jLoggerFactory.java:45)) - TemplateLoader.findTemplateSource("Extent.ftl"): Found
2021-6-26 18:5:229 6006 DEBUG [TestNG-test=Lemonade Test Cases-1] (_Log4jLoggerFactory.java:freemarker.log._Log4jLoggerFactory$Log4jLogger.debug(_Log4jLoggerFactory.java:45)) - Loading template for "Extent.ftl"("en_US", UTF-8, parsed) from "jar:file:/C:/Users/SaranyaRamamoorthy/.m2/repository/com/relevantcodes/extentreports/2.41.2/extentreports-2.41.2.jar!/com/relevantcodes/extentreports/view/Extent.ftl"
2021-6-26 18:5:233 6010 INFO  [TestNG-test=Lemonade Test Cases-3] (ExtentManager.java:com.att.lemonade.utilities.ExtentManager.getTestKey(ExtentManager.java:104)) - Key=17[{attuid=SS8494, accountName=, SICCode=, password=December@2019, ownerName=, svidName=, recordCount=No data found, priorYearTBRMaxValue=, SICDescription=, successMessage=Wireline, username=sr644a, nAICSDescription=, FNIndicator=, responseTime=No data found, SVID=, primaryState=, percentageFiber=, primaryCity=, primaryPhone=4.057445892E9, fiberEligible=, accountStatus=, nAICSCode=, description=Global search, globalSearch=, priorYearTBRMinValue=, primaryZip=, primaryStreet=, subAcctId=, runmode=Y, NoOfOpptys=}]
String valueN
]]></system-out>
  </testcase>
  <testcase name="TC04_SVIDS_Admin_Flow" classname="com.att.lemonade.testcases.TC04_SVIDS_Admin" time="0">
    <skipped message="Test Case[TC04_SVIDS_ADMIN_FLOW:data-row-18]==&gt;is disabled"/>
    <system-out><![CDATA[2021-6-26 18:5:764 6541 INFO  [TestNG-test=Lemonade Test Cases-6] (ExtentManager.java:com.att.lemonade.utilities.ExtentManager.getTestKey(ExtentManager.java:104)) - Key=15[{attuid=, accountName=, firstName=, password=December@2029, svidName=, primaryCountry=, recordCount=400 records, columnDisplayVisible=, successMessage=Wireline, username=sr644a, responseTime=497 Milliseconds, filterOnEmailAndPhone=, SVID=, primaryState=, primaryCity=, primaryPhone=, lastName=, managementLevel=, description=FieldSearch, department=, globalSearch=Hole Products, primaryZip=, subAcctId=, runmode=Y, title=}]
2021-6-26 18:5:765 6542 DEBUG [TestNG-test=Lemonade Test Cases-6] (_Log4jLoggerFactory.java:freemarker.log._Log4jLoggerFactory$Log4jLogger.debug(_Log4jLoggerFactory.java:45)) - Couldn't find template in cache for "Extent.ftl"("en_US", UTF-8, parsed); will try to load it.
2021-6-26 18:5:765 6542 INFO  [TestNG-test=Lemonade Test Cases-1] (ExtentManager.java:com.att.lemonade.utilities.ExtentManager.getTestKey(ExtentManager.java:104)) - Key=21[{accountName=, SICCode=, password=December@2019, ownerName=, svidName=, recordCount=4 records, priorYearTBRMaxValue=, SICDescription=Retail, successMessage=Wireline, username=sr644a, nAICSDescription=, FNIndicator=, responseTime=401 Milliseconds, SVID=, primaryState=, percentageFiber=, primaryCity=, primaryPhone=, fiberEligible=, accountStatus=, nAICSCode=, description=Global search, globalSearch=, priorYearTBRMinValue=, primaryZip=, primaryStreet=, subAcctId=, runmode=Y, NoOfOpptys=}]
2021-6-26 18:5:765 6542 DEBUG [TestNG-test=Lemonade Test Cases-6] (_Log4jLoggerFactory.java:freemarker.log._Log4jLoggerFactory$Log4jLogger.debug(_Log4jLoggerFactory.java:45)) - TemplateLoader.findTemplateSource("Extent_en_US.ftl"): Not found
2021-6-26 18:5:766 6543 DEBUG [TestNG-test=Lemonade Test Cases-6] (_Log4jLoggerFactory.java:freemarker.log._Log4jLoggerFactory$Log4jLogger.debug(_Log4jLoggerFactory.java:45)) - TemplateLoader.findTemplateSource("Extent_en.ftl"): Not found
2021-6-26 18:5:767 6544 DEBUG [TestNG-test=Lemonade Test Cases-6] (_Log4jLoggerFactory.java:freemarker.log._Log4jLoggerFactory$Log4jLogger.debug(_Log4jLoggerFactory.java:45)) - TemplateLoader.findTemplateSource("Extent.ftl"): Found
2021-6-26 18:5:767 6544 DEBUG [TestNG-test=Lemonade Test Cases-6] (_Log4jLoggerFactory.java:freemarker.log._Log4jLoggerFactory$Log4jLogger.debug(_Log4jLoggerFactory.java:45)) - Loading template for "Extent.ftl"("en_US", UTF-8, parsed) from "jar:file:/C:/Users/SaranyaRamamoorthy/.m2/repository/com/relevantcodes/extentreports/2.41.2/extentreports-2.41.2.jar!/com/relevantcodes/extentreports/view/Extent.ftl"
String valueN
String valueN
2021-6-26 18:5:815 6592 DEBUG [TestNG-test=Lemonade Test Cases-3] (_Log4jLoggerFactory.java:freemarker.log._Log4jLoggerFactory$Log4jLogger.debug(_Log4jLoggerFactory.java:45)) - Couldn't find template in cache for "Extent.ftl"("en_US", UTF-8, parsed); will try to load it.
]]></system-out>
  </testcase>
  <testcase name="TC04_SVIDS_Admin_Flow" classname="com.att.lemonade.testcases.TC04_SVIDS_Admin" time="0">
    <skipped message="Test Case[TC04_SVIDS_ADMIN_FLOW:data-row-19]==&gt;is disabled"/>
    <system-out><![CDATA[2021-6-26 18:5:965 6742 INFO  [TestNG-test=Lemonade Test Cases-3] (ExtentManager.java:com.att.lemonade.utilities.ExtentManager.getTestKey(ExtentManager.java:104)) - Key=19[{attuid=GR4568, accountName=, SICCode=, password=December@2019, ownerName=, svidName=, recordCount=No data found, priorYearTBRMaxValue=, SICDescription=, successMessage=Wireline, username=sr644a, nAICSDescription=, FNIndicator=, responseTime=No data found, SVID=, primaryState=, percentageFiber=, primaryCity=Stillwater
	, primaryPhone=, fiberEligible=, accountStatus=, nAICSCode=, description=Global search, globalSearch=, priorYearTBRMinValue=, primaryZip=, primaryStreet=, subAcctId=, runmode=Y, NoOfOpptys=}]
2021-6-26 18:5:965 6742 DEBUG [TestNG-test=Lemonade Test Cases-6] (_Log4jLoggerFactory.java:freemarker.log._Log4jLoggerFactory$Log4jLogger.debug(_Log4jLoggerFactory.java:45)) - Couldn't find template in cache for "Extent.ftl"("en_US", UTF-8, parsed); will try to load it.
2021-6-26 18:5:965 6742 INFO  [TestNG-test=Lemonade Test Cases-4] (ExtentManager.java:com.att.lemonade.utilities.ExtentManager.getTestKey(ExtentManager.java:104)) - Key=19[{attuid=, SICCode=, password=December@2019, ownerName=, svidName=, primaryCountry=, recordCount=1 records, priorYearTBRMaxValue=, successMessage=Wireline, SICDescription=, username=sr644a, nAICSDescription=, responseTime=235 Milliseconds, DomSubAcct=, SVID=, DUNSNumber=7.95506513E8, primaryState=, primaryCity=, nAICSCode=, description=Field level Search with Duns, globalSearch=, priorYearTBRMinValue=, runmode=Y}]
2021-6-26 18:5:966 6743 DEBUG [TestNG-test=Lemonade Test Cases-6] (_Log4jLoggerFactory.java:freemarker.log._Log4jLoggerFactory$Log4jLogger.debug(_Log4jLoggerFactory.java:45)) - TemplateLoader.findTemplateSource("Extent_en_US.ftl"): Not found
2021-6-26 18:5:966 6743 DEBUG [TestNG-test=Lemonade Test Cases-6] (_Log4jLoggerFactory.java:freemarker.log._Log4jLoggerFactory$Log4jLogger.debug(_Log4jLoggerFactory.java:45)) - TemplateLoader.findTemplateSource("Extent_en.ftl"): Not found
2021-6-26 18:5:967 6744 DEBUG [TestNG-test=Lemonade Test Cases-6] (_Log4jLoggerFactory.java:freemarker.log._Log4jLoggerFactory$Log4jLogger.debug(_Log4jLoggerFactory.java:45)) - TemplateLoader.findTemplateSource("Extent.ftl"): Found
2021-6-26 18:5:967 6744 DEBUG [TestNG-test=Lemonade Test Cases-6] (_Log4jLoggerFactory.java:freemarker.log._Log4jLoggerFactory$Log4jLogger.debug(_Log4jLoggerFactory.java:45)) - Loading template for "Extent.ftl"("en_US", UTF-8, parsed) from "jar:file:/C:/Users/SaranyaRamamoorthy/.m2/repository/com/relevantcodes/extentreports/2.41.2/extentreports-2.41.2.jar!/com/relevantcodes/extentreports/view/Extent.ftl"
2021-6-26 18:5:11 6788 DEBUG [TestNG-test=Lemonade Test Cases-1] (_Log4jLoggerFactory.java:freemarker.log._Log4jLoggerFactory$Log4jLogger.debug(_Log4jLoggerFactory.java:45)) - Couldn't find template in cache for "Extent.ftl"("en_US", UTF-8, parsed); will try to load it.
2021-6-26 18:5:11 6788 DEBUG [TestNG-test=Lemonade Test Cases-1] (_Log4jLoggerFactory.java:freemarker.log._Log4jLoggerFactory$Log4jLogger.debug(_Log4jLoggerFactory.java:45)) - TemplateLoader.findTemplateSource("Extent_en_US.ftl"): Not found
2021-6-26 18:5:12 6789 DEBUG [TestNG-test=Lemonade Test Cases-1] (_Log4jLoggerFactory.java:freemarker.log._Log4jLoggerFactory$Log4jLogger.debug(_Log4jLoggerFactory.java:45)) - TemplateLoader.findTemplateSource("Extent_en.ftl"): Not found
2021-6-26 18:5:13 6790 DEBUG [TestNG-test=Lemonade Test Cases-1] (_Log4jLoggerFactory.java:freemarker.log._Log4jLoggerFactory$Log4jLogger.debug(_Log4jLoggerFactory.java:45)) - TemplateLoader.findTemplateSource("Extent.ftl"): Found
2021-6-26 18:5:13 6790 DEBUG [TestNG-test=Lemonade Test Cases-1] (_Log4jLoggerFactory.java:freemarker.log._Log4jLoggerFactory$Log4jLogger.debug(_Log4jLoggerFactory.java:45)) - Loading template for "Extent.ftl"("en_US", UTF-8, parsed) from "jar:file:/C:/Users/SaranyaRamamoorthy/.m2/repository/com/relevantcodes/extentreports/2.41.2/extentreports-2.41.2.jar!/com/relevantcodes/extentreports/view/Extent.ftl"
2021-6-26 18:5:14 6791 INFO  [TestNG-test=Lemonade Test Cases-6] (ExtentManager.java:com.att.lemonade.utilities.ExtentManager.getTestKey(ExtentManager.java:104)) - Key=17[{attuid=, accountName=, firstName=, password=December@2031, svidName=, primaryCountry=, recordCount=2 records, columnDisplayVisible=, successMessage=Wireline, username=sr644a, responseTime=320 Milliseconds, filterOnEmailAndPhone=, SVID=, primaryState=, primaryCity=, primaryPhone=, lastName=, managementLevel=, description=FieldSearch, department=, globalSearch=, primaryZip=, subAcctId=TJIRI9, runmode=Y, title=}]
String valueN
]]></system-out>
  </testcase>
  <testcase name="TC04_SVIDS_Admin_Flow" classname="com.att.lemonade.testcases.TC04_SVIDS_Admin" time="0">
    <skipped message="Test Case[TC04_SVIDS_ADMIN_FLOW:data-row-20]==&gt;is disabled"/>
    <system-out><![CDATA[2021-6-26 18:5:242 7019 INFO  [TestNG-test=Lemonade Test Cases-6] (ExtentManager.java:com.att.lemonade.utilities.ExtentManager.getTestKey(ExtentManager.java:104)) - Key=17[{attuid=, accountName=, firstName=, password=December@2031, svidName=, primaryCountry=, recordCount=2 records, columnDisplayVisible=, successMessage=Wireline, username=sr644a, responseTime=320 Milliseconds, filterOnEmailAndPhone=, SVID=, primaryState=, primaryCity=, primaryPhone=, lastName=, managementLevel=, description=FieldSearch, department=, globalSearch=, primaryZip=, subAcctId=TJIRI9, runmode=Y, title=}]
2021-6-26 18:5:242 7019 DEBUG [TestNG-test=Lemonade Test Cases-1] (_Log4jLoggerFactory.java:freemarker.log._Log4jLoggerFactory$Log4jLogger.debug(_Log4jLoggerFactory.java:45)) - TemplateLoader.findTemplateSource("Extent_en_US.ftl"): Not found
2021-6-26 18:5:243 7020 DEBUG [TestNG-test=Lemonade Test Cases-1] (_Log4jLoggerFactory.java:freemarker.log._Log4jLoggerFactory$Log4jLogger.debug(_Log4jLoggerFactory.java:45)) - TemplateLoader.findTemplateSource("Extent_en.ftl"): Not found
2021-6-26 18:5:244 7021 DEBUG [TestNG-test=Lemonade Test Cases-1] (_Log4jLoggerFactory.java:freemarker.log._Log4jLoggerFactory$Log4jLogger.debug(_Log4jLoggerFactory.java:45)) - TemplateLoader.findTemplateSource("Extent.ftl"): Found
2021-6-26 18:5:244 7021 DEBUG [TestNG-test=Lemonade Test Cases-1] (_Log4jLoggerFactory.java:freemarker.log._Log4jLoggerFactory$Log4jLogger.debug(_Log4jLoggerFactory.java:45)) - Loading template for "Extent.ftl"("en_US", UTF-8, parsed) from "jar:file:/C:/Users/SaranyaRamamoorthy/.m2/repository/com/relevantcodes/extentreports/2.41.2/extentreports-2.41.2.jar!/com/relevantcodes/extentreports/view/Extent.ftl"
2021-6-26 18:5:242 7019 INFO  [TestNG-test=Lemonade Test Cases-5] (ExtentManager.java:com.att.lemonade.utilities.ExtentManager.getTestKey(ExtentManager.java:104)) - Key=18[{accountName=, firstName=, password=December@2029, svidName=, primaryCountry=, recordCount=, successMessage=Wireline, username=sr644a, responseTime=, SVID=, filterOnEmailAndPhone=, primaryState=, primaryCity=, primaryPhone=, lastName=, managementLevel=, description=FieldSearch, department=, globalSearch=33021.0, primaryZip=, subAcctId=, runmode=Y, title=}]
2021-6-26 18:5:253 7030 INFO  [TestNG-test=Lemonade Test Cases-4] (ExtentManager.java:com.att.lemonade.utilities.ExtentManager.getTestKey(ExtentManager.java:104)) - Key=20[{attuid=, SICCode=, password=December@2019, ownerName=, svidName=, primaryCountry=, recordCount=1 records, priorYearTBRMaxValue=, successMessage=Wireline, SICDescription=, username=sr644a, nAICSDescription=, responseTime=214 Milliseconds, DomSubAcct=, SVID=, DUNSNumber=8.36162305E8, primaryState=, primaryCity=, nAICSCode=, description=Field level Search with Duns, globalSearch=, priorYearTBRMinValue=, runmode=Y}]
String valueN
]]></system-out>
  </testcase>
  <testcase name="TC04_SVIDS_Admin_Flow" classname="com.att.lemonade.testcases.TC04_SVIDS_Admin" time="0">
    <skipped message="Test Case[TC04_SVIDS_ADMIN_FLOW:data-row-21]==&gt;is disabled"/>
  </testcase>
  <testcase name="TC04_SVIDS_Admin_Flow" classname="com.att.lemonade.testcases.TC04_SVIDS_Admin" time="0">
    <skipped message="Test Case[TC04_SVIDS_ADMIN_FLOW:data-row-22]==&gt;is disabled"/>
    <system-out><![CDATA[2021-6-26 18:5:965 7742 INFO  [TestNG-test=Lemonade Test Cases-3] (ExtentManager.java:com.att.lemonade.utilities.ExtentManager.getTestKey(ExtentManager.java:104)) - Key=22[{attuid=GR4568, accountName=, SICCode=, password=December@2019, ownerName=, svidName=, recordCount=No data found, priorYearTBRMaxValue=, SICDescription=, successMessage=Wireline, username=sr644a, nAICSDescription=, FNIndicator=, responseTime=No data found, SVID=, primaryState=, percentageFiber=, primaryCity=, primaryPhone=, fiberEligible=, accountStatus=, nAICSCode=, description=Global search, globalSearch=The Woodlands, priorYearTBRMinValue=, primaryZip=, primaryStreet=, subAcctId=, runmode=Y, NoOfOpptys=}]
]]></system-out>
  </testcase>
  <testcase name="TC04_SVIDS_Admin_Flow" classname="com.att.lemonade.testcases.TC04_SVIDS_Admin" time="0">
    <skipped message="Test Case[TC04_SVIDS_ADMIN_FLOW:data-row-23]==&gt;is disabled"/>
    <system-out><![CDATA[2021-6-26 18:5:32 7809 DEBUG [TestNG-test=Lemonade Test Cases-4] (_Log4jLoggerFactory.java:freemarker.log._Log4jLoggerFactory$Log4jLogger.debug(_Log4jLoggerFactory.java:45)) - Couldn't find template in cache for "Extent.ftl"("en_US", UTF-8, parsed); will try to load it.
2021-6-26 18:5:33 7810 INFO  [TestNG-test=Lemonade Test Cases-6] (ExtentManager.java:com.att.lemonade.utilities.ExtentManager.getTestKey(ExtentManager.java:104)) - Key=19[{attuid=, accountName=, firstName=, password=December@2033, svidName=VALLEY VIEW SCHOOL DISTRICT 35_MT, primaryCountry=, recordCount=2 records, columnDisplayVisible=, successMessage=Wireline, username=sr644a, responseTime=298 Milliseconds, filterOnEmailAndPhone=, SVID=, primaryState=, primaryCity=, primaryPhone=, lastName=, managementLevel=, description=FieldSearch, department=, globalSearch=, primaryZip=, subAcctId=, runmode=Y, title=}]
2021-6-26 18:5:33 7810 DEBUG [TestNG-test=Lemonade Test Cases-4] (_Log4jLoggerFactory.java:freemarker.log._Log4jLoggerFactory$Log4jLogger.debug(_Log4jLoggerFactory.java:45)) - TemplateLoader.findTemplateSource("Extent_en_US.ftl"): Not found
2021-6-26 18:5:34 7811 DEBUG [TestNG-test=Lemonade Test Cases-4] (_Log4jLoggerFactory.java:freemarker.log._Log4jLoggerFactory$Log4jLogger.debug(_Log4jLoggerFactory.java:45)) - TemplateLoader.findTemplateSource("Extent_en.ftl"): Not found
2021-6-26 18:5:36 7813 DEBUG [TestNG-test=Lemonade Test Cases-4] (_Log4jLoggerFactory.java:freemarker.log._Log4jLoggerFactory$Log4jLogger.debug(_Log4jLoggerFactory.java:45)) - TemplateLoader.findTemplateSource("Extent.ftl"): Found
2021-6-26 18:5:36 7813 DEBUG [TestNG-test=Lemonade Test Cases-4] (_Log4jLoggerFactory.java:freemarker.log._Log4jLoggerFactory$Log4jLogger.debug(_Log4jLoggerFactory.java:45)) - Loading template for "Extent.ftl"("en_US", UTF-8, parsed) from "jar:file:/C:/Users/SaranyaRamamoorthy/.m2/repository/com/relevantcodes/extentreports/2.41.2/extentreports-2.41.2.jar!/com/relevantcodes/extentreports/view/Extent.ftl"
2021-6-26 18:5:36 7813 INFO  [TestNG-test=Lemonade Test Cases-1] (ExtentManager.java:com.att.lemonade.utilities.ExtentManager.getTestKey(ExtentManager.java:104)) - Key=26[{accountName=, SICCode=, password=December@2019, ownerName=, svidName=, recordCount=No data found, priorYearTBRMaxValue=, SICDescription=, successMessage=Wireline, username=sr644a, nAICSDescription=Accommodation and Food Services, FNIndicator=, responseTime=No data found, SVID=, primaryState=, percentageFiber=, primaryCity=, primaryPhone=, fiberEligible=, accountStatus=, nAICSCode=, description=Global search, globalSearch=, priorYearTBRMinValue=, primaryZip=, primaryStreet=, subAcctId=, runmode=Y, NoOfOpptys=}]
2021-6-26 18:5:94 7871 DEBUG [TestNG-test=Lemonade Test Cases-5] (_Log4jLoggerFactory.java:freemarker.log._Log4jLoggerFactory$Log4jLogger.debug(_Log4jLoggerFactory.java:45)) - Couldn't find template in cache for "Extent.ftl"("en_US", UTF-8, parsed); will try to load it.
2021-6-26 18:5:95 7872 DEBUG [TestNG-test=Lemonade Test Cases-5] (_Log4jLoggerFactory.java:freemarker.log._Log4jLoggerFactory$Log4jLogger.debug(_Log4jLoggerFactory.java:45)) - TemplateLoader.findTemplateSource("Extent_en_US.ftl"): Not found
2021-6-26 18:5:96 7873 DEBUG [TestNG-test=Lemonade Test Cases-5] (_Log4jLoggerFactory.java:freemarker.log._Log4jLoggerFactory$Log4jLogger.debug(_Log4jLoggerFactory.java:45)) - TemplateLoader.findTemplateSource("Extent_en.ftl"): Not found
2021-6-26 18:5:97 7874 DEBUG [TestNG-test=Lemonade Test Cases-5] (_Log4jLoggerFactory.java:freemarker.log._Log4jLoggerFactory$Log4jLogger.debug(_Log4jLoggerFactory.java:45)) - TemplateLoader.findTemplateSource("Extent.ftl"): Found
2021-6-26 18:5:97 7874 DEBUG [TestNG-test=Lemonade Test Cases-5] (_Log4jLoggerFactory.java:freemarker.log._Log4jLoggerFactory$Log4jLogger.debug(_Log4jLoggerFactory.java:45)) - Loading template for "Extent.ftl"("en_US", UTF-8, parsed) from "jar:file:/C:/Users/SaranyaRamamoorthy/.m2/repository/com/relevantcodes/extentreports/2.41.2/extentreports-2.41.2.jar!/com/relevantcodes/extentreports/view/Extent.ftl"
2021-6-26 18:5:104 7881 INFO  [TestNG-test=Lemonade Test Cases-4] (ExtentManager.java:com.att.lemonade.utilities.ExtentManager.getTestKey(ExtentManager.java:104)) - Key=23[{attuid=AC1083, SICCode=, password=December@2019, ownerName=, svidName=, primaryCountry=, recordCount=No data found, priorYearTBRMaxValue=0.0, successMessage=Wireline, SICDescription=, username=sr644a, nAICSDescription=, responseTime=No data found, DomSubAcct=, SVID=, DUNSNumber=, primaryState=, primaryCity=, nAICSCode=, description=Field level Search with Attuid &Duns, globalSearch=, priorYearTBRMinValue=-10.0, runmode=Y}]
2021-6-26 18:5:146 7923 DEBUG [TestNG-test=Lemonade Test Cases-3] (_Log4jLoggerFactory.java:freemarker.log._Log4jLoggerFactory$Log4jLogger.debug(_Log4jLoggerFactory.java:45)) - Couldn't find template in cache for "Extent.ftl"("en_US", UTF-8, parsed); will try to load it.
2021-6-26 18:5:146 7923 DEBUG [TestNG-test=Lemonade Test Cases-3] (_Log4jLoggerFactory.java:freemarker.log._Log4jLoggerFactory$Log4jLogger.debug(_Log4jLoggerFactory.java:45)) - TemplateLoader.findTemplateSource("Extent_en_US.ftl"): Not found
2021-6-26 18:5:147 7924 DEBUG [TestNG-test=Lemonade Test Cases-3] (_Log4jLoggerFactory.java:freemarker.log._Log4jLoggerFactory$Log4jLogger.debug(_Log4jLoggerFactory.java:45)) - TemplateLoader.findTemplateSource("Extent_en.ftl"): Not found
2021-6-26 18:5:148 7925 DEBUG [TestNG-test=Lemonade Test Cases-3] (_Log4jLoggerFactory.java:freemarker.log._Log4jLoggerFactory$Log4jLogger.debug(_Log4jLoggerFactory.java:45)) - TemplateLoader.findTemplateSource("Extent.ftl"): Found
2021-6-26 18:5:149 7926 DEBUG [TestNG-test=Lemonade Test Cases-3] (_Log4jLoggerFactory.java:freemarker.log._Log4jLoggerFactory$Log4jLogger.debug(_Log4jLoggerFactory.java:45)) - Loading template for "Extent.ftl"("en_US", UTF-8, parsed) from "jar:file:/C:/Users/SaranyaRamamoorthy/.m2/repository/com/relevantcodes/extentreports/2.41.2/extentreports-2.41.2.jar!/com/relevantcodes/extentreports/view/Extent.ftl"
2021-6-26 18:5:156 7933 INFO  [TestNG-test=Lemonade Test Cases-5] (ExtentManager.java:com.att.lemonade.utilities.ExtentManager.getTestKey(ExtentManager.java:104)) - Key=21[{accountName=, firstName=, password=December@2029, svidName=, primaryCountry=, recordCount=, successMessage=Wireline, username=sr644a, responseTime=, SVID=, filterOnEmailAndPhone=, primaryState=CA, primaryCity=, primaryPhone=, lastName=, managementLevel=, description=FieldSearch, department=, globalSearch=, primaryZip=, subAcctId=, runmode=Y, title=}]
String valueN
]]></system-out>
  </testcase>
  <testcase name="TC04_SVIDS_Admin_Flow" classname="com.att.lemonade.testcases.TC04_SVIDS_Admin" time="0">
    <skipped message="Test Case[TC04_SVIDS_ADMIN_FLOW:data-row-24]==&gt;is disabled"/>
    <system-out><![CDATA[2021-6-26 18:5:200 7977 INFO  [TestNG-test=Lemonade Test Cases-4] (ExtentManager.java:com.att.lemonade.utilities.ExtentManager.getTestKey(ExtentManager.java:104)) - Key=23[{attuid=AC1083, SICCode=, password=December@2019, ownerName=, svidName=, primaryCountry=, recordCount=No data found, priorYearTBRMaxValue=0.0, successMessage=Wireline, SICDescription=, username=sr644a, nAICSDescription=, responseTime=No data found, DomSubAcct=, SVID=, DUNSNumber=, primaryState=, primaryCity=, nAICSCode=, description=Field level Search with Attuid &Duns, globalSearch=, priorYearTBRMinValue=-10.0, runmode=Y}]
2021-6-26 18:5:201 7978 DEBUG [TestNG-test=Lemonade Test Cases-4] (_Log4jLoggerFactory.java:freemarker.log._Log4jLoggerFactory$Log4jLogger.debug(_Log4jLoggerFactory.java:45)) - Couldn't find template in cache for "Extent.ftl"("en_US", UTF-8, parsed); will try to load it.
2021-6-26 18:5:201 7978 DEBUG [TestNG-test=Lemonade Test Cases-4] (_Log4jLoggerFactory.java:freemarker.log._Log4jLoggerFactory$Log4jLogger.debug(_Log4jLoggerFactory.java:45)) - TemplateLoader.findTemplateSource("Extent_en_US.ftl"): Not found
2021-6-26 18:5:204 7981 DEBUG [TestNG-test=Lemonade Test Cases-4] (_Log4jLoggerFactory.java:freemarker.log._Log4jLoggerFactory$Log4jLogger.debug(_Log4jLoggerFactory.java:45)) - TemplateLoader.findTemplateSource("Extent_en.ftl"): Not found
2021-6-26 18:5:204 7981 DEBUG [TestNG-test=Lemonade Test Cases-4] (_Log4jLoggerFactory.java:freemarker.log._Log4jLoggerFactory$Log4jLogger.debug(_Log4jLoggerFactory.java:45)) - TemplateLoader.findTemplateSource("Extent.ftl"): Found
2021-6-26 18:5:205 7982 DEBUG [TestNG-test=Lemonade Test Cases-4] (_Log4jLoggerFactory.java:freemarker.log._Log4jLoggerFactory$Log4jLogger.debug(_Log4jLoggerFactory.java:45)) - Loading template for "Extent.ftl"("en_US", UTF-8, parsed) from "jar:file:/C:/Users/SaranyaRamamoorthy/.m2/repository/com/relevantcodes/extentreports/2.41.2/extentreports-2.41.2.jar!/com/relevantcodes/extentreports/view/Extent.ftl"
2021-6-26 18:5:270 8047 INFO  [TestNG-test=Lemonade Test Cases-4] (ExtentManager.java:com.att.lemonade.utilities.ExtentManager.getTestKey(ExtentManager.java:104)) - Key=24[{attuid=, SICCode=, password=December@2019, ownerName=, svidName=, primaryCountry=, recordCount=1 records, priorYearTBRMaxValue=, successMessage=Wireline, SICDescription=, username=sr644a, nAICSDescription=, responseTime=129 Milliseconds, DomSubAcct=S4NJBL, SVID=, DUNSNumber=, primaryState=, primaryCity=, nAICSCode=, description=Field level Search with DomSubAcct, globalSearch=, priorYearTBRMinValue=, runmode=Y}]
String valueN
String valueN
]]></system-out>
  </testcase>
  <testcase name="TC04_SVIDS_Admin_Flow" classname="com.att.lemonade.testcases.TC04_SVIDS_Admin" time="0">
    <skipped message="Test Case[TC04_SVIDS_ADMIN_FLOW:data-row-25]==&gt;is disabled"/>
    <system-out><![CDATA[String valueN
2021-6-26 18:5:495 8272 INFO  [TestNG-test=Lemonade Test Cases-5] (ExtentManager.java:com.att.lemonade.utilities.ExtentManager.getTestKey(ExtentManager.java:104)) - Key=21[{accountName=, firstName=, password=December@2029, svidName=, primaryCountry=, recordCount=, successMessage=Wireline, username=sr644a, responseTime=, SVID=, filterOnEmailAndPhone=, primaryState=CA, primaryCity=, primaryPhone=, lastName=, managementLevel=, description=FieldSearch, department=, globalSearch=, primaryZip=, subAcctId=, runmode=Y, title=}]
2021-6-26 18:5:495 8272 INFO  [TestNG-test=Lemonade Test Cases-6] (ExtentManager.java:com.att.lemonade.utilities.ExtentManager.getTestKey(ExtentManager.java:104)) - Key=20[{attuid=, accountName=, firstName=Christopher, password=December@2034, svidName=, primaryCountry=, recordCount=400 records, columnDisplayVisible=, successMessage=Wireline, username=sr644a, responseTime=467 Milliseconds, filterOnEmailAndPhone=, SVID=, primaryState=, primaryCity=, primaryPhone=, lastName=, managementLevel=, description=FieldSearch, department=, globalSearch=, primaryZip=, subAcctId=, runmode=Y, title=}]
]]></system-out>
  </testcase>
  <testcase name="TC04_SVIDS_Admin_Flow" classname="com.att.lemonade.testcases.TC04_SVIDS_Admin" time="0">
    <skipped message="Test Case[TC04_SVIDS_ADMIN_FLOW:data-row-26]==&gt;is disabled"/>
    <system-out><![CDATA[2021-6-26 18:5:754 8531 DEBUG [TestNG-test=Lemonade Test Cases-1] (_Log4jLoggerFactory.java:freemarker.log._Log4jLoggerFactory$Log4jLogger.debug(_Log4jLoggerFactory.java:45)) - Couldn't find template in cache for "Extent.ftl"("en_US", UTF-8, parsed); will try to load it.
2021-6-26 18:5:754 8531 INFO  [TestNG-test=Lemonade Test Cases-5] (ExtentManager.java:com.att.lemonade.utilities.ExtentManager.getTestKey(ExtentManager.java:104)) - Key=22[{accountName=, firstName=, password=December@2029, svidName=, primaryCountry=, recordCount=, successMessage=Wireline, username=sr644a, responseTime=, SVID=, filterOnEmailAndPhone=, primaryState=, primaryCity=, primaryPhone=, lastName=, managementLevel=, description=FieldSearch, department=OTHER, globalSearch=, primaryZip=, subAcctId=, runmode=Y, title=}]
2021-6-26 18:5:755 8532 DEBUG [TestNG-test=Lemonade Test Cases-1] (_Log4jLoggerFactory.java:freemarker.log._Log4jLoggerFactory$Log4jLogger.debug(_Log4jLoggerFactory.java:45)) - TemplateLoader.findTemplateSource("Extent_en_US.ftl"): Not found
2021-6-26 18:5:755 8532 DEBUG [TestNG-test=Lemonade Test Cases-1] (_Log4jLoggerFactory.java:freemarker.log._Log4jLoggerFactory$Log4jLogger.debug(_Log4jLoggerFactory.java:45)) - TemplateLoader.findTemplateSource("Extent_en.ftl"): Not found
2021-6-26 18:5:756 8533 DEBUG [TestNG-test=Lemonade Test Cases-1] (_Log4jLoggerFactory.java:freemarker.log._Log4jLoggerFactory$Log4jLogger.debug(_Log4jLoggerFactory.java:45)) - TemplateLoader.findTemplateSource("Extent.ftl"): Found
2021-6-26 18:5:756 8533 DEBUG [TestNG-test=Lemonade Test Cases-1] (_Log4jLoggerFactory.java:freemarker.log._Log4jLoggerFactory$Log4jLogger.debug(_Log4jLoggerFactory.java:45)) - Loading template for "Extent.ftl"("en_US", UTF-8, parsed) from "jar:file:/C:/Users/SaranyaRamamoorthy/.m2/repository/com/relevantcodes/extentreports/2.41.2/extentreports-2.41.2.jar!/com/relevantcodes/extentreports/view/Extent.ftl"
2021-6-26 18:5:767 8544 INFO  [TestNG-test=Lemonade Test Cases-6] (ExtentManager.java:com.att.lemonade.utilities.ExtentManager.getTestKey(ExtentManager.java:104)) - Key=21[{attuid=, accountName=, firstName=, password=December@2035, svidName=, primaryCountry=, recordCount=400 records, columnDisplayVisible=, successMessage=Wireline, username=sr644a, responseTime=473 Milliseconds, filterOnEmailAndPhone=, SVID=, primaryState=, primaryCity=, primaryPhone=, lastName=mond, managementLevel=, description=FieldSearch, department=, globalSearch=, primaryZip=, subAcctId=, runmode=Y, title=}]
String valueN
String valueN
]]></system-out>
  </testcase>
  <testcase name="TC04_SVIDS_Admin_Flow" classname="com.att.lemonade.testcases.TC04_SVIDS_Admin" time="0">
    <skipped message="Test Case[TC04_SVIDS_ADMIN_FLOW:data-row-27]==&gt;is disabled"/>
    <system-out><![CDATA[2021-6-26 18:5:186 8963 INFO  [TestNG-test=Lemonade Test Cases-1] (ExtentManager.java:com.att.lemonade.utilities.ExtentManager.getTestKey(ExtentManager.java:104)) - Key=29[{accountName=, SICCode=, password=December@2019, ownerName=, svidName=, recordCount=No data found, priorYearTBRMaxValue=, SICDescription=, successMessage=Wireline, username=sr644a, nAICSDescription=, FNIndicator=, responseTime=No data found, SVID=, primaryState=, percentageFiber=, primaryCity=, primaryPhone=, fiberEligible=, accountStatus=, nAICSCode=, description=Global search, globalSearch=Pharmacies, priorYearTBRMinValue=, primaryZip=, primaryStreet=, subAcctId=, runmode=Y, NoOfOpptys=}]
String valueN
]]></system-out>
  </testcase>
  <testcase name="TC04_SVIDS_Admin_Flow" classname="com.att.lemonade.testcases.TC04_SVIDS_Admin" time="0">
    <skipped message="Test Case[TC04_SVIDS_ADMIN_FLOW:data-row-28]==&gt;is disabled"/>
    <system-out><![CDATA[2021-6-26 18:5:186 8963 DEBUG [TestNG-test=Lemonade Test Cases-1] (_Log4jLoggerFactory.java:freemarker.log._Log4jLoggerFactory$Log4jLogger.debug(_Log4jLoggerFactory.java:45)) - Couldn't find template in cache for "Extent.ftl"("en_US", UTF-8, parsed); will try to load it.
2021-6-26 18:5:187 8964 DEBUG [TestNG-test=Lemonade Test Cases-1] (_Log4jLoggerFactory.java:freemarker.log._Log4jLoggerFactory$Log4jLogger.debug(_Log4jLoggerFactory.java:45)) - TemplateLoader.findTemplateSource("Extent_en_US.ftl"): Not found
2021-6-26 18:5:186 8963 INFO  [TestNG-test=Lemonade Test Cases-4] (ExtentManager.java:com.att.lemonade.utilities.ExtentManager.getTestKey(ExtentManager.java:104)) - Key=27[{attuid=JH175X, SICCode=, password=December@2019, ownerName=, svidName=, primaryCountry=, recordCount=No data found, priorYearTBRMaxValue=, successMessage=Wireline, SICDescription=, username=sr644a, nAICSDescription=, responseTime=No data found, DomSubAcct=SIVB32	, SVID=, DUNSNumber=, primaryState=, primaryCity=, nAICSCode=, description=Field level Search with Attuid &Dom sub acct, globalSearch=, priorYearTBRMinValue=, runmode=Y}]
2021-6-26 18:5:188 8965 DEBUG [TestNG-test=Lemonade Test Cases-1] (_Log4jLoggerFactory.java:freemarker.log._Log4jLoggerFactory$Log4jLogger.debug(_Log4jLoggerFactory.java:45)) - TemplateLoader.findTemplateSource("Extent_en.ftl"): Not found
2021-6-26 18:5:193 8970 DEBUG [TestNG-test=Lemonade Test Cases-1] (_Log4jLoggerFactory.java:freemarker.log._Log4jLoggerFactory$Log4jLogger.debug(_Log4jLoggerFactory.java:45)) - TemplateLoader.findTemplateSource("Extent.ftl"): Found
2021-6-26 18:5:193 8970 DEBUG [TestNG-test=Lemonade Test Cases-1] (_Log4jLoggerFactory.java:freemarker.log._Log4jLoggerFactory$Log4jLogger.debug(_Log4jLoggerFactory.java:45)) - Loading template for "Extent.ftl"("en_US", UTF-8, parsed) from "jar:file:/C:/Users/SaranyaRamamoorthy/.m2/repository/com/relevantcodes/extentreports/2.41.2/extentreports-2.41.2.jar!/com/relevantcodes/extentreports/view/Extent.ftl"
2021-6-26 18:5:253 9030 DEBUG [TestNG-test=Lemonade Test Cases-5] (_Log4jLoggerFactory.java:freemarker.log._Log4jLoggerFactory$Log4jLogger.debug(_Log4jLoggerFactory.java:45)) - Couldn't find template in cache for "Extent.ftl"("en_US", UTF-8, parsed); will try to load it.
2021-6-26 18:5:254 9031 INFO  [TestNG-test=Lemonade Test Cases-1] (ExtentManager.java:com.att.lemonade.utilities.ExtentManager.getTestKey(ExtentManager.java:104)) - Key=30[{accountName=, SICCode=, password=December@2019, ownerName=, svidName=, recordCount=No data found, priorYearTBRMaxValue=, SICDescription=, successMessage=Wireline, username=sr644a, nAICSDescription=, FNIndicator=, responseTime=No data found, SVID=U36FMD, primaryState=, percentageFiber=, primaryCity=, primaryPhone=, fiberEligible=, accountStatus=, nAICSCode=, description=Global search, globalSearch=, priorYearTBRMinValue=, primaryZip=, primaryStreet=, subAcctId=, runmode=Y, NoOfOpptys=}]
2021-6-26 18:5:254 9031 DEBUG [TestNG-test=Lemonade Test Cases-5] (_Log4jLoggerFactory.java:freemarker.log._Log4jLoggerFactory$Log4jLogger.debug(_Log4jLoggerFactory.java:45)) - TemplateLoader.findTemplateSource("Extent_en_US.ftl"): Not found
2021-6-26 18:5:255 9032 DEBUG [TestNG-test=Lemonade Test Cases-5] (_Log4jLoggerFactory.java:freemarker.log._Log4jLoggerFactory$Log4jLogger.debug(_Log4jLoggerFactory.java:45)) - TemplateLoader.findTemplateSource("Extent_en.ftl"): Not found
2021-6-26 18:5:256 9033 DEBUG [TestNG-test=Lemonade Test Cases-5] (_Log4jLoggerFactory.java:freemarker.log._Log4jLoggerFactory$Log4jLogger.debug(_Log4jLoggerFactory.java:45)) - TemplateLoader.findTemplateSource("Extent.ftl"): Found
2021-6-26 18:5:256 9033 DEBUG [TestNG-test=Lemonade Test Cases-5] (_Log4jLoggerFactory.java:freemarker.log._Log4jLoggerFactory$Log4jLogger.debug(_Log4jLoggerFactory.java:45)) - Loading template for "Extent.ftl"("en_US", UTF-8, parsed) from "jar:file:/C:/Users/SaranyaRamamoorthy/.m2/repository/com/relevantcodes/extentreports/2.41.2/extentreports-2.41.2.jar!/com/relevantcodes/extentreports/view/Extent.ftl"
2021-6-26 18:5:321 9098 DEBUG [TestNG-test=Lemonade Test Cases-6] (_Log4jLoggerFactory.java:freemarker.log._Log4jLoggerFactory$Log4jLogger.debug(_Log4jLoggerFactory.java:45)) - Couldn't find template in cache for "Extent.ftl"("en_US", UTF-8, parsed); will try to load it.
2021-6-26 18:5:322 9099 INFO  [TestNG-test=Lemonade Test Cases-5] (ExtentManager.java:com.att.lemonade.utilities.ExtentManager.getTestKey(ExtentManager.java:104)) - Key=25[{accountName=, firstName=, password=December@2029, svidName=, primaryCountry=, recordCount=, successMessage=Wireline, username=sr644a, responseTime=, SVID=, filterOnEmailAndPhone=Show Only Contacts with Email, primaryState=, primaryCity=, primaryPhone=, lastName=, managementLevel=, description=FieldSearch, department=, globalSearch=, primaryZip=, subAcctId=, runmode=Y, title=}]
2021-6-26 18:5:322 9099 DEBUG [TestNG-test=Lemonade Test Cases-6] (_Log4jLoggerFactory.java:freemarker.log._Log4jLoggerFactory$Log4jLogger.debug(_Log4jLoggerFactory.java:45)) - TemplateLoader.findTemplateSource("Extent_en_US.ftl"): Not found
2021-6-26 18:5:323 9100 DEBUG [TestNG-test=Lemonade Test Cases-6] (_Log4jLoggerFactory.java:freemarker.log._Log4jLoggerFactory$Log4jLogger.debug(_Log4jLoggerFactory.java:45)) - TemplateLoader.findTemplateSource("Extent_en.ftl"): Not found
2021-6-26 18:5:324 9101 DEBUG [TestNG-test=Lemonade Test Cases-6] (_Log4jLoggerFactory.java:freemarker.log._Log4jLoggerFactory$Log4jLogger.debug(_Log4jLoggerFactory.java:45)) - TemplateLoader.findTemplateSource("Extent.ftl"): Found
2021-6-26 18:5:324 9101 DEBUG [TestNG-test=Lemonade Test Cases-6] (_Log4jLoggerFactory.java:freemarker.log._Log4jLoggerFactory$Log4jLogger.debug(_Log4jLoggerFactory.java:45)) - Loading template for "Extent.ftl"("en_US", UTF-8, parsed) from "jar:file:/C:/Users/SaranyaRamamoorthy/.m2/repository/com/relevantcodes/extentreports/2.41.2/extentreports-2.41.2.jar!/com/relevantcodes/extentreports/view/Extent.ftl"
2021-6-26 18:5:378 9155 INFO  [TestNG-test=Lemonade Test Cases-6] (ExtentManager.java:com.att.lemonade.utilities.ExtentManager.getTestKey(ExtentManager.java:104)) - Key=23[{attuid=, accountName=, firstName=, password=December@2037, svidName=, primaryCountry=, recordCount=400 records, columnDisplayVisible=, successMessage=Wireline, username=sr644a, responseTime=690 Milliseconds, filterOnEmailAndPhone=, SVID=, primaryState=, primaryCity=, primaryPhone=, lastName=, managementLevel=, description=FieldSearch, department=, globalSearch=, primaryZip=, subAcctId=, runmode=Y, title=TESTING ENGINEER}]
2021-6-26 18:5:378 9155 DEBUG [TestNG-test=Lemonade Test Cases-4] (_Log4jLoggerFactory.java:freemarker.log._Log4jLoggerFactory$Log4jLogger.debug(_Log4jLoggerFactory.java:45)) - Couldn't find template in cache for "Extent.ftl"("en_US", UTF-8, parsed); will try to load it.
2021-6-26 18:5:379 9156 DEBUG [TestNG-test=Lemonade Test Cases-4] (_Log4jLoggerFactory.java:freemarker.log._Log4jLoggerFactory$Log4jLogger.debug(_Log4jLoggerFactory.java:45)) - TemplateLoader.findTemplateSource("Extent_en_US.ftl"): Not found
2021-6-26 18:5:380 9157 DEBUG [TestNG-test=Lemonade Test Cases-4] (_Log4jLoggerFactory.java:freemarker.log._Log4jLoggerFactory$Log4jLogger.debug(_Log4jLoggerFactory.java:45)) - TemplateLoader.findTemplateSource("Extent_en.ftl"): Not found
2021-6-26 18:5:380 9157 DEBUG [TestNG-test=Lemonade Test Cases-4] (_Log4jLoggerFactory.java:freemarker.log._Log4jLoggerFactory$Log4jLogger.debug(_Log4jLoggerFactory.java:45)) - TemplateLoader.findTemplateSource("Extent.ftl"): Found
2021-6-26 18:5:380 9157 DEBUG [TestNG-test=Lemonade Test Cases-4] (_Log4jLoggerFactory.java:freemarker.log._Log4jLoggerFactory$Log4jLogger.debug(_Log4jLoggerFactory.java:45)) - Loading template for "Extent.ftl"("en_US", UTF-8, parsed) from "jar:file:/C:/Users/SaranyaRamamoorthy/.m2/repository/com/relevantcodes/extentreports/2.41.2/extentreports-2.41.2.jar!/com/relevantcodes/extentreports/view/Extent.ftl"
2021-6-26 18:5:436 9213 INFO  [TestNG-test=Lemonade Test Cases-4] (ExtentManager.java:com.att.lemonade.utilities.ExtentManager.getTestKey(ExtentManager.java:104)) - Key=28[{attuid=JH175X, SICCode=, password=December@2019, ownerName=, svidName=, primaryCountry=, recordCount=No data found, priorYearTBRMaxValue=, successMessage=Wireline, SICDescription=, username=sr644a, nAICSDescription=, responseTime=No data found, DomSubAcct=3NBMQ7, SVID=, DUNSNumber=, primaryState=, primaryCity=, nAICSCode=, description=Field level Search with Attuid &Dom sub acct, globalSearch=, priorYearTBRMinValue=, runmode=Y}]
String valueN
]]></system-out>
  </testcase>
  <testcase name="TC04_SVIDS_Admin_Flow" classname="com.att.lemonade.testcases.TC04_SVIDS_Admin" time="0">
    <skipped message="Test Case[TC04_SVIDS_ADMIN_FLOW:data-row-29]==&gt;is disabled"/>
    <system-out><![CDATA[2021-6-26 18:5:500 9277 INFO  [TestNG-test=Lemonade Test Cases-1] (ExtentManager.java:com.att.lemonade.utilities.ExtentManager.getTestKey(ExtentManager.java:104)) - Key=30[{accountName=, SICCode=, password=December@2019, ownerName=, svidName=, recordCount=No data found, priorYearTBRMaxValue=, SICDescription=, successMessage=Wireline, username=sr644a, nAICSDescription=, FNIndicator=, responseTime=No data found, SVID=U36FMD, primaryState=, percentageFiber=, primaryCity=, primaryPhone=, fiberEligible=, accountStatus=, nAICSCode=, description=Global search, globalSearch=, priorYearTBRMinValue=, primaryZip=, primaryStreet=, subAcctId=, runmode=Y, NoOfOpptys=}]
2021-6-26 18:5:500 9277 DEBUG [TestNG-test=Lemonade Test Cases-5] (_Log4jLoggerFactory.java:freemarker.log._Log4jLoggerFactory$Log4jLogger.debug(_Log4jLoggerFactory.java:45)) - Couldn't find template in cache for "Extent.ftl"("en_US", UTF-8, parsed); will try to load it.
2021-6-26 18:5:503 9280 DEBUG [TestNG-test=Lemonade Test Cases-5] (_Log4jLoggerFactory.java:freemarker.log._Log4jLoggerFactory$Log4jLogger.debug(_Log4jLoggerFactory.java:45)) - TemplateLoader.findTemplateSource("Extent_en_US.ftl"): Not found
2021-6-26 18:5:505 9282 DEBUG [TestNG-test=Lemonade Test Cases-5] (_Log4jLoggerFactory.java:freemarker.log._Log4jLoggerFactory$Log4jLogger.debug(_Log4jLoggerFactory.java:45)) - TemplateLoader.findTemplateSource("Extent_en.ftl"): Not found
2021-6-26 18:5:505 9282 DEBUG [TestNG-test=Lemonade Test Cases-5] (_Log4jLoggerFactory.java:freemarker.log._Log4jLoggerFactory$Log4jLogger.debug(_Log4jLoggerFactory.java:45)) - TemplateLoader.findTemplateSource("Extent.ftl"): Found
2021-6-26 18:5:506 9283 DEBUG [TestNG-test=Lemonade Test Cases-5] (_Log4jLoggerFactory.java:freemarker.log._Log4jLoggerFactory$Log4jLogger.debug(_Log4jLoggerFactory.java:45)) - Loading template for "Extent.ftl"("en_US", UTF-8, parsed) from "jar:file:/C:/Users/SaranyaRamamoorthy/.m2/repository/com/relevantcodes/extentreports/2.41.2/extentreports-2.41.2.jar!/com/relevantcodes/extentreports/view/Extent.ftl"
2021-6-26 18:5:507 9284 INFO  [TestNG-test=Lemonade Test Cases-4] (ExtentManager.java:com.att.lemonade.utilities.ExtentManager.getTestKey(ExtentManager.java:104)) - Key=29[{attuid=, SICCode=, password=December@2019, ownerName=Charles, svidName=, primaryCountry=, recordCount=310 records, priorYearTBRMaxValue=, successMessage=Wireline, SICDescription=, username=sr644a, nAICSDescription=, responseTime=412 Milliseconds, DomSubAcct=, SVID=, DUNSNumber=, primaryState=, primaryCity=, nAICSCode=, description=Field level Search with Owner Name, globalSearch=, priorYearTBRMinValue=, runmode=Y}]
String valueN
2021-6-26 18:5:551 9328 DEBUG [TestNG-test=Lemonade Test Cases-1] (_Log4jLoggerFactory.java:freemarker.log._Log4jLoggerFactory$Log4jLogger.debug(_Log4jLoggerFactory.java:45)) - Couldn't find template in cache for "Extent.ftl"("en_US", UTF-8, parsed); will try to load it.
]]></system-out>
  </testcase>
  <testcase name="TC04_SVIDS_Admin_Flow" classname="com.att.lemonade.testcases.TC04_SVIDS_Admin" time="0">
    <skipped message="Test Case[TC04_SVIDS_ADMIN_FLOW:data-row-30]==&gt;is disabled"/>
    <system-out><![CDATA[2021-6-26 18:5:852 9629 INFO  [TestNG-test=Lemonade Test Cases-1] (ExtentManager.java:com.att.lemonade.utilities.ExtentManager.getTestKey(ExtentManager.java:104)) - Key=31[{accountName=, SICCode=, password=December@2020, ownerName=, svidName=, recordCount=No data found, priorYearTBRMaxValue=, SICDescription=, successMessage=Wireline, username=sr644a, nAICSDescription=, FNIndicator=, responseTime=No data found, SVID=U23923, primaryState=, percentageFiber=, primaryCity=, primaryPhone=, fiberEligible=, accountStatus=, nAICSCode=, description=Global search, globalSearch=, priorYearTBRMinValue=, primaryZip=, primaryStreet=, subAcctId=, runmode=Y, NoOfOpptys=}]
2021-6-26 18:5:855 9632 DEBUG [TestNG-test=Lemonade Test Cases-1] (_Log4jLoggerFactory.java:freemarker.log._Log4jLoggerFactory$Log4jLogger.debug(_Log4jLoggerFactory.java:45)) - Couldn't find template in cache for "Extent.ftl"("en_US", UTF-8, parsed); will try to load it.
String valueN
]]></system-out>
  </testcase>
  <testcase name="TC04_SVIDS_Admin_Flow" classname="com.att.lemonade.testcases.TC04_SVIDS_Admin" time="0">
    <skipped message="Test Case[TC04_SVIDS_ADMIN_FLOW:data-row-31]==&gt;is disabled"/>
    <system-out><![CDATA[2021-6-26 18:5:983 9760 INFO  [TestNG-test=Lemonade Test Cases-1] (ExtentManager.java:com.att.lemonade.utilities.ExtentManager.getTestKey(ExtentManager.java:104)) - Key=32[{accountName=, SICCode=, password=December@2021, ownerName=LESLIE, svidName=, recordCount=No data found, priorYearTBRMaxValue=, SICDescription=, successMessage=Wireline, username=sr644a, nAICSDescription=, FNIndicator=, responseTime=No data found, SVID=, primaryState=, percentageFiber=, primaryCity=, primaryPhone=, fiberEligible=, accountStatus=, nAICSCode=, description=Global search, globalSearch=, priorYearTBRMinValue=, primaryZip=, primaryStreet=, subAcctId=, runmode=Y, NoOfOpptys=}]
2021-6-26 18:5:984 9761 DEBUG [TestNG-test=Lemonade Test Cases-6] (_Log4jLoggerFactory.java:freemarker.log._Log4jLoggerFactory$Log4jLogger.debug(_Log4jLoggerFactory.java:45)) - Couldn't find template in cache for "Extent.ftl"("en_US", UTF-8, parsed); will try to load it.
2021-6-26 18:5:986 9763 DEBUG [TestNG-test=Lemonade Test Cases-6] (_Log4jLoggerFactory.java:freemarker.log._Log4jLoggerFactory$Log4jLogger.debug(_Log4jLoggerFactory.java:45)) - TemplateLoader.findTemplateSource("Extent_en_US.ftl"): Not found
2021-6-26 18:5:986 9763 INFO  [TestNG-test=Lemonade Test Cases-4] (ExtentManager.java:com.att.lemonade.utilities.ExtentManager.getTestKey(ExtentManager.java:104)) - Key=31[{attuid=HR3919, SICCode=, password=December@2019, ownerName=JOHN KIRKER, svidName=, primaryCountry=, recordCount=No data found, priorYearTBRMaxValue=, successMessage=Wireline, SICDescription=, username=sr644a, nAICSDescription=, responseTime=No data found, DomSubAcct=, SVID=, DUNSNumber=, primaryState=, primaryCity=, nAICSCode=, description=Field level Search with Attuid &Owner Name, globalSearch=, priorYearTBRMinValue=, runmode=Y}]
2021-6-26 18:5:987 9764 DEBUG [TestNG-test=Lemonade Test Cases-6] (_Log4jLoggerFactory.java:freemarker.log._Log4jLoggerFactory$Log4jLogger.debug(_Log4jLoggerFactory.java:45)) - TemplateLoader.findTemplateSource("Extent_en.ftl"): Not found
2021-6-26 18:5:988 9765 DEBUG [TestNG-test=Lemonade Test Cases-6] (_Log4jLoggerFactory.java:freemarker.log._Log4jLoggerFactory$Log4jLogger.debug(_Log4jLoggerFactory.java:45)) - TemplateLoader.findTemplateSource("Extent.ftl"): Found
2021-6-26 18:5:988 9765 DEBUG [TestNG-test=Lemonade Test Cases-6] (_Log4jLoggerFactory.java:freemarker.log._Log4jLoggerFactory$Log4jLogger.debug(_Log4jLoggerFactory.java:45)) - Loading template for "Extent.ftl"("en_US", UTF-8, parsed) from "jar:file:/C:/Users/SaranyaRamamoorthy/.m2/repository/com/relevantcodes/extentreports/2.41.2/extentreports-2.41.2.jar!/com/relevantcodes/extentreports/view/Extent.ftl"
String valueN
]]></system-out>
  </testcase>
  <testcase name="TC04_SVIDS_Admin_Flow" classname="com.att.lemonade.testcases.TC04_SVIDS_Admin" time="0">
    <skipped message="Test Case[TC04_SVIDS_ADMIN_FLOW:data-row-32]==&gt;is disabled"/>
  </testcase>
  <testcase name="TC04_SVIDS_Admin_Flow" classname="com.att.lemonade.testcases.TC04_SVIDS_Admin" time="0">
    <skipped message="Test Case[TC04_SVIDS_ADMIN_FLOW:data-row-33]==&gt;is disabled"/>
    <system-out><![CDATA[2021-6-26 18:5:526 10303 INFO  [TestNG-test=Lemonade Test Cases-6] (ExtentManager.java:com.att.lemonade.utilities.ExtentManager.getTestKey(ExtentManager.java:104)) - Key=28[{attuid=, accountName=, firstName=, password=December@2042, svidName=, primaryCountry=, recordCount=400 records, columnDisplayVisible=, successMessage=Wireline, username=sr644a, responseTime=483 Milliseconds, filterOnEmailAndPhone=, SVID=, primaryState=WA, primaryCity=, primaryPhone=, lastName=, managementLevel=, description=FieldSearch, department=, globalSearch=, primaryZip=, subAcctId=, runmode=Y, title=}]
2021-6-26 18:5:526 10303 INFO  [TestNG-test=Lemonade Test Cases-1] (ExtentManager.java:com.att.lemonade.utilities.ExtentManager.getTestKey(ExtentManager.java:104)) - Key=34[{accountName=, SICCode=, password=December@2023, ownerName=, svidName=, recordCount=35 records, priorYearTBRMaxValue=, SICDescription=, successMessage=Wireline, username=sr644a, nAICSDescription=, FNIndicator=, responseTime=427 Milliseconds, SVID=, primaryState=, percentageFiber=50.0, primaryCity=, primaryPhone=, fiberEligible=, accountStatus=, nAICSCode=, description=Global search, globalSearch=, priorYearTBRMinValue=, primaryZip=, primaryStreet=, subAcctId=, runmode=Y, NoOfOpptys=}]
2021-6-26 18:5:527 10304 DEBUG [TestNG-test=Lemonade Test Cases-6] (_Log4jLoggerFactory.java:freemarker.log._Log4jLoggerFactory$Log4jLogger.debug(_Log4jLoggerFactory.java:45)) - Couldn't find template in cache for "Extent.ftl"("en_US", UTF-8, parsed); will try to load it.
2021-6-26 18:5:527 10304 DEBUG [TestNG-test=Lemonade Test Cases-6] (_Log4jLoggerFactory.java:freemarker.log._Log4jLoggerFactory$Log4jLogger.debug(_Log4jLoggerFactory.java:45)) - TemplateLoader.findTemplateSource("Extent_en_US.ftl"): Not found
2021-6-26 18:5:528 10305 DEBUG [TestNG-test=Lemonade Test Cases-6] (_Log4jLoggerFactory.java:freemarker.log._Log4jLoggerFactory$Log4jLogger.debug(_Log4jLoggerFactory.java:45)) - TemplateLoader.findTemplateSource("Extent_en.ftl"): Not found
2021-6-26 18:5:528 10305 INFO  [TestNG-test=Lemonade Test Cases-4] (ExtentManager.java:com.att.lemonade.utilities.ExtentManager.getTestKey(ExtentManager.java:104)) - Key=33[{attuid=, SICCode=, password=December@2019, ownerName=, svidName=, primaryCountry=, recordCount=400 records, priorYearTBRMaxValue=, successMessage=Wireline, SICDescription=Educational, username=sr644a, nAICSDescription=, responseTime=560 Milliseconds, DomSubAcct=, SVID=, DUNSNumber=, primaryState=, primaryCity=, nAICSCode=, description=Field level Search with SIC Description, globalSearch=, priorYearTBRMinValue=, runmode=Y}]
2021-6-26 18:5:529 10306 DEBUG [TestNG-test=Lemonade Test Cases-6] (_Log4jLoggerFactory.java:freemarker.log._Log4jLoggerFactory$Log4jLogger.debug(_Log4jLoggerFactory.java:45)) - TemplateLoader.findTemplateSource("Extent.ftl"): Found
2021-6-26 18:5:529 10306 DEBUG [TestNG-test=Lemonade Test Cases-6] (_Log4jLoggerFactory.java:freemarker.log._Log4jLoggerFactory$Log4jLogger.debug(_Log4jLoggerFactory.java:45)) - Loading template for "Extent.ftl"("en_US", UTF-8, parsed) from "jar:file:/C:/Users/SaranyaRamamoorthy/.m2/repository/com/relevantcodes/extentreports/2.41.2/extentreports-2.41.2.jar!/com/relevantcodes/extentreports/view/Extent.ftl"
String valueN
]]></system-out>
  </testcase>
  <testcase name="TC04_SVIDS_Admin_Flow" classname="com.att.lemonade.testcases.TC04_SVIDS_Admin" time="0">
    <skipped message="Test Case[TC04_SVIDS_ADMIN_FLOW:data-row-34]==&gt;is disabled"/>
  </testcase>
  <testcase name="TC04_SVIDS_Admin_Flow" classname="com.att.lemonade.testcases.TC04_SVIDS_Admin" time="0">
    <skipped message="Test Case[TC04_SVIDS_ADMIN_FLOW:data-row-35]==&gt;is disabled"/>
    <system-out><![CDATA[2021-6-26 18:5:62 10839 DEBUG [TestNG-test=Lemonade Test Cases-6] (_Log4jLoggerFactory.java:freemarker.log._Log4jLoggerFactory$Log4jLogger.debug(_Log4jLoggerFactory.java:45)) - Couldn't find template in cache for "Extent.ftl"("en_US", UTF-8, parsed); will try to load it.
2021-6-26 18:5:62 10839 INFO  [TestNG-test=Lemonade Test Cases-1] (ExtentManager.java:com.att.lemonade.utilities.ExtentManager.getTestKey(ExtentManager.java:104)) - Key=37[{accountName=, SICCode=, password=December@2026, ownerName=, svidName=, recordCount=400 records, priorYearTBRMaxValue=, SICDescription=, successMessage=Wireline, username=sr644a, nAICSDescription=, FNIndicator=, responseTime=624 Milliseconds, SVID=, primaryState=, percentageFiber=, primaryCity=, primaryPhone=, fiberEligible=Yes, accountStatus=, nAICSCode=, description=Global search, globalSearch=, priorYearTBRMinValue=, primaryZip=, primaryStreet=, subAcctId=, runmode=Y, NoOfOpptys=}]
2021-6-26 18:5:63 10840 DEBUG [TestNG-test=Lemonade Test Cases-6] (_Log4jLoggerFactory.java:freemarker.log._Log4jLoggerFactory$Log4jLogger.debug(_Log4jLoggerFactory.java:45)) - TemplateLoader.findTemplateSource("Extent_en_US.ftl"): Not found
2021-6-26 18:5:63 10840 INFO  [TestNG-test=Lemonade Test Cases-4] (ExtentManager.java:com.att.lemonade.utilities.ExtentManager.getTestKey(ExtentManager.java:104)) - Key=35[{attuid=HR3919, SICCode=, password=December@2019, ownerName=, svidName=, primaryCountry=, recordCount=No data found, priorYearTBRMaxValue=, successMessage=Wireline, SICDescription= Security, username=sr644a, nAICSDescription=, responseTime=No data found, DomSubAcct=, SVID=, DUNSNumber=, primaryState=, primaryCity=, nAICSCode=, description=Field level Search with ATTUID & SIC Description, globalSearch=, priorYearTBRMinValue=, runmode=Y}]
2021-6-26 18:5:63 10840 DEBUG [TestNG-test=Lemonade Test Cases-6] (_Log4jLoggerFactory.java:freemarker.log._Log4jLoggerFactory$Log4jLogger.debug(_Log4jLoggerFactory.java:45)) - TemplateLoader.findTemplateSource("Extent_en.ftl"): Not found
2021-6-26 18:5:64 10841 DEBUG [TestNG-test=Lemonade Test Cases-6] (_Log4jLoggerFactory.java:freemarker.log._Log4jLoggerFactory$Log4jLogger.debug(_Log4jLoggerFactory.java:45)) - TemplateLoader.findTemplateSource("Extent.ftl"): Found
2021-6-26 18:5:64 10841 DEBUG [TestNG-test=Lemonade Test Cases-6] (_Log4jLoggerFactory.java:freemarker.log._Log4jLoggerFactory$Log4jLogger.debug(_Log4jLoggerFactory.java:45)) - Loading template for "Extent.ftl"("en_US", UTF-8, parsed) from "jar:file:/C:/Users/SaranyaRamamoorthy/.m2/repository/com/relevantcodes/extentreports/2.41.2/extentreports-2.41.2.jar!/com/relevantcodes/extentreports/view/Extent.ftl"
String valueN
2021-6-26 18:5:137 10914 DEBUG [TestNG-test=Lemonade Test Cases-1] (_Log4jLoggerFactory.java:freemarker.log._Log4jLoggerFactory$Log4jLogger.debug(_Log4jLoggerFactory.java:45)) - Couldn't find template in cache for "Extent.ftl"("en_US", UTF-8, parsed); will try to load it.
]]></system-out>
  </testcase>
  <testcase name="TC04_SVIDS_Admin_Flow" classname="com.att.lemonade.testcases.TC04_SVIDS_Admin" time="0">
    <skipped message="Test Case[TC04_SVIDS_ADMIN_FLOW:data-row-36]==&gt;is disabled"/>
    <system-out><![CDATA[2021-6-26 18:5:360 11137 INFO  [TestNG-test=Lemonade Test Cases-1] (ExtentManager.java:com.att.lemonade.utilities.ExtentManager.getTestKey(ExtentManager.java:104)) - Key=38[{accountName=, SICCode=, password=December@2027, ownerName=, svidName=, recordCount=400 records, priorYearTBRMaxValue=, SICDescription=, successMessage=Wireline, username=sr644a, nAICSDescription=, FNIndicator=, responseTime=532 Milliseconds, SVID=, primaryState=, percentageFiber=, primaryCity=, primaryPhone=, fiberEligible=No, accountStatus=, nAICSCode=, description=Global search, globalSearch=, priorYearTBRMinValue=, primaryZip=, primaryStreet=, subAcctId=, runmode=Y, NoOfOpptys=}]
2021-6-26 18:5:361 11138 DEBUG [TestNG-test=Lemonade Test Cases-1] (_Log4jLoggerFactory.java:freemarker.log._Log4jLoggerFactory$Log4jLogger.debug(_Log4jLoggerFactory.java:45)) - Couldn't find template in cache for "Extent.ftl"("en_US", UTF-8, parsed); will try to load it.
2021-6-26 18:5:361 11138 DEBUG [TestNG-test=Lemonade Test Cases-1] (_Log4jLoggerFactory.java:freemarker.log._Log4jLoggerFactory$Log4jLogger.debug(_Log4jLoggerFactory.java:45)) - TemplateLoader.findTemplateSource("Extent_en_US.ftl"): Not found
2021-6-26 18:5:362 11139 DEBUG [TestNG-test=Lemonade Test Cases-1] (_Log4jLoggerFactory.java:freemarker.log._Log4jLoggerFactory$Log4jLogger.debug(_Log4jLoggerFactory.java:45)) - TemplateLoader.findTemplateSource("Extent_en.ftl"): Not found
2021-6-26 18:5:363 11140 DEBUG [TestNG-test=Lemonade Test Cases-1] (_Log4jLoggerFactory.java:freemarker.log._Log4jLoggerFactory$Log4jLogger.debug(_Log4jLoggerFactory.java:45)) - TemplateLoader.findTemplateSource("Extent.ftl"): Found
2021-6-26 18:5:364 11141 DEBUG [TestNG-test=Lemonade Test Cases-1] (_Log4jLoggerFactory.java:freemarker.log._Log4jLoggerFactory$Log4jLogger.debug(_Log4jLoggerFactory.java:45)) - Loading template for "Extent.ftl"("en_US", UTF-8, parsed) from "jar:file:/C:/Users/SaranyaRamamoorthy/.m2/repository/com/relevantcodes/extentreports/2.41.2/extentreports-2.41.2.jar!/com/relevantcodes/extentreports/view/Extent.ftl"
2021-6-26 18:5:364 11141 INFO  [TestNG-test=Lemonade Test Cases-4] (ExtentManager.java:com.att.lemonade.utilities.ExtentManager.getTestKey(ExtentManager.java:104)) - Key=36[{attuid=HR3919, SICCode=, password=December@2019, ownerName=, svidName=, primaryCountry=, recordCount=No data found, priorYearTBRMaxValue=, successMessage=Wireline, SICDescription=National , username=sr644a, nAICSDescription=, responseTime=No data found, DomSubAcct=, SVID=, DUNSNumber=, primaryState=, primaryCity=, nAICSCode=, description=Field level Search with ATTUID & SIC Description, globalSearch=, priorYearTBRMinValue=, runmode=Y}]
String valueN
]]></system-out>
  </testcase>
  <testcase name="TC04_SVIDS_Admin_Flow" classname="com.att.lemonade.testcases.TC04_SVIDS_Admin" time="0">
    <skipped message="Test Case[TC04_SVIDS_ADMIN_FLOW:data-row-37]==&gt;is disabled"/>
    <system-out><![CDATA[2021-6-26 18:5:492 11269 INFO  [TestNG-test=Lemonade Test Cases-1] (ExtentManager.java:com.att.lemonade.utilities.ExtentManager.getTestKey(ExtentManager.java:104)) - Key=39[{accountName=, SICCode=, password=December@2028, ownerName=, svidName=, recordCount=No data found, priorYearTBRMaxValue=, SICDescription=, successMessage=Wireline, username=sr644a, nAICSDescription=, FNIndicator=Active, responseTime=No data found, SVID=, primaryState=, percentageFiber=, primaryCity=, primaryPhone=, fiberEligible=, accountStatus=, nAICSCode=, description=Global search, globalSearch=, priorYearTBRMinValue=, primaryZip=, primaryStreet=, subAcctId=, runmode=Y, NoOfOpptys=}]
2021-6-26 18:5:493 11270 DEBUG [TestNG-test=Lemonade Test Cases-1] (_Log4jLoggerFactory.java:freemarker.log._Log4jLoggerFactory$Log4jLogger.debug(_Log4jLoggerFactory.java:45)) - Couldn't find template in cache for "Extent.ftl"("en_US", UTF-8, parsed); will try to load it.
2021-6-26 18:5:493 11270 INFO  [TestNG-test=Lemonade Test Cases-4] (ExtentManager.java:com.att.lemonade.utilities.ExtentManager.getTestKey(ExtentManager.java:104)) - Key=37[{attuid=, SICCode=7231.0, password=December@2019, ownerName=, svidName=, primaryCountry=, recordCount=400 records, priorYearTBRMaxValue=, successMessage=Wireline, SICDescription=, username=sr644a, nAICSDescription=, responseTime=513 Milliseconds, DomSubAcct=, SVID=, DUNSNumber=, primaryState=, primaryCity=, nAICSCode=, description=Field level Search with SIC Code, globalSearch=, priorYearTBRMinValue=, runmode=Y}]
2021-6-26 18:5:494 11271 DEBUG [TestNG-test=Lemonade Test Cases-1] (_Log4jLoggerFactory.java:freemarker.log._Log4jLoggerFactory$Log4jLogger.debug(_Log4jLoggerFactory.java:45)) - TemplateLoader.findTemplateSource("Extent_en_US.ftl"): Not found
2021-6-26 18:5:495 11272 DEBUG [TestNG-test=Lemonade Test Cases-1] (_Log4jLoggerFactory.java:freemarker.log._Log4jLoggerFactory$Log4jLogger.debug(_Log4jLoggerFactory.java:45)) - TemplateLoader.findTemplateSource("Extent_en.ftl"): Not found
2021-6-26 18:5:495 11272 DEBUG [TestNG-test=Lemonade Test Cases-1] (_Log4jLoggerFactory.java:freemarker.log._Log4jLoggerFactory$Log4jLogger.debug(_Log4jLoggerFactory.java:45)) - TemplateLoader.findTemplateSource("Extent.ftl"): Found
2021-6-26 18:5:495 11272 DEBUG [TestNG-test=Lemonade Test Cases-1] (_Log4jLoggerFactory.java:freemarker.log._Log4jLoggerFactory$Log4jLogger.debug(_Log4jLoggerFactory.java:45)) - Loading template for "Extent.ftl"("en_US", UTF-8, parsed) from "jar:file:/C:/Users/SaranyaRamamoorthy/.m2/repository/com/relevantcodes/extentreports/2.41.2/extentreports-2.41.2.jar!/com/relevantcodes/extentreports/view/Extent.ftl"
String valueN
]]></system-out>
  </testcase>
  <testcase name="TC04_SVIDS_Admin_Flow" classname="com.att.lemonade.testcases.TC04_SVIDS_Admin" time="0">
    <skipped message="Test Case[TC04_SVIDS_ADMIN_FLOW:data-row-38]==&gt;is disabled"/>
    <system-out><![CDATA[2021-6-26 18:5:622 11399 INFO  [TestNG-test=Lemonade Test Cases-1] (ExtentManager.java:com.att.lemonade.utilities.ExtentManager.getTestKey(ExtentManager.java:104)) - Key=40[{accountName=, SICCode=, password=December@2029, ownerName=, svidName=, recordCount=No data found, priorYearTBRMaxValue=, SICDescription=, successMessage=Wireline, username=sr644a, nAICSDescription=, FNIndicator=Eligible, responseTime=No data found, SVID=, primaryState=, percentageFiber=, primaryCity=, primaryPhone=, fiberEligible=, accountStatus=, nAICSCode=, description=Global search, globalSearch=, priorYearTBRMinValue=, primaryZip=, primaryStreet=, subAcctId=, runmode=Y, NoOfOpptys=}]
2021-6-26 18:5:623 11400 DEBUG [TestNG-test=Lemonade Test Cases-1] (_Log4jLoggerFactory.java:freemarker.log._Log4jLoggerFactory$Log4jLogger.debug(_Log4jLoggerFactory.java:45)) - Couldn't find template in cache for "Extent.ftl"("en_US", UTF-8, parsed); will try to load it.
2021-6-26 18:5:625 11402 DEBUG [TestNG-test=Lemonade Test Cases-1] (_Log4jLoggerFactory.java:freemarker.log._Log4jLoggerFactory$Log4jLogger.debug(_Log4jLoggerFactory.java:45)) - TemplateLoader.findTemplateSource("Extent_en_US.ftl"): Not found
2021-6-26 18:5:626 11403 INFO  [TestNG-test=Lemonade Test Cases-4] (ExtentManager.java:com.att.lemonade.utilities.ExtentManager.getTestKey(ExtentManager.java:104)) - Key=38[{attuid=, SICCode=4212.0, password=December@2019, ownerName=, svidName=, primaryCountry=, recordCount=400 records, priorYearTBRMaxValue=, successMessage=Wireline, SICDescription=, username=sr644a, nAICSDescription=, responseTime=508 Milliseconds, DomSubAcct=, SVID=, DUNSNumber=, primaryState=, primaryCity=, nAICSCode=, description=Field level Search with SIC Code, globalSearch=, priorYearTBRMinValue=, runmode=Y}]
2021-6-26 18:5:626 11403 DEBUG [TestNG-test=Lemonade Test Cases-1] (_Log4jLoggerFactory.java:freemarker.log._Log4jLoggerFactory$Log4jLogger.debug(_Log4jLoggerFactory.java:45)) - TemplateLoader.findTemplateSource("Extent_en.ftl"): Not found
2021-6-26 18:5:627 11404 DEBUG [TestNG-test=Lemonade Test Cases-1] (_Log4jLoggerFactory.java:freemarker.log._Log4jLoggerFactory$Log4jLogger.debug(_Log4jLoggerFactory.java:45)) - TemplateLoader.findTemplateSource("Extent.ftl"): Found
2021-6-26 18:5:628 11405 DEBUG [TestNG-test=Lemonade Test Cases-1] (_Log4jLoggerFactory.java:freemarker.log._Log4jLoggerFactory$Log4jLogger.debug(_Log4jLoggerFactory.java:45)) - Loading template for "Extent.ftl"("en_US", UTF-8, parsed) from "jar:file:/C:/Users/SaranyaRamamoorthy/.m2/repository/com/relevantcodes/extentreports/2.41.2/extentreports-2.41.2.jar!/com/relevantcodes/extentreports/view/Extent.ftl"
String valueN
]]></system-out>
  </testcase>
  <testcase name="TC04_SVIDS_Admin_Flow" classname="com.att.lemonade.testcases.TC04_SVIDS_Admin" time="0">
    <skipped message="Test Case[TC04_SVIDS_ADMIN_FLOW:data-row-39]==&gt;is disabled"/>
    <system-out><![CDATA[2021-6-26 18:5:812 11589 INFO  [TestNG-test=Lemonade Test Cases-1] (ExtentManager.java:com.att.lemonade.utilities.ExtentManager.getTestKey(ExtentManager.java:104)) - Key=42[{accountName=, SICCode=, password=December@2031, ownerName=, svidName=, recordCount=38 records, priorYearTBRMaxValue=, SICDescription=, successMessage=Wireline, username=sr644a, nAICSDescription=, FNIndicator=, responseTime=428 Milliseconds, SVID=, primaryState=, percentageFiber=, primaryCity=, primaryPhone=, fiberEligible=, accountStatus=, nAICSCode=Mgmt. of Companies & Enterprises, description=Global search, globalSearch=, priorYearTBRMinValue=, primaryZip=, primaryStreet=, subAcctId=, runmode=Y, NoOfOpptys=}]
2021-6-26 18:5:812 11589 INFO  [TestNG-test=Lemonade Test Cases-4] (ExtentManager.java:com.att.lemonade.utilities.ExtentManager.getTestKey(ExtentManager.java:104)) - Key=39[{attuid=, SICCode=6513.0, password=December@2019, ownerName=, svidName=, primaryCountry=, recordCount=400 records, priorYearTBRMaxValue=, successMessage=Wireline, SICDescription=, username=sr644a, nAICSDescription=, responseTime=499 Milliseconds, DomSubAcct=, SVID=, DUNSNumber=, primaryState=, primaryCity=, nAICSCode=, description=Field level Search with SIC Code, globalSearch=, priorYearTBRMinValue=, runmode=Y}]
2021-6-26 18:5:812 11589 DEBUG [TestNG-test=Lemonade Test Cases-1] (_Log4jLoggerFactory.java:freemarker.log._Log4jLoggerFactory$Log4jLogger.debug(_Log4jLoggerFactory.java:45)) - Couldn't find template in cache for "Extent.ftl"("en_US", UTF-8, parsed); will try to load it.
2021-6-26 18:5:813 11590 DEBUG [TestNG-test=Lemonade Test Cases-1] (_Log4jLoggerFactory.java:freemarker.log._Log4jLoggerFactory$Log4jLogger.debug(_Log4jLoggerFactory.java:45)) - TemplateLoader.findTemplateSource("Extent_en_US.ftl"): Not found
2021-6-26 18:5:814 11591 DEBUG [TestNG-test=Lemonade Test Cases-1] (_Log4jLoggerFactory.java:freemarker.log._Log4jLoggerFactory$Log4jLogger.debug(_Log4jLoggerFactory.java:45)) - TemplateLoader.findTemplateSource("Extent_en.ftl"): Not found
2021-6-26 18:5:814 11591 DEBUG [TestNG-test=Lemonade Test Cases-1] (_Log4jLoggerFactory.java:freemarker.log._Log4jLoggerFactory$Log4jLogger.debug(_Log4jLoggerFactory.java:45)) - TemplateLoader.findTemplateSource("Extent.ftl"): Found
2021-6-26 18:5:815 11592 DEBUG [TestNG-test=Lemonade Test Cases-1] (_Log4jLoggerFactory.java:freemarker.log._Log4jLoggerFactory$Log4jLogger.debug(_Log4jLoggerFactory.java:45)) - Loading template for "Extent.ftl"("en_US", UTF-8, parsed) from "jar:file:/C:/Users/SaranyaRamamoorthy/.m2/repository/com/relevantcodes/extentreports/2.41.2/extentreports-2.41.2.jar!/com/relevantcodes/extentreports/view/Extent.ftl"
String valueN
]]></system-out>
  </testcase>
  <testcase name="TC04_SVIDS_Admin_Flow" classname="com.att.lemonade.testcases.TC04_SVIDS_Admin" time="0">
    <skipped message="Test Case[TC04_SVIDS_ADMIN_FLOW:data-row-40]==&gt;is disabled"/>
    <system-out><![CDATA[2021-6-26 18:5:13 11790 INFO  [TestNG-test=Lemonade Test Cases-1] (ExtentManager.java:com.att.lemonade.utilities.ExtentManager.getTestKey(ExtentManager.java:104)) - Key=43[{accountName=, SICCode=, password=December@2032, ownerName=, svidName=, recordCount=2 records, priorYearTBRMaxValue=, SICDescription=, successMessage=Wireline, username=sr644a, nAICSDescription=, FNIndicator=, responseTime=253 Milliseconds, SVID=, primaryState=, percentageFiber=, primaryCity=, primaryPhone=, fiberEligible=, accountStatus=, nAICSCode=Educational Services, description=Global search, globalSearch=, priorYearTBRMinValue=, primaryZip=, primaryStreet=, subAcctId=, runmode=Y, NoOfOpptys=}]
2021-6-26 18:5:14 11791 INFO  [TestNG-test=Lemonade Test Cases-4] (ExtentManager.java:com.att.lemonade.utilities.ExtentManager.getTestKey(ExtentManager.java:104)) - Key=40[{attuid=JC122B, SICCode=5047.0, password=December@2019, ownerName=, svidName=, primaryCountry=, recordCount=9 records, priorYearTBRMaxValue=, successMessage=Wireline, SICDescription=, username=sr644a, nAICSDescription=, responseTime=399 Milliseconds, DomSubAcct=, SVID=, DUNSNumber=, primaryState=, primaryCity=, nAICSCode=, description=Field level Search with ATTUID & SIC Code, globalSearch=, priorYearTBRMinValue=, runmode=Y}]
2021-6-26 18:5:19 11796 DEBUG [TestNG-test=Lemonade Test Cases-1] (_Log4jLoggerFactory.java:freemarker.log._Log4jLoggerFactory$Log4jLogger.debug(_Log4jLoggerFactory.java:45)) - Couldn't find template in cache for "Extent.ftl"("en_US", UTF-8, parsed); will try to load it.
2021-6-26 18:5:22 11799 DEBUG [TestNG-test=Lemonade Test Cases-1] (_Log4jLoggerFactory.java:freemarker.log._Log4jLoggerFactory$Log4jLogger.debug(_Log4jLoggerFactory.java:45)) - TemplateLoader.findTemplateSource("Extent_en_US.ftl"): Not found
2021-6-26 18:5:23 11800 DEBUG [TestNG-test=Lemonade Test Cases-1] (_Log4jLoggerFactory.java:freemarker.log._Log4jLoggerFactory$Log4jLogger.debug(_Log4jLoggerFactory.java:45)) - TemplateLoader.findTemplateSource("Extent_en.ftl"): Not found
2021-6-26 18:5:24 11801 DEBUG [TestNG-test=Lemonade Test Cases-1] (_Log4jLoggerFactory.java:freemarker.log._Log4jLoggerFactory$Log4jLogger.debug(_Log4jLoggerFactory.java:45)) - TemplateLoader.findTemplateSource("Extent.ftl"): Found
2021-6-26 18:5:25 11802 DEBUG [TestNG-test=Lemonade Test Cases-1] (_Log4jLoggerFactory.java:freemarker.log._Log4jLoggerFactory$Log4jLogger.debug(_Log4jLoggerFactory.java:45)) - Loading template for "Extent.ftl"("en_US", UTF-8, parsed) from "jar:file:/C:/Users/SaranyaRamamoorthy/.m2/repository/com/relevantcodes/extentreports/2.41.2/extentreports-2.41.2.jar!/com/relevantcodes/extentreports/view/Extent.ftl"
String valueN
]]></system-out>
  </testcase>
  <testcase name="TC04_SVIDS_Admin_Flow" classname="com.att.lemonade.testcases.TC04_SVIDS_Admin" time="0">
    <skipped message="Test Case[TC04_SVIDS_ADMIN_FLOW:data-row-41]==&gt;is disabled"/>
    <system-out><![CDATA[2021-6-26 18:5:128 11905 INFO  [TestNG-test=Lemonade Test Cases-4] (ExtentManager.java:com.att.lemonade.utilities.ExtentManager.getTestKey(ExtentManager.java:104)) - Key=40[{attuid=JC122B, SICCode=5047.0, password=December@2019, ownerName=, svidName=, primaryCountry=, recordCount=9 records, priorYearTBRMaxValue=, successMessage=Wireline, SICDescription=, username=sr644a, nAICSDescription=, responseTime=399 Milliseconds, DomSubAcct=, SVID=, DUNSNumber=, primaryState=, primaryCity=, nAICSCode=, description=Field level Search with ATTUID & SIC Code, globalSearch=, priorYearTBRMinValue=, runmode=Y}]
2021-6-26 18:5:129 11906 DEBUG [TestNG-test=Lemonade Test Cases-4] (_Log4jLoggerFactory.java:freemarker.log._Log4jLoggerFactory$Log4jLogger.debug(_Log4jLoggerFactory.java:45)) - Couldn't find template in cache for "Extent.ftl"("en_US", UTF-8, parsed); will try to load it.
2021-6-26 18:5:130 11907 DEBUG [TestNG-test=Lemonade Test Cases-4] (_Log4jLoggerFactory.java:freemarker.log._Log4jLoggerFactory$Log4jLogger.debug(_Log4jLoggerFactory.java:45)) - TemplateLoader.findTemplateSource("Extent_en_US.ftl"): Not found
2021-6-26 18:5:130 11907 DEBUG [TestNG-test=Lemonade Test Cases-4] (_Log4jLoggerFactory.java:freemarker.log._Log4jLoggerFactory$Log4jLogger.debug(_Log4jLoggerFactory.java:45)) - TemplateLoader.findTemplateSource("Extent_en.ftl"): Not found
2021-6-26 18:5:131 11908 DEBUG [TestNG-test=Lemonade Test Cases-4] (_Log4jLoggerFactory.java:freemarker.log._Log4jLoggerFactory$Log4jLogger.debug(_Log4jLoggerFactory.java:45)) - TemplateLoader.findTemplateSource("Extent.ftl"): Found
2021-6-26 18:5:137 11914 DEBUG [TestNG-test=Lemonade Test Cases-4] (_Log4jLoggerFactory.java:freemarker.log._Log4jLoggerFactory$Log4jLogger.debug(_Log4jLoggerFactory.java:45)) - Loading template for "Extent.ftl"("en_US", UTF-8, parsed) from "jar:file:/C:/Users/SaranyaRamamoorthy/.m2/repository/com/relevantcodes/extentreports/2.41.2/extentreports-2.41.2.jar!/com/relevantcodes/extentreports/view/Extent.ftl"
2021-6-26 18:5:215 11992 INFO  [TestNG-test=Lemonade Test Cases-4] (ExtentManager.java:com.att.lemonade.utilities.ExtentManager.getTestKey(ExtentManager.java:104)) - Key=41[{attuid=JC122B, SICCode=8361.0, password=December@2019, ownerName=, svidName=, primaryCountry=, recordCount=14 records, priorYearTBRMaxValue=, successMessage=Wireline, SICDescription=, username=sr644a, nAICSDescription=, responseTime=312 Milliseconds, DomSubAcct=, SVID=, DUNSNumber=, primaryState=, primaryCity=, nAICSCode=, description=Field level Search with ATTUID & SIC Code, globalSearch=, priorYearTBRMinValue=, runmode=Y}]
String valueN
]]></system-out>
  </testcase>
  <testcase name="TC04_SVIDS_Admin_Flow" classname="com.att.lemonade.testcases.TC04_SVIDS_Admin" time="0">
    <skipped message="Test Case[TC04_SVIDS_ADMIN_FLOW:data-row-42]==&gt;is disabled"/>
    <system-out><![CDATA[2021-6-26 18:5:220 11997 INFO  [TestNG-test=Lemonade Test Cases-4] (ExtentManager.java:com.att.lemonade.utilities.ExtentManager.getTestKey(ExtentManager.java:104)) - Key=41[{attuid=JC122B, SICCode=8361.0, password=December@2019, ownerName=, svidName=, primaryCountry=, recordCount=14 records, priorYearTBRMaxValue=, successMessage=Wireline, SICDescription=, username=sr644a, nAICSDescription=, responseTime=312 Milliseconds, DomSubAcct=, SVID=, DUNSNumber=, primaryState=, primaryCity=, nAICSCode=, description=Field level Search with ATTUID & SIC Code, globalSearch=, priorYearTBRMinValue=, runmode=Y}]
2021-6-26 18:5:223 12000 DEBUG [TestNG-test=Lemonade Test Cases-4] (_Log4jLoggerFactory.java:freemarker.log._Log4jLoggerFactory$Log4jLogger.debug(_Log4jLoggerFactory.java:45)) - Couldn't find template in cache for "Extent.ftl"("en_US", UTF-8, parsed); will try to load it.
2021-6-26 18:5:224 12001 DEBUG [TestNG-test=Lemonade Test Cases-4] (_Log4jLoggerFactory.java:freemarker.log._Log4jLoggerFactory$Log4jLogger.debug(_Log4jLoggerFactory.java:45)) - TemplateLoader.findTemplateSource("Extent_en_US.ftl"): Not found
2021-6-26 18:5:225 12002 DEBUG [TestNG-test=Lemonade Test Cases-4] (_Log4jLoggerFactory.java:freemarker.log._Log4jLoggerFactory$Log4jLogger.debug(_Log4jLoggerFactory.java:45)) - TemplateLoader.findTemplateSource("Extent_en.ftl"): Not found
2021-6-26 18:5:225 12002 DEBUG [TestNG-test=Lemonade Test Cases-4] (_Log4jLoggerFactory.java:freemarker.log._Log4jLoggerFactory$Log4jLogger.debug(_Log4jLoggerFactory.java:45)) - TemplateLoader.findTemplateSource("Extent.ftl"): Found
2021-6-26 18:5:225 12002 DEBUG [TestNG-test=Lemonade Test Cases-4] (_Log4jLoggerFactory.java:freemarker.log._Log4jLoggerFactory$Log4jLogger.debug(_Log4jLoggerFactory.java:45)) - Loading template for "Extent.ftl"("en_US", UTF-8, parsed) from "jar:file:/C:/Users/SaranyaRamamoorthy/.m2/repository/com/relevantcodes/extentreports/2.41.2/extentreports-2.41.2.jar!/com/relevantcodes/extentreports/view/Extent.ftl"
2021-6-26 18:5:278 12055 INFO  [TestNG-test=Lemonade Test Cases-4] (ExtentManager.java:com.att.lemonade.utilities.ExtentManager.getTestKey(ExtentManager.java:104)) - Key=42[{attuid=, SICCode=, password=December@2019, ownerName=, svidName=, primaryCountry=, recordCount=400 records, priorYearTBRMaxValue=, successMessage=Wireline, SICDescription=, username=sr644a, nAICSDescription=, responseTime=484 Milliseconds, DomSubAcct=, SVID=, DUNSNumber=, primaryState=, primaryCity=, nAICSCode=Professional, Scientific, Tech. Services, description=Field level Search with NAICS Category, globalSearch=, priorYearTBRMinValue=, runmode=Y}]
String valueN
]]></system-out>
  </testcase>
  <testcase name="TC04_SVIDS_Admin_Flow" classname="com.att.lemonade.testcases.TC04_SVIDS_Admin" time="0">
    <skipped message="Test Case[TC04_SVIDS_ADMIN_FLOW:data-row-43]==&gt;is disabled"/>
    <system-out><![CDATA[2021-6-26 18:5:280 12057 INFO  [TestNG-test=Lemonade Test Cases-4] (ExtentManager.java:com.att.lemonade.utilities.ExtentManager.getTestKey(ExtentManager.java:104)) - Key=42[{attuid=, SICCode=, password=December@2019, ownerName=, svidName=, primaryCountry=, recordCount=400 records, priorYearTBRMaxValue=, successMessage=Wireline, SICDescription=, username=sr644a, nAICSDescription=, responseTime=484 Milliseconds, DomSubAcct=, SVID=, DUNSNumber=, primaryState=, primaryCity=, nAICSCode=Professional, Scientific, Tech. Services, description=Field level Search with NAICS Category, globalSearch=, priorYearTBRMinValue=, runmode=Y}]
2021-6-26 18:5:282 12059 DEBUG [TestNG-test=Lemonade Test Cases-4] (_Log4jLoggerFactory.java:freemarker.log._Log4jLoggerFactory$Log4jLogger.debug(_Log4jLoggerFactory.java:45)) - Couldn't find template in cache for "Extent.ftl"("en_US", UTF-8, parsed); will try to load it.
2021-6-26 18:5:284 12061 DEBUG [TestNG-test=Lemonade Test Cases-4] (_Log4jLoggerFactory.java:freemarker.log._Log4jLoggerFactory$Log4jLogger.debug(_Log4jLoggerFactory.java:45)) - TemplateLoader.findTemplateSource("Extent_en_US.ftl"): Not found
2021-6-26 18:5:286 12063 DEBUG [TestNG-test=Lemonade Test Cases-4] (_Log4jLoggerFactory.java:freemarker.log._Log4jLoggerFactory$Log4jLogger.debug(_Log4jLoggerFactory.java:45)) - TemplateLoader.findTemplateSource("Extent_en.ftl"): Not found
2021-6-26 18:5:286 12063 DEBUG [TestNG-test=Lemonade Test Cases-4] (_Log4jLoggerFactory.java:freemarker.log._Log4jLoggerFactory$Log4jLogger.debug(_Log4jLoggerFactory.java:45)) - TemplateLoader.findTemplateSource("Extent.ftl"): Found
2021-6-26 18:5:288 12065 DEBUG [TestNG-test=Lemonade Test Cases-4] (_Log4jLoggerFactory.java:freemarker.log._Log4jLoggerFactory$Log4jLogger.debug(_Log4jLoggerFactory.java:45)) - Loading template for "Extent.ftl"("en_US", UTF-8, parsed) from "jar:file:/C:/Users/SaranyaRamamoorthy/.m2/repository/com/relevantcodes/extentreports/2.41.2/extentreports-2.41.2.jar!/com/relevantcodes/extentreports/view/Extent.ftl"
2021-6-26 18:5:351 12128 INFO  [TestNG-test=Lemonade Test Cases-4] (ExtentManager.java:com.att.lemonade.utilities.ExtentManager.getTestKey(ExtentManager.java:104)) - Key=43[{attuid=, SICCode=, password=December@2019, ownerName=, svidName=, primaryCountry=, recordCount=400 records, priorYearTBRMaxValue=, successMessage=Wireline, SICDescription=, username=sr644a, nAICSDescription=, responseTime=526 Milliseconds, DomSubAcct=, SVID=, DUNSNumber=, primaryState=, primaryCity=, nAICSCode=Information, description=Field level Search with NAICS Category, globalSearch=, priorYearTBRMinValue=, runmode=Y}]
String valueN
]]></system-out>
  </testcase>
  <testcase name="TC04_SVIDS_Admin_Flow" classname="com.att.lemonade.testcases.TC04_SVIDS_Admin" time="0">
    <skipped message="Test Case[TC04_SVIDS_ADMIN_FLOW:data-row-44]==&gt;is disabled"/>
    <system-out><![CDATA[2021-6-26 18:5:352 12129 INFO  [TestNG-test=Lemonade Test Cases-4] (ExtentManager.java:com.att.lemonade.utilities.ExtentManager.getTestKey(ExtentManager.java:104)) - Key=43[{attuid=, SICCode=, password=December@2019, ownerName=, svidName=, primaryCountry=, recordCount=400 records, priorYearTBRMaxValue=, successMessage=Wireline, SICDescription=, username=sr644a, nAICSDescription=, responseTime=526 Milliseconds, DomSubAcct=, SVID=, DUNSNumber=, primaryState=, primaryCity=, nAICSCode=Information, description=Field level Search with NAICS Category, globalSearch=, priorYearTBRMinValue=, runmode=Y}]
2021-6-26 18:5:352 12129 DEBUG [TestNG-test=Lemonade Test Cases-4] (_Log4jLoggerFactory.java:freemarker.log._Log4jLoggerFactory$Log4jLogger.debug(_Log4jLoggerFactory.java:45)) - Couldn't find template in cache for "Extent.ftl"("en_US", UTF-8, parsed); will try to load it.
2021-6-26 18:5:353 12130 DEBUG [TestNG-test=Lemonade Test Cases-4] (_Log4jLoggerFactory.java:freemarker.log._Log4jLoggerFactory$Log4jLogger.debug(_Log4jLoggerFactory.java:45)) - TemplateLoader.findTemplateSource("Extent_en_US.ftl"): Not found
2021-6-26 18:5:355 12132 DEBUG [TestNG-test=Lemonade Test Cases-4] (_Log4jLoggerFactory.java:freemarker.log._Log4jLoggerFactory$Log4jLogger.debug(_Log4jLoggerFactory.java:45)) - TemplateLoader.findTemplateSource("Extent_en.ftl"): Not found
2021-6-26 18:5:355 12132 DEBUG [TestNG-test=Lemonade Test Cases-4] (_Log4jLoggerFactory.java:freemarker.log._Log4jLoggerFactory$Log4jLogger.debug(_Log4jLoggerFactory.java:45)) - TemplateLoader.findTemplateSource("Extent.ftl"): Found
2021-6-26 18:5:356 12133 DEBUG [TestNG-test=Lemonade Test Cases-4] (_Log4jLoggerFactory.java:freemarker.log._Log4jLoggerFactory$Log4jLogger.debug(_Log4jLoggerFactory.java:45)) - Loading template for "Extent.ftl"("en_US", UTF-8, parsed) from "jar:file:/C:/Users/SaranyaRamamoorthy/.m2/repository/com/relevantcodes/extentreports/2.41.2/extentreports-2.41.2.jar!/com/relevantcodes/extentreports/view/Extent.ftl"
2021-6-26 18:5:425 12202 INFO  [TestNG-test=Lemonade Test Cases-4] (ExtentManager.java:com.att.lemonade.utilities.ExtentManager.getTestKey(ExtentManager.java:104)) - Key=44[{attuid=, SICCode=, password=December@2019, ownerName=, svidName=, primaryCountry=, recordCount=400 records, priorYearTBRMaxValue=, successMessage=Wireline, SICDescription=, username=sr644a, nAICSDescription=, responseTime=488 Milliseconds, DomSubAcct=, SVID=, DUNSNumber=, primaryState=, primaryCity=, nAICSCode=Mgmt. of Companies & Enterprises, description=Field level Search with NAICS Category, globalSearch=, priorYearTBRMinValue=, runmode=Y}]
String valueN
]]></system-out>
  </testcase>
  <testcase name="TC04_SVIDS_Admin_Flow" classname="com.att.lemonade.testcases.TC04_SVIDS_Admin" time="0">
    <skipped message="Test Case[TC04_SVIDS_ADMIN_FLOW:data-row-45]==&gt;is disabled"/>
    <system-out><![CDATA[2021-6-26 18:5:425 12202 INFO  [TestNG-test=Lemonade Test Cases-4] (ExtentManager.java:com.att.lemonade.utilities.ExtentManager.getTestKey(ExtentManager.java:104)) - Key=44[{attuid=, SICCode=, password=December@2019, ownerName=, svidName=, primaryCountry=, recordCount=400 records, priorYearTBRMaxValue=, successMessage=Wireline, SICDescription=, username=sr644a, nAICSDescription=, responseTime=488 Milliseconds, DomSubAcct=, SVID=, DUNSNumber=, primaryState=, primaryCity=, nAICSCode=Mgmt. of Companies & Enterprises, description=Field level Search with NAICS Category, globalSearch=, priorYearTBRMinValue=, runmode=Y}]
2021-6-26 18:5:426 12203 DEBUG [TestNG-test=Lemonade Test Cases-4] (_Log4jLoggerFactory.java:freemarker.log._Log4jLoggerFactory$Log4jLogger.debug(_Log4jLoggerFactory.java:45)) - Couldn't find template in cache for "Extent.ftl"("en_US", UTF-8, parsed); will try to load it.
2021-6-26 18:5:426 12203 DEBUG [TestNG-test=Lemonade Test Cases-4] (_Log4jLoggerFactory.java:freemarker.log._Log4jLoggerFactory$Log4jLogger.debug(_Log4jLoggerFactory.java:45)) - TemplateLoader.findTemplateSource("Extent_en_US.ftl"): Not found
2021-6-26 18:5:427 12204 DEBUG [TestNG-test=Lemonade Test Cases-4] (_Log4jLoggerFactory.java:freemarker.log._Log4jLoggerFactory$Log4jLogger.debug(_Log4jLoggerFactory.java:45)) - TemplateLoader.findTemplateSource("Extent_en.ftl"): Not found
2021-6-26 18:5:428 12205 DEBUG [TestNG-test=Lemonade Test Cases-4] (_Log4jLoggerFactory.java:freemarker.log._Log4jLoggerFactory$Log4jLogger.debug(_Log4jLoggerFactory.java:45)) - TemplateLoader.findTemplateSource("Extent.ftl"): Found
2021-6-26 18:5:428 12205 DEBUG [TestNG-test=Lemonade Test Cases-4] (_Log4jLoggerFactory.java:freemarker.log._Log4jLoggerFactory$Log4jLogger.debug(_Log4jLoggerFactory.java:45)) - Loading template for "Extent.ftl"("en_US", UTF-8, parsed) from "jar:file:/C:/Users/SaranyaRamamoorthy/.m2/repository/com/relevantcodes/extentreports/2.41.2/extentreports-2.41.2.jar!/com/relevantcodes/extentreports/view/Extent.ftl"
2021-6-26 18:5:500 12277 INFO  [TestNG-test=Lemonade Test Cases-4] (ExtentManager.java:com.att.lemonade.utilities.ExtentManager.getTestKey(ExtentManager.java:104)) - Key=45[{attuid=JC122B, SICCode=, password=December@2019, ownerName=, svidName=, primaryCountry=, recordCount=6 records, priorYearTBRMaxValue=, successMessage=Wireline, SICDescription=, username=sr644a, nAICSDescription=, responseTime=295 Milliseconds, DomSubAcct=, SVID=, DUNSNumber=, primaryState=, primaryCity=, nAICSCode=Educational Services, description=Field level Search with ATTUID & NAICS, globalSearch=, priorYearTBRMinValue=, runmode=Y}]
String valueN
]]></system-out>
  </testcase>
  <testcase name="TC04_SVIDS_Admin_Flow" classname="com.att.lemonade.testcases.TC04_SVIDS_Admin" time="0">
    <skipped message="Test Case[TC04_SVIDS_ADMIN_FLOW:data-row-46]==&gt;is disabled"/>
    <system-out><![CDATA[2021-6-26 18:5:502 12279 INFO  [TestNG-test=Lemonade Test Cases-4] (ExtentManager.java:com.att.lemonade.utilities.ExtentManager.getTestKey(ExtentManager.java:104)) - Key=45[{attuid=JC122B, SICCode=, password=December@2019, ownerName=, svidName=, primaryCountry=, recordCount=6 records, priorYearTBRMaxValue=, successMessage=Wireline, SICDescription=, username=sr644a, nAICSDescription=, responseTime=295 Milliseconds, DomSubAcct=, SVID=, DUNSNumber=, primaryState=, primaryCity=, nAICSCode=Educational Services, description=Field level Search with ATTUID & NAICS, globalSearch=, priorYearTBRMinValue=, runmode=Y}]
2021-6-26 18:5:503 12280 DEBUG [TestNG-test=Lemonade Test Cases-4] (_Log4jLoggerFactory.java:freemarker.log._Log4jLoggerFactory$Log4jLogger.debug(_Log4jLoggerFactory.java:45)) - Couldn't find template in cache for "Extent.ftl"("en_US", UTF-8, parsed); will try to load it.
2021-6-26 18:5:503 12280 DEBUG [TestNG-test=Lemonade Test Cases-4] (_Log4jLoggerFactory.java:freemarker.log._Log4jLoggerFactory$Log4jLogger.debug(_Log4jLoggerFactory.java:45)) - TemplateLoader.findTemplateSource("Extent_en_US.ftl"): Not found
2021-6-26 18:5:504 12281 DEBUG [TestNG-test=Lemonade Test Cases-4] (_Log4jLoggerFactory.java:freemarker.log._Log4jLoggerFactory$Log4jLogger.debug(_Log4jLoggerFactory.java:45)) - TemplateLoader.findTemplateSource("Extent_en.ftl"): Not found
2021-6-26 18:5:504 12281 DEBUG [TestNG-test=Lemonade Test Cases-4] (_Log4jLoggerFactory.java:freemarker.log._Log4jLoggerFactory$Log4jLogger.debug(_Log4jLoggerFactory.java:45)) - TemplateLoader.findTemplateSource("Extent.ftl"): Found
2021-6-26 18:5:505 12282 DEBUG [TestNG-test=Lemonade Test Cases-4] (_Log4jLoggerFactory.java:freemarker.log._Log4jLoggerFactory$Log4jLogger.debug(_Log4jLoggerFactory.java:45)) - Loading template for "Extent.ftl"("en_US", UTF-8, parsed) from "jar:file:/C:/Users/SaranyaRamamoorthy/.m2/repository/com/relevantcodes/extentreports/2.41.2/extentreports-2.41.2.jar!/com/relevantcodes/extentreports/view/Extent.ftl"
2021-6-26 18:5:578 12355 INFO  [TestNG-test=Lemonade Test Cases-4] (ExtentManager.java:com.att.lemonade.utilities.ExtentManager.getTestKey(ExtentManager.java:104)) - Key=46[{attuid=JC122B, SICCode=, password=December@2019, ownerName=, svidName=, primaryCountry=, recordCount=400 records, priorYearTBRMaxValue=, successMessage=Wireline, SICDescription=, username=sr644a, nAICSDescription=, responseTime=638 Milliseconds, DomSubAcct=, SVID=, DUNSNumber=, primaryState=, primaryCity=, nAICSCode=Health Care and Social Assistance, description=Field level Search with ATTUID & NAICS, globalSearch=, priorYearTBRMinValue=, runmode=Y}]
String valueN
]]></system-out>
  </testcase>
  <testcase name="TC04_SVIDS_Admin_Flow" classname="com.att.lemonade.testcases.TC04_SVIDS_Admin" time="0">
    <skipped message="Test Case[TC04_SVIDS_ADMIN_FLOW:data-row-47]==&gt;is disabled"/>
    <system-out><![CDATA[2021-6-26 18:5:586 12363 INFO  [TestNG-test=Lemonade Test Cases-4] (ExtentManager.java:com.att.lemonade.utilities.ExtentManager.getTestKey(ExtentManager.java:104)) - Key=46[{attuid=JC122B, SICCode=, password=December@2019, ownerName=, svidName=, primaryCountry=, recordCount=400 records, priorYearTBRMaxValue=, successMessage=Wireline, SICDescription=, username=sr644a, nAICSDescription=, responseTime=638 Milliseconds, DomSubAcct=, SVID=, DUNSNumber=, primaryState=, primaryCity=, nAICSCode=Health Care and Social Assistance, description=Field level Search with ATTUID & NAICS, globalSearch=, priorYearTBRMinValue=, runmode=Y}]
2021-6-26 18:5:587 12364 DEBUG [TestNG-test=Lemonade Test Cases-4] (_Log4jLoggerFactory.java:freemarker.log._Log4jLoggerFactory$Log4jLogger.debug(_Log4jLoggerFactory.java:45)) - Couldn't find template in cache for "Extent.ftl"("en_US", UTF-8, parsed); will try to load it.
2021-6-26 18:5:587 12364 DEBUG [TestNG-test=Lemonade Test Cases-4] (_Log4jLoggerFactory.java:freemarker.log._Log4jLoggerFactory$Log4jLogger.debug(_Log4jLoggerFactory.java:45)) - TemplateLoader.findTemplateSource("Extent_en_US.ftl"): Not found
2021-6-26 18:5:588 12365 DEBUG [TestNG-test=Lemonade Test Cases-4] (_Log4jLoggerFactory.java:freemarker.log._Log4jLoggerFactory$Log4jLogger.debug(_Log4jLoggerFactory.java:45)) - TemplateLoader.findTemplateSource("Extent_en.ftl"): Not found
2021-6-26 18:5:589 12366 DEBUG [TestNG-test=Lemonade Test Cases-4] (_Log4jLoggerFactory.java:freemarker.log._Log4jLoggerFactory$Log4jLogger.debug(_Log4jLoggerFactory.java:45)) - TemplateLoader.findTemplateSource("Extent.ftl"): Found
2021-6-26 18:5:589 12366 DEBUG [TestNG-test=Lemonade Test Cases-4] (_Log4jLoggerFactory.java:freemarker.log._Log4jLoggerFactory$Log4jLogger.debug(_Log4jLoggerFactory.java:45)) - Loading template for "Extent.ftl"("en_US", UTF-8, parsed) from "jar:file:/C:/Users/SaranyaRamamoorthy/.m2/repository/com/relevantcodes/extentreports/2.41.2/extentreports-2.41.2.jar!/com/relevantcodes/extentreports/view/Extent.ftl"
2021-6-26 18:5:657 12434 INFO  [TestNG-test=Lemonade Test Cases-4] (ExtentManager.java:com.att.lemonade.utilities.ExtentManager.getTestKey(ExtentManager.java:104)) - Key=47[{attuid=, SICCode=, password=December@2019, ownerName=, svidName=, primaryCountry=, recordCount=400 records, priorYearTBRMaxValue=, successMessage=Wireline, SICDescription=, username=sr644a, nAICSDescription=, responseTime=683 Milliseconds, DomSubAcct=, SVID=, DUNSNumber=, primaryState=, primaryCity=, nAICSCode=, description=Field level Search with NAICS Description, globalSearch=Drugs, priorYearTBRMinValue=, runmode=Y}]
String valueN
]]></system-out>
  </testcase>
  <testcase name="TC04_SVIDS_Admin_Flow" classname="com.att.lemonade.testcases.TC04_SVIDS_Admin" time="0">
    <skipped message="Test Case[TC04_SVIDS_ADMIN_FLOW:data-row-48]==&gt;is disabled"/>
    <system-out><![CDATA[2021-6-26 18:5:658 12435 INFO  [TestNG-test=Lemonade Test Cases-4] (ExtentManager.java:com.att.lemonade.utilities.ExtentManager.getTestKey(ExtentManager.java:104)) - Key=47[{attuid=, SICCode=, password=December@2019, ownerName=, svidName=, primaryCountry=, recordCount=400 records, priorYearTBRMaxValue=, successMessage=Wireline, SICDescription=, username=sr644a, nAICSDescription=, responseTime=683 Milliseconds, DomSubAcct=, SVID=, DUNSNumber=, primaryState=, primaryCity=, nAICSCode=, description=Field level Search with NAICS Description, globalSearch=Drugs, priorYearTBRMinValue=, runmode=Y}]
2021-6-26 18:5:658 12435 DEBUG [TestNG-test=Lemonade Test Cases-4] (_Log4jLoggerFactory.java:freemarker.log._Log4jLoggerFactory$Log4jLogger.debug(_Log4jLoggerFactory.java:45)) - Couldn't find template in cache for "Extent.ftl"("en_US", UTF-8, parsed); will try to load it.
2021-6-26 18:5:660 12437 DEBUG [TestNG-test=Lemonade Test Cases-4] (_Log4jLoggerFactory.java:freemarker.log._Log4jLoggerFactory$Log4jLogger.debug(_Log4jLoggerFactory.java:45)) - TemplateLoader.findTemplateSource("Extent_en_US.ftl"): Not found
2021-6-26 18:5:660 12437 DEBUG [TestNG-test=Lemonade Test Cases-4] (_Log4jLoggerFactory.java:freemarker.log._Log4jLoggerFactory$Log4jLogger.debug(_Log4jLoggerFactory.java:45)) - TemplateLoader.findTemplateSource("Extent_en.ftl"): Not found
2021-6-26 18:5:661 12438 DEBUG [TestNG-test=Lemonade Test Cases-4] (_Log4jLoggerFactory.java:freemarker.log._Log4jLoggerFactory$Log4jLogger.debug(_Log4jLoggerFactory.java:45)) - TemplateLoader.findTemplateSource("Extent.ftl"): Found
2021-6-26 18:5:661 12438 DEBUG [TestNG-test=Lemonade Test Cases-4] (_Log4jLoggerFactory.java:freemarker.log._Log4jLoggerFactory$Log4jLogger.debug(_Log4jLoggerFactory.java:45)) - Loading template for "Extent.ftl"("en_US", UTF-8, parsed) from "jar:file:/C:/Users/SaranyaRamamoorthy/.m2/repository/com/relevantcodes/extentreports/2.41.2/extentreports-2.41.2.jar!/com/relevantcodes/extentreports/view/Extent.ftl"
2021-6-26 18:5:727 12504 INFO  [TestNG-test=Lemonade Test Cases-4] (ExtentManager.java:com.att.lemonade.utilities.ExtentManager.getTestKey(ExtentManager.java:104)) - Key=48[{attuid=, SICCode=, password=December@2019, ownerName=, svidName=, primaryCountry=, recordCount=400 records, priorYearTBRMaxValue=, successMessage=Wireline, SICDescription=, username=sr644a, nAICSDescription=, responseTime=565 Milliseconds, DomSubAcct=, SVID=, DUNSNumber=, primaryState=, primaryCity=, nAICSCode=, description=Field level Search with NAICS Description, globalSearch=Sports, priorYearTBRMinValue=, runmode=Y}]
String valueN
]]></system-out>
  </testcase>
  <testcase name="TC04_SVIDS_Admin_Flow" classname="com.att.lemonade.testcases.TC04_SVIDS_Admin" time="0">
    <skipped message="Test Case[TC04_SVIDS_ADMIN_FLOW:data-row-49]==&gt;is disabled"/>
    <system-out><![CDATA[2021-6-26 18:5:728 12505 INFO  [TestNG-test=Lemonade Test Cases-4] (ExtentManager.java:com.att.lemonade.utilities.ExtentManager.getTestKey(ExtentManager.java:104)) - Key=48[{attuid=, SICCode=, password=December@2019, ownerName=, svidName=, primaryCountry=, recordCount=400 records, priorYearTBRMaxValue=, successMessage=Wireline, SICDescription=, username=sr644a, nAICSDescription=, responseTime=565 Milliseconds, DomSubAcct=, SVID=, DUNSNumber=, primaryState=, primaryCity=, nAICSCode=, description=Field level Search with NAICS Description, globalSearch=Sports, priorYearTBRMinValue=, runmode=Y}]
2021-6-26 18:5:728 12505 DEBUG [TestNG-test=Lemonade Test Cases-4] (_Log4jLoggerFactory.java:freemarker.log._Log4jLoggerFactory$Log4jLogger.debug(_Log4jLoggerFactory.java:45)) - Couldn't find template in cache for "Extent.ftl"("en_US", UTF-8, parsed); will try to load it.
2021-6-26 18:5:728 12505 DEBUG [TestNG-test=Lemonade Test Cases-4] (_Log4jLoggerFactory.java:freemarker.log._Log4jLoggerFactory$Log4jLogger.debug(_Log4jLoggerFactory.java:45)) - TemplateLoader.findTemplateSource("Extent_en_US.ftl"): Not found
2021-6-26 18:5:729 12506 DEBUG [TestNG-test=Lemonade Test Cases-4] (_Log4jLoggerFactory.java:freemarker.log._Log4jLoggerFactory$Log4jLogger.debug(_Log4jLoggerFactory.java:45)) - TemplateLoader.findTemplateSource("Extent_en.ftl"): Not found
2021-6-26 18:5:729 12506 DEBUG [TestNG-test=Lemonade Test Cases-4] (_Log4jLoggerFactory.java:freemarker.log._Log4jLoggerFactory$Log4jLogger.debug(_Log4jLoggerFactory.java:45)) - TemplateLoader.findTemplateSource("Extent.ftl"): Found
2021-6-26 18:5:730 12507 DEBUG [TestNG-test=Lemonade Test Cases-4] (_Log4jLoggerFactory.java:freemarker.log._Log4jLoggerFactory$Log4jLogger.debug(_Log4jLoggerFactory.java:45)) - Loading template for "Extent.ftl"("en_US", UTF-8, parsed) from "jar:file:/C:/Users/SaranyaRamamoorthy/.m2/repository/com/relevantcodes/extentreports/2.41.2/extentreports-2.41.2.jar!/com/relevantcodes/extentreports/view/Extent.ftl"
2021-6-26 18:5:791 12568 INFO  [TestNG-test=Lemonade Test Cases-4] (ExtentManager.java:com.att.lemonade.utilities.ExtentManager.getTestKey(ExtentManager.java:104)) - Key=49[{attuid=, SICCode=, password=December@2019, ownerName=, svidName=, primaryCountry=, recordCount=400 records, priorYearTBRMaxValue=, successMessage=Wireline, SICDescription=, username=sr644a, nAICSDescription=, responseTime=413 Milliseconds, DomSubAcct=, SVID=, DUNSNumber=, primaryState=, primaryCity=, nAICSCode=, description=Field level Search with NAICS Description, globalSearch=Plastics, priorYearTBRMinValue=, runmode=Y}]
String valueN
]]></system-out>
  </testcase>
  <testcase name="TC04_SVIDS_Admin_Flow" classname="com.att.lemonade.testcases.TC04_SVIDS_Admin" time="0">
    <skipped message="Test Case[TC04_SVIDS_ADMIN_FLOW:data-row-50]==&gt;is disabled"/>
    <system-out><![CDATA[2021-6-26 18:5:793 12570 INFO  [TestNG-test=Lemonade Test Cases-4] (ExtentManager.java:com.att.lemonade.utilities.ExtentManager.getTestKey(ExtentManager.java:104)) - Key=49[{attuid=, SICCode=, password=December@2019, ownerName=, svidName=, primaryCountry=, recordCount=400 records, priorYearTBRMaxValue=, successMessage=Wireline, SICDescription=, username=sr644a, nAICSDescription=, responseTime=413 Milliseconds, DomSubAcct=, SVID=, DUNSNumber=, primaryState=, primaryCity=, nAICSCode=, description=Field level Search with NAICS Description, globalSearch=Plastics, priorYearTBRMinValue=, runmode=Y}]
2021-6-26 18:5:793 12570 DEBUG [TestNG-test=Lemonade Test Cases-4] (_Log4jLoggerFactory.java:freemarker.log._Log4jLoggerFactory$Log4jLogger.debug(_Log4jLoggerFactory.java:45)) - Couldn't find template in cache for "Extent.ftl"("en_US", UTF-8, parsed); will try to load it.
2021-6-26 18:5:794 12571 DEBUG [TestNG-test=Lemonade Test Cases-4] (_Log4jLoggerFactory.java:freemarker.log._Log4jLoggerFactory$Log4jLogger.debug(_Log4jLoggerFactory.java:45)) - TemplateLoader.findTemplateSource("Extent_en_US.ftl"): Not found
2021-6-26 18:5:794 12571 DEBUG [TestNG-test=Lemonade Test Cases-4] (_Log4jLoggerFactory.java:freemarker.log._Log4jLoggerFactory$Log4jLogger.debug(_Log4jLoggerFactory.java:45)) - TemplateLoader.findTemplateSource("Extent_en.ftl"): Not found
2021-6-26 18:5:796 12573 DEBUG [TestNG-test=Lemonade Test Cases-4] (_Log4jLoggerFactory.java:freemarker.log._Log4jLoggerFactory$Log4jLogger.debug(_Log4jLoggerFactory.java:45)) - TemplateLoader.findTemplateSource("Extent.ftl"): Found
2021-6-26 18:5:796 12573 DEBUG [TestNG-test=Lemonade Test Cases-4] (_Log4jLoggerFactory.java:freemarker.log._Log4jLoggerFactory$Log4jLogger.debug(_Log4jLoggerFactory.java:45)) - Loading template for "Extent.ftl"("en_US", UTF-8, parsed) from "jar:file:/C:/Users/SaranyaRamamoorthy/.m2/repository/com/relevantcodes/extentreports/2.41.2/extentreports-2.41.2.jar!/com/relevantcodes/extentreports/view/Extent.ftl"
2021-6-26 18:5:863 12640 INFO  [TestNG-test=Lemonade Test Cases-4] (ExtentManager.java:com.att.lemonade.utilities.ExtentManager.getTestKey(ExtentManager.java:104)) - Key=50[{attuid=JC122B, SICCode=, password=December@2019, ownerName=, svidName=, primaryCountry=, recordCount=3 records, priorYearTBRMaxValue=, successMessage=Wireline, SICDescription=, username=sr644a, nAICSDescription=Ambulance Services, responseTime=335 Milliseconds, DomSubAcct=, SVID=, DUNSNumber=, primaryState=, primaryCity=, nAICSCode=, description=Field level Search with ATTUID & NAICS, globalSearch=, priorYearTBRMinValue=, runmode=Y}]
String valueN
]]></system-out>
  </testcase>
  <testcase name="TC04_SVIDS_Admin_Flow" classname="com.att.lemonade.testcases.TC04_SVIDS_Admin" time="0">
    <skipped message="Test Case[TC04_SVIDS_ADMIN_FLOW:data-row-51]==&gt;is disabled"/>
    <system-out><![CDATA[2021-6-26 18:5:864 12641 INFO  [TestNG-test=Lemonade Test Cases-4] (ExtentManager.java:com.att.lemonade.utilities.ExtentManager.getTestKey(ExtentManager.java:104)) - Key=50[{attuid=JC122B, SICCode=, password=December@2019, ownerName=, svidName=, primaryCountry=, recordCount=3 records, priorYearTBRMaxValue=, successMessage=Wireline, SICDescription=, username=sr644a, nAICSDescription=Ambulance Services, responseTime=335 Milliseconds, DomSubAcct=, SVID=, DUNSNumber=, primaryState=, primaryCity=, nAICSCode=, description=Field level Search with ATTUID & NAICS, globalSearch=, priorYearTBRMinValue=, runmode=Y}]
2021-6-26 18:5:864 12641 DEBUG [TestNG-test=Lemonade Test Cases-4] (_Log4jLoggerFactory.java:freemarker.log._Log4jLoggerFactory$Log4jLogger.debug(_Log4jLoggerFactory.java:45)) - Couldn't find template in cache for "Extent.ftl"("en_US", UTF-8, parsed); will try to load it.
2021-6-26 18:5:865 12642 DEBUG [TestNG-test=Lemonade Test Cases-4] (_Log4jLoggerFactory.java:freemarker.log._Log4jLoggerFactory$Log4jLogger.debug(_Log4jLoggerFactory.java:45)) - TemplateLoader.findTemplateSource("Extent_en_US.ftl"): Not found
2021-6-26 18:5:867 12644 DEBUG [TestNG-test=Lemonade Test Cases-4] (_Log4jLoggerFactory.java:freemarker.log._Log4jLoggerFactory$Log4jLogger.debug(_Log4jLoggerFactory.java:45)) - TemplateLoader.findTemplateSource("Extent_en.ftl"): Not found
2021-6-26 18:5:868 12645 DEBUG [TestNG-test=Lemonade Test Cases-4] (_Log4jLoggerFactory.java:freemarker.log._Log4jLoggerFactory$Log4jLogger.debug(_Log4jLoggerFactory.java:45)) - TemplateLoader.findTemplateSource("Extent.ftl"): Found
2021-6-26 18:5:868 12645 DEBUG [TestNG-test=Lemonade Test Cases-4] (_Log4jLoggerFactory.java:freemarker.log._Log4jLoggerFactory$Log4jLogger.debug(_Log4jLoggerFactory.java:45)) - Loading template for "Extent.ftl"("en_US", UTF-8, parsed) from "jar:file:/C:/Users/SaranyaRamamoorthy/.m2/repository/com/relevantcodes/extentreports/2.41.2/extentreports-2.41.2.jar!/com/relevantcodes/extentreports/view/Extent.ftl"
2021-6-26 18:5:931 12708 INFO  [TestNG-test=Lemonade Test Cases-4] (ExtentManager.java:com.att.lemonade.utilities.ExtentManager.getTestKey(ExtentManager.java:104)) - Key=51[{attuid=JC122B, SICCode=, password=December@2019, ownerName=, svidName=, primaryCountry=, recordCount=20 records, priorYearTBRMaxValue=, successMessage=Wireline, SICDescription=, username=sr644a, nAICSDescription=Pharmaceutical , responseTime=368 Milliseconds, DomSubAcct=, SVID=, DUNSNumber=, primaryState=, primaryCity=, nAICSCode=, description=Field level Search with ATTUID & NAICS, globalSearch=, priorYearTBRMinValue=, runmode=Y}]
String valueN
]]></system-out>
  </testcase>
  <testcase name="TC04_SVIDS_Admin_Flow" classname="com.att.lemonade.testcases.TC04_SVIDS_Admin" time="0">
    <skipped message="Test Case[TC04_SVIDS_ADMIN_FLOW:data-row-52]==&gt;is disabled"/>
    <system-out><![CDATA[2021-6-26 18:5:932 12709 INFO  [TestNG-test=Lemonade Test Cases-4] (ExtentManager.java:com.att.lemonade.utilities.ExtentManager.getTestKey(ExtentManager.java:104)) - Key=51[{attuid=JC122B, SICCode=, password=December@2019, ownerName=, svidName=, primaryCountry=, recordCount=20 records, priorYearTBRMaxValue=, successMessage=Wireline, SICDescription=, username=sr644a, nAICSDescription=Pharmaceutical , responseTime=368 Milliseconds, DomSubAcct=, SVID=, DUNSNumber=, primaryState=, primaryCity=, nAICSCode=, description=Field level Search with ATTUID & NAICS, globalSearch=, priorYearTBRMinValue=, runmode=Y}]
2021-6-26 18:5:933 12710 DEBUG [TestNG-test=Lemonade Test Cases-4] (_Log4jLoggerFactory.java:freemarker.log._Log4jLoggerFactory$Log4jLogger.debug(_Log4jLoggerFactory.java:45)) - Couldn't find template in cache for "Extent.ftl"("en_US", UTF-8, parsed); will try to load it.
2021-6-26 18:5:934 12711 DEBUG [TestNG-test=Lemonade Test Cases-4] (_Log4jLoggerFactory.java:freemarker.log._Log4jLoggerFactory$Log4jLogger.debug(_Log4jLoggerFactory.java:45)) - TemplateLoader.findTemplateSource("Extent_en_US.ftl"): Not found
2021-6-26 18:5:935 12712 DEBUG [TestNG-test=Lemonade Test Cases-4] (_Log4jLoggerFactory.java:freemarker.log._Log4jLoggerFactory$Log4jLogger.debug(_Log4jLoggerFactory.java:45)) - TemplateLoader.findTemplateSource("Extent_en.ftl"): Not found
2021-6-26 18:5:935 12712 DEBUG [TestNG-test=Lemonade Test Cases-4] (_Log4jLoggerFactory.java:freemarker.log._Log4jLoggerFactory$Log4jLogger.debug(_Log4jLoggerFactory.java:45)) - TemplateLoader.findTemplateSource("Extent.ftl"): Found
2021-6-26 18:5:936 12713 DEBUG [TestNG-test=Lemonade Test Cases-4] (_Log4jLoggerFactory.java:freemarker.log._Log4jLoggerFactory$Log4jLogger.debug(_Log4jLoggerFactory.java:45)) - Loading template for "Extent.ftl"("en_US", UTF-8, parsed) from "jar:file:/C:/Users/SaranyaRamamoorthy/.m2/repository/com/relevantcodes/extentreports/2.41.2/extentreports-2.41.2.jar!/com/relevantcodes/extentreports/view/Extent.ftl"
2021-6-26 18:5:14 12791 INFO  [TestNG-test=Lemonade Test Cases-4] (ExtentManager.java:com.att.lemonade.utilities.ExtentManager.getTestKey(ExtentManager.java:104)) - Key=52[{attuid=, SICCode=, password=December@2020, ownerName=, svidName=, primaryCountry=, recordCount=400 records, priorYearTBRMaxValue=1600.0, successMessage=Wireline, SICDescription=, username=sr644a, nAICSDescription=, responseTime=505 Milliseconds, DomSubAcct=, SVID=, DUNSNumber=, primaryState=, primaryCity=, nAICSCode=, description=Field level Search, globalSearch=, priorYearTBRMinValue=950.0, runmode=Y}]
String valueN
]]></system-out>
  </testcase>
  <testcase name="TC04_SVIDS_Admin_Flow" classname="com.att.lemonade.testcases.TC04_SVIDS_Admin" time="0">
    <skipped message="Test Case[TC04_SVIDS_ADMIN_FLOW:data-row-53]==&gt;is disabled"/>
    <system-out><![CDATA[2021-6-26 18:5:15 12792 INFO  [TestNG-test=Lemonade Test Cases-4] (ExtentManager.java:com.att.lemonade.utilities.ExtentManager.getTestKey(ExtentManager.java:104)) - Key=52[{attuid=, SICCode=, password=December@2020, ownerName=, svidName=, primaryCountry=, recordCount=400 records, priorYearTBRMaxValue=1600.0, successMessage=Wireline, SICDescription=, username=sr644a, nAICSDescription=, responseTime=505 Milliseconds, DomSubAcct=, SVID=, DUNSNumber=, primaryState=, primaryCity=, nAICSCode=, description=Field level Search, globalSearch=, priorYearTBRMinValue=950.0, runmode=Y}]
2021-6-26 18:5:17 12794 DEBUG [TestNG-test=Lemonade Test Cases-4] (_Log4jLoggerFactory.java:freemarker.log._Log4jLoggerFactory$Log4jLogger.debug(_Log4jLoggerFactory.java:45)) - Couldn't find template in cache for "Extent.ftl"("en_US", UTF-8, parsed); will try to load it.
2021-6-26 18:5:18 12795 DEBUG [TestNG-test=Lemonade Test Cases-4] (_Log4jLoggerFactory.java:freemarker.log._Log4jLoggerFactory$Log4jLogger.debug(_Log4jLoggerFactory.java:45)) - TemplateLoader.findTemplateSource("Extent_en_US.ftl"): Not found
2021-6-26 18:5:19 12796 DEBUG [TestNG-test=Lemonade Test Cases-4] (_Log4jLoggerFactory.java:freemarker.log._Log4jLoggerFactory$Log4jLogger.debug(_Log4jLoggerFactory.java:45)) - TemplateLoader.findTemplateSource("Extent_en.ftl"): Not found
2021-6-26 18:5:19 12796 DEBUG [TestNG-test=Lemonade Test Cases-4] (_Log4jLoggerFactory.java:freemarker.log._Log4jLoggerFactory$Log4jLogger.debug(_Log4jLoggerFactory.java:45)) - TemplateLoader.findTemplateSource("Extent.ftl"): Found
2021-6-26 18:5:19 12796 DEBUG [TestNG-test=Lemonade Test Cases-4] (_Log4jLoggerFactory.java:freemarker.log._Log4jLoggerFactory$Log4jLogger.debug(_Log4jLoggerFactory.java:45)) - Loading template for "Extent.ftl"("en_US", UTF-8, parsed) from "jar:file:/C:/Users/SaranyaRamamoorthy/.m2/repository/com/relevantcodes/extentreports/2.41.2/extentreports-2.41.2.jar!/com/relevantcodes/extentreports/view/Extent.ftl"
2021-6-26 18:5:93 12870 INFO  [TestNG-test=Lemonade Test Cases-4] (ExtentManager.java:com.att.lemonade.utilities.ExtentManager.getTestKey(ExtentManager.java:104)) - Key=53[{attuid=, SICCode=, password=December@2021, ownerName=, svidName=, primaryCountry=, recordCount=No data found, priorYearTBRMaxValue=, successMessage=Wireline, SICDescription=, username=sr644a, nAICSDescription=, responseTime=No data found, DomSubAcct=, SVID=, DUNSNumber=, primaryState=Newberg, primaryCity=, nAICSCode=, description=Field level Search, globalSearch=, priorYearTBRMinValue=, runmode=Y}]
String valueN
]]></system-out>
  </testcase>
  <testcase name="TC04_SVIDS_Admin_Flow" classname="com.att.lemonade.testcases.TC04_SVIDS_Admin" time="0">
    <skipped message="Test Case[TC04_SVIDS_ADMIN_FLOW:data-row-54]==&gt;is disabled"/>
    <system-out><![CDATA[2021-6-26 18:5:94 12871 INFO  [TestNG-test=Lemonade Test Cases-4] (ExtentManager.java:com.att.lemonade.utilities.ExtentManager.getTestKey(ExtentManager.java:104)) - Key=53[{attuid=, SICCode=, password=December@2021, ownerName=, svidName=, primaryCountry=, recordCount=No data found, priorYearTBRMaxValue=, successMessage=Wireline, SICDescription=, username=sr644a, nAICSDescription=, responseTime=No data found, DomSubAcct=, SVID=, DUNSNumber=, primaryState=Newberg, primaryCity=, nAICSCode=, description=Field level Search, globalSearch=, priorYearTBRMinValue=, runmode=Y}]
2021-6-26 18:5:94 12871 DEBUG [TestNG-test=Lemonade Test Cases-4] (_Log4jLoggerFactory.java:freemarker.log._Log4jLoggerFactory$Log4jLogger.debug(_Log4jLoggerFactory.java:45)) - Couldn't find template in cache for "Extent.ftl"("en_US", UTF-8, parsed); will try to load it.
2021-6-26 18:5:95 12872 DEBUG [TestNG-test=Lemonade Test Cases-4] (_Log4jLoggerFactory.java:freemarker.log._Log4jLoggerFactory$Log4jLogger.debug(_Log4jLoggerFactory.java:45)) - TemplateLoader.findTemplateSource("Extent_en_US.ftl"): Not found
2021-6-26 18:5:95 12872 DEBUG [TestNG-test=Lemonade Test Cases-4] (_Log4jLoggerFactory.java:freemarker.log._Log4jLoggerFactory$Log4jLogger.debug(_Log4jLoggerFactory.java:45)) - TemplateLoader.findTemplateSource("Extent_en.ftl"): Not found
2021-6-26 18:5:96 12873 DEBUG [TestNG-test=Lemonade Test Cases-4] (_Log4jLoggerFactory.java:freemarker.log._Log4jLoggerFactory$Log4jLogger.debug(_Log4jLoggerFactory.java:45)) - TemplateLoader.findTemplateSource("Extent.ftl"): Found
2021-6-26 18:5:96 12873 DEBUG [TestNG-test=Lemonade Test Cases-4] (_Log4jLoggerFactory.java:freemarker.log._Log4jLoggerFactory$Log4jLogger.debug(_Log4jLoggerFactory.java:45)) - Loading template for "Extent.ftl"("en_US", UTF-8, parsed) from "jar:file:/C:/Users/SaranyaRamamoorthy/.m2/repository/com/relevantcodes/extentreports/2.41.2/extentreports-2.41.2.jar!/com/relevantcodes/extentreports/view/Extent.ftl"
2021-6-26 18:5:162 12939 INFO  [TestNG-test=Lemonade Test Cases-4] (ExtentManager.java:com.att.lemonade.utilities.ExtentManager.getTestKey(ExtentManager.java:104)) - Key=54[{attuid=, SICCode=, password=December@2022, ownerName=, svidName=, primaryCountry=, recordCount=No data found, priorYearTBRMaxValue=, successMessage=Wireline, SICDescription=, username=sr644a, nAICSDescription=, responseTime=No data found, DomSubAcct=, SVID=, DUNSNumber=, primaryState=Lake Charles, primaryCity=, nAICSCode=, description=Field level Search, globalSearch=, priorYearTBRMinValue=, runmode=Y}]
String valueN
]]></system-out>
  </testcase>
  <testcase name="TC04_SVIDS_Admin_Flow" classname="com.att.lemonade.testcases.TC04_SVIDS_Admin" time="0">
    <skipped message="Test Case[TC04_SVIDS_ADMIN_FLOW:data-row-55]==&gt;is disabled"/>
    <system-out><![CDATA[2021-6-26 18:5:163 12940 INFO  [TestNG-test=Lemonade Test Cases-4] (ExtentManager.java:com.att.lemonade.utilities.ExtentManager.getTestKey(ExtentManager.java:104)) - Key=54[{attuid=, SICCode=, password=December@2022, ownerName=, svidName=, primaryCountry=, recordCount=No data found, priorYearTBRMaxValue=, successMessage=Wireline, SICDescription=, username=sr644a, nAICSDescription=, responseTime=No data found, DomSubAcct=, SVID=, DUNSNumber=, primaryState=Lake Charles, primaryCity=, nAICSCode=, description=Field level Search, globalSearch=, priorYearTBRMinValue=, runmode=Y}]
2021-6-26 18:5:164 12941 DEBUG [TestNG-test=Lemonade Test Cases-4] (_Log4jLoggerFactory.java:freemarker.log._Log4jLoggerFactory$Log4jLogger.debug(_Log4jLoggerFactory.java:45)) - Couldn't find template in cache for "Extent.ftl"("en_US", UTF-8, parsed); will try to load it.
2021-6-26 18:5:164 12941 DEBUG [TestNG-test=Lemonade Test Cases-4] (_Log4jLoggerFactory.java:freemarker.log._Log4jLoggerFactory$Log4jLogger.debug(_Log4jLoggerFactory.java:45)) - TemplateLoader.findTemplateSource("Extent_en_US.ftl"): Not found
2021-6-26 18:5:165 12942 DEBUG [TestNG-test=Lemonade Test Cases-4] (_Log4jLoggerFactory.java:freemarker.log._Log4jLoggerFactory$Log4jLogger.debug(_Log4jLoggerFactory.java:45)) - TemplateLoader.findTemplateSource("Extent_en.ftl"): Not found
2021-6-26 18:5:166 12943 DEBUG [TestNG-test=Lemonade Test Cases-4] (_Log4jLoggerFactory.java:freemarker.log._Log4jLoggerFactory$Log4jLogger.debug(_Log4jLoggerFactory.java:45)) - TemplateLoader.findTemplateSource("Extent.ftl"): Found
2021-6-26 18:5:166 12943 DEBUG [TestNG-test=Lemonade Test Cases-4] (_Log4jLoggerFactory.java:freemarker.log._Log4jLoggerFactory$Log4jLogger.debug(_Log4jLoggerFactory.java:45)) - Loading template for "Extent.ftl"("en_US", UTF-8, parsed) from "jar:file:/C:/Users/SaranyaRamamoorthy/.m2/repository/com/relevantcodes/extentreports/2.41.2/extentreports-2.41.2.jar!/com/relevantcodes/extentreports/view/Extent.ftl"
2021-6-26 18:5:242 13019 INFO  [TestNG-test=Lemonade Test Cases-4] (ExtentManager.java:com.att.lemonade.utilities.ExtentManager.getTestKey(ExtentManager.java:104)) - Key=55[{attuid=, SICCode=, password=December@2023, ownerName=, svidName=, primaryCountry=, recordCount=400 records, priorYearTBRMaxValue=, successMessage=Wireline, SICDescription=, username=sr644a, nAICSDescription=, responseTime=472 Milliseconds, DomSubAcct=, SVID=, DUNSNumber=, primaryState=, primaryCity=OR, nAICSCode=, description=Field level Search, globalSearch=, priorYearTBRMinValue=, runmode=Y}]
String valueN
]]></system-out>
  </testcase>
  <testcase name="TC04_SVIDS_Admin_Flow" classname="com.att.lemonade.testcases.TC04_SVIDS_Admin" time="0">
    <skipped message="Test Case[TC04_SVIDS_ADMIN_FLOW:data-row-56]==&gt;is disabled"/>
    <system-out><![CDATA[2021-6-26 18:5:243 13020 INFO  [TestNG-test=Lemonade Test Cases-4] (ExtentManager.java:com.att.lemonade.utilities.ExtentManager.getTestKey(ExtentManager.java:104)) - Key=55[{attuid=, SICCode=, password=December@2023, ownerName=, svidName=, primaryCountry=, recordCount=400 records, priorYearTBRMaxValue=, successMessage=Wireline, SICDescription=, username=sr644a, nAICSDescription=, responseTime=472 Milliseconds, DomSubAcct=, SVID=, DUNSNumber=, primaryState=, primaryCity=OR, nAICSCode=, description=Field level Search, globalSearch=, priorYearTBRMinValue=, runmode=Y}]
2021-6-26 18:5:243 13020 DEBUG [TestNG-test=Lemonade Test Cases-4] (_Log4jLoggerFactory.java:freemarker.log._Log4jLoggerFactory$Log4jLogger.debug(_Log4jLoggerFactory.java:45)) - Couldn't find template in cache for "Extent.ftl"("en_US", UTF-8, parsed); will try to load it.
2021-6-26 18:5:244 13021 DEBUG [TestNG-test=Lemonade Test Cases-4] (_Log4jLoggerFactory.java:freemarker.log._Log4jLoggerFactory$Log4jLogger.debug(_Log4jLoggerFactory.java:45)) - TemplateLoader.findTemplateSource("Extent_en_US.ftl"): Not found
2021-6-26 18:5:244 13021 DEBUG [TestNG-test=Lemonade Test Cases-4] (_Log4jLoggerFactory.java:freemarker.log._Log4jLoggerFactory$Log4jLogger.debug(_Log4jLoggerFactory.java:45)) - TemplateLoader.findTemplateSource("Extent_en.ftl"): Not found
2021-6-26 18:5:245 13022 DEBUG [TestNG-test=Lemonade Test Cases-4] (_Log4jLoggerFactory.java:freemarker.log._Log4jLoggerFactory$Log4jLogger.debug(_Log4jLoggerFactory.java:45)) - TemplateLoader.findTemplateSource("Extent.ftl"): Found
2021-6-26 18:5:245 13022 DEBUG [TestNG-test=Lemonade Test Cases-4] (_Log4jLoggerFactory.java:freemarker.log._Log4jLoggerFactory$Log4jLogger.debug(_Log4jLoggerFactory.java:45)) - Loading template for "Extent.ftl"("en_US", UTF-8, parsed) from "jar:file:/C:/Users/SaranyaRamamoorthy/.m2/repository/com/relevantcodes/extentreports/2.41.2/extentreports-2.41.2.jar!/com/relevantcodes/extentreports/view/Extent.ftl"
2021-6-26 18:5:320 13097 INFO  [TestNG-test=Lemonade Test Cases-4] (ExtentManager.java:com.att.lemonade.utilities.ExtentManager.getTestKey(ExtentManager.java:104)) - Key=56[{attuid=, SICCode=, password=December@2024, ownerName=, svidName=, primaryCountry=, recordCount=400 records, priorYearTBRMaxValue=, successMessage=Wireline, SICDescription=, username=sr644a, nAICSDescription=, responseTime=573 Milliseconds, DomSubAcct=, SVID=, DUNSNumber=, primaryState=, primaryCity=MI, nAICSCode=, description=Field level Search, globalSearch=, priorYearTBRMinValue=, runmode=Y}]
String valueN
]]></system-out>
  </testcase>
  <testcase name="TC04_SVIDS_Admin_Flow" classname="com.att.lemonade.testcases.TC04_SVIDS_Admin" time="0">
    <skipped message="Test Case[TC04_SVIDS_ADMIN_FLOW:data-row-57]==&gt;is disabled"/>
    <system-out><![CDATA[2021-6-26 18:5:321 13098 INFO  [TestNG-test=Lemonade Test Cases-4] (ExtentManager.java:com.att.lemonade.utilities.ExtentManager.getTestKey(ExtentManager.java:104)) - Key=56[{attuid=, SICCode=, password=December@2024, ownerName=, svidName=, primaryCountry=, recordCount=400 records, priorYearTBRMaxValue=, successMessage=Wireline, SICDescription=, username=sr644a, nAICSDescription=, responseTime=573 Milliseconds, DomSubAcct=, SVID=, DUNSNumber=, primaryState=, primaryCity=MI, nAICSCode=, description=Field level Search, globalSearch=, priorYearTBRMinValue=, runmode=Y}]
2021-6-26 18:5:321 13098 DEBUG [TestNG-test=Lemonade Test Cases-4] (_Log4jLoggerFactory.java:freemarker.log._Log4jLoggerFactory$Log4jLogger.debug(_Log4jLoggerFactory.java:45)) - Couldn't find template in cache for "Extent.ftl"("en_US", UTF-8, parsed); will try to load it.
2021-6-26 18:5:322 13099 DEBUG [TestNG-test=Lemonade Test Cases-4] (_Log4jLoggerFactory.java:freemarker.log._Log4jLoggerFactory$Log4jLogger.debug(_Log4jLoggerFactory.java:45)) - TemplateLoader.findTemplateSource("Extent_en_US.ftl"): Not found
2021-6-26 18:5:323 13100 DEBUG [TestNG-test=Lemonade Test Cases-4] (_Log4jLoggerFactory.java:freemarker.log._Log4jLoggerFactory$Log4jLogger.debug(_Log4jLoggerFactory.java:45)) - TemplateLoader.findTemplateSource("Extent_en.ftl"): Not found
2021-6-26 18:5:324 13101 DEBUG [TestNG-test=Lemonade Test Cases-4] (_Log4jLoggerFactory.java:freemarker.log._Log4jLoggerFactory$Log4jLogger.debug(_Log4jLoggerFactory.java:45)) - TemplateLoader.findTemplateSource("Extent.ftl"): Found
2021-6-26 18:5:324 13101 DEBUG [TestNG-test=Lemonade Test Cases-4] (_Log4jLoggerFactory.java:freemarker.log._Log4jLoggerFactory$Log4jLogger.debug(_Log4jLoggerFactory.java:45)) - Loading template for "Extent.ftl"("en_US", UTF-8, parsed) from "jar:file:/C:/Users/SaranyaRamamoorthy/.m2/repository/com/relevantcodes/extentreports/2.41.2/extentreports-2.41.2.jar!/com/relevantcodes/extentreports/view/Extent.ftl"
2021-6-26 18:5:382 13159 INFO  [TestNG-test=Lemonade Test Cases-4] (ExtentManager.java:com.att.lemonade.utilities.ExtentManager.getTestKey(ExtentManager.java:104)) - Key=57[{attuid=, SICCode=, password=December@2025, ownerName=, svidName=, primaryCountry=USA, recordCount=400 records, priorYearTBRMaxValue=, successMessage=Wireline, SICDescription=, username=sr644a, nAICSDescription=, responseTime=566 Milliseconds, DomSubAcct=, SVID=, DUNSNumber=, primaryState=, primaryCity=, nAICSCode=, description=Field level Search, globalSearch=, priorYearTBRMinValue=, runmode=Y}]
String valueN
]]></system-out>
  </testcase>
  <testcase name="TC04_SVIDS_Admin_Flow" classname="com.att.lemonade.testcases.TC04_SVIDS_Admin" time="0">
    <skipped message="Test Case[TC04_SVIDS_ADMIN_FLOW:data-row-58]==&gt;is disabled"/>
    <system-out><![CDATA[2021-6-26 18:5:382 13159 INFO  [TestNG-test=Lemonade Test Cases-4] (ExtentManager.java:com.att.lemonade.utilities.ExtentManager.getTestKey(ExtentManager.java:104)) - Key=57[{attuid=, SICCode=, password=December@2025, ownerName=, svidName=, primaryCountry=USA, recordCount=400 records, priorYearTBRMaxValue=, successMessage=Wireline, SICDescription=, username=sr644a, nAICSDescription=, responseTime=566 Milliseconds, DomSubAcct=, SVID=, DUNSNumber=, primaryState=, primaryCity=, nAICSCode=, description=Field level Search, globalSearch=, priorYearTBRMinValue=, runmode=Y}]
2021-6-26 18:5:384 13161 DEBUG [TestNG-test=Lemonade Test Cases-4] (_Log4jLoggerFactory.java:freemarker.log._Log4jLoggerFactory$Log4jLogger.debug(_Log4jLoggerFactory.java:45)) - Couldn't find template in cache for "Extent.ftl"("en_US", UTF-8, parsed); will try to load it.
2021-6-26 18:5:384 13161 DEBUG [TestNG-test=Lemonade Test Cases-4] (_Log4jLoggerFactory.java:freemarker.log._Log4jLoggerFactory$Log4jLogger.debug(_Log4jLoggerFactory.java:45)) - TemplateLoader.findTemplateSource("Extent_en_US.ftl"): Not found
2021-6-26 18:5:385 13162 DEBUG [TestNG-test=Lemonade Test Cases-4] (_Log4jLoggerFactory.java:freemarker.log._Log4jLoggerFactory$Log4jLogger.debug(_Log4jLoggerFactory.java:45)) - TemplateLoader.findTemplateSource("Extent_en.ftl"): Not found
2021-6-26 18:5:386 13163 DEBUG [TestNG-test=Lemonade Test Cases-4] (_Log4jLoggerFactory.java:freemarker.log._Log4jLoggerFactory$Log4jLogger.debug(_Log4jLoggerFactory.java:45)) - TemplateLoader.findTemplateSource("Extent.ftl"): Found
2021-6-26 18:5:386 13163 DEBUG [TestNG-test=Lemonade Test Cases-4] (_Log4jLoggerFactory.java:freemarker.log._Log4jLoggerFactory$Log4jLogger.debug(_Log4jLoggerFactory.java:45)) - Loading template for "Extent.ftl"("en_US", UTF-8, parsed) from "jar:file:/C:/Users/SaranyaRamamoorthy/.m2/repository/com/relevantcodes/extentreports/2.41.2/extentreports-2.41.2.jar!/com/relevantcodes/extentreports/view/Extent.ftl"
2021-6-26 18:5:442 13219 INFO  [TestNG-test=Lemonade Test Cases-4] (ExtentManager.java:com.att.lemonade.utilities.ExtentManager.getTestKey(ExtentManager.java:104)) - Key=58[{attuid=, SICCode=, password=December@2026, ownerName=, svidName=, primaryCountry=DEU, recordCount=127 records, priorYearTBRMaxValue=, successMessage=Wireline, SICDescription=, username=sr644a, nAICSDescription=, responseTime=382 Milliseconds, DomSubAcct=, SVID=, DUNSNumber=, primaryState=, primaryCity=, nAICSCode=, description=Field level Search, globalSearch=, priorYearTBRMinValue=, runmode=Y}]
String valueN
]]></system-out>
  </testcase>
  <testcase name="TC04_SVIDS_Admin_Flow" classname="com.att.lemonade.testcases.TC04_SVIDS_Admin" time="0">
    <skipped message="Test Case[TC04_SVIDS_ADMIN_FLOW:data-row-59]==&gt;is disabled"/>
    <system-out><![CDATA[2021-6-26 18:5:443 13220 INFO  [TestNG-test=Lemonade Test Cases-4] (ExtentManager.java:com.att.lemonade.utilities.ExtentManager.getTestKey(ExtentManager.java:104)) - Key=58[{attuid=, SICCode=, password=December@2026, ownerName=, svidName=, primaryCountry=DEU, recordCount=127 records, priorYearTBRMaxValue=, successMessage=Wireline, SICDescription=, username=sr644a, nAICSDescription=, responseTime=382 Milliseconds, DomSubAcct=, SVID=, DUNSNumber=, primaryState=, primaryCity=, nAICSCode=, description=Field level Search, globalSearch=, priorYearTBRMinValue=, runmode=Y}]
2021-6-26 18:5:443 13220 DEBUG [TestNG-test=Lemonade Test Cases-4] (_Log4jLoggerFactory.java:freemarker.log._Log4jLoggerFactory$Log4jLogger.debug(_Log4jLoggerFactory.java:45)) - Couldn't find template in cache for "Extent.ftl"("en_US", UTF-8, parsed); will try to load it.
2021-6-26 18:5:444 13221 DEBUG [TestNG-test=Lemonade Test Cases-4] (_Log4jLoggerFactory.java:freemarker.log._Log4jLoggerFactory$Log4jLogger.debug(_Log4jLoggerFactory.java:45)) - TemplateLoader.findTemplateSource("Extent_en_US.ftl"): Not found
2021-6-26 18:5:445 13222 DEBUG [TestNG-test=Lemonade Test Cases-4] (_Log4jLoggerFactory.java:freemarker.log._Log4jLoggerFactory$Log4jLogger.debug(_Log4jLoggerFactory.java:45)) - TemplateLoader.findTemplateSource("Extent_en.ftl"): Not found
2021-6-26 18:5:445 13222 DEBUG [TestNG-test=Lemonade Test Cases-4] (_Log4jLoggerFactory.java:freemarker.log._Log4jLoggerFactory$Log4jLogger.debug(_Log4jLoggerFactory.java:45)) - TemplateLoader.findTemplateSource("Extent.ftl"): Found
2021-6-26 18:5:446 13223 DEBUG [TestNG-test=Lemonade Test Cases-4] (_Log4jLoggerFactory.java:freemarker.log._Log4jLoggerFactory$Log4jLogger.debug(_Log4jLoggerFactory.java:45)) - Loading template for "Extent.ftl"("en_US", UTF-8, parsed) from "jar:file:/C:/Users/SaranyaRamamoorthy/.m2/repository/com/relevantcodes/extentreports/2.41.2/extentreports-2.41.2.jar!/com/relevantcodes/extentreports/view/Extent.ftl"
2021-6-26 18:5:505 13282 INFO  [TestNG-test=Lemonade Test Cases-4] (ExtentManager.java:com.att.lemonade.utilities.ExtentManager.getTestKey(ExtentManager.java:104)) - Key=59[{attuid=, SICCode=, password=December@2026, ownerName=, svidName=, primaryCountry=FRA, recordCount=79 records, priorYearTBRMaxValue=, successMessage=Wireline, SICDescription=, username=sr644a, nAICSDescription=, responseTime=382 Milliseconds, DomSubAcct=, SVID=, DUNSNumber=, primaryState=, primaryCity=, nAICSCode=, description=Field level Search, globalSearch=, priorYearTBRMinValue=, runmode=Y}]
String valueN
]]></system-out>
  </testcase>
  <testcase name="TC02_My_Accounts_Flow" classname="com.att.lemonade.testcases.TC02_My_Accounts" time="0">
    <skipped message="Test Case[TC02_MY_ACCOUNTS_FLOW:data-row-2]==&gt;is disabled"/>
    <system-out><![CDATA[String valueY
2021-6-26 18:5:736 513 INFO  [TestNG-test=Lemonade Test Cases-4] (ExtentManager.java:com.att.lemonade.utilities.ExtentManager.getTestKey(ExtentManager.java:104)) - Key=2[{attuid=, SICCode=, password=December@2019, ownerName=, svidName=, primaryCountry=, recordCount=400 records, priorYearTBRMaxValue=, successMessage=Wireline, SICDescription=, username=sr644a, nAICSDescription=, responseTime=376 Milliseconds, DomSubAcct=, SVID=, DUNSNumber=, primaryState=, primaryCity=, nAICSCode=, description=Global Search, globalSearch=1425 LLC, priorYearTBRMinValue=, runmode=Y}]
2021-6-26 18:5:737 514 INFO  [TestNG-test=Lemonade Test Cases-2] (ExtentManager.java:com.att.lemonade.utilities.ExtentManager.getTestKey(ExtentManager.java:104)) - Key=2[{SICCode=, password=December@2019, ownerName=, svidName=, primaryCountry=, recordCount=, priorYearTBRMaxValue=, successMessage=Wireline, SICDescription=, username=sr644a, nAICSDescription=, responseTime=, DomSubAcct=, SVID=, DUNSNumber=, primaryState=, primaryCity=, nAICSCode=, description=Global Search, globalSearch=CAPITAL ONE, priorYearTBRMinValue=, runmode=Y}]
2021-6-26 18:5:751 528 INFO  [TestNG-test=Lemonade Test Cases-2] (TC05_My_SVIDS.java:com.att.lemonade.testcases.TC05_My_SVIDS.TC05_My_SVIDS_Flow(TC05_My_SVIDS.java:43)) - 0Key=2[{SICCode=, password=December@2019, ownerName=, svidName=, primaryCountry=, recordCount=, priorYearTBRMaxValue=, successMessage=Wireline, SICDescription=, username=sr644a, nAICSDescription=, responseTime=, DomSubAcct=, SVID=, DUNSNumber=, primaryState=, primaryCity=, nAICSCode=, description=Global Search, globalSearch=CAPITAL ONE, priorYearTBRMinValue=, runmode=Y}]
Inside common runmodetrue
2021-6-26 18:5:828 605 DEBUG [TestNG-test=Lemonade Test Cases-4] (_Log4jLoggerFactory.java:freemarker.log._Log4jLoggerFactory$Log4jLogger.debug(_Log4jLoggerFactory.java:45)) - Couldn't find template in cache for "Extent.ftl"("en_US", UTF-8, parsed); will try to load it.
2021-6-26 18:5:834 611 DEBUG [TestNG-test=Lemonade Test Cases-4] (_Log4jLoggerFactory.java:freemarker.log._Log4jLoggerFactory$Log4jLogger.debug(_Log4jLoggerFactory.java:45)) - TemplateLoader.findTemplateSource("Extent_en_US.ftl"): Not found
2021-6-26 18:5:838 615 DEBUG [TestNG-test=Lemonade Test Cases-4] (_Log4jLoggerFactory.java:freemarker.log._Log4jLoggerFactory$Log4jLogger.debug(_Log4jLoggerFactory.java:45)) - TemplateLoader.findTemplateSource("Extent_en.ftl"): Not found
2021-6-26 18:5:841 618 DEBUG [TestNG-test=Lemonade Test Cases-4] (_Log4jLoggerFactory.java:freemarker.log._Log4jLoggerFactory$Log4jLogger.debug(_Log4jLoggerFactory.java:45)) - TemplateLoader.findTemplateSource("Extent.ftl"): Found
2021-6-26 18:5:842 619 DEBUG [TestNG-test=Lemonade Test Cases-4] (_Log4jLoggerFactory.java:freemarker.log._Log4jLoggerFactory$Log4jLogger.debug(_Log4jLoggerFactory.java:45)) - Loading template for "Extent.ftl"("en_US", UTF-8, parsed) from "jar:file:/C:/Users/SaranyaRamamoorthy/.m2/repository/com/relevantcodes/extentreports/2.41.2/extentreports-2.41.2.jar!/com/relevantcodes/extentreports/view/Extent.ftl"
String valueN
]]></system-out>
  </testcase>
  <testcase name="TC02_My_Accounts_Flow" classname="com.att.lemonade.testcases.TC02_My_Accounts" time="0">
    <skipped message="Test Case[TC02_MY_ACCOUNTS_FLOW:data-row-3]==&gt;is disabled"/>
    <system-out><![CDATA[2021-6-26 18:5:598 1375 INFO  [TestNG-test=Lemonade Test Cases-4] (ExtentManager.java:com.att.lemonade.utilities.ExtentManager.getTestKey(ExtentManager.java:104)) - Key=4[{attuid=, SICCode=, password=December@2019, ownerName=, svidName=, primaryCountry=, recordCount=400 records, priorYearTBRMaxValue=, successMessage=Wireline, SICDescription=, username=sr644a, nAICSDescription=, responseTime=441 Milliseconds, DomSubAcct=, SVID=, DUNSNumber=, primaryState=, primaryCity=, nAICSCode=, description=Global Search, globalSearch=NATIONAL, priorYearTBRMinValue=, runmode=Y}]
2021-6-26 18:5:599 1376 DEBUG [TestNG-test=Lemonade Test Cases-5] (_Log4jLoggerFactory.java:freemarker.log._Log4jLoggerFactory$Log4jLogger.debug(_Log4jLoggerFactory.java:45)) - Couldn't find template in cache for "Extent.ftl"("en_US", UTF-8, parsed); will try to load it.
2021-6-26 18:5:603 1380 DEBUG [TestNG-test=Lemonade Test Cases-5] (_Log4jLoggerFactory.java:freemarker.log._Log4jLoggerFactory$Log4jLogger.debug(_Log4jLoggerFactory.java:45)) - TemplateLoader.findTemplateSource("Extent_en_US.ftl"): Not found
2021-6-26 18:5:606 1383 DEBUG [TestNG-test=Lemonade Test Cases-5] (_Log4jLoggerFactory.java:freemarker.log._Log4jLoggerFactory$Log4jLogger.debug(_Log4jLoggerFactory.java:45)) - TemplateLoader.findTemplateSource("Extent_en.ftl"): Not found
2021-6-26 18:5:609 1386 DEBUG [TestNG-test=Lemonade Test Cases-5] (_Log4jLoggerFactory.java:freemarker.log._Log4jLoggerFactory$Log4jLogger.debug(_Log4jLoggerFactory.java:45)) - TemplateLoader.findTemplateSource("Extent.ftl"): Found
2021-6-26 18:5:609 1386 DEBUG [TestNG-test=Lemonade Test Cases-5] (_Log4jLoggerFactory.java:freemarker.log._Log4jLoggerFactory$Log4jLogger.debug(_Log4jLoggerFactory.java:45)) - Loading template for "Extent.ftl"("en_US", UTF-8, parsed) from "jar:file:/C:/Users/SaranyaRamamoorthy/.m2/repository/com/relevantcodes/extentreports/2.41.2/extentreports-2.41.2.jar!/com/relevantcodes/extentreports/view/Extent.ftl"
2021-6-26 18:5:690 1467 DEBUG [TestNG-test=Lemonade Test Cases-6] (_Log4jLoggerFactory.java:freemarker.log._Log4jLoggerFactory$Log4jLogger.debug(_Log4jLoggerFactory.java:45)) - Couldn't find template in cache for "Extent.ftl"("en_US", UTF-8, parsed); will try to load it.
2021-6-26 18:5:691 1468 DEBUG [TestNG-test=Lemonade Test Cases-6] (_Log4jLoggerFactory.java:freemarker.log._Log4jLoggerFactory$Log4jLogger.debug(_Log4jLoggerFactory.java:45)) - TemplateLoader.findTemplateSource("Extent_en_US.ftl"): Not found
2021-6-26 18:5:691 1468 INFO  [TestNG-test=Lemonade Test Cases-5] (ExtentManager.java:com.att.lemonade.utilities.ExtentManager.getTestKey(ExtentManager.java:104)) - Key=3[{accountName=, firstName=, password=December@2019, svidName=, primaryCountry=, recordCount=, successMessage=Wireline, username=sr644a, responseTime=, SVID=, filterOnEmailAndPhone=, primaryState=, primaryCity=, primaryPhone=, lastName=, managementLevel=, description=FieldSearch, department=, globalSearch=, primaryZip=, subAcctId=S42P69, runmode=Y, title=}]
2021-6-26 18:5:692 1469 DEBUG [TestNG-test=Lemonade Test Cases-6] (_Log4jLoggerFactory.java:freemarker.log._Log4jLoggerFactory$Log4jLogger.debug(_Log4jLoggerFactory.java:45)) - TemplateLoader.findTemplateSource("Extent_en.ftl"): Not found
2021-6-26 18:5:694 1471 DEBUG [TestNG-test=Lemonade Test Cases-6] (_Log4jLoggerFactory.java:freemarker.log._Log4jLoggerFactory$Log4jLogger.debug(_Log4jLoggerFactory.java:45)) - TemplateLoader.findTemplateSource("Extent.ftl"): Found
2021-6-26 18:5:695 1472 DEBUG [TestNG-test=Lemonade Test Cases-6] (_Log4jLoggerFactory.java:freemarker.log._Log4jLoggerFactory$Log4jLogger.debug(_Log4jLoggerFactory.java:45)) - Loading template for "Extent.ftl"("en_US", UTF-8, parsed) from "jar:file:/C:/Users/SaranyaRamamoorthy/.m2/repository/com/relevantcodes/extentreports/2.41.2/extentreports-2.41.2.jar!/com/relevantcodes/extentreports/view/Extent.ftl"
2021-6-26 18:5:773 1550 INFO  [TestNG-test=Lemonade Test Cases-6] (ExtentManager.java:com.att.lemonade.utilities.ExtentManager.getTestKey(ExtentManager.java:104)) - Key=3[{attuid=, accountName=, firstName=, password=December@2019, svidName=, primaryCountry=, recordCount=400 records, columnDisplayVisible=Email,Department, successMessage=Wireline, username=sr644a, responseTime=1392 Milliseconds, filterOnEmailAndPhone=, SVID=, primaryState=, primaryCity=, primaryPhone=, lastName=, managementLevel=, description=FieldSearch, department=, globalSearch=, primaryZip=, subAcctId=, runmode=N, title=}]
2021-6-26 18:5:773 1550 DEBUG [TestNG-test=Lemonade Test Cases-1] (_Log4jLoggerFactory.java:freemarker.log._Log4jLoggerFactory$Log4jLogger.debug(_Log4jLoggerFactory.java:45)) - Couldn't find template in cache for "Extent.ftl"("en_US", UTF-8, parsed); will try to load it.
2021-6-26 18:5:775 1552 DEBUG [TestNG-test=Lemonade Test Cases-1] (_Log4jLoggerFactory.java:freemarker.log._Log4jLoggerFactory$Log4jLogger.debug(_Log4jLoggerFactory.java:45)) - TemplateLoader.findTemplateSource("Extent_en_US.ftl"): Not found
2021-6-26 18:5:776 1553 DEBUG [TestNG-test=Lemonade Test Cases-1] (_Log4jLoggerFactory.java:freemarker.log._Log4jLoggerFactory$Log4jLogger.debug(_Log4jLoggerFactory.java:45)) - TemplateLoader.findTemplateSource("Extent_en.ftl"): Not found
2021-6-26 18:5:777 1554 DEBUG [TestNG-test=Lemonade Test Cases-1] (_Log4jLoggerFactory.java:freemarker.log._Log4jLoggerFactory$Log4jLogger.debug(_Log4jLoggerFactory.java:45)) - TemplateLoader.findTemplateSource("Extent.ftl"): Found
2021-6-26 18:5:777 1554 DEBUG [TestNG-test=Lemonade Test Cases-1] (_Log4jLoggerFactory.java:freemarker.log._Log4jLoggerFactory$Log4jLogger.debug(_Log4jLoggerFactory.java:45)) - Loading template for "Extent.ftl"("en_US", UTF-8, parsed) from "jar:file:/C:/Users/SaranyaRamamoorthy/.m2/repository/com/relevantcodes/extentreports/2.41.2/extentreports-2.41.2.jar!/com/relevantcodes/extentreports/view/Extent.ftl"
2021-6-26 18:5:864 1641 INFO  [TestNG-test=Lemonade Test Cases-1] (ExtentManager.java:com.att.lemonade.utilities.ExtentManager.getTestKey(ExtentManager.java:104)) - Key=3[{accountName=, SICCode=, password=December@2019, ownerName=, svidName=, recordCount=400 records, priorYearTBRMaxValue=, SICDescription=, successMessage=Wireline, username=sr644a, nAICSDescription=, FNIndicator=, responseTime=1158 Milliseconds, SVID=, primaryState=, percentageFiber=, primaryCity=, primaryPhone=, fiberEligible=, accountStatus=, nAICSCode=, description=Global search, globalSearch=, priorYearTBRMinValue=100.0, primaryZip=, primaryStreet=, subAcctId=, runmode=N, NoOfOpptys=}]
String valueN
]]></system-out>
  </testcase>
  <testcase name="TC02_My_Accounts_Flow" classname="com.att.lemonade.testcases.TC02_My_Accounts" time="0">
    <skipped message="Test Case[TC02_MY_ACCOUNTS_FLOW:data-row-4]==&gt;is disabled"/>
    <system-out><![CDATA[2021-6-26 18:5:10 1787 INFO  [TestNG-test=Lemonade Test Cases-5] (ExtentManager.java:com.att.lemonade.utilities.ExtentManager.getTestKey(ExtentManager.java:104)) - Key=3[{accountName=, firstName=, password=December@2019, svidName=, primaryCountry=, recordCount=, successMessage=Wireline, username=sr644a, responseTime=, SVID=, filterOnEmailAndPhone=, primaryState=, primaryCity=, primaryPhone=, lastName=, managementLevel=, description=FieldSearch, department=, globalSearch=, primaryZip=, subAcctId=S42P69, runmode=Y, title=}]
2021-6-26 18:5:10 1787 DEBUG [TestNG-test=Lemonade Test Cases-4] (_Log4jLoggerFactory.java:freemarker.log._Log4jLoggerFactory$Log4jLogger.debug(_Log4jLoggerFactory.java:45)) - Couldn't find template in cache for "Extent.ftl"("en_US", UTF-8, parsed); will try to load it.
2021-6-26 18:5:10 1787 INFO  [TestNG-test=Lemonade Test Cases-3] (ExtentManager.java:com.att.lemonade.utilities.ExtentManager.getTestKey(ExtentManager.java:104)) - Key=3[{attuid=DE144B, accountName=, SICCode=, password=December@2019, ownerName=, svidName=, recordCount=1 records, priorYearTBRMaxValue=, SICDescription=, successMessage=Wireline, username=sr644a, nAICSDescription=, FNIndicator=, responseTime=92 MilliSeconds, SVID=, primaryState=, percentageFiber=, primaryCity=, primaryPhone=, fiberEligible=, accountStatus=, nAICSCode=, description=Global search, globalSearch=, priorYearTBRMinValue=100.0, primaryZip=, primaryStreet=, subAcctId=SHZHH7, runmode=N, NoOfOpptys=}]
2021-6-26 18:5:12 1789 DEBUG [TestNG-test=Lemonade Test Cases-4] (_Log4jLoggerFactory.java:freemarker.log._Log4jLoggerFactory$Log4jLogger.debug(_Log4jLoggerFactory.java:45)) - TemplateLoader.findTemplateSource("Extent_en_US.ftl"): Not found
2021-6-26 18:5:13 1790 DEBUG [TestNG-test=Lemonade Test Cases-4] (_Log4jLoggerFactory.java:freemarker.log._Log4jLoggerFactory$Log4jLogger.debug(_Log4jLoggerFactory.java:45)) - TemplateLoader.findTemplateSource("Extent_en.ftl"): Not found
2021-6-26 18:5:14 1791 DEBUG [TestNG-test=Lemonade Test Cases-4] (_Log4jLoggerFactory.java:freemarker.log._Log4jLoggerFactory$Log4jLogger.debug(_Log4jLoggerFactory.java:45)) - TemplateLoader.findTemplateSource("Extent.ftl"): Found
2021-6-26 18:5:14 1791 DEBUG [TestNG-test=Lemonade Test Cases-4] (_Log4jLoggerFactory.java:freemarker.log._Log4jLoggerFactory$Log4jLogger.debug(_Log4jLoggerFactory.java:45)) - Loading template for "Extent.ftl"("en_US", UTF-8, parsed) from "jar:file:/C:/Users/SaranyaRamamoorthy/.m2/repository/com/relevantcodes/extentreports/2.41.2/extentreports-2.41.2.jar!/com/relevantcodes/extentreports/view/Extent.ftl"
String valueN
]]></system-out>
  </testcase>
  <testcase name="TC02_My_Accounts_Flow" classname="com.att.lemonade.testcases.TC02_My_Accounts" time="0">
    <skipped message="Test Case[TC02_MY_ACCOUNTS_FLOW:data-row-5]==&gt;is disabled"/>
    <system-out><![CDATA[2021-6-26 18:5:245 2022 INFO  [TestNG-test=Lemonade Test Cases-3] (ExtentManager.java:com.att.lemonade.utilities.ExtentManager.getTestKey(ExtentManager.java:104)) - Key=3[{attuid=DE144B, accountName=, SICCode=, password=December@2019, ownerName=, svidName=, recordCount=1 records, priorYearTBRMaxValue=, SICDescription=, successMessage=Wireline, username=sr644a, nAICSDescription=, FNIndicator=, responseTime=92 MilliSeconds, SVID=, primaryState=, percentageFiber=, primaryCity=, primaryPhone=, fiberEligible=, accountStatus=, nAICSCode=, description=Global search, globalSearch=, priorYearTBRMinValue=100.0, primaryZip=, primaryStreet=, subAcctId=SHZHH7, runmode=N, NoOfOpptys=}]
2021-6-26 18:5:246 2023 DEBUG [TestNG-test=Lemonade Test Cases-3] (_Log4jLoggerFactory.java:freemarker.log._Log4jLoggerFactory$Log4jLogger.debug(_Log4jLoggerFactory.java:45)) - Couldn't find template in cache for "Extent.ftl"("en_US", UTF-8, parsed); will try to load it.
2021-6-26 18:5:247 2024 DEBUG [TestNG-test=Lemonade Test Cases-3] (_Log4jLoggerFactory.java:freemarker.log._Log4jLoggerFactory$Log4jLogger.debug(_Log4jLoggerFactory.java:45)) - TemplateLoader.findTemplateSource("Extent_en_US.ftl"): Not found
2021-6-26 18:5:251 2028 DEBUG [TestNG-test=Lemonade Test Cases-3] (_Log4jLoggerFactory.java:freemarker.log._Log4jLoggerFactory$Log4jLogger.debug(_Log4jLoggerFactory.java:45)) - TemplateLoader.findTemplateSource("Extent_en.ftl"): Not found
2021-6-26 18:5:257 2034 DEBUG [TestNG-test=Lemonade Test Cases-3] (_Log4jLoggerFactory.java:freemarker.log._Log4jLoggerFactory$Log4jLogger.debug(_Log4jLoggerFactory.java:45)) - TemplateLoader.findTemplateSource("Extent.ftl"): Found
2021-6-26 18:5:257 2034 DEBUG [TestNG-test=Lemonade Test Cases-3] (_Log4jLoggerFactory.java:freemarker.log._Log4jLoggerFactory$Log4jLogger.debug(_Log4jLoggerFactory.java:45)) - Loading template for "Extent.ftl"("en_US", UTF-8, parsed) from "jar:file:/C:/Users/SaranyaRamamoorthy/.m2/repository/com/relevantcodes/extentreports/2.41.2/extentreports-2.41.2.jar!/com/relevantcodes/extentreports/view/Extent.ftl"
2021-6-26 18:5:260 2037 INFO  [TestNG-test=Lemonade Test Cases-1] (ExtentManager.java:com.att.lemonade.utilities.ExtentManager.getTestKey(ExtentManager.java:104)) - Key=5[{accountName=, SICCode=, password=December@2019, ownerName=, svidName=, recordCount=400 records, priorYearTBRMaxValue=, SICDescription=, successMessage=Wireline, username=sr644a, nAICSDescription=, FNIndicator=, responseTime=1122 Milliseconds, SVID=, primaryState=, percentageFiber=, primaryCity=, primaryPhone=, fiberEligible=, accountStatus=Prospect, nAICSCode=, description=Global search, globalSearch=, priorYearTBRMinValue=, primaryZip=, primaryStreet=, subAcctId=, runmode=N, NoOfOpptys=}]
2021-6-26 18:5:310 2087 INFO  [TestNG-test=Lemonade Test Cases-3] (ExtentManager.java:com.att.lemonade.utilities.ExtentManager.getTestKey(ExtentManager.java:104)) - Key=4[{attuid=DE144B, accountName=, SICCode=, password=December@2019, ownerName=, svidName=HOME DEPOT, recordCount=400 records, priorYearTBRMaxValue=2.0, SICDescription=, successMessage=Wireline, username=sr644a, nAICSDescription=, FNIndicator=, responseTime=669 MilliSeconds, SVID=, primaryState=, percentageFiber=, primaryCity=, primaryPhone=, fiberEligible=, accountStatus=, nAICSCode=, description=Global search, globalSearch=, priorYearTBRMinValue=, primaryZip=, primaryStreet=, subAcctId=, runmode=N, NoOfOpptys=}]
2021-6-26 18:5:310 2087 DEBUG [TestNG-test=Lemonade Test Cases-5] (_Log4jLoggerFactory.java:freemarker.log._Log4jLoggerFactory$Log4jLogger.debug(_Log4jLoggerFactory.java:45)) - Couldn't find template in cache for "Extent.ftl"("en_US", UTF-8, parsed); will try to load it.
2021-6-26 18:5:311 2088 DEBUG [TestNG-test=Lemonade Test Cases-5] (_Log4jLoggerFactory.java:freemarker.log._Log4jLoggerFactory$Log4jLogger.debug(_Log4jLoggerFactory.java:45)) - TemplateLoader.findTemplateSource("Extent_en_US.ftl"): Not found
2021-6-26 18:5:312 2089 DEBUG [TestNG-test=Lemonade Test Cases-5] (_Log4jLoggerFactory.java:freemarker.log._Log4jLoggerFactory$Log4jLogger.debug(_Log4jLoggerFactory.java:45)) - TemplateLoader.findTemplateSource("Extent_en.ftl"): Not found
2021-6-26 18:5:313 2090 DEBUG [TestNG-test=Lemonade Test Cases-5] (_Log4jLoggerFactory.java:freemarker.log._Log4jLoggerFactory$Log4jLogger.debug(_Log4jLoggerFactory.java:45)) - TemplateLoader.findTemplateSource("Extent.ftl"): Found
2021-6-26 18:5:313 2090 DEBUG [TestNG-test=Lemonade Test Cases-5] (_Log4jLoggerFactory.java:freemarker.log._Log4jLoggerFactory$Log4jLogger.debug(_Log4jLoggerFactory.java:45)) - Loading template for "Extent.ftl"("en_US", UTF-8, parsed) from "jar:file:/C:/Users/SaranyaRamamoorthy/.m2/repository/com/relevantcodes/extentreports/2.41.2/extentreports-2.41.2.jar!/com/relevantcodes/extentreports/view/Extent.ftl"
String valueN
]]></system-out>
  </testcase>
  <testcase name="TC02_My_Accounts_Flow" classname="com.att.lemonade.testcases.TC02_My_Accounts" time="0">
    <skipped message="Test Case[TC02_MY_ACCOUNTS_FLOW:data-row-6]==&gt;is disabled"/>
    <system-out><![CDATA[2021-6-26 18:5:380 2157 INFO  [TestNG-test=Lemonade Test Cases-4] (ExtentManager.java:com.att.lemonade.utilities.ExtentManager.getTestKey(ExtentManager.java:104)) - Key=6[{attuid=, SICCode=, password=December@2019, ownerName=, svidName=, primaryCountry=, recordCount=400 records, priorYearTBRMaxValue=, successMessage=Wireline, SICDescription=, username=sr644a, nAICSDescription=, responseTime=457 Milliseconds, DomSubAcct=, SVID=, DUNSNumber=, primaryState=, primaryCity=, nAICSCode=, description=Global Search, globalSearch=2655 S 11TH ST, priorYearTBRMinValue=, runmode=Y}]
2021-6-26 18:5:380 2157 DEBUG [TestNG-test=Lemonade Test Cases-6] (_Log4jLoggerFactory.java:freemarker.log._Log4jLoggerFactory$Log4jLogger.debug(_Log4jLoggerFactory.java:45)) - Couldn't find template in cache for "Extent.ftl"("en_US", UTF-8, parsed); will try to load it.
2021-6-26 18:5:382 2159 DEBUG [TestNG-test=Lemonade Test Cases-6] (_Log4jLoggerFactory.java:freemarker.log._Log4jLoggerFactory$Log4jLogger.debug(_Log4jLoggerFactory.java:45)) - TemplateLoader.findTemplateSource("Extent_en_US.ftl"): Not found
2021-6-26 18:5:380 2157 INFO  [TestNG-test=Lemonade Test Cases-5] (ExtentManager.java:com.att.lemonade.utilities.ExtentManager.getTestKey(ExtentManager.java:104)) - Key=4[{accountName=, firstName=, password=December@2019, svidName=, primaryCountry=, recordCount=, successMessage=Wireline, username=sr644a, responseTime=, SVID=T008T7, filterOnEmailAndPhone=, primaryState=, primaryCity=, primaryPhone=, lastName=, managementLevel=, description=FieldSearch, department=, globalSearch=, primaryZip=, subAcctId=, runmode=Y, title=}]
2021-6-26 18:5:383 2160 DEBUG [TestNG-test=Lemonade Test Cases-6] (_Log4jLoggerFactory.java:freemarker.log._Log4jLoggerFactory$Log4jLogger.debug(_Log4jLoggerFactory.java:45)) - TemplateLoader.findTemplateSource("Extent_en.ftl"): Not found
2021-6-26 18:5:384 2161 DEBUG [TestNG-test=Lemonade Test Cases-6] (_Log4jLoggerFactory.java:freemarker.log._Log4jLoggerFactory$Log4jLogger.debug(_Log4jLoggerFactory.java:45)) - TemplateLoader.findTemplateSource("Extent.ftl"): Found
2021-6-26 18:5:384 2161 DEBUG [TestNG-test=Lemonade Test Cases-6] (_Log4jLoggerFactory.java:freemarker.log._Log4jLoggerFactory$Log4jLogger.debug(_Log4jLoggerFactory.java:45)) - Loading template for "Extent.ftl"("en_US", UTF-8, parsed) from "jar:file:/C:/Users/SaranyaRamamoorthy/.m2/repository/com/relevantcodes/extentreports/2.41.2/extentreports-2.41.2.jar!/com/relevantcodes/extentreports/view/Extent.ftl"
2021-6-26 18:5:442 2219 DEBUG [TestNG-test=Lemonade Test Cases-1] (_Log4jLoggerFactory.java:freemarker.log._Log4jLoggerFactory$Log4jLogger.debug(_Log4jLoggerFactory.java:45)) - Couldn't find template in cache for "Extent.ftl"("en_US", UTF-8, parsed); will try to load it.
2021-6-26 18:5:443 2220 DEBUG [TestNG-test=Lemonade Test Cases-1] (_Log4jLoggerFactory.java:freemarker.log._Log4jLoggerFactory$Log4jLogger.debug(_Log4jLoggerFactory.java:45)) - TemplateLoader.findTemplateSource("Extent_en_US.ftl"): Not found
2021-6-26 18:5:444 2221 DEBUG [TestNG-test=Lemonade Test Cases-1] (_Log4jLoggerFactory.java:freemarker.log._Log4jLoggerFactory$Log4jLogger.debug(_Log4jLoggerFactory.java:45)) - TemplateLoader.findTemplateSource("Extent_en.ftl"): Not found
2021-6-26 18:5:445 2222 DEBUG [TestNG-test=Lemonade Test Cases-1] (_Log4jLoggerFactory.java:freemarker.log._Log4jLoggerFactory$Log4jLogger.debug(_Log4jLoggerFactory.java:45)) - TemplateLoader.findTemplateSource("Extent.ftl"): Found
2021-6-26 18:5:445 2222 DEBUG [TestNG-test=Lemonade Test Cases-1] (_Log4jLoggerFactory.java:freemarker.log._Log4jLoggerFactory$Log4jLogger.debug(_Log4jLoggerFactory.java:45)) - Loading template for "Extent.ftl"("en_US", UTF-8, parsed) from "jar:file:/C:/Users/SaranyaRamamoorthy/.m2/repository/com/relevantcodes/extentreports/2.41.2/extentreports-2.41.2.jar!/com/relevantcodes/extentreports/view/Extent.ftl"
2021-6-26 18:5:442 2219 INFO  [TestNG-test=Lemonade Test Cases-6] (ExtentManager.java:com.att.lemonade.utilities.ExtentManager.getTestKey(ExtentManager.java:104)) - Key=4[{attuid=lt1615, accountName=, firstName=, password=December@2019, svidName=, primaryCountry=, recordCount=400 records, columnDisplayVisible=Title, successMessage=Wireline, username=sr644a, responseTime=87 Milliseconds, filterOnEmailAndPhone=, SVID=T008T7, primaryState=, primaryCity=, primaryPhone=, lastName=, managementLevel=, description=FieldSearch, department=, globalSearch=, primaryZip=, subAcctId=, runmode=N, title=}]
2021-6-26 18:5:512 2289 INFO  [TestNG-test=Lemonade Test Cases-1] (ExtentManager.java:com.att.lemonade.utilities.ExtentManager.getTestKey(ExtentManager.java:104)) - Key=6[{accountName=, SICCode=, password=December@2019, ownerName=, svidName=, recordCount=400 records, priorYearTBRMaxValue=, SICDescription=, successMessage=Wireline, username=sr644a, nAICSDescription=, FNIndicator=, responseTime=981 Milliseconds, SVID=, primaryState=, percentageFiber=, primaryCity=, primaryPhone=, fiberEligible=, accountStatus=Active, nAICSCode=, description=Global search, globalSearch=, priorYearTBRMinValue=, primaryZip=, primaryStreet=, subAcctId=, runmode=N, NoOfOpptys=}]
String valueN
]]></system-out>
  </testcase>
  <testcase name="TC02_My_Accounts_Flow" classname="com.att.lemonade.testcases.TC02_My_Accounts" time="0">
    <skipped message="Test Case[TC02_MY_ACCOUNTS_FLOW:data-row-7]==&gt;is disabled"/>
    <system-out><![CDATA[2021-6-26 18:5:598 2375 INFO  [TestNG-test=Lemonade Test Cases-6] (ExtentManager.java:com.att.lemonade.utilities.ExtentManager.getTestKey(ExtentManager.java:104)) - Key=4[{attuid=lt1615, accountName=, firstName=, password=December@2019, svidName=, primaryCountry=, recordCount=400 records, columnDisplayVisible=Title, successMessage=Wireline, username=sr644a, responseTime=87 Milliseconds, filterOnEmailAndPhone=, SVID=T008T7, primaryState=, primaryCity=, primaryPhone=, lastName=, managementLevel=, description=FieldSearch, department=, globalSearch=, primaryZip=, subAcctId=, runmode=N, title=}]
2021-6-26 18:5:599 2376 INFO  [TestNG-test=Lemonade Test Cases-1] (ExtentManager.java:com.att.lemonade.utilities.ExtentManager.getTestKey(ExtentManager.java:104)) - Key=7[{accountName=, SICCode=, password=December@2019, ownerName=, svidName=, recordCount=400 records, priorYearTBRMaxValue=, SICDescription=, successMessage=Wireline, username=sr644a, nAICSDescription=, FNIndicator=, responseTime=614 Milliseconds, SVID=, primaryState=, percentageFiber=, primaryCity=, primaryPhone=, fiberEligible=, accountStatus=Inactive, nAICSCode=, description=Global search, globalSearch=, priorYearTBRMinValue=, primaryZip=, primaryStreet=, subAcctId=, runmode=N, NoOfOpptys=}]
2021-6-26 18:5:599 2376 INFO  [TestNG-test=Lemonade Test Cases-3] (ExtentManager.java:com.att.lemonade.utilities.ExtentManager.getTestKey(ExtentManager.java:104)) - Key=4[{attuid=DE144B, accountName=, SICCode=, password=December@2019, ownerName=, svidName=HOME DEPOT, recordCount=400 records, priorYearTBRMaxValue=2.0, SICDescription=, successMessage=Wireline, username=sr644a, nAICSDescription=, FNIndicator=, responseTime=669 MilliSeconds, SVID=, primaryState=, percentageFiber=, primaryCity=, primaryPhone=, fiberEligible=, accountStatus=, nAICSCode=, description=Global search, globalSearch=, priorYearTBRMinValue=, primaryZip=, primaryStreet=, subAcctId=, runmode=N, NoOfOpptys=}]
2021-6-26 18:5:598 2375 DEBUG [TestNG-test=Lemonade Test Cases-5] (_Log4jLoggerFactory.java:freemarker.log._Log4jLoggerFactory$Log4jLogger.debug(_Log4jLoggerFactory.java:45)) - Couldn't find template in cache for "Extent.ftl"("en_US", UTF-8, parsed); will try to load it.
2021-6-26 18:5:603 2380 DEBUG [TestNG-test=Lemonade Test Cases-5] (_Log4jLoggerFactory.java:freemarker.log._Log4jLoggerFactory$Log4jLogger.debug(_Log4jLoggerFactory.java:45)) - TemplateLoader.findTemplateSource("Extent_en_US.ftl"): Not found
2021-6-26 18:5:605 2382 DEBUG [TestNG-test=Lemonade Test Cases-5] (_Log4jLoggerFactory.java:freemarker.log._Log4jLoggerFactory$Log4jLogger.debug(_Log4jLoggerFactory.java:45)) - TemplateLoader.findTemplateSource("Extent_en.ftl"): Not found
2021-6-26 18:5:606 2383 DEBUG [TestNG-test=Lemonade Test Cases-5] (_Log4jLoggerFactory.java:freemarker.log._Log4jLoggerFactory$Log4jLogger.debug(_Log4jLoggerFactory.java:45)) - TemplateLoader.findTemplateSource("Extent.ftl"): Found
2021-6-26 18:5:606 2383 DEBUG [TestNG-test=Lemonade Test Cases-5] (_Log4jLoggerFactory.java:freemarker.log._Log4jLoggerFactory$Log4jLogger.debug(_Log4jLoggerFactory.java:45)) - Loading template for "Extent.ftl"("en_US", UTF-8, parsed) from "jar:file:/C:/Users/SaranyaRamamoorthy/.m2/repository/com/relevantcodes/extentreports/2.41.2/extentreports-2.41.2.jar!/com/relevantcodes/extentreports/view/Extent.ftl"
2021-6-26 18:5:656 2433 DEBUG [TestNG-test=Lemonade Test Cases-4] (_Log4jLoggerFactory.java:freemarker.log._Log4jLoggerFactory$Log4jLogger.debug(_Log4jLoggerFactory.java:45)) - Couldn't find template in cache for "Extent.ftl"("en_US", UTF-8, parsed); will try to load it.
2021-6-26 18:5:657 2434 DEBUG [TestNG-test=Lemonade Test Cases-4] (_Log4jLoggerFactory.java:freemarker.log._Log4jLoggerFactory$Log4jLogger.debug(_Log4jLoggerFactory.java:45)) - TemplateLoader.findTemplateSource("Extent_en_US.ftl"): Not found
2021-6-26 18:5:659 2436 DEBUG [TestNG-test=Lemonade Test Cases-4] (_Log4jLoggerFactory.java:freemarker.log._Log4jLoggerFactory$Log4jLogger.debug(_Log4jLoggerFactory.java:45)) - TemplateLoader.findTemplateSource("Extent_en.ftl"): Not found
2021-6-26 18:5:661 2438 DEBUG [TestNG-test=Lemonade Test Cases-4] (_Log4jLoggerFactory.java:freemarker.log._Log4jLoggerFactory$Log4jLogger.debug(_Log4jLoggerFactory.java:45)) - TemplateLoader.findTemplateSource("Extent.ftl"): Found
2021-6-26 18:5:661 2438 DEBUG [TestNG-test=Lemonade Test Cases-4] (_Log4jLoggerFactory.java:freemarker.log._Log4jLoggerFactory$Log4jLogger.debug(_Log4jLoggerFactory.java:45)) - Loading template for "Extent.ftl"("en_US", UTF-8, parsed) from "jar:file:/C:/Users/SaranyaRamamoorthy/.m2/repository/com/relevantcodes/extentreports/2.41.2/extentreports-2.41.2.jar!/com/relevantcodes/extentreports/view/Extent.ftl"
2021-6-26 18:5:662 2439 INFO  [TestNG-test=Lemonade Test Cases-5] (ExtentManager.java:com.att.lemonade.utilities.ExtentManager.getTestKey(ExtentManager.java:104)) - Key=5[{accountName=, firstName=, password=December@2020, svidName=OKLAHOMA STATE UNIV, primaryCountry=, recordCount=, successMessage=Wireline, username=sr644a, responseTime=, SVID=, filterOnEmailAndPhone=, primaryState=, primaryCity=, primaryPhone=, lastName=, managementLevel=, description=FieldSearch, department=, globalSearch=, primaryZip=, subAcctId=, runmode=Y, title=}]
2021-6-26 18:5:712 2489 DEBUG [TestNG-test=Lemonade Test Cases-3] (_Log4jLoggerFactory.java:freemarker.log._Log4jLoggerFactory$Log4jLogger.debug(_Log4jLoggerFactory.java:45)) - Couldn't find template in cache for "Extent.ftl"("en_US", UTF-8, parsed); will try to load it.
2021-6-26 18:5:714 2491 DEBUG [TestNG-test=Lemonade Test Cases-3] (_Log4jLoggerFactory.java:freemarker.log._Log4jLoggerFactory$Log4jLogger.debug(_Log4jLoggerFactory.java:45)) - TemplateLoader.findTemplateSource("Extent_en_US.ftl"): Not found
2021-6-26 18:5:715 2492 DEBUG [TestNG-test=Lemonade Test Cases-3] (_Log4jLoggerFactory.java:freemarker.log._Log4jLoggerFactory$Log4jLogger.debug(_Log4jLoggerFactory.java:45)) - TemplateLoader.findTemplateSource("Extent_en.ftl"): Not found
2021-6-26 18:5:716 2493 DEBUG [TestNG-test=Lemonade Test Cases-3] (_Log4jLoggerFactory.java:freemarker.log._Log4jLoggerFactory$Log4jLogger.debug(_Log4jLoggerFactory.java:45)) - TemplateLoader.findTemplateSource("Extent.ftl"): Found
2021-6-26 18:5:717 2494 DEBUG [TestNG-test=Lemonade Test Cases-3] (_Log4jLoggerFactory.java:freemarker.log._Log4jLoggerFactory$Log4jLogger.debug(_Log4jLoggerFactory.java:45)) - Loading template for "Extent.ftl"("en_US", UTF-8, parsed) from "jar:file:/C:/Users/SaranyaRamamoorthy/.m2/repository/com/relevantcodes/extentreports/2.41.2/extentreports-2.41.2.jar!/com/relevantcodes/extentreports/view/Extent.ftl"
2021-6-26 18:5:729 2506 INFO  [TestNG-test=Lemonade Test Cases-4] (ExtentManager.java:com.att.lemonade.utilities.ExtentManager.getTestKey(ExtentManager.java:104)) - Key=7[{attuid=, SICCode=, password=December@2019, ownerName=, svidName=, primaryCountry=, recordCount=400 records, priorYearTBRMaxValue=, successMessage=Wireline, SICDescription=, username=sr644a, nAICSDescription=, responseTime=563 Milliseconds, DomSubAcct=, SVID=, DUNSNumber=, primaryState=, primaryCity=, nAICSCode=, description=Global Search, globalSearch=JESUS VILLEGAS, priorYearTBRMinValue=, runmode=Y}]
String valueN
]]></system-out>
  </testcase>
  <testcase name="TC02_My_Accounts_Flow" classname="com.att.lemonade.testcases.TC02_My_Accounts" time="0">
    <skipped message="Test Case[TC02_MY_ACCOUNTS_FLOW:data-row-8]==&gt;is disabled"/>
  </testcase>
  <testcase name="TC02_My_Accounts_Flow" classname="com.att.lemonade.testcases.TC02_My_Accounts" time="0">
    <skipped message="Test Case[TC02_MY_ACCOUNTS_FLOW:data-row-9]==&gt;is disabled"/>
    <system-out><![CDATA[2021-6-26 18:5:167 2944 INFO  [TestNG-test=Lemonade Test Cases-3] (ExtentManager.java:com.att.lemonade.utilities.ExtentManager.getTestKey(ExtentManager.java:104)) - Key=6[{attuid=DE144B, accountName=, SICCode=, password=December@2019, ownerName=, svidName=, recordCount=400 records, priorYearTBRMaxValue=, SICDescription=, successMessage=Wireline, username=sr644a, nAICSDescription=, FNIndicator=, responseTime=747 MilliSeconds, SVID=, primaryState=, percentageFiber=, primaryCity=, primaryPhone=, fiberEligible=, accountStatus=Active, nAICSCode=, description=Global search, globalSearch=, priorYearTBRMinValue=, primaryZip=, primaryStreet=, subAcctId=, runmode=N, NoOfOpptys=}]
2021-6-26 18:5:168 2945 DEBUG [TestNG-test=Lemonade Test Cases-3] (_Log4jLoggerFactory.java:freemarker.log._Log4jLoggerFactory$Log4jLogger.debug(_Log4jLoggerFactory.java:45)) - Couldn't find template in cache for "Extent.ftl"("en_US", UTF-8, parsed); will try to load it.
2021-6-26 18:5:168 2945 DEBUG [TestNG-test=Lemonade Test Cases-3] (_Log4jLoggerFactory.java:freemarker.log._Log4jLoggerFactory$Log4jLogger.debug(_Log4jLoggerFactory.java:45)) - TemplateLoader.findTemplateSource("Extent_en_US.ftl"): Not found
2021-6-26 18:5:169 2946 DEBUG [TestNG-test=Lemonade Test Cases-3] (_Log4jLoggerFactory.java:freemarker.log._Log4jLoggerFactory$Log4jLogger.debug(_Log4jLoggerFactory.java:45)) - TemplateLoader.findTemplateSource("Extent_en.ftl"): Not found
2021-6-26 18:5:170 2947 DEBUG [TestNG-test=Lemonade Test Cases-3] (_Log4jLoggerFactory.java:freemarker.log._Log4jLoggerFactory$Log4jLogger.debug(_Log4jLoggerFactory.java:45)) - TemplateLoader.findTemplateSource("Extent.ftl"): Found
2021-6-26 18:5:170 2947 DEBUG [TestNG-test=Lemonade Test Cases-3] (_Log4jLoggerFactory.java:freemarker.log._Log4jLoggerFactory$Log4jLogger.debug(_Log4jLoggerFactory.java:45)) - Loading template for "Extent.ftl"("en_US", UTF-8, parsed) from "jar:file:/C:/Users/SaranyaRamamoorthy/.m2/repository/com/relevantcodes/extentreports/2.41.2/extentreports-2.41.2.jar!/com/relevantcodes/extentreports/view/Extent.ftl"
2021-6-26 18:5:181 2958 INFO  [TestNG-test=Lemonade Test Cases-4] (ExtentManager.java:com.att.lemonade.utilities.ExtentManager.getTestKey(ExtentManager.java:104)) - Key=9[{attuid=, SICCode=, password=December@2019, ownerName=, svidName=10 MINUTE FITNESS INC, primaryCountry=, recordCount=1 records, priorYearTBRMaxValue=, successMessage=Wireline, SICDescription=, username=sr644a, nAICSDescription=, responseTime=261 Milliseconds, DomSubAcct=, SVID=, DUNSNumber=, primaryState=, primaryCity=, nAICSCode=, description=Field level Search with ATTUID and svid name, globalSearch=, priorYearTBRMinValue=, runmode=Y}]
2021-6-26 18:5:208 2985 DEBUG [TestNG-test=Lemonade Test Cases-6] (_Log4jLoggerFactory.java:freemarker.log._Log4jLoggerFactory$Log4jLogger.debug(_Log4jLoggerFactory.java:45)) - Couldn't find template in cache for "Extent.ftl"("en_US", UTF-8, parsed); will try to load it.
2021-6-26 18:5:210 2987 DEBUG [TestNG-test=Lemonade Test Cases-6] (_Log4jLoggerFactory.java:freemarker.log._Log4jLoggerFactory$Log4jLogger.debug(_Log4jLoggerFactory.java:45)) - TemplateLoader.findTemplateSource("Extent_en_US.ftl"): Not found
2021-6-26 18:5:210 2987 DEBUG [TestNG-test=Lemonade Test Cases-6] (_Log4jLoggerFactory.java:freemarker.log._Log4jLoggerFactory$Log4jLogger.debug(_Log4jLoggerFactory.java:45)) - TemplateLoader.findTemplateSource("Extent_en.ftl"): Not found
2021-6-26 18:5:211 2988 DEBUG [TestNG-test=Lemonade Test Cases-6] (_Log4jLoggerFactory.java:freemarker.log._Log4jLoggerFactory$Log4jLogger.debug(_Log4jLoggerFactory.java:45)) - TemplateLoader.findTemplateSource("Extent.ftl"): Found
2021-6-26 18:5:211 2988 DEBUG [TestNG-test=Lemonade Test Cases-6] (_Log4jLoggerFactory.java:freemarker.log._Log4jLoggerFactory$Log4jLogger.debug(_Log4jLoggerFactory.java:45)) - Loading template for "Extent.ftl"("en_US", UTF-8, parsed) from "jar:file:/C:/Users/SaranyaRamamoorthy/.m2/repository/com/relevantcodes/extentreports/2.41.2/extentreports-2.41.2.jar!/com/relevantcodes/extentreports/view/Extent.ftl"
2021-6-26 18:5:217 2994 INFO  [TestNG-test=Lemonade Test Cases-3] (ExtentManager.java:com.att.lemonade.utilities.ExtentManager.getTestKey(ExtentManager.java:104)) - Key=7[{attuid=DE144B, accountName=WALMART INC., SICCode=, password=December@2019, ownerName=, svidName=, recordCount=400 records, priorYearTBRMaxValue=, SICDescription=, successMessage=Wireline, username=sr644a, nAICSDescription=, FNIndicator=, responseTime=85 MilliSeconds, SVID=, primaryState=, percentageFiber=, primaryCity=, primaryPhone=, fiberEligible=, accountStatus=, nAICSCode=, description=Global search, globalSearch=, priorYearTBRMinValue=, primaryZip=, primaryStreet=, subAcctId=, runmode=N, NoOfOpptys=}]
2021-6-26 18:5:318 3095 DEBUG [TestNG-test=Lemonade Test Cases-1] (_Log4jLoggerFactory.java:freemarker.log._Log4jLoggerFactory$Log4jLogger.debug(_Log4jLoggerFactory.java:45)) - Couldn't find template in cache for "Extent.ftl"("en_US", UTF-8, parsed); will try to load it.
2021-6-26 18:5:319 3096 DEBUG [TestNG-test=Lemonade Test Cases-1] (_Log4jLoggerFactory.java:freemarker.log._Log4jLoggerFactory$Log4jLogger.debug(_Log4jLoggerFactory.java:45)) - TemplateLoader.findTemplateSource("Extent_en_US.ftl"): Not found
2021-6-26 18:5:319 3096 INFO  [TestNG-test=Lemonade Test Cases-6] (ExtentManager.java:com.att.lemonade.utilities.ExtentManager.getTestKey(ExtentManager.java:104)) - Key=7[{attuid=lt1615, accountName=, firstName=, password=December@2022, svidName=, primaryCountry=, recordCount=38 records, columnDisplayVisible=City, successMessage=Wireline, username=sr644a, responseTime=73 Milliseconds, filterOnEmailAndPhone=, SVID=, primaryState=, primaryCity=, primaryPhone=, lastName=ram, managementLevel=, description=FieldSearch, department=, globalSearch=, primaryZip=, subAcctId=, runmode=N, title=}]
2021-6-26 18:5:320 3097 DEBUG [TestNG-test=Lemonade Test Cases-1] (_Log4jLoggerFactory.java:freemarker.log._Log4jLoggerFactory$Log4jLogger.debug(_Log4jLoggerFactory.java:45)) - TemplateLoader.findTemplateSource("Extent_en.ftl"): Not found
2021-6-26 18:5:320 3097 DEBUG [TestNG-test=Lemonade Test Cases-1] (_Log4jLoggerFactory.java:freemarker.log._Log4jLoggerFactory$Log4jLogger.debug(_Log4jLoggerFactory.java:45)) - TemplateLoader.findTemplateSource("Extent.ftl"): Found
2021-6-26 18:5:321 3098 DEBUG [TestNG-test=Lemonade Test Cases-1] (_Log4jLoggerFactory.java:freemarker.log._Log4jLoggerFactory$Log4jLogger.debug(_Log4jLoggerFactory.java:45)) - Loading template for "Extent.ftl"("en_US", UTF-8, parsed) from "jar:file:/C:/Users/SaranyaRamamoorthy/.m2/repository/com/relevantcodes/extentreports/2.41.2/extentreports-2.41.2.jar!/com/relevantcodes/extentreports/view/Extent.ftl"
2021-6-26 18:5:353 3130 DEBUG [TestNG-test=Lemonade Test Cases-5] (_Log4jLoggerFactory.java:freemarker.log._Log4jLoggerFactory$Log4jLogger.debug(_Log4jLoggerFactory.java:45)) - Couldn't find template in cache for "Extent.ftl"("en_US", UTF-8, parsed); will try to load it.
2021-6-26 18:5:354 3131 DEBUG [TestNG-test=Lemonade Test Cases-5] (_Log4jLoggerFactory.java:freemarker.log._Log4jLoggerFactory$Log4jLogger.debug(_Log4jLoggerFactory.java:45)) - TemplateLoader.findTemplateSource("Extent_en_US.ftl"): Not found
2021-6-26 18:5:355 3132 DEBUG [TestNG-test=Lemonade Test Cases-5] (_Log4jLoggerFactory.java:freemarker.log._Log4jLoggerFactory$Log4jLogger.debug(_Log4jLoggerFactory.java:45)) - TemplateLoader.findTemplateSource("Extent_en.ftl"): Not found
2021-6-26 18:5:357 3134 DEBUG [TestNG-test=Lemonade Test Cases-5] (_Log4jLoggerFactory.java:freemarker.log._Log4jLoggerFactory$Log4jLogger.debug(_Log4jLoggerFactory.java:45)) - TemplateLoader.findTemplateSource("Extent.ftl"): Found
2021-6-26 18:5:357 3134 DEBUG [TestNG-test=Lemonade Test Cases-5] (_Log4jLoggerFactory.java:freemarker.log._Log4jLoggerFactory$Log4jLogger.debug(_Log4jLoggerFactory.java:45)) - Loading template for "Extent.ftl"("en_US", UTF-8, parsed) from "jar:file:/C:/Users/SaranyaRamamoorthy/.m2/repository/com/relevantcodes/extentreports/2.41.2/extentreports-2.41.2.jar!/com/relevantcodes/extentreports/view/Extent.ftl"
2021-6-26 18:5:360 3137 INFO  [TestNG-test=Lemonade Test Cases-1] (ExtentManager.java:com.att.lemonade.utilities.ExtentManager.getTestKey(ExtentManager.java:104)) - Key=9[{accountName=, SICCode=, password=December@2019, ownerName=, svidName=, recordCount=45 records, priorYearTBRMaxValue=, SICDescription=, successMessage=Wireline, username=sr644a, nAICSDescription=, FNIndicator=, responseTime=712 Milliseconds, SVID=, primaryState=, percentageFiber=, primaryCity=, primaryPhone=, fiberEligible=, accountStatus=, nAICSCode=, description=Global search, globalSearch=, priorYearTBRMinValue=, primaryZip=, primaryStreet=, subAcctId=, runmode=N, NoOfOpptys=2.0}]
String valueN
String valueN
]]></system-out>
  </testcase>
  <testcase name="TC02_My_Accounts_Flow" classname="com.att.lemonade.testcases.TC02_My_Accounts" time="0">
    <skipped message="Test Case[TC02_MY_ACCOUNTS_FLOW:data-row-10]==&gt;is disabled"/>
    <system-out><![CDATA[2021-6-26 18:5:624 3401 INFO  [TestNG-test=Lemonade Test Cases-3] (ExtentManager.java:com.att.lemonade.utilities.ExtentManager.getTestKey(ExtentManager.java:104)) - Key=8[{attuid=PM059P, accountName=, SICCode=, password=December@2019, ownerName=, svidName=, recordCount=15 records, priorYearTBRMaxValue=, SICDescription=, successMessage=Wireline, username=sr644a, nAICSDescription=, FNIndicator=, responseTime=616 MilliSeconds, SVID=U03397, primaryState=, percentageFiber=, primaryCity=, primaryPhone=, fiberEligible=, accountStatus=, nAICSCode=, description=Global search, globalSearch=, priorYearTBRMinValue=, primaryZip=, primaryStreet=, subAcctId=, runmode=N, NoOfOpptys=}]
2021-6-26 18:5:625 3402 DEBUG [TestNG-test=Lemonade Test Cases-3] (_Log4jLoggerFactory.java:freemarker.log._Log4jLoggerFactory$Log4jLogger.debug(_Log4jLoggerFactory.java:45)) - Couldn't find template in cache for "Extent.ftl"("en_US", UTF-8, parsed); will try to load it.
2021-6-26 18:5:626 3403 DEBUG [TestNG-test=Lemonade Test Cases-3] (_Log4jLoggerFactory.java:freemarker.log._Log4jLoggerFactory$Log4jLogger.debug(_Log4jLoggerFactory.java:45)) - TemplateLoader.findTemplateSource("Extent_en_US.ftl"): Not found
2021-6-26 18:5:626 3403 DEBUG [TestNG-test=Lemonade Test Cases-3] (_Log4jLoggerFactory.java:freemarker.log._Log4jLoggerFactory$Log4jLogger.debug(_Log4jLoggerFactory.java:45)) - TemplateLoader.findTemplateSource("Extent_en.ftl"): Not found
2021-6-26 18:5:627 3404 DEBUG [TestNG-test=Lemonade Test Cases-3] (_Log4jLoggerFactory.java:freemarker.log._Log4jLoggerFactory$Log4jLogger.debug(_Log4jLoggerFactory.java:45)) - TemplateLoader.findTemplateSource("Extent.ftl"): Found
2021-6-26 18:5:627 3404 DEBUG [TestNG-test=Lemonade Test Cases-3] (_Log4jLoggerFactory.java:freemarker.log._Log4jLoggerFactory$Log4jLogger.debug(_Log4jLoggerFactory.java:45)) - Loading template for "Extent.ftl"("en_US", UTF-8, parsed) from "jar:file:/C:/Users/SaranyaRamamoorthy/.m2/repository/com/relevantcodes/extentreports/2.41.2/extentreports-2.41.2.jar!/com/relevantcodes/extentreports/view/Extent.ftl"
2021-6-26 18:5:644 3421 INFO  [TestNG-test=Lemonade Test Cases-6] (ExtentManager.java:com.att.lemonade.utilities.ExtentManager.getTestKey(ExtentManager.java:104)) - Key=8[{attuid=lt1615, accountName=, firstName=, password=December@2023, svidName=, primaryCountry=, recordCount=No data found, columnDisplayVisible=State, successMessage=Wireline, username=sr644a, responseTime=No data found, filterOnEmailAndPhone=, SVID=, primaryState=, primaryCity=, primaryPhone=8.9089089E9, lastName=, managementLevel=, description=FieldSearch, department=, globalSearch=, primaryZip=, subAcctId=, runmode=N, title=}]
2021-6-26 18:5:728 3505 DEBUG [TestNG-test=Lemonade Test Cases-5] (_Log4jLoggerFactory.java:freemarker.log._Log4jLoggerFactory$Log4jLogger.debug(_Log4jLoggerFactory.java:45)) - Couldn't find template in cache for "Extent.ftl"("en_US", UTF-8, parsed); will try to load it.
2021-6-26 18:5:745 3522 DEBUG [TestNG-test=Lemonade Test Cases-5] (_Log4jLoggerFactory.java:freemarker.log._Log4jLoggerFactory$Log4jLogger.debug(_Log4jLoggerFactory.java:45)) - TemplateLoader.findTemplateSource("Extent_en_US.ftl"): Not found
2021-6-26 18:5:746 3523 DEBUG [TestNG-test=Lemonade Test Cases-5] (_Log4jLoggerFactory.java:freemarker.log._Log4jLoggerFactory$Log4jLogger.debug(_Log4jLoggerFactory.java:45)) - TemplateLoader.findTemplateSource("Extent_en.ftl"): Not found
2021-6-26 18:5:746 3523 DEBUG [TestNG-test=Lemonade Test Cases-5] (_Log4jLoggerFactory.java:freemarker.log._Log4jLoggerFactory$Log4jLogger.debug(_Log4jLoggerFactory.java:45)) - TemplateLoader.findTemplateSource("Extent.ftl"): Found
2021-6-26 18:5:748 3525 DEBUG [TestNG-test=Lemonade Test Cases-5] (_Log4jLoggerFactory.java:freemarker.log._Log4jLoggerFactory$Log4jLogger.debug(_Log4jLoggerFactory.java:45)) - Loading template for "Extent.ftl"("en_US", UTF-8, parsed) from "jar:file:/C:/Users/SaranyaRamamoorthy/.m2/repository/com/relevantcodes/extentreports/2.41.2/extentreports-2.41.2.jar!/com/relevantcodes/extentreports/view/Extent.ftl"
2021-6-26 18:5:762 3539 INFO  [TestNG-test=Lemonade Test Cases-3] (ExtentManager.java:com.att.lemonade.utilities.ExtentManager.getTestKey(ExtentManager.java:104)) - Key=9[{attuid=PM059P, accountName=, SICCode=, password=December@2019, ownerName=CHARLES KEETON, svidName=, recordCount=400 records, priorYearTBRMaxValue=, SICDescription=, successMessage=Wireline, username=sr644a, nAICSDescription=, FNIndicator=, responseTime=1309 MilliSeconds, SVID=, primaryState=, percentageFiber=, primaryCity=, primaryPhone=, fiberEligible=, accountStatus=, nAICSCode=, description=Global search, globalSearch=, priorYearTBRMinValue=, primaryZip=, primaryStreet=, subAcctId=, runmode=N, NoOfOpptys=}]
String valueN
]]></system-out>
  </testcase>
  <testcase name="TC02_My_Accounts_Flow" classname="com.att.lemonade.testcases.TC02_My_Accounts" time="0">
    <skipped message="Test Case[TC02_MY_ACCOUNTS_FLOW:data-row-11]==&gt;is disabled"/>
    <system-out><![CDATA[2021-6-26 18:5:983 3760 INFO  [TestNG-test=Lemonade Test Cases-5] (ExtentManager.java:com.att.lemonade.utilities.ExtentManager.getTestKey(ExtentManager.java:104)) - Key=8[{accountName=, firstName=, password=December@2023, svidName=, primaryCountry=, recordCount=, successMessage=Wireline, username=sr644a, responseTime=, SVID=, filterOnEmailAndPhone=, primaryState=, primaryCity=, primaryPhone=8.9089089E9, lastName=, managementLevel=, description=FieldSearch, department=, globalSearch=, primaryZip=, subAcctId=, runmode=Y, title=}]
2021-6-26 18:5:983 3760 DEBUG [TestNG-test=Lemonade Test Cases-6] (_Log4jLoggerFactory.java:freemarker.log._Log4jLoggerFactory$Log4jLogger.debug(_Log4jLoggerFactory.java:45)) - TemplateLoader.findTemplateSource("Extent_en_US.ftl"): Not found
2021-6-26 18:5:988 3765 DEBUG [TestNG-test=Lemonade Test Cases-6] (_Log4jLoggerFactory.java:freemarker.log._Log4jLoggerFactory$Log4jLogger.debug(_Log4jLoggerFactory.java:45)) - TemplateLoader.findTemplateSource("Extent_en.ftl"): Not found
2021-6-26 18:5:988 3765 INFO  [TestNG-test=Lemonade Test Cases-1] (ExtentManager.java:com.att.lemonade.utilities.ExtentManager.getTestKey(ExtentManager.java:104)) - Key=11[{accountName=, SICCode=, password=December@2019, ownerName=, svidName=, recordCount=No data found, priorYearTBRMaxValue=, SICDescription=, successMessage=Wireline, username=sr644a, nAICSDescription=, FNIndicator=, responseTime=No data found, SVID=, primaryState=, percentageFiber=, primaryCity=, primaryPhone=, fiberEligible=, accountStatus=, nAICSCode=, description=Global search, globalSearch=, priorYearTBRMinValue=, primaryZip=, primaryStreet=, subAcctId=SEALL6, runmode=Y, NoOfOpptys=}]
2021-6-26 18:5:988 3765 DEBUG [TestNG-test=Lemonade Test Cases-6] (_Log4jLoggerFactory.java:freemarker.log._Log4jLoggerFactory$Log4jLogger.debug(_Log4jLoggerFactory.java:45)) - TemplateLoader.findTemplateSource("Extent.ftl"): Found
2021-6-26 18:5:988 3765 DEBUG [TestNG-test=Lemonade Test Cases-6] (_Log4jLoggerFactory.java:freemarker.log._Log4jLoggerFactory$Log4jLogger.debug(_Log4jLoggerFactory.java:45)) - Loading template for "Extent.ftl"("en_US", UTF-8, parsed) from "jar:file:/C:/Users/SaranyaRamamoorthy/.m2/repository/com/relevantcodes/extentreports/2.41.2/extentreports-2.41.2.jar!/com/relevantcodes/extentreports/view/Extent.ftl"
2021-6-26 18:5:35 3812 DEBUG [TestNG-test=Lemonade Test Cases-3] (_Log4jLoggerFactory.java:freemarker.log._Log4jLoggerFactory$Log4jLogger.debug(_Log4jLoggerFactory.java:45)) - Couldn't find template in cache for "Extent.ftl"("en_US", UTF-8, parsed); will try to load it.
2021-6-26 18:5:35 3812 INFO  [TestNG-test=Lemonade Test Cases-6] (ExtentManager.java:com.att.lemonade.utilities.ExtentManager.getTestKey(ExtentManager.java:104)) - Key=9[{attuid=lt1615, accountName=, firstName=, password=December@2024, svidName=, primaryCountry=, recordCount=400 records, columnDisplayVisible=Zip, successMessage=Wireline, username=sr644a, responseTime=1102 Milliseconds, filterOnEmailAndPhone=, SVID=, primaryState=, primaryCity=, primaryPhone=, lastName=, managementLevel=, description=FieldSearch, department=, globalSearch=, primaryZip=, subAcctId=, runmode=N, title=president}]
2021-6-26 18:5:35 3812 DEBUG [TestNG-test=Lemonade Test Cases-3] (_Log4jLoggerFactory.java:freemarker.log._Log4jLoggerFactory$Log4jLogger.debug(_Log4jLoggerFactory.java:45)) - TemplateLoader.findTemplateSource("Extent_en_US.ftl"): Not found
2021-6-26 18:5:37 3814 DEBUG [TestNG-test=Lemonade Test Cases-3] (_Log4jLoggerFactory.java:freemarker.log._Log4jLoggerFactory$Log4jLogger.debug(_Log4jLoggerFactory.java:45)) - TemplateLoader.findTemplateSource("Extent_en.ftl"): Not found
2021-6-26 18:5:38 3815 DEBUG [TestNG-test=Lemonade Test Cases-3] (_Log4jLoggerFactory.java:freemarker.log._Log4jLoggerFactory$Log4jLogger.debug(_Log4jLoggerFactory.java:45)) - TemplateLoader.findTemplateSource("Extent.ftl"): Found
2021-6-26 18:5:38 3815 DEBUG [TestNG-test=Lemonade Test Cases-3] (_Log4jLoggerFactory.java:freemarker.log._Log4jLoggerFactory$Log4jLogger.debug(_Log4jLoggerFactory.java:45)) - Loading template for "Extent.ftl"("en_US", UTF-8, parsed) from "jar:file:/C:/Users/SaranyaRamamoorthy/.m2/repository/com/relevantcodes/extentreports/2.41.2/extentreports-2.41.2.jar!/com/relevantcodes/extentreports/view/Extent.ftl"
2021-6-26 18:5:83 3860 DEBUG [TestNG-test=Lemonade Test Cases-4] (_Log4jLoggerFactory.java:freemarker.log._Log4jLoggerFactory$Log4jLogger.debug(_Log4jLoggerFactory.java:45)) - Couldn't find template in cache for "Extent.ftl"("en_US", UTF-8, parsed); will try to load it.
2021-6-26 18:5:84 3861 INFO  [TestNG-test=Lemonade Test Cases-3] (ExtentManager.java:com.att.lemonade.utilities.ExtentManager.getTestKey(ExtentManager.java:104)) - Key=10[{attuid=PM059P, accountName=, SICCode=, password=December@2019, ownerName=, svidName=, recordCount=400 records, priorYearTBRMaxValue=, SICDescription=, successMessage=Wireline, username=sr644a, nAICSDescription=, FNIndicator=, responseTime=1888 MilliSeconds, SVID=, primaryState=, percentageFiber=20.0, primaryCity=, primaryPhone=, fiberEligible=, accountStatus=, nAICSCode=, description=Global search, globalSearch=, priorYearTBRMinValue=, primaryZip=, primaryStreet=, subAcctId=, runmode=N, NoOfOpptys=}]
2021-6-26 18:5:84 3861 DEBUG [TestNG-test=Lemonade Test Cases-4] (_Log4jLoggerFactory.java:freemarker.log._Log4jLoggerFactory$Log4jLogger.debug(_Log4jLoggerFactory.java:45)) - TemplateLoader.findTemplateSource("Extent_en_US.ftl"): Not found
2021-6-26 18:5:88 3865 DEBUG [TestNG-test=Lemonade Test Cases-4] (_Log4jLoggerFactory.java:freemarker.log._Log4jLoggerFactory$Log4jLogger.debug(_Log4jLoggerFactory.java:45)) - TemplateLoader.findTemplateSource("Extent_en.ftl"): Not found
2021-6-26 18:5:89 3866 DEBUG [TestNG-test=Lemonade Test Cases-4] (_Log4jLoggerFactory.java:freemarker.log._Log4jLoggerFactory$Log4jLogger.debug(_Log4jLoggerFactory.java:45)) - TemplateLoader.findTemplateSource("Extent.ftl"): Found
2021-6-26 18:5:90 3867 DEBUG [TestNG-test=Lemonade Test Cases-4] (_Log4jLoggerFactory.java:freemarker.log._Log4jLoggerFactory$Log4jLogger.debug(_Log4jLoggerFactory.java:45)) - Loading template for "Extent.ftl"("en_US", UTF-8, parsed) from "jar:file:/C:/Users/SaranyaRamamoorthy/.m2/repository/com/relevantcodes/extentreports/2.41.2/extentreports-2.41.2.jar!/com/relevantcodes/extentreports/view/Extent.ftl"
String valueN
]]></system-out>
  </testcase>
  <testcase name="TC02_My_Accounts_Flow" classname="com.att.lemonade.testcases.TC02_My_Accounts" time="0">
    <skipped message="Test Case[TC02_MY_ACCOUNTS_FLOW:data-row-12]==&gt;is disabled"/>
    <system-out><![CDATA[2021-6-26 18:5:398 4175 INFO  [TestNG-test=Lemonade Test Cases-5] (ExtentManager.java:com.att.lemonade.utilities.ExtentManager.getTestKey(ExtentManager.java:104)) - Key=9[{accountName=, firstName=, password=December@2024, svidName=, primaryCountry=, recordCount=, successMessage=Wireline, username=sr644a, responseTime=, SVID=, filterOnEmailAndPhone=, primaryState=, primaryCity=, primaryPhone=, lastName=, managementLevel=, description=FieldSearch, department=, globalSearch=, primaryZip=, subAcctId=, runmode=Y, title=president}]
2021-6-26 18:5:398 4175 DEBUG [TestNG-test=Lemonade Test Cases-5] (_Log4jLoggerFactory.java:freemarker.log._Log4jLoggerFactory$Log4jLogger.debug(_Log4jLoggerFactory.java:45)) - Couldn't find template in cache for "Extent.ftl"("en_US", UTF-8, parsed); will try to load it.
2021-6-26 18:5:401 4178 INFO  [TestNG-test=Lemonade Test Cases-4] (ExtentManager.java:com.att.lemonade.utilities.ExtentManager.getTestKey(ExtentManager.java:104)) - Key=12[{attuid=SS8494, SICCode=, password=December@2019, ownerName=, svidName=CELESTICA, primaryCountry=, recordCount=1 records, priorYearTBRMaxValue=, successMessage=Wireline, SICDescription=, username=sr644a, nAICSDescription=, responseTime=343 Milliseconds, DomSubAcct=, SVID=, DUNSNumber=, primaryState=, primaryCity=, nAICSCode=, description=Field level Search ATTUID and svid name, globalSearch=, priorYearTBRMinValue=, runmode=Y}]
2021-6-26 18:5:402 4179 DEBUG [TestNG-test=Lemonade Test Cases-5] (_Log4jLoggerFactory.java:freemarker.log._Log4jLoggerFactory$Log4jLogger.debug(_Log4jLoggerFactory.java:45)) - TemplateLoader.findTemplateSource("Extent_en_US.ftl"): Not found
2021-6-26 18:5:404 4181 DEBUG [TestNG-test=Lemonade Test Cases-5] (_Log4jLoggerFactory.java:freemarker.log._Log4jLoggerFactory$Log4jLogger.debug(_Log4jLoggerFactory.java:45)) - TemplateLoader.findTemplateSource("Extent_en.ftl"): Not found
2021-6-26 18:5:406 4183 DEBUG [TestNG-test=Lemonade Test Cases-5] (_Log4jLoggerFactory.java:freemarker.log._Log4jLoggerFactory$Log4jLogger.debug(_Log4jLoggerFactory.java:45)) - TemplateLoader.findTemplateSource("Extent.ftl"): Found
2021-6-26 18:5:406 4183 DEBUG [TestNG-test=Lemonade Test Cases-5] (_Log4jLoggerFactory.java:freemarker.log._Log4jLoggerFactory$Log4jLogger.debug(_Log4jLoggerFactory.java:45)) - Loading template for "Extent.ftl"("en_US", UTF-8, parsed) from "jar:file:/C:/Users/SaranyaRamamoorthy/.m2/repository/com/relevantcodes/extentreports/2.41.2/extentreports-2.41.2.jar!/com/relevantcodes/extentreports/view/Extent.ftl"
String valueN
]]></system-out>
  </testcase>
  <testcase name="TC02_My_Accounts_Flow" classname="com.att.lemonade.testcases.TC02_My_Accounts" time="0">
    <skipped message="Test Case[TC02_MY_ACCOUNTS_FLOW:data-row-13]==&gt;is disabled"/>
    <system-out><![CDATA[2021-6-26 18:5:888 4665 INFO  [TestNG-test=Lemonade Test Cases-3] (ExtentManager.java:com.att.lemonade.utilities.ExtentManager.getTestKey(ExtentManager.java:104)) - Key=12[{attuid=PM059P, accountName=, SICCode=, password=December@2019, ownerName=, svidName=, recordCount=9 records, priorYearTBRMaxValue=, SICDescription=, successMessage=Wireline, username=sr644a, nAICSDescription=, FNIndicator=Eligible, responseTime=496 MilliSeconds, SVID=, primaryState=, percentageFiber=, primaryCity=, primaryPhone=, fiberEligible=, accountStatus=, nAICSCode=, description=Global search, globalSearch=, priorYearTBRMinValue=, primaryZip=, primaryStreet=, subAcctId=, runmode=N, NoOfOpptys=}]
]]></system-out>
  </testcase>
  <testcase name="TC02_My_Accounts_Flow" classname="com.att.lemonade.testcases.TC02_My_Accounts" time="0">
    <skipped message="Test Case[TC02_MY_ACCOUNTS_FLOW:data-row-14]==&gt;is disabled"/>
    <system-out><![CDATA[2021-6-26 18:5:980 4757 INFO  [TestNG-test=Lemonade Test Cases-6] (ExtentManager.java:com.att.lemonade.utilities.ExtentManager.getTestKey(ExtentManager.java:104)) - Key=11[{attuid=lt1615, accountName=, firstName=, password=December@2026, svidName=, primaryCountry=, recordCount=394 records, columnDisplayVisible=SVID, successMessage=Wireline, username=sr644a, responseTime=548 Milliseconds, filterOnEmailAndPhone=, SVID=, primaryState=, primaryCity=, primaryPhone=, lastName=, managementLevel=c level, description=FieldSearch, department=, globalSearch=, primaryZip=, subAcctId=, runmode=Y, title=}]
2021-6-26 18:5:981 4758 DEBUG [TestNG-test=Lemonade Test Cases-1] (_Log4jLoggerFactory.java:freemarker.log._Log4jLoggerFactory$Log4jLogger.debug(_Log4jLoggerFactory.java:45)) - Couldn't find template in cache for "Extent.ftl"("en_US", UTF-8, parsed); will try to load it.
2021-6-26 18:5:980 4757 INFO  [TestNG-test=Lemonade Test Cases-4] (ExtentManager.java:com.att.lemonade.utilities.ExtentManager.getTestKey(ExtentManager.java:104)) - Key=14[{attuid=SS8494, SICCode=, password=December@2019, ownerName=, svidName=, primaryCountry=, recordCount=1 records, priorYearTBRMaxValue=, successMessage=Wireline, SICDescription=, username=sr644a, nAICSDescription=, responseTime=223 Milliseconds, DomSubAcct=, SVID=CNJME7, DUNSNumber=, primaryState=, primaryCity=, nAICSCode=, description=Field level Search with Attuid &SVID , globalSearch=, priorYearTBRMinValue=, runmode=Y}]
2021-6-26 18:5:982 4759 DEBUG [TestNG-test=Lemonade Test Cases-1] (_Log4jLoggerFactory.java:freemarker.log._Log4jLoggerFactory$Log4jLogger.debug(_Log4jLoggerFactory.java:45)) - TemplateLoader.findTemplateSource("Extent_en_US.ftl"): Not found
2021-6-26 18:5:983 4760 DEBUG [TestNG-test=Lemonade Test Cases-1] (_Log4jLoggerFactory.java:freemarker.log._Log4jLoggerFactory$Log4jLogger.debug(_Log4jLoggerFactory.java:45)) - TemplateLoader.findTemplateSource("Extent_en.ftl"): Not found
2021-6-26 18:5:983 4760 DEBUG [TestNG-test=Lemonade Test Cases-1] (_Log4jLoggerFactory.java:freemarker.log._Log4jLoggerFactory$Log4jLogger.debug(_Log4jLoggerFactory.java:45)) - TemplateLoader.findTemplateSource("Extent.ftl"): Found
2021-6-26 18:5:983 4760 DEBUG [TestNG-test=Lemonade Test Cases-1] (_Log4jLoggerFactory.java:freemarker.log._Log4jLoggerFactory$Log4jLogger.debug(_Log4jLoggerFactory.java:45)) - Loading template for "Extent.ftl"("en_US", UTF-8, parsed) from "jar:file:/C:/Users/SaranyaRamamoorthy/.m2/repository/com/relevantcodes/extentreports/2.41.2/extentreports-2.41.2.jar!/com/relevantcodes/extentreports/view/Extent.ftl"
2021-6-26 18:5:46 4823 DEBUG [TestNG-test=Lemonade Test Cases-3] (_Log4jLoggerFactory.java:freemarker.log._Log4jLoggerFactory$Log4jLogger.debug(_Log4jLoggerFactory.java:45)) - Couldn't find template in cache for "Extent.ftl"("en_US", UTF-8, parsed); will try to load it.
2021-6-26 18:5:47 4824 INFO  [TestNG-test=Lemonade Test Cases-1] (ExtentManager.java:com.att.lemonade.utilities.ExtentManager.getTestKey(ExtentManager.java:104)) - Key=14[{accountName=, SICCode=, password=December@2019, ownerName=, svidName=, recordCount=No data found, priorYearTBRMaxValue=, SICDescription=, successMessage=Wireline, username=sr644a, nAICSDescription=, FNIndicator=, responseTime=No data found, SVID=, primaryState=, percentageFiber=, primaryCity=, primaryPhone=, fiberEligible=, accountStatus=, nAICSCode=, description=Global search, globalSearch=, priorYearTBRMinValue=, primaryZip=, primaryStreet=60 Wall St, subAcctId=, runmode=Y, NoOfOpptys=}]
2021-6-26 18:5:47 4824 DEBUG [TestNG-test=Lemonade Test Cases-3] (_Log4jLoggerFactory.java:freemarker.log._Log4jLoggerFactory$Log4jLogger.debug(_Log4jLoggerFactory.java:45)) - TemplateLoader.findTemplateSource("Extent_en_US.ftl"): Not found
2021-6-26 18:5:47 4824 DEBUG [TestNG-test=Lemonade Test Cases-3] (_Log4jLoggerFactory.java:freemarker.log._Log4jLoggerFactory$Log4jLogger.debug(_Log4jLoggerFactory.java:45)) - TemplateLoader.findTemplateSource("Extent_en.ftl"): Not found
2021-6-26 18:5:48 4825 DEBUG [TestNG-test=Lemonade Test Cases-3] (_Log4jLoggerFactory.java:freemarker.log._Log4jLoggerFactory$Log4jLogger.debug(_Log4jLoggerFactory.java:45)) - TemplateLoader.findTemplateSource("Extent.ftl"): Found
2021-6-26 18:5:48 4825 DEBUG [TestNG-test=Lemonade Test Cases-3] (_Log4jLoggerFactory.java:freemarker.log._Log4jLoggerFactory$Log4jLogger.debug(_Log4jLoggerFactory.java:45)) - Loading template for "Extent.ftl"("en_US", UTF-8, parsed) from "jar:file:/C:/Users/SaranyaRamamoorthy/.m2/repository/com/relevantcodes/extentreports/2.41.2/extentreports-2.41.2.jar!/com/relevantcodes/extentreports/view/Extent.ftl"
2021-6-26 18:5:100 4877 DEBUG [TestNG-test=Lemonade Test Cases-5] (_Log4jLoggerFactory.java:freemarker.log._Log4jLoggerFactory$Log4jLogger.debug(_Log4jLoggerFactory.java:45)) - Couldn't find template in cache for "Extent.ftl"("en_US", UTF-8, parsed); will try to load it.
2021-6-26 18:5:102 4879 DEBUG [TestNG-test=Lemonade Test Cases-5] (_Log4jLoggerFactory.java:freemarker.log._Log4jLoggerFactory$Log4jLogger.debug(_Log4jLoggerFactory.java:45)) - TemplateLoader.findTemplateSource("Extent_en_US.ftl"): Not found
2021-6-26 18:5:105 4882 DEBUG [TestNG-test=Lemonade Test Cases-5] (_Log4jLoggerFactory.java:freemarker.log._Log4jLoggerFactory$Log4jLogger.debug(_Log4jLoggerFactory.java:45)) - TemplateLoader.findTemplateSource("Extent_en.ftl"): Not found
2021-6-26 18:5:107 4884 DEBUG [TestNG-test=Lemonade Test Cases-5] (_Log4jLoggerFactory.java:freemarker.log._Log4jLoggerFactory$Log4jLogger.debug(_Log4jLoggerFactory.java:45)) - TemplateLoader.findTemplateSource("Extent.ftl"): Found
2021-6-26 18:5:107 4884 DEBUG [TestNG-test=Lemonade Test Cases-5] (_Log4jLoggerFactory.java:freemarker.log._Log4jLoggerFactory$Log4jLogger.debug(_Log4jLoggerFactory.java:45)) - Loading template for "Extent.ftl"("en_US", UTF-8, parsed) from "jar:file:/C:/Users/SaranyaRamamoorthy/.m2/repository/com/relevantcodes/extentreports/2.41.2/extentreports-2.41.2.jar!/com/relevantcodes/extentreports/view/Extent.ftl"
2021-6-26 18:5:115 4892 INFO  [TestNG-test=Lemonade Test Cases-3] (ExtentManager.java:com.att.lemonade.utilities.ExtentManager.getTestKey(ExtentManager.java:104)) - Key=13[{attuid=SS8494, accountName=, SICCode=6021.0, password=December@2019, ownerName=, svidName=, recordCount=400 records, priorYearTBRMaxValue=, SICDescription=, successMessage=Wireline, username=sr644a, nAICSDescription=, FNIndicator=, responseTime=81 MilliSeconds, SVID=, primaryState=, percentageFiber=, primaryCity=, primaryPhone=, fiberEligible=, accountStatus=, nAICSCode=, description=Global search, globalSearch=, priorYearTBRMinValue=, primaryZip=, primaryStreet=, subAcctId=, runmode=Y, NoOfOpptys=}]
String valueN
]]></system-out>
  </testcase>
  <testcase name="TC02_My_Accounts_Flow" classname="com.att.lemonade.testcases.TC02_My_Accounts" time="0">
    <skipped message="Test Case[TC02_MY_ACCOUNTS_FLOW:data-row-15]==&gt;is disabled"/>
    <system-out><![CDATA[2021-6-26 18:5:366 5143 INFO  [TestNG-test=Lemonade Test Cases-3] (ExtentManager.java:com.att.lemonade.utilities.ExtentManager.getTestKey(ExtentManager.java:104)) - Key=13[{attuid=SS8494, accountName=, SICCode=6021.0, password=December@2019, ownerName=, svidName=, recordCount=400 records, priorYearTBRMaxValue=, SICDescription=, successMessage=Wireline, username=sr644a, nAICSDescription=, FNIndicator=, responseTime=81 MilliSeconds, SVID=, primaryState=, percentageFiber=, primaryCity=, primaryPhone=, fiberEligible=, accountStatus=, nAICSCode=, description=Global search, globalSearch=, priorYearTBRMinValue=, primaryZip=, primaryStreet=, subAcctId=, runmode=Y, NoOfOpptys=}]
2021-6-26 18:5:367 5144 DEBUG [TestNG-test=Lemonade Test Cases-3] (_Log4jLoggerFactory.java:freemarker.log._Log4jLoggerFactory$Log4jLogger.debug(_Log4jLoggerFactory.java:45)) - Couldn't find template in cache for "Extent.ftl"("en_US", UTF-8, parsed); will try to load it.
2021-6-26 18:5:367 5144 DEBUG [TestNG-test=Lemonade Test Cases-3] (_Log4jLoggerFactory.java:freemarker.log._Log4jLoggerFactory$Log4jLogger.debug(_Log4jLoggerFactory.java:45)) - TemplateLoader.findTemplateSource("Extent_en_US.ftl"): Not found
2021-6-26 18:5:369 5146 DEBUG [TestNG-test=Lemonade Test Cases-3] (_Log4jLoggerFactory.java:freemarker.log._Log4jLoggerFactory$Log4jLogger.debug(_Log4jLoggerFactory.java:45)) - TemplateLoader.findTemplateSource("Extent_en.ftl"): Not found
2021-6-26 18:5:370 5147 INFO  [TestNG-test=Lemonade Test Cases-5] (ExtentManager.java:com.att.lemonade.utilities.ExtentManager.getTestKey(ExtentManager.java:104)) - Key=12[{accountName=, firstName=, password=December@2027, svidName=, primaryCountry=, recordCount=, successMessage=Wireline, username=sr644a, responseTime=, SVID=, filterOnEmailAndPhone=, primaryState=, primaryCity=stillwater, primaryPhone=, lastName=, managementLevel=, description=FieldSearch, department=, globalSearch=, primaryZip=, subAcctId=, runmode=Y, title=}]
2021-6-26 18:5:370 5147 DEBUG [TestNG-test=Lemonade Test Cases-3] (_Log4jLoggerFactory.java:freemarker.log._Log4jLoggerFactory$Log4jLogger.debug(_Log4jLoggerFactory.java:45)) - TemplateLoader.findTemplateSource("Extent.ftl"): Found
2021-6-26 18:5:370 5147 DEBUG [TestNG-test=Lemonade Test Cases-3] (_Log4jLoggerFactory.java:freemarker.log._Log4jLoggerFactory$Log4jLogger.debug(_Log4jLoggerFactory.java:45)) - Loading template for "Extent.ftl"("en_US", UTF-8, parsed) from "jar:file:/C:/Users/SaranyaRamamoorthy/.m2/repository/com/relevantcodes/extentreports/2.41.2/extentreports-2.41.2.jar!/com/relevantcodes/extentreports/view/Extent.ftl"
]]></system-out>
  </testcase>
  <testcase name="TC02_My_Accounts_Flow" classname="com.att.lemonade.testcases.TC02_My_Accounts" time="0">
    <skipped message="Test Case[TC02_MY_ACCOUNTS_FLOW:data-row-16]==&gt;is disabled"/>
    <system-out><![CDATA[2021-6-26 18:5:790 5567 INFO  [TestNG-test=Lemonade Test Cases-5] (ExtentManager.java:com.att.lemonade.utilities.ExtentManager.getTestKey(ExtentManager.java:104)) - Key=13[{accountName=, firstName=, password=December@2028, svidName=, primaryCountry=, recordCount=, successMessage=Wireline, username=sr644a, responseTime=, SVID=, filterOnEmailAndPhone=, primaryState=TX, primaryCity=, primaryPhone=, lastName=, managementLevel=, description=FieldSearch, department=, globalSearch=, primaryZip=, subAcctId=, runmode=Y, title=}]
2021-6-26 18:5:790 5567 DEBUG [TestNG-test=Lemonade Test Cases-3] (_Log4jLoggerFactory.java:freemarker.log._Log4jLoggerFactory$Log4jLogger.debug(_Log4jLoggerFactory.java:45)) - TemplateLoader.findTemplateSource("Extent_en_US.ftl"): Not found
2021-6-26 18:5:791 5568 DEBUG [TestNG-test=Lemonade Test Cases-3] (_Log4jLoggerFactory.java:freemarker.log._Log4jLoggerFactory$Log4jLogger.debug(_Log4jLoggerFactory.java:45)) - TemplateLoader.findTemplateSource("Extent_en.ftl"): Not found
2021-6-26 18:5:792 5569 DEBUG [TestNG-test=Lemonade Test Cases-3] (_Log4jLoggerFactory.java:freemarker.log._Log4jLoggerFactory$Log4jLogger.debug(_Log4jLoggerFactory.java:45)) - TemplateLoader.findTemplateSource("Extent.ftl"): Found
2021-6-26 18:5:792 5569 DEBUG [TestNG-test=Lemonade Test Cases-3] (_Log4jLoggerFactory.java:freemarker.log._Log4jLoggerFactory$Log4jLogger.debug(_Log4jLoggerFactory.java:45)) - Loading template for "Extent.ftl"("en_US", UTF-8, parsed) from "jar:file:/C:/Users/SaranyaRamamoorthy/.m2/repository/com/relevantcodes/extentreports/2.41.2/extentreports-2.41.2.jar!/com/relevantcodes/extentreports/view/Extent.ftl"
2021-6-26 18:5:799 5576 INFO  [TestNG-test=Lemonade Test Cases-6] (ExtentManager.java:com.att.lemonade.utilities.ExtentManager.getTestKey(ExtentManager.java:104)) - Key=13[{attuid=lt1615, accountName=, firstName=, password=December@2028, svidName=, primaryCountry=, recordCount=121 records, columnDisplayVisible=, successMessage=Wireline, username=sr644a, responseTime=397 Milliseconds, filterOnEmailAndPhone=, SVID=, primaryState=TX, primaryCity=, primaryPhone=, lastName=, managementLevel=, description=FieldSearch, department=, globalSearch=, primaryZip=, subAcctId=, runmode=Y, title=}]
String valueN
]]></system-out>
  </testcase>
  <testcase name="TC02_My_Accounts_Flow" classname="com.att.lemonade.testcases.TC02_My_Accounts" time="0">
    <skipped message="Test Case[TC02_MY_ACCOUNTS_FLOW:data-row-17]==&gt;is disabled"/>
    <system-out><![CDATA[2021-6-26 18:5:911 5688 DEBUG [TestNG-test=Lemonade Test Cases-6] (_Log4jLoggerFactory.java:freemarker.log._Log4jLoggerFactory$Log4jLogger.debug(_Log4jLoggerFactory.java:45)) - Couldn't find template in cache for "Extent.ftl"("en_US", UTF-8, parsed); will try to load it.
2021-6-26 18:5:912 5689 INFO  [TestNG-test=Lemonade Test Cases-4] (ExtentManager.java:com.att.lemonade.utilities.ExtentManager.getTestKey(ExtentManager.java:104)) - Key=16[{attuid=SS8494, SICCode=, password=December@2019, ownerName=, svidName=, primaryCountry=, recordCount=36 records, priorYearTBRMaxValue=, successMessage=Wireline, SICDescription=, username=sr644a, nAICSDescription=, responseTime=68 Milliseconds, DomSubAcct=, SVID=U36A76	, DUNSNumber=, primaryState=, primaryCity=, nAICSCode=, description=Field level Search with Attuid &SVID , globalSearch=, priorYearTBRMinValue=, runmode=Y}]
2021-6-26 18:5:913 5690 DEBUG [TestNG-test=Lemonade Test Cases-6] (_Log4jLoggerFactory.java:freemarker.log._Log4jLoggerFactory$Log4jLogger.debug(_Log4jLoggerFactory.java:45)) - TemplateLoader.findTemplateSource("Extent_en_US.ftl"): Not found
2021-6-26 18:5:914 5691 DEBUG [TestNG-test=Lemonade Test Cases-6] (_Log4jLoggerFactory.java:freemarker.log._Log4jLoggerFactory$Log4jLogger.debug(_Log4jLoggerFactory.java:45)) - TemplateLoader.findTemplateSource("Extent_en.ftl"): Not found
2021-6-26 18:5:914 5691 DEBUG [TestNG-test=Lemonade Test Cases-6] (_Log4jLoggerFactory.java:freemarker.log._Log4jLoggerFactory$Log4jLogger.debug(_Log4jLoggerFactory.java:45)) - TemplateLoader.findTemplateSource("Extent.ftl"): Found
2021-6-26 18:5:915 5692 DEBUG [TestNG-test=Lemonade Test Cases-6] (_Log4jLoggerFactory.java:freemarker.log._Log4jLoggerFactory$Log4jLogger.debug(_Log4jLoggerFactory.java:45)) - Loading template for "Extent.ftl"("en_US", UTF-8, parsed) from "jar:file:/C:/Users/SaranyaRamamoorthy/.m2/repository/com/relevantcodes/extentreports/2.41.2/extentreports-2.41.2.jar!/com/relevantcodes/extentreports/view/Extent.ftl"
2021-6-26 18:5:967 5744 DEBUG [TestNG-test=Lemonade Test Cases-1] (_Log4jLoggerFactory.java:freemarker.log._Log4jLoggerFactory$Log4jLogger.debug(_Log4jLoggerFactory.java:45)) - Couldn't find template in cache for "Extent.ftl"("en_US", UTF-8, parsed); will try to load it.
2021-6-26 18:5:968 5745 INFO  [TestNG-test=Lemonade Test Cases-6] (ExtentManager.java:com.att.lemonade.utilities.ExtentManager.getTestKey(ExtentManager.java:104)) - Key=14[{attuid=lt1615, accountName=, firstName=, password=December@2029, svidName=, primaryCountry=USA, recordCount=No data found, columnDisplayVisible=, successMessage=Wireline, username=sr644a, responseTime=No data found, filterOnEmailAndPhone=, SVID=, primaryState=, primaryCity=, primaryPhone=, lastName=, managementLevel=, description=FieldSearch, department=, globalSearch=, primaryZip=75225.0, subAcctId=, runmode=Y, title=}]
2021-6-26 18:5:968 5745 DEBUG [TestNG-test=Lemonade Test Cases-1] (_Log4jLoggerFactory.java:freemarker.log._Log4jLoggerFactory$Log4jLogger.debug(_Log4jLoggerFactory.java:45)) - TemplateLoader.findTemplateSource("Extent_en_US.ftl"): Not found
2021-6-26 18:5:970 5747 DEBUG [TestNG-test=Lemonade Test Cases-1] (_Log4jLoggerFactory.java:freemarker.log._Log4jLoggerFactory$Log4jLogger.debug(_Log4jLoggerFactory.java:45)) - TemplateLoader.findTemplateSource("Extent_en.ftl"): Not found
2021-6-26 18:5:971 5748 DEBUG [TestNG-test=Lemonade Test Cases-1] (_Log4jLoggerFactory.java:freemarker.log._Log4jLoggerFactory$Log4jLogger.debug(_Log4jLoggerFactory.java:45)) - TemplateLoader.findTemplateSource("Extent.ftl"): Found
2021-6-26 18:5:972 5749 DEBUG [TestNG-test=Lemonade Test Cases-1] (_Log4jLoggerFactory.java:freemarker.log._Log4jLoggerFactory$Log4jLogger.debug(_Log4jLoggerFactory.java:45)) - Loading template for "Extent.ftl"("en_US", UTF-8, parsed) from "jar:file:/C:/Users/SaranyaRamamoorthy/.m2/repository/com/relevantcodes/extentreports/2.41.2/extentreports-2.41.2.jar!/com/relevantcodes/extentreports/view/Extent.ftl"
2021-6-26 18:5:29 5806 INFO  [TestNG-test=Lemonade Test Cases-1] (ExtentManager.java:com.att.lemonade.utilities.ExtentManager.getTestKey(ExtentManager.java:104)) - Key=17[{accountName=, SICCode=, password=December@2019, ownerName=, svidName=, recordCount=69 records, priorYearTBRMaxValue=, SICDescription=, successMessage=Wireline, username=sr644a, nAICSDescription=, FNIndicator=, responseTime=613 Milliseconds, SVID=, primaryState=TN, percentageFiber=, primaryCity=, primaryPhone=, fiberEligible=, accountStatus=, nAICSCode=, description=Global search, globalSearch=, priorYearTBRMinValue=, primaryZip=, primaryStreet=, subAcctId=, runmode=Y, NoOfOpptys=}]
String valueN
]]></system-out>
  </testcase>
  <testcase name="TC02_My_Accounts_Flow" classname="com.att.lemonade.testcases.TC02_My_Accounts" time="0">
    <skipped message="Test Case[TC02_MY_ACCOUNTS_FLOW:data-row-18]==&gt;is disabled"/>
    <system-out><![CDATA[2021-6-26 18:5:148 5925 INFO  [TestNG-test=Lemonade Test Cases-5] (ExtentManager.java:com.att.lemonade.utilities.ExtentManager.getTestKey(ExtentManager.java:104)) - Key=14[{accountName=, firstName=, password=December@2029, svidName=, primaryCountry=USA, recordCount=, successMessage=Wireline, username=sr644a, responseTime=, SVID=, filterOnEmailAndPhone=, primaryState=, primaryCity=, primaryPhone=, lastName=, managementLevel=, description=FieldSearch, department=, globalSearch=, primaryZip=75225.0, subAcctId=, runmode=Y, title=}]
2021-6-26 18:5:149 5926 DEBUG [TestNG-test=Lemonade Test Cases-3] (_Log4jLoggerFactory.java:freemarker.log._Log4jLoggerFactory$Log4jLogger.debug(_Log4jLoggerFactory.java:45)) - Couldn't find template in cache for "Extent.ftl"("en_US", UTF-8, parsed); will try to load it.
2021-6-26 18:5:152 5929 DEBUG [TestNG-test=Lemonade Test Cases-3] (_Log4jLoggerFactory.java:freemarker.log._Log4jLoggerFactory$Log4jLogger.debug(_Log4jLoggerFactory.java:45)) - TemplateLoader.findTemplateSource("Extent_en_US.ftl"): Not found
2021-6-26 18:5:153 5930 DEBUG [TestNG-test=Lemonade Test Cases-3] (_Log4jLoggerFactory.java:freemarker.log._Log4jLoggerFactory$Log4jLogger.debug(_Log4jLoggerFactory.java:45)) - TemplateLoader.findTemplateSource("Extent_en.ftl"): Not found
2021-6-26 18:5:154 5931 DEBUG [TestNG-test=Lemonade Test Cases-3] (_Log4jLoggerFactory.java:freemarker.log._Log4jLoggerFactory$Log4jLogger.debug(_Log4jLoggerFactory.java:45)) - TemplateLoader.findTemplateSource("Extent.ftl"): Found
2021-6-26 18:5:154 5931 DEBUG [TestNG-test=Lemonade Test Cases-3] (_Log4jLoggerFactory.java:freemarker.log._Log4jLoggerFactory$Log4jLogger.debug(_Log4jLoggerFactory.java:45)) - Loading template for "Extent.ftl"("en_US", UTF-8, parsed) from "jar:file:/C:/Users/SaranyaRamamoorthy/.m2/repository/com/relevantcodes/extentreports/2.41.2/extentreports-2.41.2.jar!/com/relevantcodes/extentreports/view/Extent.ftl"
2021-6-26 18:5:162 5939 INFO  [TestNG-test=Lemonade Test Cases-4] (ExtentManager.java:com.att.lemonade.utilities.ExtentManager.getTestKey(ExtentManager.java:104)) - Key=17[{attuid=, SICCode=, password=December@2019, ownerName=, svidName=, primaryCountry=, recordCount=1 records, priorYearTBRMaxValue=, successMessage=Wireline, SICDescription=, username=sr644a, nAICSDescription=, responseTime=225 Milliseconds, DomSubAcct=, SVID=U35J8H, DUNSNumber=, primaryState=, primaryCity=, nAICSCode=, description=Field level Search with SVID , globalSearch=, priorYearTBRMinValue=, runmode=Y}]
String valueN
]]></system-out>
  </testcase>
  <testcase name="TC02_My_Accounts_Flow" classname="com.att.lemonade.testcases.TC02_My_Accounts" time="0">
    <skipped message="Test Case[TC02_MY_ACCOUNTS_FLOW:data-row-19]==&gt;is disabled"/>
    <system-out><![CDATA[2021-6-26 18:5:462 6239 INFO  [TestNG-test=Lemonade Test Cases-6] (ExtentManager.java:com.att.lemonade.utilities.ExtentManager.getTestKey(ExtentManager.java:104)) - Key=15[{attuid=, accountName=, firstName=, password=December@2029, svidName=, primaryCountry=, recordCount=400 records, columnDisplayVisible=, successMessage=Wireline, username=sr644a, responseTime=497 Milliseconds, filterOnEmailAndPhone=, SVID=, primaryState=, primaryCity=, primaryPhone=, lastName=, managementLevel=, description=FieldSearch, department=, globalSearch=Hole Products, primaryZip=, subAcctId=, runmode=Y, title=}]
String valueN
]]></system-out>
  </testcase>
  <testcase name="TC02_My_Accounts_Flow" classname="com.att.lemonade.testcases.TC02_My_Accounts" time="0">
    <skipped message="Test Case[TC02_MY_ACCOUNTS_FLOW:data-row-20]==&gt;is disabled"/>
    <system-out><![CDATA[2021-6-26 18:5:513 6290 INFO  [TestNG-test=Lemonade Test Cases-3] (ExtentManager.java:com.att.lemonade.utilities.ExtentManager.getTestKey(ExtentManager.java:104)) - Key=18[{attuid=GR4568, accountName=, SICCode=, password=December@2019, ownerName=, svidName=, recordCount=No data found, priorYearTBRMaxValue=, SICDescription=, successMessage=Wireline, username=sr644a, nAICSDescription=, FNIndicator=, responseTime=No data found, SVID=, primaryState=, percentageFiber=, primaryCity=, primaryPhone=, fiberEligible=, accountStatus=, nAICSCode=, description=Global search, globalSearch=, priorYearTBRMinValue=, primaryZip=, primaryStreet=401 Whitehurst , subAcctId=, runmode=Y, NoOfOpptys=}]
2021-6-26 18:5:514 6291 DEBUG [TestNG-test=Lemonade Test Cases-5] (_Log4jLoggerFactory.java:freemarker.log._Log4jLoggerFactory$Log4jLogger.debug(_Log4jLoggerFactory.java:45)) - Couldn't find template in cache for "Extent.ftl"("en_US", UTF-8, parsed); will try to load it.
2021-6-26 18:5:517 6294 DEBUG [TestNG-test=Lemonade Test Cases-5] (_Log4jLoggerFactory.java:freemarker.log._Log4jLoggerFactory$Log4jLogger.debug(_Log4jLoggerFactory.java:45)) - TemplateLoader.findTemplateSource("Extent_en_US.ftl"): Not found
2021-6-26 18:5:519 6296 DEBUG [TestNG-test=Lemonade Test Cases-5] (_Log4jLoggerFactory.java:freemarker.log._Log4jLoggerFactory$Log4jLogger.debug(_Log4jLoggerFactory.java:45)) - TemplateLoader.findTemplateSource("Extent_en.ftl"): Not found
2021-6-26 18:5:520 6297 DEBUG [TestNG-test=Lemonade Test Cases-5] (_Log4jLoggerFactory.java:freemarker.log._Log4jLoggerFactory$Log4jLogger.debug(_Log4jLoggerFactory.java:45)) - TemplateLoader.findTemplateSource("Extent.ftl"): Found
2021-6-26 18:5:521 6298 DEBUG [TestNG-test=Lemonade Test Cases-5] (_Log4jLoggerFactory.java:freemarker.log._Log4jLoggerFactory$Log4jLogger.debug(_Log4jLoggerFactory.java:45)) - Loading template for "Extent.ftl"("en_US", UTF-8, parsed) from "jar:file:/C:/Users/SaranyaRamamoorthy/.m2/repository/com/relevantcodes/extentreports/2.41.2/extentreports-2.41.2.jar!/com/relevantcodes/extentreports/view/Extent.ftl"
2021-6-26 18:5:522 6299 INFO  [TestNG-test=Lemonade Test Cases-4] (ExtentManager.java:com.att.lemonade.utilities.ExtentManager.getTestKey(ExtentManager.java:104)) - Key=18[{attuid=, SICCode=, password=December@2019, ownerName=, svidName=, primaryCountry=, recordCount=1 records, priorYearTBRMaxValue=, successMessage=Wireline, SICDescription=, username=sr644a, nAICSDescription=, responseTime=218 Milliseconds, DomSubAcct=, SVID=0005WW, DUNSNumber=, primaryState=, primaryCity=, nAICSCode=, description=Field level Search with SVID , globalSearch=, priorYearTBRMinValue=, runmode=Y}]
2021-6-26 18:5:575 6352 DEBUG [TestNG-test=Lemonade Test Cases-1] (_Log4jLoggerFactory.java:freemarker.log._Log4jLoggerFactory$Log4jLogger.debug(_Log4jLoggerFactory.java:45)) - Couldn't find template in cache for "Extent.ftl"("en_US", UTF-8, parsed); will try to load it.
2021-6-26 18:5:576 6353 DEBUG [TestNG-test=Lemonade Test Cases-1] (_Log4jLoggerFactory.java:freemarker.log._Log4jLoggerFactory$Log4jLogger.debug(_Log4jLoggerFactory.java:45)) - TemplateLoader.findTemplateSource("Extent_en_US.ftl"): Not found
2021-6-26 18:5:576 6353 DEBUG [TestNG-test=Lemonade Test Cases-1] (_Log4jLoggerFactory.java:freemarker.log._Log4jLoggerFactory$Log4jLogger.debug(_Log4jLoggerFactory.java:45)) - TemplateLoader.findTemplateSource("Extent_en.ftl"): Not found
2021-6-26 18:5:577 6354 INFO  [TestNG-test=Lemonade Test Cases-5] (ExtentManager.java:com.att.lemonade.utilities.ExtentManager.getTestKey(ExtentManager.java:104)) - Key=16[{accountName=Imperva, firstName=, password=December@2029, svidName=, primaryCountry=, recordCount=, successMessage=Wireline, username=sr644a, responseTime=, SVID=, filterOnEmailAndPhone=, primaryState=, primaryCity=, primaryPhone=, lastName=, managementLevel=, description=FieldSearch, department=, globalSearch=, primaryZip=, subAcctId=, runmode=Y, title=}]
2021-6-26 18:5:577 6354 DEBUG [TestNG-test=Lemonade Test Cases-1] (_Log4jLoggerFactory.java:freemarker.log._Log4jLoggerFactory$Log4jLogger.debug(_Log4jLoggerFactory.java:45)) - TemplateLoader.findTemplateSource("Extent.ftl"): Found
2021-6-26 18:5:578 6355 DEBUG [TestNG-test=Lemonade Test Cases-1] (_Log4jLoggerFactory.java:freemarker.log._Log4jLoggerFactory$Log4jLogger.debug(_Log4jLoggerFactory.java:45)) - Loading template for "Extent.ftl"("en_US", UTF-8, parsed) from "jar:file:/C:/Users/SaranyaRamamoorthy/.m2/repository/com/relevantcodes/extentreports/2.41.2/extentreports-2.41.2.jar!/com/relevantcodes/extentreports/view/Extent.ftl"
2021-6-26 18:5:673 6450 INFO  [TestNG-test=Lemonade Test Cases-1] (ExtentManager.java:com.att.lemonade.utilities.ExtentManager.getTestKey(ExtentManager.java:104)) - Key=20[{accountName=, SICCode=6221.0, password=December@2019, ownerName=, svidName=, recordCount=No data found, priorYearTBRMaxValue=, SICDescription=, successMessage=Wireline, username=sr644a, nAICSDescription=, FNIndicator=, responseTime=No data found, SVID=, primaryState=, percentageFiber=, primaryCity=, primaryPhone=, fiberEligible=, accountStatus=, nAICSCode=, description=Global search, globalSearch=, priorYearTBRMinValue=, primaryZip=, primaryStreet=, subAcctId=, runmode=Y, NoOfOpptys=}]
String valueN
]]></system-out>
  </testcase>
  <testcase name="TC02_My_Accounts_Flow" classname="com.att.lemonade.testcases.TC02_My_Accounts" time="0">
    <skipped message="Test Case[TC02_MY_ACCOUNTS_FLOW:data-row-21]==&gt;is disabled"/>
    <system-out><![CDATA[2021-6-26 18:5:815 6592 INFO  [TestNG-test=Lemonade Test Cases-4] (ExtentManager.java:com.att.lemonade.utilities.ExtentManager.getTestKey(ExtentManager.java:104)) - Key=18[{attuid=, SICCode=, password=December@2019, ownerName=, svidName=, primaryCountry=, recordCount=1 records, priorYearTBRMaxValue=, successMessage=Wireline, SICDescription=, username=sr644a, nAICSDescription=, responseTime=218 Milliseconds, DomSubAcct=, SVID=0005WW, DUNSNumber=, primaryState=, primaryCity=, nAICSCode=, description=Field level Search with SVID , globalSearch=, priorYearTBRMinValue=, runmode=Y}]
2021-6-26 18:5:816 6593 DEBUG [TestNG-test=Lemonade Test Cases-3] (_Log4jLoggerFactory.java:freemarker.log._Log4jLoggerFactory$Log4jLogger.debug(_Log4jLoggerFactory.java:45)) - TemplateLoader.findTemplateSource("Extent_en_US.ftl"): Not found
2021-6-26 18:5:816 6593 INFO  [TestNG-test=Lemonade Test Cases-5] (ExtentManager.java:com.att.lemonade.utilities.ExtentManager.getTestKey(ExtentManager.java:104)) - Key=16[{accountName=Imperva, firstName=, password=December@2029, svidName=, primaryCountry=, recordCount=, successMessage=Wireline, username=sr644a, responseTime=, SVID=, filterOnEmailAndPhone=, primaryState=, primaryCity=, primaryPhone=, lastName=, managementLevel=, description=FieldSearch, department=, globalSearch=, primaryZip=, subAcctId=, runmode=Y, title=}]
2021-6-26 18:5:817 6594 DEBUG [TestNG-test=Lemonade Test Cases-3] (_Log4jLoggerFactory.java:freemarker.log._Log4jLoggerFactory$Log4jLogger.debug(_Log4jLoggerFactory.java:45)) - TemplateLoader.findTemplateSource("Extent_en.ftl"): Not found
2021-6-26 18:5:818 6595 DEBUG [TestNG-test=Lemonade Test Cases-3] (_Log4jLoggerFactory.java:freemarker.log._Log4jLoggerFactory$Log4jLogger.debug(_Log4jLoggerFactory.java:45)) - TemplateLoader.findTemplateSource("Extent.ftl"): Found
2021-6-26 18:5:818 6595 DEBUG [TestNG-test=Lemonade Test Cases-3] (_Log4jLoggerFactory.java:freemarker.log._Log4jLoggerFactory$Log4jLogger.debug(_Log4jLoggerFactory.java:45)) - Loading template for "Extent.ftl"("en_US", UTF-8, parsed) from "jar:file:/C:/Users/SaranyaRamamoorthy/.m2/repository/com/relevantcodes/extentreports/2.41.2/extentreports-2.41.2.jar!/com/relevantcodes/extentreports/view/Extent.ftl"
2021-6-26 18:5:824 6601 INFO  [TestNG-test=Lemonade Test Cases-6] (ExtentManager.java:com.att.lemonade.utilities.ExtentManager.getTestKey(ExtentManager.java:104)) - Key=16[{attuid=, accountName=INTERNATIONAL BEAMS LLC, firstName=, password=December@2030, svidName=, primaryCountry=, recordCount=18 records, columnDisplayVisible=, successMessage=Wireline, username=sr644a, responseTime=644 Milliseconds, filterOnEmailAndPhone=, SVID=, primaryState=, primaryCity=, primaryPhone=, lastName=, managementLevel=, description=FieldSearch, department=, globalSearch=, primaryZip=, subAcctId=, runmode=Y, title=}]
String valueN
]]></system-out>
  </testcase>
  <testcase name="TC02_My_Accounts_Flow" classname="com.att.lemonade.testcases.TC02_My_Accounts" time="0">
    <skipped message="Test Case[TC02_MY_ACCOUNTS_FLOW:data-row-22]==&gt;is disabled"/>
    <system-out><![CDATA[2021-6-26 18:5:113 6890 INFO  [TestNG-test=Lemonade Test Cases-5] (ExtentManager.java:com.att.lemonade.utilities.ExtentManager.getTestKey(ExtentManager.java:104)) - Key=17[{accountName=, firstName=, password=December@2029, svidName=, primaryCountry=, recordCount=, successMessage=Wireline, username=sr644a, responseTime=, SVID=, filterOnEmailAndPhone=, primaryState=, primaryCity=, primaryPhone=, lastName=, managementLevel=, description=FieldSearch, department=, globalSearch=UNKNOWN, primaryZip=, subAcctId=, runmode=Y, title=}]
2021-6-26 18:5:114 6891 DEBUG [TestNG-test=Lemonade Test Cases-5] (_Log4jLoggerFactory.java:freemarker.log._Log4jLoggerFactory$Log4jLogger.debug(_Log4jLoggerFactory.java:45)) - Couldn't find template in cache for "Extent.ftl"("en_US", UTF-8, parsed); will try to load it.
2021-6-26 18:5:115 6892 DEBUG [TestNG-test=Lemonade Test Cases-5] (_Log4jLoggerFactory.java:freemarker.log._Log4jLoggerFactory$Log4jLogger.debug(_Log4jLoggerFactory.java:45)) - TemplateLoader.findTemplateSource("Extent_en_US.ftl"): Not found
2021-6-26 18:5:116 6893 DEBUG [TestNG-test=Lemonade Test Cases-5] (_Log4jLoggerFactory.java:freemarker.log._Log4jLoggerFactory$Log4jLogger.debug(_Log4jLoggerFactory.java:45)) - TemplateLoader.findTemplateSource("Extent_en.ftl"): Not found
2021-6-26 18:5:121 6898 DEBUG [TestNG-test=Lemonade Test Cases-5] (_Log4jLoggerFactory.java:freemarker.log._Log4jLoggerFactory$Log4jLogger.debug(_Log4jLoggerFactory.java:45)) - TemplateLoader.findTemplateSource("Extent.ftl"): Found
2021-6-26 18:5:123 6900 DEBUG [TestNG-test=Lemonade Test Cases-5] (_Log4jLoggerFactory.java:freemarker.log._Log4jLoggerFactory$Log4jLogger.debug(_Log4jLoggerFactory.java:45)) - Loading template for "Extent.ftl"("en_US", UTF-8, parsed) from "jar:file:/C:/Users/SaranyaRamamoorthy/.m2/repository/com/relevantcodes/extentreports/2.41.2/extentreports-2.41.2.jar!/com/relevantcodes/extentreports/view/Extent.ftl"
]]></system-out>
  </testcase>
  <testcase name="TC02_My_Accounts_Flow" classname="com.att.lemonade.testcases.TC02_My_Accounts" time="0">
    <skipped message="Test Case[TC02_MY_ACCOUNTS_FLOW:data-row-23]==&gt;is disabled"/>
    <system-out><![CDATA[2021-6-26 18:5:303 7080 DEBUG [TestNG-test=Lemonade Test Cases-6] (_Log4jLoggerFactory.java:freemarker.log._Log4jLoggerFactory$Log4jLogger.debug(_Log4jLoggerFactory.java:45)) - Couldn't find template in cache for "Extent.ftl"("en_US", UTF-8, parsed); will try to load it.
2021-6-26 18:5:304 7081 DEBUG [TestNG-test=Lemonade Test Cases-6] (_Log4jLoggerFactory.java:freemarker.log._Log4jLoggerFactory$Log4jLogger.debug(_Log4jLoggerFactory.java:45)) - TemplateLoader.findTemplateSource("Extent_en_US.ftl"): Not found
2021-6-26 18:5:304 7081 DEBUG [TestNG-test=Lemonade Test Cases-6] (_Log4jLoggerFactory.java:freemarker.log._Log4jLoggerFactory$Log4jLogger.debug(_Log4jLoggerFactory.java:45)) - TemplateLoader.findTemplateSource("Extent_en.ftl"): Not found
2021-6-26 18:5:303 7080 INFO  [TestNG-test=Lemonade Test Cases-4] (ExtentManager.java:com.att.lemonade.utilities.ExtentManager.getTestKey(ExtentManager.java:104)) - Key=20[{attuid=, SICCode=, password=December@2019, ownerName=, svidName=, primaryCountry=, recordCount=1 records, priorYearTBRMaxValue=, successMessage=Wireline, SICDescription=, username=sr644a, nAICSDescription=, responseTime=214 Milliseconds, DomSubAcct=, SVID=, DUNSNumber=8.36162305E8, primaryState=, primaryCity=, nAICSCode=, description=Field level Search with Duns, globalSearch=, priorYearTBRMinValue=, runmode=Y}]
2021-6-26 18:5:305 7082 DEBUG [TestNG-test=Lemonade Test Cases-6] (_Log4jLoggerFactory.java:freemarker.log._Log4jLoggerFactory$Log4jLogger.debug(_Log4jLoggerFactory.java:45)) - TemplateLoader.findTemplateSource("Extent.ftl"): Found
2021-6-26 18:5:307 7084 DEBUG [TestNG-test=Lemonade Test Cases-6] (_Log4jLoggerFactory.java:freemarker.log._Log4jLoggerFactory$Log4jLogger.debug(_Log4jLoggerFactory.java:45)) - Loading template for "Extent.ftl"("en_US", UTF-8, parsed) from "jar:file:/C:/Users/SaranyaRamamoorthy/.m2/repository/com/relevantcodes/extentreports/2.41.2/extentreports-2.41.2.jar!/com/relevantcodes/extentreports/view/Extent.ftl"
2021-6-26 18:5:311 7088 INFO  [TestNG-test=Lemonade Test Cases-1] (ExtentManager.java:com.att.lemonade.utilities.ExtentManager.getTestKey(ExtentManager.java:104)) - Key=23[{accountName=, SICCode=, password=December@2019, ownerName=, svidName=, recordCount=5 records, priorYearTBRMaxValue=, SICDescription=Miscellaneous, successMessage=Wireline, username=sr644a, nAICSDescription=, FNIndicator=, responseTime=316 Milliseconds, SVID=, primaryState=, percentageFiber=, primaryCity=, primaryPhone=, fiberEligible=, accountStatus=, nAICSCode=, description=Global search, globalSearch=, priorYearTBRMinValue=, primaryZip=, primaryStreet=, subAcctId=, runmode=Y, NoOfOpptys=}]
2021-6-26 18:5:385 7162 DEBUG [TestNG-test=Lemonade Test Cases-3] (_Log4jLoggerFactory.java:freemarker.log._Log4jLoggerFactory$Log4jLogger.debug(_Log4jLoggerFactory.java:45)) - Couldn't find template in cache for "Extent.ftl"("en_US", UTF-8, parsed); will try to load it.
2021-6-26 18:5:386 7163 DEBUG [TestNG-test=Lemonade Test Cases-3] (_Log4jLoggerFactory.java:freemarker.log._Log4jLoggerFactory$Log4jLogger.debug(_Log4jLoggerFactory.java:45)) - TemplateLoader.findTemplateSource("Extent_en_US.ftl"): Not found
2021-6-26 18:5:387 7164 DEBUG [TestNG-test=Lemonade Test Cases-3] (_Log4jLoggerFactory.java:freemarker.log._Log4jLoggerFactory$Log4jLogger.debug(_Log4jLoggerFactory.java:45)) - TemplateLoader.findTemplateSource("Extent_en.ftl"): Not found
2021-6-26 18:5:387 7164 DEBUG [TestNG-test=Lemonade Test Cases-3] (_Log4jLoggerFactory.java:freemarker.log._Log4jLoggerFactory$Log4jLogger.debug(_Log4jLoggerFactory.java:45)) - TemplateLoader.findTemplateSource("Extent.ftl"): Found
2021-6-26 18:5:387 7164 DEBUG [TestNG-test=Lemonade Test Cases-3] (_Log4jLoggerFactory.java:freemarker.log._Log4jLoggerFactory$Log4jLogger.debug(_Log4jLoggerFactory.java:45)) - Loading template for "Extent.ftl"("en_US", UTF-8, parsed) from "jar:file:/C:/Users/SaranyaRamamoorthy/.m2/repository/com/relevantcodes/extentreports/2.41.2/extentreports-2.41.2.jar!/com/relevantcodes/extentreports/view/Extent.ftl"
2021-6-26 18:5:409 7186 INFO  [TestNG-test=Lemonade Test Cases-6] (ExtentManager.java:com.att.lemonade.utilities.ExtentManager.getTestKey(ExtentManager.java:104)) - Key=18[{attuid=, accountName=, firstName=, password=December@2032, svidName=, primaryCountry=, recordCount=2 records, columnDisplayVisible=, successMessage=Wireline, username=sr644a, responseTime=303 Milliseconds, filterOnEmailAndPhone=, SVID=U3DDV0, primaryState=, primaryCity=, primaryPhone=, lastName=, managementLevel=, description=FieldSearch, department=, globalSearch=, primaryZip=, subAcctId=, runmode=Y, title=}]
String valueN
]]></system-out>
  </testcase>
  <testcase name="TC02_My_Accounts_Flow" classname="com.att.lemonade.testcases.TC02_My_Accounts" time="0">
    <skipped message="Test Case[TC02_MY_ACCOUNTS_FLOW:data-row-24]==&gt;is disabled"/>
    <system-out><![CDATA[2021-6-26 18:5:626 7403 INFO  [TestNG-test=Lemonade Test Cases-5] (ExtentManager.java:com.att.lemonade.utilities.ExtentManager.getTestKey(ExtentManager.java:104)) - Key=19[{accountName=, firstName=, password=December@2029, svidName=, primaryCountry=, recordCount=, successMessage=Wireline, username=sr644a, responseTime=, SVID=, filterOnEmailAndPhone=, primaryState=, primaryCity=, primaryPhone=, lastName=, managementLevel=, description=FieldSearch, department=, globalSearch=CA, primaryZip=, subAcctId=, runmode=Y, title=}]
2021-6-26 18:5:626 7403 DEBUG [TestNG-test=Lemonade Test Cases-3] (_Log4jLoggerFactory.java:freemarker.log._Log4jLoggerFactory$Log4jLogger.debug(_Log4jLoggerFactory.java:45)) - TemplateLoader.findTemplateSource("Extent_en_US.ftl"): Not found
2021-6-26 18:5:627 7404 DEBUG [TestNG-test=Lemonade Test Cases-3] (_Log4jLoggerFactory.java:freemarker.log._Log4jLoggerFactory$Log4jLogger.debug(_Log4jLoggerFactory.java:45)) - TemplateLoader.findTemplateSource("Extent_en.ftl"): Not found
2021-6-26 18:5:627 7404 DEBUG [TestNG-test=Lemonade Test Cases-3] (_Log4jLoggerFactory.java:freemarker.log._Log4jLoggerFactory$Log4jLogger.debug(_Log4jLoggerFactory.java:45)) - TemplateLoader.findTemplateSource("Extent.ftl"): Found
2021-6-26 18:5:628 7405 DEBUG [TestNG-test=Lemonade Test Cases-3] (_Log4jLoggerFactory.java:freemarker.log._Log4jLoggerFactory$Log4jLogger.debug(_Log4jLoggerFactory.java:45)) - Loading template for "Extent.ftl"("en_US", UTF-8, parsed) from "jar:file:/C:/Users/SaranyaRamamoorthy/.m2/repository/com/relevantcodes/extentreports/2.41.2/extentreports-2.41.2.jar!/com/relevantcodes/extentreports/view/Extent.ftl"
2021-6-26 18:5:627 7404 INFO  [TestNG-test=Lemonade Test Cases-1] (ExtentManager.java:com.att.lemonade.utilities.ExtentManager.getTestKey(ExtentManager.java:104)) - Key=24[{accountName=, SICCode=, password=December@2019, ownerName=, svidName=, recordCount=2 records, priorYearTBRMaxValue=, SICDescription=, successMessage=Wireline, username=sr644a, nAICSDescription=Professional, Scientific, Tech. Services, FNIndicator=, responseTime=292 Milliseconds, SVID=, primaryState=, percentageFiber=, primaryCity=, primaryPhone=, fiberEligible=, accountStatus=, nAICSCode=, description=Global search, globalSearch=, priorYearTBRMinValue=, primaryZip=, primaryStreet=, subAcctId=, runmode=Y, NoOfOpptys=}]
2021-6-26 18:5:692 7469 DEBUG [TestNG-test=Lemonade Test Cases-4] (_Log4jLoggerFactory.java:freemarker.log._Log4jLoggerFactory$Log4jLogger.debug(_Log4jLoggerFactory.java:45)) - Couldn't find template in cache for "Extent.ftl"("en_US", UTF-8, parsed); will try to load it.
2021-6-26 18:5:693 7470 INFO  [TestNG-test=Lemonade Test Cases-3] (ExtentManager.java:com.att.lemonade.utilities.ExtentManager.getTestKey(ExtentManager.java:104)) - Key=22[{attuid=GR4568, accountName=, SICCode=, password=December@2019, ownerName=, svidName=, recordCount=No data found, priorYearTBRMaxValue=, SICDescription=, successMessage=Wireline, username=sr644a, nAICSDescription=, FNIndicator=, responseTime=No data found, SVID=, primaryState=, percentageFiber=, primaryCity=, primaryPhone=, fiberEligible=, accountStatus=, nAICSCode=, description=Global search, globalSearch=The Woodlands, priorYearTBRMinValue=, primaryZip=, primaryStreet=, subAcctId=, runmode=Y, NoOfOpptys=}]
2021-6-26 18:5:693 7470 DEBUG [TestNG-test=Lemonade Test Cases-4] (_Log4jLoggerFactory.java:freemarker.log._Log4jLoggerFactory$Log4jLogger.debug(_Log4jLoggerFactory.java:45)) - TemplateLoader.findTemplateSource("Extent_en_US.ftl"): Not found
2021-6-26 18:5:694 7471 DEBUG [TestNG-test=Lemonade Test Cases-4] (_Log4jLoggerFactory.java:freemarker.log._Log4jLoggerFactory$Log4jLogger.debug(_Log4jLoggerFactory.java:45)) - TemplateLoader.findTemplateSource("Extent_en.ftl"): Not found
2021-6-26 18:5:695 7472 DEBUG [TestNG-test=Lemonade Test Cases-4] (_Log4jLoggerFactory.java:freemarker.log._Log4jLoggerFactory$Log4jLogger.debug(_Log4jLoggerFactory.java:45)) - TemplateLoader.findTemplateSource("Extent.ftl"): Found
2021-6-26 18:5:695 7472 DEBUG [TestNG-test=Lemonade Test Cases-4] (_Log4jLoggerFactory.java:freemarker.log._Log4jLoggerFactory$Log4jLogger.debug(_Log4jLoggerFactory.java:45)) - Loading template for "Extent.ftl"("en_US", UTF-8, parsed) from "jar:file:/C:/Users/SaranyaRamamoorthy/.m2/repository/com/relevantcodes/extentreports/2.41.2/extentreports-2.41.2.jar!/com/relevantcodes/extentreports/view/Extent.ftl"
String valueN
]]></system-out>
  </testcase>
  <testcase name="TC02_My_Accounts_Flow" classname="com.att.lemonade.testcases.TC02_My_Accounts" time="0">
    <skipped message="Test Case[TC02_MY_ACCOUNTS_FLOW:data-row-25]==&gt;is disabled"/>
    <system-out><![CDATA[2021-6-26 18:5:745 7522 INFO  [TestNG-test=Lemonade Test Cases-1] (ExtentManager.java:com.att.lemonade.utilities.ExtentManager.getTestKey(ExtentManager.java:104)) - Key=24[{accountName=, SICCode=, password=December@2019, ownerName=, svidName=, recordCount=2 records, priorYearTBRMaxValue=, SICDescription=, successMessage=Wireline, username=sr644a, nAICSDescription=Professional, Scientific, Tech. Services, FNIndicator=, responseTime=292 Milliseconds, SVID=, primaryState=, percentageFiber=, primaryCity=, primaryPhone=, fiberEligible=, accountStatus=, nAICSCode=, description=Global search, globalSearch=, priorYearTBRMinValue=, primaryZip=, primaryStreet=, subAcctId=, runmode=Y, NoOfOpptys=}]
2021-6-26 18:5:745 7522 DEBUG [TestNG-test=Lemonade Test Cases-1] (_Log4jLoggerFactory.java:freemarker.log._Log4jLoggerFactory$Log4jLogger.debug(_Log4jLoggerFactory.java:45)) - Couldn't find template in cache for "Extent.ftl"("en_US", UTF-8, parsed); will try to load it.
2021-6-26 18:5:746 7523 DEBUG [TestNG-test=Lemonade Test Cases-1] (_Log4jLoggerFactory.java:freemarker.log._Log4jLoggerFactory$Log4jLogger.debug(_Log4jLoggerFactory.java:45)) - TemplateLoader.findTemplateSource("Extent_en_US.ftl"): Not found
2021-6-26 18:5:747 7524 DEBUG [TestNG-test=Lemonade Test Cases-1] (_Log4jLoggerFactory.java:freemarker.log._Log4jLoggerFactory$Log4jLogger.debug(_Log4jLoggerFactory.java:45)) - TemplateLoader.findTemplateSource("Extent_en.ftl"): Not found
2021-6-26 18:5:747 7524 DEBUG [TestNG-test=Lemonade Test Cases-1] (_Log4jLoggerFactory.java:freemarker.log._Log4jLoggerFactory$Log4jLogger.debug(_Log4jLoggerFactory.java:45)) - TemplateLoader.findTemplateSource("Extent.ftl"): Found
2021-6-26 18:5:748 7525 DEBUG [TestNG-test=Lemonade Test Cases-1] (_Log4jLoggerFactory.java:freemarker.log._Log4jLoggerFactory$Log4jLogger.debug(_Log4jLoggerFactory.java:45)) - Loading template for "Extent.ftl"("en_US", UTF-8, parsed) from "jar:file:/C:/Users/SaranyaRamamoorthy/.m2/repository/com/relevantcodes/extentreports/2.41.2/extentreports-2.41.2.jar!/com/relevantcodes/extentreports/view/Extent.ftl"
2021-6-26 18:5:763 7540 INFO  [TestNG-test=Lemonade Test Cases-4] (ExtentManager.java:com.att.lemonade.utilities.ExtentManager.getTestKey(ExtentManager.java:104)) - Key=22[{attuid=AC1083, SICCode=, password=December@2019, ownerName=, svidName=, primaryCountry=, recordCount=No data found, priorYearTBRMaxValue=9999999.0, successMessage=Wireline, SICDescription=, username=sr644a, nAICSDescription=, responseTime=No data found, DomSubAcct=, SVID=, DUNSNumber=, primaryState=, primaryCity=, nAICSCode=, description=Field level Search with Attuid &Duns, globalSearch=, priorYearTBRMinValue=100.0, runmode=Y}]
2021-6-26 18:5:819 7596 DEBUG [TestNG-test=Lemonade Test Cases-5] (_Log4jLoggerFactory.java:freemarker.log._Log4jLoggerFactory$Log4jLogger.debug(_Log4jLoggerFactory.java:45)) - Couldn't find template in cache for "Extent.ftl"("en_US", UTF-8, parsed); will try to load it.
2021-6-26 18:5:820 7597 DEBUG [TestNG-test=Lemonade Test Cases-5] (_Log4jLoggerFactory.java:freemarker.log._Log4jLoggerFactory$Log4jLogger.debug(_Log4jLoggerFactory.java:45)) - TemplateLoader.findTemplateSource("Extent_en_US.ftl"): Not found
2021-6-26 18:5:821 7598 DEBUG [TestNG-test=Lemonade Test Cases-5] (_Log4jLoggerFactory.java:freemarker.log._Log4jLoggerFactory$Log4jLogger.debug(_Log4jLoggerFactory.java:45)) - TemplateLoader.findTemplateSource("Extent_en.ftl"): Not found
2021-6-26 18:5:821 7598 DEBUG [TestNG-test=Lemonade Test Cases-5] (_Log4jLoggerFactory.java:freemarker.log._Log4jLoggerFactory$Log4jLogger.debug(_Log4jLoggerFactory.java:45)) - TemplateLoader.findTemplateSource("Extent.ftl"): Found
2021-6-26 18:5:821 7598 DEBUG [TestNG-test=Lemonade Test Cases-5] (_Log4jLoggerFactory.java:freemarker.log._Log4jLoggerFactory$Log4jLogger.debug(_Log4jLoggerFactory.java:45)) - Loading template for "Extent.ftl"("en_US", UTF-8, parsed) from "jar:file:/C:/Users/SaranyaRamamoorthy/.m2/repository/com/relevantcodes/extentreports/2.41.2/extentreports-2.41.2.jar!/com/relevantcodes/extentreports/view/Extent.ftl"
2021-6-26 18:5:820 7597 INFO  [TestNG-test=Lemonade Test Cases-1] (ExtentManager.java:com.att.lemonade.utilities.ExtentManager.getTestKey(ExtentManager.java:104)) - Key=25[{accountName=, SICCode=, password=December@2019, ownerName=, svidName=, recordCount=No data found, priorYearTBRMaxValue=, SICDescription=, successMessage=Wireline, username=sr644a, nAICSDescription=Manufacturing-Metal,Machinery,Computer,Electronic,Electrical,Appliance, FNIndicator=, responseTime=No data found, SVID=, primaryState=, percentageFiber=, primaryCity=, primaryPhone=, fiberEligible=, accountStatus=, nAICSCode=, description=Global search, globalSearch=, priorYearTBRMinValue=, primaryZip=, primaryStreet=, subAcctId=, runmode=Y, NoOfOpptys=}]
2021-6-26 18:5:890 7667 DEBUG [TestNG-test=Lemonade Test Cases-6] (_Log4jLoggerFactory.java:freemarker.log._Log4jLoggerFactory$Log4jLogger.debug(_Log4jLoggerFactory.java:45)) - Couldn't find template in cache for "Extent.ftl"("en_US", UTF-8, parsed); will try to load it.
2021-6-26 18:5:891 7668 DEBUG [TestNG-test=Lemonade Test Cases-6] (_Log4jLoggerFactory.java:freemarker.log._Log4jLoggerFactory$Log4jLogger.debug(_Log4jLoggerFactory.java:45)) - TemplateLoader.findTemplateSource("Extent_en_US.ftl"): Not found
2021-6-26 18:5:892 7669 DEBUG [TestNG-test=Lemonade Test Cases-6] (_Log4jLoggerFactory.java:freemarker.log._Log4jLoggerFactory$Log4jLogger.debug(_Log4jLoggerFactory.java:45)) - TemplateLoader.findTemplateSource("Extent_en.ftl"): Not found
2021-6-26 18:5:892 7669 DEBUG [TestNG-test=Lemonade Test Cases-6] (_Log4jLoggerFactory.java:freemarker.log._Log4jLoggerFactory$Log4jLogger.debug(_Log4jLoggerFactory.java:45)) - TemplateLoader.findTemplateSource("Extent.ftl"): Found
2021-6-26 18:5:893 7670 DEBUG [TestNG-test=Lemonade Test Cases-6] (_Log4jLoggerFactory.java:freemarker.log._Log4jLoggerFactory$Log4jLogger.debug(_Log4jLoggerFactory.java:45)) - Loading template for "Extent.ftl"("en_US", UTF-8, parsed) from "jar:file:/C:/Users/SaranyaRamamoorthy/.m2/repository/com/relevantcodes/extentreports/2.41.2/extentreports-2.41.2.jar!/com/relevantcodes/extentreports/view/Extent.ftl"
2021-6-26 18:5:905 7682 INFO  [TestNG-test=Lemonade Test Cases-5] (ExtentManager.java:com.att.lemonade.utilities.ExtentManager.getTestKey(ExtentManager.java:104)) - Key=20[{accountName=, firstName=, password=December@2029, svidName=, primaryCountry=, recordCount=, successMessage=Wireline, username=sr644a, responseTime=, SVID=, filterOnEmailAndPhone=, primaryState=, primaryCity=Indianapolis, primaryPhone=, lastName=, managementLevel=, description=FieldSearch, department=, globalSearch=, primaryZip=, subAcctId=, runmode=Y, title=}]
String valueN
String valueN
String valueN
]]></system-out>
  </testcase>
  <testcase name="TC02_My_Accounts_Flow" classname="com.att.lemonade.testcases.TC02_My_Accounts" time="0">
    <skipped message="Test Case[TC02_MY_ACCOUNTS_FLOW:data-row-26]==&gt;is disabled"/>
  </testcase>
  <testcase name="TC02_My_Accounts_Flow" classname="com.att.lemonade.testcases.TC02_My_Accounts" time="0">
    <skipped message="Test Case[TC02_MY_ACCOUNTS_FLOW:data-row-27]==&gt;is disabled"/>
    <system-out><![CDATA[2021-6-26 18:5:496 8273 DEBUG [TestNG-test=Lemonade Test Cases-5] (_Log4jLoggerFactory.java:freemarker.log._Log4jLoggerFactory$Log4jLogger.debug(_Log4jLoggerFactory.java:45)) - Couldn't find template in cache for "Extent.ftl"("en_US", UTF-8, parsed); will try to load it.
2021-6-26 18:5:496 8273 INFO  [TestNG-test=Lemonade Test Cases-4] (ExtentManager.java:com.att.lemonade.utilities.ExtentManager.getTestKey(ExtentManager.java:104)) - Key=25[{attuid=, SICCode=, password=December@2019, ownerName=, svidName=, primaryCountry=, recordCount=1 records, priorYearTBRMaxValue=, successMessage=Wireline, SICDescription=, username=sr644a, nAICSDescription=, responseTime=205 Milliseconds, DomSubAcct=S5TIBU, SVID=, DUNSNumber=, primaryState=, primaryCity=, nAICSCode=, description=Field level Search with DomSubAcct, globalSearch=, priorYearTBRMinValue=, runmode=Y}]
2021-6-26 18:5:496 8273 DEBUG [TestNG-test=Lemonade Test Cases-5] (_Log4jLoggerFactory.java:freemarker.log._Log4jLoggerFactory$Log4jLogger.debug(_Log4jLoggerFactory.java:45)) - TemplateLoader.findTemplateSource("Extent_en_US.ftl"): Not found
2021-6-26 18:5:497 8274 DEBUG [TestNG-test=Lemonade Test Cases-5] (_Log4jLoggerFactory.java:freemarker.log._Log4jLoggerFactory$Log4jLogger.debug(_Log4jLoggerFactory.java:45)) - TemplateLoader.findTemplateSource("Extent_en.ftl"): Not found
2021-6-26 18:5:498 8275 DEBUG [TestNG-test=Lemonade Test Cases-5] (_Log4jLoggerFactory.java:freemarker.log._Log4jLoggerFactory$Log4jLogger.debug(_Log4jLoggerFactory.java:45)) - TemplateLoader.findTemplateSource("Extent.ftl"): Found
2021-6-26 18:5:498 8275 INFO  [TestNG-test=Lemonade Test Cases-1] (ExtentManager.java:com.att.lemonade.utilities.ExtentManager.getTestKey(ExtentManager.java:104)) - Key=27[{accountName=, SICCode=, password=December@2019, ownerName=, svidName=, recordCount=1 records, priorYearTBRMaxValue=, SICDescription=, successMessage=Wireline, username=sr644a, nAICSDescription=, FNIndicator=, responseTime=234 Milliseconds, SVID=, primaryState=, percentageFiber=, primaryCity=, primaryPhone=, fiberEligible=, accountStatus=, nAICSCode=, description=Global search, globalSearch=Tobacco, priorYearTBRMinValue=, primaryZip=, primaryStreet=, subAcctId=, runmode=Y, NoOfOpptys=}]
2021-6-26 18:5:498 8275 DEBUG [TestNG-test=Lemonade Test Cases-5] (_Log4jLoggerFactory.java:freemarker.log._Log4jLoggerFactory$Log4jLogger.debug(_Log4jLoggerFactory.java:45)) - Loading template for "Extent.ftl"("en_US", UTF-8, parsed) from "jar:file:/C:/Users/SaranyaRamamoorthy/.m2/repository/com/relevantcodes/extentreports/2.41.2/extentreports-2.41.2.jar!/com/relevantcodes/extentreports/view/Extent.ftl"
String valueN
2021-6-26 18:5:589 8366 DEBUG [TestNG-test=Lemonade Test Cases-4] (_Log4jLoggerFactory.java:freemarker.log._Log4jLoggerFactory$Log4jLogger.debug(_Log4jLoggerFactory.java:45)) - Couldn't find template in cache for "Extent.ftl"("en_US", UTF-8, parsed); will try to load it.
]]></system-out>
    <system-err><![CDATA[JavaScript error: resource://gre/modules/XULStore.jsm, line 66: Error: Can't find profile directory.
]]></system-err>
  </testcase>
  <testcase name="TC02_My_Accounts_Flow" classname="com.att.lemonade.testcases.TC02_My_Accounts" time="0">
    <skipped message="Test Case[TC02_MY_ACCOUNTS_FLOW:data-row-28]==&gt;is disabled"/>
    <system-out><![CDATA[2021-6-26 18:5:993 8770 INFO  [TestNG-test=Lemonade Test Cases-5] (ExtentManager.java:com.att.lemonade.utilities.ExtentManager.getTestKey(ExtentManager.java:104)) - Key=23[{accountName=, firstName=, password=December@2029, svidName=, primaryCountry=, recordCount=, successMessage=Wireline, username=sr644a, responseTime=, SVID=, filterOnEmailAndPhone=Show All Contacts, primaryState=, primaryCity=, primaryPhone=, lastName=, managementLevel=, description=FieldSearch, department=, globalSearch=, primaryZip=, subAcctId=, runmode=Y, title=}]
]]></system-out>
  </testcase>
  <testcase name="TC02_My_Accounts_Flow" classname="com.att.lemonade.testcases.TC02_My_Accounts" time="0">
    <skipped message="Test Case[TC02_MY_ACCOUNTS_FLOW:data-row-29]==&gt;is disabled"/>
    <system-out><![CDATA[2021-6-26 18:5:138 8915 INFO  [TestNG-test=Lemonade Test Cases-6] (ExtentManager.java:com.att.lemonade.utilities.ExtentManager.getTestKey(ExtentManager.java:104)) - Key=22[{attuid=, accountName=, firstName=, password=December@2036, svidName=, primaryCountry=, recordCount=No data found, columnDisplayVisible=, successMessage=Wireline, username=sr644a, responseTime=No data found, filterOnEmailAndPhone=, SVID=, primaryState=, primaryCity=, primaryPhone=1.9415529914E10, lastName=, managementLevel=, description=FieldSearch, department=, globalSearch=, primaryZip=, subAcctId=, runmode=Y, title=}]
2021-6-26 18:5:138 8915 DEBUG [TestNG-test=Lemonade Test Cases-1] (_Log4jLoggerFactory.java:freemarker.log._Log4jLoggerFactory$Log4jLogger.debug(_Log4jLoggerFactory.java:45)) - Couldn't find template in cache for "Extent.ftl"("en_US", UTF-8, parsed); will try to load it.
2021-6-26 18:5:139 8916 DEBUG [TestNG-test=Lemonade Test Cases-1] (_Log4jLoggerFactory.java:freemarker.log._Log4jLoggerFactory$Log4jLogger.debug(_Log4jLoggerFactory.java:45)) - TemplateLoader.findTemplateSource("Extent_en_US.ftl"): Not found
2021-6-26 18:5:139 8916 INFO  [TestNG-test=Lemonade Test Cases-4] (ExtentManager.java:com.att.lemonade.utilities.ExtentManager.getTestKey(ExtentManager.java:104)) - Key=27[{attuid=JH175X, SICCode=, password=December@2019, ownerName=, svidName=, primaryCountry=, recordCount=No data found, priorYearTBRMaxValue=, successMessage=Wireline, SICDescription=, username=sr644a, nAICSDescription=, responseTime=No data found, DomSubAcct=SIVB32	, SVID=, DUNSNumber=, primaryState=, primaryCity=, nAICSCode=, description=Field level Search with Attuid &Dom sub acct, globalSearch=, priorYearTBRMinValue=, runmode=Y}]
2021-6-26 18:5:139 8916 DEBUG [TestNG-test=Lemonade Test Cases-1] (_Log4jLoggerFactory.java:freemarker.log._Log4jLoggerFactory$Log4jLogger.debug(_Log4jLoggerFactory.java:45)) - TemplateLoader.findTemplateSource("Extent_en.ftl"): Not found
2021-6-26 18:5:140 8917 DEBUG [TestNG-test=Lemonade Test Cases-1] (_Log4jLoggerFactory.java:freemarker.log._Log4jLoggerFactory$Log4jLogger.debug(_Log4jLoggerFactory.java:45)) - TemplateLoader.findTemplateSource("Extent.ftl"): Found
2021-6-26 18:5:141 8918 DEBUG [TestNG-test=Lemonade Test Cases-1] (_Log4jLoggerFactory.java:freemarker.log._Log4jLoggerFactory$Log4jLogger.debug(_Log4jLoggerFactory.java:45)) - Loading template for "Extent.ftl"("en_US", UTF-8, parsed) from "jar:file:/C:/Users/SaranyaRamamoorthy/.m2/repository/com/relevantcodes/extentreports/2.41.2/extentreports-2.41.2.jar!/com/relevantcodes/extentreports/view/Extent.ftl"
2021-6-26 18:5:184 8961 INFO  [TestNG-test=Lemonade Test Cases-1] (ExtentManager.java:com.att.lemonade.utilities.ExtentManager.getTestKey(ExtentManager.java:104)) - Key=29[{accountName=, SICCode=, password=December@2019, ownerName=, svidName=, recordCount=No data found, priorYearTBRMaxValue=, SICDescription=, successMessage=Wireline, username=sr644a, nAICSDescription=, FNIndicator=, responseTime=No data found, SVID=, primaryState=, percentageFiber=, primaryCity=, primaryPhone=, fiberEligible=, accountStatus=, nAICSCode=, description=Global search, globalSearch=Pharmacies, priorYearTBRMinValue=, primaryZip=, primaryStreet=, subAcctId=, runmode=Y, NoOfOpptys=}]
String valueN
]]></system-out>
  </testcase>
  <testcase name="TC02_My_Accounts_Flow" classname="com.att.lemonade.testcases.TC02_My_Accounts" time="0">
    <skipped message="Test Case[TC02_MY_ACCOUNTS_FLOW:data-row-30]==&gt;is disabled"/>
    <system-out><![CDATA[2021-6-26 18:5:499 9276 INFO  [TestNG-test=Lemonade Test Cases-5] (ExtentManager.java:com.att.lemonade.utilities.ExtentManager.getTestKey(ExtentManager.java:104)) - Key=25[{accountName=, firstName=, password=December@2029, svidName=, primaryCountry=, recordCount=, successMessage=Wireline, username=sr644a, responseTime=, SVID=, filterOnEmailAndPhone=Show Only Contacts with Email, primaryState=, primaryCity=, primaryPhone=, lastName=, managementLevel=, description=FieldSearch, department=, globalSearch=, primaryZip=, subAcctId=, runmode=Y, title=}]
2021-6-26 18:5:499 9276 INFO  [TestNG-test=Lemonade Test Cases-6] (ExtentManager.java:com.att.lemonade.utilities.ExtentManager.getTestKey(ExtentManager.java:104)) - Key=23[{attuid=, accountName=, firstName=, password=December@2037, svidName=, primaryCountry=, recordCount=400 records, columnDisplayVisible=, successMessage=Wireline, username=sr644a, responseTime=690 Milliseconds, filterOnEmailAndPhone=, SVID=, primaryState=, primaryCity=, primaryPhone=, lastName=, managementLevel=, description=FieldSearch, department=, globalSearch=, primaryZip=, subAcctId=, runmode=Y, title=TESTING ENGINEER}]
String valueN
]]></system-out>
  </testcase>
  <testcase name="TC02_My_Accounts_Flow" classname="com.att.lemonade.testcases.TC02_My_Accounts" time="0">
    <skipped message="Test Case[TC02_MY_ACCOUNTS_FLOW:data-row-31]==&gt;is disabled"/>
    <system-out><![CDATA[2021-6-26 18:5:787 9564 INFO  [TestNG-test=Lemonade Test Cases-6] (ExtentManager.java:com.att.lemonade.utilities.ExtentManager.getTestKey(ExtentManager.java:104)) - Key=24[{attuid=, accountName=, firstName=, password=December@2038, svidName=, primaryCountry=, recordCount=400 records, columnDisplayVisible=, successMessage=Wireline, username=sr644a, responseTime=558 Milliseconds, filterOnEmailAndPhone=, SVID=, primaryState=, primaryCity=, primaryPhone=, lastName=, managementLevel=, description=FieldSearch, department=IT & IS, globalSearch=, primaryZip=, subAcctId=, runmode=Y, title=}]
2021-6-26 18:5:787 9564 DEBUG [TestNG-test=Lemonade Test Cases-6] (_Log4jLoggerFactory.java:freemarker.log._Log4jLoggerFactory$Log4jLogger.debug(_Log4jLoggerFactory.java:45)) - Couldn't find template in cache for "Extent.ftl"("en_US", UTF-8, parsed); will try to load it.
2021-6-26 18:5:788 9565 DEBUG [TestNG-test=Lemonade Test Cases-6] (_Log4jLoggerFactory.java:freemarker.log._Log4jLoggerFactory$Log4jLogger.debug(_Log4jLoggerFactory.java:45)) - TemplateLoader.findTemplateSource("Extent_en_US.ftl"): Not found
2021-6-26 18:5:789 9566 DEBUG [TestNG-test=Lemonade Test Cases-6] (_Log4jLoggerFactory.java:freemarker.log._Log4jLoggerFactory$Log4jLogger.debug(_Log4jLoggerFactory.java:45)) - TemplateLoader.findTemplateSource("Extent_en.ftl"): Not found
2021-6-26 18:5:789 9566 DEBUG [TestNG-test=Lemonade Test Cases-6] (_Log4jLoggerFactory.java:freemarker.log._Log4jLoggerFactory$Log4jLogger.debug(_Log4jLoggerFactory.java:45)) - TemplateLoader.findTemplateSource("Extent.ftl"): Found
2021-6-26 18:5:790 9567 DEBUG [TestNG-test=Lemonade Test Cases-6] (_Log4jLoggerFactory.java:freemarker.log._Log4jLoggerFactory$Log4jLogger.debug(_Log4jLoggerFactory.java:45)) - Loading template for "Extent.ftl"("en_US", UTF-8, parsed) from "jar:file:/C:/Users/SaranyaRamamoorthy/.m2/repository/com/relevantcodes/extentreports/2.41.2/extentreports-2.41.2.jar!/com/relevantcodes/extentreports/view/Extent.ftl"
2021-6-26 18:5:823 9600 INFO  [TestNG-test=Lemonade Test Cases-4] (ExtentManager.java:com.att.lemonade.utilities.ExtentManager.getTestKey(ExtentManager.java:104)) - Key=30[{attuid=HR3919, SICCode=, password=December@2019, ownerName=HOWARD RICE, svidName=, primaryCountry=, recordCount=No data found, priorYearTBRMaxValue=, successMessage=Wireline, SICDescription=, username=sr644a, nAICSDescription=, responseTime=No data found, DomSubAcct=, SVID=, DUNSNumber=, primaryState=, primaryCity=, nAICSCode=, description=Field level Search with Attuid &Owner Name, globalSearch=, priorYearTBRMinValue=, runmode=Y}]
String valueN
]]></system-out>
  </testcase>
  <testcase name="TC02_My_Accounts_Flow" classname="com.att.lemonade.testcases.TC02_My_Accounts" time="0">
    <skipped message="Test Case[TC02_MY_ACCOUNTS_FLOW:data-row-32]==&gt;is disabled"/>
    <system-out><![CDATA[2021-6-26 18:5:929 9706 INFO  [TestNG-test=Lemonade Test Cases-6] (ExtentManager.java:com.att.lemonade.utilities.ExtentManager.getTestKey(ExtentManager.java:104)) - Key=25[{attuid=, accountName=, firstName=, password=December@2039, svidName=, primaryCountry=, recordCount=400 records, columnDisplayVisible=, successMessage=Wireline, username=sr644a, responseTime=529 Milliseconds, filterOnEmailAndPhone=, SVID=, primaryState=, primaryCity=, primaryPhone=, lastName=, managementLevel=PROFESSIONAL, description=FieldSearch, department=, globalSearch=, primaryZip=, subAcctId=, runmode=Y, title=}]
2021-6-26 18:5:929 9706 DEBUG [TestNG-test=Lemonade Test Cases-4] (_Log4jLoggerFactory.java:freemarker.log._Log4jLoggerFactory$Log4jLogger.debug(_Log4jLoggerFactory.java:45)) - TemplateLoader.findTemplateSource("Extent_en_US.ftl"): Not found
2021-6-26 18:5:930 9707 DEBUG [TestNG-test=Lemonade Test Cases-4] (_Log4jLoggerFactory.java:freemarker.log._Log4jLoggerFactory$Log4jLogger.debug(_Log4jLoggerFactory.java:45)) - TemplateLoader.findTemplateSource("Extent_en.ftl"): Not found
2021-6-26 18:5:931 9708 DEBUG [TestNG-test=Lemonade Test Cases-4] (_Log4jLoggerFactory.java:freemarker.log._Log4jLoggerFactory$Log4jLogger.debug(_Log4jLoggerFactory.java:45)) - TemplateLoader.findTemplateSource("Extent.ftl"): Found
2021-6-26 18:5:931 9708 DEBUG [TestNG-test=Lemonade Test Cases-4] (_Log4jLoggerFactory.java:freemarker.log._Log4jLoggerFactory$Log4jLogger.debug(_Log4jLoggerFactory.java:45)) - Loading template for "Extent.ftl"("en_US", UTF-8, parsed) from "jar:file:/C:/Users/SaranyaRamamoorthy/.m2/repository/com/relevantcodes/extentreports/2.41.2/extentreports-2.41.2.jar!/com/relevantcodes/extentreports/view/Extent.ftl"
2021-6-26 18:5:934 9711 INFO  [TestNG-test=Lemonade Test Cases-1] (ExtentManager.java:com.att.lemonade.utilities.ExtentManager.getTestKey(ExtentManager.java:104)) - Key=32[{accountName=, SICCode=, password=December@2021, ownerName=LESLIE, svidName=, recordCount=No data found, priorYearTBRMaxValue=, SICDescription=, successMessage=Wireline, username=sr644a, nAICSDescription=, FNIndicator=, responseTime=No data found, SVID=, primaryState=, percentageFiber=, primaryCity=, primaryPhone=, fiberEligible=, accountStatus=, nAICSCode=, description=Global search, globalSearch=, priorYearTBRMinValue=, primaryZip=, primaryStreet=, subAcctId=, runmode=Y, NoOfOpptys=}]
String valueN
]]></system-out>
  </testcase>
  <testcase name="TC02_My_Accounts_Flow" classname="com.att.lemonade.testcases.TC02_My_Accounts" time="0">
    <skipped message="Test Case[TC02_MY_ACCOUNTS_FLOW:data-row-33]==&gt;is disabled"/>
    <system-out><![CDATA[2021-6-26 18:5:136 9913 INFO  [TestNG-test=Lemonade Test Cases-6] (ExtentManager.java:com.att.lemonade.utilities.ExtentManager.getTestKey(ExtentManager.java:104)) - Key=26[{attuid=, accountName=, firstName=, password=December@2040, svidName=, primaryCountry=, recordCount=400 records, columnDisplayVisible=, successMessage=Wireline, username=sr644a, responseTime=665 Milliseconds, filterOnEmailAndPhone=, SVID=, primaryState=, primaryCity=, primaryPhone=, lastName=, managementLevel=, description=FieldSearch, department=, globalSearch=, primaryZip=, subAcctId=, runmode=Y, title=}]
2021-6-26 18:5:136 9913 INFO  [TestNG-test=Lemonade Test Cases-1] (ExtentManager.java:com.att.lemonade.utilities.ExtentManager.getTestKey(ExtentManager.java:104)) - Key=33[{accountName=, SICCode=, password=December@2022, ownerName=TULLIS, svidName=, recordCount=No data found, priorYearTBRMaxValue=, SICDescription=, successMessage=Wireline, username=sr644a, nAICSDescription=, FNIndicator=, responseTime=No data found, SVID=, primaryState=, percentageFiber=, primaryCity=, primaryPhone=, fiberEligible=, accountStatus=, nAICSCode=, description=Global search, globalSearch=, priorYearTBRMinValue=, primaryZip=, primaryStreet=, subAcctId=, runmode=Y, NoOfOpptys=}]
2021-6-26 18:5:136 9913 DEBUG [TestNG-test=Lemonade Test Cases-4] (_Log4jLoggerFactory.java:freemarker.log._Log4jLoggerFactory$Log4jLogger.debug(_Log4jLoggerFactory.java:45)) - Couldn't find template in cache for "Extent.ftl"("en_US", UTF-8, parsed); will try to load it.
2021-6-26 18:5:137 9914 DEBUG [TestNG-test=Lemonade Test Cases-4] (_Log4jLoggerFactory.java:freemarker.log._Log4jLoggerFactory$Log4jLogger.debug(_Log4jLoggerFactory.java:45)) - TemplateLoader.findTemplateSource("Extent_en_US.ftl"): Not found
2021-6-26 18:5:138 9915 DEBUG [TestNG-test=Lemonade Test Cases-4] (_Log4jLoggerFactory.java:freemarker.log._Log4jLoggerFactory$Log4jLogger.debug(_Log4jLoggerFactory.java:45)) - TemplateLoader.findTemplateSource("Extent_en.ftl"): Not found
2021-6-26 18:5:138 9915 DEBUG [TestNG-test=Lemonade Test Cases-4] (_Log4jLoggerFactory.java:freemarker.log._Log4jLoggerFactory$Log4jLogger.debug(_Log4jLoggerFactory.java:45)) - TemplateLoader.findTemplateSource("Extent.ftl"): Found
2021-6-26 18:5:138 9915 DEBUG [TestNG-test=Lemonade Test Cases-4] (_Log4jLoggerFactory.java:freemarker.log._Log4jLoggerFactory$Log4jLogger.debug(_Log4jLoggerFactory.java:45)) - Loading template for "Extent.ftl"("en_US", UTF-8, parsed) from "jar:file:/C:/Users/SaranyaRamamoorthy/.m2/repository/com/relevantcodes/extentreports/2.41.2/extentreports-2.41.2.jar!/com/relevantcodes/extentreports/view/Extent.ftl"
String valueN
]]></system-out>
  </testcase>
  <testcase name="TC02_My_Accounts_Flow" classname="com.att.lemonade.testcases.TC02_My_Accounts" time="0">
    <skipped message="Test Case[TC02_MY_ACCOUNTS_FLOW:data-row-34]==&gt;is disabled"/>
  </testcase>
  <testcase name="TC02_My_Accounts_Flow" classname="com.att.lemonade.testcases.TC02_My_Accounts" time="0">
    <skipped message="Test Case[TC02_MY_ACCOUNTS_FLOW:data-row-35]==&gt;is disabled"/>
    <system-out><![CDATA[2021-6-26 18:5:590 10367 INFO  [TestNG-test=Lemonade Test Cases-6] (ExtentManager.java:com.att.lemonade.utilities.ExtentManager.getTestKey(ExtentManager.java:104)) - Key=29[{attuid=, accountName=, firstName=, password=December@2029, svidName=, primaryCountry=, recordCount=400 records, columnDisplayVisible=, successMessage=Wireline, username=sr644a, responseTime=562 Milliseconds, filterOnEmailAndPhone=Show Only Contacts with Phone, SVID=, primaryState=, primaryCity=, primaryPhone=, lastName=, managementLevel=, description=FieldSearch, department=, globalSearch=, primaryZip=, subAcctId=, runmode=Y, title=}]
2021-6-26 18:5:591 10368 DEBUG [TestNG-test=Lemonade Test Cases-1] (_Log4jLoggerFactory.java:freemarker.log._Log4jLoggerFactory$Log4jLogger.debug(_Log4jLoggerFactory.java:45)) - Couldn't find template in cache for "Extent.ftl"("en_US", UTF-8, parsed); will try to load it.
2021-6-26 18:5:591 10368 DEBUG [TestNG-test=Lemonade Test Cases-1] (_Log4jLoggerFactory.java:freemarker.log._Log4jLoggerFactory$Log4jLogger.debug(_Log4jLoggerFactory.java:45)) - TemplateLoader.findTemplateSource("Extent_en_US.ftl"): Not found
2021-6-26 18:5:592 10369 DEBUG [TestNG-test=Lemonade Test Cases-1] (_Log4jLoggerFactory.java:freemarker.log._Log4jLoggerFactory$Log4jLogger.debug(_Log4jLoggerFactory.java:45)) - TemplateLoader.findTemplateSource("Extent_en.ftl"): Not found
2021-6-26 18:5:592 10369 DEBUG [TestNG-test=Lemonade Test Cases-1] (_Log4jLoggerFactory.java:freemarker.log._Log4jLoggerFactory$Log4jLogger.debug(_Log4jLoggerFactory.java:45)) - TemplateLoader.findTemplateSource("Extent.ftl"): Found
2021-6-26 18:5:592 10369 DEBUG [TestNG-test=Lemonade Test Cases-1] (_Log4jLoggerFactory.java:freemarker.log._Log4jLoggerFactory$Log4jLogger.debug(_Log4jLoggerFactory.java:45)) - Loading template for "Extent.ftl"("en_US", UTF-8, parsed) from "jar:file:/C:/Users/SaranyaRamamoorthy/.m2/repository/com/relevantcodes/extentreports/2.41.2/extentreports-2.41.2.jar!/com/relevantcodes/extentreports/view/Extent.ftl"
2021-6-26 18:5:590 10367 INFO  [TestNG-test=Lemonade Test Cases-4] (ExtentManager.java:com.att.lemonade.utilities.ExtentManager.getTestKey(ExtentManager.java:104)) - Key=33[{attuid=, SICCode=, password=December@2019, ownerName=, svidName=, primaryCountry=, recordCount=400 records, priorYearTBRMaxValue=, successMessage=Wireline, SICDescription=Educational, username=sr644a, nAICSDescription=, responseTime=560 Milliseconds, DomSubAcct=, SVID=, DUNSNumber=, primaryState=, primaryCity=, nAICSCode=, description=Field level Search with SIC Description, globalSearch=, priorYearTBRMinValue=, runmode=Y}]
2021-6-26 18:5:653 10430 DEBUG [TestNG-test=Lemonade Test Cases-4] (_Log4jLoggerFactory.java:freemarker.log._Log4jLoggerFactory$Log4jLogger.debug(_Log4jLoggerFactory.java:45)) - Couldn't find template in cache for "Extent.ftl"("en_US", UTF-8, parsed); will try to load it.
2021-6-26 18:5:654 10431 DEBUG [TestNG-test=Lemonade Test Cases-4] (_Log4jLoggerFactory.java:freemarker.log._Log4jLoggerFactory$Log4jLogger.debug(_Log4jLoggerFactory.java:45)) - TemplateLoader.findTemplateSource("Extent_en_US.ftl"): Not found
2021-6-26 18:5:655 10432 INFO  [TestNG-test=Lemonade Test Cases-1] (ExtentManager.java:com.att.lemonade.utilities.ExtentManager.getTestKey(ExtentManager.java:104)) - Key=35[{accountName=, SICCode=, password=December@2024, ownerName=, svidName=, recordCount=34 records, priorYearTBRMaxValue=, SICDescription=, successMessage=Wireline, username=sr644a, nAICSDescription=, FNIndicator=, responseTime=608 Milliseconds, SVID=, primaryState=, percentageFiber=67.0, primaryCity=, primaryPhone=, fiberEligible=, accountStatus=, nAICSCode=, description=Global search, globalSearch=, priorYearTBRMinValue=, primaryZip=, primaryStreet=, subAcctId=, runmode=Y, NoOfOpptys=}]
2021-6-26 18:5:655 10432 DEBUG [TestNG-test=Lemonade Test Cases-4] (_Log4jLoggerFactory.java:freemarker.log._Log4jLoggerFactory$Log4jLogger.debug(_Log4jLoggerFactory.java:45)) - TemplateLoader.findTemplateSource("Extent_en.ftl"): Not found
2021-6-26 18:5:656 10433 DEBUG [TestNG-test=Lemonade Test Cases-4] (_Log4jLoggerFactory.java:freemarker.log._Log4jLoggerFactory$Log4jLogger.debug(_Log4jLoggerFactory.java:45)) - TemplateLoader.findTemplateSource("Extent.ftl"): Found
2021-6-26 18:5:656 10433 DEBUG [TestNG-test=Lemonade Test Cases-4] (_Log4jLoggerFactory.java:freemarker.log._Log4jLoggerFactory$Log4jLogger.debug(_Log4jLoggerFactory.java:45)) - Loading template for "Extent.ftl"("en_US", UTF-8, parsed) from "jar:file:/C:/Users/SaranyaRamamoorthy/.m2/repository/com/relevantcodes/extentreports/2.41.2/extentreports-2.41.2.jar!/com/relevantcodes/extentreports/view/Extent.ftl"
String valueN
String valueN
]]></system-out>
  </testcase>
  <testcase name="TC02_My_Accounts_Flow" classname="com.att.lemonade.testcases.TC02_My_Accounts" time="0">
    <skipped message="Test Case[TC02_MY_ACCOUNTS_FLOW:data-row-36]==&gt;is disabled"/>
    <system-out><![CDATA[2021-6-26 18:5:703 10480 DEBUG [TestNG-test=Lemonade Test Cases-1] (_Log4jLoggerFactory.java:freemarker.log._Log4jLoggerFactory$Log4jLogger.debug(_Log4jLoggerFactory.java:45)) - Couldn't find template in cache for "Extent.ftl"("en_US", UTF-8, parsed); will try to load it.
2021-6-26 18:5:703 10480 DEBUG [TestNG-test=Lemonade Test Cases-1] (_Log4jLoggerFactory.java:freemarker.log._Log4jLoggerFactory$Log4jLogger.debug(_Log4jLoggerFactory.java:45)) - TemplateLoader.findTemplateSource("Extent_en_US.ftl"): Not found
2021-6-26 18:5:706 10483 DEBUG [TestNG-test=Lemonade Test Cases-1] (_Log4jLoggerFactory.java:freemarker.log._Log4jLoggerFactory$Log4jLogger.debug(_Log4jLoggerFactory.java:45)) - TemplateLoader.findTemplateSource("Extent_en.ftl"): Not found
2021-6-26 18:5:708 10485 DEBUG [TestNG-test=Lemonade Test Cases-1] (_Log4jLoggerFactory.java:freemarker.log._Log4jLoggerFactory$Log4jLogger.debug(_Log4jLoggerFactory.java:45)) - TemplateLoader.findTemplateSource("Extent.ftl"): Found
2021-6-26 18:5:708 10485 DEBUG [TestNG-test=Lemonade Test Cases-1] (_Log4jLoggerFactory.java:freemarker.log._Log4jLoggerFactory$Log4jLogger.debug(_Log4jLoggerFactory.java:45)) - Loading template for "Extent.ftl"("en_US", UTF-8, parsed) from "jar:file:/C:/Users/SaranyaRamamoorthy/.m2/repository/com/relevantcodes/extentreports/2.41.2/extentreports-2.41.2.jar!/com/relevantcodes/extentreports/view/Extent.ftl"
2021-6-26 18:5:702 10479 INFO  [TestNG-test=Lemonade Test Cases-4] (ExtentManager.java:com.att.lemonade.utilities.ExtentManager.getTestKey(ExtentManager.java:104)) - Key=34[{attuid=, SICCode=, password=December@2019, ownerName=, svidName=, primaryCountry=, recordCount=400 records, priorYearTBRMaxValue=, successMessage=Wireline, SICDescription=Food & Kindred Products (cont., username=sr644a, nAICSDescription=, responseTime=479 Milliseconds, DomSubAcct=, SVID=, DUNSNumber=, primaryState=, primaryCity=, nAICSCode=, description=Field level Search with SIC Description, globalSearch=, priorYearTBRMinValue=, runmode=Y}]
2021-6-26 18:5:703 10480 INFO  [TestNG-test=Lemonade Test Cases-6] (ExtentManager.java:com.att.lemonade.utilities.ExtentManager.getTestKey(ExtentManager.java:104)) - Key=29[{attuid=, accountName=, firstName=, password=December@2029, svidName=, primaryCountry=, recordCount=400 records, columnDisplayVisible=, successMessage=Wireline, username=sr644a, responseTime=562 Milliseconds, filterOnEmailAndPhone=Show Only Contacts with Phone, SVID=, primaryState=, primaryCity=, primaryPhone=, lastName=, managementLevel=, description=FieldSearch, department=, globalSearch=, primaryZip=, subAcctId=, runmode=Y, title=}]
2021-6-26 18:5:820 10597 DEBUG [TestNG-test=Lemonade Test Cases-6] (_Log4jLoggerFactory.java:freemarker.log._Log4jLoggerFactory$Log4jLogger.debug(_Log4jLoggerFactory.java:45)) - Couldn't find template in cache for "Extent.ftl"("en_US", UTF-8, parsed); will try to load it.
2021-6-26 18:5:821 10598 DEBUG [TestNG-test=Lemonade Test Cases-6] (_Log4jLoggerFactory.java:freemarker.log._Log4jLoggerFactory$Log4jLogger.debug(_Log4jLoggerFactory.java:45)) - TemplateLoader.findTemplateSource("Extent_en_US.ftl"): Not found
2021-6-26 18:5:827 10604 DEBUG [TestNG-test=Lemonade Test Cases-6] (_Log4jLoggerFactory.java:freemarker.log._Log4jLoggerFactory$Log4jLogger.debug(_Log4jLoggerFactory.java:45)) - TemplateLoader.findTemplateSource("Extent_en.ftl"): Not found
2021-6-26 18:5:828 10605 DEBUG [TestNG-test=Lemonade Test Cases-6] (_Log4jLoggerFactory.java:freemarker.log._Log4jLoggerFactory$Log4jLogger.debug(_Log4jLoggerFactory.java:45)) - TemplateLoader.findTemplateSource("Extent.ftl"): Found
2021-6-26 18:5:828 10605 DEBUG [TestNG-test=Lemonade Test Cases-6] (_Log4jLoggerFactory.java:freemarker.log._Log4jLoggerFactory$Log4jLogger.debug(_Log4jLoggerFactory.java:45)) - Loading template for "Extent.ftl"("en_US", UTF-8, parsed) from "jar:file:/C:/Users/SaranyaRamamoorthy/.m2/repository/com/relevantcodes/extentreports/2.41.2/extentreports-2.41.2.jar!/com/relevantcodes/extentreports/view/Extent.ftl"
2021-6-26 18:5:836 10613 INFO  [TestNG-test=Lemonade Test Cases-1] (ExtentManager.java:com.att.lemonade.utilities.ExtentManager.getTestKey(ExtentManager.java:104)) - Key=36[{accountName=, SICCode=, password=December@2025, ownerName=, svidName=, recordCount=400 records, priorYearTBRMaxValue=, SICDescription=, successMessage=Wireline, username=sr644a, nAICSDescription=, FNIndicator=, responseTime=579 Milliseconds, SVID=, primaryState=, percentageFiber=11.0, primaryCity=, primaryPhone=, fiberEligible=, accountStatus=, nAICSCode=, description=Global search, globalSearch=, priorYearTBRMinValue=, primaryZip=, primaryStreet=, subAcctId=, runmode=Y, NoOfOpptys=}]
String valueN
String valueN
]]></system-out>
  </testcase>
  <testcase name="TC02_My_Accounts_Flow" classname="com.att.lemonade.testcases.TC02_My_Accounts" time="0">
    <skipped message="Test Case[TC02_MY_ACCOUNTS_FLOW:data-row-37]==&gt;is disabled"/>
    <system-out><![CDATA[2021-6-26 18:5:10 10787 DEBUG [TestNG-test=Lemonade Test Cases-4] (_Log4jLoggerFactory.java:freemarker.log._Log4jLoggerFactory$Log4jLogger.debug(_Log4jLoggerFactory.java:45)) - Couldn't find template in cache for "Extent.ftl"("en_US", UTF-8, parsed); will try to load it.
2021-6-26 18:5:10 10787 INFO  [TestNG-test=Lemonade Test Cases-6] (ExtentManager.java:com.att.lemonade.utilities.ExtentManager.getTestKey(ExtentManager.java:104)) - Key=30[{attuid=, accountName=, firstName=, password=December@2029, svidName=, primaryCountry=, recordCount=400 records, columnDisplayVisible=, successMessage=Wireline, username=sr644a, responseTime=545 Milliseconds, filterOnEmailAndPhone=Show Only Contacts with Email, SVID=, primaryState=, primaryCity=, primaryPhone=, lastName=, managementLevel=, description=FieldSearch, department=, globalSearch=, primaryZip=, subAcctId=, runmode=Y, title=}]
2021-6-26 18:5:10 10787 INFO  [TestNG-test=Lemonade Test Cases-1] (ExtentManager.java:com.att.lemonade.utilities.ExtentManager.getTestKey(ExtentManager.java:104)) - Key=37[{accountName=, SICCode=, password=December@2026, ownerName=, svidName=, recordCount=400 records, priorYearTBRMaxValue=, SICDescription=, successMessage=Wireline, username=sr644a, nAICSDescription=, FNIndicator=, responseTime=624 Milliseconds, SVID=, primaryState=, percentageFiber=, primaryCity=, primaryPhone=, fiberEligible=Yes, accountStatus=, nAICSCode=, description=Global search, globalSearch=, priorYearTBRMinValue=, primaryZip=, primaryStreet=, subAcctId=, runmode=Y, NoOfOpptys=}]
2021-6-26 18:5:11 10788 DEBUG [TestNG-test=Lemonade Test Cases-4] (_Log4jLoggerFactory.java:freemarker.log._Log4jLoggerFactory$Log4jLogger.debug(_Log4jLoggerFactory.java:45)) - TemplateLoader.findTemplateSource("Extent_en_US.ftl"): Not found
2021-6-26 18:5:11 10788 DEBUG [TestNG-test=Lemonade Test Cases-4] (_Log4jLoggerFactory.java:freemarker.log._Log4jLoggerFactory$Log4jLogger.debug(_Log4jLoggerFactory.java:45)) - TemplateLoader.findTemplateSource("Extent_en.ftl"): Not found
2021-6-26 18:5:12 10789 DEBUG [TestNG-test=Lemonade Test Cases-4] (_Log4jLoggerFactory.java:freemarker.log._Log4jLoggerFactory$Log4jLogger.debug(_Log4jLoggerFactory.java:45)) - TemplateLoader.findTemplateSource("Extent.ftl"): Found
2021-6-26 18:5:12 10789 DEBUG [TestNG-test=Lemonade Test Cases-4] (_Log4jLoggerFactory.java:freemarker.log._Log4jLoggerFactory$Log4jLogger.debug(_Log4jLoggerFactory.java:45)) - Loading template for "Extent.ftl"("en_US", UTF-8, parsed) from "jar:file:/C:/Users/SaranyaRamamoorthy/.m2/repository/com/relevantcodes/extentreports/2.41.2/extentreports-2.41.2.jar!/com/relevantcodes/extentreports/view/Extent.ftl"
String valueN
]]></system-out>
  </testcase>
  <testcase name="TC02_My_Accounts_Flow" classname="com.att.lemonade.testcases.TC02_My_Accounts" time="0">
    <skipped message="Test Case[TC02_MY_ACCOUNTS_FLOW:data-row-38]==&gt;is disabled"/>
    <system-out><![CDATA[2021-6-26 18:5:138 10915 INFO  [TestNG-test=Lemonade Test Cases-4] (ExtentManager.java:com.att.lemonade.utilities.ExtentManager.getTestKey(ExtentManager.java:104)) - Key=35[{attuid=HR3919, SICCode=, password=December@2019, ownerName=, svidName=, primaryCountry=, recordCount=No data found, priorYearTBRMaxValue=, successMessage=Wireline, SICDescription= Security, username=sr644a, nAICSDescription=, responseTime=No data found, DomSubAcct=, SVID=, DUNSNumber=, primaryState=, primaryCity=, nAICSCode=, description=Field level Search with ATTUID & SIC Description, globalSearch=, priorYearTBRMinValue=, runmode=Y}]
2021-6-26 18:5:138 10915 DEBUG [TestNG-test=Lemonade Test Cases-1] (_Log4jLoggerFactory.java:freemarker.log._Log4jLoggerFactory$Log4jLogger.debug(_Log4jLoggerFactory.java:45)) - TemplateLoader.findTemplateSource("Extent_en_US.ftl"): Not found
2021-6-26 18:5:138 10915 DEBUG [TestNG-test=Lemonade Test Cases-1] (_Log4jLoggerFactory.java:freemarker.log._Log4jLoggerFactory$Log4jLogger.debug(_Log4jLoggerFactory.java:45)) - TemplateLoader.findTemplateSource("Extent_en.ftl"): Not found
2021-6-26 18:5:139 10916 DEBUG [TestNG-test=Lemonade Test Cases-1] (_Log4jLoggerFactory.java:freemarker.log._Log4jLoggerFactory$Log4jLogger.debug(_Log4jLoggerFactory.java:45)) - TemplateLoader.findTemplateSource("Extent.ftl"): Found
2021-6-26 18:5:139 10916 DEBUG [TestNG-test=Lemonade Test Cases-1] (_Log4jLoggerFactory.java:freemarker.log._Log4jLoggerFactory$Log4jLogger.debug(_Log4jLoggerFactory.java:45)) - Loading template for "Extent.ftl"("en_US", UTF-8, parsed) from "jar:file:/C:/Users/SaranyaRamamoorthy/.m2/repository/com/relevantcodes/extentreports/2.41.2/extentreports-2.41.2.jar!/com/relevantcodes/extentreports/view/Extent.ftl"
2021-6-26 18:5:230 11007 DEBUG [TestNG-test=Lemonade Test Cases-4] (_Log4jLoggerFactory.java:freemarker.log._Log4jLoggerFactory$Log4jLogger.debug(_Log4jLoggerFactory.java:45)) - Couldn't find template in cache for "Extent.ftl"("en_US", UTF-8, parsed); will try to load it.
2021-6-26 18:5:231 11008 DEBUG [TestNG-test=Lemonade Test Cases-4] (_Log4jLoggerFactory.java:freemarker.log._Log4jLoggerFactory$Log4jLogger.debug(_Log4jLoggerFactory.java:45)) - TemplateLoader.findTemplateSource("Extent_en_US.ftl"): Not found
2021-6-26 18:5:232 11009 DEBUG [TestNG-test=Lemonade Test Cases-4] (_Log4jLoggerFactory.java:freemarker.log._Log4jLoggerFactory$Log4jLogger.debug(_Log4jLoggerFactory.java:45)) - TemplateLoader.findTemplateSource("Extent_en.ftl"): Not found
2021-6-26 18:5:235 11012 DEBUG [TestNG-test=Lemonade Test Cases-4] (_Log4jLoggerFactory.java:freemarker.log._Log4jLoggerFactory$Log4jLogger.debug(_Log4jLoggerFactory.java:45)) - TemplateLoader.findTemplateSource("Extent.ftl"): Found
2021-6-26 18:5:235 11012 DEBUG [TestNG-test=Lemonade Test Cases-4] (_Log4jLoggerFactory.java:freemarker.log._Log4jLoggerFactory$Log4jLogger.debug(_Log4jLoggerFactory.java:45)) - Loading template for "Extent.ftl"("en_US", UTF-8, parsed) from "jar:file:/C:/Users/SaranyaRamamoorthy/.m2/repository/com/relevantcodes/extentreports/2.41.2/extentreports-2.41.2.jar!/com/relevantcodes/extentreports/view/Extent.ftl"
2021-6-26 18:5:252 11029 INFO  [TestNG-test=Lemonade Test Cases-1] (ExtentManager.java:com.att.lemonade.utilities.ExtentManager.getTestKey(ExtentManager.java:104)) - Key=38[{accountName=, SICCode=, password=December@2027, ownerName=, svidName=, recordCount=400 records, priorYearTBRMaxValue=, SICDescription=, successMessage=Wireline, username=sr644a, nAICSDescription=, FNIndicator=, responseTime=532 Milliseconds, SVID=, primaryState=, percentageFiber=, primaryCity=, primaryPhone=, fiberEligible=No, accountStatus=, nAICSCode=, description=Global search, globalSearch=, priorYearTBRMinValue=, primaryZip=, primaryStreet=, subAcctId=, runmode=Y, NoOfOpptys=}]
String valueN
]]></system-out>
    <system-err><![CDATA[1622032610208	Marionette	WARN	TLS certificate errors will be ignored for this session
May 26, 2021 6:06:50 PM org.openqa.selenium.remote.ProtocolHandshake createSession
INFO: Detected dialect: W3C
]]></system-err>
  </testcase>
  <testcase name="TC02_My_Accounts_Flow" classname="com.att.lemonade.testcases.TC02_My_Accounts" time="0">
    <skipped message="Test Case[TC02_MY_ACCOUNTS_FLOW:data-row-39]==&gt;is disabled"/>
    <system-out><![CDATA[2021-6-26 18:5:426 11203 INFO  [TestNG-test=Lemonade Test Cases-4] (ExtentManager.java:com.att.lemonade.utilities.ExtentManager.getTestKey(ExtentManager.java:104)) - Key=36[{attuid=HR3919, SICCode=, password=December@2019, ownerName=, svidName=, primaryCountry=, recordCount=No data found, priorYearTBRMaxValue=, successMessage=Wireline, SICDescription=National , username=sr644a, nAICSDescription=, responseTime=No data found, DomSubAcct=, SVID=, DUNSNumber=, primaryState=, primaryCity=, nAICSCode=, description=Field level Search with ATTUID & SIC Description, globalSearch=, priorYearTBRMinValue=, runmode=Y}]
2021-6-26 18:5:427 11204 DEBUG [TestNG-test=Lemonade Test Cases-4] (_Log4jLoggerFactory.java:freemarker.log._Log4jLoggerFactory$Log4jLogger.debug(_Log4jLoggerFactory.java:45)) - Couldn't find template in cache for "Extent.ftl"("en_US", UTF-8, parsed); will try to load it.
2021-6-26 18:5:427 11204 INFO  [TestNG-test=Lemonade Test Cases-1] (ExtentManager.java:com.att.lemonade.utilities.ExtentManager.getTestKey(ExtentManager.java:104)) - Key=39[{accountName=, SICCode=, password=December@2028, ownerName=, svidName=, recordCount=No data found, priorYearTBRMaxValue=, SICDescription=, successMessage=Wireline, username=sr644a, nAICSDescription=, FNIndicator=Active, responseTime=No data found, SVID=, primaryState=, percentageFiber=, primaryCity=, primaryPhone=, fiberEligible=, accountStatus=, nAICSCode=, description=Global search, globalSearch=, priorYearTBRMinValue=, primaryZip=, primaryStreet=, subAcctId=, runmode=Y, NoOfOpptys=}]
2021-6-26 18:5:427 11204 DEBUG [TestNG-test=Lemonade Test Cases-4] (_Log4jLoggerFactory.java:freemarker.log._Log4jLoggerFactory$Log4jLogger.debug(_Log4jLoggerFactory.java:45)) - TemplateLoader.findTemplateSource("Extent_en_US.ftl"): Not found
2021-6-26 18:5:428 11205 DEBUG [TestNG-test=Lemonade Test Cases-4] (_Log4jLoggerFactory.java:freemarker.log._Log4jLoggerFactory$Log4jLogger.debug(_Log4jLoggerFactory.java:45)) - TemplateLoader.findTemplateSource("Extent_en.ftl"): Not found
2021-6-26 18:5:428 11205 DEBUG [TestNG-test=Lemonade Test Cases-4] (_Log4jLoggerFactory.java:freemarker.log._Log4jLoggerFactory$Log4jLogger.debug(_Log4jLoggerFactory.java:45)) - TemplateLoader.findTemplateSource("Extent.ftl"): Found
2021-6-26 18:5:428 11205 DEBUG [TestNG-test=Lemonade Test Cases-4] (_Log4jLoggerFactory.java:freemarker.log._Log4jLoggerFactory$Log4jLogger.debug(_Log4jLoggerFactory.java:45)) - Loading template for "Extent.ftl"("en_US", UTF-8, parsed) from "jar:file:/C:/Users/SaranyaRamamoorthy/.m2/repository/com/relevantcodes/extentreports/2.41.2/extentreports-2.41.2.jar!/com/relevantcodes/extentreports/view/Extent.ftl"
String valueN
]]></system-out>
  </testcase>
  <testcase name="TC02_My_Accounts_Flow" classname="com.att.lemonade.testcases.TC02_My_Accounts" time="0">
    <skipped message="Test Case[TC02_MY_ACCOUNTS_FLOW:data-row-40]==&gt;is disabled"/>
    <system-out><![CDATA[2021-6-26 18:5:558 11335 INFO  [TestNG-test=Lemonade Test Cases-4] (ExtentManager.java:com.att.lemonade.utilities.ExtentManager.getTestKey(ExtentManager.java:104)) - Key=37[{attuid=, SICCode=7231.0, password=December@2019, ownerName=, svidName=, primaryCountry=, recordCount=400 records, priorYearTBRMaxValue=, successMessage=Wireline, SICDescription=, username=sr644a, nAICSDescription=, responseTime=513 Milliseconds, DomSubAcct=, SVID=, DUNSNumber=, primaryState=, primaryCity=, nAICSCode=, description=Field level Search with SIC Code, globalSearch=, priorYearTBRMinValue=, runmode=Y}]
2021-6-26 18:5:558 11335 INFO  [TestNG-test=Lemonade Test Cases-1] (ExtentManager.java:com.att.lemonade.utilities.ExtentManager.getTestKey(ExtentManager.java:104)) - Key=40[{accountName=, SICCode=, password=December@2029, ownerName=, svidName=, recordCount=No data found, priorYearTBRMaxValue=, SICDescription=, successMessage=Wireline, username=sr644a, nAICSDescription=, FNIndicator=Eligible, responseTime=No data found, SVID=, primaryState=, percentageFiber=, primaryCity=, primaryPhone=, fiberEligible=, accountStatus=, nAICSCode=, description=Global search, globalSearch=, priorYearTBRMinValue=, primaryZip=, primaryStreet=, subAcctId=, runmode=Y, NoOfOpptys=}]
2021-6-26 18:5:559 11336 DEBUG [TestNG-test=Lemonade Test Cases-4] (_Log4jLoggerFactory.java:freemarker.log._Log4jLoggerFactory$Log4jLogger.debug(_Log4jLoggerFactory.java:45)) - Couldn't find template in cache for "Extent.ftl"("en_US", UTF-8, parsed); will try to load it.
2021-6-26 18:5:560 11337 DEBUG [TestNG-test=Lemonade Test Cases-4] (_Log4jLoggerFactory.java:freemarker.log._Log4jLoggerFactory$Log4jLogger.debug(_Log4jLoggerFactory.java:45)) - TemplateLoader.findTemplateSource("Extent_en_US.ftl"): Not found
2021-6-26 18:5:560 11337 DEBUG [TestNG-test=Lemonade Test Cases-4] (_Log4jLoggerFactory.java:freemarker.log._Log4jLoggerFactory$Log4jLogger.debug(_Log4jLoggerFactory.java:45)) - TemplateLoader.findTemplateSource("Extent_en.ftl"): Not found
2021-6-26 18:5:561 11338 DEBUG [TestNG-test=Lemonade Test Cases-4] (_Log4jLoggerFactory.java:freemarker.log._Log4jLoggerFactory$Log4jLogger.debug(_Log4jLoggerFactory.java:45)) - TemplateLoader.findTemplateSource("Extent.ftl"): Found
2021-6-26 18:5:561 11338 DEBUG [TestNG-test=Lemonade Test Cases-4] (_Log4jLoggerFactory.java:freemarker.log._Log4jLoggerFactory$Log4jLogger.debug(_Log4jLoggerFactory.java:45)) - Loading template for "Extent.ftl"("en_US", UTF-8, parsed) from "jar:file:/C:/Users/SaranyaRamamoorthy/.m2/repository/com/relevantcodes/extentreports/2.41.2/extentreports-2.41.2.jar!/com/relevantcodes/extentreports/view/Extent.ftl"
String valueN
]]></system-out>
  </testcase>
  <testcase name="TC02_My_Accounts_Flow" classname="com.att.lemonade.testcases.TC02_My_Accounts" time="0">
    <skipped message="Test Case[TC02_MY_ACCOUNTS_FLOW:data-row-41]==&gt;is disabled"/>
    <system-out><![CDATA[2021-6-26 18:5:696 11473 INFO  [TestNG-test=Lemonade Test Cases-1] (ExtentManager.java:com.att.lemonade.utilities.ExtentManager.getTestKey(ExtentManager.java:104)) - Key=41[{accountName=, SICCode=, password=December@2030, ownerName=, svidName=, recordCount=No data found, priorYearTBRMaxValue=, SICDescription=, successMessage=Wireline, username=sr644a, nAICSDescription=, FNIndicator=Potential, responseTime=No data found, SVID=, primaryState=, percentageFiber=, primaryCity=, primaryPhone=, fiberEligible=, accountStatus=, nAICSCode=, description=Global search, globalSearch=, priorYearTBRMinValue=, primaryZip=, primaryStreet=, subAcctId=, runmode=Y, NoOfOpptys=}]
String valueN
]]></system-out>
  </testcase>
  <testcase name="TC02_My_Accounts_Flow" classname="com.att.lemonade.testcases.TC02_My_Accounts" time="0">
    <skipped message="Test Case[TC02_MY_ACCOUNTS_FLOW:data-row-42]==&gt;is disabled"/>
    <system-out><![CDATA[2021-6-26 18:5:697 11474 INFO  [TestNG-test=Lemonade Test Cases-1] (ExtentManager.java:com.att.lemonade.utilities.ExtentManager.getTestKey(ExtentManager.java:104)) - Key=41[{accountName=, SICCode=, password=December@2030, ownerName=, svidName=, recordCount=No data found, priorYearTBRMaxValue=, SICDescription=, successMessage=Wireline, username=sr644a, nAICSDescription=, FNIndicator=Potential, responseTime=No data found, SVID=, primaryState=, percentageFiber=, primaryCity=, primaryPhone=, fiberEligible=, accountStatus=, nAICSCode=, description=Global search, globalSearch=, priorYearTBRMinValue=, primaryZip=, primaryStreet=, subAcctId=, runmode=Y, NoOfOpptys=}]
2021-6-26 18:5:697 11474 DEBUG [TestNG-test=Lemonade Test Cases-1] (_Log4jLoggerFactory.java:freemarker.log._Log4jLoggerFactory$Log4jLogger.debug(_Log4jLoggerFactory.java:45)) - Couldn't find template in cache for "Extent.ftl"("en_US", UTF-8, parsed); will try to load it.
2021-6-26 18:5:698 11475 DEBUG [TestNG-test=Lemonade Test Cases-1] (_Log4jLoggerFactory.java:freemarker.log._Log4jLoggerFactory$Log4jLogger.debug(_Log4jLoggerFactory.java:45)) - TemplateLoader.findTemplateSource("Extent_en_US.ftl"): Not found
2021-6-26 18:5:699 11476 DEBUG [TestNG-test=Lemonade Test Cases-1] (_Log4jLoggerFactory.java:freemarker.log._Log4jLoggerFactory$Log4jLogger.debug(_Log4jLoggerFactory.java:45)) - TemplateLoader.findTemplateSource("Extent_en.ftl"): Not found
2021-6-26 18:5:697 11474 INFO  [TestNG-test=Lemonade Test Cases-4] (ExtentManager.java:com.att.lemonade.utilities.ExtentManager.getTestKey(ExtentManager.java:104)) - Key=38[{attuid=, SICCode=4212.0, password=December@2019, ownerName=, svidName=, primaryCountry=, recordCount=400 records, priorYearTBRMaxValue=, successMessage=Wireline, SICDescription=, username=sr644a, nAICSDescription=, responseTime=508 Milliseconds, DomSubAcct=, SVID=, DUNSNumber=, primaryState=, primaryCity=, nAICSCode=, description=Field level Search with SIC Code, globalSearch=, priorYearTBRMinValue=, runmode=Y}]
2021-6-26 18:5:701 11478 DEBUG [TestNG-test=Lemonade Test Cases-1] (_Log4jLoggerFactory.java:freemarker.log._Log4jLoggerFactory$Log4jLogger.debug(_Log4jLoggerFactory.java:45)) - TemplateLoader.findTemplateSource("Extent.ftl"): Found
2021-6-26 18:5:701 11478 DEBUG [TestNG-test=Lemonade Test Cases-1] (_Log4jLoggerFactory.java:freemarker.log._Log4jLoggerFactory$Log4jLogger.debug(_Log4jLoggerFactory.java:45)) - Loading template for "Extent.ftl"("en_US", UTF-8, parsed) from "jar:file:/C:/Users/SaranyaRamamoorthy/.m2/repository/com/relevantcodes/extentreports/2.41.2/extentreports-2.41.2.jar!/com/relevantcodes/extentreports/view/Extent.ftl"
2021-6-26 18:5:754 11531 DEBUG [TestNG-test=Lemonade Test Cases-4] (_Log4jLoggerFactory.java:freemarker.log._Log4jLoggerFactory$Log4jLogger.debug(_Log4jLoggerFactory.java:45)) - Couldn't find template in cache for "Extent.ftl"("en_US", UTF-8, parsed); will try to load it.
2021-6-26 18:5:755 11532 INFO  [TestNG-test=Lemonade Test Cases-1] (ExtentManager.java:com.att.lemonade.utilities.ExtentManager.getTestKey(ExtentManager.java:104)) - Key=42[{accountName=, SICCode=, password=December@2031, ownerName=, svidName=, recordCount=38 records, priorYearTBRMaxValue=, SICDescription=, successMessage=Wireline, username=sr644a, nAICSDescription=, FNIndicator=, responseTime=428 Milliseconds, SVID=, primaryState=, percentageFiber=, primaryCity=, primaryPhone=, fiberEligible=, accountStatus=, nAICSCode=Mgmt. of Companies & Enterprises, description=Global search, globalSearch=, priorYearTBRMinValue=, primaryZip=, primaryStreet=, subAcctId=, runmode=Y, NoOfOpptys=}]
2021-6-26 18:5:755 11532 DEBUG [TestNG-test=Lemonade Test Cases-4] (_Log4jLoggerFactory.java:freemarker.log._Log4jLoggerFactory$Log4jLogger.debug(_Log4jLoggerFactory.java:45)) - TemplateLoader.findTemplateSource("Extent_en_US.ftl"): Not found
2021-6-26 18:5:755 11532 DEBUG [TestNG-test=Lemonade Test Cases-4] (_Log4jLoggerFactory.java:freemarker.log._Log4jLoggerFactory$Log4jLogger.debug(_Log4jLoggerFactory.java:45)) - TemplateLoader.findTemplateSource("Extent_en.ftl"): Not found
2021-6-26 18:5:756 11533 DEBUG [TestNG-test=Lemonade Test Cases-4] (_Log4jLoggerFactory.java:freemarker.log._Log4jLoggerFactory$Log4jLogger.debug(_Log4jLoggerFactory.java:45)) - TemplateLoader.findTemplateSource("Extent.ftl"): Found
2021-6-26 18:5:757 11534 DEBUG [TestNG-test=Lemonade Test Cases-4] (_Log4jLoggerFactory.java:freemarker.log._Log4jLoggerFactory$Log4jLogger.debug(_Log4jLoggerFactory.java:45)) - Loading template for "Extent.ftl"("en_US", UTF-8, parsed) from "jar:file:/C:/Users/SaranyaRamamoorthy/.m2/repository/com/relevantcodes/extentreports/2.41.2/extentreports-2.41.2.jar!/com/relevantcodes/extentreports/view/Extent.ftl"
String valueN
]]></system-out>
  </testcase>
  <testcase name="TC02_My_Accounts_Flow" classname="com.att.lemonade.testcases.TC02_My_Accounts" time="0">
    <skipped message="Test Case[TC02_MY_ACCOUNTS_FLOW:data-row-43]==&gt;is disabled"/>
    <system-out><![CDATA[2021-6-26 18:5:904 11681 INFO  [TestNG-test=Lemonade Test Cases-4] (ExtentManager.java:com.att.lemonade.utilities.ExtentManager.getTestKey(ExtentManager.java:104)) - Key=39[{attuid=, SICCode=6513.0, password=December@2019, ownerName=, svidName=, primaryCountry=, recordCount=400 records, priorYearTBRMaxValue=, successMessage=Wireline, SICDescription=, username=sr644a, nAICSDescription=, responseTime=499 Milliseconds, DomSubAcct=, SVID=, DUNSNumber=, primaryState=, primaryCity=, nAICSCode=, description=Field level Search with SIC Code, globalSearch=, priorYearTBRMinValue=, runmode=Y}]
2021-6-26 18:5:905 11682 DEBUG [TestNG-test=Lemonade Test Cases-4] (_Log4jLoggerFactory.java:freemarker.log._Log4jLoggerFactory$Log4jLogger.debug(_Log4jLoggerFactory.java:45)) - Couldn't find template in cache for "Extent.ftl"("en_US", UTF-8, parsed); will try to load it.
2021-6-26 18:5:906 11683 DEBUG [TestNG-test=Lemonade Test Cases-4] (_Log4jLoggerFactory.java:freemarker.log._Log4jLoggerFactory$Log4jLogger.debug(_Log4jLoggerFactory.java:45)) - TemplateLoader.findTemplateSource("Extent_en_US.ftl"): Not found
2021-6-26 18:5:910 11687 DEBUG [TestNG-test=Lemonade Test Cases-4] (_Log4jLoggerFactory.java:freemarker.log._Log4jLoggerFactory$Log4jLogger.debug(_Log4jLoggerFactory.java:45)) - TemplateLoader.findTemplateSource("Extent_en.ftl"): Not found
2021-6-26 18:5:911 11688 DEBUG [TestNG-test=Lemonade Test Cases-4] (_Log4jLoggerFactory.java:freemarker.log._Log4jLoggerFactory$Log4jLogger.debug(_Log4jLoggerFactory.java:45)) - TemplateLoader.findTemplateSource("Extent.ftl"): Found
2021-6-26 18:5:912 11689 DEBUG [TestNG-test=Lemonade Test Cases-4] (_Log4jLoggerFactory.java:freemarker.log._Log4jLoggerFactory$Log4jLogger.debug(_Log4jLoggerFactory.java:45)) - Loading template for "Extent.ftl"("en_US", UTF-8, parsed) from "jar:file:/C:/Users/SaranyaRamamoorthy/.m2/repository/com/relevantcodes/extentreports/2.41.2/extentreports-2.41.2.jar!/com/relevantcodes/extentreports/view/Extent.ftl"
2021-6-26 18:5:923 11700 INFO  [TestNG-test=Lemonade Test Cases-1] (ExtentManager.java:com.att.lemonade.utilities.ExtentManager.getTestKey(ExtentManager.java:104)) - Key=43[{accountName=, SICCode=, password=December@2032, ownerName=, svidName=, recordCount=2 records, priorYearTBRMaxValue=, SICDescription=, successMessage=Wireline, username=sr644a, nAICSDescription=, FNIndicator=, responseTime=253 Milliseconds, SVID=, primaryState=, percentageFiber=, primaryCity=, primaryPhone=, fiberEligible=, accountStatus=, nAICSCode=Educational Services, description=Global search, globalSearch=, priorYearTBRMinValue=, primaryZip=, primaryStreet=, subAcctId=, runmode=Y, NoOfOpptys=}]
String valueN
]]></system-out>
  </testcase>
  <testcase name="TC07_My_Contacts_Flow" classname="com.att.lemonade.testcases.TC07_My_Contacts" time="0">
    <skipped message="Test Case[TC07_MY_CONTACTS_FLOW:data-row-2]==&gt;is disabled"/>
    <system-out><![CDATA[String valueN
]]></system-out>
  </testcase>
  <testcase name="TC07_My_Contacts_Flow" classname="com.att.lemonade.testcases.TC07_My_Contacts" time="0">
    <skipped message="Test Case[TC07_MY_CONTACTS_FLOW:data-row-3]==&gt;is disabled"/>
    <system-out><![CDATA[2021-6-26 18:5:865 1642 INFO  [TestNG-test=Lemonade Test Cases-1] (ExtentManager.java:com.att.lemonade.utilities.ExtentManager.getTestKey(ExtentManager.java:104)) - Key=3[{accountName=, SICCode=, password=December@2019, ownerName=, svidName=, recordCount=400 records, priorYearTBRMaxValue=, SICDescription=, successMessage=Wireline, username=sr644a, nAICSDescription=, FNIndicator=, responseTime=1158 Milliseconds, SVID=, primaryState=, percentageFiber=, primaryCity=, primaryPhone=, fiberEligible=, accountStatus=, nAICSCode=, description=Global search, globalSearch=, priorYearTBRMinValue=100.0, primaryZip=, primaryStreet=, subAcctId=, runmode=N, NoOfOpptys=}]
2021-6-26 18:5:867 1644 DEBUG [TestNG-test=Lemonade Test Cases-1] (_Log4jLoggerFactory.java:freemarker.log._Log4jLoggerFactory$Log4jLogger.debug(_Log4jLoggerFactory.java:45)) - Couldn't find template in cache for "Extent.ftl"("en_US", UTF-8, parsed); will try to load it.
2021-6-26 18:5:867 1644 DEBUG [TestNG-test=Lemonade Test Cases-1] (_Log4jLoggerFactory.java:freemarker.log._Log4jLoggerFactory$Log4jLogger.debug(_Log4jLoggerFactory.java:45)) - TemplateLoader.findTemplateSource("Extent_en_US.ftl"): Not found
2021-6-26 18:5:868 1645 DEBUG [TestNG-test=Lemonade Test Cases-1] (_Log4jLoggerFactory.java:freemarker.log._Log4jLoggerFactory$Log4jLogger.debug(_Log4jLoggerFactory.java:45)) - TemplateLoader.findTemplateSource("Extent_en.ftl"): Not found
2021-6-26 18:5:869 1646 DEBUG [TestNG-test=Lemonade Test Cases-1] (_Log4jLoggerFactory.java:freemarker.log._Log4jLoggerFactory$Log4jLogger.debug(_Log4jLoggerFactory.java:45)) - TemplateLoader.findTemplateSource("Extent.ftl"): Found
2021-6-26 18:5:873 1650 DEBUG [TestNG-test=Lemonade Test Cases-1] (_Log4jLoggerFactory.java:freemarker.log._Log4jLoggerFactory$Log4jLogger.debug(_Log4jLoggerFactory.java:45)) - Loading template for "Extent.ftl"("en_US", UTF-8, parsed) from "jar:file:/C:/Users/SaranyaRamamoorthy/.m2/repository/com/relevantcodes/extentreports/2.41.2/extentreports-2.41.2.jar!/com/relevantcodes/extentreports/view/Extent.ftl"
2021-6-26 18:5:939 1716 DEBUG [TestNG-test=Lemonade Test Cases-3] (_Log4jLoggerFactory.java:freemarker.log._Log4jLoggerFactory$Log4jLogger.debug(_Log4jLoggerFactory.java:45)) - Couldn't find template in cache for "Extent.ftl"("en_US", UTF-8, parsed); will try to load it.
2021-6-26 18:5:941 1718 DEBUG [TestNG-test=Lemonade Test Cases-3] (_Log4jLoggerFactory.java:freemarker.log._Log4jLoggerFactory$Log4jLogger.debug(_Log4jLoggerFactory.java:45)) - TemplateLoader.findTemplateSource("Extent_en_US.ftl"): Not found
2021-6-26 18:5:942 1719 DEBUG [TestNG-test=Lemonade Test Cases-3] (_Log4jLoggerFactory.java:freemarker.log._Log4jLoggerFactory$Log4jLogger.debug(_Log4jLoggerFactory.java:45)) - TemplateLoader.findTemplateSource("Extent_en.ftl"): Not found
2021-6-26 18:5:943 1720 DEBUG [TestNG-test=Lemonade Test Cases-3] (_Log4jLoggerFactory.java:freemarker.log._Log4jLoggerFactory$Log4jLogger.debug(_Log4jLoggerFactory.java:45)) - TemplateLoader.findTemplateSource("Extent.ftl"): Found
2021-6-26 18:5:944 1721 DEBUG [TestNG-test=Lemonade Test Cases-3] (_Log4jLoggerFactory.java:freemarker.log._Log4jLoggerFactory$Log4jLogger.debug(_Log4jLoggerFactory.java:45)) - Loading template for "Extent.ftl"("en_US", UTF-8, parsed) from "jar:file:/C:/Users/SaranyaRamamoorthy/.m2/repository/com/relevantcodes/extentreports/2.41.2/extentreports-2.41.2.jar!/com/relevantcodes/extentreports/view/Extent.ftl"
2021-6-26 18:5:941 1718 INFO  [TestNG-test=Lemonade Test Cases-1] (ExtentManager.java:com.att.lemonade.utilities.ExtentManager.getTestKey(ExtentManager.java:104)) - Key=4[{accountName=, SICCode=, password=December@2019, ownerName=, svidName=, recordCount=400 records, priorYearTBRMaxValue=2.0, SICDescription=, successMessage=Wireline, username=sr644a, nAICSDescription=, FNIndicator=, responseTime=134 Milliseconds, SVID=, primaryState=, percentageFiber=, primaryCity=, primaryPhone=, fiberEligible=, accountStatus=, nAICSCode=, description=Global search, globalSearch=, priorYearTBRMinValue=, primaryZip=, primaryStreet=, subAcctId=, runmode=N, NoOfOpptys=}]
String valueN
]]></system-out>
  </testcase>
  <testcase name="TC07_My_Contacts_Flow" classname="com.att.lemonade.testcases.TC07_My_Contacts" time="0">
    <skipped message="Test Case[TC07_MY_CONTACTS_FLOW:data-row-4]==&gt;is disabled"/>
  </testcase>
  <testcase name="TC07_My_Contacts_Flow" classname="com.att.lemonade.testcases.TC07_My_Contacts" time="0">
    <skipped message="Test Case[TC07_MY_CONTACTS_FLOW:data-row-5]==&gt;is disabled"/>
    <system-out><![CDATA[2021-6-26 18:5:849 2626 INFO  [TestNG-test=Lemonade Test Cases-4] (ExtentManager.java:com.att.lemonade.utilities.ExtentManager.getTestKey(ExtentManager.java:104)) - Key=7[{attuid=, SICCode=, password=December@2019, ownerName=, svidName=, primaryCountry=, recordCount=400 records, priorYearTBRMaxValue=, successMessage=Wireline, SICDescription=, username=sr644a, nAICSDescription=, responseTime=563 Milliseconds, DomSubAcct=, SVID=, DUNSNumber=, primaryState=, primaryCity=, nAICSCode=, description=Global Search, globalSearch=JESUS VILLEGAS, priorYearTBRMinValue=, runmode=Y}]
2021-6-26 18:5:850 2627 DEBUG [TestNG-test=Lemonade Test Cases-4] (_Log4jLoggerFactory.java:freemarker.log._Log4jLoggerFactory$Log4jLogger.debug(_Log4jLoggerFactory.java:45)) - Couldn't find template in cache for "Extent.ftl"("en_US", UTF-8, parsed); will try to load it.
2021-6-26 18:5:851 2628 DEBUG [TestNG-test=Lemonade Test Cases-4] (_Log4jLoggerFactory.java:freemarker.log._Log4jLoggerFactory$Log4jLogger.debug(_Log4jLoggerFactory.java:45)) - TemplateLoader.findTemplateSource("Extent_en_US.ftl"): Not found
2021-6-26 18:5:851 2628 DEBUG [TestNG-test=Lemonade Test Cases-4] (_Log4jLoggerFactory.java:freemarker.log._Log4jLoggerFactory$Log4jLogger.debug(_Log4jLoggerFactory.java:45)) - TemplateLoader.findTemplateSource("Extent_en.ftl"): Not found
2021-6-26 18:5:852 2629 INFO  [TestNG-test=Lemonade Test Cases-6] (ExtentManager.java:com.att.lemonade.utilities.ExtentManager.getTestKey(ExtentManager.java:104)) - Key=5[{attuid=lt1615, accountName=, firstName=, password=December@2020, svidName=OKLAHOMA STATE UNIV, primaryCountry=, recordCount=400 records, columnDisplayVisible=Sub Account Name, successMessage=Wireline, username=sr644a, responseTime=626 Milliseconds, filterOnEmailAndPhone=, SVID=, primaryState=, primaryCity=, primaryPhone=, lastName=, managementLevel=, description=FieldSearch, department=, globalSearch=, primaryZip=, subAcctId=, runmode=N, title=}]
2021-6-26 18:5:852 2629 DEBUG [TestNG-test=Lemonade Test Cases-4] (_Log4jLoggerFactory.java:freemarker.log._Log4jLoggerFactory$Log4jLogger.debug(_Log4jLoggerFactory.java:45)) - TemplateLoader.findTemplateSource("Extent.ftl"): Found
2021-6-26 18:5:855 2632 DEBUG [TestNG-test=Lemonade Test Cases-4] (_Log4jLoggerFactory.java:freemarker.log._Log4jLoggerFactory$Log4jLogger.debug(_Log4jLoggerFactory.java:45)) - Loading template for "Extent.ftl"("en_US", UTF-8, parsed) from "jar:file:/C:/Users/SaranyaRamamoorthy/.m2/repository/com/relevantcodes/extentreports/2.41.2/extentreports-2.41.2.jar!/com/relevantcodes/extentreports/view/Extent.ftl"
String valueN
]]></system-out>
  </testcase>
  <testcase name="TC07_My_Contacts_Flow" classname="com.att.lemonade.testcases.TC07_My_Contacts" time="0">
    <skipped message="Test Case[TC07_MY_CONTACTS_FLOW:data-row-6]==&gt;is disabled"/>
    <system-out><![CDATA[2021-6-26 18:5:78 2855 INFO  [TestNG-test=Lemonade Test Cases-3] (ExtentManager.java:com.att.lemonade.utilities.ExtentManager.getTestKey(ExtentManager.java:104)) - Key=6[{attuid=DE144B, accountName=, SICCode=, password=December@2019, ownerName=, svidName=, recordCount=400 records, priorYearTBRMaxValue=, SICDescription=, successMessage=Wireline, username=sr644a, nAICSDescription=, FNIndicator=, responseTime=747 MilliSeconds, SVID=, primaryState=, percentageFiber=, primaryCity=, primaryPhone=, fiberEligible=, accountStatus=Active, nAICSCode=, description=Global search, globalSearch=, priorYearTBRMinValue=, primaryZip=, primaryStreet=, subAcctId=, runmode=N, NoOfOpptys=}]
2021-6-26 18:5:81 2858 INFO  [TestNG-test=Lemonade Test Cases-4] (ExtentManager.java:com.att.lemonade.utilities.ExtentManager.getTestKey(ExtentManager.java:104)) - Key=8[{attuid=, SICCode=, password=December@2019, ownerName=, svidName=, primaryCountry=, recordCount=400 records, priorYearTBRMaxValue=, successMessage=Wireline, SICDescription=, username=sr644a, nAICSDescription=, responseTime=442 Milliseconds, DomSubAcct=, SVID=, DUNSNumber=, primaryState=, primaryCity=, nAICSCode=, description=Global Search, globalSearch=MM OMNI , priorYearTBRMinValue=, runmode=Y}]
2021-6-26 18:5:81 2858 DEBUG [TestNG-test=Lemonade Test Cases-6] (_Log4jLoggerFactory.java:freemarker.log._Log4jLoggerFactory$Log4jLogger.debug(_Log4jLoggerFactory.java:45)) - TemplateLoader.findTemplateSource("Extent_en.ftl"): Not found
2021-6-26 18:5:82 2859 DEBUG [TestNG-test=Lemonade Test Cases-6] (_Log4jLoggerFactory.java:freemarker.log._Log4jLoggerFactory$Log4jLogger.debug(_Log4jLoggerFactory.java:45)) - TemplateLoader.findTemplateSource("Extent.ftl"): Found
2021-6-26 18:5:83 2860 DEBUG [TestNG-test=Lemonade Test Cases-6] (_Log4jLoggerFactory.java:freemarker.log._Log4jLoggerFactory$Log4jLogger.debug(_Log4jLoggerFactory.java:45)) - Loading template for "Extent.ftl"("en_US", UTF-8, parsed) from "jar:file:/C:/Users/SaranyaRamamoorthy/.m2/repository/com/relevantcodes/extentreports/2.41.2/extentreports-2.41.2.jar!/com/relevantcodes/extentreports/view/Extent.ftl"
String valueN
2021-6-26 18:5:117 2894 INFO  [TestNG-test=Lemonade Test Cases-6] (ExtentManager.java:com.att.lemonade.utilities.ExtentManager.getTestKey(ExtentManager.java:104)) - Key=6[{attuid=lt1615, accountName=, firstName=dale, password=December@2021, svidName=, primaryCountry=, recordCount=20 records, columnDisplayVisible=Street, successMessage=Wireline, username=sr644a, responseTime=749 Milliseconds, filterOnEmailAndPhone=, SVID=, primaryState=, primaryCity=, primaryPhone=, lastName=, managementLevel=, description=FieldSearch, department=, globalSearch=, primaryZip=, subAcctId=, runmode=N, title=}]
String valueN
]]></system-out>
  </testcase>
  <testcase name="TC07_My_Contacts_Flow" classname="com.att.lemonade.testcases.TC07_My_Contacts" time="0">
    <skipped message="Test Case[TC07_MY_CONTACTS_FLOW:data-row-7]==&gt;is disabled"/>
    <system-out><![CDATA[2021-6-26 18:5:399 3176 INFO  [TestNG-test=Lemonade Test Cases-4] (ExtentManager.java:com.att.lemonade.utilities.ExtentManager.getTestKey(ExtentManager.java:104)) - Key=9[{attuid=, SICCode=, password=December@2019, ownerName=, svidName=10 MINUTE FITNESS INC, primaryCountry=, recordCount=1 records, priorYearTBRMaxValue=, successMessage=Wireline, SICDescription=, username=sr644a, nAICSDescription=, responseTime=261 Milliseconds, DomSubAcct=, SVID=, DUNSNumber=, primaryState=, primaryCity=, nAICSCode=, description=Field level Search with ATTUID and svid name, globalSearch=, priorYearTBRMinValue=, runmode=Y}]
2021-6-26 18:5:400 3177 INFO  [TestNG-test=Lemonade Test Cases-3] (ExtentManager.java:com.att.lemonade.utilities.ExtentManager.getTestKey(ExtentManager.java:104)) - Key=7[{attuid=DE144B, accountName=WALMART INC., SICCode=, password=December@2019, ownerName=, svidName=, recordCount=400 records, priorYearTBRMaxValue=, SICDescription=, successMessage=Wireline, username=sr644a, nAICSDescription=, FNIndicator=, responseTime=85 MilliSeconds, SVID=, primaryState=, percentageFiber=, primaryCity=, primaryPhone=, fiberEligible=, accountStatus=, nAICSCode=, description=Global search, globalSearch=, priorYearTBRMinValue=, primaryZip=, primaryStreet=, subAcctId=, runmode=N, NoOfOpptys=}]
2021-6-26 18:5:399 3176 DEBUG [TestNG-test=Lemonade Test Cases-1] (_Log4jLoggerFactory.java:freemarker.log._Log4jLoggerFactory$Log4jLogger.debug(_Log4jLoggerFactory.java:45)) - TemplateLoader.findTemplateSource("Extent_en.ftl"): Not found
2021-6-26 18:5:401 3178 DEBUG [TestNG-test=Lemonade Test Cases-1] (_Log4jLoggerFactory.java:freemarker.log._Log4jLoggerFactory$Log4jLogger.debug(_Log4jLoggerFactory.java:45)) - TemplateLoader.findTemplateSource("Extent.ftl"): Found
2021-6-26 18:5:401 3178 DEBUG [TestNG-test=Lemonade Test Cases-1] (_Log4jLoggerFactory.java:freemarker.log._Log4jLoggerFactory$Log4jLogger.debug(_Log4jLoggerFactory.java:45)) - Loading template for "Extent.ftl"("en_US", UTF-8, parsed) from "jar:file:/C:/Users/SaranyaRamamoorthy/.m2/repository/com/relevantcodes/extentreports/2.41.2/extentreports-2.41.2.jar!/com/relevantcodes/extentreports/view/Extent.ftl"
2021-6-26 18:5:407 3184 INFO  [TestNG-test=Lemonade Test Cases-5] (ExtentManager.java:com.att.lemonade.utilities.ExtentManager.getTestKey(ExtentManager.java:104)) - Key=7[{accountName=, firstName=, password=December@2022, svidName=, primaryCountry=, recordCount=, successMessage=Wireline, username=sr644a, responseTime=, SVID=, filterOnEmailAndPhone=, primaryState=, primaryCity=, primaryPhone=, lastName=ram, managementLevel=, description=FieldSearch, department=, globalSearch=, primaryZip=, subAcctId=, runmode=Y, title=}]
String valueN
]]></system-out>
  </testcase>
  <testcase name="TC07_My_Contacts_Flow" classname="com.att.lemonade.testcases.TC07_My_Contacts" time="0">
    <skipped message="Test Case[TC07_MY_CONTACTS_FLOW:data-row-8]==&gt;is disabled"/>
    <system-out><![CDATA[2021-6-26 18:5:893 3670 INFO  [TestNG-test=Lemonade Test Cases-4] (ExtentManager.java:com.att.lemonade.utilities.ExtentManager.getTestKey(ExtentManager.java:104)) - Key=10[{attuid=, SICCode=, password=December@2019, ownerName=, svidName=1200 ENCLAVE TENANT, primaryCountry=, recordCount=1 records, priorYearTBRMaxValue=, successMessage=Wireline, SICDescription=, username=sr644a, nAICSDescription=, responseTime=340 Milliseconds, DomSubAcct=, SVID=, DUNSNumber=, primaryState=, primaryCity=, nAICSCode=, description=Field level Search ATTUID and svid name, globalSearch=, priorYearTBRMinValue=, runmode=Y}]
2021-6-26 18:5:883 3660 INFO  [TestNG-test=Lemonade Test Cases-3] (ExtentManager.java:com.att.lemonade.utilities.ExtentManager.getTestKey(ExtentManager.java:104)) - Key=9[{attuid=PM059P, accountName=, SICCode=, password=December@2019, ownerName=CHARLES KEETON, svidName=, recordCount=400 records, priorYearTBRMaxValue=, SICDescription=, successMessage=Wireline, username=sr644a, nAICSDescription=, FNIndicator=, responseTime=1309 MilliSeconds, SVID=, primaryState=, percentageFiber=, primaryCity=, primaryPhone=, fiberEligible=, accountStatus=, nAICSCode=, description=Global search, globalSearch=, priorYearTBRMinValue=, primaryZip=, primaryStreet=, subAcctId=, runmode=N, NoOfOpptys=}]
2021-6-26 18:5:890 3667 INFO  [TestNG-test=Lemonade Test Cases-6] (ExtentManager.java:com.att.lemonade.utilities.ExtentManager.getTestKey(ExtentManager.java:104)) - Key=8[{attuid=lt1615, accountName=, firstName=, password=December@2023, svidName=, primaryCountry=, recordCount=No data found, columnDisplayVisible=State, successMessage=Wireline, username=sr644a, responseTime=No data found, filterOnEmailAndPhone=, SVID=, primaryState=, primaryCity=, primaryPhone=8.9089089E9, lastName=, managementLevel=, description=FieldSearch, department=, globalSearch=, primaryZip=, subAcctId=, runmode=N, title=}]
2021-6-26 18:5:898 3675 INFO  [TestNG-test=Lemonade Test Cases-5] (ExtentManager.java:com.att.lemonade.utilities.ExtentManager.getTestKey(ExtentManager.java:104)) - Key=8[{accountName=, firstName=, password=December@2023, svidName=, primaryCountry=, recordCount=, successMessage=Wireline, username=sr644a, responseTime=, SVID=, filterOnEmailAndPhone=, primaryState=, primaryCity=, primaryPhone=8.9089089E9, lastName=, managementLevel=, description=FieldSearch, department=, globalSearch=, primaryZip=, subAcctId=, runmode=Y, title=}]
String valueN
2021-6-26 18:5:982 3759 DEBUG [TestNG-test=Lemonade Test Cases-6] (_Log4jLoggerFactory.java:freemarker.log._Log4jLoggerFactory$Log4jLogger.debug(_Log4jLoggerFactory.java:45)) - Couldn't find template in cache for "Extent.ftl"("en_US", UTF-8, parsed); will try to load it.
]]></system-out>
  </testcase>
  <testcase name="TC07_My_Contacts_Flow" classname="com.att.lemonade.testcases.TC07_My_Contacts" time="0">
    <skipped message="Test Case[TC07_MY_CONTACTS_FLOW:data-row-9]==&gt;is disabled"/>
    <system-out><![CDATA[2021-6-26 18:5:330 4107 DEBUG [TestNG-test=Lemonade Test Cases-4] (_Log4jLoggerFactory.java:freemarker.log._Log4jLoggerFactory$Log4jLogger.debug(_Log4jLoggerFactory.java:45)) - Couldn't find template in cache for "Extent.ftl"("en_US", UTF-8, parsed); will try to load it.
2021-6-26 18:5:331 4108 INFO  [TestNG-test=Lemonade Test Cases-6] (ExtentManager.java:com.att.lemonade.utilities.ExtentManager.getTestKey(ExtentManager.java:104)) - Key=10[{attuid=lt1615, accountName=, firstName=, password=December@2025, svidName=, primaryCountry=, recordCount=400 records, columnDisplayVisible=Country, successMessage=Wireline, username=sr644a, responseTime=717 Milliseconds, filterOnEmailAndPhone=, SVID=, primaryState=, primaryCity=, primaryPhone=, lastName=, managementLevel=, description=FieldSearch, department=EDUCATION, globalSearch=, primaryZip=, subAcctId=, runmode=Y, title=}]
2021-6-26 18:5:331 4108 INFO  [TestNG-test=Lemonade Test Cases-3] (ExtentManager.java:com.att.lemonade.utilities.ExtentManager.getTestKey(ExtentManager.java:104)) - Key=10[{attuid=PM059P, accountName=, SICCode=, password=December@2019, ownerName=, svidName=, recordCount=400 records, priorYearTBRMaxValue=, SICDescription=, successMessage=Wireline, username=sr644a, nAICSDescription=, FNIndicator=, responseTime=1888 MilliSeconds, SVID=, primaryState=, percentageFiber=20.0, primaryCity=, primaryPhone=, fiberEligible=, accountStatus=, nAICSCode=, description=Global search, globalSearch=, priorYearTBRMinValue=, primaryZip=, primaryStreet=, subAcctId=, runmode=N, NoOfOpptys=}]
2021-6-26 18:5:335 4112 DEBUG [TestNG-test=Lemonade Test Cases-4] (_Log4jLoggerFactory.java:freemarker.log._Log4jLoggerFactory$Log4jLogger.debug(_Log4jLoggerFactory.java:45)) - TemplateLoader.findTemplateSource("Extent_en_US.ftl"): Not found
2021-6-26 18:5:342 4119 DEBUG [TestNG-test=Lemonade Test Cases-4] (_Log4jLoggerFactory.java:freemarker.log._Log4jLoggerFactory$Log4jLogger.debug(_Log4jLoggerFactory.java:45)) - TemplateLoader.findTemplateSource("Extent_en.ftl"): Not found
2021-6-26 18:5:343 4120 DEBUG [TestNG-test=Lemonade Test Cases-4] (_Log4jLoggerFactory.java:freemarker.log._Log4jLoggerFactory$Log4jLogger.debug(_Log4jLoggerFactory.java:45)) - TemplateLoader.findTemplateSource("Extent.ftl"): Found
2021-6-26 18:5:343 4120 DEBUG [TestNG-test=Lemonade Test Cases-4] (_Log4jLoggerFactory.java:freemarker.log._Log4jLoggerFactory$Log4jLogger.debug(_Log4jLoggerFactory.java:45)) - Loading template for "Extent.ftl"("en_US", UTF-8, parsed) from "jar:file:/C:/Users/SaranyaRamamoorthy/.m2/repository/com/relevantcodes/extentreports/2.41.2/extentreports-2.41.2.jar!/com/relevantcodes/extentreports/view/Extent.ftl"
String valueN
]]></system-out>
  </testcase>
  <testcase name="TC07_My_Contacts_Flow" classname="com.att.lemonade.testcases.TC07_My_Contacts" time="0">
    <skipped message="Test Case[TC07_MY_CONTACTS_FLOW:data-row-10]==&gt;is disabled"/>
  </testcase>
  <testcase name="TC07_My_Contacts_Flow" classname="com.att.lemonade.testcases.TC07_My_Contacts" time="0">
    <skipped message="Test Case[TC07_MY_CONTACTS_FLOW:data-row-11]==&gt;is disabled"/>
    <system-out><![CDATA[String valueN
]]></system-out>
  </testcase>
  <testcase name="TC07_My_Contacts_Flow" classname="com.att.lemonade.testcases.TC07_My_Contacts" time="0">
    <skipped message="Test Case[TC07_MY_CONTACTS_FLOW:data-row-12]==&gt;is disabled"/>
    <system-out><![CDATA[2021-6-26 18:5:172 4949 INFO  [TestNG-test=Lemonade Test Cases-1] (ExtentManager.java:com.att.lemonade.utilities.ExtentManager.getTestKey(ExtentManager.java:104)) - Key=14[{accountName=, SICCode=, password=December@2019, ownerName=, svidName=, recordCount=No data found, priorYearTBRMaxValue=, SICDescription=, successMessage=Wireline, username=sr644a, nAICSDescription=, FNIndicator=, responseTime=No data found, SVID=, primaryState=, percentageFiber=, primaryCity=, primaryPhone=, fiberEligible=, accountStatus=, nAICSCode=, description=Global search, globalSearch=, priorYearTBRMinValue=, primaryZip=, primaryStreet=60 Wall St, subAcctId=, runmode=Y, NoOfOpptys=}]
2021-6-26 18:5:172 4949 DEBUG [TestNG-test=Lemonade Test Cases-1] (_Log4jLoggerFactory.java:freemarker.log._Log4jLoggerFactory$Log4jLogger.debug(_Log4jLoggerFactory.java:45)) - Couldn't find template in cache for "Extent.ftl"("en_US", UTF-8, parsed); will try to load it.
2021-6-26 18:5:173 4950 DEBUG [TestNG-test=Lemonade Test Cases-1] (_Log4jLoggerFactory.java:freemarker.log._Log4jLoggerFactory$Log4jLogger.debug(_Log4jLoggerFactory.java:45)) - TemplateLoader.findTemplateSource("Extent_en_US.ftl"): Not found
2021-6-26 18:5:174 4951 DEBUG [TestNG-test=Lemonade Test Cases-1] (_Log4jLoggerFactory.java:freemarker.log._Log4jLoggerFactory$Log4jLogger.debug(_Log4jLoggerFactory.java:45)) - TemplateLoader.findTemplateSource("Extent_en.ftl"): Not found
2021-6-26 18:5:174 4951 DEBUG [TestNG-test=Lemonade Test Cases-1] (_Log4jLoggerFactory.java:freemarker.log._Log4jLoggerFactory$Log4jLogger.debug(_Log4jLoggerFactory.java:45)) - TemplateLoader.findTemplateSource("Extent.ftl"): Found
2021-6-26 18:5:175 4952 DEBUG [TestNG-test=Lemonade Test Cases-1] (_Log4jLoggerFactory.java:freemarker.log._Log4jLoggerFactory$Log4jLogger.debug(_Log4jLoggerFactory.java:45)) - Loading template for "Extent.ftl"("en_US", UTF-8, parsed) from "jar:file:/C:/Users/SaranyaRamamoorthy/.m2/repository/com/relevantcodes/extentreports/2.41.2/extentreports-2.41.2.jar!/com/relevantcodes/extentreports/view/Extent.ftl"
2021-6-26 18:5:175 4952 INFO  [TestNG-test=Lemonade Test Cases-5] (ExtentManager.java:com.att.lemonade.utilities.ExtentManager.getTestKey(ExtentManager.java:104)) - Key=12[{accountName=, firstName=, password=December@2027, svidName=, primaryCountry=, recordCount=, successMessage=Wireline, username=sr644a, responseTime=, SVID=, filterOnEmailAndPhone=, primaryState=, primaryCity=stillwater, primaryPhone=, lastName=, managementLevel=, description=FieldSearch, department=, globalSearch=, primaryZip=, subAcctId=, runmode=Y, title=}]
2021-6-26 18:5:246 5023 DEBUG [TestNG-test=Lemonade Test Cases-4] (_Log4jLoggerFactory.java:freemarker.log._Log4jLoggerFactory$Log4jLogger.debug(_Log4jLoggerFactory.java:45)) - Couldn't find template in cache for "Extent.ftl"("en_US", UTF-8, parsed); will try to load it.
2021-6-26 18:5:247 5024 DEBUG [TestNG-test=Lemonade Test Cases-4] (_Log4jLoggerFactory.java:freemarker.log._Log4jLoggerFactory$Log4jLogger.debug(_Log4jLoggerFactory.java:45)) - TemplateLoader.findTemplateSource("Extent_en_US.ftl"): Not found
2021-6-26 18:5:248 5025 DEBUG [TestNG-test=Lemonade Test Cases-4] (_Log4jLoggerFactory.java:freemarker.log._Log4jLoggerFactory$Log4jLogger.debug(_Log4jLoggerFactory.java:45)) - TemplateLoader.findTemplateSource("Extent_en.ftl"): Not found
2021-6-26 18:5:249 5026 DEBUG [TestNG-test=Lemonade Test Cases-4] (_Log4jLoggerFactory.java:freemarker.log._Log4jLoggerFactory$Log4jLogger.debug(_Log4jLoggerFactory.java:45)) - TemplateLoader.findTemplateSource("Extent.ftl"): Found
2021-6-26 18:5:249 5026 DEBUG [TestNG-test=Lemonade Test Cases-4] (_Log4jLoggerFactory.java:freemarker.log._Log4jLoggerFactory$Log4jLogger.debug(_Log4jLoggerFactory.java:45)) - Loading template for "Extent.ftl"("en_US", UTF-8, parsed) from "jar:file:/C:/Users/SaranyaRamamoorthy/.m2/repository/com/relevantcodes/extentreports/2.41.2/extentreports-2.41.2.jar!/com/relevantcodes/extentreports/view/Extent.ftl"
2021-6-26 18:5:252 5029 INFO  [TestNG-test=Lemonade Test Cases-1] (ExtentManager.java:com.att.lemonade.utilities.ExtentManager.getTestKey(ExtentManager.java:104)) - Key=15[{accountName=, SICCode=, password=December@2019, ownerName=, svidName=, recordCount=No data found, priorYearTBRMaxValue=, SICDescription=, successMessage=Wireline, username=sr644a, nAICSDescription=, FNIndicator=, responseTime=No data found, SVID=, primaryState=, percentageFiber=, primaryCity=, primaryPhone=, fiberEligible=, accountStatus=, nAICSCode=, description=Global search, globalSearch=, priorYearTBRMinValue=, primaryZip=, primaryStreet=111 Polaris Pkwy, subAcctId=, runmode=Y, NoOfOpptys=}]
2021-6-26 18:5:307 5084 DEBUG [TestNG-test=Lemonade Test Cases-6] (_Log4jLoggerFactory.java:freemarker.log._Log4jLoggerFactory$Log4jLogger.debug(_Log4jLoggerFactory.java:45)) - Couldn't find template in cache for "Extent.ftl"("en_US", UTF-8, parsed); will try to load it.
2021-6-26 18:5:307 5084 INFO  [TestNG-test=Lemonade Test Cases-4] (ExtentManager.java:com.att.lemonade.utilities.ExtentManager.getTestKey(ExtentManager.java:104)) - Key=15[{attuid=SS8494, SICCode=, password=December@2019, ownerName=, svidName=, primaryCountry=, recordCount=1 records, priorYearTBRMaxValue=, successMessage=Wireline, SICDescription=, username=sr644a, nAICSDescription=, responseTime=227 Milliseconds, DomSubAcct=, SVID=T002RW, DUNSNumber=, primaryState=, primaryCity=, nAICSCode=, description=Field level Search with Attuid &SVID , globalSearch=, priorYearTBRMinValue=, runmode=Y}]
2021-6-26 18:5:308 5085 DEBUG [TestNG-test=Lemonade Test Cases-6] (_Log4jLoggerFactory.java:freemarker.log._Log4jLoggerFactory$Log4jLogger.debug(_Log4jLoggerFactory.java:45)) - TemplateLoader.findTemplateSource("Extent_en_US.ftl"): Not found
2021-6-26 18:5:308 5085 DEBUG [TestNG-test=Lemonade Test Cases-6] (_Log4jLoggerFactory.java:freemarker.log._Log4jLoggerFactory$Log4jLogger.debug(_Log4jLoggerFactory.java:45)) - TemplateLoader.findTemplateSource("Extent_en.ftl"): Not found
2021-6-26 18:5:309 5086 DEBUG [TestNG-test=Lemonade Test Cases-6] (_Log4jLoggerFactory.java:freemarker.log._Log4jLoggerFactory$Log4jLogger.debug(_Log4jLoggerFactory.java:45)) - TemplateLoader.findTemplateSource("Extent.ftl"): Found
2021-6-26 18:5:309 5086 DEBUG [TestNG-test=Lemonade Test Cases-6] (_Log4jLoggerFactory.java:freemarker.log._Log4jLoggerFactory$Log4jLogger.debug(_Log4jLoggerFactory.java:45)) - Loading template for "Extent.ftl"("en_US", UTF-8, parsed) from "jar:file:/C:/Users/SaranyaRamamoorthy/.m2/repository/com/relevantcodes/extentreports/2.41.2/extentreports-2.41.2.jar!/com/relevantcodes/extentreports/view/Extent.ftl"
String valueN
String valueN
String valueN
]]></system-out>
  </testcase>
  <testcase name="TC07_My_Contacts_Flow" classname="com.att.lemonade.testcases.TC07_My_Contacts" time="0">
    <skipped message="Test Case[TC07_MY_CONTACTS_FLOW:data-row-13]==&gt;is disabled"/>
    <system-out><![CDATA[2021-6-26 18:5:592 5369 INFO  [TestNG-test=Lemonade Test Cases-3] (ExtentManager.java:com.att.lemonade.utilities.ExtentManager.getTestKey(ExtentManager.java:104)) - Key=15[{attuid=SS8494, accountName=, SICCode=, password=December@2019, ownerName=, svidName=, recordCount=2 records, priorYearTBRMaxValue=, SICDescription=, successMessage=Wireline, username=sr644a, nAICSDescription=, FNIndicator=, responseTime=290 MilliSeconds, SVID=, primaryState=, percentageFiber=, primaryCity=, primaryPhone=, fiberEligible=, accountStatus=, nAICSCode=Educational Services, description=Global search, globalSearch=, priorYearTBRMinValue=, primaryZip=, primaryStreet=, subAcctId=, runmode=Y, NoOfOpptys=}]
2021-6-26 18:5:593 5370 DEBUG [TestNG-test=Lemonade Test Cases-4] (_Log4jLoggerFactory.java:freemarker.log._Log4jLoggerFactory$Log4jLogger.debug(_Log4jLoggerFactory.java:45)) - Couldn't find template in cache for "Extent.ftl"("en_US", UTF-8, parsed); will try to load it.
2021-6-26 18:5:594 5371 DEBUG [TestNG-test=Lemonade Test Cases-4] (_Log4jLoggerFactory.java:freemarker.log._Log4jLoggerFactory$Log4jLogger.debug(_Log4jLoggerFactory.java:45)) - TemplateLoader.findTemplateSource("Extent_en_US.ftl"): Not found
2021-6-26 18:5:595 5372 DEBUG [TestNG-test=Lemonade Test Cases-4] (_Log4jLoggerFactory.java:freemarker.log._Log4jLoggerFactory$Log4jLogger.debug(_Log4jLoggerFactory.java:45)) - TemplateLoader.findTemplateSource("Extent_en.ftl"): Not found
2021-6-26 18:5:595 5372 DEBUG [TestNG-test=Lemonade Test Cases-4] (_Log4jLoggerFactory.java:freemarker.log._Log4jLoggerFactory$Log4jLogger.debug(_Log4jLoggerFactory.java:45)) - TemplateLoader.findTemplateSource("Extent.ftl"): Found
2021-6-26 18:5:596 5373 DEBUG [TestNG-test=Lemonade Test Cases-4] (_Log4jLoggerFactory.java:freemarker.log._Log4jLoggerFactory$Log4jLogger.debug(_Log4jLoggerFactory.java:45)) - Loading template for "Extent.ftl"("en_US", UTF-8, parsed) from "jar:file:/C:/Users/SaranyaRamamoorthy/.m2/repository/com/relevantcodes/extentreports/2.41.2/extentreports-2.41.2.jar!/com/relevantcodes/extentreports/view/Extent.ftl"
2021-6-26 18:5:600 5377 INFO  [TestNG-test=Lemonade Test Cases-5] (ExtentManager.java:com.att.lemonade.utilities.ExtentManager.getTestKey(ExtentManager.java:104)) - Key=13[{accountName=, firstName=, password=December@2028, svidName=, primaryCountry=, recordCount=, successMessage=Wireline, username=sr644a, responseTime=, SVID=, filterOnEmailAndPhone=, primaryState=TX, primaryCity=, primaryPhone=, lastName=, managementLevel=, description=FieldSearch, department=, globalSearch=, primaryZip=, subAcctId=, runmode=Y, title=}]
2021-6-26 18:5:700 5477 DEBUG [TestNG-test=Lemonade Test Cases-6] (_Log4jLoggerFactory.java:freemarker.log._Log4jLoggerFactory$Log4jLogger.debug(_Log4jLoggerFactory.java:45)) - Couldn't find template in cache for "Extent.ftl"("en_US", UTF-8, parsed); will try to load it.
2021-6-26 18:5:702 5479 DEBUG [TestNG-test=Lemonade Test Cases-6] (_Log4jLoggerFactory.java:freemarker.log._Log4jLoggerFactory$Log4jLogger.debug(_Log4jLoggerFactory.java:45)) - TemplateLoader.findTemplateSource("Extent_en_US.ftl"): Not found
2021-6-26 18:5:704 5481 DEBUG [TestNG-test=Lemonade Test Cases-6] (_Log4jLoggerFactory.java:freemarker.log._Log4jLoggerFactory$Log4jLogger.debug(_Log4jLoggerFactory.java:45)) - TemplateLoader.findTemplateSource("Extent_en.ftl"): Not found
2021-6-26 18:5:706 5483 DEBUG [TestNG-test=Lemonade Test Cases-6] (_Log4jLoggerFactory.java:freemarker.log._Log4jLoggerFactory$Log4jLogger.debug(_Log4jLoggerFactory.java:45)) - TemplateLoader.findTemplateSource("Extent.ftl"): Found
2021-6-26 18:5:706 5483 DEBUG [TestNG-test=Lemonade Test Cases-6] (_Log4jLoggerFactory.java:freemarker.log._Log4jLoggerFactory$Log4jLogger.debug(_Log4jLoggerFactory.java:45)) - Loading template for "Extent.ftl"("en_US", UTF-8, parsed) from "jar:file:/C:/Users/SaranyaRamamoorthy/.m2/repository/com/relevantcodes/extentreports/2.41.2/extentreports-2.41.2.jar!/com/relevantcodes/extentreports/view/Extent.ftl"
2021-6-26 18:5:701 5478 INFO  [TestNG-test=Lemonade Test Cases-4] (ExtentManager.java:com.att.lemonade.utilities.ExtentManager.getTestKey(ExtentManager.java:104)) - Key=16[{attuid=SS8494, SICCode=, password=December@2019, ownerName=, svidName=, primaryCountry=, recordCount=36 records, priorYearTBRMaxValue=, successMessage=Wireline, SICDescription=, username=sr644a, nAICSDescription=, responseTime=68 Milliseconds, DomSubAcct=, SVID=U36A76	, DUNSNumber=, primaryState=, primaryCity=, nAICSCode=, description=Field level Search with Attuid &SVID , globalSearch=, priorYearTBRMinValue=, runmode=Y}]
String valueN
2021-6-26 18:5:790 5567 DEBUG [TestNG-test=Lemonade Test Cases-3] (_Log4jLoggerFactory.java:freemarker.log._Log4jLoggerFactory$Log4jLogger.debug(_Log4jLoggerFactory.java:45)) - Couldn't find template in cache for "Extent.ftl"("en_US", UTF-8, parsed); will try to load it.
]]></system-out>
  </testcase>
  <testcase name="TC07_My_Contacts_Flow" classname="com.att.lemonade.testcases.TC07_My_Contacts" time="0">
    <skipped message="Test Case[TC07_MY_CONTACTS_FLOW:data-row-14]==&gt;is disabled"/>
    <system-out><![CDATA[2021-6-26 18:5:30 5807 INFO  [TestNG-test=Lemonade Test Cases-1] (ExtentManager.java:com.att.lemonade.utilities.ExtentManager.getTestKey(ExtentManager.java:104)) - Key=17[{accountName=, SICCode=, password=December@2019, ownerName=, svidName=, recordCount=69 records, priorYearTBRMaxValue=, SICDescription=, successMessage=Wireline, username=sr644a, nAICSDescription=, FNIndicator=, responseTime=613 Milliseconds, SVID=, primaryState=TN, percentageFiber=, primaryCity=, primaryPhone=, fiberEligible=, accountStatus=, nAICSCode=, description=Global search, globalSearch=, priorYearTBRMinValue=, primaryZip=, primaryStreet=, subAcctId=, runmode=Y, NoOfOpptys=}]
2021-6-26 18:5:31 5808 DEBUG [TestNG-test=Lemonade Test Cases-1] (_Log4jLoggerFactory.java:freemarker.log._Log4jLoggerFactory$Log4jLogger.debug(_Log4jLoggerFactory.java:45)) - Couldn't find template in cache for "Extent.ftl"("en_US", UTF-8, parsed); will try to load it.
2021-6-26 18:5:32 5809 DEBUG [TestNG-test=Lemonade Test Cases-1] (_Log4jLoggerFactory.java:freemarker.log._Log4jLoggerFactory$Log4jLogger.debug(_Log4jLoggerFactory.java:45)) - TemplateLoader.findTemplateSource("Extent_en_US.ftl"): Not found
2021-6-26 18:5:33 5810 DEBUG [TestNG-test=Lemonade Test Cases-1] (_Log4jLoggerFactory.java:freemarker.log._Log4jLoggerFactory$Log4jLogger.debug(_Log4jLoggerFactory.java:45)) - TemplateLoader.findTemplateSource("Extent_en.ftl"): Not found
2021-6-26 18:5:42 5819 DEBUG [TestNG-test=Lemonade Test Cases-1] (_Log4jLoggerFactory.java:freemarker.log._Log4jLoggerFactory$Log4jLogger.debug(_Log4jLoggerFactory.java:45)) - TemplateLoader.findTemplateSource("Extent.ftl"): Found
2021-6-26 18:5:42 5819 DEBUG [TestNG-test=Lemonade Test Cases-1] (_Log4jLoggerFactory.java:freemarker.log._Log4jLoggerFactory$Log4jLogger.debug(_Log4jLoggerFactory.java:45)) - Loading template for "Extent.ftl"("en_US", UTF-8, parsed) from "jar:file:/C:/Users/SaranyaRamamoorthy/.m2/repository/com/relevantcodes/extentreports/2.41.2/extentreports-2.41.2.jar!/com/relevantcodes/extentreports/view/Extent.ftl"
2021-6-26 18:5:90 5867 DEBUG [TestNG-test=Lemonade Test Cases-4] (_Log4jLoggerFactory.java:freemarker.log._Log4jLoggerFactory$Log4jLogger.debug(_Log4jLoggerFactory.java:45)) - Couldn't find template in cache for "Extent.ftl"("en_US", UTF-8, parsed); will try to load it.
2021-6-26 18:5:91 5868 INFO  [TestNG-test=Lemonade Test Cases-1] (ExtentManager.java:com.att.lemonade.utilities.ExtentManager.getTestKey(ExtentManager.java:104)) - Key=18[{accountName=, SICCode=, password=December@2019, ownerName=, svidName=, recordCount=134 records, priorYearTBRMaxValue=, SICDescription=, successMessage=Wireline, username=sr644a, nAICSDescription=, FNIndicator=, responseTime=571 Milliseconds, SVID=, primaryState=PA, percentageFiber=, primaryCity=, primaryPhone=, fiberEligible=, accountStatus=, nAICSCode=, description=Global search, globalSearch=, priorYearTBRMinValue=, primaryZip=, primaryStreet=, subAcctId=, runmode=Y, NoOfOpptys=}]
2021-6-26 18:5:91 5868 DEBUG [TestNG-test=Lemonade Test Cases-4] (_Log4jLoggerFactory.java:freemarker.log._Log4jLoggerFactory$Log4jLogger.debug(_Log4jLoggerFactory.java:45)) - TemplateLoader.findTemplateSource("Extent_en_US.ftl"): Not found
2021-6-26 18:5:93 5870 DEBUG [TestNG-test=Lemonade Test Cases-4] (_Log4jLoggerFactory.java:freemarker.log._Log4jLoggerFactory$Log4jLogger.debug(_Log4jLoggerFactory.java:45)) - TemplateLoader.findTemplateSource("Extent_en.ftl"): Not found
2021-6-26 18:5:95 5872 DEBUG [TestNG-test=Lemonade Test Cases-4] (_Log4jLoggerFactory.java:freemarker.log._Log4jLoggerFactory$Log4jLogger.debug(_Log4jLoggerFactory.java:45)) - TemplateLoader.findTemplateSource("Extent.ftl"): Found
2021-6-26 18:5:96 5873 DEBUG [TestNG-test=Lemonade Test Cases-4] (_Log4jLoggerFactory.java:freemarker.log._Log4jLoggerFactory$Log4jLogger.debug(_Log4jLoggerFactory.java:45)) - Loading template for "Extent.ftl"("en_US", UTF-8, parsed) from "jar:file:/C:/Users/SaranyaRamamoorthy/.m2/repository/com/relevantcodes/extentreports/2.41.2/extentreports-2.41.2.jar!/com/relevantcodes/extentreports/view/Extent.ftl"
String valueN
]]></system-out>
  </testcase>
  <testcase name="TC07_My_Contacts_Flow" classname="com.att.lemonade.testcases.TC07_My_Contacts" time="0">
    <skipped message="Test Case[TC07_MY_CONTACTS_FLOW:data-row-15]==&gt;is disabled"/>
    <system-out><![CDATA[2021-6-26 18:5:360 6137 INFO  [TestNG-test=Lemonade Test Cases-3] (ExtentManager.java:com.att.lemonade.utilities.ExtentManager.getTestKey(ExtentManager.java:104)) - Key=17[{attuid=SS8494, accountName=, SICCode=, password=December@2019, ownerName=, svidName=, recordCount=No data found, priorYearTBRMaxValue=, SICDescription=, successMessage=Wireline, username=sr644a, nAICSDescription=, FNIndicator=, responseTime=No data found, SVID=, primaryState=, percentageFiber=, primaryCity=, primaryPhone=4.057445892E9, fiberEligible=, accountStatus=, nAICSCode=, description=Global search, globalSearch=, priorYearTBRMinValue=, primaryZip=, primaryStreet=, subAcctId=, runmode=Y, NoOfOpptys=}]
2021-6-26 18:5:360 6137 INFO  [TestNG-test=Lemonade Test Cases-5] (ExtentManager.java:com.att.lemonade.utilities.ExtentManager.getTestKey(ExtentManager.java:104)) - Key=15[{accountName=, firstName=, password=December@2029, svidName=, primaryCountry=, recordCount=, successMessage=Wireline, username=sr644a, responseTime=, SVID=, filterOnEmailAndPhone=, primaryState=, primaryCity=, primaryPhone=, lastName=, managementLevel=, description=FieldSearch, department=, globalSearch=, primaryZip=, subAcctId=, runmode=Y, title=}]
2021-6-26 18:5:360 6137 DEBUG [TestNG-test=Lemonade Test Cases-3] (_Log4jLoggerFactory.java:freemarker.log._Log4jLoggerFactory$Log4jLogger.debug(_Log4jLoggerFactory.java:45)) - Couldn't find template in cache for "Extent.ftl"("en_US", UTF-8, parsed); will try to load it.
2021-6-26 18:5:361 6138 DEBUG [TestNG-test=Lemonade Test Cases-3] (_Log4jLoggerFactory.java:freemarker.log._Log4jLoggerFactory$Log4jLogger.debug(_Log4jLoggerFactory.java:45)) - TemplateLoader.findTemplateSource("Extent_en_US.ftl"): Not found
2021-6-26 18:5:362 6139 DEBUG [TestNG-test=Lemonade Test Cases-3] (_Log4jLoggerFactory.java:freemarker.log._Log4jLoggerFactory$Log4jLogger.debug(_Log4jLoggerFactory.java:45)) - TemplateLoader.findTemplateSource("Extent_en.ftl"): Not found
2021-6-26 18:5:362 6139 DEBUG [TestNG-test=Lemonade Test Cases-3] (_Log4jLoggerFactory.java:freemarker.log._Log4jLoggerFactory$Log4jLogger.debug(_Log4jLoggerFactory.java:45)) - TemplateLoader.findTemplateSource("Extent.ftl"): Found
2021-6-26 18:5:363 6140 DEBUG [TestNG-test=Lemonade Test Cases-3] (_Log4jLoggerFactory.java:freemarker.log._Log4jLoggerFactory$Log4jLogger.debug(_Log4jLoggerFactory.java:45)) - Loading template for "Extent.ftl"("en_US", UTF-8, parsed) from "jar:file:/C:/Users/SaranyaRamamoorthy/.m2/repository/com/relevantcodes/extentreports/2.41.2/extentreports-2.41.2.jar!/com/relevantcodes/extentreports/view/Extent.ftl"
2021-6-26 18:5:411 6188 DEBUG [TestNG-test=Lemonade Test Cases-6] (_Log4jLoggerFactory.java:freemarker.log._Log4jLoggerFactory$Log4jLogger.debug(_Log4jLoggerFactory.java:45)) - Couldn't find template in cache for "Extent.ftl"("en_US", UTF-8, parsed); will try to load it.
2021-6-26 18:5:412 6189 DEBUG [TestNG-test=Lemonade Test Cases-6] (_Log4jLoggerFactory.java:freemarker.log._Log4jLoggerFactory$Log4jLogger.debug(_Log4jLoggerFactory.java:45)) - TemplateLoader.findTemplateSource("Extent_en_US.ftl"): Not found
2021-6-26 18:5:413 6190 DEBUG [TestNG-test=Lemonade Test Cases-6] (_Log4jLoggerFactory.java:freemarker.log._Log4jLoggerFactory$Log4jLogger.debug(_Log4jLoggerFactory.java:45)) - TemplateLoader.findTemplateSource("Extent_en.ftl"): Not found
2021-6-26 18:5:414 6191 DEBUG [TestNG-test=Lemonade Test Cases-6] (_Log4jLoggerFactory.java:freemarker.log._Log4jLoggerFactory$Log4jLogger.debug(_Log4jLoggerFactory.java:45)) - TemplateLoader.findTemplateSource("Extent.ftl"): Found
2021-6-26 18:5:414 6191 DEBUG [TestNG-test=Lemonade Test Cases-6] (_Log4jLoggerFactory.java:freemarker.log._Log4jLoggerFactory$Log4jLogger.debug(_Log4jLoggerFactory.java:45)) - Loading template for "Extent.ftl"("en_US", UTF-8, parsed) from "jar:file:/C:/Users/SaranyaRamamoorthy/.m2/repository/com/relevantcodes/extentreports/2.41.2/extentreports-2.41.2.jar!/com/relevantcodes/extentreports/view/Extent.ftl"
2021-6-26 18:5:420 6197 INFO  [TestNG-test=Lemonade Test Cases-3] (ExtentManager.java:com.att.lemonade.utilities.ExtentManager.getTestKey(ExtentManager.java:104)) - Key=18[{attuid=GR4568, accountName=, SICCode=, password=December@2019, ownerName=, svidName=, recordCount=No data found, priorYearTBRMaxValue=, SICDescription=, successMessage=Wireline, username=sr644a, nAICSDescription=, FNIndicator=, responseTime=No data found, SVID=, primaryState=, percentageFiber=, primaryCity=, primaryPhone=, fiberEligible=, accountStatus=, nAICSCode=, description=Global search, globalSearch=, priorYearTBRMinValue=, primaryZip=, primaryStreet=401 Whitehurst , subAcctId=, runmode=Y, NoOfOpptys=}]
String valueN
]]></system-out>
  </testcase>
  <testcase name="TC07_My_Contacts_Flow" classname="com.att.lemonade.testcases.TC07_My_Contacts" time="0">
    <skipped message="Test Case[TC07_MY_CONTACTS_FLOW:data-row-16]==&gt;is disabled"/>
  </testcase>
  <testcase name="TC07_My_Contacts_Flow" classname="com.att.lemonade.testcases.TC07_My_Contacts" time="0">
    <skipped message="Test Case[TC07_MY_CONTACTS_FLOW:data-row-17]==&gt;is disabled"/>
    <system-out><![CDATA[2021-6-26 18:5:63 6840 DEBUG [TestNG-test=Lemonade Test Cases-3] (_Log4jLoggerFactory.java:freemarker.log._Log4jLoggerFactory$Log4jLogger.debug(_Log4jLoggerFactory.java:45)) - Couldn't find template in cache for "Extent.ftl"("en_US", UTF-8, parsed); will try to load it.
2021-6-26 18:5:63 6840 INFO  [TestNG-test=Lemonade Test Cases-4] (ExtentManager.java:com.att.lemonade.utilities.ExtentManager.getTestKey(ExtentManager.java:104)) - Key=19[{attuid=, SICCode=, password=December@2019, ownerName=, svidName=, primaryCountry=, recordCount=1 records, priorYearTBRMaxValue=, successMessage=Wireline, SICDescription=, username=sr644a, nAICSDescription=, responseTime=235 Milliseconds, DomSubAcct=, SVID=, DUNSNumber=7.95506513E8, primaryState=, primaryCity=, nAICSCode=, description=Field level Search with Duns, globalSearch=, priorYearTBRMinValue=, runmode=Y}]
2021-6-26 18:5:64 6841 DEBUG [TestNG-test=Lemonade Test Cases-3] (_Log4jLoggerFactory.java:freemarker.log._Log4jLoggerFactory$Log4jLogger.debug(_Log4jLoggerFactory.java:45)) - TemplateLoader.findTemplateSource("Extent_en_US.ftl"): Not found
2021-6-26 18:5:64 6841 DEBUG [TestNG-test=Lemonade Test Cases-3] (_Log4jLoggerFactory.java:freemarker.log._Log4jLoggerFactory$Log4jLogger.debug(_Log4jLoggerFactory.java:45)) - TemplateLoader.findTemplateSource("Extent_en.ftl"): Not found
2021-6-26 18:5:65 6842 DEBUG [TestNG-test=Lemonade Test Cases-3] (_Log4jLoggerFactory.java:freemarker.log._Log4jLoggerFactory$Log4jLogger.debug(_Log4jLoggerFactory.java:45)) - TemplateLoader.findTemplateSource("Extent.ftl"): Found
2021-6-26 18:5:65 6842 DEBUG [TestNG-test=Lemonade Test Cases-3] (_Log4jLoggerFactory.java:freemarker.log._Log4jLoggerFactory$Log4jLogger.debug(_Log4jLoggerFactory.java:45)) - Loading template for "Extent.ftl"("en_US", UTF-8, parsed) from "jar:file:/C:/Users/SaranyaRamamoorthy/.m2/repository/com/relevantcodes/extentreports/2.41.2/extentreports-2.41.2.jar!/com/relevantcodes/extentreports/view/Extent.ftl"
2021-6-26 18:5:68 6845 INFO  [TestNG-test=Lemonade Test Cases-1] (ExtentManager.java:com.att.lemonade.utilities.ExtentManager.getTestKey(ExtentManager.java:104)) - Key=22[{accountName=, SICCode=, password=December@2019, ownerName=, svidName=, recordCount=19 records, priorYearTBRMaxValue=, SICDescription=Organizations, successMessage=Wireline, username=sr644a, nAICSDescription=, FNIndicator=, responseTime=420 Milliseconds, SVID=, primaryState=, percentageFiber=, primaryCity=, primaryPhone=, fiberEligible=, accountStatus=, nAICSCode=, description=Global search, globalSearch=, priorYearTBRMinValue=, primaryZip=, primaryStreet=, subAcctId=, runmode=Y, NoOfOpptys=}]
String valueN
String valueN
]]></system-out>
  </testcase>
  <testcase name="TC07_My_Contacts_Flow" classname="com.att.lemonade.testcases.TC07_My_Contacts" time="0">
    <skipped message="Test Case[TC07_MY_CONTACTS_FLOW:data-row-18]==&gt;is disabled"/>
    <system-out><![CDATA[2021-6-26 18:5:241 7018 INFO  [TestNG-test=Lemonade Test Cases-3] (ExtentManager.java:com.att.lemonade.utilities.ExtentManager.getTestKey(ExtentManager.java:104)) - Key=20[{attuid=GR4568, accountName=, SICCode=, password=December@2019, ownerName=, svidName=, recordCount=No data found, priorYearTBRMaxValue=, SICDescription=, successMessage=Wireline, username=sr644a, nAICSDescription=, FNIndicator=, responseTime=No data found, SVID=, primaryState=AL, percentageFiber=, primaryCity=, primaryPhone=, fiberEligible=, accountStatus=, nAICSCode=, description=Global search, globalSearch=, priorYearTBRMinValue=, primaryZip=, primaryStreet=, subAcctId=, runmode=Y, NoOfOpptys=}]
String valueN
]]></system-out>
  </testcase>
  <testcase name="TC07_My_Contacts_Flow" classname="com.att.lemonade.testcases.TC07_My_Contacts" time="0">
    <skipped message="Test Case[TC07_MY_CONTACTS_FLOW:data-row-19]==&gt;is disabled"/>
    <system-out><![CDATA[2021-6-26 18:5:625 7402 INFO  [TestNG-test=Lemonade Test Cases-6] (ExtentManager.java:com.att.lemonade.utilities.ExtentManager.getTestKey(ExtentManager.java:104)) - Key=18[{attuid=, accountName=, firstName=, password=December@2032, svidName=, primaryCountry=, recordCount=2 records, columnDisplayVisible=, successMessage=Wireline, username=sr644a, responseTime=303 Milliseconds, filterOnEmailAndPhone=, SVID=U3DDV0, primaryState=, primaryCity=, primaryPhone=, lastName=, managementLevel=, description=FieldSearch, department=, globalSearch=, primaryZip=, subAcctId=, runmode=Y, title=}]
String valueN
2021-6-26 18:5:625 7402 DEBUG [TestNG-test=Lemonade Test Cases-3] (_Log4jLoggerFactory.java:freemarker.log._Log4jLoggerFactory$Log4jLogger.debug(_Log4jLoggerFactory.java:45)) - Couldn't find template in cache for "Extent.ftl"("en_US", UTF-8, parsed); will try to load it.
]]></system-out>
  </testcase>
  <testcase name="TC07_My_Contacts_Flow" classname="com.att.lemonade.testcases.TC07_My_Contacts" time="0">
    <skipped message="Test Case[TC07_MY_CONTACTS_FLOW:data-row-20]==&gt;is disabled"/>
  </testcase>
  <testcase name="TC07_My_Contacts_Flow" classname="com.att.lemonade.testcases.TC07_My_Contacts" time="0">
    <skipped message="Test Case[TC07_MY_CONTACTS_FLOW:data-row-21]==&gt;is disabled"/>
    <system-out><![CDATA[2021-6-26 18:5:271 8048 INFO  [TestNG-test=Lemonade Test Cases-4] (ExtentManager.java:com.att.lemonade.utilities.ExtentManager.getTestKey(ExtentManager.java:104)) - Key=24[{attuid=, SICCode=, password=December@2019, ownerName=, svidName=, primaryCountry=, recordCount=1 records, priorYearTBRMaxValue=, successMessage=Wireline, SICDescription=, username=sr644a, nAICSDescription=, responseTime=129 Milliseconds, DomSubAcct=S4NJBL, SVID=, DUNSNumber=, primaryState=, primaryCity=, nAICSCode=, description=Field level Search with DomSubAcct, globalSearch=, priorYearTBRMinValue=, runmode=Y}]
2021-6-26 18:5:271 8048 INFO  [TestNG-test=Lemonade Test Cases-1] (ExtentManager.java:com.att.lemonade.utilities.ExtentManager.getTestKey(ExtentManager.java:104)) - Key=26[{accountName=, SICCode=, password=December@2019, ownerName=, svidName=, recordCount=No data found, priorYearTBRMaxValue=, SICDescription=, successMessage=Wireline, username=sr644a, nAICSDescription=Accommodation and Food Services, FNIndicator=, responseTime=No data found, SVID=, primaryState=, percentageFiber=, primaryCity=, primaryPhone=, fiberEligible=, accountStatus=, nAICSCode=, description=Global search, globalSearch=, priorYearTBRMinValue=, primaryZip=, primaryStreet=, subAcctId=, runmode=Y, NoOfOpptys=}]
2021-6-26 18:5:271 8048 DEBUG [TestNG-test=Lemonade Test Cases-4] (_Log4jLoggerFactory.java:freemarker.log._Log4jLoggerFactory$Log4jLogger.debug(_Log4jLoggerFactory.java:45)) - Couldn't find template in cache for "Extent.ftl"("en_US", UTF-8, parsed); will try to load it.
2021-6-26 18:5:272 8049 DEBUG [TestNG-test=Lemonade Test Cases-4] (_Log4jLoggerFactory.java:freemarker.log._Log4jLoggerFactory$Log4jLogger.debug(_Log4jLoggerFactory.java:45)) - TemplateLoader.findTemplateSource("Extent_en_US.ftl"): Not found
2021-6-26 18:5:272 8049 DEBUG [TestNG-test=Lemonade Test Cases-4] (_Log4jLoggerFactory.java:freemarker.log._Log4jLoggerFactory$Log4jLogger.debug(_Log4jLoggerFactory.java:45)) - TemplateLoader.findTemplateSource("Extent_en.ftl"): Not found
2021-6-26 18:5:273 8050 DEBUG [TestNG-test=Lemonade Test Cases-4] (_Log4jLoggerFactory.java:freemarker.log._Log4jLoggerFactory$Log4jLogger.debug(_Log4jLoggerFactory.java:45)) - TemplateLoader.findTemplateSource("Extent.ftl"): Found
2021-6-26 18:5:273 8050 DEBUG [TestNG-test=Lemonade Test Cases-4] (_Log4jLoggerFactory.java:freemarker.log._Log4jLoggerFactory$Log4jLogger.debug(_Log4jLoggerFactory.java:45)) - Loading template for "Extent.ftl"("en_US", UTF-8, parsed) from "jar:file:/C:/Users/SaranyaRamamoorthy/.m2/repository/com/relevantcodes/extentreports/2.41.2/extentreports-2.41.2.jar!/com/relevantcodes/extentreports/view/Extent.ftl"
2021-6-26 18:5:353 8130 DEBUG [TestNG-test=Lemonade Test Cases-6] (_Log4jLoggerFactory.java:freemarker.log._Log4jLoggerFactory$Log4jLogger.debug(_Log4jLoggerFactory.java:45)) - Couldn't find template in cache for "Extent.ftl"("en_US", UTF-8, parsed); will try to load it.
2021-6-26 18:5:354 8131 DEBUG [TestNG-test=Lemonade Test Cases-6] (_Log4jLoggerFactory.java:freemarker.log._Log4jLoggerFactory$Log4jLogger.debug(_Log4jLoggerFactory.java:45)) - TemplateLoader.findTemplateSource("Extent_en_US.ftl"): Not found
2021-6-26 18:5:354 8131 DEBUG [TestNG-test=Lemonade Test Cases-6] (_Log4jLoggerFactory.java:freemarker.log._Log4jLoggerFactory$Log4jLogger.debug(_Log4jLoggerFactory.java:45)) - TemplateLoader.findTemplateSource("Extent_en.ftl"): Not found
2021-6-26 18:5:355 8132 DEBUG [TestNG-test=Lemonade Test Cases-6] (_Log4jLoggerFactory.java:freemarker.log._Log4jLoggerFactory$Log4jLogger.debug(_Log4jLoggerFactory.java:45)) - TemplateLoader.findTemplateSource("Extent.ftl"): Found
2021-6-26 18:5:355 8132 DEBUG [TestNG-test=Lemonade Test Cases-6] (_Log4jLoggerFactory.java:freemarker.log._Log4jLoggerFactory$Log4jLogger.debug(_Log4jLoggerFactory.java:45)) - Loading template for "Extent.ftl"("en_US", UTF-8, parsed) from "jar:file:/C:/Users/SaranyaRamamoorthy/.m2/repository/com/relevantcodes/extentreports/2.41.2/extentreports-2.41.2.jar!/com/relevantcodes/extentreports/view/Extent.ftl"
2021-6-26 18:5:359 8136 INFO  [TestNG-test=Lemonade Test Cases-4] (ExtentManager.java:com.att.lemonade.utilities.ExtentManager.getTestKey(ExtentManager.java:104)) - Key=25[{attuid=, SICCode=, password=December@2019, ownerName=, svidName=, primaryCountry=, recordCount=1 records, priorYearTBRMaxValue=, successMessage=Wireline, SICDescription=, username=sr644a, nAICSDescription=, responseTime=205 Milliseconds, DomSubAcct=S5TIBU, SVID=, DUNSNumber=, primaryState=, primaryCity=, nAICSCode=, description=Field level Search with DomSubAcct, globalSearch=, priorYearTBRMinValue=, runmode=Y}]
2021-6-26 18:5:433 8210 DEBUG [TestNG-test=Lemonade Test Cases-1] (_Log4jLoggerFactory.java:freemarker.log._Log4jLoggerFactory$Log4jLogger.debug(_Log4jLoggerFactory.java:45)) - Couldn't find template in cache for "Extent.ftl"("en_US", UTF-8, parsed); will try to load it.
2021-6-26 18:5:434 8211 DEBUG [TestNG-test=Lemonade Test Cases-1] (_Log4jLoggerFactory.java:freemarker.log._Log4jLoggerFactory$Log4jLogger.debug(_Log4jLoggerFactory.java:45)) - TemplateLoader.findTemplateSource("Extent_en_US.ftl"): Not found
2021-6-26 18:5:436 8213 DEBUG [TestNG-test=Lemonade Test Cases-1] (_Log4jLoggerFactory.java:freemarker.log._Log4jLoggerFactory$Log4jLogger.debug(_Log4jLoggerFactory.java:45)) - TemplateLoader.findTemplateSource("Extent_en.ftl"): Not found
2021-6-26 18:5:437 8214 DEBUG [TestNG-test=Lemonade Test Cases-1] (_Log4jLoggerFactory.java:freemarker.log._Log4jLoggerFactory$Log4jLogger.debug(_Log4jLoggerFactory.java:45)) - TemplateLoader.findTemplateSource("Extent.ftl"): Found
2021-6-26 18:5:437 8214 DEBUG [TestNG-test=Lemonade Test Cases-1] (_Log4jLoggerFactory.java:freemarker.log._Log4jLoggerFactory$Log4jLogger.debug(_Log4jLoggerFactory.java:45)) - Loading template for "Extent.ftl"("en_US", UTF-8, parsed) from "jar:file:/C:/Users/SaranyaRamamoorthy/.m2/repository/com/relevantcodes/extentreports/2.41.2/extentreports-2.41.2.jar!/com/relevantcodes/extentreports/view/Extent.ftl"
2021-6-26 18:5:447 8224 INFO  [TestNG-test=Lemonade Test Cases-6] (ExtentManager.java:com.att.lemonade.utilities.ExtentManager.getTestKey(ExtentManager.java:104)) - Key=20[{attuid=, accountName=, firstName=Christopher, password=December@2034, svidName=, primaryCountry=, recordCount=400 records, columnDisplayVisible=, successMessage=Wireline, username=sr644a, responseTime=467 Milliseconds, filterOnEmailAndPhone=, SVID=, primaryState=, primaryCity=, primaryPhone=, lastName=, managementLevel=, description=FieldSearch, department=, globalSearch=, primaryZip=, subAcctId=, runmode=Y, title=}]
String valueN
String valueN
]]></system-out>
  </testcase>
  <testcase name="TC07_My_Contacts_Flow" classname="com.att.lemonade.testcases.TC07_My_Contacts" time="0">
    <skipped message="Test Case[TC07_MY_CONTACTS_FLOW:data-row-22]==&gt;is disabled"/>
    <system-out><![CDATA[2021-6-26 18:5:589 8366 INFO  [TestNG-test=Lemonade Test Cases-1] (ExtentManager.java:com.att.lemonade.utilities.ExtentManager.getTestKey(ExtentManager.java:104)) - Key=27[{accountName=, SICCode=, password=December@2019, ownerName=, svidName=, recordCount=1 records, priorYearTBRMaxValue=, SICDescription=, successMessage=Wireline, username=sr644a, nAICSDescription=, FNIndicator=, responseTime=234 Milliseconds, SVID=, primaryState=, percentageFiber=, primaryCity=, primaryPhone=, fiberEligible=, accountStatus=, nAICSCode=, description=Global search, globalSearch=Tobacco, priorYearTBRMinValue=, primaryZip=, primaryStreet=, subAcctId=, runmode=Y, NoOfOpptys=}]
2021-6-26 18:5:590 8367 DEBUG [TestNG-test=Lemonade Test Cases-4] (_Log4jLoggerFactory.java:freemarker.log._Log4jLoggerFactory$Log4jLogger.debug(_Log4jLoggerFactory.java:45)) - TemplateLoader.findTemplateSource("Extent_en_US.ftl"): Not found
2021-6-26 18:5:591 8368 DEBUG [TestNG-test=Lemonade Test Cases-4] (_Log4jLoggerFactory.java:freemarker.log._Log4jLoggerFactory$Log4jLogger.debug(_Log4jLoggerFactory.java:45)) - TemplateLoader.findTemplateSource("Extent_en.ftl"): Not found
2021-6-26 18:5:591 8368 INFO  [TestNG-test=Lemonade Test Cases-5] (ExtentManager.java:com.att.lemonade.utilities.ExtentManager.getTestKey(ExtentManager.java:104)) - Key=22[{accountName=, firstName=, password=December@2029, svidName=, primaryCountry=, recordCount=, successMessage=Wireline, username=sr644a, responseTime=, SVID=, filterOnEmailAndPhone=, primaryState=, primaryCity=, primaryPhone=, lastName=, managementLevel=, description=FieldSearch, department=OTHER, globalSearch=, primaryZip=, subAcctId=, runmode=Y, title=}]
2021-6-26 18:5:591 8368 DEBUG [TestNG-test=Lemonade Test Cases-4] (_Log4jLoggerFactory.java:freemarker.log._Log4jLoggerFactory$Log4jLogger.debug(_Log4jLoggerFactory.java:45)) - TemplateLoader.findTemplateSource("Extent.ftl"): Found
2021-6-26 18:5:592 8369 DEBUG [TestNG-test=Lemonade Test Cases-4] (_Log4jLoggerFactory.java:freemarker.log._Log4jLoggerFactory$Log4jLogger.debug(_Log4jLoggerFactory.java:45)) - Loading template for "Extent.ftl"("en_US", UTF-8, parsed) from "jar:file:/C:/Users/SaranyaRamamoorthy/.m2/repository/com/relevantcodes/extentreports/2.41.2/extentreports-2.41.2.jar!/com/relevantcodes/extentreports/view/Extent.ftl"
2021-6-26 18:5:697 8474 DEBUG [TestNG-test=Lemonade Test Cases-6] (_Log4jLoggerFactory.java:freemarker.log._Log4jLoggerFactory$Log4jLogger.debug(_Log4jLoggerFactory.java:45)) - Couldn't find template in cache for "Extent.ftl"("en_US", UTF-8, parsed); will try to load it.
2021-6-26 18:5:697 8474 INFO  [TestNG-test=Lemonade Test Cases-4] (ExtentManager.java:com.att.lemonade.utilities.ExtentManager.getTestKey(ExtentManager.java:104)) - Key=26[{attuid=, SICCode=, password=December@2019, ownerName=, svidName=, primaryCountry=, recordCount=1 records, priorYearTBRMaxValue=, successMessage=Wireline, SICDescription=, username=sr644a, nAICSDescription=, responseTime=239 Milliseconds, DomSubAcct=S36D0K, SVID=, DUNSNumber=, primaryState=, primaryCity=, nAICSCode=, description=Field level Search with DomSubAcct, globalSearch=, priorYearTBRMinValue=, runmode=Y}]
2021-6-26 18:5:698 8475 DEBUG [TestNG-test=Lemonade Test Cases-6] (_Log4jLoggerFactory.java:freemarker.log._Log4jLoggerFactory$Log4jLogger.debug(_Log4jLoggerFactory.java:45)) - TemplateLoader.findTemplateSource("Extent_en_US.ftl"): Not found
2021-6-26 18:5:699 8476 DEBUG [TestNG-test=Lemonade Test Cases-6] (_Log4jLoggerFactory.java:freemarker.log._Log4jLoggerFactory$Log4jLogger.debug(_Log4jLoggerFactory.java:45)) - TemplateLoader.findTemplateSource("Extent_en.ftl"): Not found
2021-6-26 18:5:699 8476 DEBUG [TestNG-test=Lemonade Test Cases-6] (_Log4jLoggerFactory.java:freemarker.log._Log4jLoggerFactory$Log4jLogger.debug(_Log4jLoggerFactory.java:45)) - TemplateLoader.findTemplateSource("Extent.ftl"): Found
2021-6-26 18:5:701 8478 DEBUG [TestNG-test=Lemonade Test Cases-6] (_Log4jLoggerFactory.java:freemarker.log._Log4jLoggerFactory$Log4jLogger.debug(_Log4jLoggerFactory.java:45)) - Loading template for "Extent.ftl"("en_US", UTF-8, parsed) from "jar:file:/C:/Users/SaranyaRamamoorthy/.m2/repository/com/relevantcodes/extentreports/2.41.2/extentreports-2.41.2.jar!/com/relevantcodes/extentreports/view/Extent.ftl"
String valueN
]]></system-out>
  </testcase>
  <testcase name="TC07_My_Contacts_Flow" classname="com.att.lemonade.testcases.TC07_My_Contacts" time="0">
    <skipped message="Test Case[TC07_MY_CONTACTS_FLOW:data-row-23]==&gt;is disabled"/>
    <system-out><![CDATA[2021-6-26 18:5:842 8619 INFO  [TestNG-test=Lemonade Test Cases-6] (ExtentManager.java:com.att.lemonade.utilities.ExtentManager.getTestKey(ExtentManager.java:104)) - Key=21[{attuid=, accountName=, firstName=, password=December@2035, svidName=, primaryCountry=, recordCount=400 records, columnDisplayVisible=, successMessage=Wireline, username=sr644a, responseTime=473 Milliseconds, filterOnEmailAndPhone=, SVID=, primaryState=, primaryCity=, primaryPhone=, lastName=mond, managementLevel=, description=FieldSearch, department=, globalSearch=, primaryZip=, subAcctId=, runmode=Y, title=}]
2021-6-26 18:5:843 8620 DEBUG [TestNG-test=Lemonade Test Cases-5] (_Log4jLoggerFactory.java:freemarker.log._Log4jLoggerFactory$Log4jLogger.debug(_Log4jLoggerFactory.java:45)) - Couldn't find template in cache for "Extent.ftl"("en_US", UTF-8, parsed); will try to load it.
2021-6-26 18:5:841 8618 INFO  [TestNG-test=Lemonade Test Cases-4] (ExtentManager.java:com.att.lemonade.utilities.ExtentManager.getTestKey(ExtentManager.java:104)) - Key=26[{attuid=, SICCode=, password=December@2019, ownerName=, svidName=, primaryCountry=, recordCount=1 records, priorYearTBRMaxValue=, successMessage=Wireline, SICDescription=, username=sr644a, nAICSDescription=, responseTime=239 Milliseconds, DomSubAcct=S36D0K, SVID=, DUNSNumber=, primaryState=, primaryCity=, nAICSCode=, description=Field level Search with DomSubAcct, globalSearch=, priorYearTBRMinValue=, runmode=Y}]
2021-6-26 18:5:843 8620 DEBUG [TestNG-test=Lemonade Test Cases-5] (_Log4jLoggerFactory.java:freemarker.log._Log4jLoggerFactory$Log4jLogger.debug(_Log4jLoggerFactory.java:45)) - TemplateLoader.findTemplateSource("Extent_en_US.ftl"): Not found
2021-6-26 18:5:845 8622 DEBUG [TestNG-test=Lemonade Test Cases-5] (_Log4jLoggerFactory.java:freemarker.log._Log4jLoggerFactory$Log4jLogger.debug(_Log4jLoggerFactory.java:45)) - TemplateLoader.findTemplateSource("Extent_en.ftl"): Not found
2021-6-26 18:5:845 8622 DEBUG [TestNG-test=Lemonade Test Cases-5] (_Log4jLoggerFactory.java:freemarker.log._Log4jLoggerFactory$Log4jLogger.debug(_Log4jLoggerFactory.java:45)) - TemplateLoader.findTemplateSource("Extent.ftl"): Found
2021-6-26 18:5:846 8623 DEBUG [TestNG-test=Lemonade Test Cases-5] (_Log4jLoggerFactory.java:freemarker.log._Log4jLoggerFactory$Log4jLogger.debug(_Log4jLoggerFactory.java:45)) - Loading template for "Extent.ftl"("en_US", UTF-8, parsed) from "jar:file:/C:/Users/SaranyaRamamoorthy/.m2/repository/com/relevantcodes/extentreports/2.41.2/extentreports-2.41.2.jar!/com/relevantcodes/extentreports/view/Extent.ftl"
2021-6-26 18:5:915 8692 DEBUG [TestNG-test=Lemonade Test Cases-6] (_Log4jLoggerFactory.java:freemarker.log._Log4jLoggerFactory$Log4jLogger.debug(_Log4jLoggerFactory.java:45)) - Couldn't find template in cache for "Extent.ftl"("en_US", UTF-8, parsed); will try to load it.
2021-6-26 18:5:916 8693 DEBUG [TestNG-test=Lemonade Test Cases-6] (_Log4jLoggerFactory.java:freemarker.log._Log4jLoggerFactory$Log4jLogger.debug(_Log4jLoggerFactory.java:45)) - TemplateLoader.findTemplateSource("Extent_en_US.ftl"): Not found
2021-6-26 18:5:917 8694 DEBUG [TestNG-test=Lemonade Test Cases-6] (_Log4jLoggerFactory.java:freemarker.log._Log4jLoggerFactory$Log4jLogger.debug(_Log4jLoggerFactory.java:45)) - TemplateLoader.findTemplateSource("Extent_en.ftl"): Not found
2021-6-26 18:5:919 8696 DEBUG [TestNG-test=Lemonade Test Cases-6] (_Log4jLoggerFactory.java:freemarker.log._Log4jLoggerFactory$Log4jLogger.debug(_Log4jLoggerFactory.java:45)) - TemplateLoader.findTemplateSource("Extent.ftl"): Found
2021-6-26 18:5:919 8696 DEBUG [TestNG-test=Lemonade Test Cases-6] (_Log4jLoggerFactory.java:freemarker.log._Log4jLoggerFactory$Log4jLogger.debug(_Log4jLoggerFactory.java:45)) - Loading template for "Extent.ftl"("en_US", UTF-8, parsed) from "jar:file:/C:/Users/SaranyaRamamoorthy/.m2/repository/com/relevantcodes/extentreports/2.41.2/extentreports-2.41.2.jar!/com/relevantcodes/extentreports/view/Extent.ftl"
2021-6-26 18:5:919 8696 INFO  [TestNG-test=Lemonade Test Cases-5] (ExtentManager.java:com.att.lemonade.utilities.ExtentManager.getTestKey(ExtentManager.java:104)) - Key=23[{accountName=, firstName=, password=December@2029, svidName=, primaryCountry=, recordCount=, successMessage=Wireline, username=sr644a, responseTime=, SVID=, filterOnEmailAndPhone=Show All Contacts, primaryState=, primaryCity=, primaryPhone=, lastName=, managementLevel=, description=FieldSearch, department=, globalSearch=, primaryZip=, subAcctId=, runmode=Y, title=}]
String valueN
String valueN
]]></system-out>
  </testcase>
  <testcase name="TC07_My_Contacts_Flow" classname="com.att.lemonade.testcases.TC07_My_Contacts" time="0">
    <skipped message="Test Case[TC07_MY_CONTACTS_FLOW:data-row-24]==&gt;is disabled"/>
    <system-out><![CDATA[2021-6-26 18:5:994 8771 INFO  [TestNG-test=Lemonade Test Cases-1] (ExtentManager.java:com.att.lemonade.utilities.ExtentManager.getTestKey(ExtentManager.java:104)) - Key=28[{accountName=, SICCode=, password=December@2019, ownerName=, svidName=, recordCount=190 records, priorYearTBRMaxValue=, SICDescription=, successMessage=Wireline, username=sr644a, nAICSDescription=, FNIndicator=, responseTime=458 Milliseconds, SVID=, primaryState=, percentageFiber=, primaryCity=, primaryPhone=, fiberEligible=, accountStatus=, nAICSCode=, description=Global search, globalSearch=Credit, priorYearTBRMinValue=, primaryZip=, primaryStreet=, subAcctId=, runmode=Y, NoOfOpptys=}]
2021-6-26 18:5:994 8771 DEBUG [TestNG-test=Lemonade Test Cases-5] (_Log4jLoggerFactory.java:freemarker.log._Log4jLoggerFactory$Log4jLogger.debug(_Log4jLoggerFactory.java:45)) - Couldn't find template in cache for "Extent.ftl"("en_US", UTF-8, parsed); will try to load it.
2021-6-26 18:5:995 8772 DEBUG [TestNG-test=Lemonade Test Cases-5] (_Log4jLoggerFactory.java:freemarker.log._Log4jLoggerFactory$Log4jLogger.debug(_Log4jLoggerFactory.java:45)) - TemplateLoader.findTemplateSource("Extent_en_US.ftl"): Not found
2021-6-26 18:5:996 8773 DEBUG [TestNG-test=Lemonade Test Cases-5] (_Log4jLoggerFactory.java:freemarker.log._Log4jLoggerFactory$Log4jLogger.debug(_Log4jLoggerFactory.java:45)) - TemplateLoader.findTemplateSource("Extent_en.ftl"): Not found
2021-6-26 18:5:996 8773 DEBUG [TestNG-test=Lemonade Test Cases-5] (_Log4jLoggerFactory.java:freemarker.log._Log4jLoggerFactory$Log4jLogger.debug(_Log4jLoggerFactory.java:45)) - TemplateLoader.findTemplateSource("Extent.ftl"): Found
2021-6-26 18:5:996 8773 DEBUG [TestNG-test=Lemonade Test Cases-5] (_Log4jLoggerFactory.java:freemarker.log._Log4jLoggerFactory$Log4jLogger.debug(_Log4jLoggerFactory.java:45)) - Loading template for "Extent.ftl"("en_US", UTF-8, parsed) from "jar:file:/C:/Users/SaranyaRamamoorthy/.m2/repository/com/relevantcodes/extentreports/2.41.2/extentreports-2.41.2.jar!/com/relevantcodes/extentreports/view/Extent.ftl"
2021-6-26 18:5:996 8773 INFO  [TestNG-test=Lemonade Test Cases-6] (ExtentManager.java:com.att.lemonade.utilities.ExtentManager.getTestKey(ExtentManager.java:104)) - Key=22[{attuid=, accountName=, firstName=, password=December@2036, svidName=, primaryCountry=, recordCount=No data found, columnDisplayVisible=, successMessage=Wireline, username=sr644a, responseTime=No data found, filterOnEmailAndPhone=, SVID=, primaryState=, primaryCity=, primaryPhone=1.9415529914E10, lastName=, managementLevel=, description=FieldSearch, department=, globalSearch=, primaryZip=, subAcctId=, runmode=Y, title=}]
2021-6-26 18:5:84 8861 INFO  [TestNG-test=Lemonade Test Cases-5] (ExtentManager.java:com.att.lemonade.utilities.ExtentManager.getTestKey(ExtentManager.java:104)) - Key=24[{accountName=, firstName=, password=December@2029, svidName=, primaryCountry=, recordCount=, successMessage=Wireline, username=sr644a, responseTime=, SVID=, filterOnEmailAndPhone=Show Only Contacts with Phone, primaryState=, primaryCity=, primaryPhone=, lastName=, managementLevel=, description=FieldSearch, department=, globalSearch=, primaryZip=, subAcctId=, runmode=Y, title=}]
2021-6-26 18:5:84 8861 DEBUG [TestNG-test=Lemonade Test Cases-4] (_Log4jLoggerFactory.java:freemarker.log._Log4jLoggerFactory$Log4jLogger.debug(_Log4jLoggerFactory.java:45)) - Couldn't find template in cache for "Extent.ftl"("en_US", UTF-8, parsed); will try to load it.
2021-6-26 18:5:85 8862 DEBUG [TestNG-test=Lemonade Test Cases-4] (_Log4jLoggerFactory.java:freemarker.log._Log4jLoggerFactory$Log4jLogger.debug(_Log4jLoggerFactory.java:45)) - TemplateLoader.findTemplateSource("Extent_en_US.ftl"): Not found
2021-6-26 18:5:86 8863 DEBUG [TestNG-test=Lemonade Test Cases-4] (_Log4jLoggerFactory.java:freemarker.log._Log4jLoggerFactory$Log4jLogger.debug(_Log4jLoggerFactory.java:45)) - TemplateLoader.findTemplateSource("Extent_en.ftl"): Not found
2021-6-26 18:5:87 8864 DEBUG [TestNG-test=Lemonade Test Cases-4] (_Log4jLoggerFactory.java:freemarker.log._Log4jLoggerFactory$Log4jLogger.debug(_Log4jLoggerFactory.java:45)) - TemplateLoader.findTemplateSource("Extent.ftl"): Found
2021-6-26 18:5:87 8864 DEBUG [TestNG-test=Lemonade Test Cases-4] (_Log4jLoggerFactory.java:freemarker.log._Log4jLoggerFactory$Log4jLogger.debug(_Log4jLoggerFactory.java:45)) - Loading template for "Extent.ftl"("en_US", UTF-8, parsed) from "jar:file:/C:/Users/SaranyaRamamoorthy/.m2/repository/com/relevantcodes/extentreports/2.41.2/extentreports-2.41.2.jar!/com/relevantcodes/extentreports/view/Extent.ftl"
String valueN
]]></system-out>
  </testcase>
  <testcase name="TC07_My_Contacts_Flow" classname="com.att.lemonade.testcases.TC07_My_Contacts" time="0">
    <skipped message="Test Case[TC07_MY_CONTACTS_FLOW:data-row-25]==&gt;is disabled"/>
    <system-out><![CDATA[2021-6-26 18:5:437 9214 INFO  [TestNG-test=Lemonade Test Cases-4] (ExtentManager.java:com.att.lemonade.utilities.ExtentManager.getTestKey(ExtentManager.java:104)) - Key=28[{attuid=JH175X, SICCode=, password=December@2019, ownerName=, svidName=, primaryCountry=, recordCount=No data found, priorYearTBRMaxValue=, successMessage=Wireline, SICDescription=, username=sr644a, nAICSDescription=, responseTime=No data found, DomSubAcct=3NBMQ7, SVID=, DUNSNumber=, primaryState=, primaryCity=, nAICSCode=, description=Field level Search with Attuid &Dom sub acct, globalSearch=, priorYearTBRMinValue=, runmode=Y}]
2021-6-26 18:5:437 9214 DEBUG [TestNG-test=Lemonade Test Cases-4] (_Log4jLoggerFactory.java:freemarker.log._Log4jLoggerFactory$Log4jLogger.debug(_Log4jLoggerFactory.java:45)) - Couldn't find template in cache for "Extent.ftl"("en_US", UTF-8, parsed); will try to load it.
2021-6-26 18:5:438 9215 DEBUG [TestNG-test=Lemonade Test Cases-4] (_Log4jLoggerFactory.java:freemarker.log._Log4jLoggerFactory$Log4jLogger.debug(_Log4jLoggerFactory.java:45)) - TemplateLoader.findTemplateSource("Extent_en_US.ftl"): Not found
2021-6-26 18:5:439 9216 DEBUG [TestNG-test=Lemonade Test Cases-4] (_Log4jLoggerFactory.java:freemarker.log._Log4jLoggerFactory$Log4jLogger.debug(_Log4jLoggerFactory.java:45)) - TemplateLoader.findTemplateSource("Extent_en.ftl"): Not found
2021-6-26 18:5:441 9218 DEBUG [TestNG-test=Lemonade Test Cases-4] (_Log4jLoggerFactory.java:freemarker.log._Log4jLoggerFactory$Log4jLogger.debug(_Log4jLoggerFactory.java:45)) - TemplateLoader.findTemplateSource("Extent.ftl"): Found
2021-6-26 18:5:441 9218 DEBUG [TestNG-test=Lemonade Test Cases-4] (_Log4jLoggerFactory.java:freemarker.log._Log4jLoggerFactory$Log4jLogger.debug(_Log4jLoggerFactory.java:45)) - Loading template for "Extent.ftl"("en_US", UTF-8, parsed) from "jar:file:/C:/Users/SaranyaRamamoorthy/.m2/repository/com/relevantcodes/extentreports/2.41.2/extentreports-2.41.2.jar!/com/relevantcodes/extentreports/view/Extent.ftl"
String valueN
String valueN
]]></system-out>
  </testcase>
  <testcase name="TC07_My_Contacts_Flow" classname="com.att.lemonade.testcases.TC07_My_Contacts" time="0">
    <skipped message="Test Case[TC07_MY_CONTACTS_FLOW:data-row-26]==&gt;is disabled"/>
    <system-out><![CDATA[2021-6-26 18:5:552 9329 INFO  [TestNG-test=Lemonade Test Cases-4] (ExtentManager.java:com.att.lemonade.utilities.ExtentManager.getTestKey(ExtentManager.java:104)) - Key=29[{attuid=, SICCode=, password=December@2019, ownerName=Charles, svidName=, primaryCountry=, recordCount=310 records, priorYearTBRMaxValue=, successMessage=Wireline, SICDescription=, username=sr644a, nAICSDescription=, responseTime=412 Milliseconds, DomSubAcct=, SVID=, DUNSNumber=, primaryState=, primaryCity=, nAICSCode=, description=Field level Search with Owner Name, globalSearch=, priorYearTBRMinValue=, runmode=Y}]
2021-6-26 18:5:552 9329 DEBUG [TestNG-test=Lemonade Test Cases-1] (_Log4jLoggerFactory.java:freemarker.log._Log4jLoggerFactory$Log4jLogger.debug(_Log4jLoggerFactory.java:45)) - TemplateLoader.findTemplateSource("Extent_en_US.ftl"): Not found
2021-6-26 18:5:553 9330 INFO  [TestNG-test=Lemonade Test Cases-5] (ExtentManager.java:com.att.lemonade.utilities.ExtentManager.getTestKey(ExtentManager.java:104)) - Key=26[{accountName=, firstName=, password=December@2029, svidName=, primaryCountry=, recordCount=, successMessage=Wireline, username=sr644a, responseTime=, SVID=, filterOnEmailAndPhone=Show Only Contacts with both Phone and Email, primaryState=, primaryCity=, primaryPhone=, lastName=, managementLevel=, description=FieldSearch, department=, globalSearch=, primaryZip=, subAcctId=, runmode=Y, title=}]
2021-6-26 18:5:553 9330 DEBUG [TestNG-test=Lemonade Test Cases-1] (_Log4jLoggerFactory.java:freemarker.log._Log4jLoggerFactory$Log4jLogger.debug(_Log4jLoggerFactory.java:45)) - TemplateLoader.findTemplateSource("Extent_en.ftl"): Not found
2021-6-26 18:5:554 9331 DEBUG [TestNG-test=Lemonade Test Cases-1] (_Log4jLoggerFactory.java:freemarker.log._Log4jLoggerFactory$Log4jLogger.debug(_Log4jLoggerFactory.java:45)) - TemplateLoader.findTemplateSource("Extent.ftl"): Found
2021-6-26 18:5:554 9331 DEBUG [TestNG-test=Lemonade Test Cases-1] (_Log4jLoggerFactory.java:freemarker.log._Log4jLoggerFactory$Log4jLogger.debug(_Log4jLoggerFactory.java:45)) - Loading template for "Extent.ftl"("en_US", UTF-8, parsed) from "jar:file:/C:/Users/SaranyaRamamoorthy/.m2/repository/com/relevantcodes/extentreports/2.41.2/extentreports-2.41.2.jar!/com/relevantcodes/extentreports/view/Extent.ftl"
2021-6-26 18:5:612 9389 DEBUG [TestNG-test=Lemonade Test Cases-6] (_Log4jLoggerFactory.java:freemarker.log._Log4jLoggerFactory$Log4jLogger.debug(_Log4jLoggerFactory.java:45)) - Couldn't find template in cache for "Extent.ftl"("en_US", UTF-8, parsed); will try to load it.
2021-6-26 18:5:614 9391 DEBUG [TestNG-test=Lemonade Test Cases-6] (_Log4jLoggerFactory.java:freemarker.log._Log4jLoggerFactory$Log4jLogger.debug(_Log4jLoggerFactory.java:45)) - TemplateLoader.findTemplateSource("Extent_en_US.ftl"): Not found
2021-6-26 18:5:621 9398 DEBUG [TestNG-test=Lemonade Test Cases-6] (_Log4jLoggerFactory.java:freemarker.log._Log4jLoggerFactory$Log4jLogger.debug(_Log4jLoggerFactory.java:45)) - TemplateLoader.findTemplateSource("Extent_en.ftl"): Not found
2021-6-26 18:5:622 9399 DEBUG [TestNG-test=Lemonade Test Cases-6] (_Log4jLoggerFactory.java:freemarker.log._Log4jLoggerFactory$Log4jLogger.debug(_Log4jLoggerFactory.java:45)) - TemplateLoader.findTemplateSource("Extent.ftl"): Found
2021-6-26 18:5:622 9399 DEBUG [TestNG-test=Lemonade Test Cases-6] (_Log4jLoggerFactory.java:freemarker.log._Log4jLoggerFactory$Log4jLogger.debug(_Log4jLoggerFactory.java:45)) - Loading template for "Extent.ftl"("en_US", UTF-8, parsed) from "jar:file:/C:/Users/SaranyaRamamoorthy/.m2/repository/com/relevantcodes/extentreports/2.41.2/extentreports-2.41.2.jar!/com/relevantcodes/extentreports/view/Extent.ftl"
2021-6-26 18:5:636 9413 INFO  [TestNG-test=Lemonade Test Cases-1] (ExtentManager.java:com.att.lemonade.utilities.ExtentManager.getTestKey(ExtentManager.java:104)) - Key=31[{accountName=, SICCode=, password=December@2020, ownerName=, svidName=, recordCount=No data found, priorYearTBRMaxValue=, SICDescription=, successMessage=Wireline, username=sr644a, nAICSDescription=, FNIndicator=, responseTime=No data found, SVID=U23923, primaryState=, percentageFiber=, primaryCity=, primaryPhone=, fiberEligible=, accountStatus=, nAICSCode=, description=Global search, globalSearch=, priorYearTBRMinValue=, primaryZip=, primaryStreet=, subAcctId=, runmode=Y, NoOfOpptys=}]
String valueN
]]></system-out>
  </testcase>
  <testcase name="TC08_Contacts_Admin_Flow" classname="com.att.lemonade.testcases.TC08_Contacts_Admin" time="0">
    <skipped message="Test Case[TC08_CONTACTS_ADMIN_FLOW:data-row-2]==&gt;is disabled"/>
  </testcase>
  <testcase name="TC08_Contacts_Admin_Flow" classname="com.att.lemonade.testcases.TC08_Contacts_Admin" time="0">
    <skipped message="Test Case[TC08_CONTACTS_ADMIN_FLOW:data-row-3]==&gt;is disabled"/>
    <system-out><![CDATA[2021-6-26 18:5:86 1863 INFO  [TestNG-test=Lemonade Test Cases-1] (ExtentManager.java:com.att.lemonade.utilities.ExtentManager.getTestKey(ExtentManager.java:104)) - Key=4[{accountName=, SICCode=, password=December@2019, ownerName=, svidName=, recordCount=400 records, priorYearTBRMaxValue=2.0, SICDescription=, successMessage=Wireline, username=sr644a, nAICSDescription=, FNIndicator=, responseTime=134 Milliseconds, SVID=, primaryState=, percentageFiber=, primaryCity=, primaryPhone=, fiberEligible=, accountStatus=, nAICSCode=, description=Global search, globalSearch=, priorYearTBRMinValue=, primaryZip=, primaryStreet=, subAcctId=, runmode=N, NoOfOpptys=}]
String valueN
]]></system-out>
  </testcase>
  <testcase name="TC08_Contacts_Admin_Flow" classname="com.att.lemonade.testcases.TC08_Contacts_Admin" time="0">
    <skipped message="Test Case[TC08_CONTACTS_ADMIN_FLOW:data-row-4]==&gt;is disabled"/>
    <system-out><![CDATA[2021-6-26 18:5:514 2291 INFO  [TestNG-test=Lemonade Test Cases-1] (ExtentManager.java:com.att.lemonade.utilities.ExtentManager.getTestKey(ExtentManager.java:104)) - Key=6[{accountName=, SICCode=, password=December@2019, ownerName=, svidName=, recordCount=400 records, priorYearTBRMaxValue=, SICDescription=, successMessage=Wireline, username=sr644a, nAICSDescription=, FNIndicator=, responseTime=981 Milliseconds, SVID=, primaryState=, percentageFiber=, primaryCity=, primaryPhone=, fiberEligible=, accountStatus=Active, nAICSCode=, description=Global search, globalSearch=, priorYearTBRMinValue=, primaryZip=, primaryStreet=, subAcctId=, runmode=N, NoOfOpptys=}]
2021-6-26 18:5:515 2292 DEBUG [TestNG-test=Lemonade Test Cases-1] (_Log4jLoggerFactory.java:freemarker.log._Log4jLoggerFactory$Log4jLogger.debug(_Log4jLoggerFactory.java:45)) - Couldn't find template in cache for "Extent.ftl"("en_US", UTF-8, parsed); will try to load it.
2021-6-26 18:5:516 2293 DEBUG [TestNG-test=Lemonade Test Cases-1] (_Log4jLoggerFactory.java:freemarker.log._Log4jLoggerFactory$Log4jLogger.debug(_Log4jLoggerFactory.java:45)) - TemplateLoader.findTemplateSource("Extent_en_US.ftl"): Not found
2021-6-26 18:5:517 2294 DEBUG [TestNG-test=Lemonade Test Cases-1] (_Log4jLoggerFactory.java:freemarker.log._Log4jLoggerFactory$Log4jLogger.debug(_Log4jLoggerFactory.java:45)) - TemplateLoader.findTemplateSource("Extent_en.ftl"): Not found
2021-6-26 18:5:519 2296 DEBUG [TestNG-test=Lemonade Test Cases-1] (_Log4jLoggerFactory.java:freemarker.log._Log4jLoggerFactory$Log4jLogger.debug(_Log4jLoggerFactory.java:45)) - TemplateLoader.findTemplateSource("Extent.ftl"): Found
2021-6-26 18:5:519 2296 DEBUG [TestNG-test=Lemonade Test Cases-1] (_Log4jLoggerFactory.java:freemarker.log._Log4jLoggerFactory$Log4jLogger.debug(_Log4jLoggerFactory.java:45)) - Loading template for "Extent.ftl"("en_US", UTF-8, parsed) from "jar:file:/C:/Users/SaranyaRamamoorthy/.m2/repository/com/relevantcodes/extentreports/2.41.2/extentreports-2.41.2.jar!/com/relevantcodes/extentreports/view/Extent.ftl"
String valueN
String valueN
]]></system-out>
  </testcase>
  <testcase name="TC08_Contacts_Admin_Flow" classname="com.att.lemonade.testcases.TC08_Contacts_Admin" time="0">
    <skipped message="Test Case[TC08_CONTACTS_ADMIN_FLOW:data-row-5]==&gt;is disabled"/>
    <system-out><![CDATA[String valueN
2021-6-26 18:5:892 2669 INFO  [TestNG-test=Lemonade Test Cases-5] (ExtentManager.java:com.att.lemonade.utilities.ExtentManager.getTestKey(ExtentManager.java:104)) - Key=5[{accountName=, firstName=, password=December@2020, svidName=OKLAHOMA STATE UNIV, primaryCountry=, recordCount=, successMessage=Wireline, username=sr644a, responseTime=, SVID=, filterOnEmailAndPhone=, primaryState=, primaryCity=, primaryPhone=, lastName=, managementLevel=, description=FieldSearch, department=, globalSearch=, primaryZip=, subAcctId=, runmode=Y, title=}]
]]></system-out>
  </testcase>
  <testcase name="TC08_Contacts_Admin_Flow" classname="com.att.lemonade.testcases.TC08_Contacts_Admin" time="0">
    <skipped message="Test Case[TC08_CONTACTS_ADMIN_FLOW:data-row-6]==&gt;is disabled"/>
    <system-out><![CDATA[2021-6-26 18:5:118 2895 INFO  [TestNG-test=Lemonade Test Cases-5] (ExtentManager.java:com.att.lemonade.utilities.ExtentManager.getTestKey(ExtentManager.java:104)) - Key=6[{accountName=, firstName=dale, password=December@2021, svidName=, primaryCountry=, recordCount=, successMessage=Wireline, username=sr644a, responseTime=, SVID=, filterOnEmailAndPhone=, primaryState=, primaryCity=, primaryPhone=, lastName=, managementLevel=, description=FieldSearch, department=, globalSearch=, primaryZip=, subAcctId=, runmode=Y, title=}]
String valueN
]]></system-out>
  </testcase>
  <testcase name="TC08_Contacts_Admin_Flow" classname="com.att.lemonade.testcases.TC08_Contacts_Admin" time="0">
    <skipped message="Test Case[TC08_CONTACTS_ADMIN_FLOW:data-row-7]==&gt;is disabled"/>
    <system-out><![CDATA[2021-6-26 18:5:397 3174 INFO  [TestNG-test=Lemonade Test Cases-1] (ExtentManager.java:com.att.lemonade.utilities.ExtentManager.getTestKey(ExtentManager.java:104)) - Key=9[{accountName=, SICCode=, password=December@2019, ownerName=, svidName=, recordCount=45 records, priorYearTBRMaxValue=, SICDescription=, successMessage=Wireline, username=sr644a, nAICSDescription=, FNIndicator=, responseTime=712 Milliseconds, SVID=, primaryState=, percentageFiber=, primaryCity=, primaryPhone=, fiberEligible=, accountStatus=, nAICSCode=, description=Global search, globalSearch=, priorYearTBRMinValue=, primaryZip=, primaryStreet=, subAcctId=, runmode=N, NoOfOpptys=2.0}]
2021-6-26 18:5:398 3175 DEBUG [TestNG-test=Lemonade Test Cases-1] (_Log4jLoggerFactory.java:freemarker.log._Log4jLoggerFactory$Log4jLogger.debug(_Log4jLoggerFactory.java:45)) - Couldn't find template in cache for "Extent.ftl"("en_US", UTF-8, parsed); will try to load it.
]]></system-out>
  </testcase>
  <testcase name="TC08_Contacts_Admin_Flow" classname="com.att.lemonade.testcases.TC08_Contacts_Admin" time="0">
    <skipped message="Test Case[TC08_CONTACTS_ADMIN_FLOW:data-row-8]==&gt;is disabled"/>
    <system-out><![CDATA[2021-6-26 18:5:883 3660 INFO  [TestNG-test=Lemonade Test Cases-1] (ExtentManager.java:com.att.lemonade.utilities.ExtentManager.getTestKey(ExtentManager.java:104)) - Key=10[{accountName=, SICCode=, password=December@2019, ownerName=, svidName=, recordCount=87 records, priorYearTBRMaxValue=, SICDescription=, successMessage=Wireline, username=sr644a, nAICSDescription=, FNIndicator=, responseTime=632 Milliseconds, SVID=, primaryState=, percentageFiber=, primaryCity=, primaryPhone=, fiberEligible=, accountStatus=, nAICSCode=, description=Global search, globalSearch=, priorYearTBRMinValue=, primaryZip=, primaryStreet=, subAcctId=, runmode=Y, NoOfOpptys=1.0}]
2021-6-26 18:5:884 3661 DEBUG [TestNG-test=Lemonade Test Cases-1] (_Log4jLoggerFactory.java:freemarker.log._Log4jLoggerFactory$Log4jLogger.debug(_Log4jLoggerFactory.java:45)) - Couldn't find template in cache for "Extent.ftl"("en_US", UTF-8, parsed); will try to load it.
2021-6-26 18:5:884 3661 DEBUG [TestNG-test=Lemonade Test Cases-1] (_Log4jLoggerFactory.java:freemarker.log._Log4jLoggerFactory$Log4jLogger.debug(_Log4jLoggerFactory.java:45)) - TemplateLoader.findTemplateSource("Extent_en_US.ftl"): Not found
String valueN
]]></system-out>
  </testcase>
  <testcase name="TC08_Contacts_Admin_Flow" classname="com.att.lemonade.testcases.TC08_Contacts_Admin" time="0">
    <skipped message="Test Case[TC08_CONTACTS_ADMIN_FLOW:data-row-9]==&gt;is disabled"/>
    <system-out><![CDATA[2021-6-26 18:5:143 3920 INFO  [TestNG-test=Lemonade Test Cases-1] (ExtentManager.java:com.att.lemonade.utilities.ExtentManager.getTestKey(ExtentManager.java:104)) - Key=11[{accountName=, SICCode=, password=December@2019, ownerName=, svidName=, recordCount=No data found, priorYearTBRMaxValue=, SICDescription=, successMessage=Wireline, username=sr644a, nAICSDescription=, FNIndicator=, responseTime=No data found, SVID=, primaryState=, percentageFiber=, primaryCity=, primaryPhone=, fiberEligible=, accountStatus=, nAICSCode=, description=Global search, globalSearch=, priorYearTBRMinValue=, primaryZip=, primaryStreet=, subAcctId=SEALL6, runmode=Y, NoOfOpptys=}]
2021-6-26 18:5:143 3920 DEBUG [TestNG-test=Lemonade Test Cases-1] (_Log4jLoggerFactory.java:freemarker.log._Log4jLoggerFactory$Log4jLogger.debug(_Log4jLoggerFactory.java:45)) - Couldn't find template in cache for "Extent.ftl"("en_US", UTF-8, parsed); will try to load it.
2021-6-26 18:5:144 3921 DEBUG [TestNG-test=Lemonade Test Cases-1] (_Log4jLoggerFactory.java:freemarker.log._Log4jLoggerFactory$Log4jLogger.debug(_Log4jLoggerFactory.java:45)) - TemplateLoader.findTemplateSource("Extent_en_US.ftl"): Not found
2021-6-26 18:5:145 3922 DEBUG [TestNG-test=Lemonade Test Cases-1] (_Log4jLoggerFactory.java:freemarker.log._Log4jLoggerFactory$Log4jLogger.debug(_Log4jLoggerFactory.java:45)) - TemplateLoader.findTemplateSource("Extent_en.ftl"): Not found
2021-6-26 18:5:146 3923 DEBUG [TestNG-test=Lemonade Test Cases-1] (_Log4jLoggerFactory.java:freemarker.log._Log4jLoggerFactory$Log4jLogger.debug(_Log4jLoggerFactory.java:45)) - TemplateLoader.findTemplateSource("Extent.ftl"): Found
2021-6-26 18:5:146 3923 DEBUG [TestNG-test=Lemonade Test Cases-1] (_Log4jLoggerFactory.java:freemarker.log._Log4jLoggerFactory$Log4jLogger.debug(_Log4jLoggerFactory.java:45)) - Loading template for "Extent.ftl"("en_US", UTF-8, parsed) from "jar:file:/C:/Users/SaranyaRamamoorthy/.m2/repository/com/relevantcodes/extentreports/2.41.2/extentreports-2.41.2.jar!/com/relevantcodes/extentreports/view/Extent.ftl"
String valueN
]]></system-out>
  </testcase>
  <testcase name="TC08_Contacts_Admin_Flow" classname="com.att.lemonade.testcases.TC08_Contacts_Admin" time="0">
    <skipped message="Test Case[TC08_CONTACTS_ADMIN_FLOW:data-row-10]==&gt;is disabled"/>
    <system-out><![CDATA[2021-6-26 18:5:458 4235 DEBUG [TestNG-test=Lemonade Test Cases-3] (_Log4jLoggerFactory.java:freemarker.log._Log4jLoggerFactory$Log4jLogger.debug(_Log4jLoggerFactory.java:45)) - Couldn't find template in cache for "Extent.ftl"("en_US", UTF-8, parsed); will try to load it.
2021-6-26 18:5:458 4235 INFO  [TestNG-test=Lemonade Test Cases-4] (ExtentManager.java:com.att.lemonade.utilities.ExtentManager.getTestKey(ExtentManager.java:104)) - Key=12[{attuid=SS8494, SICCode=, password=December@2019, ownerName=, svidName=CELESTICA, primaryCountry=, recordCount=1 records, priorYearTBRMaxValue=, successMessage=Wireline, SICDescription=, username=sr644a, nAICSDescription=, responseTime=343 Milliseconds, DomSubAcct=, SVID=, DUNSNumber=, primaryState=, primaryCity=, nAICSCode=, description=Field level Search ATTUID and svid name, globalSearch=, priorYearTBRMinValue=, runmode=Y}]
2021-6-26 18:5:459 4236 DEBUG [TestNG-test=Lemonade Test Cases-3] (_Log4jLoggerFactory.java:freemarker.log._Log4jLoggerFactory$Log4jLogger.debug(_Log4jLoggerFactory.java:45)) - TemplateLoader.findTemplateSource("Extent_en_US.ftl"): Not found
2021-6-26 18:5:458 4235 INFO  [TestNG-test=Lemonade Test Cases-1] (ExtentManager.java:com.att.lemonade.utilities.ExtentManager.getTestKey(ExtentManager.java:104)) - Key=12[{accountName=, SICCode=, password=December@2019, ownerName=, svidName=, recordCount=33 records, priorYearTBRMaxValue=, SICDescription=, successMessage=Wireline, username=sr644a, nAICSDescription=, FNIndicator=, responseTime=442 Milliseconds, SVID=, primaryState=, percentageFiber=, primaryCity=Memphis, primaryPhone=, fiberEligible=, accountStatus=, nAICSCode=, description=Global search, globalSearch=, priorYearTBRMinValue=, primaryZip=, primaryStreet=, subAcctId=, runmode=Y, NoOfOpptys=}]
2021-6-26 18:5:461 4238 DEBUG [TestNG-test=Lemonade Test Cases-3] (_Log4jLoggerFactory.java:freemarker.log._Log4jLoggerFactory$Log4jLogger.debug(_Log4jLoggerFactory.java:45)) - TemplateLoader.findTemplateSource("Extent_en.ftl"): Not found
2021-6-26 18:5:462 4239 DEBUG [TestNG-test=Lemonade Test Cases-3] (_Log4jLoggerFactory.java:freemarker.log._Log4jLoggerFactory$Log4jLogger.debug(_Log4jLoggerFactory.java:45)) - TemplateLoader.findTemplateSource("Extent.ftl"): Found
2021-6-26 18:5:462 4239 DEBUG [TestNG-test=Lemonade Test Cases-3] (_Log4jLoggerFactory.java:freemarker.log._Log4jLoggerFactory$Log4jLogger.debug(_Log4jLoggerFactory.java:45)) - Loading template for "Extent.ftl"("en_US", UTF-8, parsed) from "jar:file:/C:/Users/SaranyaRamamoorthy/.m2/repository/com/relevantcodes/extentreports/2.41.2/extentreports-2.41.2.jar!/com/relevantcodes/extentreports/view/Extent.ftl"
2021-6-26 18:5:464 4241 INFO  [TestNG-test=Lemonade Test Cases-5] (ExtentManager.java:com.att.lemonade.utilities.ExtentManager.getTestKey(ExtentManager.java:104)) - Key=10[{accountName=, firstName=, password=December@2025, svidName=, primaryCountry=, recordCount=, successMessage=Wireline, username=sr644a, responseTime=, SVID=, filterOnEmailAndPhone=, primaryState=, primaryCity=, primaryPhone=, lastName=, managementLevel=, description=FieldSearch, department=EDUCATION, globalSearch=, primaryZip=, subAcctId=, runmode=Y, title=}]
String valueN
String valueN
]]></system-out>
  </testcase>
  <testcase name="TC08_Contacts_Admin_Flow" classname="com.att.lemonade.testcases.TC08_Contacts_Admin" time="0">
    <skipped message="Test Case[TC08_CONTACTS_ADMIN_FLOW:data-row-11]==&gt;is disabled"/>
    <system-out><![CDATA[2021-6-26 18:5:894 4671 INFO  [TestNG-test=Lemonade Test Cases-5] (ExtentManager.java:com.att.lemonade.utilities.ExtentManager.getTestKey(ExtentManager.java:104)) - Key=11[{accountName=, firstName=, password=December@2026, svidName=, primaryCountry=, recordCount=, successMessage=Wireline, username=sr644a, responseTime=, SVID=, filterOnEmailAndPhone=, primaryState=, primaryCity=, primaryPhone=, lastName=, managementLevel=c level, description=FieldSearch, department=, globalSearch=, primaryZip=, subAcctId=, runmode=Y, title=}]
2021-6-26 18:5:893 4670 INFO  [TestNG-test=Lemonade Test Cases-1] (ExtentManager.java:com.att.lemonade.utilities.ExtentManager.getTestKey(ExtentManager.java:104)) - Key=13[{accountName=JPMORGAN CHASE BANK NA, SICCode=, password=December@2019, ownerName=, svidName=, recordCount=No data found, priorYearTBRMaxValue=, SICDescription=, successMessage=Wireline, username=sr644a, nAICSDescription=, FNIndicator=, responseTime=No data found, SVID=, primaryState=, percentageFiber=, primaryCity=, primaryPhone=, fiberEligible=, accountStatus=, nAICSCode=, description=Global search, globalSearch=, priorYearTBRMinValue=, primaryZip=, primaryStreet=, subAcctId=, runmode=Y, NoOfOpptys=}]
2021-6-26 18:5:893 4670 DEBUG [TestNG-test=Lemonade Test Cases-4] (_Log4jLoggerFactory.java:freemarker.log._Log4jLoggerFactory$Log4jLogger.debug(_Log4jLoggerFactory.java:45)) - Couldn't find template in cache for "Extent.ftl"("en_US", UTF-8, parsed); will try to load it.
2021-6-26 18:5:903 4680 DEBUG [TestNG-test=Lemonade Test Cases-4] (_Log4jLoggerFactory.java:freemarker.log._Log4jLoggerFactory$Log4jLogger.debug(_Log4jLoggerFactory.java:45)) - TemplateLoader.findTemplateSource("Extent_en_US.ftl"): Not found
2021-6-26 18:5:904 4681 DEBUG [TestNG-test=Lemonade Test Cases-4] (_Log4jLoggerFactory.java:freemarker.log._Log4jLoggerFactory$Log4jLogger.debug(_Log4jLoggerFactory.java:45)) - TemplateLoader.findTemplateSource("Extent_en.ftl"): Not found
2021-6-26 18:5:905 4682 DEBUG [TestNG-test=Lemonade Test Cases-4] (_Log4jLoggerFactory.java:freemarker.log._Log4jLoggerFactory$Log4jLogger.debug(_Log4jLoggerFactory.java:45)) - TemplateLoader.findTemplateSource("Extent.ftl"): Found
2021-6-26 18:5:905 4682 DEBUG [TestNG-test=Lemonade Test Cases-4] (_Log4jLoggerFactory.java:freemarker.log._Log4jLoggerFactory$Log4jLogger.debug(_Log4jLoggerFactory.java:45)) - Loading template for "Extent.ftl"("en_US", UTF-8, parsed) from "jar:file:/C:/Users/SaranyaRamamoorthy/.m2/repository/com/relevantcodes/extentreports/2.41.2/extentreports-2.41.2.jar!/com/relevantcodes/extentreports/view/Extent.ftl"
String valueN
]]></system-out>
    <system-err><![CDATA[*** You are running in headless mode.
]]></system-err>
  </testcase>
  <testcase name="TC08_Contacts_Admin_Flow" classname="com.att.lemonade.testcases.TC08_Contacts_Admin" time="0">
    <skipped message="Test Case[TC08_CONTACTS_ADMIN_FLOW:data-row-12]==&gt;is disabled"/>
    <system-out><![CDATA[2021-6-26 18:5:441 5218 INFO  [TestNG-test=Lemonade Test Cases-3] (ExtentManager.java:com.att.lemonade.utilities.ExtentManager.getTestKey(ExtentManager.java:104)) - Key=14[{attuid=SS8494, accountName=, SICCode=, password=December@2019, ownerName=, svidName=, recordCount=400 records, priorYearTBRMaxValue=, SICDescription=Depository Institutions, successMessage=Wireline, username=sr644a, nAICSDescription=, FNIndicator=, responseTime=515 MilliSeconds, SVID=, primaryState=, percentageFiber=, primaryCity=, primaryPhone=, fiberEligible=, accountStatus=, nAICSCode=, description=Global search, globalSearch=, priorYearTBRMinValue=, primaryZip=, primaryStreet=, subAcctId=, runmode=Y, NoOfOpptys=}]
String valueN
]]></system-out>
  </testcase>
  <testcase name="TC08_Contacts_Admin_Flow" classname="com.att.lemonade.testcases.TC08_Contacts_Admin" time="0">
    <skipped message="Test Case[TC08_CONTACTS_ADMIN_FLOW:data-row-13]==&gt;is disabled"/>
    <system-out><![CDATA[2021-6-26 18:5:848 5625 INFO  [TestNG-test=Lemonade Test Cases-1] (ExtentManager.java:com.att.lemonade.utilities.ExtentManager.getTestKey(ExtentManager.java:104)) - Key=16[{accountName=, SICCode=, password=December@2019, ownerName=, svidName=, recordCount=25 records, priorYearTBRMaxValue=, SICDescription=, successMessage=Wireline, username=sr644a, nAICSDescription=, FNIndicator=, responseTime=511 Milliseconds, SVID=, primaryState=MS, percentageFiber=, primaryCity=, primaryPhone=, fiberEligible=, accountStatus=, nAICSCode=, description=Global search, globalSearch=, priorYearTBRMinValue=, primaryZip=, primaryStreet=, subAcctId=, runmode=Y, NoOfOpptys=}]
String valueN
]]></system-out>
  </testcase>
  <testcase name="TC08_Contacts_Admin_Flow" classname="com.att.lemonade.testcases.TC08_Contacts_Admin" time="0">
    <skipped message="Test Case[TC08_CONTACTS_ADMIN_FLOW:data-row-14]==&gt;is disabled"/>
    <system-out><![CDATA[String valueN
2021-6-26 18:5:226 6003 INFO  [TestNG-test=Lemonade Test Cases-1] (ExtentManager.java:com.att.lemonade.utilities.ExtentManager.getTestKey(ExtentManager.java:104)) - Key=18[{accountName=, SICCode=, password=December@2019, ownerName=, svidName=, recordCount=134 records, priorYearTBRMaxValue=, SICDescription=, successMessage=Wireline, username=sr644a, nAICSDescription=, FNIndicator=, responseTime=571 Milliseconds, SVID=, primaryState=PA, percentageFiber=, primaryCity=, primaryPhone=, fiberEligible=, accountStatus=, nAICSCode=, description=Global search, globalSearch=, priorYearTBRMinValue=, primaryZip=, primaryStreet=, subAcctId=, runmode=Y, NoOfOpptys=}]
]]></system-out>
  </testcase>
  <testcase name="TC08_Contacts_Admin_Flow" classname="com.att.lemonade.testcases.TC08_Contacts_Admin" time="0">
    <skipped message="Test Case[TC08_CONTACTS_ADMIN_FLOW:data-row-15]==&gt;is disabled"/>
    <system-out><![CDATA[2021-6-26 18:5:674 6451 INFO  [TestNG-test=Lemonade Test Cases-1] (ExtentManager.java:com.att.lemonade.utilities.ExtentManager.getTestKey(ExtentManager.java:104)) - Key=20[{accountName=, SICCode=6221.0, password=December@2019, ownerName=, svidName=, recordCount=No data found, priorYearTBRMaxValue=, SICDescription=, successMessage=Wireline, username=sr644a, nAICSDescription=, FNIndicator=, responseTime=No data found, SVID=, primaryState=, percentageFiber=, primaryCity=, primaryPhone=, fiberEligible=, accountStatus=, nAICSCode=, description=Global search, globalSearch=, priorYearTBRMinValue=, primaryZip=, primaryStreet=, subAcctId=, runmode=Y, NoOfOpptys=}]
2021-6-26 18:5:675 6452 DEBUG [TestNG-test=Lemonade Test Cases-1] (_Log4jLoggerFactory.java:freemarker.log._Log4jLoggerFactory$Log4jLogger.debug(_Log4jLoggerFactory.java:45)) - Couldn't find template in cache for "Extent.ftl"("en_US", UTF-8, parsed); will try to load it.
2021-6-26 18:5:675 6452 DEBUG [TestNG-test=Lemonade Test Cases-1] (_Log4jLoggerFactory.java:freemarker.log._Log4jLoggerFactory$Log4jLogger.debug(_Log4jLoggerFactory.java:45)) - TemplateLoader.findTemplateSource("Extent_en_US.ftl"): Not found
2021-6-26 18:5:676 6453 DEBUG [TestNG-test=Lemonade Test Cases-1] (_Log4jLoggerFactory.java:freemarker.log._Log4jLoggerFactory$Log4jLogger.debug(_Log4jLoggerFactory.java:45)) - TemplateLoader.findTemplateSource("Extent_en.ftl"): Not found
2021-6-26 18:5:677 6454 DEBUG [TestNG-test=Lemonade Test Cases-1] (_Log4jLoggerFactory.java:freemarker.log._Log4jLoggerFactory$Log4jLogger.debug(_Log4jLoggerFactory.java:45)) - TemplateLoader.findTemplateSource("Extent.ftl"): Found
2021-6-26 18:5:677 6454 DEBUG [TestNG-test=Lemonade Test Cases-1] (_Log4jLoggerFactory.java:freemarker.log._Log4jLoggerFactory$Log4jLogger.debug(_Log4jLoggerFactory.java:45)) - Loading template for "Extent.ftl"("en_US", UTF-8, parsed) from "jar:file:/C:/Users/SaranyaRamamoorthy/.m2/repository/com/relevantcodes/extentreports/2.41.2/extentreports-2.41.2.jar!/com/relevantcodes/extentreports/view/Extent.ftl"
String valueN
]]></system-out>
  </testcase>
  <testcase name="TC08_Contacts_Admin_Flow" classname="com.att.lemonade.testcases.TC08_Contacts_Admin" time="0">
    <skipped message="Test Case[TC08_CONTACTS_ADMIN_FLOW:data-row-16]==&gt;is disabled"/>
    <system-out><![CDATA[2021-6-26 18:5:869 6646 INFO  [TestNG-test=Lemonade Test Cases-1] (ExtentManager.java:com.att.lemonade.utilities.ExtentManager.getTestKey(ExtentManager.java:104)) - Key=21[{accountName=, SICCode=, password=December@2019, ownerName=, svidName=, recordCount=4 records, priorYearTBRMaxValue=, SICDescription=Retail, successMessage=Wireline, username=sr644a, nAICSDescription=, FNIndicator=, responseTime=401 Milliseconds, SVID=, primaryState=, percentageFiber=, primaryCity=, primaryPhone=, fiberEligible=, accountStatus=, nAICSCode=, description=Global search, globalSearch=, priorYearTBRMinValue=, primaryZip=, primaryStreet=, subAcctId=, runmode=Y, NoOfOpptys=}]
String valueN
2021-6-26 18:5:870 6647 DEBUG [TestNG-test=Lemonade Test Cases-5] (_Log4jLoggerFactory.java:freemarker.log._Log4jLoggerFactory$Log4jLogger.debug(_Log4jLoggerFactory.java:45)) - Couldn't find template in cache for "Extent.ftl"("en_US", UTF-8, parsed); will try to load it.
2021-6-26 18:5:872 6649 DEBUG [TestNG-test=Lemonade Test Cases-5] (_Log4jLoggerFactory.java:freemarker.log._Log4jLoggerFactory$Log4jLogger.debug(_Log4jLoggerFactory.java:45)) - TemplateLoader.findTemplateSource("Extent_en_US.ftl"): Not found
]]></system-out>
  </testcase>
  <testcase name="TC08_Contacts_Admin_Flow" classname="com.att.lemonade.testcases.TC08_Contacts_Admin" time="0">
    <skipped message="Test Case[TC08_CONTACTS_ADMIN_FLOW:data-row-17]==&gt;is disabled"/>
    <system-out><![CDATA[2021-6-26 18:5:241 7018 DEBUG [TestNG-test=Lemonade Test Cases-1] (_Log4jLoggerFactory.java:freemarker.log._Log4jLoggerFactory$Log4jLogger.debug(_Log4jLoggerFactory.java:45)) - Couldn't find template in cache for "Extent.ftl"("en_US", UTF-8, parsed); will try to load it.
]]></system-out>
  </testcase>
  <testcase name="TC08_Contacts_Admin_Flow" classname="com.att.lemonade.testcases.TC08_Contacts_Admin" time="0">
    <skipped message="Test Case[TC08_CONTACTS_ADMIN_FLOW:data-row-18]==&gt;is disabled"/>
    <system-out><![CDATA[2021-6-26 18:5:556 7333 DEBUG [TestNG-test=Lemonade Test Cases-1] (_Log4jLoggerFactory.java:freemarker.log._Log4jLoggerFactory$Log4jLogger.debug(_Log4jLoggerFactory.java:45)) - Couldn't find template in cache for "Extent.ftl"("en_US", UTF-8, parsed); will try to load it.
2021-6-26 18:5:556 7333 INFO  [TestNG-test=Lemonade Test Cases-4] (ExtentManager.java:com.att.lemonade.utilities.ExtentManager.getTestKey(ExtentManager.java:104)) - Key=21[{attuid=, SICCode=, password=December@2019, ownerName=, svidName=, primaryCountry=, recordCount=1 records, priorYearTBRMaxValue=, successMessage=Wireline, SICDescription=, username=sr644a, nAICSDescription=, responseTime=247 Milliseconds, DomSubAcct=, SVID=, DUNSNumber=8.09746415E8, primaryState=, primaryCity=, nAICSCode=, description=Field level Search with Duns, globalSearch=, priorYearTBRMinValue=, runmode=Y}]
2021-6-26 18:5:556 7333 INFO  [TestNG-test=Lemonade Test Cases-3] (ExtentManager.java:com.att.lemonade.utilities.ExtentManager.getTestKey(ExtentManager.java:104)) - Key=21[{attuid=GR4568, accountName=, SICCode=, password=December@2019, ownerName=, svidName=, recordCount=No data found, priorYearTBRMaxValue=, SICDescription=, successMessage=Wireline, username=sr644a, nAICSDescription=, FNIndicator=, responseTime=No data found, SVID=, primaryState=, percentageFiber=, primaryCity=, primaryPhone=, fiberEligible=, accountStatus=, nAICSCode=, description=Global search, globalSearch=, priorYearTBRMinValue=, primaryZip=7.73403513E8, primaryStreet=, subAcctId=, runmode=Y, NoOfOpptys=}]
2021-6-26 18:5:556 7333 DEBUG [TestNG-test=Lemonade Test Cases-1] (_Log4jLoggerFactory.java:freemarker.log._Log4jLoggerFactory$Log4jLogger.debug(_Log4jLoggerFactory.java:45)) - TemplateLoader.findTemplateSource("Extent_en_US.ftl"): Not found
2021-6-26 18:5:557 7334 DEBUG [TestNG-test=Lemonade Test Cases-1] (_Log4jLoggerFactory.java:freemarker.log._Log4jLoggerFactory$Log4jLogger.debug(_Log4jLoggerFactory.java:45)) - TemplateLoader.findTemplateSource("Extent_en.ftl"): Not found
2021-6-26 18:5:558 7335 INFO  [TestNG-test=Lemonade Test Cases-5] (ExtentManager.java:com.att.lemonade.utilities.ExtentManager.getTestKey(ExtentManager.java:104)) - Key=19[{accountName=, firstName=, password=December@2029, svidName=, primaryCountry=, recordCount=, successMessage=Wireline, username=sr644a, responseTime=, SVID=, filterOnEmailAndPhone=, primaryState=, primaryCity=, primaryPhone=, lastName=, managementLevel=, description=FieldSearch, department=, globalSearch=CA, primaryZip=, subAcctId=, runmode=Y, title=}]
2021-6-26 18:5:558 7335 DEBUG [TestNG-test=Lemonade Test Cases-1] (_Log4jLoggerFactory.java:freemarker.log._Log4jLoggerFactory$Log4jLogger.debug(_Log4jLoggerFactory.java:45)) - TemplateLoader.findTemplateSource("Extent.ftl"): Found
2021-6-26 18:5:558 7335 DEBUG [TestNG-test=Lemonade Test Cases-1] (_Log4jLoggerFactory.java:freemarker.log._Log4jLoggerFactory$Log4jLogger.debug(_Log4jLoggerFactory.java:45)) - Loading template for "Extent.ftl"("en_US", UTF-8, parsed) from "jar:file:/C:/Users/SaranyaRamamoorthy/.m2/repository/com/relevantcodes/extentreports/2.41.2/extentreports-2.41.2.jar!/com/relevantcodes/extentreports/view/Extent.ftl"
String valueN
]]></system-out>
  </testcase>
  <testcase name="TC08_Contacts_Admin_Flow" classname="com.att.lemonade.testcases.TC08_Contacts_Admin" time="0">
    <skipped message="Test Case[TC08_CONTACTS_ADMIN_FLOW:data-row-19]==&gt;is disabled"/>
    <system-out><![CDATA[2021-6-26 18:5:965 7742 INFO  [TestNG-test=Lemonade Test Cases-5] (ExtentManager.java:com.att.lemonade.utilities.ExtentManager.getTestKey(ExtentManager.java:104)) - Key=20[{accountName=, firstName=, password=December@2029, svidName=, primaryCountry=, recordCount=, successMessage=Wireline, username=sr644a, responseTime=, SVID=, filterOnEmailAndPhone=, primaryState=, primaryCity=Indianapolis, primaryPhone=, lastName=, managementLevel=, description=FieldSearch, department=, globalSearch=, primaryZip=, subAcctId=, runmode=Y, title=}]
2021-6-26 18:5:965 7742 DEBUG [TestNG-test=Lemonade Test Cases-1] (_Log4jLoggerFactory.java:freemarker.log._Log4jLoggerFactory$Log4jLogger.debug(_Log4jLoggerFactory.java:45)) - TemplateLoader.findTemplateSource("Extent_en_US.ftl"): Not found
2021-6-26 18:5:966 7743 INFO  [TestNG-test=Lemonade Test Cases-4] (ExtentManager.java:com.att.lemonade.utilities.ExtentManager.getTestKey(ExtentManager.java:104)) - Key=22[{attuid=AC1083, SICCode=, password=December@2019, ownerName=, svidName=, primaryCountry=, recordCount=No data found, priorYearTBRMaxValue=9999999.0, successMessage=Wireline, SICDescription=, username=sr644a, nAICSDescription=, responseTime=No data found, DomSubAcct=, SVID=, DUNSNumber=, primaryState=, primaryCity=, nAICSCode=, description=Field level Search with Attuid &Duns, globalSearch=, priorYearTBRMinValue=100.0, runmode=Y}]
2021-6-26 18:5:967 7744 DEBUG [TestNG-test=Lemonade Test Cases-1] (_Log4jLoggerFactory.java:freemarker.log._Log4jLoggerFactory$Log4jLogger.debug(_Log4jLoggerFactory.java:45)) - TemplateLoader.findTemplateSource("Extent_en.ftl"): Not found
2021-6-26 18:5:968 7745 DEBUG [TestNG-test=Lemonade Test Cases-1] (_Log4jLoggerFactory.java:freemarker.log._Log4jLoggerFactory$Log4jLogger.debug(_Log4jLoggerFactory.java:45)) - TemplateLoader.findTemplateSource("Extent.ftl"): Found
2021-6-26 18:5:969 7746 DEBUG [TestNG-test=Lemonade Test Cases-1] (_Log4jLoggerFactory.java:freemarker.log._Log4jLoggerFactory$Log4jLogger.debug(_Log4jLoggerFactory.java:45)) - Loading template for "Extent.ftl"("en_US", UTF-8, parsed) from "jar:file:/C:/Users/SaranyaRamamoorthy/.m2/repository/com/relevantcodes/extentreports/2.41.2/extentreports-2.41.2.jar!/com/relevantcodes/extentreports/view/Extent.ftl"
2021-6-26 18:5:970 7747 INFO  [TestNG-test=Lemonade Test Cases-6] (ExtentManager.java:com.att.lemonade.utilities.ExtentManager.getTestKey(ExtentManager.java:104)) - Key=19[{attuid=, accountName=, firstName=, password=December@2033, svidName=VALLEY VIEW SCHOOL DISTRICT 35_MT, primaryCountry=, recordCount=2 records, columnDisplayVisible=, successMessage=Wireline, username=sr644a, responseTime=298 Milliseconds, filterOnEmailAndPhone=, SVID=, primaryState=, primaryCity=, primaryPhone=, lastName=, managementLevel=, description=FieldSearch, department=, globalSearch=, primaryZip=, subAcctId=, runmode=Y, title=}]
String valueN
]]></system-out>
  </testcase>
  <testcase name="TC08_Contacts_Admin_Flow" classname="com.att.lemonade.testcases.TC08_Contacts_Admin" time="0">
    <skipped message="Test Case[TC08_CONTACTS_ADMIN_FLOW:data-row-20]==&gt;is disabled"/>
  </testcase>
  <testcase name="TC08_Contacts_Admin_Flow" classname="com.att.lemonade.testcases.TC08_Contacts_Admin" time="0">
    <skipped message="Test Case[TC08_CONTACTS_ADMIN_FLOW:data-row-21]==&gt;is disabled"/>
    <system-out><![CDATA[2021-6-26 18:5:841 8618 INFO  [TestNG-test=Lemonade Test Cases-1] (ExtentManager.java:com.att.lemonade.utilities.ExtentManager.getTestKey(ExtentManager.java:104)) - Key=28[{accountName=, SICCode=, password=December@2019, ownerName=, svidName=, recordCount=190 records, priorYearTBRMaxValue=, SICDescription=, successMessage=Wireline, username=sr644a, nAICSDescription=, FNIndicator=, responseTime=458 Milliseconds, SVID=, primaryState=, percentageFiber=, primaryCity=, primaryPhone=, fiberEligible=, accountStatus=, nAICSCode=, description=Global search, globalSearch=Credit, priorYearTBRMinValue=, primaryZip=, primaryStreet=, subAcctId=, runmode=Y, NoOfOpptys=}]
]]></system-out>
  </testcase>
  <testcase name="TC08_Contacts_Admin_Flow" classname="com.att.lemonade.testcases.TC08_Contacts_Admin" time="0">
    <skipped message="Test Case[TC08_CONTACTS_ADMIN_FLOW:data-row-22]==&gt;is disabled"/>
    <system-out><![CDATA[String valueN
2021-6-26 18:5:137 8914 INFO  [TestNG-test=Lemonade Test Cases-5] (ExtentManager.java:com.att.lemonade.utilities.ExtentManager.getTestKey(ExtentManager.java:104)) - Key=24[{accountName=, firstName=, password=December@2029, svidName=, primaryCountry=, recordCount=, successMessage=Wireline, username=sr644a, responseTime=, SVID=, filterOnEmailAndPhone=Show Only Contacts with Phone, primaryState=, primaryCity=, primaryPhone=, lastName=, managementLevel=, description=FieldSearch, department=, globalSearch=, primaryZip=, subAcctId=, runmode=Y, title=}]
]]></system-out>
  </testcase>
  <testcase name="TC08_Contacts_Admin_Flow" classname="com.att.lemonade.testcases.TC08_Contacts_Admin" time="0">
    <skipped message="Test Case[TC08_CONTACTS_ADMIN_FLOW:data-row-23]==&gt;is disabled"/>
  </testcase>
  <testcase name="TC08_Contacts_Admin_Flow" classname="com.att.lemonade.testcases.TC08_Contacts_Admin" time="0">
    <skipped message="Test Case[TC08_CONTACTS_ADMIN_FLOW:data-row-24]==&gt;is disabled"/>
    <system-out><![CDATA[2021-6-26 18:5:670 9447 INFO  [TestNG-test=Lemonade Test Cases-5] (ExtentManager.java:com.att.lemonade.utilities.ExtentManager.getTestKey(ExtentManager.java:104)) - Key=26[{accountName=, firstName=, password=December@2029, svidName=, primaryCountry=, recordCount=, successMessage=Wireline, username=sr644a, responseTime=, SVID=, filterOnEmailAndPhone=Show Only Contacts with both Phone and Email, primaryState=, primaryCity=, primaryPhone=, lastName=, managementLevel=, description=FieldSearch, department=, globalSearch=, primaryZip=, subAcctId=, runmode=Y, title=}]
2021-6-26 18:5:670 9447 DEBUG [TestNG-test=Lemonade Test Cases-5] (_Log4jLoggerFactory.java:freemarker.log._Log4jLoggerFactory$Log4jLogger.debug(_Log4jLoggerFactory.java:45)) - Couldn't find template in cache for "Extent.ftl"("en_US", UTF-8, parsed); will try to load it.
2021-6-26 18:5:671 9448 DEBUG [TestNG-test=Lemonade Test Cases-5] (_Log4jLoggerFactory.java:freemarker.log._Log4jLoggerFactory$Log4jLogger.debug(_Log4jLoggerFactory.java:45)) - TemplateLoader.findTemplateSource("Extent_en_US.ftl"): Not found
2021-6-26 18:5:671 9448 DEBUG [TestNG-test=Lemonade Test Cases-5] (_Log4jLoggerFactory.java:freemarker.log._Log4jLoggerFactory$Log4jLogger.debug(_Log4jLoggerFactory.java:45)) - TemplateLoader.findTemplateSource("Extent_en.ftl"): Not found
2021-6-26 18:5:672 9449 DEBUG [TestNG-test=Lemonade Test Cases-5] (_Log4jLoggerFactory.java:freemarker.log._Log4jLoggerFactory$Log4jLogger.debug(_Log4jLoggerFactory.java:45)) - TemplateLoader.findTemplateSource("Extent.ftl"): Found
2021-6-26 18:5:673 9450 DEBUG [TestNG-test=Lemonade Test Cases-5] (_Log4jLoggerFactory.java:freemarker.log._Log4jLoggerFactory$Log4jLogger.debug(_Log4jLoggerFactory.java:45)) - Loading template for "Extent.ftl"("en_US", UTF-8, parsed) from "jar:file:/C:/Users/SaranyaRamamoorthy/.m2/repository/com/relevantcodes/extentreports/2.41.2/extentreports-2.41.2.jar!/com/relevantcodes/extentreports/view/Extent.ftl"
2021-6-26 18:5:691 9468 INFO  [TestNG-test=Lemonade Test Cases-6] (ExtentManager.java:com.att.lemonade.utilities.ExtentManager.getTestKey(ExtentManager.java:104)) - Key=24[{attuid=, accountName=, firstName=, password=December@2038, svidName=, primaryCountry=, recordCount=400 records, columnDisplayVisible=, successMessage=Wireline, username=sr644a, responseTime=558 Milliseconds, filterOnEmailAndPhone=, SVID=, primaryState=, primaryCity=, primaryPhone=, lastName=, managementLevel=, description=FieldSearch, department=IT & IS, globalSearch=, primaryZip=, subAcctId=, runmode=Y, title=}]
2021-6-26 18:5:725 9502 DEBUG [TestNG-test=Lemonade Test Cases-4] (_Log4jLoggerFactory.java:freemarker.log._Log4jLoggerFactory$Log4jLogger.debug(_Log4jLoggerFactory.java:45)) - Couldn't find template in cache for "Extent.ftl"("en_US", UTF-8, parsed); will try to load it.
2021-6-26 18:5:725 9502 DEBUG [TestNG-test=Lemonade Test Cases-4] (_Log4jLoggerFactory.java:freemarker.log._Log4jLoggerFactory$Log4jLogger.debug(_Log4jLoggerFactory.java:45)) - TemplateLoader.findTemplateSource("Extent_en_US.ftl"): Not found
2021-6-26 18:5:726 9503 DEBUG [TestNG-test=Lemonade Test Cases-4] (_Log4jLoggerFactory.java:freemarker.log._Log4jLoggerFactory$Log4jLogger.debug(_Log4jLoggerFactory.java:45)) - TemplateLoader.findTemplateSource("Extent_en.ftl"): Not found
2021-6-26 18:5:727 9504 DEBUG [TestNG-test=Lemonade Test Cases-4] (_Log4jLoggerFactory.java:freemarker.log._Log4jLoggerFactory$Log4jLogger.debug(_Log4jLoggerFactory.java:45)) - TemplateLoader.findTemplateSource("Extent.ftl"): Found
2021-6-26 18:5:727 9504 DEBUG [TestNG-test=Lemonade Test Cases-4] (_Log4jLoggerFactory.java:freemarker.log._Log4jLoggerFactory$Log4jLogger.debug(_Log4jLoggerFactory.java:45)) - Loading template for "Extent.ftl"("en_US", UTF-8, parsed) from "jar:file:/C:/Users/SaranyaRamamoorthy/.m2/repository/com/relevantcodes/extentreports/2.41.2/extentreports-2.41.2.jar!/com/relevantcodes/extentreports/view/Extent.ftl"
String valueN
]]></system-out>
  </testcase>
  <testcase name="TC08_Contacts_Admin_Flow" classname="com.att.lemonade.testcases.TC08_Contacts_Admin" time="0">
    <skipped message="Test Case[TC08_CONTACTS_ADMIN_FLOW:data-row-25]==&gt;is disabled"/>
    <system-out><![CDATA[2021-6-26 18:5:856 9633 DEBUG [TestNG-test=Lemonade Test Cases-1] (_Log4jLoggerFactory.java:freemarker.log._Log4jLoggerFactory$Log4jLogger.debug(_Log4jLoggerFactory.java:45)) - TemplateLoader.findTemplateSource("Extent_en_US.ftl"): Not found
2021-6-26 18:5:856 9633 INFO  [TestNG-test=Lemonade Test Cases-4] (ExtentManager.java:com.att.lemonade.utilities.ExtentManager.getTestKey(ExtentManager.java:104)) - Key=30[{attuid=HR3919, SICCode=, password=December@2019, ownerName=HOWARD RICE, svidName=, primaryCountry=, recordCount=No data found, priorYearTBRMaxValue=, successMessage=Wireline, SICDescription=, username=sr644a, nAICSDescription=, responseTime=No data found, DomSubAcct=, SVID=, DUNSNumber=, primaryState=, primaryCity=, nAICSCode=, description=Field level Search with Attuid &Owner Name, globalSearch=, priorYearTBRMinValue=, runmode=Y}]
2021-6-26 18:5:857 9634 DEBUG [TestNG-test=Lemonade Test Cases-1] (_Log4jLoggerFactory.java:freemarker.log._Log4jLoggerFactory$Log4jLogger.debug(_Log4jLoggerFactory.java:45)) - TemplateLoader.findTemplateSource("Extent_en.ftl"): Not found
2021-6-26 18:5:858 9635 DEBUG [TestNG-test=Lemonade Test Cases-1] (_Log4jLoggerFactory.java:freemarker.log._Log4jLoggerFactory$Log4jLogger.debug(_Log4jLoggerFactory.java:45)) - TemplateLoader.findTemplateSource("Extent.ftl"): Found
2021-6-26 18:5:859 9636 DEBUG [TestNG-test=Lemonade Test Cases-1] (_Log4jLoggerFactory.java:freemarker.log._Log4jLoggerFactory$Log4jLogger.debug(_Log4jLoggerFactory.java:45)) - Loading template for "Extent.ftl"("en_US", UTF-8, parsed) from "jar:file:/C:/Users/SaranyaRamamoorthy/.m2/repository/com/relevantcodes/extentreports/2.41.2/extentreports-2.41.2.jar!/com/relevantcodes/extentreports/view/Extent.ftl"
2021-6-26 18:5:862 9639 INFO  [TestNG-test=Lemonade Test Cases-6] (ExtentManager.java:com.att.lemonade.utilities.ExtentManager.getTestKey(ExtentManager.java:104)) - Key=25[{attuid=, accountName=, firstName=, password=December@2039, svidName=, primaryCountry=, recordCount=400 records, columnDisplayVisible=, successMessage=Wireline, username=sr644a, responseTime=529 Milliseconds, filterOnEmailAndPhone=, SVID=, primaryState=, primaryCity=, primaryPhone=, lastName=, managementLevel=PROFESSIONAL, description=FieldSearch, department=, globalSearch=, primaryZip=, subAcctId=, runmode=Y, title=}]
String valueN
2021-6-26 18:5:928 9705 DEBUG [TestNG-test=Lemonade Test Cases-4] (_Log4jLoggerFactory.java:freemarker.log._Log4jLoggerFactory$Log4jLogger.debug(_Log4jLoggerFactory.java:45)) - Couldn't find template in cache for "Extent.ftl"("en_US", UTF-8, parsed); will try to load it.
]]></system-out>
  </testcase>
  <testcase name="TC08_Contacts_Admin_Flow" classname="com.att.lemonade.testcases.TC08_Contacts_Admin" time="0">
    <skipped message="Test Case[TC08_CONTACTS_ADMIN_FLOW:data-row-26]==&gt;is disabled"/>
    <system-out><![CDATA[2021-6-26 18:5:55 9832 INFO  [TestNG-test=Lemonade Test Cases-4] (ExtentManager.java:com.att.lemonade.utilities.ExtentManager.getTestKey(ExtentManager.java:104)) - Key=31[{attuid=HR3919, SICCode=, password=December@2019, ownerName=JOHN KIRKER, svidName=, primaryCountry=, recordCount=No data found, priorYearTBRMaxValue=, successMessage=Wireline, SICDescription=, username=sr644a, nAICSDescription=, responseTime=No data found, DomSubAcct=, SVID=, DUNSNumber=, primaryState=, primaryCity=, nAICSCode=, description=Field level Search with Attuid &Owner Name, globalSearch=, priorYearTBRMinValue=, runmode=Y}]
2021-6-26 18:5:55 9832 DEBUG [TestNG-test=Lemonade Test Cases-1] (_Log4jLoggerFactory.java:freemarker.log._Log4jLoggerFactory$Log4jLogger.debug(_Log4jLoggerFactory.java:45)) - Couldn't find template in cache for "Extent.ftl"("en_US", UTF-8, parsed); will try to load it.
2021-6-26 18:5:56 9833 INFO  [TestNG-test=Lemonade Test Cases-6] (ExtentManager.java:com.att.lemonade.utilities.ExtentManager.getTestKey(ExtentManager.java:104)) - Key=26[{attuid=, accountName=, firstName=, password=December@2040, svidName=, primaryCountry=, recordCount=400 records, columnDisplayVisible=, successMessage=Wireline, username=sr644a, responseTime=665 Milliseconds, filterOnEmailAndPhone=, SVID=, primaryState=, primaryCity=, primaryPhone=, lastName=, managementLevel=, description=FieldSearch, department=, globalSearch=, primaryZip=, subAcctId=, runmode=Y, title=}]
2021-6-26 18:5:56 9833 DEBUG [TestNG-test=Lemonade Test Cases-1] (_Log4jLoggerFactory.java:freemarker.log._Log4jLoggerFactory$Log4jLogger.debug(_Log4jLoggerFactory.java:45)) - TemplateLoader.findTemplateSource("Extent_en_US.ftl"): Not found
2021-6-26 18:5:57 9834 DEBUG [TestNG-test=Lemonade Test Cases-1] (_Log4jLoggerFactory.java:freemarker.log._Log4jLoggerFactory$Log4jLogger.debug(_Log4jLoggerFactory.java:45)) - TemplateLoader.findTemplateSource("Extent_en.ftl"): Not found
2021-6-26 18:5:58 9835 DEBUG [TestNG-test=Lemonade Test Cases-1] (_Log4jLoggerFactory.java:freemarker.log._Log4jLoggerFactory$Log4jLogger.debug(_Log4jLoggerFactory.java:45)) - TemplateLoader.findTemplateSource("Extent.ftl"): Found
2021-6-26 18:5:58 9835 DEBUG [TestNG-test=Lemonade Test Cases-1] (_Log4jLoggerFactory.java:freemarker.log._Log4jLoggerFactory$Log4jLogger.debug(_Log4jLoggerFactory.java:45)) - Loading template for "Extent.ftl"("en_US", UTF-8, parsed) from "jar:file:/C:/Users/SaranyaRamamoorthy/.m2/repository/com/relevantcodes/extentreports/2.41.2/extentreports-2.41.2.jar!/com/relevantcodes/extentreports/view/Extent.ftl"
String valueN
]]></system-out>
  </testcase>
  <testcase name="TC08_Contacts_Admin_Flow" classname="com.att.lemonade.testcases.TC08_Contacts_Admin" time="0">
    <skipped message="Test Case[TC08_CONTACTS_ADMIN_FLOW:data-row-27]==&gt;is disabled"/>
    <system-out><![CDATA[2021-6-26 18:5:210 9987 INFO  [TestNG-test=Lemonade Test Cases-1] (ExtentManager.java:com.att.lemonade.utilities.ExtentManager.getTestKey(ExtentManager.java:104)) - Key=33[{accountName=, SICCode=, password=December@2022, ownerName=TULLIS, svidName=, recordCount=No data found, priorYearTBRMaxValue=, SICDescription=, successMessage=Wireline, username=sr644a, nAICSDescription=, FNIndicator=, responseTime=No data found, SVID=, primaryState=, percentageFiber=, primaryCity=, primaryPhone=, fiberEligible=, accountStatus=, nAICSCode=, description=Global search, globalSearch=, priorYearTBRMinValue=, primaryZip=, primaryStreet=, subAcctId=, runmode=Y, NoOfOpptys=}]
2021-6-26 18:5:210 9987 DEBUG [TestNG-test=Lemonade Test Cases-6] (_Log4jLoggerFactory.java:freemarker.log._Log4jLoggerFactory$Log4jLogger.debug(_Log4jLoggerFactory.java:45)) - Couldn't find template in cache for "Extent.ftl"("en_US", UTF-8, parsed); will try to load it.
2021-6-26 18:5:211 9988 DEBUG [TestNG-test=Lemonade Test Cases-6] (_Log4jLoggerFactory.java:freemarker.log._Log4jLoggerFactory$Log4jLogger.debug(_Log4jLoggerFactory.java:45)) - TemplateLoader.findTemplateSource("Extent_en_US.ftl"): Not found
2021-6-26 18:5:212 9989 DEBUG [TestNG-test=Lemonade Test Cases-6] (_Log4jLoggerFactory.java:freemarker.log._Log4jLoggerFactory$Log4jLogger.debug(_Log4jLoggerFactory.java:45)) - TemplateLoader.findTemplateSource("Extent_en.ftl"): Not found
2021-6-26 18:5:212 9989 INFO  [TestNG-test=Lemonade Test Cases-4] (ExtentManager.java:com.att.lemonade.utilities.ExtentManager.getTestKey(ExtentManager.java:104)) - Key=32[{attuid=, SICCode=, password=December@2019, ownerName=, svidName=, primaryCountry=, recordCount=400 records, priorYearTBRMaxValue=, successMessage=Wireline, SICDescription=Wholesale, username=sr644a, nAICSDescription=, responseTime=483 Milliseconds, DomSubAcct=, SVID=, DUNSNumber=, primaryState=, primaryCity=, nAICSCode=, description=Field level Search with SIC Description, globalSearch=, priorYearTBRMinValue=, runmode=Y}]
2021-6-26 18:5:212 9989 DEBUG [TestNG-test=Lemonade Test Cases-6] (_Log4jLoggerFactory.java:freemarker.log._Log4jLoggerFactory$Log4jLogger.debug(_Log4jLoggerFactory.java:45)) - TemplateLoader.findTemplateSource("Extent.ftl"): Found
2021-6-26 18:5:212 9989 DEBUG [TestNG-test=Lemonade Test Cases-6] (_Log4jLoggerFactory.java:freemarker.log._Log4jLoggerFactory$Log4jLogger.debug(_Log4jLoggerFactory.java:45)) - Loading template for "Extent.ftl"("en_US", UTF-8, parsed) from "jar:file:/C:/Users/SaranyaRamamoorthy/.m2/repository/com/relevantcodes/extentreports/2.41.2/extentreports-2.41.2.jar!/com/relevantcodes/extentreports/view/Extent.ftl"
String valueN
2021-6-26 18:5:272 10049 INFO  [TestNG-test=Lemonade Test Cases-6] (ExtentManager.java:com.att.lemonade.utilities.ExtentManager.getTestKey(ExtentManager.java:104)) - Key=27[{attuid=, accountName=, firstName=, password=December@2041, svidName=, primaryCountry=, recordCount=400 records, columnDisplayVisible=, successMessage=Wireline, username=sr644a, responseTime=424 Milliseconds, filterOnEmailAndPhone=, SVID=, primaryState=, primaryCity=SEATTLE, primaryPhone=, lastName=, managementLevel=, description=FieldSearch, department=, globalSearch=, primaryZip=, subAcctId=, runmode=Y, title=}]
String valueN
]]></system-out>
  </testcase>
  <testcase name="TC08_Contacts_Admin_Flow" classname="com.att.lemonade.testcases.TC08_Contacts_Admin" time="0">
    <skipped message="Test Case[TC08_CONTACTS_ADMIN_FLOW:data-row-28]==&gt;is disabled"/>
    <system-out><![CDATA[2021-6-26 18:5:273 10050 INFO  [TestNG-test=Lemonade Test Cases-6] (ExtentManager.java:com.att.lemonade.utilities.ExtentManager.getTestKey(ExtentManager.java:104)) - Key=27[{attuid=, accountName=, firstName=, password=December@2041, svidName=, primaryCountry=, recordCount=400 records, columnDisplayVisible=, successMessage=Wireline, username=sr644a, responseTime=424 Milliseconds, filterOnEmailAndPhone=, SVID=, primaryState=, primaryCity=SEATTLE, primaryPhone=, lastName=, managementLevel=, description=FieldSearch, department=, globalSearch=, primaryZip=, subAcctId=, runmode=Y, title=}]
2021-6-26 18:5:273 10050 DEBUG [TestNG-test=Lemonade Test Cases-6] (_Log4jLoggerFactory.java:freemarker.log._Log4jLoggerFactory$Log4jLogger.debug(_Log4jLoggerFactory.java:45)) - Couldn't find template in cache for "Extent.ftl"("en_US", UTF-8, parsed); will try to load it.
2021-6-26 18:5:274 10051 DEBUG [TestNG-test=Lemonade Test Cases-6] (_Log4jLoggerFactory.java:freemarker.log._Log4jLoggerFactory$Log4jLogger.debug(_Log4jLoggerFactory.java:45)) - TemplateLoader.findTemplateSource("Extent_en_US.ftl"): Not found
2021-6-26 18:5:275 10052 DEBUG [TestNG-test=Lemonade Test Cases-6] (_Log4jLoggerFactory.java:freemarker.log._Log4jLoggerFactory$Log4jLogger.debug(_Log4jLoggerFactory.java:45)) - TemplateLoader.findTemplateSource("Extent_en.ftl"): Not found
2021-6-26 18:5:276 10053 DEBUG [TestNG-test=Lemonade Test Cases-6] (_Log4jLoggerFactory.java:freemarker.log._Log4jLoggerFactory$Log4jLogger.debug(_Log4jLoggerFactory.java:45)) - TemplateLoader.findTemplateSource("Extent.ftl"): Found
2021-6-26 18:5:276 10053 DEBUG [TestNG-test=Lemonade Test Cases-6] (_Log4jLoggerFactory.java:freemarker.log._Log4jLoggerFactory$Log4jLogger.debug(_Log4jLoggerFactory.java:45)) - Loading template for "Extent.ftl"("en_US", UTF-8, parsed) from "jar:file:/C:/Users/SaranyaRamamoorthy/.m2/repository/com/relevantcodes/extentreports/2.41.2/extentreports-2.41.2.jar!/com/relevantcodes/extentreports/view/Extent.ftl"
2021-6-26 18:5:273 10050 INFO  [TestNG-test=Lemonade Test Cases-4] (ExtentManager.java:com.att.lemonade.utilities.ExtentManager.getTestKey(ExtentManager.java:104)) - Key=32[{attuid=, SICCode=, password=December@2019, ownerName=, svidName=, primaryCountry=, recordCount=400 records, priorYearTBRMaxValue=, successMessage=Wireline, SICDescription=Wholesale, username=sr644a, nAICSDescription=, responseTime=483 Milliseconds, DomSubAcct=, SVID=, DUNSNumber=, primaryState=, primaryCity=, nAICSCode=, description=Field level Search with SIC Description, globalSearch=, priorYearTBRMinValue=, runmode=Y}]
2021-6-26 18:5:385 10162 DEBUG [TestNG-test=Lemonade Test Cases-1] (_Log4jLoggerFactory.java:freemarker.log._Log4jLoggerFactory$Log4jLogger.debug(_Log4jLoggerFactory.java:45)) - Couldn't find template in cache for "Extent.ftl"("en_US", UTF-8, parsed); will try to load it.
2021-6-26 18:5:386 10163 DEBUG [TestNG-test=Lemonade Test Cases-1] (_Log4jLoggerFactory.java:freemarker.log._Log4jLoggerFactory$Log4jLogger.debug(_Log4jLoggerFactory.java:45)) - TemplateLoader.findTemplateSource("Extent_en_US.ftl"): Not found
2021-6-26 18:5:387 10164 DEBUG [TestNG-test=Lemonade Test Cases-1] (_Log4jLoggerFactory.java:freemarker.log._Log4jLoggerFactory$Log4jLogger.debug(_Log4jLoggerFactory.java:45)) - TemplateLoader.findTemplateSource("Extent_en.ftl"): Not found
2021-6-26 18:5:388 10165 DEBUG [TestNG-test=Lemonade Test Cases-1] (_Log4jLoggerFactory.java:freemarker.log._Log4jLoggerFactory$Log4jLogger.debug(_Log4jLoggerFactory.java:45)) - TemplateLoader.findTemplateSource("Extent.ftl"): Found
2021-6-26 18:5:388 10165 DEBUG [TestNG-test=Lemonade Test Cases-1] (_Log4jLoggerFactory.java:freemarker.log._Log4jLoggerFactory$Log4jLogger.debug(_Log4jLoggerFactory.java:45)) - Loading template for "Extent.ftl"("en_US", UTF-8, parsed) from "jar:file:/C:/Users/SaranyaRamamoorthy/.m2/repository/com/relevantcodes/extentreports/2.41.2/extentreports-2.41.2.jar!/com/relevantcodes/extentreports/view/Extent.ftl"
2021-6-26 18:5:389 10166 INFO  [TestNG-test=Lemonade Test Cases-6] (ExtentManager.java:com.att.lemonade.utilities.ExtentManager.getTestKey(ExtentManager.java:104)) - Key=28[{attuid=, accountName=, firstName=, password=December@2042, svidName=, primaryCountry=, recordCount=400 records, columnDisplayVisible=, successMessage=Wireline, username=sr644a, responseTime=483 Milliseconds, filterOnEmailAndPhone=, SVID=, primaryState=WA, primaryCity=, primaryPhone=, lastName=, managementLevel=, description=FieldSearch, department=, globalSearch=, primaryZip=, subAcctId=, runmode=Y, title=}]
2021-6-26 18:5:465 10242 DEBUG [TestNG-test=Lemonade Test Cases-4] (_Log4jLoggerFactory.java:freemarker.log._Log4jLoggerFactory$Log4jLogger.debug(_Log4jLoggerFactory.java:45)) - Couldn't find template in cache for "Extent.ftl"("en_US", UTF-8, parsed); will try to load it.
2021-6-26 18:5:465 10242 INFO  [TestNG-test=Lemonade Test Cases-1] (ExtentManager.java:com.att.lemonade.utilities.ExtentManager.getTestKey(ExtentManager.java:104)) - Key=34[{accountName=, SICCode=, password=December@2023, ownerName=, svidName=, recordCount=35 records, priorYearTBRMaxValue=, SICDescription=, successMessage=Wireline, username=sr644a, nAICSDescription=, FNIndicator=, responseTime=427 Milliseconds, SVID=, primaryState=, percentageFiber=50.0, primaryCity=, primaryPhone=, fiberEligible=, accountStatus=, nAICSCode=, description=Global search, globalSearch=, priorYearTBRMinValue=, primaryZip=, primaryStreet=, subAcctId=, runmode=Y, NoOfOpptys=}]
2021-6-26 18:5:466 10243 DEBUG [TestNG-test=Lemonade Test Cases-4] (_Log4jLoggerFactory.java:freemarker.log._Log4jLoggerFactory$Log4jLogger.debug(_Log4jLoggerFactory.java:45)) - TemplateLoader.findTemplateSource("Extent_en_US.ftl"): Not found
2021-6-26 18:5:467 10244 DEBUG [TestNG-test=Lemonade Test Cases-4] (_Log4jLoggerFactory.java:freemarker.log._Log4jLoggerFactory$Log4jLogger.debug(_Log4jLoggerFactory.java:45)) - TemplateLoader.findTemplateSource("Extent_en.ftl"): Not found
2021-6-26 18:5:468 10245 DEBUG [TestNG-test=Lemonade Test Cases-4] (_Log4jLoggerFactory.java:freemarker.log._Log4jLoggerFactory$Log4jLogger.debug(_Log4jLoggerFactory.java:45)) - TemplateLoader.findTemplateSource("Extent.ftl"): Found
2021-6-26 18:5:469 10246 DEBUG [TestNG-test=Lemonade Test Cases-4] (_Log4jLoggerFactory.java:freemarker.log._Log4jLoggerFactory$Log4jLogger.debug(_Log4jLoggerFactory.java:45)) - Loading template for "Extent.ftl"("en_US", UTF-8, parsed) from "jar:file:/C:/Users/SaranyaRamamoorthy/.m2/repository/com/relevantcodes/extentreports/2.41.2/extentreports-2.41.2.jar!/com/relevantcodes/extentreports/view/Extent.ftl"
String valueN
String valueN
]]></system-out>
  </testcase>
  <testcase name="TC08_Contacts_Admin_Flow" classname="com.att.lemonade.testcases.TC08_Contacts_Admin" time="0">
    <skipped message="Test Case[TC08_CONTACTS_ADMIN_FLOW:data-row-29]==&gt;is disabled"/>
    <system-out><![CDATA[2021-6-26 18:5:702 10479 INFO  [TestNG-test=Lemonade Test Cases-1] (ExtentManager.java:com.att.lemonade.utilities.ExtentManager.getTestKey(ExtentManager.java:104)) - Key=35[{accountName=, SICCode=, password=December@2024, ownerName=, svidName=, recordCount=34 records, priorYearTBRMaxValue=, SICDescription=, successMessage=Wireline, username=sr644a, nAICSDescription=, FNIndicator=, responseTime=608 Milliseconds, SVID=, primaryState=, percentageFiber=67.0, primaryCity=, primaryPhone=, fiberEligible=, accountStatus=, nAICSCode=, description=Global search, globalSearch=, priorYearTBRMinValue=, primaryZip=, primaryStreet=, subAcctId=, runmode=Y, NoOfOpptys=}]
]]></system-out>
  </testcase>
  <testcase name="TC08_Contacts_Admin_Flow" classname="com.att.lemonade.testcases.TC08_Contacts_Admin" time="0">
    <skipped message="Test Case[TC08_CONTACTS_ADMIN_FLOW:data-row-30]==&gt;is disabled"/>
    <system-out><![CDATA[2021-6-26 18:5:900 10677 INFO  [TestNG-test=Lemonade Test Cases-1] (ExtentManager.java:com.att.lemonade.utilities.ExtentManager.getTestKey(ExtentManager.java:104)) - Key=36[{accountName=, SICCode=, password=December@2025, ownerName=, svidName=, recordCount=400 records, priorYearTBRMaxValue=, SICDescription=, successMessage=Wireline, username=sr644a, nAICSDescription=, FNIndicator=, responseTime=579 Milliseconds, SVID=, primaryState=, percentageFiber=11.0, primaryCity=, primaryPhone=, fiberEligible=, accountStatus=, nAICSCode=, description=Global search, globalSearch=, priorYearTBRMinValue=, primaryZip=, primaryStreet=, subAcctId=, runmode=Y, NoOfOpptys=}]
2021-6-26 18:5:901 10678 INFO  [TestNG-test=Lemonade Test Cases-4] (ExtentManager.java:com.att.lemonade.utilities.ExtentManager.getTestKey(ExtentManager.java:104)) - Key=34[{attuid=, SICCode=, password=December@2019, ownerName=, svidName=, primaryCountry=, recordCount=400 records, priorYearTBRMaxValue=, successMessage=Wireline, SICDescription=Food & Kindred Products (cont., username=sr644a, nAICSDescription=, responseTime=479 Milliseconds, DomSubAcct=, SVID=, DUNSNumber=, primaryState=, primaryCity=, nAICSCode=, description=Field level Search with SIC Description, globalSearch=, priorYearTBRMinValue=, runmode=Y}]
2021-6-26 18:5:902 10679 DEBUG [TestNG-test=Lemonade Test Cases-1] (_Log4jLoggerFactory.java:freemarker.log._Log4jLoggerFactory$Log4jLogger.debug(_Log4jLoggerFactory.java:45)) - Couldn't find template in cache for "Extent.ftl"("en_US", UTF-8, parsed); will try to load it.
2021-6-26 18:5:903 10680 INFO  [TestNG-test=Lemonade Test Cases-6] (ExtentManager.java:com.att.lemonade.utilities.ExtentManager.getTestKey(ExtentManager.java:104)) - Key=30[{attuid=, accountName=, firstName=, password=December@2029, svidName=, primaryCountry=, recordCount=400 records, columnDisplayVisible=, successMessage=Wireline, username=sr644a, responseTime=545 Milliseconds, filterOnEmailAndPhone=Show Only Contacts with Email, SVID=, primaryState=, primaryCity=, primaryPhone=, lastName=, managementLevel=, description=FieldSearch, department=, globalSearch=, primaryZip=, subAcctId=, runmode=Y, title=}]
2021-6-26 18:5:903 10680 DEBUG [TestNG-test=Lemonade Test Cases-1] (_Log4jLoggerFactory.java:freemarker.log._Log4jLoggerFactory$Log4jLogger.debug(_Log4jLoggerFactory.java:45)) - TemplateLoader.findTemplateSource("Extent_en_US.ftl"): Not found
2021-6-26 18:5:904 10681 DEBUG [TestNG-test=Lemonade Test Cases-1] (_Log4jLoggerFactory.java:freemarker.log._Log4jLoggerFactory$Log4jLogger.debug(_Log4jLoggerFactory.java:45)) - TemplateLoader.findTemplateSource("Extent_en.ftl"): Not found
2021-6-26 18:5:905 10682 DEBUG [TestNG-test=Lemonade Test Cases-1] (_Log4jLoggerFactory.java:freemarker.log._Log4jLoggerFactory$Log4jLogger.debug(_Log4jLoggerFactory.java:45)) - TemplateLoader.findTemplateSource("Extent.ftl"): Found
2021-6-26 18:5:906 10683 DEBUG [TestNG-test=Lemonade Test Cases-1] (_Log4jLoggerFactory.java:freemarker.log._Log4jLoggerFactory$Log4jLogger.debug(_Log4jLoggerFactory.java:45)) - Loading template for "Extent.ftl"("en_US", UTF-8, parsed) from "jar:file:/C:/Users/SaranyaRamamoorthy/.m2/repository/com/relevantcodes/extentreports/2.41.2/extentreports-2.41.2.jar!/com/relevantcodes/extentreports/view/Extent.ftl"
String valueN
]]></system-out>
    <system-err><![CDATA[1622032609966	Marionette	INFO	Listening on port 1061
]]></system-err>
  </testcase>
  <testcase name="TC01_Accounts_Admin_Flow" classname="com.att.lemonade.testcases.TC01_Accounts_Admin" time="0">
    <skipped message="Test Case[TC01_ACCOUNTS_ADMIN_FLOW:data-row-2]==&gt;is disabled"/>
    <system-out><![CDATA[String valueN
]]></system-out>
  </testcase>
  <testcase name="TC01_Accounts_Admin_Flow" classname="com.att.lemonade.testcases.TC01_Accounts_Admin" time="0">
    <skipped message="Test Case[TC01_ACCOUNTS_ADMIN_FLOW:data-row-3]==&gt;is disabled"/>
    <system-out><![CDATA[2021-6-26 18:5:96 1873 INFO  [TestNG-test=Lemonade Test Cases-4] (ExtentManager.java:com.att.lemonade.utilities.ExtentManager.getTestKey(ExtentManager.java:104)) - Key=5[{attuid=, SICCode=, password=December@2019, ownerName=, svidName=, primaryCountry=, recordCount=400 records, priorYearTBRMaxValue=, successMessage=Wireline, SICDescription=, username=sr644a, nAICSDescription=, responseTime=427 Milliseconds, DomSubAcct=, SVID=, DUNSNumber=, primaryState=, primaryCity=, nAICSCode=, description=Global Search with ATTUID, globalSearch=SB CENTRAL, priorYearTBRMinValue=, runmode=Y}]
2021-6-26 18:5:98 1875 DEBUG [TestNG-test=Lemonade Test Cases-4] (_Log4jLoggerFactory.java:freemarker.log._Log4jLoggerFactory$Log4jLogger.debug(_Log4jLoggerFactory.java:45)) - Couldn't find template in cache for "Extent.ftl"("en_US", UTF-8, parsed); will try to load it.
2021-6-26 18:5:99 1876 DEBUG [TestNG-test=Lemonade Test Cases-4] (_Log4jLoggerFactory.java:freemarker.log._Log4jLoggerFactory$Log4jLogger.debug(_Log4jLoggerFactory.java:45)) - TemplateLoader.findTemplateSource("Extent_en_US.ftl"): Not found
2021-6-26 18:5:91 1868 INFO  [TestNG-test=Lemonade Test Cases-6] (ExtentManager.java:com.att.lemonade.utilities.ExtentManager.getTestKey(ExtentManager.java:104)) - Key=3[{attuid=, accountName=, firstName=, password=December@2019, svidName=, primaryCountry=, recordCount=400 records, columnDisplayVisible=Email,Department, successMessage=Wireline, username=sr644a, responseTime=1392 Milliseconds, filterOnEmailAndPhone=, SVID=, primaryState=, primaryCity=, primaryPhone=, lastName=, managementLevel=, description=FieldSearch, department=, globalSearch=, primaryZip=, subAcctId=, runmode=N, title=}]
2021-6-26 18:5:101 1878 DEBUG [TestNG-test=Lemonade Test Cases-4] (_Log4jLoggerFactory.java:freemarker.log._Log4jLoggerFactory$Log4jLogger.debug(_Log4jLoggerFactory.java:45)) - TemplateLoader.findTemplateSource("Extent_en.ftl"): Not found
2021-6-26 18:5:105 1882 DEBUG [TestNG-test=Lemonade Test Cases-4] (_Log4jLoggerFactory.java:freemarker.log._Log4jLoggerFactory$Log4jLogger.debug(_Log4jLoggerFactory.java:45)) - TemplateLoader.findTemplateSource("Extent.ftl"): Found
2021-6-26 18:5:111 1888 DEBUG [TestNG-test=Lemonade Test Cases-4] (_Log4jLoggerFactory.java:freemarker.log._Log4jLoggerFactory$Log4jLogger.debug(_Log4jLoggerFactory.java:45)) - Loading template for "Extent.ftl"("en_US", UTF-8, parsed) from "jar:file:/C:/Users/SaranyaRamamoorthy/.m2/repository/com/relevantcodes/extentreports/2.41.2/extentreports-2.41.2.jar!/com/relevantcodes/extentreports/view/Extent.ftl"
2021-6-26 18:5:180 1957 DEBUG [TestNG-test=Lemonade Test Cases-1] (_Log4jLoggerFactory.java:freemarker.log._Log4jLoggerFactory$Log4jLogger.debug(_Log4jLoggerFactory.java:45)) - Couldn't find template in cache for "Extent.ftl"("en_US", UTF-8, parsed); will try to load it.
2021-6-26 18:5:181 1958 DEBUG [TestNG-test=Lemonade Test Cases-1] (_Log4jLoggerFactory.java:freemarker.log._Log4jLoggerFactory$Log4jLogger.debug(_Log4jLoggerFactory.java:45)) - TemplateLoader.findTemplateSource("Extent_en_US.ftl"): Not found
2021-6-26 18:5:182 1959 DEBUG [TestNG-test=Lemonade Test Cases-1] (_Log4jLoggerFactory.java:freemarker.log._Log4jLoggerFactory$Log4jLogger.debug(_Log4jLoggerFactory.java:45)) - TemplateLoader.findTemplateSource("Extent_en.ftl"): Not found
2021-6-26 18:5:183 1960 DEBUG [TestNG-test=Lemonade Test Cases-1] (_Log4jLoggerFactory.java:freemarker.log._Log4jLoggerFactory$Log4jLogger.debug(_Log4jLoggerFactory.java:45)) - TemplateLoader.findTemplateSource("Extent.ftl"): Found
2021-6-26 18:5:183 1960 DEBUG [TestNG-test=Lemonade Test Cases-1] (_Log4jLoggerFactory.java:freemarker.log._Log4jLoggerFactory$Log4jLogger.debug(_Log4jLoggerFactory.java:45)) - Loading template for "Extent.ftl"("en_US", UTF-8, parsed) from "jar:file:/C:/Users/SaranyaRamamoorthy/.m2/repository/com/relevantcodes/extentreports/2.41.2/extentreports-2.41.2.jar!/com/relevantcodes/extentreports/view/Extent.ftl"
2021-6-26 18:5:181 1958 INFO  [TestNG-test=Lemonade Test Cases-4] (ExtentManager.java:com.att.lemonade.utilities.ExtentManager.getTestKey(ExtentManager.java:104)) - Key=6[{attuid=, SICCode=, password=December@2019, ownerName=, svidName=, primaryCountry=, recordCount=400 records, priorYearTBRMaxValue=, successMessage=Wireline, SICDescription=, username=sr644a, nAICSDescription=, responseTime=457 Milliseconds, DomSubAcct=, SVID=, DUNSNumber=, primaryState=, primaryCity=, nAICSCode=, description=Global Search, globalSearch=2655 S 11TH ST, priorYearTBRMinValue=, runmode=Y}]
String valueN
]]></system-out>
  </testcase>
  <testcase name="TC01_Accounts_Admin_Flow" classname="com.att.lemonade.testcases.TC01_Accounts_Admin" time="0">
    <skipped message="Test Case[TC01_ACCOUNTS_ADMIN_FLOW:data-row-4]==&gt;is disabled"/>
  </testcase>
  <testcase name="TC01_Accounts_Admin_Flow" classname="com.att.lemonade.testcases.TC01_Accounts_Admin" time="0">
    <skipped message="Test Case[TC01_ACCOUNTS_ADMIN_FLOW:data-row-5]==&gt;is disabled"/>
    <system-out><![CDATA[2021-6-26 18:5:893 2670 INFO  [TestNG-test=Lemonade Test Cases-6] (ExtentManager.java:com.att.lemonade.utilities.ExtentManager.getTestKey(ExtentManager.java:104)) - Key=5[{attuid=lt1615, accountName=, firstName=, password=December@2020, svidName=OKLAHOMA STATE UNIV, primaryCountry=, recordCount=400 records, columnDisplayVisible=Sub Account Name, successMessage=Wireline, username=sr644a, responseTime=626 Milliseconds, filterOnEmailAndPhone=, SVID=, primaryState=, primaryCity=, primaryPhone=, lastName=, managementLevel=, description=FieldSearch, department=, globalSearch=, primaryZip=, subAcctId=, runmode=N, title=}]
String valueN
]]></system-out>
  </testcase>
  <testcase name="TC01_Accounts_Admin_Flow" classname="com.att.lemonade.testcases.TC01_Accounts_Admin" time="0">
    <skipped message="Test Case[TC01_ACCOUNTS_ADMIN_FLOW:data-row-6]==&gt;is disabled"/>
    <system-out><![CDATA[2021-6-26 18:5:119 2896 INFO  [TestNG-test=Lemonade Test Cases-1] (ExtentManager.java:com.att.lemonade.utilities.ExtentManager.getTestKey(ExtentManager.java:104)) - Key=8[{accountName=, SICCode=, password=December@2019, ownerName=, svidName=, recordCount=400 records, priorYearTBRMaxValue=, SICDescription=, successMessage=Wireline, username=sr644a, nAICSDescription=, FNIndicator=, responseTime=911 Milliseconds, SVID=, primaryState=, percentageFiber=, primaryCity=, primaryPhone=, fiberEligible=, accountStatus=, nAICSCode=, description=Global search, globalSearch=, priorYearTBRMinValue=, primaryZip=, primaryStreet=, subAcctId=, runmode=N, NoOfOpptys=0.0}]
2021-6-26 18:5:122 2899 INFO  [TestNG-test=Lemonade Test Cases-6] (ExtentManager.java:com.att.lemonade.utilities.ExtentManager.getTestKey(ExtentManager.java:104)) - Key=6[{attuid=lt1615, accountName=, firstName=dale, password=December@2021, svidName=, primaryCountry=, recordCount=20 records, columnDisplayVisible=Street, successMessage=Wireline, username=sr644a, responseTime=749 Milliseconds, filterOnEmailAndPhone=, SVID=, primaryState=, primaryCity=, primaryPhone=, lastName=, managementLevel=, description=FieldSearch, department=, globalSearch=, primaryZip=, subAcctId=, runmode=N, title=}]
2021-6-26 18:5:122 2899 DEBUG [TestNG-test=Lemonade Test Cases-4] (_Log4jLoggerFactory.java:freemarker.log._Log4jLoggerFactory$Log4jLogger.debug(_Log4jLoggerFactory.java:45)) - Couldn't find template in cache for "Extent.ftl"("en_US", UTF-8, parsed); will try to load it.
2021-6-26 18:5:123 2900 DEBUG [TestNG-test=Lemonade Test Cases-4] (_Log4jLoggerFactory.java:freemarker.log._Log4jLoggerFactory$Log4jLogger.debug(_Log4jLoggerFactory.java:45)) - TemplateLoader.findTemplateSource("Extent_en_US.ftl"): Not found
2021-6-26 18:5:124 2901 DEBUG [TestNG-test=Lemonade Test Cases-4] (_Log4jLoggerFactory.java:freemarker.log._Log4jLoggerFactory$Log4jLogger.debug(_Log4jLoggerFactory.java:45)) - TemplateLoader.findTemplateSource("Extent_en.ftl"): Not found
2021-6-26 18:5:125 2902 DEBUG [TestNG-test=Lemonade Test Cases-4] (_Log4jLoggerFactory.java:freemarker.log._Log4jLoggerFactory$Log4jLogger.debug(_Log4jLoggerFactory.java:45)) - TemplateLoader.findTemplateSource("Extent.ftl"): Found
2021-6-26 18:5:126 2903 DEBUG [TestNG-test=Lemonade Test Cases-4] (_Log4jLoggerFactory.java:freemarker.log._Log4jLoggerFactory$Log4jLogger.debug(_Log4jLoggerFactory.java:45)) - Loading template for "Extent.ftl"("en_US", UTF-8, parsed) from "jar:file:/C:/Users/SaranyaRamamoorthy/.m2/repository/com/relevantcodes/extentreports/2.41.2/extentreports-2.41.2.jar!/com/relevantcodes/extentreports/view/Extent.ftl"
String valueN
]]></system-out>
  </testcase>
  <testcase name="TC01_Accounts_Admin_Flow" classname="com.att.lemonade.testcases.TC01_Accounts_Admin" time="0">
    <skipped message="Test Case[TC01_ACCOUNTS_ADMIN_FLOW:data-row-7]==&gt;is disabled"/>
    <system-out><![CDATA[String valueN
]]></system-out>
  </testcase>
  <testcase name="TC01_Accounts_Admin_Flow" classname="com.att.lemonade.testcases.TC01_Accounts_Admin" time="0">
    <skipped message="Test Case[TC01_ACCOUNTS_ADMIN_FLOW:data-row-8]==&gt;is disabled"/>
    <system-out><![CDATA[2021-6-26 18:5:430 3207 INFO  [TestNG-test=Lemonade Test Cases-1] (ExtentManager.java:com.att.lemonade.utilities.ExtentManager.getTestKey(ExtentManager.java:104)) - Key=10[{accountName=, SICCode=, password=December@2019, ownerName=, svidName=, recordCount=87 records, priorYearTBRMaxValue=, SICDescription=, successMessage=Wireline, username=sr644a, nAICSDescription=, FNIndicator=, responseTime=632 Milliseconds, SVID=, primaryState=, percentageFiber=, primaryCity=, primaryPhone=, fiberEligible=, accountStatus=, nAICSCode=, description=Global search, globalSearch=, priorYearTBRMinValue=, primaryZip=, primaryStreet=, subAcctId=, runmode=Y, NoOfOpptys=1.0}]
2021-6-26 18:5:431 3208 DEBUG [TestNG-test=Lemonade Test Cases-3] (_Log4jLoggerFactory.java:freemarker.log._Log4jLoggerFactory$Log4jLogger.debug(_Log4jLoggerFactory.java:45)) - Couldn't find template in cache for "Extent.ftl"("en_US", UTF-8, parsed); will try to load it.
2021-6-26 18:5:431 3208 INFO  [TestNG-test=Lemonade Test Cases-5] (ExtentManager.java:com.att.lemonade.utilities.ExtentManager.getTestKey(ExtentManager.java:104)) - Key=7[{accountName=, firstName=, password=December@2022, svidName=, primaryCountry=, recordCount=, successMessage=Wireline, username=sr644a, responseTime=, SVID=, filterOnEmailAndPhone=, primaryState=, primaryCity=, primaryPhone=, lastName=ram, managementLevel=, description=FieldSearch, department=, globalSearch=, primaryZip=, subAcctId=, runmode=Y, title=}]
2021-6-26 18:5:434 3211 DEBUG [TestNG-test=Lemonade Test Cases-3] (_Log4jLoggerFactory.java:freemarker.log._Log4jLoggerFactory$Log4jLogger.debug(_Log4jLoggerFactory.java:45)) - TemplateLoader.findTemplateSource("Extent_en_US.ftl"): Not found
2021-6-26 18:5:434 3211 DEBUG [TestNG-test=Lemonade Test Cases-3] (_Log4jLoggerFactory.java:freemarker.log._Log4jLoggerFactory$Log4jLogger.debug(_Log4jLoggerFactory.java:45)) - TemplateLoader.findTemplateSource("Extent_en.ftl"): Not found
2021-6-26 18:5:435 3212 DEBUG [TestNG-test=Lemonade Test Cases-3] (_Log4jLoggerFactory.java:freemarker.log._Log4jLoggerFactory$Log4jLogger.debug(_Log4jLoggerFactory.java:45)) - TemplateLoader.findTemplateSource("Extent.ftl"): Found
2021-6-26 18:5:435 3212 DEBUG [TestNG-test=Lemonade Test Cases-3] (_Log4jLoggerFactory.java:freemarker.log._Log4jLoggerFactory$Log4jLogger.debug(_Log4jLoggerFactory.java:45)) - Loading template for "Extent.ftl"("en_US", UTF-8, parsed) from "jar:file:/C:/Users/SaranyaRamamoorthy/.m2/repository/com/relevantcodes/extentreports/2.41.2/extentreports-2.41.2.jar!/com/relevantcodes/extentreports/view/Extent.ftl"
2021-6-26 18:5:469 3246 DEBUG [TestNG-test=Lemonade Test Cases-4] (_Log4jLoggerFactory.java:freemarker.log._Log4jLoggerFactory$Log4jLogger.debug(_Log4jLoggerFactory.java:45)) - Couldn't find template in cache for "Extent.ftl"("en_US", UTF-8, parsed); will try to load it.
2021-6-26 18:5:470 3247 DEBUG [TestNG-test=Lemonade Test Cases-4] (_Log4jLoggerFactory.java:freemarker.log._Log4jLoggerFactory$Log4jLogger.debug(_Log4jLoggerFactory.java:45)) - TemplateLoader.findTemplateSource("Extent_en_US.ftl"): Not found
2021-6-26 18:5:471 3248 DEBUG [TestNG-test=Lemonade Test Cases-4] (_Log4jLoggerFactory.java:freemarker.log._Log4jLoggerFactory$Log4jLogger.debug(_Log4jLoggerFactory.java:45)) - TemplateLoader.findTemplateSource("Extent_en.ftl"): Not found
2021-6-26 18:5:472 3249 INFO  [TestNG-test=Lemonade Test Cases-3] (ExtentManager.java:com.att.lemonade.utilities.ExtentManager.getTestKey(ExtentManager.java:104)) - Key=8[{attuid=PM059P, accountName=, SICCode=, password=December@2019, ownerName=, svidName=, recordCount=15 records, priorYearTBRMaxValue=, SICDescription=, successMessage=Wireline, username=sr644a, nAICSDescription=, FNIndicator=, responseTime=616 MilliSeconds, SVID=U03397, primaryState=, percentageFiber=, primaryCity=, primaryPhone=, fiberEligible=, accountStatus=, nAICSCode=, description=Global search, globalSearch=, priorYearTBRMinValue=, primaryZip=, primaryStreet=, subAcctId=, runmode=N, NoOfOpptys=}]
2021-6-26 18:5:472 3249 DEBUG [TestNG-test=Lemonade Test Cases-4] (_Log4jLoggerFactory.java:freemarker.log._Log4jLoggerFactory$Log4jLogger.debug(_Log4jLoggerFactory.java:45)) - TemplateLoader.findTemplateSource("Extent.ftl"): Found
2021-6-26 18:5:473 3250 DEBUG [TestNG-test=Lemonade Test Cases-4] (_Log4jLoggerFactory.java:freemarker.log._Log4jLoggerFactory$Log4jLogger.debug(_Log4jLoggerFactory.java:45)) - Loading template for "Extent.ftl"("en_US", UTF-8, parsed) from "jar:file:/C:/Users/SaranyaRamamoorthy/.m2/repository/com/relevantcodes/extentreports/2.41.2/extentreports-2.41.2.jar!/com/relevantcodes/extentreports/view/Extent.ftl"
2021-6-26 18:5:508 3285 DEBUG [TestNG-test=Lemonade Test Cases-6] (_Log4jLoggerFactory.java:freemarker.log._Log4jLoggerFactory$Log4jLogger.debug(_Log4jLoggerFactory.java:45)) - Couldn't find template in cache for "Extent.ftl"("en_US", UTF-8, parsed); will try to load it.
2021-6-26 18:5:509 3286 INFO  [TestNG-test=Lemonade Test Cases-4] (ExtentManager.java:com.att.lemonade.utilities.ExtentManager.getTestKey(ExtentManager.java:104)) - Key=10[{attuid=, SICCode=, password=December@2019, ownerName=, svidName=1200 ENCLAVE TENANT, primaryCountry=, recordCount=1 records, priorYearTBRMaxValue=, successMessage=Wireline, SICDescription=, username=sr644a, nAICSDescription=, responseTime=340 Milliseconds, DomSubAcct=, SVID=, DUNSNumber=, primaryState=, primaryCity=, nAICSCode=, description=Field level Search ATTUID and svid name, globalSearch=, priorYearTBRMinValue=, runmode=Y}]
2021-6-26 18:5:509 3286 DEBUG [TestNG-test=Lemonade Test Cases-6] (_Log4jLoggerFactory.java:freemarker.log._Log4jLoggerFactory$Log4jLogger.debug(_Log4jLoggerFactory.java:45)) - TemplateLoader.findTemplateSource("Extent_en_US.ftl"): Not found
2021-6-26 18:5:511 3288 DEBUG [TestNG-test=Lemonade Test Cases-6] (_Log4jLoggerFactory.java:freemarker.log._Log4jLoggerFactory$Log4jLogger.debug(_Log4jLoggerFactory.java:45)) - TemplateLoader.findTemplateSource("Extent_en.ftl"): Not found
2021-6-26 18:5:512 3289 DEBUG [TestNG-test=Lemonade Test Cases-6] (_Log4jLoggerFactory.java:freemarker.log._Log4jLoggerFactory$Log4jLogger.debug(_Log4jLoggerFactory.java:45)) - TemplateLoader.findTemplateSource("Extent.ftl"): Found
2021-6-26 18:5:520 3297 DEBUG [TestNG-test=Lemonade Test Cases-6] (_Log4jLoggerFactory.java:freemarker.log._Log4jLoggerFactory$Log4jLogger.debug(_Log4jLoggerFactory.java:45)) - Loading template for "Extent.ftl"("en_US", UTF-8, parsed) from "jar:file:/C:/Users/SaranyaRamamoorthy/.m2/repository/com/relevantcodes/extentreports/2.41.2/extentreports-2.41.2.jar!/com/relevantcodes/extentreports/view/Extent.ftl"
String valueN
]]></system-out>
  </testcase>
  <testcase name="TC01_Accounts_Admin_Flow" classname="com.att.lemonade.testcases.TC01_Accounts_Admin" time="0">
    <skipped message="Test Case[TC01_ACCOUNTS_ADMIN_FLOW:data-row-9]==&gt;is disabled"/>
    <system-out><![CDATA[String valueN
]]></system-out>
  </testcase>
  <testcase name="TC01_Accounts_Admin_Flow" classname="com.att.lemonade.testcases.TC01_Accounts_Admin" time="0">
    <skipped message="Test Case[TC01_ACCOUNTS_ADMIN_FLOW:data-row-10]==&gt;is disabled"/>
    <system-out><![CDATA[2021-6-26 18:5:267 4044 DEBUG [TestNG-test=Lemonade Test Cases-6] (_Log4jLoggerFactory.java:freemarker.log._Log4jLoggerFactory$Log4jLogger.debug(_Log4jLoggerFactory.java:45)) - Couldn't find template in cache for "Extent.ftl"("en_US", UTF-8, parsed); will try to load it.
2021-6-26 18:5:268 4045 INFO  [TestNG-test=Lemonade Test Cases-5] (ExtentManager.java:com.att.lemonade.utilities.ExtentManager.getTestKey(ExtentManager.java:104)) - Key=9[{accountName=, firstName=, password=December@2024, svidName=, primaryCountry=, recordCount=, successMessage=Wireline, username=sr644a, responseTime=, SVID=, filterOnEmailAndPhone=, primaryState=, primaryCity=, primaryPhone=, lastName=, managementLevel=, description=FieldSearch, department=, globalSearch=, primaryZip=, subAcctId=, runmode=Y, title=president}]
2021-6-26 18:5:269 4046 DEBUG [TestNG-test=Lemonade Test Cases-6] (_Log4jLoggerFactory.java:freemarker.log._Log4jLoggerFactory$Log4jLogger.debug(_Log4jLoggerFactory.java:45)) - TemplateLoader.findTemplateSource("Extent_en_US.ftl"): Not found
2021-6-26 18:5:268 4045 INFO  [TestNG-test=Lemonade Test Cases-4] (ExtentManager.java:com.att.lemonade.utilities.ExtentManager.getTestKey(ExtentManager.java:104)) - Key=11[{attuid=, SICCode=, password=December@2019, ownerName=, svidName=2-J WELL SERVICES, primaryCountry=, recordCount=1 records, priorYearTBRMaxValue=, successMessage=Wireline, SICDescription=, username=sr644a, nAICSDescription=, responseTime=243 Milliseconds, DomSubAcct=, SVID=, DUNSNumber=, primaryState=, primaryCity=, nAICSCode=, description=Field level Search ATTUID and svid name, globalSearch=, priorYearTBRMinValue=, runmode=Y}]
2021-6-26 18:5:271 4048 DEBUG [TestNG-test=Lemonade Test Cases-6] (_Log4jLoggerFactory.java:freemarker.log._Log4jLoggerFactory$Log4jLogger.debug(_Log4jLoggerFactory.java:45)) - TemplateLoader.findTemplateSource("Extent_en.ftl"): Not found
2021-6-26 18:5:272 4049 DEBUG [TestNG-test=Lemonade Test Cases-6] (_Log4jLoggerFactory.java:freemarker.log._Log4jLoggerFactory$Log4jLogger.debug(_Log4jLoggerFactory.java:45)) - TemplateLoader.findTemplateSource("Extent.ftl"): Found
2021-6-26 18:5:272 4049 DEBUG [TestNG-test=Lemonade Test Cases-6] (_Log4jLoggerFactory.java:freemarker.log._Log4jLoggerFactory$Log4jLogger.debug(_Log4jLoggerFactory.java:45)) - Loading template for "Extent.ftl"("en_US", UTF-8, parsed) from "jar:file:/C:/Users/SaranyaRamamoorthy/.m2/repository/com/relevantcodes/extentreports/2.41.2/extentreports-2.41.2.jar!/com/relevantcodes/extentreports/view/Extent.ftl"
String valueN
]]></system-out>
  </testcase>
  <testcase name="TC01_Accounts_Admin_Flow" classname="com.att.lemonade.testcases.TC01_Accounts_Admin" time="0">
    <skipped message="Test Case[TC01_ACCOUNTS_ADMIN_FLOW:data-row-11]==&gt;is disabled"/>
    <system-out><![CDATA[2021-6-26 18:5:511 4288 DEBUG [TestNG-test=Lemonade Test Cases-1] (_Log4jLoggerFactory.java:freemarker.log._Log4jLoggerFactory$Log4jLogger.debug(_Log4jLoggerFactory.java:45)) - Couldn't find template in cache for "Extent.ftl"("en_US", UTF-8, parsed); will try to load it.
2021-6-26 18:5:511 4288 INFO  [TestNG-test=Lemonade Test Cases-5] (ExtentManager.java:com.att.lemonade.utilities.ExtentManager.getTestKey(ExtentManager.java:104)) - Key=10[{accountName=, firstName=, password=December@2025, svidName=, primaryCountry=, recordCount=, successMessage=Wireline, username=sr644a, responseTime=, SVID=, filterOnEmailAndPhone=, primaryState=, primaryCity=, primaryPhone=, lastName=, managementLevel=, description=FieldSearch, department=EDUCATION, globalSearch=, primaryZip=, subAcctId=, runmode=Y, title=}]
2021-6-26 18:5:511 4288 INFO  [TestNG-test=Lemonade Test Cases-6] (ExtentManager.java:com.att.lemonade.utilities.ExtentManager.getTestKey(ExtentManager.java:104)) - Key=10[{attuid=lt1615, accountName=, firstName=, password=December@2025, svidName=, primaryCountry=, recordCount=400 records, columnDisplayVisible=Country, successMessage=Wireline, username=sr644a, responseTime=717 Milliseconds, filterOnEmailAndPhone=, SVID=, primaryState=, primaryCity=, primaryPhone=, lastName=, managementLevel=, description=FieldSearch, department=EDUCATION, globalSearch=, primaryZip=, subAcctId=, runmode=Y, title=}]
2021-6-26 18:5:511 4288 DEBUG [TestNG-test=Lemonade Test Cases-1] (_Log4jLoggerFactory.java:freemarker.log._Log4jLoggerFactory$Log4jLogger.debug(_Log4jLoggerFactory.java:45)) - TemplateLoader.findTemplateSource("Extent_en_US.ftl"): Not found
2021-6-26 18:5:512 4289 DEBUG [TestNG-test=Lemonade Test Cases-1] (_Log4jLoggerFactory.java:freemarker.log._Log4jLoggerFactory$Log4jLogger.debug(_Log4jLoggerFactory.java:45)) - TemplateLoader.findTemplateSource("Extent_en.ftl"): Not found
2021-6-26 18:5:512 4289 DEBUG [TestNG-test=Lemonade Test Cases-1] (_Log4jLoggerFactory.java:freemarker.log._Log4jLoggerFactory$Log4jLogger.debug(_Log4jLoggerFactory.java:45)) - TemplateLoader.findTemplateSource("Extent.ftl"): Found
2021-6-26 18:5:513 4290 DEBUG [TestNG-test=Lemonade Test Cases-1] (_Log4jLoggerFactory.java:freemarker.log._Log4jLoggerFactory$Log4jLogger.debug(_Log4jLoggerFactory.java:45)) - Loading template for "Extent.ftl"("en_US", UTF-8, parsed) from "jar:file:/C:/Users/SaranyaRamamoorthy/.m2/repository/com/relevantcodes/extentreports/2.41.2/extentreports-2.41.2.jar!/com/relevantcodes/extentreports/view/Extent.ftl"
2021-6-26 18:5:515 4292 INFO  [TestNG-test=Lemonade Test Cases-3] (ExtentManager.java:com.att.lemonade.utilities.ExtentManager.getTestKey(ExtentManager.java:104)) - Key=11[{attuid=PM059P, accountName=, SICCode=, password=December@2019, ownerName=, svidName=, recordCount=400 records, priorYearTBRMaxValue=, SICDescription=, successMessage=Wireline, username=sr644a, nAICSDescription=, FNIndicator=, responseTime=926 MilliSeconds, SVID=, primaryState=, percentageFiber=, primaryCity=, primaryPhone=, fiberEligible=No, accountStatus=, nAICSCode=, description=Global search, globalSearch=, priorYearTBRMinValue=, primaryZip=, primaryStreet=, subAcctId=, runmode=N, NoOfOpptys=}]
2021-6-26 18:5:562 4339 DEBUG [TestNG-test=Lemonade Test Cases-4] (_Log4jLoggerFactory.java:freemarker.log._Log4jLoggerFactory$Log4jLogger.debug(_Log4jLoggerFactory.java:45)) - Couldn't find template in cache for "Extent.ftl"("en_US", UTF-8, parsed); will try to load it.
2021-6-26 18:5:565 4342 DEBUG [TestNG-test=Lemonade Test Cases-4] (_Log4jLoggerFactory.java:freemarker.log._Log4jLoggerFactory$Log4jLogger.debug(_Log4jLoggerFactory.java:45)) - TemplateLoader.findTemplateSource("Extent_en_US.ftl"): Not found
2021-6-26 18:5:566 4343 DEBUG [TestNG-test=Lemonade Test Cases-4] (_Log4jLoggerFactory.java:freemarker.log._Log4jLoggerFactory$Log4jLogger.debug(_Log4jLoggerFactory.java:45)) - TemplateLoader.findTemplateSource("Extent_en.ftl"): Not found
2021-6-26 18:5:567 4344 INFO  [TestNG-test=Lemonade Test Cases-1] (ExtentManager.java:com.att.lemonade.utilities.ExtentManager.getTestKey(ExtentManager.java:104)) - Key=13[{accountName=JPMORGAN CHASE BANK NA, SICCode=, password=December@2019, ownerName=, svidName=, recordCount=No data found, priorYearTBRMaxValue=, SICDescription=, successMessage=Wireline, username=sr644a, nAICSDescription=, FNIndicator=, responseTime=No data found, SVID=, primaryState=, percentageFiber=, primaryCity=, primaryPhone=, fiberEligible=, accountStatus=, nAICSCode=, description=Global search, globalSearch=, priorYearTBRMinValue=, primaryZip=, primaryStreet=, subAcctId=, runmode=Y, NoOfOpptys=}]
2021-6-26 18:5:568 4345 DEBUG [TestNG-test=Lemonade Test Cases-4] (_Log4jLoggerFactory.java:freemarker.log._Log4jLoggerFactory$Log4jLogger.debug(_Log4jLoggerFactory.java:45)) - TemplateLoader.findTemplateSource("Extent.ftl"): Found
2021-6-26 18:5:572 4349 DEBUG [TestNG-test=Lemonade Test Cases-4] (_Log4jLoggerFactory.java:freemarker.log._Log4jLoggerFactory$Log4jLogger.debug(_Log4jLoggerFactory.java:45)) - Loading template for "Extent.ftl"("en_US", UTF-8, parsed) from "jar:file:/C:/Users/SaranyaRamamoorthy/.m2/repository/com/relevantcodes/extentreports/2.41.2/extentreports-2.41.2.jar!/com/relevantcodes/extentreports/view/Extent.ftl"
String valueN
]]></system-out>
    <system-err><![CDATA[1622032603605	mozrunner::runner	INFO	Running command: "C:\\Program Files\\Mozilla Firefox\\firefox.exe" "-marionette" "-headless" "-foreground" "-no-remote" "-profile" "C:\\Users\\SARANY~1\\AppData\\Local\\Temp\\rust_mozprofile.JdwxE7A3ekmm"
]]></system-err>
  </testcase>
  <testcase name="TC01_Accounts_Admin_Flow" classname="com.att.lemonade.testcases.TC01_Accounts_Admin" time="0">
    <skipped message="Test Case[TC01_ACCOUNTS_ADMIN_FLOW:data-row-12]==&gt;is disabled"/>
    <system-out><![CDATA[2021-6-26 18:5:829 4606 DEBUG [TestNG-test=Lemonade Test Cases-3] (_Log4jLoggerFactory.java:freemarker.log._Log4jLoggerFactory$Log4jLogger.debug(_Log4jLoggerFactory.java:45)) - Couldn't find template in cache for "Extent.ftl"("en_US", UTF-8, parsed); will try to load it.
2021-6-26 18:5:830 4607 DEBUG [TestNG-test=Lemonade Test Cases-3] (_Log4jLoggerFactory.java:freemarker.log._Log4jLoggerFactory$Log4jLogger.debug(_Log4jLoggerFactory.java:45)) - TemplateLoader.findTemplateSource("Extent_en_US.ftl"): Not found
2021-6-26 18:5:829 4606 INFO  [TestNG-test=Lemonade Test Cases-4] (ExtentManager.java:com.att.lemonade.utilities.ExtentManager.getTestKey(ExtentManager.java:104)) - Key=13[{attuid=SS8494, SICCode=, password=December@2019, ownerName=, svidName=CITY HOLDING COMPANY, primaryCountry=, recordCount=1 records, priorYearTBRMaxValue=, successMessage=Wireline, SICDescription=, username=sr644a, nAICSDescription=, responseTime=269 Milliseconds, DomSubAcct=, SVID=, DUNSNumber=, primaryState=, primaryCity=, nAICSCode=, description=Field level Search ATTUID and svid name, globalSearch=, priorYearTBRMinValue=, runmode=Y}]
2021-6-26 18:5:831 4608 DEBUG [TestNG-test=Lemonade Test Cases-3] (_Log4jLoggerFactory.java:freemarker.log._Log4jLoggerFactory$Log4jLogger.debug(_Log4jLoggerFactory.java:45)) - TemplateLoader.findTemplateSource("Extent_en.ftl"): Not found
2021-6-26 18:5:831 4608 DEBUG [TestNG-test=Lemonade Test Cases-3] (_Log4jLoggerFactory.java:freemarker.log._Log4jLoggerFactory$Log4jLogger.debug(_Log4jLoggerFactory.java:45)) - TemplateLoader.findTemplateSource("Extent.ftl"): Found
2021-6-26 18:5:832 4609 DEBUG [TestNG-test=Lemonade Test Cases-3] (_Log4jLoggerFactory.java:freemarker.log._Log4jLoggerFactory$Log4jLogger.debug(_Log4jLoggerFactory.java:45)) - Loading template for "Extent.ftl"("en_US", UTF-8, parsed) from "jar:file:/C:/Users/SaranyaRamamoorthy/.m2/repository/com/relevantcodes/extentreports/2.41.2/extentreports-2.41.2.jar!/com/relevantcodes/extentreports/view/Extent.ftl"
2021-6-26 18:5:839 4616 INFO  [TestNG-test=Lemonade Test Cases-5] (ExtentManager.java:com.att.lemonade.utilities.ExtentManager.getTestKey(ExtentManager.java:104)) - Key=11[{accountName=, firstName=, password=December@2026, svidName=, primaryCountry=, recordCount=, successMessage=Wireline, username=sr644a, responseTime=, SVID=, filterOnEmailAndPhone=, primaryState=, primaryCity=, primaryPhone=, lastName=, managementLevel=c level, description=FieldSearch, department=, globalSearch=, primaryZip=, subAcctId=, runmode=Y, title=}]
String valueN
2021-6-26 18:5:887 4664 INFO  [TestNG-test=Lemonade Test Cases-3] (ExtentManager.java:com.att.lemonade.utilities.ExtentManager.getTestKey(ExtentManager.java:104)) - Key=12[{attuid=PM059P, accountName=, SICCode=, password=December@2019, ownerName=, svidName=, recordCount=9 records, priorYearTBRMaxValue=, SICDescription=, successMessage=Wireline, username=sr644a, nAICSDescription=, FNIndicator=Eligible, responseTime=496 MilliSeconds, SVID=, primaryState=, percentageFiber=, primaryCity=, primaryPhone=, fiberEligible=, accountStatus=, nAICSCode=, description=Global search, globalSearch=, priorYearTBRMinValue=, primaryZip=, primaryStreet=, subAcctId=, runmode=N, NoOfOpptys=}]
String valueN
]]></system-out>
  </testcase>
  <testcase name="TC01_Accounts_Admin_Flow" classname="com.att.lemonade.testcases.TC01_Accounts_Admin" time="0">
    <skipped message="Test Case[TC01_ACCOUNTS_ADMIN_FLOW:data-row-13]==&gt;is disabled"/>
  </testcase>
  <testcase name="TC01_Accounts_Admin_Flow" classname="com.att.lemonade.testcases.TC01_Accounts_Admin" time="0">
    <skipped message="Test Case[TC01_ACCOUNTS_ADMIN_FLOW:data-row-14]==&gt;is disabled"/>
    <system-out><![CDATA[2021-6-26 18:5:376 5153 INFO  [TestNG-test=Lemonade Test Cases-1] (ExtentManager.java:com.att.lemonade.utilities.ExtentManager.getTestKey(ExtentManager.java:104)) - Key=15[{accountName=, SICCode=, password=December@2019, ownerName=, svidName=, recordCount=No data found, priorYearTBRMaxValue=, SICDescription=, successMessage=Wireline, username=sr644a, nAICSDescription=, FNIndicator=, responseTime=No data found, SVID=, primaryState=, percentageFiber=, primaryCity=, primaryPhone=, fiberEligible=, accountStatus=, nAICSCode=, description=Global search, globalSearch=, priorYearTBRMinValue=, primaryZip=, primaryStreet=111 Polaris Pkwy, subAcctId=, runmode=Y, NoOfOpptys=}]
2021-6-26 18:5:399 5176 INFO  [TestNG-test=Lemonade Test Cases-6] (ExtentManager.java:com.att.lemonade.utilities.ExtentManager.getTestKey(ExtentManager.java:104)) - Key=12[{attuid=lt1615, accountName=, firstName=, password=December@2027, svidName=, primaryCountry=, recordCount=400 records, columnDisplayVisible=SVID Name, successMessage=Wireline, username=sr644a, responseTime=427 Milliseconds, filterOnEmailAndPhone=, SVID=, primaryState=, primaryCity=stillwater, primaryPhone=, lastName=, managementLevel=, description=FieldSearch, department=, globalSearch=, primaryZip=, subAcctId=, runmode=Y, title=}]
2021-6-26 18:5:439 5216 INFO  [TestNG-test=Lemonade Test Cases-3] (ExtentManager.java:com.att.lemonade.utilities.ExtentManager.getTestKey(ExtentManager.java:104)) - Key=14[{attuid=SS8494, accountName=, SICCode=, password=December@2019, ownerName=, svidName=, recordCount=400 records, priorYearTBRMaxValue=, SICDescription=Depository Institutions, successMessage=Wireline, username=sr644a, nAICSDescription=, FNIndicator=, responseTime=515 MilliSeconds, SVID=, primaryState=, percentageFiber=, primaryCity=, primaryPhone=, fiberEligible=, accountStatus=, nAICSCode=, description=Global search, globalSearch=, priorYearTBRMinValue=, primaryZip=, primaryStreet=, subAcctId=, runmode=Y, NoOfOpptys=}]
String valueN
]]></system-out>
  </testcase>
  <testcase name="TC01_Accounts_Admin_Flow" classname="com.att.lemonade.testcases.TC01_Accounts_Admin" time="0">
    <skipped message="Test Case[TC01_ACCOUNTS_ADMIN_FLOW:data-row-15]==&gt;is disabled"/>
    <system-out><![CDATA[2021-6-26 18:5:442 5219 DEBUG [TestNG-test=Lemonade Test Cases-3] (_Log4jLoggerFactory.java:freemarker.log._Log4jLoggerFactory$Log4jLogger.debug(_Log4jLoggerFactory.java:45)) - Couldn't find template in cache for "Extent.ftl"("en_US", UTF-8, parsed); will try to load it.
2021-6-26 18:5:442 5219 INFO  [TestNG-test=Lemonade Test Cases-4] (ExtentManager.java:com.att.lemonade.utilities.ExtentManager.getTestKey(ExtentManager.java:104)) - Key=15[{attuid=SS8494, SICCode=, password=December@2019, ownerName=, svidName=, primaryCountry=, recordCount=1 records, priorYearTBRMaxValue=, successMessage=Wireline, SICDescription=, username=sr644a, nAICSDescription=, responseTime=227 Milliseconds, DomSubAcct=, SVID=T002RW, DUNSNumber=, primaryState=, primaryCity=, nAICSCode=, description=Field level Search with Attuid &SVID , globalSearch=, priorYearTBRMinValue=, runmode=Y}]
2021-6-26 18:5:443 5220 DEBUG [TestNG-test=Lemonade Test Cases-3] (_Log4jLoggerFactory.java:freemarker.log._Log4jLoggerFactory$Log4jLogger.debug(_Log4jLoggerFactory.java:45)) - TemplateLoader.findTemplateSource("Extent_en_US.ftl"): Not found
2021-6-26 18:5:443 5220 DEBUG [TestNG-test=Lemonade Test Cases-3] (_Log4jLoggerFactory.java:freemarker.log._Log4jLoggerFactory$Log4jLogger.debug(_Log4jLoggerFactory.java:45)) - TemplateLoader.findTemplateSource("Extent_en.ftl"): Not found
2021-6-26 18:5:444 5221 DEBUG [TestNG-test=Lemonade Test Cases-3] (_Log4jLoggerFactory.java:freemarker.log._Log4jLoggerFactory$Log4jLogger.debug(_Log4jLoggerFactory.java:45)) - TemplateLoader.findTemplateSource("Extent.ftl"): Found
2021-6-26 18:5:444 5221 DEBUG [TestNG-test=Lemonade Test Cases-3] (_Log4jLoggerFactory.java:freemarker.log._Log4jLoggerFactory$Log4jLogger.debug(_Log4jLoggerFactory.java:45)) - Loading template for "Extent.ftl"("en_US", UTF-8, parsed) from "jar:file:/C:/Users/SaranyaRamamoorthy/.m2/repository/com/relevantcodes/extentreports/2.41.2/extentreports-2.41.2.jar!/com/relevantcodes/extentreports/view/Extent.ftl"
2021-6-26 18:5:489 5266 DEBUG [TestNG-test=Lemonade Test Cases-1] (_Log4jLoggerFactory.java:freemarker.log._Log4jLoggerFactory$Log4jLogger.debug(_Log4jLoggerFactory.java:45)) - Couldn't find template in cache for "Extent.ftl"("en_US", UTF-8, parsed); will try to load it.
2021-6-26 18:5:489 5266 DEBUG [TestNG-test=Lemonade Test Cases-1] (_Log4jLoggerFactory.java:freemarker.log._Log4jLoggerFactory$Log4jLogger.debug(_Log4jLoggerFactory.java:45)) - TemplateLoader.findTemplateSource("Extent_en_US.ftl"): Not found
2021-6-26 18:5:490 5267 DEBUG [TestNG-test=Lemonade Test Cases-1] (_Log4jLoggerFactory.java:freemarker.log._Log4jLoggerFactory$Log4jLogger.debug(_Log4jLoggerFactory.java:45)) - TemplateLoader.findTemplateSource("Extent_en.ftl"): Not found
2021-6-26 18:5:490 5267 INFO  [TestNG-test=Lemonade Test Cases-3] (ExtentManager.java:com.att.lemonade.utilities.ExtentManager.getTestKey(ExtentManager.java:104)) - Key=15[{attuid=SS8494, accountName=, SICCode=, password=December@2019, ownerName=, svidName=, recordCount=2 records, priorYearTBRMaxValue=, SICDescription=, successMessage=Wireline, username=sr644a, nAICSDescription=, FNIndicator=, responseTime=290 MilliSeconds, SVID=, primaryState=, percentageFiber=, primaryCity=, primaryPhone=, fiberEligible=, accountStatus=, nAICSCode=Educational Services, description=Global search, globalSearch=, priorYearTBRMinValue=, primaryZip=, primaryStreet=, subAcctId=, runmode=Y, NoOfOpptys=}]
2021-6-26 18:5:491 5268 DEBUG [TestNG-test=Lemonade Test Cases-1] (_Log4jLoggerFactory.java:freemarker.log._Log4jLoggerFactory$Log4jLogger.debug(_Log4jLoggerFactory.java:45)) - TemplateLoader.findTemplateSource("Extent.ftl"): Found
2021-6-26 18:5:492 5269 DEBUG [TestNG-test=Lemonade Test Cases-1] (_Log4jLoggerFactory.java:freemarker.log._Log4jLoggerFactory$Log4jLogger.debug(_Log4jLoggerFactory.java:45)) - Loading template for "Extent.ftl"("en_US", UTF-8, parsed) from "jar:file:/C:/Users/SaranyaRamamoorthy/.m2/repository/com/relevantcodes/extentreports/2.41.2/extentreports-2.41.2.jar!/com/relevantcodes/extentreports/view/Extent.ftl"
2021-6-26 18:5:541 5318 DEBUG [TestNG-test=Lemonade Test Cases-5] (_Log4jLoggerFactory.java:freemarker.log._Log4jLoggerFactory$Log4jLogger.debug(_Log4jLoggerFactory.java:45)) - Couldn't find template in cache for "Extent.ftl"("en_US", UTF-8, parsed); will try to load it.
2021-6-26 18:5:542 5319 INFO  [TestNG-test=Lemonade Test Cases-1] (ExtentManager.java:com.att.lemonade.utilities.ExtentManager.getTestKey(ExtentManager.java:104)) - Key=16[{accountName=, SICCode=, password=December@2019, ownerName=, svidName=, recordCount=25 records, priorYearTBRMaxValue=, SICDescription=, successMessage=Wireline, username=sr644a, nAICSDescription=, FNIndicator=, responseTime=511 Milliseconds, SVID=, primaryState=MS, percentageFiber=, primaryCity=, primaryPhone=, fiberEligible=, accountStatus=, nAICSCode=, description=Global search, globalSearch=, priorYearTBRMinValue=, primaryZip=, primaryStreet=, subAcctId=, runmode=Y, NoOfOpptys=}]
2021-6-26 18:5:542 5319 DEBUG [TestNG-test=Lemonade Test Cases-5] (_Log4jLoggerFactory.java:freemarker.log._Log4jLoggerFactory$Log4jLogger.debug(_Log4jLoggerFactory.java:45)) - TemplateLoader.findTemplateSource("Extent_en_US.ftl"): Not found
2021-6-26 18:5:543 5320 DEBUG [TestNG-test=Lemonade Test Cases-5] (_Log4jLoggerFactory.java:freemarker.log._Log4jLoggerFactory$Log4jLogger.debug(_Log4jLoggerFactory.java:45)) - TemplateLoader.findTemplateSource("Extent_en.ftl"): Not found
2021-6-26 18:5:543 5320 DEBUG [TestNG-test=Lemonade Test Cases-5] (_Log4jLoggerFactory.java:freemarker.log._Log4jLoggerFactory$Log4jLogger.debug(_Log4jLoggerFactory.java:45)) - TemplateLoader.findTemplateSource("Extent.ftl"): Found
2021-6-26 18:5:543 5320 DEBUG [TestNG-test=Lemonade Test Cases-5] (_Log4jLoggerFactory.java:freemarker.log._Log4jLoggerFactory$Log4jLogger.debug(_Log4jLoggerFactory.java:45)) - Loading template for "Extent.ftl"("en_US", UTF-8, parsed) from "jar:file:/C:/Users/SaranyaRamamoorthy/.m2/repository/com/relevantcodes/extentreports/2.41.2/extentreports-2.41.2.jar!/com/relevantcodes/extentreports/view/Extent.ftl"
String valueN
]]></system-out>
  </testcase>
  <testcase name="TC01_Accounts_Admin_Flow" classname="com.att.lemonade.testcases.TC01_Accounts_Admin" time="0">
    <skipped message="Test Case[TC01_ACCOUNTS_ADMIN_FLOW:data-row-16]==&gt;is disabled"/>
    <system-out><![CDATA[2021-6-26 18:5:851 5628 INFO  [TestNG-test=Lemonade Test Cases-6] (ExtentManager.java:com.att.lemonade.utilities.ExtentManager.getTestKey(ExtentManager.java:104)) - Key=13[{attuid=lt1615, accountName=, firstName=, password=December@2028, svidName=, primaryCountry=, recordCount=121 records, columnDisplayVisible=, successMessage=Wireline, username=sr644a, responseTime=397 Milliseconds, filterOnEmailAndPhone=, SVID=, primaryState=TX, primaryCity=, primaryPhone=, lastName=, managementLevel=, description=FieldSearch, department=, globalSearch=, primaryZip=, subAcctId=, runmode=Y, title=}]
2021-6-26 18:5:848 5625 DEBUG [TestNG-test=Lemonade Test Cases-5] (_Log4jLoggerFactory.java:freemarker.log._Log4jLoggerFactory$Log4jLogger.debug(_Log4jLoggerFactory.java:45)) - Couldn't find template in cache for "Extent.ftl"("en_US", UTF-8, parsed); will try to load it.
2021-6-26 18:5:852 5629 DEBUG [TestNG-test=Lemonade Test Cases-5] (_Log4jLoggerFactory.java:freemarker.log._Log4jLoggerFactory$Log4jLogger.debug(_Log4jLoggerFactory.java:45)) - TemplateLoader.findTemplateSource("Extent_en_US.ftl"): Not found
2021-6-26 18:5:853 5630 DEBUG [TestNG-test=Lemonade Test Cases-5] (_Log4jLoggerFactory.java:freemarker.log._Log4jLoggerFactory$Log4jLogger.debug(_Log4jLoggerFactory.java:45)) - TemplateLoader.findTemplateSource("Extent_en.ftl"): Not found
2021-6-26 18:5:854 5631 DEBUG [TestNG-test=Lemonade Test Cases-5] (_Log4jLoggerFactory.java:freemarker.log._Log4jLoggerFactory$Log4jLogger.debug(_Log4jLoggerFactory.java:45)) - TemplateLoader.findTemplateSource("Extent.ftl"): Found
2021-6-26 18:5:854 5631 INFO  [TestNG-test=Lemonade Test Cases-3] (ExtentManager.java:com.att.lemonade.utilities.ExtentManager.getTestKey(ExtentManager.java:104)) - Key=16[{attuid=SS8494, accountName=, SICCode=, password=December@2019, ownerName=, svidName=, recordCount=400 records, priorYearTBRMaxValue=, SICDescription=, successMessage=Wireline, username=sr644a, nAICSDescription=Commercial Banking, FNIndicator=, responseTime=642 MilliSeconds, SVID=, primaryState=, percentageFiber=, primaryCity=, primaryPhone=, fiberEligible=, accountStatus=, nAICSCode=, description=Global search, globalSearch=, priorYearTBRMinValue=, primaryZip=, primaryStreet=, subAcctId=, runmode=Y, NoOfOpptys=}]
2021-6-26 18:5:854 5631 DEBUG [TestNG-test=Lemonade Test Cases-5] (_Log4jLoggerFactory.java:freemarker.log._Log4jLoggerFactory$Log4jLogger.debug(_Log4jLoggerFactory.java:45)) - Loading template for "Extent.ftl"("en_US", UTF-8, parsed) from "jar:file:/C:/Users/SaranyaRamamoorthy/.m2/repository/com/relevantcodes/extentreports/2.41.2/extentreports-2.41.2.jar!/com/relevantcodes/extentreports/view/Extent.ftl"
String valueN
String valueN
]]></system-out>
  </testcase>
  <testcase name="TC01_Accounts_Admin_Flow" classname="com.att.lemonade.testcases.TC01_Accounts_Admin" time="0">
    <skipped message="Test Case[TC01_ACCOUNTS_ADMIN_FLOW:data-row-17]==&gt;is disabled"/>
    <system-out><![CDATA[2021-6-26 18:5:309 6086 INFO  [TestNG-test=Lemonade Test Cases-4] (ExtentManager.java:com.att.lemonade.utilities.ExtentManager.getTestKey(ExtentManager.java:104)) - Key=17[{attuid=, SICCode=, password=December@2019, ownerName=, svidName=, primaryCountry=, recordCount=1 records, priorYearTBRMaxValue=, successMessage=Wireline, SICDescription=, username=sr644a, nAICSDescription=, responseTime=225 Milliseconds, DomSubAcct=, SVID=U35J8H, DUNSNumber=, primaryState=, primaryCity=, nAICSCode=, description=Field level Search with SVID , globalSearch=, priorYearTBRMinValue=, runmode=Y}]
2021-6-26 18:5:309 6086 DEBUG [TestNG-test=Lemonade Test Cases-5] (_Log4jLoggerFactory.java:freemarker.log._Log4jLoggerFactory$Log4jLogger.debug(_Log4jLoggerFactory.java:45)) - Couldn't find template in cache for "Extent.ftl"("en_US", UTF-8, parsed); will try to load it.
2021-6-26 18:5:310 6087 DEBUG [TestNG-test=Lemonade Test Cases-5] (_Log4jLoggerFactory.java:freemarker.log._Log4jLoggerFactory$Log4jLogger.debug(_Log4jLoggerFactory.java:45)) - TemplateLoader.findTemplateSource("Extent_en_US.ftl"): Not found
2021-6-26 18:5:310 6087 DEBUG [TestNG-test=Lemonade Test Cases-5] (_Log4jLoggerFactory.java:freemarker.log._Log4jLoggerFactory$Log4jLogger.debug(_Log4jLoggerFactory.java:45)) - TemplateLoader.findTemplateSource("Extent_en.ftl"): Not found
2021-6-26 18:5:311 6088 DEBUG [TestNG-test=Lemonade Test Cases-5] (_Log4jLoggerFactory.java:freemarker.log._Log4jLoggerFactory$Log4jLogger.debug(_Log4jLoggerFactory.java:45)) - TemplateLoader.findTemplateSource("Extent.ftl"): Found
2021-6-26 18:5:311 6088 DEBUG [TestNG-test=Lemonade Test Cases-5] (_Log4jLoggerFactory.java:freemarker.log._Log4jLoggerFactory$Log4jLogger.debug(_Log4jLoggerFactory.java:45)) - Loading template for "Extent.ftl"("en_US", UTF-8, parsed) from "jar:file:/C:/Users/SaranyaRamamoorthy/.m2/repository/com/relevantcodes/extentreports/2.41.2/extentreports-2.41.2.jar!/com/relevantcodes/extentreports/view/Extent.ftl"
2021-6-26 18:5:324 6101 INFO  [TestNG-test=Lemonade Test Cases-1] (ExtentManager.java:com.att.lemonade.utilities.ExtentManager.getTestKey(ExtentManager.java:104)) - Key=19[{accountName=, SICCode=6211.0, password=December@2019, ownerName=, svidName=, recordCount=57 records, priorYearTBRMaxValue=, SICDescription=, successMessage=Wireline, username=sr644a, nAICSDescription=, FNIndicator=, responseTime=736 Milliseconds, SVID=, primaryState=, percentageFiber=, primaryCity=, primaryPhone=, fiberEligible=, accountStatus=, nAICSCode=, description=Global search, globalSearch=, priorYearTBRMinValue=, primaryZip=, primaryStreet=, subAcctId=, runmode=Y, NoOfOpptys=}]
String valueN
]]></system-out>
  </testcase>
  <testcase name="TC01_Accounts_Admin_Flow" classname="com.att.lemonade.testcases.TC01_Accounts_Admin" time="0">
    <skipped message="Test Case[TC01_ACCOUNTS_ADMIN_FLOW:data-row-18]==&gt;is disabled"/>
    <system-out><![CDATA[2021-6-26 18:5:463 6240 INFO  [TestNG-test=Lemonade Test Cases-1] (ExtentManager.java:com.att.lemonade.utilities.ExtentManager.getTestKey(ExtentManager.java:104)) - Key=19[{accountName=, SICCode=6211.0, password=December@2019, ownerName=, svidName=, recordCount=57 records, priorYearTBRMaxValue=, SICDescription=, successMessage=Wireline, username=sr644a, nAICSDescription=, FNIndicator=, responseTime=736 Milliseconds, SVID=, primaryState=, percentageFiber=, primaryCity=, primaryPhone=, fiberEligible=, accountStatus=, nAICSCode=, description=Global search, globalSearch=, priorYearTBRMinValue=, primaryZip=, primaryStreet=, subAcctId=, runmode=Y, NoOfOpptys=}]
2021-6-26 18:5:463 6240 DEBUG [TestNG-test=Lemonade Test Cases-4] (_Log4jLoggerFactory.java:freemarker.log._Log4jLoggerFactory$Log4jLogger.debug(_Log4jLoggerFactory.java:45)) - Couldn't find template in cache for "Extent.ftl"("en_US", UTF-8, parsed); will try to load it.
2021-6-26 18:5:462 6239 INFO  [TestNG-test=Lemonade Test Cases-5] (ExtentManager.java:com.att.lemonade.utilities.ExtentManager.getTestKey(ExtentManager.java:104)) - Key=15[{accountName=, firstName=, password=December@2029, svidName=, primaryCountry=, recordCount=, successMessage=Wireline, username=sr644a, responseTime=, SVID=, filterOnEmailAndPhone=, primaryState=, primaryCity=, primaryPhone=, lastName=, managementLevel=, description=FieldSearch, department=, globalSearch=, primaryZip=, subAcctId=, runmode=Y, title=}]
2021-6-26 18:5:465 6242 DEBUG [TestNG-test=Lemonade Test Cases-4] (_Log4jLoggerFactory.java:freemarker.log._Log4jLoggerFactory$Log4jLogger.debug(_Log4jLoggerFactory.java:45)) - TemplateLoader.findTemplateSource("Extent_en_US.ftl"): Not found
2021-6-26 18:5:467 6244 DEBUG [TestNG-test=Lemonade Test Cases-4] (_Log4jLoggerFactory.java:freemarker.log._Log4jLoggerFactory$Log4jLogger.debug(_Log4jLoggerFactory.java:45)) - TemplateLoader.findTemplateSource("Extent_en.ftl"): Not found
2021-6-26 18:5:468 6245 DEBUG [TestNG-test=Lemonade Test Cases-4] (_Log4jLoggerFactory.java:freemarker.log._Log4jLoggerFactory$Log4jLogger.debug(_Log4jLoggerFactory.java:45)) - TemplateLoader.findTemplateSource("Extent.ftl"): Found
2021-6-26 18:5:469 6246 DEBUG [TestNG-test=Lemonade Test Cases-4] (_Log4jLoggerFactory.java:freemarker.log._Log4jLoggerFactory$Log4jLogger.debug(_Log4jLoggerFactory.java:45)) - Loading template for "Extent.ftl"("en_US", UTF-8, parsed) from "jar:file:/C:/Users/SaranyaRamamoorthy/.m2/repository/com/relevantcodes/extentreports/2.41.2/extentreports-2.41.2.jar!/com/relevantcodes/extentreports/view/Extent.ftl"
String valueN
]]></system-out>
  </testcase>
  <testcase name="TC01_Accounts_Admin_Flow" classname="com.att.lemonade.testcases.TC01_Accounts_Admin" time="0">
    <skipped message="Test Case[TC01_ACCOUNTS_ADMIN_FLOW:data-row-19]==&gt;is disabled"/>
    <system-out><![CDATA[2021-6-26 18:5:873 6650 INFO  [TestNG-test=Lemonade Test Cases-6] (ExtentManager.java:com.att.lemonade.utilities.ExtentManager.getTestKey(ExtentManager.java:104)) - Key=16[{attuid=, accountName=INTERNATIONAL BEAMS LLC, firstName=, password=December@2030, svidName=, primaryCountry=, recordCount=18 records, columnDisplayVisible=, successMessage=Wireline, username=sr644a, responseTime=644 Milliseconds, filterOnEmailAndPhone=, SVID=, primaryState=, primaryCity=, primaryPhone=, lastName=, managementLevel=, description=FieldSearch, department=, globalSearch=, primaryZip=, subAcctId=, runmode=Y, title=}]
2021-6-26 18:5:873 6650 DEBUG [TestNG-test=Lemonade Test Cases-5] (_Log4jLoggerFactory.java:freemarker.log._Log4jLoggerFactory$Log4jLogger.debug(_Log4jLoggerFactory.java:45)) - TemplateLoader.findTemplateSource("Extent_en.ftl"): Not found
2021-6-26 18:5:875 6652 DEBUG [TestNG-test=Lemonade Test Cases-5] (_Log4jLoggerFactory.java:freemarker.log._Log4jLoggerFactory$Log4jLogger.debug(_Log4jLoggerFactory.java:45)) - TemplateLoader.findTemplateSource("Extent.ftl"): Found
2021-6-26 18:5:875 6652 DEBUG [TestNG-test=Lemonade Test Cases-5] (_Log4jLoggerFactory.java:freemarker.log._Log4jLoggerFactory$Log4jLogger.debug(_Log4jLoggerFactory.java:45)) - Loading template for "Extent.ftl"("en_US", UTF-8, parsed) from "jar:file:/C:/Users/SaranyaRamamoorthy/.m2/repository/com/relevantcodes/extentreports/2.41.2/extentreports-2.41.2.jar!/com/relevantcodes/extentreports/view/Extent.ftl"
2021-6-26 18:5:876 6653 INFO  [TestNG-test=Lemonade Test Cases-3] (ExtentManager.java:com.att.lemonade.utilities.ExtentManager.getTestKey(ExtentManager.java:104)) - Key=19[{attuid=GR4568, accountName=, SICCode=, password=December@2019, ownerName=, svidName=, recordCount=No data found, priorYearTBRMaxValue=, SICDescription=, successMessage=Wireline, username=sr644a, nAICSDescription=, FNIndicator=, responseTime=No data found, SVID=, primaryState=, percentageFiber=, primaryCity=Stillwater
	, primaryPhone=, fiberEligible=, accountStatus=, nAICSCode=, description=Global search, globalSearch=, priorYearTBRMinValue=, primaryZip=, primaryStreet=, subAcctId=, runmode=Y, NoOfOpptys=}]
2021-6-26 18:5:915 6692 DEBUG [TestNG-test=Lemonade Test Cases-4] (_Log4jLoggerFactory.java:freemarker.log._Log4jLoggerFactory$Log4jLogger.debug(_Log4jLoggerFactory.java:45)) - Couldn't find template in cache for "Extent.ftl"("en_US", UTF-8, parsed); will try to load it.
2021-6-26 18:5:916 6693 DEBUG [TestNG-test=Lemonade Test Cases-4] (_Log4jLoggerFactory.java:freemarker.log._Log4jLoggerFactory$Log4jLogger.debug(_Log4jLoggerFactory.java:45)) - TemplateLoader.findTemplateSource("Extent_en_US.ftl"): Not found
2021-6-26 18:5:917 6694 DEBUG [TestNG-test=Lemonade Test Cases-4] (_Log4jLoggerFactory.java:freemarker.log._Log4jLoggerFactory$Log4jLogger.debug(_Log4jLoggerFactory.java:45)) - TemplateLoader.findTemplateSource("Extent_en.ftl"): Not found
2021-6-26 18:5:917 6694 DEBUG [TestNG-test=Lemonade Test Cases-4] (_Log4jLoggerFactory.java:freemarker.log._Log4jLoggerFactory$Log4jLogger.debug(_Log4jLoggerFactory.java:45)) - TemplateLoader.findTemplateSource("Extent.ftl"): Found
2021-6-26 18:5:918 6695 DEBUG [TestNG-test=Lemonade Test Cases-4] (_Log4jLoggerFactory.java:freemarker.log._Log4jLoggerFactory$Log4jLogger.debug(_Log4jLoggerFactory.java:45)) - Loading template for "Extent.ftl"("en_US", UTF-8, parsed) from "jar:file:/C:/Users/SaranyaRamamoorthy/.m2/repository/com/relevantcodes/extentreports/2.41.2/extentreports-2.41.2.jar!/com/relevantcodes/extentreports/view/Extent.ftl"
2021-6-26 18:5:919 6696 INFO  [TestNG-test=Lemonade Test Cases-5] (ExtentManager.java:com.att.lemonade.utilities.ExtentManager.getTestKey(ExtentManager.java:104)) - Key=17[{accountName=, firstName=, password=December@2029, svidName=, primaryCountry=, recordCount=, successMessage=Wireline, username=sr644a, responseTime=, SVID=, filterOnEmailAndPhone=, primaryState=, primaryCity=, primaryPhone=, lastName=, managementLevel=, description=FieldSearch, department=, globalSearch=UNKNOWN, primaryZip=, subAcctId=, runmode=Y, title=}]
String valueN
]]></system-out>
  </testcase>
  <testcase name="TC01_Accounts_Admin_Flow" classname="com.att.lemonade.testcases.TC01_Accounts_Admin" time="0">
    <skipped message="Test Case[TC01_ACCOUNTS_ADMIN_FLOW:data-row-20]==&gt;is disabled"/>
    <system-out><![CDATA[2021-6-26 18:5:124 6901 INFO  [TestNG-test=Lemonade Test Cases-1] (ExtentManager.java:com.att.lemonade.utilities.ExtentManager.getTestKey(ExtentManager.java:104)) - Key=22[{accountName=, SICCode=, password=December@2019, ownerName=, svidName=, recordCount=19 records, priorYearTBRMaxValue=, SICDescription=Organizations, successMessage=Wireline, username=sr644a, nAICSDescription=, FNIndicator=, responseTime=420 Milliseconds, SVID=, primaryState=, percentageFiber=, primaryCity=, primaryPhone=, fiberEligible=, accountStatus=, nAICSCode=, description=Global search, globalSearch=, priorYearTBRMinValue=, primaryZip=, primaryStreet=, subAcctId=, runmode=Y, NoOfOpptys=}]
2021-6-26 18:5:140 6917 INFO  [TestNG-test=Lemonade Test Cases-3] (ExtentManager.java:com.att.lemonade.utilities.ExtentManager.getTestKey(ExtentManager.java:104)) - Key=20[{attuid=GR4568, accountName=, SICCode=, password=December@2019, ownerName=, svidName=, recordCount=No data found, priorYearTBRMaxValue=, SICDescription=, successMessage=Wireline, username=sr644a, nAICSDescription=, FNIndicator=, responseTime=No data found, SVID=, primaryState=AL, percentageFiber=, primaryCity=, primaryPhone=, fiberEligible=, accountStatus=, nAICSCode=, description=Global search, globalSearch=, priorYearTBRMinValue=, primaryZip=, primaryStreet=, subAcctId=, runmode=Y, NoOfOpptys=}]
2021-6-26 18:5:178 6955 DEBUG [TestNG-test=Lemonade Test Cases-4] (_Log4jLoggerFactory.java:freemarker.log._Log4jLoggerFactory$Log4jLogger.debug(_Log4jLoggerFactory.java:45)) - Couldn't find template in cache for "Extent.ftl"("en_US", UTF-8, parsed); will try to load it.
2021-6-26 18:5:179 6956 DEBUG [TestNG-test=Lemonade Test Cases-4] (_Log4jLoggerFactory.java:freemarker.log._Log4jLoggerFactory$Log4jLogger.debug(_Log4jLoggerFactory.java:45)) - TemplateLoader.findTemplateSource("Extent_en_US.ftl"): Not found
2021-6-26 18:5:181 6958 DEBUG [TestNG-test=Lemonade Test Cases-4] (_Log4jLoggerFactory.java:freemarker.log._Log4jLoggerFactory$Log4jLogger.debug(_Log4jLoggerFactory.java:45)) - TemplateLoader.findTemplateSource("Extent_en.ftl"): Not found
2021-6-26 18:5:181 6958 DEBUG [TestNG-test=Lemonade Test Cases-4] (_Log4jLoggerFactory.java:freemarker.log._Log4jLoggerFactory$Log4jLogger.debug(_Log4jLoggerFactory.java:45)) - TemplateLoader.findTemplateSource("Extent.ftl"): Found
2021-6-26 18:5:182 6959 DEBUG [TestNG-test=Lemonade Test Cases-4] (_Log4jLoggerFactory.java:freemarker.log._Log4jLoggerFactory$Log4jLogger.debug(_Log4jLoggerFactory.java:45)) - Loading template for "Extent.ftl"("en_US", UTF-8, parsed) from "jar:file:/C:/Users/SaranyaRamamoorthy/.m2/repository/com/relevantcodes/extentreports/2.41.2/extentreports-2.41.2.jar!/com/relevantcodes/extentreports/view/Extent.ftl"
2021-6-26 18:5:179 6956 INFO  [TestNG-test=Lemonade Test Cases-5] (ExtentManager.java:com.att.lemonade.utilities.ExtentManager.getTestKey(ExtentManager.java:104)) - Key=18[{accountName=, firstName=, password=December@2029, svidName=, primaryCountry=, recordCount=, successMessage=Wireline, username=sr644a, responseTime=, SVID=, filterOnEmailAndPhone=, primaryState=, primaryCity=, primaryPhone=, lastName=, managementLevel=, description=FieldSearch, department=, globalSearch=33021.0, primaryZip=, subAcctId=, runmode=Y, title=}]
String valueN
String valueN
]]></system-out>
  </testcase>
  <testcase name="TC01_Accounts_Admin_Flow" classname="com.att.lemonade.testcases.TC01_Accounts_Admin" time="0">
    <skipped message="Test Case[TC01_ACCOUNTS_ADMIN_FLOW:data-row-21]==&gt;is disabled"/>
    <system-out><![CDATA[2021-6-26 18:5:436 7213 INFO  [TestNG-test=Lemonade Test Cases-1] (ExtentManager.java:com.att.lemonade.utilities.ExtentManager.getTestKey(ExtentManager.java:104)) - Key=23[{accountName=, SICCode=, password=December@2019, ownerName=, svidName=, recordCount=5 records, priorYearTBRMaxValue=, SICDescription=Miscellaneous, successMessage=Wireline, username=sr644a, nAICSDescription=, FNIndicator=, responseTime=316 Milliseconds, SVID=, primaryState=, percentageFiber=, primaryCity=, primaryPhone=, fiberEligible=, accountStatus=, nAICSCode=, description=Global search, globalSearch=, priorYearTBRMinValue=, primaryZip=, primaryStreet=, subAcctId=, runmode=Y, NoOfOpptys=}]
2021-6-26 18:5:436 7213 DEBUG [TestNG-test=Lemonade Test Cases-4] (_Log4jLoggerFactory.java:freemarker.log._Log4jLoggerFactory$Log4jLogger.debug(_Log4jLoggerFactory.java:45)) - Couldn't find template in cache for "Extent.ftl"("en_US", UTF-8, parsed); will try to load it.
2021-6-26 18:5:437 7214 DEBUG [TestNG-test=Lemonade Test Cases-4] (_Log4jLoggerFactory.java:freemarker.log._Log4jLoggerFactory$Log4jLogger.debug(_Log4jLoggerFactory.java:45)) - TemplateLoader.findTemplateSource("Extent_en_US.ftl"): Not found
2021-6-26 18:5:437 7214 INFO  [TestNG-test=Lemonade Test Cases-3] (ExtentManager.java:com.att.lemonade.utilities.ExtentManager.getTestKey(ExtentManager.java:104)) - Key=21[{attuid=GR4568, accountName=, SICCode=, password=December@2019, ownerName=, svidName=, recordCount=No data found, priorYearTBRMaxValue=, SICDescription=, successMessage=Wireline, username=sr644a, nAICSDescription=, FNIndicator=, responseTime=No data found, SVID=, primaryState=, percentageFiber=, primaryCity=, primaryPhone=, fiberEligible=, accountStatus=, nAICSCode=, description=Global search, globalSearch=, priorYearTBRMinValue=, primaryZip=7.73403513E8, primaryStreet=, subAcctId=, runmode=Y, NoOfOpptys=}]
2021-6-26 18:5:438 7215 DEBUG [TestNG-test=Lemonade Test Cases-4] (_Log4jLoggerFactory.java:freemarker.log._Log4jLoggerFactory$Log4jLogger.debug(_Log4jLoggerFactory.java:45)) - TemplateLoader.findTemplateSource("Extent_en.ftl"): Not found
2021-6-26 18:5:438 7215 DEBUG [TestNG-test=Lemonade Test Cases-4] (_Log4jLoggerFactory.java:freemarker.log._Log4jLoggerFactory$Log4jLogger.debug(_Log4jLoggerFactory.java:45)) - TemplateLoader.findTemplateSource("Extent.ftl"): Found
2021-6-26 18:5:438 7215 DEBUG [TestNG-test=Lemonade Test Cases-4] (_Log4jLoggerFactory.java:freemarker.log._Log4jLoggerFactory$Log4jLogger.debug(_Log4jLoggerFactory.java:45)) - Loading template for "Extent.ftl"("en_US", UTF-8, parsed) from "jar:file:/C:/Users/SaranyaRamamoorthy/.m2/repository/com/relevantcodes/extentreports/2.41.2/extentreports-2.41.2.jar!/com/relevantcodes/extentreports/view/Extent.ftl"
2021-6-26 18:5:493 7270 DEBUG [TestNG-test=Lemonade Test Cases-5] (_Log4jLoggerFactory.java:freemarker.log._Log4jLoggerFactory$Log4jLogger.debug(_Log4jLoggerFactory.java:45)) - Couldn't find template in cache for "Extent.ftl"("en_US", UTF-8, parsed); will try to load it.
2021-6-26 18:5:493 7270 INFO  [TestNG-test=Lemonade Test Cases-4] (ExtentManager.java:com.att.lemonade.utilities.ExtentManager.getTestKey(ExtentManager.java:104)) - Key=21[{attuid=, SICCode=, password=December@2019, ownerName=, svidName=, primaryCountry=, recordCount=1 records, priorYearTBRMaxValue=, successMessage=Wireline, SICDescription=, username=sr644a, nAICSDescription=, responseTime=247 Milliseconds, DomSubAcct=, SVID=, DUNSNumber=8.09746415E8, primaryState=, primaryCity=, nAICSCode=, description=Field level Search with Duns, globalSearch=, priorYearTBRMinValue=, runmode=Y}]
2021-6-26 18:5:494 7271 DEBUG [TestNG-test=Lemonade Test Cases-5] (_Log4jLoggerFactory.java:freemarker.log._Log4jLoggerFactory$Log4jLogger.debug(_Log4jLoggerFactory.java:45)) - TemplateLoader.findTemplateSource("Extent_en_US.ftl"): Not found
2021-6-26 18:5:494 7271 DEBUG [TestNG-test=Lemonade Test Cases-5] (_Log4jLoggerFactory.java:freemarker.log._Log4jLoggerFactory$Log4jLogger.debug(_Log4jLoggerFactory.java:45)) - TemplateLoader.findTemplateSource("Extent_en.ftl"): Not found
2021-6-26 18:5:495 7272 DEBUG [TestNG-test=Lemonade Test Cases-5] (_Log4jLoggerFactory.java:freemarker.log._Log4jLoggerFactory$Log4jLogger.debug(_Log4jLoggerFactory.java:45)) - TemplateLoader.findTemplateSource("Extent.ftl"): Found
2021-6-26 18:5:495 7272 DEBUG [TestNG-test=Lemonade Test Cases-5] (_Log4jLoggerFactory.java:freemarker.log._Log4jLoggerFactory$Log4jLogger.debug(_Log4jLoggerFactory.java:45)) - Loading template for "Extent.ftl"("en_US", UTF-8, parsed) from "jar:file:/C:/Users/SaranyaRamamoorthy/.m2/repository/com/relevantcodes/extentreports/2.41.2/extentreports-2.41.2.jar!/com/relevantcodes/extentreports/view/Extent.ftl"
String valueN
String valueN
]]></system-out>
  </testcase>
  <testcase name="TC01_Accounts_Admin_Flow" classname="com.att.lemonade.testcases.TC01_Accounts_Admin" time="0">
    <skipped message="Test Case[TC01_ACCOUNTS_ADMIN_FLOW:data-row-22]==&gt;is disabled"/>
    <system-out><![CDATA[String valueN
2021-6-26 18:5:964 7741 INFO  [TestNG-test=Lemonade Test Cases-1] (ExtentManager.java:com.att.lemonade.utilities.ExtentManager.getTestKey(ExtentManager.java:104)) - Key=25[{accountName=, SICCode=, password=December@2019, ownerName=, svidName=, recordCount=No data found, priorYearTBRMaxValue=, SICDescription=, successMessage=Wireline, username=sr644a, nAICSDescription=Manufacturing-Metal,Machinery,Computer,Electronic,Electrical,Appliance, FNIndicator=, responseTime=No data found, SVID=, primaryState=, percentageFiber=, primaryCity=, primaryPhone=, fiberEligible=, accountStatus=, nAICSCode=, description=Global search, globalSearch=, priorYearTBRMinValue=, primaryZip=, primaryStreet=, subAcctId=, runmode=Y, NoOfOpptys=}]
2021-6-26 18:5:964 7741 DEBUG [TestNG-test=Lemonade Test Cases-1] (_Log4jLoggerFactory.java:freemarker.log._Log4jLoggerFactory$Log4jLogger.debug(_Log4jLoggerFactory.java:45)) - Couldn't find template in cache for "Extent.ftl"("en_US", UTF-8, parsed); will try to load it.
]]></system-out>
  </testcase>
  <testcase name="TC05_My_SVIDS_Flow" classname="com.att.lemonade.testcases.TC05_My_SVIDS" time="69.79"/>
  <testcase name="TC05_My_SVIDS_Flow" classname="com.att.lemonade.testcases.TC05_My_SVIDS" time="79.521"/>
  <testcase name="TC05_My_SVIDS_Flow" classname="com.att.lemonade.testcases.TC05_My_SVIDS" time="79.207"/>
  <testcase name="TC05_My_SVIDS_Flow" classname="com.att.lemonade.testcases.TC05_My_SVIDS" time="80.153"/>
  <testcase name="TC05_My_SVIDS_Flow" classname="com.att.lemonade.testcases.TC05_My_SVIDS" time="73.009"/>
  <testcase name="TC05_My_SVIDS_Flow" classname="com.att.lemonade.testcases.TC05_My_SVIDS" time="78.147"/>
  <testcase name="TC05_My_SVIDS_Flow" classname="com.att.lemonade.testcases.TC05_My_SVIDS" time="78.959"/>
  <testcase name="TC05_My_SVIDS_Flow" classname="com.att.lemonade.testcases.TC05_My_SVIDS" time="78.371"/>
  <testcase name="TC05_My_SVIDS_Flow" classname="com.att.lemonade.testcases.TC05_My_SVIDS" time="175.447"/>
  <testcase name="TC05_My_SVIDS_Flow" classname="com.att.lemonade.testcases.TC05_My_SVIDS" time="79.738"/>
  <testcase name="TC05_My_SVIDS_Flow" classname="com.att.lemonade.testcases.TC05_My_SVIDS" time="78.999"/>
  <testcase name="TC05_My_SVIDS_Flow" classname="com.att.lemonade.testcases.TC05_My_SVIDS" time="175.246"/>
  <testcase name="TC05_My_SVIDS_Flow" classname="com.att.lemonade.testcases.TC05_My_SVIDS" time="85.743"/>
  <testcase name="TC05_My_SVIDS_Flow" classname="com.att.lemonade.testcases.TC05_My_SVIDS" time="179.68"/>
  <testcase name="TC05_My_SVIDS_Flow" classname="com.att.lemonade.testcases.TC05_My_SVIDS" time="180.757"/>
</testsuite>