<?xml version="1.0" encoding="UTF-8"?>
<!-- Generated by org.testng.reporters.JUnitReportReporter -->
<testsuite skipped="473" hostname="sramamo1" name="com.att.myprice.testcases.TC07_ASE_Firm_AutoApproval_ERateN" tests="473" failures="0" timestamp="20 Sep 2019 11:48:46 GMT" time="6.214" errors="0">
  <testcase name="TC07_ASE_Firm_AutoApproval" time="0.001" classname="com.att.myprice.testcases.TC07_ASE_Firm_AutoApproval_ERateN">
    <skipped/>
  </testcase> <!-- TC07_ASE_Firm_AutoApproval -->
  <testcase name="TC07_ASE_Firm_AutoApproval" time="0.057" classname="com.att.myprice.testcases.TC07_ASE_Firm_AutoApproval_ERateN">
    <skipped/>
  </testcase> <!-- TC07_ASE_Firm_AutoApproval -->
  <testcase name="TC07_ASE_Firm_AutoApproval" time="0.293" classname="com.att.myprice.testcases.TC07_ASE_Firm_AutoApproval_ERateN">
    <skipped/>
  </testcase> <!-- TC07_ASE_Firm_AutoApproval -->
  <testcase name="TC07_ASE_Firm_AutoApproval" time="0.001" classname="com.att.myprice.testcases.TC07_ASE_Firm_AutoApproval_ERateN">
    <skipped/>
  </testcase> <!-- TC07_ASE_Firm_AutoApproval -->
  <testcase name="TC07_ASE_Firm_AutoApproval" time="0.016" classname="com.att.myprice.testcases.TC07_ASE_Firm_AutoApproval_ERateN">
    <skipped/>
  </testcase> <!-- TC07_ASE_Firm_AutoApproval -->
  <testcase name="TC07_ASE_Firm_AutoApproval" time="0.001" classname="com.att.myprice.testcases.TC07_ASE_Firm_AutoApproval_ERateN">
    <skipped/>
  </testcase> <!-- TC07_ASE_Firm_AutoApproval -->
  <testcase name="TC07_ASE_Firm_AutoApproval" time="0.001" classname="com.att.myprice.testcases.TC07_ASE_Firm_AutoApproval_ERateN">
    <skipped/>
  </testcase> <!-- TC07_ASE_Firm_AutoApproval -->
  <testcase name="TC07_ASE_Firm_AutoApproval" time="0.002" classname="com.att.myprice.testcases.TC07_ASE_Firm_AutoApproval_ERateN">
    <skipped/>
  </testcase> <!-- TC07_ASE_Firm_AutoApproval -->
  <testcase name="TC07_ASE_Firm_AutoApproval" time="0.001" classname="com.att.myprice.testcases.TC07_ASE_Firm_AutoApproval_ERateN">
    <skipped/>
  </testcase> <!-- TC07_ASE_Firm_AutoApproval -->
  <testcase name="TC07_ASE_Firm_AutoApproval" time="0.001" classname="com.att.myprice.testcases.TC07_ASE_Firm_AutoApproval_ERateN">
    <skipped/>
  </testcase> <!-- TC07_ASE_Firm_AutoApproval -->
  <testcase name="TC07_ASE_Firm_AutoApproval" time="0.004" classname="com.att.myprice.testcases.TC07_ASE_Firm_AutoApproval_ERateN">
    <skipped/>
  </testcase> <!-- TC07_ASE_Firm_AutoApproval -->
  <testcase name="TC07_ASE_Firm_AutoApproval" time="0.001" classname="com.att.myprice.testcases.TC07_ASE_Firm_AutoApproval_ERateN">
    <skipped/>
  </testcase> <!-- TC07_ASE_Firm_AutoApproval -->
  <testcase name="TC07_ASE_Firm_AutoApproval" time="0.000" classname="com.att.myprice.testcases.TC07_ASE_Firm_AutoApproval_ERateN">
    <skipped/>
  </testcase> <!-- TC07_ASE_Firm_AutoApproval -->
  <testcase name="TC07_ASE_Firm_AutoApproval" time="0.002" classname="com.att.myprice.testcases.TC07_ASE_Firm_AutoApproval_ERateN">
    <skipped/>
  </testcase> <!-- TC07_ASE_Firm_AutoApproval -->
  <testcase name="TC07_ASE_Firm_AutoApproval" time="0.001" classname="com.att.myprice.testcases.TC07_ASE_Firm_AutoApproval_ERateN">
    <skipped/>
  </testcase> <!-- TC07_ASE_Firm_AutoApproval -->
  <testcase name="TC07_ASE_Firm_AutoApproval" time="0.001" classname="com.att.myprice.testcases.TC07_ASE_Firm_AutoApproval_ERateN">
    <skipped/>
  </testcase> <!-- TC07_ASE_Firm_AutoApproval -->
  <testcase name="TC07_ASE_Firm_AutoApproval" time="0.001" classname="com.att.myprice.testcases.TC07_ASE_Firm_AutoApproval_ERateN">
    <skipped/>
  </testcase> <!-- TC07_ASE_Firm_AutoApproval -->
  <testcase name="TC07_ASE_Firm_AutoApproval" time="0.001" classname="com.att.myprice.testcases.TC07_ASE_Firm_AutoApproval_ERateN">
    <skipped/>
  </testcase> <!-- TC07_ASE_Firm_AutoApproval -->
  <testcase name="TC07_ASE_Firm_AutoApproval" time="0.000" classname="com.att.myprice.testcases.TC07_ASE_Firm_AutoApproval_ERateN">
    <skipped/>
  </testcase> <!-- TC07_ASE_Firm_AutoApproval -->
  <testcase name="TC07_ASE_Firm_AutoApproval" time="0.001" classname="com.att.myprice.testcases.TC07_ASE_Firm_AutoApproval_ERateN">
    <skipped/>
  </testcase> <!-- TC07_ASE_Firm_AutoApproval -->
  <testcase name="TC07_ASE_Firm_AutoApproval" time="0.000" classname="com.att.myprice.testcases.TC07_ASE_Firm_AutoApproval_ERateN">
    <skipped/>
  </testcase> <!-- TC07_ASE_Firm_AutoApproval -->
  <testcase name="TC07_ASE_Firm_AutoApproval" time="0.009" classname="com.att.myprice.testcases.TC07_ASE_Firm_AutoApproval_ERateN">
    <skipped/>
  </testcase> <!-- TC07_ASE_Firm_AutoApproval -->
  <testcase name="TC07_ASE_Firm_AutoApproval" time="0.001" classname="com.att.myprice.testcases.TC07_ASE_Firm_AutoApproval_ERateN">
    <skipped/>
  </testcase> <!-- TC07_ASE_Firm_AutoApproval -->
  <testcase name="TC07_ASE_Firm_AutoApproval" time="0.001" classname="com.att.myprice.testcases.TC07_ASE_Firm_AutoApproval_ERateN">
    <skipped/>
  </testcase> <!-- TC07_ASE_Firm_AutoApproval -->
  <testcase name="TC07_ASE_Firm_AutoApproval" time="0.000" classname="com.att.myprice.testcases.TC07_ASE_Firm_AutoApproval_ERateN">
    <skipped/>
  </testcase> <!-- TC07_ASE_Firm_AutoApproval -->
  <testcase name="TC07_ASE_Firm_AutoApproval" time="0.022" classname="com.att.myprice.testcases.TC07_ASE_Firm_AutoApproval_ERateN">
    <skipped/>
  </testcase> <!-- TC07_ASE_Firm_AutoApproval -->
  <testcase name="TC07_ASE_Firm_AutoApproval" time="0.001" classname="com.att.myprice.testcases.TC07_ASE_Firm_AutoApproval_ERateN">
    <skipped/>
  </testcase> <!-- TC07_ASE_Firm_AutoApproval -->
  <testcase name="TC07_ASE_Firm_AutoApproval" time="0.035" classname="com.att.myprice.testcases.TC07_ASE_Firm_AutoApproval_ERateN">
    <skipped/>
  </testcase> <!-- TC07_ASE_Firm_AutoApproval -->
  <testcase name="TC07_ASE_Firm_AutoApproval" time="0.001" classname="com.att.myprice.testcases.TC07_ASE_Firm_AutoApproval_ERateN">
    <skipped/>
  </testcase> <!-- TC07_ASE_Firm_AutoApproval -->
  <testcase name="TC07_ASE_Firm_AutoApproval" time="0.001" classname="com.att.myprice.testcases.TC07_ASE_Firm_AutoApproval_ERateN">
    <skipped/>
  </testcase> <!-- TC07_ASE_Firm_AutoApproval -->
  <testcase name="TC07_ASE_Firm_AutoApproval" time="0.002" classname="com.att.myprice.testcases.TC07_ASE_Firm_AutoApproval_ERateN">
    <skipped/>
  </testcase> <!-- TC07_ASE_Firm_AutoApproval -->
  <testcase name="TC07_ASE_Firm_AutoApproval" time="0.001" classname="com.att.myprice.testcases.TC07_ASE_Firm_AutoApproval_ERateN">
    <skipped/>
  </testcase> <!-- TC07_ASE_Firm_AutoApproval -->
  <testcase name="TC07_ASE_Firm_AutoApproval" time="0.026" classname="com.att.myprice.testcases.TC07_ASE_Firm_AutoApproval_ERateN">
    <skipped/>
  </testcase> <!-- TC07_ASE_Firm_AutoApproval -->
  <testcase name="TC07_ASE_Firm_AutoApproval" time="0.001" classname="com.att.myprice.testcases.TC07_ASE_Firm_AutoApproval_ERateN">
    <skipped/>
  </testcase> <!-- TC07_ASE_Firm_AutoApproval -->
  <testcase name="TC07_ASE_Firm_AutoApproval" time="0.001" classname="com.att.myprice.testcases.TC07_ASE_Firm_AutoApproval_ERateN">
    <skipped/>
  </testcase> <!-- TC07_ASE_Firm_AutoApproval -->
  <testcase name="TC07_ASE_Firm_AutoApproval" time="0.001" classname="com.att.myprice.testcases.TC07_ASE_Firm_AutoApproval_ERateN">
    <skipped/>
  </testcase> <!-- TC07_ASE_Firm_AutoApproval -->
  <testcase name="TC07_ASE_Firm_AutoApproval" time="0.009" classname="com.att.myprice.testcases.TC07_ASE_Firm_AutoApproval_ERateN">
    <skipped/>
  </testcase> <!-- TC07_ASE_Firm_AutoApproval -->
  <testcase name="TC07_ASE_Firm_AutoApproval" time="0.013" classname="com.att.myprice.testcases.TC07_ASE_Firm_AutoApproval_ERateN">
    <skipped/>
  </testcase> <!-- TC07_ASE_Firm_AutoApproval -->
  <testcase name="TC07_ASE_Firm_AutoApproval" time="0.009" classname="com.att.myprice.testcases.TC07_ASE_Firm_AutoApproval_ERateN">
    <skipped/>
  </testcase> <!-- TC07_ASE_Firm_AutoApproval -->
  <testcase name="TC07_ASE_Firm_AutoApproval" time="0.001" classname="com.att.myprice.testcases.TC07_ASE_Firm_AutoApproval_ERateN">
    <skipped/>
  </testcase> <!-- TC07_ASE_Firm_AutoApproval -->
  <testcase name="TC07_ASE_Firm_AutoApproval" time="0.001" classname="com.att.myprice.testcases.TC07_ASE_Firm_AutoApproval_ERateN">
    <skipped/>
  </testcase> <!-- TC07_ASE_Firm_AutoApproval -->
  <testcase name="TC07_ASE_Firm_AutoApproval" time="0.001" classname="com.att.myprice.testcases.TC07_ASE_Firm_AutoApproval_ERateN">
    <skipped/>
  </testcase> <!-- TC07_ASE_Firm_AutoApproval -->
  <testcase name="TC07_ASE_Firm_AutoApproval" time="0.038" classname="com.att.myprice.testcases.TC07_ASE_Firm_AutoApproval_ERateN">
    <skipped/>
  </testcase> <!-- TC07_ASE_Firm_AutoApproval -->
  <testcase name="TC07_ASE_Firm_AutoApproval" time="0.000" classname="com.att.myprice.testcases.TC07_ASE_Firm_AutoApproval_ERateN">
    <skipped/>
  </testcase> <!-- TC07_ASE_Firm_AutoApproval -->
  <testcase name="TC07_ASE_Firm_AutoApproval" time="0.000" classname="com.att.myprice.testcases.TC07_ASE_Firm_AutoApproval_ERateN">
    <skipped/>
  </testcase> <!-- TC07_ASE_Firm_AutoApproval -->
  <testcase name="TC07_ASE_Firm_AutoApproval" time="0.001" classname="com.att.myprice.testcases.TC07_ASE_Firm_AutoApproval_ERateN">
    <skipped/>
  </testcase> <!-- TC07_ASE_Firm_AutoApproval -->
  <testcase name="TC07_ASE_Firm_AutoApproval" time="0.001" classname="com.att.myprice.testcases.TC07_ASE_Firm_AutoApproval_ERateN">
    <skipped/>
  </testcase> <!-- TC07_ASE_Firm_AutoApproval -->
  <testcase name="TC07_ASE_Firm_AutoApproval" time="0.000" classname="com.att.myprice.testcases.TC07_ASE_Firm_AutoApproval_ERateN">
    <skipped/>
  </testcase> <!-- TC07_ASE_Firm_AutoApproval -->
  <testcase name="TC07_ASE_Firm_AutoApproval" time="0.001" classname="com.att.myprice.testcases.TC07_ASE_Firm_AutoApproval_ERateN">
    <skipped/>
  </testcase> <!-- TC07_ASE_Firm_AutoApproval -->
  <testcase name="TC07_ASE_Firm_AutoApproval" time="0.001" classname="com.att.myprice.testcases.TC07_ASE_Firm_AutoApproval_ERateN">
    <skipped/>
  </testcase> <!-- TC07_ASE_Firm_AutoApproval -->
  <testcase name="TC07_ASE_Firm_AutoApproval" time="0.001" classname="com.att.myprice.testcases.TC07_ASE_Firm_AutoApproval_ERateN">
    <skipped/>
  </testcase> <!-- TC07_ASE_Firm_AutoApproval -->
  <testcase name="TC07_ASE_Firm_AutoApproval" time="0.001" classname="com.att.myprice.testcases.TC07_ASE_Firm_AutoApproval_ERateN">
    <skipped/>
  </testcase> <!-- TC07_ASE_Firm_AutoApproval -->
  <testcase name="TC07_ASE_Firm_AutoApproval" time="0.001" classname="com.att.myprice.testcases.TC07_ASE_Firm_AutoApproval_ERateN">
    <skipped/>
  </testcase> <!-- TC07_ASE_Firm_AutoApproval -->
  <testcase name="TC07_ASE_Firm_AutoApproval" time="0.001" classname="com.att.myprice.testcases.TC07_ASE_Firm_AutoApproval_ERateN">
    <skipped/>
  </testcase> <!-- TC07_ASE_Firm_AutoApproval -->
  <testcase name="TC07_ASE_Firm_AutoApproval" time="0.001" classname="com.att.myprice.testcases.TC07_ASE_Firm_AutoApproval_ERateN">
    <skipped/>
  </testcase> <!-- TC07_ASE_Firm_AutoApproval -->
  <testcase name="TC07_ASE_Firm_AutoApproval" time="0.065" classname="com.att.myprice.testcases.TC07_ASE_Firm_AutoApproval_ERateN">
    <skipped/>
  </testcase> <!-- TC07_ASE_Firm_AutoApproval -->
  <testcase name="TC07_ASE_Firm_AutoApproval" time="0.008" classname="com.att.myprice.testcases.TC07_ASE_Firm_AutoApproval_ERateN">
    <skipped/>
  </testcase> <!-- TC07_ASE_Firm_AutoApproval -->
  <testcase name="TC07_ASE_Firm_AutoApproval" time="0.001" classname="com.att.myprice.testcases.TC07_ASE_Firm_AutoApproval_ERateN">
    <skipped/>
  </testcase> <!-- TC07_ASE_Firm_AutoApproval -->
  <testcase name="TC07_ASE_Firm_AutoApproval" time="0.000" classname="com.att.myprice.testcases.TC07_ASE_Firm_AutoApproval_ERateN">
    <skipped/>
  </testcase> <!-- TC07_ASE_Firm_AutoApproval -->
  <testcase name="TC07_ASE_Firm_AutoApproval" time="0.024" classname="com.att.myprice.testcases.TC07_ASE_Firm_AutoApproval_ERateN">
    <skipped/>
  </testcase> <!-- TC07_ASE_Firm_AutoApproval -->
  <testcase name="TC07_ASE_Firm_AutoApproval" time="0.001" classname="com.att.myprice.testcases.TC07_ASE_Firm_AutoApproval_ERateN">
    <skipped/>
  </testcase> <!-- TC07_ASE_Firm_AutoApproval -->
  <testcase name="TC07_ASE_Firm_AutoApproval" time="0.001" classname="com.att.myprice.testcases.TC07_ASE_Firm_AutoApproval_ERateN">
    <skipped/>
  </testcase> <!-- TC07_ASE_Firm_AutoApproval -->
  <testcase name="TC07_ASE_Firm_AutoApproval" time="0.003" classname="com.att.myprice.testcases.TC07_ASE_Firm_AutoApproval_ERateN">
    <skipped/>
  </testcase> <!-- TC07_ASE_Firm_AutoApproval -->
  <testcase name="TC07_ASE_Firm_AutoApproval" time="0.000" classname="com.att.myprice.testcases.TC07_ASE_Firm_AutoApproval_ERateN">
    <skipped/>
  </testcase> <!-- TC07_ASE_Firm_AutoApproval -->
  <testcase name="TC07_ASE_Firm_AutoApproval" time="0.024" classname="com.att.myprice.testcases.TC07_ASE_Firm_AutoApproval_ERateN">
    <skipped/>
  </testcase> <!-- TC07_ASE_Firm_AutoApproval -->
  <testcase name="TC07_ASE_Firm_AutoApproval" time="0.000" classname="com.att.myprice.testcases.TC07_ASE_Firm_AutoApproval_ERateN">
    <skipped/>
  </testcase> <!-- TC07_ASE_Firm_AutoApproval -->
  <testcase name="TC07_ASE_Firm_AutoApproval" time="0.001" classname="com.att.myprice.testcases.TC07_ASE_Firm_AutoApproval_ERateN">
    <skipped/>
  </testcase> <!-- TC07_ASE_Firm_AutoApproval -->
  <testcase name="TC07_ASE_Firm_AutoApproval" time="0.000" classname="com.att.myprice.testcases.TC07_ASE_Firm_AutoApproval_ERateN">
    <skipped/>
  </testcase> <!-- TC07_ASE_Firm_AutoApproval -->
  <testcase name="TC07_ASE_Firm_AutoApproval" time="0.000" classname="com.att.myprice.testcases.TC07_ASE_Firm_AutoApproval_ERateN">
    <skipped/>
  </testcase> <!-- TC07_ASE_Firm_AutoApproval -->
  <testcase name="TC07_ASE_Firm_AutoApproval" time="0.012" classname="com.att.myprice.testcases.TC07_ASE_Firm_AutoApproval_ERateN">
    <skipped/>
  </testcase> <!-- TC07_ASE_Firm_AutoApproval -->
  <testcase name="TC07_ASE_Firm_AutoApproval" time="0.072" classname="com.att.myprice.testcases.TC07_ASE_Firm_AutoApproval_ERateN">
    <skipped/>
  </testcase> <!-- TC07_ASE_Firm_AutoApproval -->
  <testcase name="TC07_ASE_Firm_AutoApproval" time="0.008" classname="com.att.myprice.testcases.TC07_ASE_Firm_AutoApproval_ERateN">
    <skipped/>
  </testcase> <!-- TC07_ASE_Firm_AutoApproval -->
  <testcase name="TC07_ASE_Firm_AutoApproval" time="0.001" classname="com.att.myprice.testcases.TC07_ASE_Firm_AutoApproval_ERateN">
    <skipped/>
  </testcase> <!-- TC07_ASE_Firm_AutoApproval -->
  <testcase name="TC07_ASE_Firm_AutoApproval" time="0.014" classname="com.att.myprice.testcases.TC07_ASE_Firm_AutoApproval_ERateN">
    <skipped/>
  </testcase> <!-- TC07_ASE_Firm_AutoApproval -->
  <testcase name="TC07_ASE_Firm_AutoApproval" time="0.001" classname="com.att.myprice.testcases.TC07_ASE_Firm_AutoApproval_ERateN">
    <skipped/>
  </testcase> <!-- TC07_ASE_Firm_AutoApproval -->
  <testcase name="TC07_ASE_Firm_AutoApproval" time="0.001" classname="com.att.myprice.testcases.TC07_ASE_Firm_AutoApproval_ERateN">
    <skipped/>
  </testcase> <!-- TC07_ASE_Firm_AutoApproval -->
  <testcase name="TC07_ASE_Firm_AutoApproval" time="0.001" classname="com.att.myprice.testcases.TC07_ASE_Firm_AutoApproval_ERateN">
    <skipped/>
  </testcase> <!-- TC07_ASE_Firm_AutoApproval -->
  <testcase name="TC07_ASE_Firm_AutoApproval" time="0.001" classname="com.att.myprice.testcases.TC07_ASE_Firm_AutoApproval_ERateN">
    <skipped/>
  </testcase> <!-- TC07_ASE_Firm_AutoApproval -->
  <testcase name="TC07_ASE_Firm_AutoApproval" time="0.001" classname="com.att.myprice.testcases.TC07_ASE_Firm_AutoApproval_ERateN">
    <skipped/>
  </testcase> <!-- TC07_ASE_Firm_AutoApproval -->
  <testcase name="TC07_ASE_Firm_AutoApproval" time="0.001" classname="com.att.myprice.testcases.TC07_ASE_Firm_AutoApproval_ERateN">
    <skipped/>
  </testcase> <!-- TC07_ASE_Firm_AutoApproval -->
  <testcase name="TC07_ASE_Firm_AutoApproval" time="0.001" classname="com.att.myprice.testcases.TC07_ASE_Firm_AutoApproval_ERateN">
    <skipped/>
  </testcase> <!-- TC07_ASE_Firm_AutoApproval -->
  <testcase name="TC07_ASE_Firm_AutoApproval" time="0.001" classname="com.att.myprice.testcases.TC07_ASE_Firm_AutoApproval_ERateN">
    <skipped/>
  </testcase> <!-- TC07_ASE_Firm_AutoApproval -->
  <testcase name="TC07_ASE_Firm_AutoApproval" time="0.014" classname="com.att.myprice.testcases.TC07_ASE_Firm_AutoApproval_ERateN">
    <skipped/>
  </testcase> <!-- TC07_ASE_Firm_AutoApproval -->
  <testcase name="TC07_ASE_Firm_AutoApproval" time="0.001" classname="com.att.myprice.testcases.TC07_ASE_Firm_AutoApproval_ERateN">
    <skipped/>
  </testcase> <!-- TC07_ASE_Firm_AutoApproval -->
  <testcase name="TC07_ASE_Firm_AutoApproval" time="0.001" classname="com.att.myprice.testcases.TC07_ASE_Firm_AutoApproval_ERateN">
    <skipped/>
  </testcase> <!-- TC07_ASE_Firm_AutoApproval -->
  <testcase name="TC07_ASE_Firm_AutoApproval" time="0.014" classname="com.att.myprice.testcases.TC07_ASE_Firm_AutoApproval_ERateN">
    <skipped/>
  </testcase> <!-- TC07_ASE_Firm_AutoApproval -->
  <testcase name="TC07_ASE_Firm_AutoApproval" time="0.048" classname="com.att.myprice.testcases.TC07_ASE_Firm_AutoApproval_ERateN">
    <skipped/>
  </testcase> <!-- TC07_ASE_Firm_AutoApproval -->
  <testcase name="TC07_ASE_Firm_AutoApproval" time="0.020" classname="com.att.myprice.testcases.TC07_ASE_Firm_AutoApproval_ERateN">
    <skipped/>
  </testcase> <!-- TC07_ASE_Firm_AutoApproval -->
  <testcase name="TC07_ASE_Firm_AutoApproval" time="0.001" classname="com.att.myprice.testcases.TC07_ASE_Firm_AutoApproval_ERateN">
    <skipped/>
  </testcase> <!-- TC07_ASE_Firm_AutoApproval -->
  <testcase name="TC07_ASE_Firm_AutoApproval" time="0.001" classname="com.att.myprice.testcases.TC07_ASE_Firm_AutoApproval_ERateN">
    <skipped/>
  </testcase> <!-- TC07_ASE_Firm_AutoApproval -->
  <testcase name="TC07_ASE_Firm_AutoApproval" time="0.026" classname="com.att.myprice.testcases.TC07_ASE_Firm_AutoApproval_ERateN">
    <skipped/>
  </testcase> <!-- TC07_ASE_Firm_AutoApproval -->
  <testcase name="TC07_ASE_Firm_AutoApproval" time="0.001" classname="com.att.myprice.testcases.TC07_ASE_Firm_AutoApproval_ERateN">
    <skipped/>
  </testcase> <!-- TC07_ASE_Firm_AutoApproval -->
  <testcase name="TC07_ASE_Firm_AutoApproval" time="0.001" classname="com.att.myprice.testcases.TC07_ASE_Firm_AutoApproval_ERateN">
    <skipped/>
  </testcase> <!-- TC07_ASE_Firm_AutoApproval -->
  <testcase name="TC07_ASE_Firm_AutoApproval" time="0.002" classname="com.att.myprice.testcases.TC07_ASE_Firm_AutoApproval_ERateN">
    <skipped/>
  </testcase> <!-- TC07_ASE_Firm_AutoApproval -->
  <testcase name="TC07_ASE_Firm_AutoApproval" time="0.011" classname="com.att.myprice.testcases.TC07_ASE_Firm_AutoApproval_ERateN">
    <skipped/>
  </testcase> <!-- TC07_ASE_Firm_AutoApproval -->
  <testcase name="TC07_ASE_Firm_AutoApproval" time="0.000" classname="com.att.myprice.testcases.TC07_ASE_Firm_AutoApproval_ERateN">
    <skipped/>
  </testcase> <!-- TC07_ASE_Firm_AutoApproval -->
  <testcase name="TC07_ASE_Firm_AutoApproval" time="0.001" classname="com.att.myprice.testcases.TC07_ASE_Firm_AutoApproval_ERateN">
    <skipped/>
  </testcase> <!-- TC07_ASE_Firm_AutoApproval -->
  <testcase name="TC07_ASE_Firm_AutoApproval" time="0.001" classname="com.att.myprice.testcases.TC07_ASE_Firm_AutoApproval_ERateN">
    <skipped/>
  </testcase> <!-- TC07_ASE_Firm_AutoApproval -->
  <testcase name="TC07_ASE_Firm_AutoApproval" time="0.057" classname="com.att.myprice.testcases.TC07_ASE_Firm_AutoApproval_ERateN">
    <skipped/>
  </testcase> <!-- TC07_ASE_Firm_AutoApproval -->
  <testcase name="TC07_ASE_Firm_AutoApproval" time="0.040" classname="com.att.myprice.testcases.TC07_ASE_Firm_AutoApproval_ERateN">
    <skipped/>
  </testcase> <!-- TC07_ASE_Firm_AutoApproval -->
  <testcase name="TC07_ASE_Firm_AutoApproval" time="0.030" classname="com.att.myprice.testcases.TC07_ASE_Firm_AutoApproval_ERateN">
    <skipped/>
  </testcase> <!-- TC07_ASE_Firm_AutoApproval -->
  <testcase name="TC07_ASE_Firm_AutoApproval" time="0.013" classname="com.att.myprice.testcases.TC07_ASE_Firm_AutoApproval_ERateN">
    <skipped/>
  </testcase> <!-- TC07_ASE_Firm_AutoApproval -->
  <testcase name="TC07_ASE_Firm_AutoApproval" time="0.035" classname="com.att.myprice.testcases.TC07_ASE_Firm_AutoApproval_ERateN">
    <skipped/>
  </testcase> <!-- TC07_ASE_Firm_AutoApproval -->
  <testcase name="TC07_ASE_Firm_AutoApproval" time="0.000" classname="com.att.myprice.testcases.TC07_ASE_Firm_AutoApproval_ERateN">
    <skipped/>
  </testcase> <!-- TC07_ASE_Firm_AutoApproval -->
  <testcase name="TC07_ASE_Firm_AutoApproval" time="0.003" classname="com.att.myprice.testcases.TC07_ASE_Firm_AutoApproval_ERateN">
    <skipped/>
  </testcase> <!-- TC07_ASE_Firm_AutoApproval -->
  <testcase name="TC07_ASE_Firm_AutoApproval" time="0.002" classname="com.att.myprice.testcases.TC07_ASE_Firm_AutoApproval_ERateN">
    <skipped/>
  </testcase> <!-- TC07_ASE_Firm_AutoApproval -->
  <testcase name="TC07_ASE_Firm_AutoApproval" time="0.003" classname="com.att.myprice.testcases.TC07_ASE_Firm_AutoApproval_ERateN">
    <skipped/>
  </testcase> <!-- TC07_ASE_Firm_AutoApproval -->
  <testcase name="TC07_ASE_Firm_AutoApproval" time="0.028" classname="com.att.myprice.testcases.TC07_ASE_Firm_AutoApproval_ERateN">
    <skipped/>
  </testcase> <!-- TC07_ASE_Firm_AutoApproval -->
  <testcase name="TC07_ASE_Firm_AutoApproval" time="0.008" classname="com.att.myprice.testcases.TC07_ASE_Firm_AutoApproval_ERateN">
    <skipped/>
  </testcase> <!-- TC07_ASE_Firm_AutoApproval -->
  <testcase name="TC07_ASE_Firm_AutoApproval" time="0.297" classname="com.att.myprice.testcases.TC07_ASE_Firm_AutoApproval_ERateN">
    <skipped/>
  </testcase> <!-- TC07_ASE_Firm_AutoApproval -->
  <testcase name="TC07_ASE_Firm_AutoApproval" time="0.000" classname="com.att.myprice.testcases.TC07_ASE_Firm_AutoApproval_ERateN">
    <skipped/>
  </testcase> <!-- TC07_ASE_Firm_AutoApproval -->
  <testcase name="TC07_ASE_Firm_AutoApproval" time="0.008" classname="com.att.myprice.testcases.TC07_ASE_Firm_AutoApproval_ERateN">
    <skipped/>
  </testcase> <!-- TC07_ASE_Firm_AutoApproval -->
  <testcase name="TC07_ASE_Firm_AutoApproval" time="0.000" classname="com.att.myprice.testcases.TC07_ASE_Firm_AutoApproval_ERateN">
    <skipped/>
  </testcase> <!-- TC07_ASE_Firm_AutoApproval -->
  <testcase name="TC07_ASE_Firm_AutoApproval" time="0.001" classname="com.att.myprice.testcases.TC07_ASE_Firm_AutoApproval_ERateN">
    <skipped/>
  </testcase> <!-- TC07_ASE_Firm_AutoApproval -->
  <testcase name="TC07_ASE_Firm_AutoApproval" time="0.001" classname="com.att.myprice.testcases.TC07_ASE_Firm_AutoApproval_ERateN">
    <skipped/>
  </testcase> <!-- TC07_ASE_Firm_AutoApproval -->
  <testcase name="TC07_ASE_Firm_AutoApproval" time="0.001" classname="com.att.myprice.testcases.TC07_ASE_Firm_AutoApproval_ERateN">
    <skipped/>
  </testcase> <!-- TC07_ASE_Firm_AutoApproval -->
  <testcase name="TC07_ASE_Firm_AutoApproval" time="0.000" classname="com.att.myprice.testcases.TC07_ASE_Firm_AutoApproval_ERateN">
    <skipped/>
  </testcase> <!-- TC07_ASE_Firm_AutoApproval -->
  <testcase name="TC07_ASE_Firm_AutoApproval" time="0.001" classname="com.att.myprice.testcases.TC07_ASE_Firm_AutoApproval_ERateN">
    <skipped/>
  </testcase> <!-- TC07_ASE_Firm_AutoApproval -->
  <testcase name="TC07_ASE_Firm_AutoApproval" time="0.000" classname="com.att.myprice.testcases.TC07_ASE_Firm_AutoApproval_ERateN">
    <skipped/>
  </testcase> <!-- TC07_ASE_Firm_AutoApproval -->
  <testcase name="TC07_ASE_Firm_AutoApproval" time="0.001" classname="com.att.myprice.testcases.TC07_ASE_Firm_AutoApproval_ERateN">
    <skipped/>
  </testcase> <!-- TC07_ASE_Firm_AutoApproval -->
  <testcase name="TC07_ASE_Firm_AutoApproval" time="0.001" classname="com.att.myprice.testcases.TC07_ASE_Firm_AutoApproval_ERateN">
    <skipped/>
  </testcase> <!-- TC07_ASE_Firm_AutoApproval -->
  <testcase name="TC07_ASE_Firm_AutoApproval" time="0.001" classname="com.att.myprice.testcases.TC07_ASE_Firm_AutoApproval_ERateN">
    <skipped/>
  </testcase> <!-- TC07_ASE_Firm_AutoApproval -->
  <testcase name="TC07_ASE_Firm_AutoApproval" time="0.001" classname="com.att.myprice.testcases.TC07_ASE_Firm_AutoApproval_ERateN">
    <skipped/>
  </testcase> <!-- TC07_ASE_Firm_AutoApproval -->
  <testcase name="TC07_ASE_Firm_AutoApproval" time="0.000" classname="com.att.myprice.testcases.TC07_ASE_Firm_AutoApproval_ERateN">
    <skipped/>
  </testcase> <!-- TC07_ASE_Firm_AutoApproval -->
  <testcase name="TC07_ASE_Firm_AutoApproval" time="0.000" classname="com.att.myprice.testcases.TC07_ASE_Firm_AutoApproval_ERateN">
    <skipped/>
  </testcase> <!-- TC07_ASE_Firm_AutoApproval -->
  <testcase name="TC07_ASE_Firm_AutoApproval" time="0.008" classname="com.att.myprice.testcases.TC07_ASE_Firm_AutoApproval_ERateN">
    <skipped/>
  </testcase> <!-- TC07_ASE_Firm_AutoApproval -->
  <testcase name="TC07_ASE_Firm_AutoApproval" time="0.016" classname="com.att.myprice.testcases.TC07_ASE_Firm_AutoApproval_ERateN">
    <skipped/>
  </testcase> <!-- TC07_ASE_Firm_AutoApproval -->
  <testcase name="TC07_ASE_Firm_AutoApproval" time="0.018" classname="com.att.myprice.testcases.TC07_ASE_Firm_AutoApproval_ERateN">
    <skipped/>
  </testcase> <!-- TC07_ASE_Firm_AutoApproval -->
  <testcase name="TC07_ASE_Firm_AutoApproval" time="0.045" classname="com.att.myprice.testcases.TC07_ASE_Firm_AutoApproval_ERateN">
    <skipped/>
  </testcase> <!-- TC07_ASE_Firm_AutoApproval -->
  <testcase name="TC07_ASE_Firm_AutoApproval" time="0.001" classname="com.att.myprice.testcases.TC07_ASE_Firm_AutoApproval_ERateN">
    <skipped/>
  </testcase> <!-- TC07_ASE_Firm_AutoApproval -->
  <testcase name="TC07_ASE_Firm_AutoApproval" time="0.000" classname="com.att.myprice.testcases.TC07_ASE_Firm_AutoApproval_ERateN">
    <skipped/>
  </testcase> <!-- TC07_ASE_Firm_AutoApproval -->
  <testcase name="TC07_ASE_Firm_AutoApproval" time="0.000" classname="com.att.myprice.testcases.TC07_ASE_Firm_AutoApproval_ERateN">
    <skipped/>
  </testcase> <!-- TC07_ASE_Firm_AutoApproval -->
  <testcase name="TC07_ASE_Firm_AutoApproval" time="0.001" classname="com.att.myprice.testcases.TC07_ASE_Firm_AutoApproval_ERateN">
    <skipped/>
  </testcase> <!-- TC07_ASE_Firm_AutoApproval -->
  <testcase name="TC07_ASE_Firm_AutoApproval" time="0.095" classname="com.att.myprice.testcases.TC07_ASE_Firm_AutoApproval_ERateN">
    <skipped/>
  </testcase> <!-- TC07_ASE_Firm_AutoApproval -->
  <testcase name="TC07_ASE_Firm_AutoApproval" time="0.001" classname="com.att.myprice.testcases.TC07_ASE_Firm_AutoApproval_ERateN">
    <skipped/>
  </testcase> <!-- TC07_ASE_Firm_AutoApproval -->
  <testcase name="TC07_ASE_Firm_AutoApproval" time="0.001" classname="com.att.myprice.testcases.TC07_ASE_Firm_AutoApproval_ERateN">
    <skipped/>
  </testcase> <!-- TC07_ASE_Firm_AutoApproval -->
  <testcase name="TC07_ASE_Firm_AutoApproval" time="0.002" classname="com.att.myprice.testcases.TC07_ASE_Firm_AutoApproval_ERateN">
    <skipped/>
  </testcase> <!-- TC07_ASE_Firm_AutoApproval -->
  <testcase name="TC07_ASE_Firm_AutoApproval" time="0.000" classname="com.att.myprice.testcases.TC07_ASE_Firm_AutoApproval_ERateN">
    <skipped/>
  </testcase> <!-- TC07_ASE_Firm_AutoApproval -->
  <testcase name="TC07_ASE_Firm_AutoApproval" time="0.011" classname="com.att.myprice.testcases.TC07_ASE_Firm_AutoApproval_ERateN">
    <skipped/>
  </testcase> <!-- TC07_ASE_Firm_AutoApproval -->
  <testcase name="TC07_ASE_Firm_AutoApproval" time="0.001" classname="com.att.myprice.testcases.TC07_ASE_Firm_AutoApproval_ERateN">
    <skipped/>
  </testcase> <!-- TC07_ASE_Firm_AutoApproval -->
  <testcase name="TC07_ASE_Firm_AutoApproval" time="0.013" classname="com.att.myprice.testcases.TC07_ASE_Firm_AutoApproval_ERateN">
    <skipped/>
  </testcase> <!-- TC07_ASE_Firm_AutoApproval -->
  <testcase name="TC07_ASE_Firm_AutoApproval" time="0.001" classname="com.att.myprice.testcases.TC07_ASE_Firm_AutoApproval_ERateN">
    <skipped/>
  </testcase> <!-- TC07_ASE_Firm_AutoApproval -->
  <testcase name="TC07_ASE_Firm_AutoApproval" time="0.000" classname="com.att.myprice.testcases.TC07_ASE_Firm_AutoApproval_ERateN">
    <skipped/>
  </testcase> <!-- TC07_ASE_Firm_AutoApproval -->
  <testcase name="TC07_ASE_Firm_AutoApproval" time="0.001" classname="com.att.myprice.testcases.TC07_ASE_Firm_AutoApproval_ERateN">
    <skipped/>
  </testcase> <!-- TC07_ASE_Firm_AutoApproval -->
  <testcase name="TC07_ASE_Firm_AutoApproval" time="0.001" classname="com.att.myprice.testcases.TC07_ASE_Firm_AutoApproval_ERateN">
    <skipped/>
  </testcase> <!-- TC07_ASE_Firm_AutoApproval -->
  <testcase name="TC07_ASE_Firm_AutoApproval" time="0.001" classname="com.att.myprice.testcases.TC07_ASE_Firm_AutoApproval_ERateN">
    <skipped/>
  </testcase> <!-- TC07_ASE_Firm_AutoApproval -->
  <testcase name="TC07_ASE_Firm_AutoApproval" time="0.016" classname="com.att.myprice.testcases.TC07_ASE_Firm_AutoApproval_ERateN">
    <skipped/>
  </testcase> <!-- TC07_ASE_Firm_AutoApproval -->
  <testcase name="TC07_ASE_Firm_AutoApproval" time="0.000" classname="com.att.myprice.testcases.TC07_ASE_Firm_AutoApproval_ERateN">
    <skipped/>
  </testcase> <!-- TC07_ASE_Firm_AutoApproval -->
  <testcase name="TC07_ASE_Firm_AutoApproval" time="0.001" classname="com.att.myprice.testcases.TC07_ASE_Firm_AutoApproval_ERateN">
    <skipped/>
  </testcase> <!-- TC07_ASE_Firm_AutoApproval -->
  <testcase name="TC07_ASE_Firm_AutoApproval" time="0.001" classname="com.att.myprice.testcases.TC07_ASE_Firm_AutoApproval_ERateN">
    <skipped/>
  </testcase> <!-- TC07_ASE_Firm_AutoApproval -->
  <testcase name="TC07_ASE_Firm_AutoApproval" time="0.000" classname="com.att.myprice.testcases.TC07_ASE_Firm_AutoApproval_ERateN">
    <skipped/>
  </testcase> <!-- TC07_ASE_Firm_AutoApproval -->
  <testcase name="TC07_ASE_Firm_AutoApproval" time="0.139" classname="com.att.myprice.testcases.TC07_ASE_Firm_AutoApproval_ERateN">
    <skipped/>
  </testcase> <!-- TC07_ASE_Firm_AutoApproval -->
  <testcase name="TC07_ASE_Firm_AutoApproval" time="0.001" classname="com.att.myprice.testcases.TC07_ASE_Firm_AutoApproval_ERateN">
    <skipped/>
  </testcase> <!-- TC07_ASE_Firm_AutoApproval -->
  <testcase name="TC07_ASE_Firm_AutoApproval" time="0.001" classname="com.att.myprice.testcases.TC07_ASE_Firm_AutoApproval_ERateN">
    <skipped/>
  </testcase> <!-- TC07_ASE_Firm_AutoApproval -->
  <testcase name="TC07_ASE_Firm_AutoApproval" time="0.020" classname="com.att.myprice.testcases.TC07_ASE_Firm_AutoApproval_ERateN">
    <skipped/>
  </testcase> <!-- TC07_ASE_Firm_AutoApproval -->
  <testcase name="TC07_ASE_Firm_AutoApproval" time="1.229" classname="com.att.myprice.testcases.TC07_ASE_Firm_AutoApproval_ERateN">
    <skipped/>
  </testcase> <!-- TC07_ASE_Firm_AutoApproval -->
  <testcase name="TC07_ASE_Firm_AutoApproval" time="0.001" classname="com.att.myprice.testcases.TC07_ASE_Firm_AutoApproval_ERateN">
    <skipped/>
  </testcase> <!-- TC07_ASE_Firm_AutoApproval -->
  <testcase name="TC07_ASE_Firm_AutoApproval" time="0.001" classname="com.att.myprice.testcases.TC07_ASE_Firm_AutoApproval_ERateN">
    <skipped/>
  </testcase> <!-- TC07_ASE_Firm_AutoApproval -->
  <testcase name="TC07_ASE_Firm_AutoApproval" time="0.001" classname="com.att.myprice.testcases.TC07_ASE_Firm_AutoApproval_ERateN">
    <skipped/>
  </testcase> <!-- TC07_ASE_Firm_AutoApproval -->
  <testcase name="TC07_ASE_Firm_AutoApproval" time="0.019" classname="com.att.myprice.testcases.TC07_ASE_Firm_AutoApproval_ERateN">
    <skipped/>
  </testcase> <!-- TC07_ASE_Firm_AutoApproval -->
  <testcase name="TC07_ASE_Firm_AutoApproval" time="0.008" classname="com.att.myprice.testcases.TC07_ASE_Firm_AutoApproval_ERateN">
    <skipped/>
  </testcase> <!-- TC07_ASE_Firm_AutoApproval -->
  <testcase name="TC07_ASE_Firm_AutoApproval" time="0.001" classname="com.att.myprice.testcases.TC07_ASE_Firm_AutoApproval_ERateN">
    <skipped/>
  </testcase> <!-- TC07_ASE_Firm_AutoApproval -->
  <testcase name="TC07_ASE_Firm_AutoApproval" time="0.012" classname="com.att.myprice.testcases.TC07_ASE_Firm_AutoApproval_ERateN">
    <skipped/>
  </testcase> <!-- TC07_ASE_Firm_AutoApproval -->
  <testcase name="TC07_ASE_Firm_AutoApproval" time="0.001" classname="com.att.myprice.testcases.TC07_ASE_Firm_AutoApproval_ERateN">
    <skipped/>
  </testcase> <!-- TC07_ASE_Firm_AutoApproval -->
  <testcase name="TC07_ASE_Firm_AutoApproval" time="0.007" classname="com.att.myprice.testcases.TC07_ASE_Firm_AutoApproval_ERateN">
    <skipped/>
  </testcase> <!-- TC07_ASE_Firm_AutoApproval -->
  <testcase name="TC07_ASE_Firm_AutoApproval" time="0.001" classname="com.att.myprice.testcases.TC07_ASE_Firm_AutoApproval_ERateN">
    <skipped/>
  </testcase> <!-- TC07_ASE_Firm_AutoApproval -->
  <testcase name="TC07_ASE_Firm_AutoApproval" time="0.001" classname="com.att.myprice.testcases.TC07_ASE_Firm_AutoApproval_ERateN">
    <skipped/>
  </testcase> <!-- TC07_ASE_Firm_AutoApproval -->
  <testcase name="TC07_ASE_Firm_AutoApproval" time="0.013" classname="com.att.myprice.testcases.TC07_ASE_Firm_AutoApproval_ERateN">
    <skipped/>
  </testcase> <!-- TC07_ASE_Firm_AutoApproval -->
  <testcase name="TC07_ASE_Firm_AutoApproval" time="0.001" classname="com.att.myprice.testcases.TC07_ASE_Firm_AutoApproval_ERateN">
    <skipped/>
  </testcase> <!-- TC07_ASE_Firm_AutoApproval -->
  <testcase name="TC07_ASE_Firm_AutoApproval" time="0.001" classname="com.att.myprice.testcases.TC07_ASE_Firm_AutoApproval_ERateN">
    <skipped/>
  </testcase> <!-- TC07_ASE_Firm_AutoApproval -->
  <testcase name="TC07_ASE_Firm_AutoApproval" time="0.009" classname="com.att.myprice.testcases.TC07_ASE_Firm_AutoApproval_ERateN">
    <skipped/>
  </testcase> <!-- TC07_ASE_Firm_AutoApproval -->
  <testcase name="TC07_ASE_Firm_AutoApproval" time="0.001" classname="com.att.myprice.testcases.TC07_ASE_Firm_AutoApproval_ERateN">
    <skipped/>
  </testcase> <!-- TC07_ASE_Firm_AutoApproval -->
  <testcase name="TC07_ASE_Firm_AutoApproval" time="0.002" classname="com.att.myprice.testcases.TC07_ASE_Firm_AutoApproval_ERateN">
    <skipped/>
  </testcase> <!-- TC07_ASE_Firm_AutoApproval -->
  <testcase name="TC07_ASE_Firm_AutoApproval" time="0.001" classname="com.att.myprice.testcases.TC07_ASE_Firm_AutoApproval_ERateN">
    <skipped/>
  </testcase> <!-- TC07_ASE_Firm_AutoApproval -->
  <testcase name="TC07_ASE_Firm_AutoApproval" time="0.000" classname="com.att.myprice.testcases.TC07_ASE_Firm_AutoApproval_ERateN">
    <skipped/>
  </testcase> <!-- TC07_ASE_Firm_AutoApproval -->
  <testcase name="TC07_ASE_Firm_AutoApproval" time="0.019" classname="com.att.myprice.testcases.TC07_ASE_Firm_AutoApproval_ERateN">
    <skipped/>
  </testcase> <!-- TC07_ASE_Firm_AutoApproval -->
  <testcase name="TC07_ASE_Firm_AutoApproval" time="0.017" classname="com.att.myprice.testcases.TC07_ASE_Firm_AutoApproval_ERateN">
    <skipped/>
  </testcase> <!-- TC07_ASE_Firm_AutoApproval -->
  <testcase name="TC07_ASE_Firm_AutoApproval" time="0.026" classname="com.att.myprice.testcases.TC07_ASE_Firm_AutoApproval_ERateN">
    <skipped/>
  </testcase> <!-- TC07_ASE_Firm_AutoApproval -->
  <testcase name="TC07_ASE_Firm_AutoApproval" time="0.001" classname="com.att.myprice.testcases.TC07_ASE_Firm_AutoApproval_ERateN">
    <skipped/>
  </testcase> <!-- TC07_ASE_Firm_AutoApproval -->
  <testcase name="TC07_ASE_Firm_AutoApproval" time="0.090" classname="com.att.myprice.testcases.TC07_ASE_Firm_AutoApproval_ERateN">
    <skipped/>
  </testcase> <!-- TC07_ASE_Firm_AutoApproval -->
  <testcase name="TC07_ASE_Firm_AutoApproval" time="0.001" classname="com.att.myprice.testcases.TC07_ASE_Firm_AutoApproval_ERateN">
    <skipped/>
  </testcase> <!-- TC07_ASE_Firm_AutoApproval -->
  <testcase name="TC07_ASE_Firm_AutoApproval" time="0.000" classname="com.att.myprice.testcases.TC07_ASE_Firm_AutoApproval_ERateN">
    <skipped/>
  </testcase> <!-- TC07_ASE_Firm_AutoApproval -->
  <testcase name="TC07_ASE_Firm_AutoApproval" time="0.001" classname="com.att.myprice.testcases.TC07_ASE_Firm_AutoApproval_ERateN">
    <skipped/>
  </testcase> <!-- TC07_ASE_Firm_AutoApproval -->
  <testcase name="TC07_ASE_Firm_AutoApproval" time="0.001" classname="com.att.myprice.testcases.TC07_ASE_Firm_AutoApproval_ERateN">
    <skipped/>
  </testcase> <!-- TC07_ASE_Firm_AutoApproval -->
  <testcase name="TC07_ASE_Firm_AutoApproval" time="0.029" classname="com.att.myprice.testcases.TC07_ASE_Firm_AutoApproval_ERateN">
    <skipped/>
  </testcase> <!-- TC07_ASE_Firm_AutoApproval -->
  <testcase name="TC07_ASE_Firm_AutoApproval" time="0.000" classname="com.att.myprice.testcases.TC07_ASE_Firm_AutoApproval_ERateN">
    <skipped/>
  </testcase> <!-- TC07_ASE_Firm_AutoApproval -->
  <testcase name="TC07_ASE_Firm_AutoApproval" time="0.001" classname="com.att.myprice.testcases.TC07_ASE_Firm_AutoApproval_ERateN">
    <skipped/>
  </testcase> <!-- TC07_ASE_Firm_AutoApproval -->
  <testcase name="TC07_ASE_Firm_AutoApproval" time="0.001" classname="com.att.myprice.testcases.TC07_ASE_Firm_AutoApproval_ERateN">
    <skipped/>
  </testcase> <!-- TC07_ASE_Firm_AutoApproval -->
  <testcase name="TC07_ASE_Firm_AutoApproval" time="0.000" classname="com.att.myprice.testcases.TC07_ASE_Firm_AutoApproval_ERateN">
    <skipped/>
  </testcase> <!-- TC07_ASE_Firm_AutoApproval -->
  <testcase name="TC07_ASE_Firm_AutoApproval" time="0.000" classname="com.att.myprice.testcases.TC07_ASE_Firm_AutoApproval_ERateN">
    <skipped/>
  </testcase> <!-- TC07_ASE_Firm_AutoApproval -->
  <testcase name="TC07_ASE_Firm_AutoApproval" time="0.001" classname="com.att.myprice.testcases.TC07_ASE_Firm_AutoApproval_ERateN">
    <skipped/>
  </testcase> <!-- TC07_ASE_Firm_AutoApproval -->
  <testcase name="TC07_ASE_Firm_AutoApproval" time="0.008" classname="com.att.myprice.testcases.TC07_ASE_Firm_AutoApproval_ERateN">
    <skipped/>
  </testcase> <!-- TC07_ASE_Firm_AutoApproval -->
  <testcase name="TC07_ASE_Firm_AutoApproval" time="0.001" classname="com.att.myprice.testcases.TC07_ASE_Firm_AutoApproval_ERateN">
    <skipped/>
  </testcase> <!-- TC07_ASE_Firm_AutoApproval -->
  <testcase name="TC07_ASE_Firm_AutoApproval" time="0.008" classname="com.att.myprice.testcases.TC07_ASE_Firm_AutoApproval_ERateN">
    <skipped/>
  </testcase> <!-- TC07_ASE_Firm_AutoApproval -->
  <testcase name="TC07_ASE_Firm_AutoApproval" time="0.026" classname="com.att.myprice.testcases.TC07_ASE_Firm_AutoApproval_ERateN">
    <skipped/>
  </testcase> <!-- TC07_ASE_Firm_AutoApproval -->
  <testcase name="TC07_ASE_Firm_AutoApproval" time="0.000" classname="com.att.myprice.testcases.TC07_ASE_Firm_AutoApproval_ERateN">
    <skipped/>
  </testcase> <!-- TC07_ASE_Firm_AutoApproval -->
  <testcase name="TC07_ASE_Firm_AutoApproval" time="0.000" classname="com.att.myprice.testcases.TC07_ASE_Firm_AutoApproval_ERateN">
    <skipped/>
  </testcase> <!-- TC07_ASE_Firm_AutoApproval -->
  <testcase name="TC07_ASE_Firm_AutoApproval" time="0.000" classname="com.att.myprice.testcases.TC07_ASE_Firm_AutoApproval_ERateN">
    <skipped/>
  </testcase> <!-- TC07_ASE_Firm_AutoApproval -->
  <testcase name="TC07_ASE_Firm_AutoApproval" time="0.001" classname="com.att.myprice.testcases.TC07_ASE_Firm_AutoApproval_ERateN">
    <skipped/>
  </testcase> <!-- TC07_ASE_Firm_AutoApproval -->
  <testcase name="TC07_ASE_Firm_AutoApproval" time="0.001" classname="com.att.myprice.testcases.TC07_ASE_Firm_AutoApproval_ERateN">
    <skipped/>
  </testcase> <!-- TC07_ASE_Firm_AutoApproval -->
  <testcase name="TC07_ASE_Firm_AutoApproval" time="0.005" classname="com.att.myprice.testcases.TC07_ASE_Firm_AutoApproval_ERateN">
    <skipped/>
  </testcase> <!-- TC07_ASE_Firm_AutoApproval -->
  <testcase name="TC07_ASE_Firm_AutoApproval" time="0.000" classname="com.att.myprice.testcases.TC07_ASE_Firm_AutoApproval_ERateN">
    <skipped/>
  </testcase> <!-- TC07_ASE_Firm_AutoApproval -->
  <testcase name="TC07_ASE_Firm_AutoApproval" time="0.001" classname="com.att.myprice.testcases.TC07_ASE_Firm_AutoApproval_ERateN">
    <skipped/>
  </testcase> <!-- TC07_ASE_Firm_AutoApproval -->
  <testcase name="TC07_ASE_Firm_AutoApproval" time="0.001" classname="com.att.myprice.testcases.TC07_ASE_Firm_AutoApproval_ERateN">
    <skipped/>
  </testcase> <!-- TC07_ASE_Firm_AutoApproval -->
  <testcase name="TC07_ASE_Firm_AutoApproval" time="0.001" classname="com.att.myprice.testcases.TC07_ASE_Firm_AutoApproval_ERateN">
    <skipped/>
  </testcase> <!-- TC07_ASE_Firm_AutoApproval -->
  <testcase name="TC07_ASE_Firm_AutoApproval" time="0.001" classname="com.att.myprice.testcases.TC07_ASE_Firm_AutoApproval_ERateN">
    <skipped/>
  </testcase> <!-- TC07_ASE_Firm_AutoApproval -->
  <testcase name="TC07_ASE_Firm_AutoApproval" time="0.002" classname="com.att.myprice.testcases.TC07_ASE_Firm_AutoApproval_ERateN">
    <skipped/>
  </testcase> <!-- TC07_ASE_Firm_AutoApproval -->
  <testcase name="TC07_ASE_Firm_AutoApproval" time="0.001" classname="com.att.myprice.testcases.TC07_ASE_Firm_AutoApproval_ERateN">
    <skipped/>
  </testcase> <!-- TC07_ASE_Firm_AutoApproval -->
  <testcase name="TC07_ASE_Firm_AutoApproval" time="0.045" classname="com.att.myprice.testcases.TC07_ASE_Firm_AutoApproval_ERateN">
    <skipped/>
  </testcase> <!-- TC07_ASE_Firm_AutoApproval -->
  <testcase name="TC07_ASE_Firm_AutoApproval" time="0.001" classname="com.att.myprice.testcases.TC07_ASE_Firm_AutoApproval_ERateN">
    <skipped/>
  </testcase> <!-- TC07_ASE_Firm_AutoApproval -->
  <testcase name="TC07_ASE_Firm_AutoApproval" time="0.000" classname="com.att.myprice.testcases.TC07_ASE_Firm_AutoApproval_ERateN">
    <skipped/>
  </testcase> <!-- TC07_ASE_Firm_AutoApproval -->
  <testcase name="TC07_ASE_Firm_AutoApproval" time="0.015" classname="com.att.myprice.testcases.TC07_ASE_Firm_AutoApproval_ERateN">
    <skipped/>
  </testcase> <!-- TC07_ASE_Firm_AutoApproval -->
  <testcase name="TC07_ASE_Firm_AutoApproval" time="0.000" classname="com.att.myprice.testcases.TC07_ASE_Firm_AutoApproval_ERateN">
    <skipped/>
  </testcase> <!-- TC07_ASE_Firm_AutoApproval -->
  <testcase name="TC07_ASE_Firm_AutoApproval" time="0.007" classname="com.att.myprice.testcases.TC07_ASE_Firm_AutoApproval_ERateN">
    <skipped/>
  </testcase> <!-- TC07_ASE_Firm_AutoApproval -->
  <testcase name="TC07_ASE_Firm_AutoApproval" time="0.001" classname="com.att.myprice.testcases.TC07_ASE_Firm_AutoApproval_ERateN">
    <skipped/>
  </testcase> <!-- TC07_ASE_Firm_AutoApproval -->
  <testcase name="TC07_ASE_Firm_AutoApproval" time="0.001" classname="com.att.myprice.testcases.TC07_ASE_Firm_AutoApproval_ERateN">
    <skipped/>
  </testcase> <!-- TC07_ASE_Firm_AutoApproval -->
  <testcase name="TC07_ASE_Firm_AutoApproval" time="0.001" classname="com.att.myprice.testcases.TC07_ASE_Firm_AutoApproval_ERateN">
    <skipped/>
  </testcase> <!-- TC07_ASE_Firm_AutoApproval -->
  <testcase name="TC07_ASE_Firm_AutoApproval" time="0.001" classname="com.att.myprice.testcases.TC07_ASE_Firm_AutoApproval_ERateN">
    <skipped/>
  </testcase> <!-- TC07_ASE_Firm_AutoApproval -->
  <testcase name="TC07_ASE_Firm_AutoApproval" time="0.001" classname="com.att.myprice.testcases.TC07_ASE_Firm_AutoApproval_ERateN">
    <skipped/>
  </testcase> <!-- TC07_ASE_Firm_AutoApproval -->
  <testcase name="TC07_ASE_Firm_AutoApproval" time="0.016" classname="com.att.myprice.testcases.TC07_ASE_Firm_AutoApproval_ERateN">
    <skipped/>
  </testcase> <!-- TC07_ASE_Firm_AutoApproval -->
  <testcase name="TC07_ASE_Firm_AutoApproval" time="0.000" classname="com.att.myprice.testcases.TC07_ASE_Firm_AutoApproval_ERateN">
    <skipped/>
  </testcase> <!-- TC07_ASE_Firm_AutoApproval -->
  <testcase name="TC07_ASE_Firm_AutoApproval" time="0.008" classname="com.att.myprice.testcases.TC07_ASE_Firm_AutoApproval_ERateN">
    <skipped/>
  </testcase> <!-- TC07_ASE_Firm_AutoApproval -->
  <testcase name="TC07_ASE_Firm_AutoApproval" time="0.019" classname="com.att.myprice.testcases.TC07_ASE_Firm_AutoApproval_ERateN">
    <skipped/>
  </testcase> <!-- TC07_ASE_Firm_AutoApproval -->
  <testcase name="TC07_ASE_Firm_AutoApproval" time="0.001" classname="com.att.myprice.testcases.TC07_ASE_Firm_AutoApproval_ERateN">
    <skipped/>
  </testcase> <!-- TC07_ASE_Firm_AutoApproval -->
  <testcase name="TC07_ASE_Firm_AutoApproval" time="0.001" classname="com.att.myprice.testcases.TC07_ASE_Firm_AutoApproval_ERateN">
    <skipped/>
  </testcase> <!-- TC07_ASE_Firm_AutoApproval -->
  <testcase name="TC07_ASE_Firm_AutoApproval" time="0.001" classname="com.att.myprice.testcases.TC07_ASE_Firm_AutoApproval_ERateN">
    <skipped/>
  </testcase> <!-- TC07_ASE_Firm_AutoApproval -->
  <testcase name="TC07_ASE_Firm_AutoApproval" time="0.000" classname="com.att.myprice.testcases.TC07_ASE_Firm_AutoApproval_ERateN">
    <skipped/>
  </testcase> <!-- TC07_ASE_Firm_AutoApproval -->
  <testcase name="TC07_ASE_Firm_AutoApproval" time="0.000" classname="com.att.myprice.testcases.TC07_ASE_Firm_AutoApproval_ERateN">
    <skipped/>
  </testcase> <!-- TC07_ASE_Firm_AutoApproval -->
  <testcase name="TC07_ASE_Firm_AutoApproval" time="0.029" classname="com.att.myprice.testcases.TC07_ASE_Firm_AutoApproval_ERateN">
    <skipped/>
  </testcase> <!-- TC07_ASE_Firm_AutoApproval -->
  <testcase name="TC07_ASE_Firm_AutoApproval" time="0.001" classname="com.att.myprice.testcases.TC07_ASE_Firm_AutoApproval_ERateN">
    <skipped/>
  </testcase> <!-- TC07_ASE_Firm_AutoApproval -->
  <testcase name="TC07_ASE_Firm_AutoApproval" time="0.824" classname="com.att.myprice.testcases.TC07_ASE_Firm_AutoApproval_ERateN">
    <skipped/>
  </testcase> <!-- TC07_ASE_Firm_AutoApproval -->
  <testcase name="TC07_ASE_Firm_AutoApproval" time="0.016" classname="com.att.myprice.testcases.TC07_ASE_Firm_AutoApproval_ERateN">
    <skipped/>
  </testcase> <!-- TC07_ASE_Firm_AutoApproval -->
  <testcase name="TC07_ASE_Firm_AutoApproval" time="0.140" classname="com.att.myprice.testcases.TC07_ASE_Firm_AutoApproval_ERateN">
    <skipped/>
  </testcase> <!-- TC07_ASE_Firm_AutoApproval -->
  <testcase name="TC07_ASE_Firm_AutoApproval" time="0.001" classname="com.att.myprice.testcases.TC07_ASE_Firm_AutoApproval_ERateN">
    <skipped/>
  </testcase> <!-- TC07_ASE_Firm_AutoApproval -->
  <testcase name="TC07_ASE_Firm_AutoApproval" time="0.010" classname="com.att.myprice.testcases.TC07_ASE_Firm_AutoApproval_ERateN">
    <skipped/>
  </testcase> <!-- TC07_ASE_Firm_AutoApproval -->
  <testcase name="TC07_ASE_Firm_AutoApproval" time="0.000" classname="com.att.myprice.testcases.TC07_ASE_Firm_AutoApproval_ERateN">
    <skipped/>
  </testcase> <!-- TC07_ASE_Firm_AutoApproval -->
  <testcase name="TC07_ASE_Firm_AutoApproval" time="0.060" classname="com.att.myprice.testcases.TC07_ASE_Firm_AutoApproval_ERateN">
    <skipped/>
  </testcase> <!-- TC07_ASE_Firm_AutoApproval -->
  <testcase name="TC07_ASE_Firm_AutoApproval" time="0.001" classname="com.att.myprice.testcases.TC07_ASE_Firm_AutoApproval_ERateN">
    <skipped/>
  </testcase> <!-- TC07_ASE_Firm_AutoApproval -->
  <testcase name="TC07_ASE_Firm_AutoApproval" time="0.001" classname="com.att.myprice.testcases.TC07_ASE_Firm_AutoApproval_ERateN">
    <skipped/>
  </testcase> <!-- TC07_ASE_Firm_AutoApproval -->
  <testcase name="TC07_ASE_Firm_AutoApproval" time="0.001" classname="com.att.myprice.testcases.TC07_ASE_Firm_AutoApproval_ERateN">
    <skipped/>
  </testcase> <!-- TC07_ASE_Firm_AutoApproval -->
  <testcase name="TC07_ASE_Firm_AutoApproval" time="0.001" classname="com.att.myprice.testcases.TC07_ASE_Firm_AutoApproval_ERateN">
    <skipped/>
  </testcase> <!-- TC07_ASE_Firm_AutoApproval -->
  <testcase name="TC07_ASE_Firm_AutoApproval" time="0.013" classname="com.att.myprice.testcases.TC07_ASE_Firm_AutoApproval_ERateN">
    <skipped/>
  </testcase> <!-- TC07_ASE_Firm_AutoApproval -->
  <testcase name="TC07_ASE_Firm_AutoApproval" time="0.001" classname="com.att.myprice.testcases.TC07_ASE_Firm_AutoApproval_ERateN">
    <skipped/>
  </testcase> <!-- TC07_ASE_Firm_AutoApproval -->
  <testcase name="TC07_ASE_Firm_AutoApproval" time="0.011" classname="com.att.myprice.testcases.TC07_ASE_Firm_AutoApproval_ERateN">
    <skipped/>
  </testcase> <!-- TC07_ASE_Firm_AutoApproval -->
  <testcase name="TC07_ASE_Firm_AutoApproval" time="0.000" classname="com.att.myprice.testcases.TC07_ASE_Firm_AutoApproval_ERateN">
    <skipped/>
  </testcase> <!-- TC07_ASE_Firm_AutoApproval -->
  <testcase name="TC07_ASE_Firm_AutoApproval" time="0.007" classname="com.att.myprice.testcases.TC07_ASE_Firm_AutoApproval_ERateN">
    <skipped/>
  </testcase> <!-- TC07_ASE_Firm_AutoApproval -->
  <testcase name="TC07_ASE_Firm_AutoApproval" time="0.001" classname="com.att.myprice.testcases.TC07_ASE_Firm_AutoApproval_ERateN">
    <skipped/>
  </testcase> <!-- TC07_ASE_Firm_AutoApproval -->
  <testcase name="TC07_ASE_Firm_AutoApproval" time="0.000" classname="com.att.myprice.testcases.TC07_ASE_Firm_AutoApproval_ERateN">
    <skipped/>
  </testcase> <!-- TC07_ASE_Firm_AutoApproval -->
  <testcase name="TC07_ASE_Firm_AutoApproval" time="0.001" classname="com.att.myprice.testcases.TC07_ASE_Firm_AutoApproval_ERateN">
    <skipped/>
  </testcase> <!-- TC07_ASE_Firm_AutoApproval -->
  <testcase name="TC07_ASE_Firm_AutoApproval" time="0.001" classname="com.att.myprice.testcases.TC07_ASE_Firm_AutoApproval_ERateN">
    <skipped/>
  </testcase> <!-- TC07_ASE_Firm_AutoApproval -->
  <testcase name="TC07_ASE_Firm_AutoApproval" time="0.001" classname="com.att.myprice.testcases.TC07_ASE_Firm_AutoApproval_ERateN">
    <skipped/>
  </testcase> <!-- TC07_ASE_Firm_AutoApproval -->
  <testcase name="TC07_ASE_Firm_AutoApproval" time="0.001" classname="com.att.myprice.testcases.TC07_ASE_Firm_AutoApproval_ERateN">
    <skipped/>
  </testcase> <!-- TC07_ASE_Firm_AutoApproval -->
  <testcase name="TC07_ASE_Firm_AutoApproval" time="0.001" classname="com.att.myprice.testcases.TC07_ASE_Firm_AutoApproval_ERateN">
    <skipped/>
  </testcase> <!-- TC07_ASE_Firm_AutoApproval -->
  <testcase name="TC07_ASE_Firm_AutoApproval" time="0.002" classname="com.att.myprice.testcases.TC07_ASE_Firm_AutoApproval_ERateN">
    <skipped/>
  </testcase> <!-- TC07_ASE_Firm_AutoApproval -->
  <testcase name="TC07_ASE_Firm_AutoApproval" time="0.001" classname="com.att.myprice.testcases.TC07_ASE_Firm_AutoApproval_ERateN">
    <skipped/>
  </testcase> <!-- TC07_ASE_Firm_AutoApproval -->
  <testcase name="TC07_ASE_Firm_AutoApproval" time="0.001" classname="com.att.myprice.testcases.TC07_ASE_Firm_AutoApproval_ERateN">
    <skipped/>
  </testcase> <!-- TC07_ASE_Firm_AutoApproval -->
  <testcase name="TC07_ASE_Firm_AutoApproval" time="0.000" classname="com.att.myprice.testcases.TC07_ASE_Firm_AutoApproval_ERateN">
    <skipped/>
  </testcase> <!-- TC07_ASE_Firm_AutoApproval -->
  <testcase name="TC07_ASE_Firm_AutoApproval" time="0.001" classname="com.att.myprice.testcases.TC07_ASE_Firm_AutoApproval_ERateN">
    <skipped/>
  </testcase> <!-- TC07_ASE_Firm_AutoApproval -->
  <testcase name="TC07_ASE_Firm_AutoApproval" time="0.000" classname="com.att.myprice.testcases.TC07_ASE_Firm_AutoApproval_ERateN">
    <skipped/>
  </testcase> <!-- TC07_ASE_Firm_AutoApproval -->
  <testcase name="TC07_ASE_Firm_AutoApproval" time="0.001" classname="com.att.myprice.testcases.TC07_ASE_Firm_AutoApproval_ERateN">
    <skipped/>
  </testcase> <!-- TC07_ASE_Firm_AutoApproval -->
  <testcase name="TC07_ASE_Firm_AutoApproval" time="0.001" classname="com.att.myprice.testcases.TC07_ASE_Firm_AutoApproval_ERateN">
    <skipped/>
  </testcase> <!-- TC07_ASE_Firm_AutoApproval -->
  <testcase name="TC07_ASE_Firm_AutoApproval" time="0.001" classname="com.att.myprice.testcases.TC07_ASE_Firm_AutoApproval_ERateN">
    <skipped/>
  </testcase> <!-- TC07_ASE_Firm_AutoApproval -->
  <testcase name="TC07_ASE_Firm_AutoApproval" time="0.001" classname="com.att.myprice.testcases.TC07_ASE_Firm_AutoApproval_ERateN">
    <skipped/>
  </testcase> <!-- TC07_ASE_Firm_AutoApproval -->
  <testcase name="TC07_ASE_Firm_AutoApproval" time="0.001" classname="com.att.myprice.testcases.TC07_ASE_Firm_AutoApproval_ERateN">
    <skipped/>
  </testcase> <!-- TC07_ASE_Firm_AutoApproval -->
  <testcase name="TC07_ASE_Firm_AutoApproval" time="0.001" classname="com.att.myprice.testcases.TC07_ASE_Firm_AutoApproval_ERateN">
    <skipped/>
  </testcase> <!-- TC07_ASE_Firm_AutoApproval -->
  <testcase name="TC07_ASE_Firm_AutoApproval" time="0.001" classname="com.att.myprice.testcases.TC07_ASE_Firm_AutoApproval_ERateN">
    <skipped/>
  </testcase> <!-- TC07_ASE_Firm_AutoApproval -->
  <testcase name="TC07_ASE_Firm_AutoApproval" time="0.001" classname="com.att.myprice.testcases.TC07_ASE_Firm_AutoApproval_ERateN">
    <skipped/>
  </testcase> <!-- TC07_ASE_Firm_AutoApproval -->
  <testcase name="TC07_ASE_Firm_AutoApproval" time="0.001" classname="com.att.myprice.testcases.TC07_ASE_Firm_AutoApproval_ERateN">
    <skipped/>
  </testcase> <!-- TC07_ASE_Firm_AutoApproval -->
  <testcase name="TC07_ASE_Firm_AutoApproval" time="0.001" classname="com.att.myprice.testcases.TC07_ASE_Firm_AutoApproval_ERateN">
    <skipped/>
  </testcase> <!-- TC07_ASE_Firm_AutoApproval -->
  <testcase name="TC07_ASE_Firm_AutoApproval" time="0.012" classname="com.att.myprice.testcases.TC07_ASE_Firm_AutoApproval_ERateN">
    <skipped/>
  </testcase> <!-- TC07_ASE_Firm_AutoApproval -->
  <testcase name="TC07_ASE_Firm_AutoApproval" time="0.001" classname="com.att.myprice.testcases.TC07_ASE_Firm_AutoApproval_ERateN">
    <skipped/>
  </testcase> <!-- TC07_ASE_Firm_AutoApproval -->
  <testcase name="TC07_ASE_Firm_AutoApproval" time="0.001" classname="com.att.myprice.testcases.TC07_ASE_Firm_AutoApproval_ERateN">
    <skipped/>
  </testcase> <!-- TC07_ASE_Firm_AutoApproval -->
  <testcase name="TC07_ASE_Firm_AutoApproval" time="0.023" classname="com.att.myprice.testcases.TC07_ASE_Firm_AutoApproval_ERateN">
    <skipped/>
  </testcase> <!-- TC07_ASE_Firm_AutoApproval -->
  <testcase name="TC07_ASE_Firm_AutoApproval" time="0.000" classname="com.att.myprice.testcases.TC07_ASE_Firm_AutoApproval_ERateN">
    <skipped/>
  </testcase> <!-- TC07_ASE_Firm_AutoApproval -->
  <testcase name="TC07_ASE_Firm_AutoApproval" time="0.010" classname="com.att.myprice.testcases.TC07_ASE_Firm_AutoApproval_ERateN">
    <skipped/>
  </testcase> <!-- TC07_ASE_Firm_AutoApproval -->
  <testcase name="TC07_ASE_Firm_AutoApproval" time="0.001" classname="com.att.myprice.testcases.TC07_ASE_Firm_AutoApproval_ERateN">
    <skipped/>
  </testcase> <!-- TC07_ASE_Firm_AutoApproval -->
  <testcase name="TC07_ASE_Firm_AutoApproval" time="0.005" classname="com.att.myprice.testcases.TC07_ASE_Firm_AutoApproval_ERateN">
    <skipped/>
  </testcase> <!-- TC07_ASE_Firm_AutoApproval -->
  <testcase name="TC07_ASE_Firm_AutoApproval" time="0.001" classname="com.att.myprice.testcases.TC07_ASE_Firm_AutoApproval_ERateN">
    <skipped/>
  </testcase> <!-- TC07_ASE_Firm_AutoApproval -->
  <testcase name="TC07_ASE_Firm_AutoApproval" time="0.001" classname="com.att.myprice.testcases.TC07_ASE_Firm_AutoApproval_ERateN">
    <skipped/>
  </testcase> <!-- TC07_ASE_Firm_AutoApproval -->
  <testcase name="TC07_ASE_Firm_AutoApproval" time="0.002" classname="com.att.myprice.testcases.TC07_ASE_Firm_AutoApproval_ERateN">
    <skipped/>
  </testcase> <!-- TC07_ASE_Firm_AutoApproval -->
  <testcase name="TC07_ASE_Firm_AutoApproval" time="0.001" classname="com.att.myprice.testcases.TC07_ASE_Firm_AutoApproval_ERateN">
    <skipped/>
  </testcase> <!-- TC07_ASE_Firm_AutoApproval -->
  <testcase name="TC07_ASE_Firm_AutoApproval" time="0.039" classname="com.att.myprice.testcases.TC07_ASE_Firm_AutoApproval_ERateN">
    <skipped/>
  </testcase> <!-- TC07_ASE_Firm_AutoApproval -->
  <testcase name="TC07_ASE_Firm_AutoApproval" time="0.021" classname="com.att.myprice.testcases.TC07_ASE_Firm_AutoApproval_ERateN">
    <skipped/>
  </testcase> <!-- TC07_ASE_Firm_AutoApproval -->
  <testcase name="TC07_ASE_Firm_AutoApproval" time="0.014" classname="com.att.myprice.testcases.TC07_ASE_Firm_AutoApproval_ERateN">
    <skipped/>
  </testcase> <!-- TC07_ASE_Firm_AutoApproval -->
  <testcase name="TC07_ASE_Firm_AutoApproval" time="0.000" classname="com.att.myprice.testcases.TC07_ASE_Firm_AutoApproval_ERateN">
    <skipped/>
  </testcase> <!-- TC07_ASE_Firm_AutoApproval -->
  <testcase name="TC07_ASE_Firm_AutoApproval" time="0.001" classname="com.att.myprice.testcases.TC07_ASE_Firm_AutoApproval_ERateN">
    <skipped/>
  </testcase> <!-- TC07_ASE_Firm_AutoApproval -->
  <testcase name="TC07_ASE_Firm_AutoApproval" time="0.014" classname="com.att.myprice.testcases.TC07_ASE_Firm_AutoApproval_ERateN">
    <skipped/>
  </testcase> <!-- TC07_ASE_Firm_AutoApproval -->
  <testcase name="TC07_ASE_Firm_AutoApproval" time="0.001" classname="com.att.myprice.testcases.TC07_ASE_Firm_AutoApproval_ERateN">
    <skipped/>
  </testcase> <!-- TC07_ASE_Firm_AutoApproval -->
  <testcase name="TC07_ASE_Firm_AutoApproval" time="0.002" classname="com.att.myprice.testcases.TC07_ASE_Firm_AutoApproval_ERateN">
    <skipped/>
  </testcase> <!-- TC07_ASE_Firm_AutoApproval -->
  <testcase name="TC07_ASE_Firm_AutoApproval" time="0.002" classname="com.att.myprice.testcases.TC07_ASE_Firm_AutoApproval_ERateN">
    <skipped/>
  </testcase> <!-- TC07_ASE_Firm_AutoApproval -->
  <testcase name="TC07_ASE_Firm_AutoApproval" time="0.000" classname="com.att.myprice.testcases.TC07_ASE_Firm_AutoApproval_ERateN">
    <skipped/>
  </testcase> <!-- TC07_ASE_Firm_AutoApproval -->
  <testcase name="TC07_ASE_Firm_AutoApproval" time="0.001" classname="com.att.myprice.testcases.TC07_ASE_Firm_AutoApproval_ERateN">
    <skipped/>
  </testcase> <!-- TC07_ASE_Firm_AutoApproval -->
  <testcase name="TC07_ASE_Firm_AutoApproval" time="0.001" classname="com.att.myprice.testcases.TC07_ASE_Firm_AutoApproval_ERateN">
    <skipped/>
  </testcase> <!-- TC07_ASE_Firm_AutoApproval -->
  <testcase name="TC07_ASE_Firm_AutoApproval" time="0.000" classname="com.att.myprice.testcases.TC07_ASE_Firm_AutoApproval_ERateN">
    <skipped/>
  </testcase> <!-- TC07_ASE_Firm_AutoApproval -->
  <testcase name="TC07_ASE_Firm_AutoApproval" time="0.000" classname="com.att.myprice.testcases.TC07_ASE_Firm_AutoApproval_ERateN">
    <skipped/>
  </testcase> <!-- TC07_ASE_Firm_AutoApproval -->
  <testcase name="TC07_ASE_Firm_AutoApproval" time="0.001" classname="com.att.myprice.testcases.TC07_ASE_Firm_AutoApproval_ERateN">
    <skipped/>
  </testcase> <!-- TC07_ASE_Firm_AutoApproval -->
  <testcase name="TC07_ASE_Firm_AutoApproval" time="0.002" classname="com.att.myprice.testcases.TC07_ASE_Firm_AutoApproval_ERateN">
    <skipped/>
  </testcase> <!-- TC07_ASE_Firm_AutoApproval -->
  <testcase name="TC07_ASE_Firm_AutoApproval" time="0.001" classname="com.att.myprice.testcases.TC07_ASE_Firm_AutoApproval_ERateN">
    <skipped/>
  </testcase> <!-- TC07_ASE_Firm_AutoApproval -->
  <testcase name="TC07_ASE_Firm_AutoApproval" time="0.010" classname="com.att.myprice.testcases.TC07_ASE_Firm_AutoApproval_ERateN">
    <skipped/>
  </testcase> <!-- TC07_ASE_Firm_AutoApproval -->
  <testcase name="TC07_ASE_Firm_AutoApproval" time="0.016" classname="com.att.myprice.testcases.TC07_ASE_Firm_AutoApproval_ERateN">
    <skipped/>
  </testcase> <!-- TC07_ASE_Firm_AutoApproval -->
  <testcase name="TC07_ASE_Firm_AutoApproval" time="0.002" classname="com.att.myprice.testcases.TC07_ASE_Firm_AutoApproval_ERateN">
    <skipped/>
  </testcase> <!-- TC07_ASE_Firm_AutoApproval -->
  <testcase name="TC07_ASE_Firm_AutoApproval" time="0.000" classname="com.att.myprice.testcases.TC07_ASE_Firm_AutoApproval_ERateN">
    <skipped/>
  </testcase> <!-- TC07_ASE_Firm_AutoApproval -->
  <testcase name="TC07_ASE_Firm_AutoApproval" time="0.011" classname="com.att.myprice.testcases.TC07_ASE_Firm_AutoApproval_ERateN">
    <skipped/>
  </testcase> <!-- TC07_ASE_Firm_AutoApproval -->
  <testcase name="TC07_ASE_Firm_AutoApproval" time="0.001" classname="com.att.myprice.testcases.TC07_ASE_Firm_AutoApproval_ERateN">
    <skipped/>
  </testcase> <!-- TC07_ASE_Firm_AutoApproval -->
  <testcase name="TC07_ASE_Firm_AutoApproval" time="0.000" classname="com.att.myprice.testcases.TC07_ASE_Firm_AutoApproval_ERateN">
    <skipped/>
  </testcase> <!-- TC07_ASE_Firm_AutoApproval -->
  <testcase name="TC07_ASE_Firm_AutoApproval" time="0.000" classname="com.att.myprice.testcases.TC07_ASE_Firm_AutoApproval_ERateN">
    <skipped/>
  </testcase> <!-- TC07_ASE_Firm_AutoApproval -->
  <testcase name="TC07_ASE_Firm_AutoApproval" time="0.001" classname="com.att.myprice.testcases.TC07_ASE_Firm_AutoApproval_ERateN">
    <skipped/>
  </testcase> <!-- TC07_ASE_Firm_AutoApproval -->
  <testcase name="TC07_ASE_Firm_AutoApproval" time="0.000" classname="com.att.myprice.testcases.TC07_ASE_Firm_AutoApproval_ERateN">
    <skipped/>
  </testcase> <!-- TC07_ASE_Firm_AutoApproval -->
  <testcase name="TC07_ASE_Firm_AutoApproval" time="0.001" classname="com.att.myprice.testcases.TC07_ASE_Firm_AutoApproval_ERateN">
    <skipped/>
  </testcase> <!-- TC07_ASE_Firm_AutoApproval -->
  <testcase name="TC07_ASE_Firm_AutoApproval" time="0.001" classname="com.att.myprice.testcases.TC07_ASE_Firm_AutoApproval_ERateN">
    <skipped/>
  </testcase> <!-- TC07_ASE_Firm_AutoApproval -->
  <testcase name="TC07_ASE_Firm_AutoApproval" time="0.001" classname="com.att.myprice.testcases.TC07_ASE_Firm_AutoApproval_ERateN">
    <skipped/>
  </testcase> <!-- TC07_ASE_Firm_AutoApproval -->
  <testcase name="TC07_ASE_Firm_AutoApproval" time="0.009" classname="com.att.myprice.testcases.TC07_ASE_Firm_AutoApproval_ERateN">
    <skipped/>
  </testcase> <!-- TC07_ASE_Firm_AutoApproval -->
  <testcase name="TC07_ASE_Firm_AutoApproval" time="0.003" classname="com.att.myprice.testcases.TC07_ASE_Firm_AutoApproval_ERateN">
    <skipped/>
  </testcase> <!-- TC07_ASE_Firm_AutoApproval -->
  <testcase name="TC07_ASE_Firm_AutoApproval" time="0.000" classname="com.att.myprice.testcases.TC07_ASE_Firm_AutoApproval_ERateN">
    <skipped/>
  </testcase> <!-- TC07_ASE_Firm_AutoApproval -->
  <testcase name="TC07_ASE_Firm_AutoApproval" time="0.004" classname="com.att.myprice.testcases.TC07_ASE_Firm_AutoApproval_ERateN">
    <skipped/>
  </testcase> <!-- TC07_ASE_Firm_AutoApproval -->
  <testcase name="TC07_ASE_Firm_AutoApproval" time="0.001" classname="com.att.myprice.testcases.TC07_ASE_Firm_AutoApproval_ERateN">
    <skipped/>
  </testcase> <!-- TC07_ASE_Firm_AutoApproval -->
  <testcase name="TC07_ASE_Firm_AutoApproval" time="0.013" classname="com.att.myprice.testcases.TC07_ASE_Firm_AutoApproval_ERateN">
    <skipped/>
  </testcase> <!-- TC07_ASE_Firm_AutoApproval -->
  <testcase name="TC07_ASE_Firm_AutoApproval" time="0.034" classname="com.att.myprice.testcases.TC07_ASE_Firm_AutoApproval_ERateN">
    <skipped/>
  </testcase> <!-- TC07_ASE_Firm_AutoApproval -->
  <testcase name="TC07_ASE_Firm_AutoApproval" time="0.001" classname="com.att.myprice.testcases.TC07_ASE_Firm_AutoApproval_ERateN">
    <skipped/>
  </testcase> <!-- TC07_ASE_Firm_AutoApproval -->
  <testcase name="TC07_ASE_Firm_AutoApproval" time="0.017" classname="com.att.myprice.testcases.TC07_ASE_Firm_AutoApproval_ERateN">
    <skipped/>
  </testcase> <!-- TC07_ASE_Firm_AutoApproval -->
  <testcase name="TC07_ASE_Firm_AutoApproval" time="0.001" classname="com.att.myprice.testcases.TC07_ASE_Firm_AutoApproval_ERateN">
    <skipped/>
  </testcase> <!-- TC07_ASE_Firm_AutoApproval -->
  <testcase name="TC07_ASE_Firm_AutoApproval" time="0.001" classname="com.att.myprice.testcases.TC07_ASE_Firm_AutoApproval_ERateN">
    <skipped/>
  </testcase> <!-- TC07_ASE_Firm_AutoApproval -->
  <testcase name="TC07_ASE_Firm_AutoApproval" time="0.001" classname="com.att.myprice.testcases.TC07_ASE_Firm_AutoApproval_ERateN">
    <skipped/>
  </testcase> <!-- TC07_ASE_Firm_AutoApproval -->
  <testcase name="TC07_ASE_Firm_AutoApproval" time="0.105" classname="com.att.myprice.testcases.TC07_ASE_Firm_AutoApproval_ERateN">
    <skipped/>
  </testcase> <!-- TC07_ASE_Firm_AutoApproval -->
  <testcase name="TC07_ASE_Firm_AutoApproval" time="0.001" classname="com.att.myprice.testcases.TC07_ASE_Firm_AutoApproval_ERateN">
    <skipped/>
  </testcase> <!-- TC07_ASE_Firm_AutoApproval -->
  <testcase name="TC07_ASE_Firm_AutoApproval" time="0.001" classname="com.att.myprice.testcases.TC07_ASE_Firm_AutoApproval_ERateN">
    <skipped/>
  </testcase> <!-- TC07_ASE_Firm_AutoApproval -->
  <testcase name="TC07_ASE_Firm_AutoApproval" time="0.000" classname="com.att.myprice.testcases.TC07_ASE_Firm_AutoApproval_ERateN">
    <skipped/>
  </testcase> <!-- TC07_ASE_Firm_AutoApproval -->
  <testcase name="TC07_ASE_Firm_AutoApproval" time="0.000" classname="com.att.myprice.testcases.TC07_ASE_Firm_AutoApproval_ERateN">
    <skipped/>
  </testcase> <!-- TC07_ASE_Firm_AutoApproval -->
  <testcase name="TC07_ASE_Firm_AutoApproval" time="0.001" classname="com.att.myprice.testcases.TC07_ASE_Firm_AutoApproval_ERateN">
    <skipped/>
  </testcase> <!-- TC07_ASE_Firm_AutoApproval -->
  <testcase name="TC07_ASE_Firm_AutoApproval" time="0.000" classname="com.att.myprice.testcases.TC07_ASE_Firm_AutoApproval_ERateN">
    <skipped/>
  </testcase> <!-- TC07_ASE_Firm_AutoApproval -->
  <testcase name="TC07_ASE_Firm_AutoApproval" time="0.027" classname="com.att.myprice.testcases.TC07_ASE_Firm_AutoApproval_ERateN">
    <skipped/>
  </testcase> <!-- TC07_ASE_Firm_AutoApproval -->
  <testcase name="TC07_ASE_Firm_AutoApproval" time="0.012" classname="com.att.myprice.testcases.TC07_ASE_Firm_AutoApproval_ERateN">
    <skipped/>
  </testcase> <!-- TC07_ASE_Firm_AutoApproval -->
  <testcase name="TC07_ASE_Firm_AutoApproval" time="0.001" classname="com.att.myprice.testcases.TC07_ASE_Firm_AutoApproval_ERateN">
    <skipped/>
  </testcase> <!-- TC07_ASE_Firm_AutoApproval -->
  <testcase name="TC07_ASE_Firm_AutoApproval" time="0.002" classname="com.att.myprice.testcases.TC07_ASE_Firm_AutoApproval_ERateN">
    <skipped/>
  </testcase> <!-- TC07_ASE_Firm_AutoApproval -->
  <testcase name="TC07_ASE_Firm_AutoApproval" time="0.001" classname="com.att.myprice.testcases.TC07_ASE_Firm_AutoApproval_ERateN">
    <skipped/>
  </testcase> <!-- TC07_ASE_Firm_AutoApproval -->
  <testcase name="TC07_ASE_Firm_AutoApproval" time="0.001" classname="com.att.myprice.testcases.TC07_ASE_Firm_AutoApproval_ERateN">
    <skipped/>
  </testcase> <!-- TC07_ASE_Firm_AutoApproval -->
  <testcase name="TC07_ASE_Firm_AutoApproval" time="0.001" classname="com.att.myprice.testcases.TC07_ASE_Firm_AutoApproval_ERateN">
    <skipped/>
  </testcase> <!-- TC07_ASE_Firm_AutoApproval -->
  <testcase name="TC07_ASE_Firm_AutoApproval" time="0.000" classname="com.att.myprice.testcases.TC07_ASE_Firm_AutoApproval_ERateN">
    <skipped/>
  </testcase> <!-- TC07_ASE_Firm_AutoApproval -->
  <testcase name="TC07_ASE_Firm_AutoApproval" time="0.015" classname="com.att.myprice.testcases.TC07_ASE_Firm_AutoApproval_ERateN">
    <skipped/>
  </testcase> <!-- TC07_ASE_Firm_AutoApproval -->
  <testcase name="TC07_ASE_Firm_AutoApproval" time="0.059" classname="com.att.myprice.testcases.TC07_ASE_Firm_AutoApproval_ERateN">
    <skipped/>
  </testcase> <!-- TC07_ASE_Firm_AutoApproval -->
  <testcase name="TC07_ASE_Firm_AutoApproval" time="0.001" classname="com.att.myprice.testcases.TC07_ASE_Firm_AutoApproval_ERateN">
    <skipped/>
  </testcase> <!-- TC07_ASE_Firm_AutoApproval -->
  <testcase name="TC07_ASE_Firm_AutoApproval" time="0.012" classname="com.att.myprice.testcases.TC07_ASE_Firm_AutoApproval_ERateN">
    <skipped/>
  </testcase> <!-- TC07_ASE_Firm_AutoApproval -->
  <testcase name="TC07_ASE_Firm_AutoApproval" time="0.001" classname="com.att.myprice.testcases.TC07_ASE_Firm_AutoApproval_ERateN">
    <skipped/>
  </testcase> <!-- TC07_ASE_Firm_AutoApproval -->
  <testcase name="TC07_ASE_Firm_AutoApproval" time="0.001" classname="com.att.myprice.testcases.TC07_ASE_Firm_AutoApproval_ERateN">
    <skipped/>
  </testcase> <!-- TC07_ASE_Firm_AutoApproval -->
  <testcase name="TC07_ASE_Firm_AutoApproval" time="0.045" classname="com.att.myprice.testcases.TC07_ASE_Firm_AutoApproval_ERateN">
    <skipped/>
  </testcase> <!-- TC07_ASE_Firm_AutoApproval -->
  <testcase name="TC07_ASE_Firm_AutoApproval" time="0.027" classname="com.att.myprice.testcases.TC07_ASE_Firm_AutoApproval_ERateN">
    <skipped/>
  </testcase> <!-- TC07_ASE_Firm_AutoApproval -->
  <testcase name="TC07_ASE_Firm_AutoApproval" time="0.017" classname="com.att.myprice.testcases.TC07_ASE_Firm_AutoApproval_ERateN">
    <skipped/>
  </testcase> <!-- TC07_ASE_Firm_AutoApproval -->
  <testcase name="TC07_ASE_Firm_AutoApproval" time="0.001" classname="com.att.myprice.testcases.TC07_ASE_Firm_AutoApproval_ERateN">
    <skipped/>
  </testcase> <!-- TC07_ASE_Firm_AutoApproval -->
  <testcase name="TC07_ASE_Firm_AutoApproval" time="0.001" classname="com.att.myprice.testcases.TC07_ASE_Firm_AutoApproval_ERateN">
    <skipped/>
  </testcase> <!-- TC07_ASE_Firm_AutoApproval -->
  <testcase name="TC07_ASE_Firm_AutoApproval" time="0.154" classname="com.att.myprice.testcases.TC07_ASE_Firm_AutoApproval_ERateN">
    <skipped/>
  </testcase> <!-- TC07_ASE_Firm_AutoApproval -->
  <testcase name="TC07_ASE_Firm_AutoApproval" time="0.022" classname="com.att.myprice.testcases.TC07_ASE_Firm_AutoApproval_ERateN">
    <skipped/>
  </testcase> <!-- TC07_ASE_Firm_AutoApproval -->
  <testcase name="TC07_ASE_Firm_AutoApproval" time="0.001" classname="com.att.myprice.testcases.TC07_ASE_Firm_AutoApproval_ERateN">
    <skipped/>
  </testcase> <!-- TC07_ASE_Firm_AutoApproval -->
  <testcase name="TC07_ASE_Firm_AutoApproval" time="0.008" classname="com.att.myprice.testcases.TC07_ASE_Firm_AutoApproval_ERateN">
    <skipped/>
  </testcase> <!-- TC07_ASE_Firm_AutoApproval -->
  <testcase name="TC07_ASE_Firm_AutoApproval" time="0.014" classname="com.att.myprice.testcases.TC07_ASE_Firm_AutoApproval_ERateN">
    <skipped/>
  </testcase> <!-- TC07_ASE_Firm_AutoApproval -->
  <testcase name="TC07_ASE_Firm_AutoApproval" time="0.001" classname="com.att.myprice.testcases.TC07_ASE_Firm_AutoApproval_ERateN">
    <skipped/>
  </testcase> <!-- TC07_ASE_Firm_AutoApproval -->
  <testcase name="TC07_ASE_Firm_AutoApproval" time="0.000" classname="com.att.myprice.testcases.TC07_ASE_Firm_AutoApproval_ERateN">
    <skipped/>
  </testcase> <!-- TC07_ASE_Firm_AutoApproval -->
  <testcase name="TC07_ASE_Firm_AutoApproval" time="0.011" classname="com.att.myprice.testcases.TC07_ASE_Firm_AutoApproval_ERateN">
    <skipped/>
  </testcase> <!-- TC07_ASE_Firm_AutoApproval -->
  <testcase name="TC07_ASE_Firm_AutoApproval" time="0.000" classname="com.att.myprice.testcases.TC07_ASE_Firm_AutoApproval_ERateN">
    <skipped/>
  </testcase> <!-- TC07_ASE_Firm_AutoApproval -->
  <testcase name="TC07_ASE_Firm_AutoApproval" time="0.040" classname="com.att.myprice.testcases.TC07_ASE_Firm_AutoApproval_ERateN">
    <skipped/>
  </testcase> <!-- TC07_ASE_Firm_AutoApproval -->
  <testcase name="TC07_ASE_Firm_AutoApproval" time="0.001" classname="com.att.myprice.testcases.TC07_ASE_Firm_AutoApproval_ERateN">
    <skipped/>
  </testcase> <!-- TC07_ASE_Firm_AutoApproval -->
  <testcase name="TC07_ASE_Firm_AutoApproval" time="0.000" classname="com.att.myprice.testcases.TC07_ASE_Firm_AutoApproval_ERateN">
    <skipped/>
  </testcase> <!-- TC07_ASE_Firm_AutoApproval -->
  <testcase name="TC07_ASE_Firm_AutoApproval" time="0.001" classname="com.att.myprice.testcases.TC07_ASE_Firm_AutoApproval_ERateN">
    <skipped/>
  </testcase> <!-- TC07_ASE_Firm_AutoApproval -->
  <testcase name="TC07_ASE_Firm_AutoApproval" time="0.000" classname="com.att.myprice.testcases.TC07_ASE_Firm_AutoApproval_ERateN">
    <skipped/>
  </testcase> <!-- TC07_ASE_Firm_AutoApproval -->
  <testcase name="TC07_ASE_Firm_AutoApproval" time="0.001" classname="com.att.myprice.testcases.TC07_ASE_Firm_AutoApproval_ERateN">
    <skipped/>
  </testcase> <!-- TC07_ASE_Firm_AutoApproval -->
  <testcase name="TC07_ASE_Firm_AutoApproval" time="0.001" classname="com.att.myprice.testcases.TC07_ASE_Firm_AutoApproval_ERateN">
    <skipped/>
  </testcase> <!-- TC07_ASE_Firm_AutoApproval -->
  <testcase name="TC07_ASE_Firm_AutoApproval" time="0.000" classname="com.att.myprice.testcases.TC07_ASE_Firm_AutoApproval_ERateN">
    <skipped/>
  </testcase> <!-- TC07_ASE_Firm_AutoApproval -->
  <testcase name="TC07_ASE_Firm_AutoApproval" time="0.000" classname="com.att.myprice.testcases.TC07_ASE_Firm_AutoApproval_ERateN">
    <skipped/>
  </testcase> <!-- TC07_ASE_Firm_AutoApproval -->
  <testcase name="TC07_ASE_Firm_AutoApproval" time="0.007" classname="com.att.myprice.testcases.TC07_ASE_Firm_AutoApproval_ERateN">
    <skipped/>
  </testcase> <!-- TC07_ASE_Firm_AutoApproval -->
  <testcase name="TC07_ASE_Firm_AutoApproval" time="0.003" classname="com.att.myprice.testcases.TC07_ASE_Firm_AutoApproval_ERateN">
    <skipped/>
  </testcase> <!-- TC07_ASE_Firm_AutoApproval -->
  <testcase name="TC07_ASE_Firm_AutoApproval" time="0.001" classname="com.att.myprice.testcases.TC07_ASE_Firm_AutoApproval_ERateN">
    <skipped/>
  </testcase> <!-- TC07_ASE_Firm_AutoApproval -->
  <testcase name="TC07_ASE_Firm_AutoApproval" time="0.082" classname="com.att.myprice.testcases.TC07_ASE_Firm_AutoApproval_ERateN">
    <skipped/>
  </testcase> <!-- TC07_ASE_Firm_AutoApproval -->
  <testcase name="TC07_ASE_Firm_AutoApproval" time="0.002" classname="com.att.myprice.testcases.TC07_ASE_Firm_AutoApproval_ERateN">
    <skipped/>
  </testcase> <!-- TC07_ASE_Firm_AutoApproval -->
  <testcase name="TC07_ASE_Firm_AutoApproval" time="0.008" classname="com.att.myprice.testcases.TC07_ASE_Firm_AutoApproval_ERateN">
    <skipped/>
  </testcase> <!-- TC07_ASE_Firm_AutoApproval -->
  <testcase name="TC07_ASE_Firm_AutoApproval" time="0.001" classname="com.att.myprice.testcases.TC07_ASE_Firm_AutoApproval_ERateN">
    <skipped/>
  </testcase> <!-- TC07_ASE_Firm_AutoApproval -->
  <testcase name="TC07_ASE_Firm_AutoApproval" time="0.008" classname="com.att.myprice.testcases.TC07_ASE_Firm_AutoApproval_ERateN">
    <skipped/>
  </testcase> <!-- TC07_ASE_Firm_AutoApproval -->
  <testcase name="TC07_ASE_Firm_AutoApproval" time="0.002" classname="com.att.myprice.testcases.TC07_ASE_Firm_AutoApproval_ERateN">
    <skipped/>
  </testcase> <!-- TC07_ASE_Firm_AutoApproval -->
  <testcase name="TC07_ASE_Firm_AutoApproval" time="0.001" classname="com.att.myprice.testcases.TC07_ASE_Firm_AutoApproval_ERateN">
    <skipped/>
  </testcase> <!-- TC07_ASE_Firm_AutoApproval -->
  <testcase name="TC07_ASE_Firm_AutoApproval" time="0.001" classname="com.att.myprice.testcases.TC07_ASE_Firm_AutoApproval_ERateN">
    <skipped/>
  </testcase> <!-- TC07_ASE_Firm_AutoApproval -->
  <testcase name="TC07_ASE_Firm_AutoApproval" time="0.001" classname="com.att.myprice.testcases.TC07_ASE_Firm_AutoApproval_ERateN">
    <skipped/>
  </testcase> <!-- TC07_ASE_Firm_AutoApproval -->
  <testcase name="TC07_ASE_Firm_AutoApproval" time="0.000" classname="com.att.myprice.testcases.TC07_ASE_Firm_AutoApproval_ERateN">
    <skipped/>
  </testcase> <!-- TC07_ASE_Firm_AutoApproval -->
  <testcase name="TC07_ASE_Firm_AutoApproval" time="0.001" classname="com.att.myprice.testcases.TC07_ASE_Firm_AutoApproval_ERateN">
    <skipped/>
  </testcase> <!-- TC07_ASE_Firm_AutoApproval -->
  <testcase name="TC07_ASE_Firm_AutoApproval" time="0.002" classname="com.att.myprice.testcases.TC07_ASE_Firm_AutoApproval_ERateN">
    <skipped/>
  </testcase> <!-- TC07_ASE_Firm_AutoApproval -->
  <testcase name="TC07_ASE_Firm_AutoApproval" time="0.001" classname="com.att.myprice.testcases.TC07_ASE_Firm_AutoApproval_ERateN">
    <skipped/>
  </testcase> <!-- TC07_ASE_Firm_AutoApproval -->
  <testcase name="TC07_ASE_Firm_AutoApproval" time="0.000" classname="com.att.myprice.testcases.TC07_ASE_Firm_AutoApproval_ERateN">
    <skipped/>
  </testcase> <!-- TC07_ASE_Firm_AutoApproval -->
  <testcase name="TC07_ASE_Firm_AutoApproval" time="0.001" classname="com.att.myprice.testcases.TC07_ASE_Firm_AutoApproval_ERateN">
    <skipped/>
  </testcase> <!-- TC07_ASE_Firm_AutoApproval -->
  <testcase name="TC07_ASE_Firm_AutoApproval" time="0.001" classname="com.att.myprice.testcases.TC07_ASE_Firm_AutoApproval_ERateN">
    <skipped/>
  </testcase> <!-- TC07_ASE_Firm_AutoApproval -->
  <testcase name="TC07_ASE_Firm_AutoApproval" time="0.007" classname="com.att.myprice.testcases.TC07_ASE_Firm_AutoApproval_ERateN">
    <skipped/>
  </testcase> <!-- TC07_ASE_Firm_AutoApproval -->
  <testcase name="TC07_ASE_Firm_AutoApproval" time="0.007" classname="com.att.myprice.testcases.TC07_ASE_Firm_AutoApproval_ERateN">
    <skipped/>
  </testcase> <!-- TC07_ASE_Firm_AutoApproval -->
  <testcase name="TC07_ASE_Firm_AutoApproval" time="0.000" classname="com.att.myprice.testcases.TC07_ASE_Firm_AutoApproval_ERateN">
    <skipped/>
  </testcase> <!-- TC07_ASE_Firm_AutoApproval -->
  <testcase name="TC07_ASE_Firm_AutoApproval" time="0.001" classname="com.att.myprice.testcases.TC07_ASE_Firm_AutoApproval_ERateN">
    <skipped/>
  </testcase> <!-- TC07_ASE_Firm_AutoApproval -->
  <testcase name="TC07_ASE_Firm_AutoApproval" time="0.001" classname="com.att.myprice.testcases.TC07_ASE_Firm_AutoApproval_ERateN">
    <skipped/>
  </testcase> <!-- TC07_ASE_Firm_AutoApproval -->
  <testcase name="TC07_ASE_Firm_AutoApproval" time="0.001" classname="com.att.myprice.testcases.TC07_ASE_Firm_AutoApproval_ERateN">
    <skipped/>
  </testcase> <!-- TC07_ASE_Firm_AutoApproval -->
  <testcase name="TC07_ASE_Firm_AutoApproval" time="0.076" classname="com.att.myprice.testcases.TC07_ASE_Firm_AutoApproval_ERateN">
    <skipped/>
  </testcase> <!-- TC07_ASE_Firm_AutoApproval -->
  <testcase name="TC07_ASE_Firm_AutoApproval" time="0.001" classname="com.att.myprice.testcases.TC07_ASE_Firm_AutoApproval_ERateN">
    <skipped/>
  </testcase> <!-- TC07_ASE_Firm_AutoApproval -->
  <testcase name="TC07_ASE_Firm_AutoApproval" time="0.001" classname="com.att.myprice.testcases.TC07_ASE_Firm_AutoApproval_ERateN">
    <skipped/>
  </testcase> <!-- TC07_ASE_Firm_AutoApproval -->
  <testcase name="TC07_ASE_Firm_AutoApproval" time="0.000" classname="com.att.myprice.testcases.TC07_ASE_Firm_AutoApproval_ERateN">
    <skipped/>
  </testcase> <!-- TC07_ASE_Firm_AutoApproval -->
  <testcase name="TC07_ASE_Firm_AutoApproval" time="0.000" classname="com.att.myprice.testcases.TC07_ASE_Firm_AutoApproval_ERateN">
    <skipped/>
  </testcase> <!-- TC07_ASE_Firm_AutoApproval -->
  <testcase name="TC07_ASE_Firm_AutoApproval" time="0.014" classname="com.att.myprice.testcases.TC07_ASE_Firm_AutoApproval_ERateN">
    <skipped/>
  </testcase> <!-- TC07_ASE_Firm_AutoApproval -->
  <testcase name="TC07_ASE_Firm_AutoApproval" time="0.007" classname="com.att.myprice.testcases.TC07_ASE_Firm_AutoApproval_ERateN">
    <skipped/>
  </testcase> <!-- TC07_ASE_Firm_AutoApproval -->
  <testcase name="TC07_ASE_Firm_AutoApproval" time="0.008" classname="com.att.myprice.testcases.TC07_ASE_Firm_AutoApproval_ERateN">
    <skipped/>
  </testcase> <!-- TC07_ASE_Firm_AutoApproval -->
  <testcase name="TC07_ASE_Firm_AutoApproval" time="0.016" classname="com.att.myprice.testcases.TC07_ASE_Firm_AutoApproval_ERateN">
    <skipped/>
  </testcase> <!-- TC07_ASE_Firm_AutoApproval -->
  <testcase name="TC07_ASE_Firm_AutoApproval" time="0.000" classname="com.att.myprice.testcases.TC07_ASE_Firm_AutoApproval_ERateN">
    <skipped/>
  </testcase> <!-- TC07_ASE_Firm_AutoApproval -->
  <testcase name="TC07_ASE_Firm_AutoApproval" time="0.001" classname="com.att.myprice.testcases.TC07_ASE_Firm_AutoApproval_ERateN">
    <skipped/>
  </testcase> <!-- TC07_ASE_Firm_AutoApproval -->
  <testcase name="TC07_ASE_Firm_AutoApproval" time="0.001" classname="com.att.myprice.testcases.TC07_ASE_Firm_AutoApproval_ERateN">
    <skipped/>
  </testcase> <!-- TC07_ASE_Firm_AutoApproval -->
  <testcase name="TC07_ASE_Firm_AutoApproval" time="0.001" classname="com.att.myprice.testcases.TC07_ASE_Firm_AutoApproval_ERateN">
    <skipped/>
  </testcase> <!-- TC07_ASE_Firm_AutoApproval -->
  <testcase name="TC07_ASE_Firm_AutoApproval" time="0.001" classname="com.att.myprice.testcases.TC07_ASE_Firm_AutoApproval_ERateN">
    <skipped/>
  </testcase> <!-- TC07_ASE_Firm_AutoApproval -->
  <testcase name="TC07_ASE_Firm_AutoApproval" time="0.000" classname="com.att.myprice.testcases.TC07_ASE_Firm_AutoApproval_ERateN">
    <skipped/>
  </testcase> <!-- TC07_ASE_Firm_AutoApproval -->
  <testcase name="TC07_ASE_Firm_AutoApproval" time="0.000" classname="com.att.myprice.testcases.TC07_ASE_Firm_AutoApproval_ERateN">
    <skipped/>
  </testcase> <!-- TC07_ASE_Firm_AutoApproval -->
  <testcase name="TC07_ASE_Firm_AutoApproval" time="0.081" classname="com.att.myprice.testcases.TC07_ASE_Firm_AutoApproval_ERateN">
    <skipped/>
  </testcase> <!-- TC07_ASE_Firm_AutoApproval -->
  <testcase name="TC07_ASE_Firm_AutoApproval" time="0.010" classname="com.att.myprice.testcases.TC07_ASE_Firm_AutoApproval_ERateN">
    <skipped/>
  </testcase> <!-- TC07_ASE_Firm_AutoApproval -->
  <testcase name="TC07_ASE_Firm_AutoApproval" time="0.000" classname="com.att.myprice.testcases.TC07_ASE_Firm_AutoApproval_ERateN">
    <skipped/>
  </testcase> <!-- TC07_ASE_Firm_AutoApproval -->
  <testcase name="TC07_ASE_Firm_AutoApproval" time="0.002" classname="com.att.myprice.testcases.TC07_ASE_Firm_AutoApproval_ERateN">
    <skipped/>
  </testcase> <!-- TC07_ASE_Firm_AutoApproval -->
  <testcase name="TC07_ASE_Firm_AutoApproval" time="0.001" classname="com.att.myprice.testcases.TC07_ASE_Firm_AutoApproval_ERateN">
    <skipped/>
  </testcase> <!-- TC07_ASE_Firm_AutoApproval -->
  <testcase name="TC07_ASE_Firm_AutoApproval" time="0.000" classname="com.att.myprice.testcases.TC07_ASE_Firm_AutoApproval_ERateN">
    <skipped/>
  </testcase> <!-- TC07_ASE_Firm_AutoApproval -->
  <testcase name="TC07_ASE_Firm_AutoApproval" time="0.001" classname="com.att.myprice.testcases.TC07_ASE_Firm_AutoApproval_ERateN">
    <skipped/>
  </testcase> <!-- TC07_ASE_Firm_AutoApproval -->
  <testcase name="TC07_ASE_Firm_AutoApproval" time="0.001" classname="com.att.myprice.testcases.TC07_ASE_Firm_AutoApproval_ERateN">
    <skipped/>
  </testcase> <!-- TC07_ASE_Firm_AutoApproval -->
  <testcase name="TC07_ASE_Firm_AutoApproval" time="0.009" classname="com.att.myprice.testcases.TC07_ASE_Firm_AutoApproval_ERateN">
    <skipped/>
  </testcase> <!-- TC07_ASE_Firm_AutoApproval -->
  <testcase name="TC07_ASE_Firm_AutoApproval" time="0.008" classname="com.att.myprice.testcases.TC07_ASE_Firm_AutoApproval_ERateN">
    <skipped/>
  </testcase> <!-- TC07_ASE_Firm_AutoApproval -->
  <testcase name="TC07_ASE_Firm_AutoApproval" time="0.035" classname="com.att.myprice.testcases.TC07_ASE_Firm_AutoApproval_ERateN">
    <skipped/>
  </testcase> <!-- TC07_ASE_Firm_AutoApproval -->
  <testcase name="TC07_ASE_Firm_AutoApproval" time="0.001" classname="com.att.myprice.testcases.TC07_ASE_Firm_AutoApproval_ERateN">
    <skipped/>
  </testcase> <!-- TC07_ASE_Firm_AutoApproval -->
  <testcase name="TC07_ASE_Firm_AutoApproval" time="0.008" classname="com.att.myprice.testcases.TC07_ASE_Firm_AutoApproval_ERateN">
    <skipped/>
  </testcase> <!-- TC07_ASE_Firm_AutoApproval -->
  <testcase name="TC07_ASE_Firm_AutoApproval" time="0.007" classname="com.att.myprice.testcases.TC07_ASE_Firm_AutoApproval_ERateN">
    <skipped/>
  </testcase> <!-- TC07_ASE_Firm_AutoApproval -->
  <testcase name="TC07_ASE_Firm_AutoApproval" time="0.001" classname="com.att.myprice.testcases.TC07_ASE_Firm_AutoApproval_ERateN">
    <skipped/>
  </testcase> <!-- TC07_ASE_Firm_AutoApproval -->
  <testcase name="TC07_ASE_Firm_AutoApproval" time="0.011" classname="com.att.myprice.testcases.TC07_ASE_Firm_AutoApproval_ERateN">
    <skipped/>
  </testcase> <!-- TC07_ASE_Firm_AutoApproval -->
  <testcase name="TC07_ASE_Firm_AutoApproval" time="0.001" classname="com.att.myprice.testcases.TC07_ASE_Firm_AutoApproval_ERateN">
    <skipped/>
  </testcase> <!-- TC07_ASE_Firm_AutoApproval -->
  <testcase name="TC07_ASE_Firm_AutoApproval" time="0.001" classname="com.att.myprice.testcases.TC07_ASE_Firm_AutoApproval_ERateN">
    <skipped/>
  </testcase> <!-- TC07_ASE_Firm_AutoApproval -->
  <testcase name="TC07_ASE_Firm_AutoApproval" time="0.015" classname="com.att.myprice.testcases.TC07_ASE_Firm_AutoApproval_ERateN">
    <skipped/>
  </testcase> <!-- TC07_ASE_Firm_AutoApproval -->
  <testcase name="TC07_ASE_Firm_AutoApproval" time="0.001" classname="com.att.myprice.testcases.TC07_ASE_Firm_AutoApproval_ERateN">
    <skipped/>
  </testcase> <!-- TC07_ASE_Firm_AutoApproval -->
  <testcase name="TC07_ASE_Firm_AutoApproval" time="0.001" classname="com.att.myprice.testcases.TC07_ASE_Firm_AutoApproval_ERateN">
    <skipped/>
  </testcase> <!-- TC07_ASE_Firm_AutoApproval -->
  <testcase name="TC07_ASE_Firm_AutoApproval" time="0.001" classname="com.att.myprice.testcases.TC07_ASE_Firm_AutoApproval_ERateN">
    <skipped/>
  </testcase> <!-- TC07_ASE_Firm_AutoApproval -->
  <testcase name="TC07_ASE_Firm_AutoApproval" time="0.001" classname="com.att.myprice.testcases.TC07_ASE_Firm_AutoApproval_ERateN">
    <skipped/>
  </testcase> <!-- TC07_ASE_Firm_AutoApproval -->
  <testcase name="TC07_ASE_Firm_AutoApproval" time="0.012" classname="com.att.myprice.testcases.TC07_ASE_Firm_AutoApproval_ERateN">
    <skipped/>
  </testcase> <!-- TC07_ASE_Firm_AutoApproval -->
  <testcase name="TC07_ASE_Firm_AutoApproval" time="0.001" classname="com.att.myprice.testcases.TC07_ASE_Firm_AutoApproval_ERateN">
    <skipped/>
  </testcase> <!-- TC07_ASE_Firm_AutoApproval -->
  <testcase name="TC07_ASE_Firm_AutoApproval" time="0.003" classname="com.att.myprice.testcases.TC07_ASE_Firm_AutoApproval_ERateN">
    <skipped/>
  </testcase> <!-- TC07_ASE_Firm_AutoApproval -->
  <testcase name="TC07_ASE_Firm_AutoApproval" time="0.004" classname="com.att.myprice.testcases.TC07_ASE_Firm_AutoApproval_ERateN">
    <skipped/>
  </testcase> <!-- TC07_ASE_Firm_AutoApproval -->
  <testcase name="TC07_ASE_Firm_AutoApproval" time="0.003" classname="com.att.myprice.testcases.TC07_ASE_Firm_AutoApproval_ERateN">
    <skipped/>
  </testcase> <!-- TC07_ASE_Firm_AutoApproval -->
  <testcase name="TC07_ASE_Firm_AutoApproval" time="0.001" classname="com.att.myprice.testcases.TC07_ASE_Firm_AutoApproval_ERateN">
    <skipped/>
  </testcase> <!-- TC07_ASE_Firm_AutoApproval -->
  <testcase name="TC07_ASE_Firm_AutoApproval" time="0.001" classname="com.att.myprice.testcases.TC07_ASE_Firm_AutoApproval_ERateN">
    <skipped/>
  </testcase> <!-- TC07_ASE_Firm_AutoApproval -->
  <testcase name="TC07_ASE_Firm_AutoApproval" time="0.000" classname="com.att.myprice.testcases.TC07_ASE_Firm_AutoApproval_ERateN">
    <skipped/>
  </testcase> <!-- TC07_ASE_Firm_AutoApproval -->
  <testcase name="TC07_ASE_Firm_AutoApproval" time="0.001" classname="com.att.myprice.testcases.TC07_ASE_Firm_AutoApproval_ERateN">
    <skipped/>
  </testcase> <!-- TC07_ASE_Firm_AutoApproval -->
  <testcase name="TC07_ASE_Firm_AutoApproval" time="0.000" classname="com.att.myprice.testcases.TC07_ASE_Firm_AutoApproval_ERateN">
    <skipped/>
  </testcase> <!-- TC07_ASE_Firm_AutoApproval -->
  <testcase name="TC07_ASE_Firm_AutoApproval" time="0.000" classname="com.att.myprice.testcases.TC07_ASE_Firm_AutoApproval_ERateN">
    <skipped/>
  </testcase> <!-- TC07_ASE_Firm_AutoApproval -->
  <testcase name="TC07_ASE_Firm_AutoApproval" time="0.001" classname="com.att.myprice.testcases.TC07_ASE_Firm_AutoApproval_ERateN">
    <skipped/>
  </testcase> <!-- TC07_ASE_Firm_AutoApproval -->
  <testcase name="TC07_ASE_Firm_AutoApproval" time="0.001" classname="com.att.myprice.testcases.TC07_ASE_Firm_AutoApproval_ERateN">
    <skipped/>
  </testcase> <!-- TC07_ASE_Firm_AutoApproval -->
  <testcase name="TC07_ASE_Firm_AutoApproval" time="0.000" classname="com.att.myprice.testcases.TC07_ASE_Firm_AutoApproval_ERateN">
    <skipped/>
  </testcase> <!-- TC07_ASE_Firm_AutoApproval -->
  <testcase name="TC07_ASE_Firm_AutoApproval" time="0.044" classname="com.att.myprice.testcases.TC07_ASE_Firm_AutoApproval_ERateN">
    <skipped/>
  </testcase> <!-- TC07_ASE_Firm_AutoApproval -->
  <testcase name="TC07_ASE_Firm_AutoApproval" time="0.001" classname="com.att.myprice.testcases.TC07_ASE_Firm_AutoApproval_ERateN">
    <skipped/>
  </testcase> <!-- TC07_ASE_Firm_AutoApproval -->
  <testcase name="TC07_ASE_Firm_AutoApproval" time="0.001" classname="com.att.myprice.testcases.TC07_ASE_Firm_AutoApproval_ERateN">
    <skipped/>
  </testcase> <!-- TC07_ASE_Firm_AutoApproval -->
  <testcase name="TC07_ASE_Firm_AutoApproval" time="0.008" classname="com.att.myprice.testcases.TC07_ASE_Firm_AutoApproval_ERateN">
    <skipped/>
  </testcase> <!-- TC07_ASE_Firm_AutoApproval -->
  <testcase name="TC07_ASE_Firm_AutoApproval" time="0.001" classname="com.att.myprice.testcases.TC07_ASE_Firm_AutoApproval_ERateN">
    <skipped/>
  </testcase> <!-- TC07_ASE_Firm_AutoApproval -->
  <testcase name="TC07_ASE_Firm_AutoApproval" time="0.008" classname="com.att.myprice.testcases.TC07_ASE_Firm_AutoApproval_ERateN">
    <skipped/>
  </testcase> <!-- TC07_ASE_Firm_AutoApproval -->
  <testcase name="TC07_ASE_Firm_AutoApproval" time="0.001" classname="com.att.myprice.testcases.TC07_ASE_Firm_AutoApproval_ERateN">
    <skipped/>
  </testcase> <!-- TC07_ASE_Firm_AutoApproval -->
  <testcase name="TC07_ASE_Firm_AutoApproval" time="0.001" classname="com.att.myprice.testcases.TC07_ASE_Firm_AutoApproval_ERateN">
    <skipped/>
  </testcase> <!-- TC07_ASE_Firm_AutoApproval -->
  <testcase name="TC07_ASE_Firm_AutoApproval" time="0.001" classname="com.att.myprice.testcases.TC07_ASE_Firm_AutoApproval_ERateN">
    <skipped/>
  </testcase> <!-- TC07_ASE_Firm_AutoApproval -->
  <testcase name="TC07_ASE_Firm_AutoApproval" time="0.001" classname="com.att.myprice.testcases.TC07_ASE_Firm_AutoApproval_ERateN">
    <skipped/>
  </testcase> <!-- TC07_ASE_Firm_AutoApproval -->
  <testcase name="TC07_ASE_Firm_AutoApproval" time="0.041" classname="com.att.myprice.testcases.TC07_ASE_Firm_AutoApproval_ERateN">
    <skipped/>
  </testcase> <!-- TC07_ASE_Firm_AutoApproval -->
  <testcase name="TC07_ASE_Firm_AutoApproval" time="0.001" classname="com.att.myprice.testcases.TC07_ASE_Firm_AutoApproval_ERateN">
    <skipped/>
  </testcase> <!-- TC07_ASE_Firm_AutoApproval -->
  <testcase name="TC07_ASE_Firm_AutoApproval" time="0.000" classname="com.att.myprice.testcases.TC07_ASE_Firm_AutoApproval_ERateN">
    <skipped/>
  </testcase> <!-- TC07_ASE_Firm_AutoApproval -->
  <testcase name="TC07_ASE_Firm_AutoApproval" time="0.000" classname="com.att.myprice.testcases.TC07_ASE_Firm_AutoApproval_ERateN">
    <skipped/>
  </testcase> <!-- TC07_ASE_Firm_AutoApproval -->
  <testcase name="TC07_ASE_Firm_AutoApproval" time="0.001" classname="com.att.myprice.testcases.TC07_ASE_Firm_AutoApproval_ERateN">
    <skipped/>
  </testcase> <!-- TC07_ASE_Firm_AutoApproval -->
  <testcase name="TC07_ASE_Firm_AutoApproval" time="0.001" classname="com.att.myprice.testcases.TC07_ASE_Firm_AutoApproval_ERateN">
    <skipped/>
  </testcase> <!-- TC07_ASE_Firm_AutoApproval -->
  <testcase name="TC07_ASE_Firm_AutoApproval" time="0.001" classname="com.att.myprice.testcases.TC07_ASE_Firm_AutoApproval_ERateN">
    <skipped/>
  </testcase> <!-- TC07_ASE_Firm_AutoApproval -->
  <testcase name="TC07_ASE_Firm_AutoApproval" time="0.022" classname="com.att.myprice.testcases.TC07_ASE_Firm_AutoApproval_ERateN">
    <skipped/>
  </testcase> <!-- TC07_ASE_Firm_AutoApproval -->
  <testcase name="TC07_ASE_Firm_AutoApproval" time="0.001" classname="com.att.myprice.testcases.TC07_ASE_Firm_AutoApproval_ERateN">
    <skipped/>
  </testcase> <!-- TC07_ASE_Firm_AutoApproval -->
  <testcase name="TC07_ASE_Firm_AutoApproval" time="0.001" classname="com.att.myprice.testcases.TC07_ASE_Firm_AutoApproval_ERateN">
    <skipped/>
  </testcase> <!-- TC07_ASE_Firm_AutoApproval -->
  <testcase name="TC07_ASE_Firm_AutoApproval" time="0.001" classname="com.att.myprice.testcases.TC07_ASE_Firm_AutoApproval_ERateN">
    <skipped/>
  </testcase> <!-- TC07_ASE_Firm_AutoApproval -->
  <testcase name="TC07_ASE_Firm_AutoApproval" time="0.001" classname="com.att.myprice.testcases.TC07_ASE_Firm_AutoApproval_ERateN">
    <skipped/>
  </testcase> <!-- TC07_ASE_Firm_AutoApproval -->
  <testcase name="TC07_ASE_Firm_AutoApproval" time="0.010" classname="com.att.myprice.testcases.TC07_ASE_Firm_AutoApproval_ERateN">
    <skipped/>
  </testcase> <!-- TC07_ASE_Firm_AutoApproval -->
  <testcase name="TC07_ASE_Firm_AutoApproval" time="0.000" classname="com.att.myprice.testcases.TC07_ASE_Firm_AutoApproval_ERateN">
    <skipped/>
  </testcase> <!-- TC07_ASE_Firm_AutoApproval -->
  <testcase name="TC07_ASE_Firm_AutoApproval" time="0.001" classname="com.att.myprice.testcases.TC07_ASE_Firm_AutoApproval_ERateN">
    <skipped/>
  </testcase> <!-- TC07_ASE_Firm_AutoApproval -->
  <testcase name="TC07_ASE_Firm_AutoApproval" time="0.001" classname="com.att.myprice.testcases.TC07_ASE_Firm_AutoApproval_ERateN">
    <skipped/>
  </testcase> <!-- TC07_ASE_Firm_AutoApproval -->
  <testcase name="TC07_ASE_Firm_AutoApproval" time="0.001" classname="com.att.myprice.testcases.TC07_ASE_Firm_AutoApproval_ERateN">
    <skipped/>
  </testcase> <!-- TC07_ASE_Firm_AutoApproval -->
  <testcase name="TC07_ASE_Firm_AutoApproval" time="0.000" classname="com.att.myprice.testcases.TC07_ASE_Firm_AutoApproval_ERateN">
    <skipped/>
  </testcase> <!-- TC07_ASE_Firm_AutoApproval -->
</testsuite> <!-- com.att.myprice.testcases.TC07_ASE_Firm_AutoApproval_ERateN -->
