<?xml version="1.0" encoding="UTF-8"?>
<!-- Generated by org.testng.reporters.JUnitReportReporter -->
<testsuite skipped="941" hostname="sramamo1" name="com.att.myprice.testcases.TC03_ASE_Firm_AutoApproval" tests="942" failures="0" timestamp="20 Sep 2019 11:48:46 GMT" time="23.428" errors="1">
  <testcase name="TC03_ASE_Firm_AutoApproval" time="0.000" classname="com.att.myprice.testcases.TC03_ASE_Firm_AutoApproval">
    <skipped/>
  </testcase> <!-- TC03_ASE_Firm_AutoApproval -->
  <testcase name="TC03_ASE_Firm_AutoApproval" time="0.000" classname="com.att.myprice.testcases.TC03_ASE_Firm_AutoApproval">
    <skipped/>
  </testcase> <!-- TC03_ASE_Firm_AutoApproval -->
  <testcase name="TC03_ASE_Firm_AutoApproval" time="0.000" classname="com.att.myprice.testcases.TC03_ASE_Firm_AutoApproval">
    <skipped/>
  </testcase> <!-- TC03_ASE_Firm_AutoApproval -->
  <testcase name="TC03_ASE_Firm_AutoApproval" time="0.002" classname="com.att.myprice.testcases.TC03_ASE_Firm_AutoApproval">
    <skipped/>
  </testcase> <!-- TC03_ASE_Firm_AutoApproval -->
  <testcase name="TC03_ASE_Firm_AutoApproval" time="0.000" classname="com.att.myprice.testcases.TC03_ASE_Firm_AutoApproval">
    <skipped/>
  </testcase> <!-- TC03_ASE_Firm_AutoApproval -->
  <testcase name="TC03_ASE_Firm_AutoApproval" time="0.002" classname="com.att.myprice.testcases.TC03_ASE_Firm_AutoApproval">
    <skipped/>
  </testcase> <!-- TC03_ASE_Firm_AutoApproval -->
  <testcase name="TC03_ASE_Firm_AutoApproval" time="0.001" classname="com.att.myprice.testcases.TC03_ASE_Firm_AutoApproval">
    <skipped/>
  </testcase> <!-- TC03_ASE_Firm_AutoApproval -->
  <testcase name="TC03_ASE_Firm_AutoApproval" time="0.001" classname="com.att.myprice.testcases.TC03_ASE_Firm_AutoApproval">
    <skipped/>
  </testcase> <!-- TC03_ASE_Firm_AutoApproval -->
  <testcase name="TC03_ASE_Firm_AutoApproval" time="0.001" classname="com.att.myprice.testcases.TC03_ASE_Firm_AutoApproval">
    <skipped/>
  </testcase> <!-- TC03_ASE_Firm_AutoApproval -->
  <testcase name="TC03_ASE_Firm_AutoApproval" time="0.001" classname="com.att.myprice.testcases.TC03_ASE_Firm_AutoApproval">
    <skipped/>
  </testcase> <!-- TC03_ASE_Firm_AutoApproval -->
  <testcase name="TC03_ASE_Firm_AutoApproval" time="0.003" classname="com.att.myprice.testcases.TC03_ASE_Firm_AutoApproval">
    <skipped/>
  </testcase> <!-- TC03_ASE_Firm_AutoApproval -->
  <testcase name="TC03_ASE_Firm_AutoApproval" time="0.001" classname="com.att.myprice.testcases.TC03_ASE_Firm_AutoApproval">
    <skipped/>
  </testcase> <!-- TC03_ASE_Firm_AutoApproval -->
  <testcase name="TC03_ASE_Firm_AutoApproval" time="0.001" classname="com.att.myprice.testcases.TC03_ASE_Firm_AutoApproval">
    <skipped/>
  </testcase> <!-- TC03_ASE_Firm_AutoApproval -->
  <testcase name="TC03_ASE_Firm_AutoApproval" time="0.002" classname="com.att.myprice.testcases.TC03_ASE_Firm_AutoApproval">
    <skipped/>
  </testcase> <!-- TC03_ASE_Firm_AutoApproval -->
  <testcase name="TC03_ASE_Firm_AutoApproval" time="0.001" classname="com.att.myprice.testcases.TC03_ASE_Firm_AutoApproval">
    <skipped/>
  </testcase> <!-- TC03_ASE_Firm_AutoApproval -->
  <testcase name="TC03_ASE_Firm_AutoApproval" time="0.001" classname="com.att.myprice.testcases.TC03_ASE_Firm_AutoApproval">
    <skipped/>
  </testcase> <!-- TC03_ASE_Firm_AutoApproval -->
  <testcase name="TC03_ASE_Firm_AutoApproval" time="0.001" classname="com.att.myprice.testcases.TC03_ASE_Firm_AutoApproval">
    <skipped/>
  </testcase> <!-- TC03_ASE_Firm_AutoApproval -->
  <testcase name="TC03_ASE_Firm_AutoApproval" time="0.001" classname="com.att.myprice.testcases.TC03_ASE_Firm_AutoApproval">
    <skipped/>
  </testcase> <!-- TC03_ASE_Firm_AutoApproval -->
  <testcase name="TC03_ASE_Firm_AutoApproval" time="0.001" classname="com.att.myprice.testcases.TC03_ASE_Firm_AutoApproval">
    <skipped/>
  </testcase> <!-- TC03_ASE_Firm_AutoApproval -->
  <testcase name="TC03_ASE_Firm_AutoApproval" time="0.002" classname="com.att.myprice.testcases.TC03_ASE_Firm_AutoApproval">
    <skipped/>
  </testcase> <!-- TC03_ASE_Firm_AutoApproval -->
  <testcase name="TC03_ASE_Firm_AutoApproval" time="0.001" classname="com.att.myprice.testcases.TC03_ASE_Firm_AutoApproval">
    <skipped/>
  </testcase> <!-- TC03_ASE_Firm_AutoApproval -->
  <testcase name="TC03_ASE_Firm_AutoApproval" time="0.001" classname="com.att.myprice.testcases.TC03_ASE_Firm_AutoApproval">
    <skipped/>
  </testcase> <!-- TC03_ASE_Firm_AutoApproval -->
  <testcase name="TC03_ASE_Firm_AutoApproval" time="0.002" classname="com.att.myprice.testcases.TC03_ASE_Firm_AutoApproval">
    <skipped/>
  </testcase> <!-- TC03_ASE_Firm_AutoApproval -->
  <testcase name="TC03_ASE_Firm_AutoApproval" time="0.001" classname="com.att.myprice.testcases.TC03_ASE_Firm_AutoApproval">
    <skipped/>
  </testcase> <!-- TC03_ASE_Firm_AutoApproval -->
  <testcase name="TC03_ASE_Firm_AutoApproval" time="0.000" classname="com.att.myprice.testcases.TC03_ASE_Firm_AutoApproval">
    <skipped/>
  </testcase> <!-- TC03_ASE_Firm_AutoApproval -->
  <testcase name="TC03_ASE_Firm_AutoApproval" time="0.000" classname="com.att.myprice.testcases.TC03_ASE_Firm_AutoApproval">
    <skipped/>
  </testcase> <!-- TC03_ASE_Firm_AutoApproval -->
  <testcase name="TC03_ASE_Firm_AutoApproval" time="0.000" classname="com.att.myprice.testcases.TC03_ASE_Firm_AutoApproval">
    <skipped/>
  </testcase> <!-- TC03_ASE_Firm_AutoApproval -->
  <testcase name="TC03_ASE_Firm_AutoApproval" time="0.008" classname="com.att.myprice.testcases.TC03_ASE_Firm_AutoApproval">
    <skipped/>
  </testcase> <!-- TC03_ASE_Firm_AutoApproval -->
  <testcase name="TC03_ASE_Firm_AutoApproval" time="0.000" classname="com.att.myprice.testcases.TC03_ASE_Firm_AutoApproval">
    <skipped/>
  </testcase> <!-- TC03_ASE_Firm_AutoApproval -->
  <testcase name="TC03_ASE_Firm_AutoApproval" time="0.001" classname="com.att.myprice.testcases.TC03_ASE_Firm_AutoApproval">
    <skipped/>
  </testcase> <!-- TC03_ASE_Firm_AutoApproval -->
  <testcase name="TC03_ASE_Firm_AutoApproval" time="0.001" classname="com.att.myprice.testcases.TC03_ASE_Firm_AutoApproval">
    <skipped/>
  </testcase> <!-- TC03_ASE_Firm_AutoApproval -->
  <testcase name="TC03_ASE_Firm_AutoApproval" time="0.001" classname="com.att.myprice.testcases.TC03_ASE_Firm_AutoApproval">
    <skipped/>
  </testcase> <!-- TC03_ASE_Firm_AutoApproval -->
  <testcase name="TC03_ASE_Firm_AutoApproval" time="0.001" classname="com.att.myprice.testcases.TC03_ASE_Firm_AutoApproval">
    <skipped/>
  </testcase> <!-- TC03_ASE_Firm_AutoApproval -->
  <testcase name="TC03_ASE_Firm_AutoApproval" time="0.001" classname="com.att.myprice.testcases.TC03_ASE_Firm_AutoApproval">
    <skipped/>
  </testcase> <!-- TC03_ASE_Firm_AutoApproval -->
  <testcase name="TC03_ASE_Firm_AutoApproval" time="0.001" classname="com.att.myprice.testcases.TC03_ASE_Firm_AutoApproval">
    <skipped/>
  </testcase> <!-- TC03_ASE_Firm_AutoApproval -->
  <testcase name="TC03_ASE_Firm_AutoApproval" time="0.001" classname="com.att.myprice.testcases.TC03_ASE_Firm_AutoApproval">
    <skipped/>
  </testcase> <!-- TC03_ASE_Firm_AutoApproval -->
  <testcase name="TC03_ASE_Firm_AutoApproval" time="0.001" classname="com.att.myprice.testcases.TC03_ASE_Firm_AutoApproval">
    <skipped/>
  </testcase> <!-- TC03_ASE_Firm_AutoApproval -->
  <testcase name="TC03_ASE_Firm_AutoApproval" time="0.001" classname="com.att.myprice.testcases.TC03_ASE_Firm_AutoApproval">
    <skipped/>
  </testcase> <!-- TC03_ASE_Firm_AutoApproval -->
  <testcase name="TC03_ASE_Firm_AutoApproval" time="0.000" classname="com.att.myprice.testcases.TC03_ASE_Firm_AutoApproval">
    <skipped/>
  </testcase> <!-- TC03_ASE_Firm_AutoApproval -->
  <testcase name="TC03_ASE_Firm_AutoApproval" time="0.000" classname="com.att.myprice.testcases.TC03_ASE_Firm_AutoApproval">
    <skipped/>
  </testcase> <!-- TC03_ASE_Firm_AutoApproval -->
  <testcase name="TC03_ASE_Firm_AutoApproval" time="0.000" classname="com.att.myprice.testcases.TC03_ASE_Firm_AutoApproval">
    <skipped/>
  </testcase> <!-- TC03_ASE_Firm_AutoApproval -->
  <testcase name="TC03_ASE_Firm_AutoApproval" time="0.001" classname="com.att.myprice.testcases.TC03_ASE_Firm_AutoApproval">
    <skipped/>
  </testcase> <!-- TC03_ASE_Firm_AutoApproval -->
  <testcase name="TC03_ASE_Firm_AutoApproval" time="0.004" classname="com.att.myprice.testcases.TC03_ASE_Firm_AutoApproval">
    <skipped/>
  </testcase> <!-- TC03_ASE_Firm_AutoApproval -->
  <testcase name="TC03_ASE_Firm_AutoApproval" time="0.001" classname="com.att.myprice.testcases.TC03_ASE_Firm_AutoApproval">
    <skipped/>
  </testcase> <!-- TC03_ASE_Firm_AutoApproval -->
  <testcase name="TC03_ASE_Firm_AutoApproval" time="0.001" classname="com.att.myprice.testcases.TC03_ASE_Firm_AutoApproval">
    <skipped/>
  </testcase> <!-- TC03_ASE_Firm_AutoApproval -->
  <testcase name="TC03_ASE_Firm_AutoApproval" time="0.004" classname="com.att.myprice.testcases.TC03_ASE_Firm_AutoApproval">
    <skipped/>
  </testcase> <!-- TC03_ASE_Firm_AutoApproval -->
  <testcase name="TC03_ASE_Firm_AutoApproval" time="0.000" classname="com.att.myprice.testcases.TC03_ASE_Firm_AutoApproval">
    <skipped/>
  </testcase> <!-- TC03_ASE_Firm_AutoApproval -->
  <testcase name="TC03_ASE_Firm_AutoApproval" time="0.001" classname="com.att.myprice.testcases.TC03_ASE_Firm_AutoApproval">
    <skipped/>
  </testcase> <!-- TC03_ASE_Firm_AutoApproval -->
  <testcase name="TC03_ASE_Firm_AutoApproval" time="0.000" classname="com.att.myprice.testcases.TC03_ASE_Firm_AutoApproval">
    <skipped/>
  </testcase> <!-- TC03_ASE_Firm_AutoApproval -->
  <testcase name="TC03_ASE_Firm_AutoApproval" time="0.001" classname="com.att.myprice.testcases.TC03_ASE_Firm_AutoApproval">
    <skipped/>
  </testcase> <!-- TC03_ASE_Firm_AutoApproval -->
  <testcase name="TC03_ASE_Firm_AutoApproval" time="0.004" classname="com.att.myprice.testcases.TC03_ASE_Firm_AutoApproval">
    <skipped/>
  </testcase> <!-- TC03_ASE_Firm_AutoApproval -->
  <testcase name="TC03_ASE_Firm_AutoApproval" time="0.000" classname="com.att.myprice.testcases.TC03_ASE_Firm_AutoApproval">
    <skipped/>
  </testcase> <!-- TC03_ASE_Firm_AutoApproval -->
  <testcase name="TC03_ASE_Firm_AutoApproval" time="0.001" classname="com.att.myprice.testcases.TC03_ASE_Firm_AutoApproval">
    <skipped/>
  </testcase> <!-- TC03_ASE_Firm_AutoApproval -->
  <testcase name="TC03_ASE_Firm_AutoApproval" time="0.001" classname="com.att.myprice.testcases.TC03_ASE_Firm_AutoApproval">
    <skipped/>
  </testcase> <!-- TC03_ASE_Firm_AutoApproval -->
  <testcase name="TC03_ASE_Firm_AutoApproval" time="0.001" classname="com.att.myprice.testcases.TC03_ASE_Firm_AutoApproval">
    <skipped/>
  </testcase> <!-- TC03_ASE_Firm_AutoApproval -->
  <testcase name="TC03_ASE_Firm_AutoApproval" time="0.000" classname="com.att.myprice.testcases.TC03_ASE_Firm_AutoApproval">
    <skipped/>
  </testcase> <!-- TC03_ASE_Firm_AutoApproval -->
  <testcase name="TC03_ASE_Firm_AutoApproval" time="0.007" classname="com.att.myprice.testcases.TC03_ASE_Firm_AutoApproval">
    <skipped/>
  </testcase> <!-- TC03_ASE_Firm_AutoApproval -->
  <testcase name="TC03_ASE_Firm_AutoApproval" time="0.001" classname="com.att.myprice.testcases.TC03_ASE_Firm_AutoApproval">
    <skipped/>
  </testcase> <!-- TC03_ASE_Firm_AutoApproval -->
  <testcase name="TC03_ASE_Firm_AutoApproval" time="0.000" classname="com.att.myprice.testcases.TC03_ASE_Firm_AutoApproval">
    <skipped/>
  </testcase> <!-- TC03_ASE_Firm_AutoApproval -->
  <testcase name="TC03_ASE_Firm_AutoApproval" time="0.001" classname="com.att.myprice.testcases.TC03_ASE_Firm_AutoApproval">
    <skipped/>
  </testcase> <!-- TC03_ASE_Firm_AutoApproval -->
  <testcase name="TC03_ASE_Firm_AutoApproval" time="0.000" classname="com.att.myprice.testcases.TC03_ASE_Firm_AutoApproval">
    <skipped/>
  </testcase> <!-- TC03_ASE_Firm_AutoApproval -->
  <testcase name="TC03_ASE_Firm_AutoApproval" time="0.001" classname="com.att.myprice.testcases.TC03_ASE_Firm_AutoApproval">
    <skipped/>
  </testcase> <!-- TC03_ASE_Firm_AutoApproval -->
  <testcase name="TC03_ASE_Firm_AutoApproval" time="0.001" classname="com.att.myprice.testcases.TC03_ASE_Firm_AutoApproval">
    <skipped/>
  </testcase> <!-- TC03_ASE_Firm_AutoApproval -->
  <testcase name="TC03_ASE_Firm_AutoApproval" time="0.001" classname="com.att.myprice.testcases.TC03_ASE_Firm_AutoApproval">
    <skipped/>
  </testcase> <!-- TC03_ASE_Firm_AutoApproval -->
  <testcase name="TC03_ASE_Firm_AutoApproval" time="0.001" classname="com.att.myprice.testcases.TC03_ASE_Firm_AutoApproval">
    <skipped/>
  </testcase> <!-- TC03_ASE_Firm_AutoApproval -->
  <testcase name="TC03_ASE_Firm_AutoApproval" time="0.001" classname="com.att.myprice.testcases.TC03_ASE_Firm_AutoApproval">
    <skipped/>
  </testcase> <!-- TC03_ASE_Firm_AutoApproval -->
  <testcase name="TC03_ASE_Firm_AutoApproval" time="0.001" classname="com.att.myprice.testcases.TC03_ASE_Firm_AutoApproval">
    <skipped/>
  </testcase> <!-- TC03_ASE_Firm_AutoApproval -->
  <testcase name="TC03_ASE_Firm_AutoApproval" time="0.002" classname="com.att.myprice.testcases.TC03_ASE_Firm_AutoApproval">
    <skipped/>
  </testcase> <!-- TC03_ASE_Firm_AutoApproval -->
  <testcase name="TC03_ASE_Firm_AutoApproval" time="0.001" classname="com.att.myprice.testcases.TC03_ASE_Firm_AutoApproval">
    <skipped/>
  </testcase> <!-- TC03_ASE_Firm_AutoApproval -->
  <testcase name="TC03_ASE_Firm_AutoApproval" time="0.001" classname="com.att.myprice.testcases.TC03_ASE_Firm_AutoApproval">
    <skipped/>
  </testcase> <!-- TC03_ASE_Firm_AutoApproval -->
  <testcase name="TC03_ASE_Firm_AutoApproval" time="0.001" classname="com.att.myprice.testcases.TC03_ASE_Firm_AutoApproval">
    <skipped/>
  </testcase> <!-- TC03_ASE_Firm_AutoApproval -->
  <testcase name="TC03_ASE_Firm_AutoApproval" time="0.000" classname="com.att.myprice.testcases.TC03_ASE_Firm_AutoApproval">
    <skipped/>
  </testcase> <!-- TC03_ASE_Firm_AutoApproval -->
  <testcase name="TC03_ASE_Firm_AutoApproval" time="0.001" classname="com.att.myprice.testcases.TC03_ASE_Firm_AutoApproval">
    <skipped/>
  </testcase> <!-- TC03_ASE_Firm_AutoApproval -->
  <testcase name="TC03_ASE_Firm_AutoApproval" time="0.001" classname="com.att.myprice.testcases.TC03_ASE_Firm_AutoApproval">
    <skipped/>
  </testcase> <!-- TC03_ASE_Firm_AutoApproval -->
  <testcase name="TC03_ASE_Firm_AutoApproval" time="0.000" classname="com.att.myprice.testcases.TC03_ASE_Firm_AutoApproval">
    <skipped/>
  </testcase> <!-- TC03_ASE_Firm_AutoApproval -->
  <testcase name="TC03_ASE_Firm_AutoApproval" time="0.000" classname="com.att.myprice.testcases.TC03_ASE_Firm_AutoApproval">
    <skipped/>
  </testcase> <!-- TC03_ASE_Firm_AutoApproval -->
  <testcase name="TC03_ASE_Firm_AutoApproval" time="0.001" classname="com.att.myprice.testcases.TC03_ASE_Firm_AutoApproval">
    <skipped/>
  </testcase> <!-- TC03_ASE_Firm_AutoApproval -->
  <testcase name="TC03_ASE_Firm_AutoApproval" time="0.001" classname="com.att.myprice.testcases.TC03_ASE_Firm_AutoApproval">
    <skipped/>
  </testcase> <!-- TC03_ASE_Firm_AutoApproval -->
  <testcase name="TC03_ASE_Firm_AutoApproval" time="0.001" classname="com.att.myprice.testcases.TC03_ASE_Firm_AutoApproval">
    <skipped/>
  </testcase> <!-- TC03_ASE_Firm_AutoApproval -->
  <testcase name="TC03_ASE_Firm_AutoApproval" time="0.001" classname="com.att.myprice.testcases.TC03_ASE_Firm_AutoApproval">
    <skipped/>
  </testcase> <!-- TC03_ASE_Firm_AutoApproval -->
  <testcase name="TC03_ASE_Firm_AutoApproval" time="0.000" classname="com.att.myprice.testcases.TC03_ASE_Firm_AutoApproval">
    <skipped/>
  </testcase> <!-- TC03_ASE_Firm_AutoApproval -->
  <testcase name="TC03_ASE_Firm_AutoApproval" time="0.001" classname="com.att.myprice.testcases.TC03_ASE_Firm_AutoApproval">
    <skipped/>
  </testcase> <!-- TC03_ASE_Firm_AutoApproval -->
  <testcase name="TC03_ASE_Firm_AutoApproval" time="0.001" classname="com.att.myprice.testcases.TC03_ASE_Firm_AutoApproval">
    <skipped/>
  </testcase> <!-- TC03_ASE_Firm_AutoApproval -->
  <testcase name="TC03_ASE_Firm_AutoApproval" time="0.001" classname="com.att.myprice.testcases.TC03_ASE_Firm_AutoApproval">
    <skipped/>
  </testcase> <!-- TC03_ASE_Firm_AutoApproval -->
  <testcase name="TC03_ASE_Firm_AutoApproval" time="0.001" classname="com.att.myprice.testcases.TC03_ASE_Firm_AutoApproval">
    <skipped/>
  </testcase> <!-- TC03_ASE_Firm_AutoApproval -->
  <testcase name="TC03_ASE_Firm_AutoApproval" time="0.001" classname="com.att.myprice.testcases.TC03_ASE_Firm_AutoApproval">
    <skipped/>
  </testcase> <!-- TC03_ASE_Firm_AutoApproval -->
  <testcase name="TC03_ASE_Firm_AutoApproval" time="0.001" classname="com.att.myprice.testcases.TC03_ASE_Firm_AutoApproval">
    <skipped/>
  </testcase> <!-- TC03_ASE_Firm_AutoApproval -->
  <testcase name="TC03_ASE_Firm_AutoApproval" time="0.002" classname="com.att.myprice.testcases.TC03_ASE_Firm_AutoApproval">
    <skipped/>
  </testcase> <!-- TC03_ASE_Firm_AutoApproval -->
  <testcase name="TC03_ASE_Firm_AutoApproval" time="0.000" classname="com.att.myprice.testcases.TC03_ASE_Firm_AutoApproval">
    <skipped/>
  </testcase> <!-- TC03_ASE_Firm_AutoApproval -->
  <testcase name="TC03_ASE_Firm_AutoApproval" time="0.000" classname="com.att.myprice.testcases.TC03_ASE_Firm_AutoApproval">
    <skipped/>
  </testcase> <!-- TC03_ASE_Firm_AutoApproval -->
  <testcase name="TC03_ASE_Firm_AutoApproval" time="0.000" classname="com.att.myprice.testcases.TC03_ASE_Firm_AutoApproval">
    <skipped/>
  </testcase> <!-- TC03_ASE_Firm_AutoApproval -->
  <testcase name="TC03_ASE_Firm_AutoApproval" time="0.001" classname="com.att.myprice.testcases.TC03_ASE_Firm_AutoApproval">
    <skipped/>
  </testcase> <!-- TC03_ASE_Firm_AutoApproval -->
  <testcase name="TC03_ASE_Firm_AutoApproval" time="0.000" classname="com.att.myprice.testcases.TC03_ASE_Firm_AutoApproval">
    <skipped/>
  </testcase> <!-- TC03_ASE_Firm_AutoApproval -->
  <testcase name="TC03_ASE_Firm_AutoApproval" time="0.001" classname="com.att.myprice.testcases.TC03_ASE_Firm_AutoApproval">
    <skipped/>
  </testcase> <!-- TC03_ASE_Firm_AutoApproval -->
  <testcase name="TC03_ASE_Firm_AutoApproval" time="0.001" classname="com.att.myprice.testcases.TC03_ASE_Firm_AutoApproval">
    <skipped/>
  </testcase> <!-- TC03_ASE_Firm_AutoApproval -->
  <testcase name="TC03_ASE_Firm_AutoApproval" time="0.001" classname="com.att.myprice.testcases.TC03_ASE_Firm_AutoApproval">
    <skipped/>
  </testcase> <!-- TC03_ASE_Firm_AutoApproval -->
  <testcase name="TC03_ASE_Firm_AutoApproval" time="0.001" classname="com.att.myprice.testcases.TC03_ASE_Firm_AutoApproval">
    <skipped/>
  </testcase> <!-- TC03_ASE_Firm_AutoApproval -->
  <testcase name="TC03_ASE_Firm_AutoApproval" time="0.001" classname="com.att.myprice.testcases.TC03_ASE_Firm_AutoApproval">
    <skipped/>
  </testcase> <!-- TC03_ASE_Firm_AutoApproval -->
  <testcase name="TC03_ASE_Firm_AutoApproval" time="0.002" classname="com.att.myprice.testcases.TC03_ASE_Firm_AutoApproval">
    <skipped/>
  </testcase> <!-- TC03_ASE_Firm_AutoApproval -->
  <testcase name="TC03_ASE_Firm_AutoApproval" time="0.000" classname="com.att.myprice.testcases.TC03_ASE_Firm_AutoApproval">
    <skipped/>
  </testcase> <!-- TC03_ASE_Firm_AutoApproval -->
  <testcase name="TC03_ASE_Firm_AutoApproval" time="0.001" classname="com.att.myprice.testcases.TC03_ASE_Firm_AutoApproval">
    <skipped/>
  </testcase> <!-- TC03_ASE_Firm_AutoApproval -->
  <testcase name="TC03_ASE_Firm_AutoApproval" time="0.000" classname="com.att.myprice.testcases.TC03_ASE_Firm_AutoApproval">
    <skipped/>
  </testcase> <!-- TC03_ASE_Firm_AutoApproval -->
  <testcase name="TC03_ASE_Firm_AutoApproval" time="0.000" classname="com.att.myprice.testcases.TC03_ASE_Firm_AutoApproval">
    <skipped/>
  </testcase> <!-- TC03_ASE_Firm_AutoApproval -->
  <testcase name="TC03_ASE_Firm_AutoApproval" time="0.000" classname="com.att.myprice.testcases.TC03_ASE_Firm_AutoApproval">
    <skipped/>
  </testcase> <!-- TC03_ASE_Firm_AutoApproval -->
  <testcase name="TC03_ASE_Firm_AutoApproval" time="0.001" classname="com.att.myprice.testcases.TC03_ASE_Firm_AutoApproval">
    <skipped/>
  </testcase> <!-- TC03_ASE_Firm_AutoApproval -->
  <testcase name="TC03_ASE_Firm_AutoApproval" time="0.001" classname="com.att.myprice.testcases.TC03_ASE_Firm_AutoApproval">
    <skipped/>
  </testcase> <!-- TC03_ASE_Firm_AutoApproval -->
  <testcase name="TC03_ASE_Firm_AutoApproval" time="0.000" classname="com.att.myprice.testcases.TC03_ASE_Firm_AutoApproval">
    <skipped/>
  </testcase> <!-- TC03_ASE_Firm_AutoApproval -->
  <testcase name="TC03_ASE_Firm_AutoApproval" time="0.001" classname="com.att.myprice.testcases.TC03_ASE_Firm_AutoApproval">
    <skipped/>
  </testcase> <!-- TC03_ASE_Firm_AutoApproval -->
  <testcase name="TC03_ASE_Firm_AutoApproval" time="0.001" classname="com.att.myprice.testcases.TC03_ASE_Firm_AutoApproval">
    <skipped/>
  </testcase> <!-- TC03_ASE_Firm_AutoApproval -->
  <testcase name="TC03_ASE_Firm_AutoApproval" time="0.000" classname="com.att.myprice.testcases.TC03_ASE_Firm_AutoApproval">
    <skipped/>
  </testcase> <!-- TC03_ASE_Firm_AutoApproval -->
  <testcase name="TC03_ASE_Firm_AutoApproval" time="0.001" classname="com.att.myprice.testcases.TC03_ASE_Firm_AutoApproval">
    <skipped/>
  </testcase> <!-- TC03_ASE_Firm_AutoApproval -->
  <testcase name="TC03_ASE_Firm_AutoApproval" time="0.001" classname="com.att.myprice.testcases.TC03_ASE_Firm_AutoApproval">
    <skipped/>
  </testcase> <!-- TC03_ASE_Firm_AutoApproval -->
  <testcase name="TC03_ASE_Firm_AutoApproval" time="0.001" classname="com.att.myprice.testcases.TC03_ASE_Firm_AutoApproval">
    <skipped/>
  </testcase> <!-- TC03_ASE_Firm_AutoApproval -->
  <testcase name="TC03_ASE_Firm_AutoApproval" time="0.001" classname="com.att.myprice.testcases.TC03_ASE_Firm_AutoApproval">
    <skipped/>
  </testcase> <!-- TC03_ASE_Firm_AutoApproval -->
  <testcase name="TC03_ASE_Firm_AutoApproval" time="0.001" classname="com.att.myprice.testcases.TC03_ASE_Firm_AutoApproval">
    <skipped/>
  </testcase> <!-- TC03_ASE_Firm_AutoApproval -->
  <testcase name="TC03_ASE_Firm_AutoApproval" time="0.001" classname="com.att.myprice.testcases.TC03_ASE_Firm_AutoApproval">
    <skipped/>
  </testcase> <!-- TC03_ASE_Firm_AutoApproval -->
  <testcase name="TC03_ASE_Firm_AutoApproval" time="0.006" classname="com.att.myprice.testcases.TC03_ASE_Firm_AutoApproval">
    <skipped/>
  </testcase> <!-- TC03_ASE_Firm_AutoApproval -->
  <testcase name="TC03_ASE_Firm_AutoApproval" time="0.001" classname="com.att.myprice.testcases.TC03_ASE_Firm_AutoApproval">
    <skipped/>
  </testcase> <!-- TC03_ASE_Firm_AutoApproval -->
  <testcase name="TC03_ASE_Firm_AutoApproval" time="0.001" classname="com.att.myprice.testcases.TC03_ASE_Firm_AutoApproval">
    <skipped/>
  </testcase> <!-- TC03_ASE_Firm_AutoApproval -->
  <testcase name="TC03_ASE_Firm_AutoApproval" time="0.001" classname="com.att.myprice.testcases.TC03_ASE_Firm_AutoApproval">
    <skipped/>
  </testcase> <!-- TC03_ASE_Firm_AutoApproval -->
  <testcase name="TC03_ASE_Firm_AutoApproval" time="0.001" classname="com.att.myprice.testcases.TC03_ASE_Firm_AutoApproval">
    <skipped/>
  </testcase> <!-- TC03_ASE_Firm_AutoApproval -->
  <testcase name="TC03_ASE_Firm_AutoApproval" time="0.001" classname="com.att.myprice.testcases.TC03_ASE_Firm_AutoApproval">
    <skipped/>
  </testcase> <!-- TC03_ASE_Firm_AutoApproval -->
  <testcase name="TC03_ASE_Firm_AutoApproval" time="0.002" classname="com.att.myprice.testcases.TC03_ASE_Firm_AutoApproval">
    <skipped/>
  </testcase> <!-- TC03_ASE_Firm_AutoApproval -->
  <testcase name="TC03_ASE_Firm_AutoApproval" time="0.000" classname="com.att.myprice.testcases.TC03_ASE_Firm_AutoApproval">
    <skipped/>
  </testcase> <!-- TC03_ASE_Firm_AutoApproval -->
  <testcase name="TC03_ASE_Firm_AutoApproval" time="0.001" classname="com.att.myprice.testcases.TC03_ASE_Firm_AutoApproval">
    <skipped/>
  </testcase> <!-- TC03_ASE_Firm_AutoApproval -->
  <testcase name="TC03_ASE_Firm_AutoApproval" time="0.001" classname="com.att.myprice.testcases.TC03_ASE_Firm_AutoApproval">
    <skipped/>
  </testcase> <!-- TC03_ASE_Firm_AutoApproval -->
  <testcase name="TC03_ASE_Firm_AutoApproval" time="0.002" classname="com.att.myprice.testcases.TC03_ASE_Firm_AutoApproval">
    <skipped/>
  </testcase> <!-- TC03_ASE_Firm_AutoApproval -->
  <testcase name="TC03_ASE_Firm_AutoApproval" time="0.001" classname="com.att.myprice.testcases.TC03_ASE_Firm_AutoApproval">
    <skipped/>
  </testcase> <!-- TC03_ASE_Firm_AutoApproval -->
  <testcase name="TC03_ASE_Firm_AutoApproval" time="0.001" classname="com.att.myprice.testcases.TC03_ASE_Firm_AutoApproval">
    <skipped/>
  </testcase> <!-- TC03_ASE_Firm_AutoApproval -->
  <testcase name="TC03_ASE_Firm_AutoApproval" time="0.000" classname="com.att.myprice.testcases.TC03_ASE_Firm_AutoApproval">
    <skipped/>
  </testcase> <!-- TC03_ASE_Firm_AutoApproval -->
  <testcase name="TC03_ASE_Firm_AutoApproval" time="0.001" classname="com.att.myprice.testcases.TC03_ASE_Firm_AutoApproval">
    <skipped/>
  </testcase> <!-- TC03_ASE_Firm_AutoApproval -->
  <testcase name="TC03_ASE_Firm_AutoApproval" time="0.001" classname="com.att.myprice.testcases.TC03_ASE_Firm_AutoApproval">
    <skipped/>
  </testcase> <!-- TC03_ASE_Firm_AutoApproval -->
  <testcase name="TC03_ASE_Firm_AutoApproval" time="0.002" classname="com.att.myprice.testcases.TC03_ASE_Firm_AutoApproval">
    <skipped/>
  </testcase> <!-- TC03_ASE_Firm_AutoApproval -->
  <testcase name="TC03_ASE_Firm_AutoApproval" time="0.001" classname="com.att.myprice.testcases.TC03_ASE_Firm_AutoApproval">
    <skipped/>
  </testcase> <!-- TC03_ASE_Firm_AutoApproval -->
  <testcase name="TC03_ASE_Firm_AutoApproval" time="0.001" classname="com.att.myprice.testcases.TC03_ASE_Firm_AutoApproval">
    <skipped/>
  </testcase> <!-- TC03_ASE_Firm_AutoApproval -->
  <testcase name="TC03_ASE_Firm_AutoApproval" time="0.002" classname="com.att.myprice.testcases.TC03_ASE_Firm_AutoApproval">
    <skipped/>
  </testcase> <!-- TC03_ASE_Firm_AutoApproval -->
  <testcase name="TC03_ASE_Firm_AutoApproval" time="0.001" classname="com.att.myprice.testcases.TC03_ASE_Firm_AutoApproval">
    <skipped/>
  </testcase> <!-- TC03_ASE_Firm_AutoApproval -->
  <testcase name="TC03_ASE_Firm_AutoApproval" time="0.000" classname="com.att.myprice.testcases.TC03_ASE_Firm_AutoApproval">
    <skipped/>
  </testcase> <!-- TC03_ASE_Firm_AutoApproval -->
  <testcase name="TC03_ASE_Firm_AutoApproval" time="0.000" classname="com.att.myprice.testcases.TC03_ASE_Firm_AutoApproval">
    <skipped/>
  </testcase> <!-- TC03_ASE_Firm_AutoApproval -->
  <testcase name="TC03_ASE_Firm_AutoApproval" time="0.000" classname="com.att.myprice.testcases.TC03_ASE_Firm_AutoApproval">
    <skipped/>
  </testcase> <!-- TC03_ASE_Firm_AutoApproval -->
  <testcase name="TC03_ASE_Firm_AutoApproval" time="0.000" classname="com.att.myprice.testcases.TC03_ASE_Firm_AutoApproval">
    <skipped/>
  </testcase> <!-- TC03_ASE_Firm_AutoApproval -->
  <testcase name="TC03_ASE_Firm_AutoApproval" time="0.001" classname="com.att.myprice.testcases.TC03_ASE_Firm_AutoApproval">
    <skipped/>
  </testcase> <!-- TC03_ASE_Firm_AutoApproval -->
  <testcase name="TC03_ASE_Firm_AutoApproval" time="0.001" classname="com.att.myprice.testcases.TC03_ASE_Firm_AutoApproval">
    <skipped/>
  </testcase> <!-- TC03_ASE_Firm_AutoApproval -->
  <testcase name="TC03_ASE_Firm_AutoApproval" time="0.001" classname="com.att.myprice.testcases.TC03_ASE_Firm_AutoApproval">
    <skipped/>
  </testcase> <!-- TC03_ASE_Firm_AutoApproval -->
  <testcase name="TC03_ASE_Firm_AutoApproval" time="0.001" classname="com.att.myprice.testcases.TC03_ASE_Firm_AutoApproval">
    <skipped/>
  </testcase> <!-- TC03_ASE_Firm_AutoApproval -->
  <testcase name="TC03_ASE_Firm_AutoApproval" time="0.001" classname="com.att.myprice.testcases.TC03_ASE_Firm_AutoApproval">
    <skipped/>
  </testcase> <!-- TC03_ASE_Firm_AutoApproval -->
  <testcase name="TC03_ASE_Firm_AutoApproval" time="0.001" classname="com.att.myprice.testcases.TC03_ASE_Firm_AutoApproval">
    <skipped/>
  </testcase> <!-- TC03_ASE_Firm_AutoApproval -->
  <testcase name="TC03_ASE_Firm_AutoApproval" time="0.001" classname="com.att.myprice.testcases.TC03_ASE_Firm_AutoApproval">
    <skipped/>
  </testcase> <!-- TC03_ASE_Firm_AutoApproval -->
  <testcase name="TC03_ASE_Firm_AutoApproval" time="0.000" classname="com.att.myprice.testcases.TC03_ASE_Firm_AutoApproval">
    <skipped/>
  </testcase> <!-- TC03_ASE_Firm_AutoApproval -->
  <testcase name="TC03_ASE_Firm_AutoApproval" time="0.002" classname="com.att.myprice.testcases.TC03_ASE_Firm_AutoApproval">
    <skipped/>
  </testcase> <!-- TC03_ASE_Firm_AutoApproval -->
  <testcase name="TC03_ASE_Firm_AutoApproval" time="0.011" classname="com.att.myprice.testcases.TC03_ASE_Firm_AutoApproval">
    <skipped/>
  </testcase> <!-- TC03_ASE_Firm_AutoApproval -->
  <testcase name="TC03_ASE_Firm_AutoApproval" time="0.001" classname="com.att.myprice.testcases.TC03_ASE_Firm_AutoApproval">
    <skipped/>
  </testcase> <!-- TC03_ASE_Firm_AutoApproval -->
  <testcase name="TC03_ASE_Firm_AutoApproval" time="0.001" classname="com.att.myprice.testcases.TC03_ASE_Firm_AutoApproval">
    <skipped/>
  </testcase> <!-- TC03_ASE_Firm_AutoApproval -->
  <testcase name="TC03_ASE_Firm_AutoApproval" time="0.001" classname="com.att.myprice.testcases.TC03_ASE_Firm_AutoApproval">
    <skipped/>
  </testcase> <!-- TC03_ASE_Firm_AutoApproval -->
  <testcase name="TC03_ASE_Firm_AutoApproval" time="0.011" classname="com.att.myprice.testcases.TC03_ASE_Firm_AutoApproval">
    <skipped/>
  </testcase> <!-- TC03_ASE_Firm_AutoApproval -->
  <testcase name="TC03_ASE_Firm_AutoApproval" time="0.001" classname="com.att.myprice.testcases.TC03_ASE_Firm_AutoApproval">
    <skipped/>
  </testcase> <!-- TC03_ASE_Firm_AutoApproval -->
  <testcase name="TC03_ASE_Firm_AutoApproval" time="0.002" classname="com.att.myprice.testcases.TC03_ASE_Firm_AutoApproval">
    <skipped/>
  </testcase> <!-- TC03_ASE_Firm_AutoApproval -->
  <testcase name="TC03_ASE_Firm_AutoApproval" time="0.001" classname="com.att.myprice.testcases.TC03_ASE_Firm_AutoApproval">
    <skipped/>
  </testcase> <!-- TC03_ASE_Firm_AutoApproval -->
  <testcase name="TC03_ASE_Firm_AutoApproval" time="0.000" classname="com.att.myprice.testcases.TC03_ASE_Firm_AutoApproval">
    <skipped/>
  </testcase> <!-- TC03_ASE_Firm_AutoApproval -->
  <testcase name="TC03_ASE_Firm_AutoApproval" time="0.001" classname="com.att.myprice.testcases.TC03_ASE_Firm_AutoApproval">
    <skipped/>
  </testcase> <!-- TC03_ASE_Firm_AutoApproval -->
  <testcase name="TC03_ASE_Firm_AutoApproval" time="0.000" classname="com.att.myprice.testcases.TC03_ASE_Firm_AutoApproval">
    <skipped/>
  </testcase> <!-- TC03_ASE_Firm_AutoApproval -->
  <testcase name="TC03_ASE_Firm_AutoApproval" time="0.004" classname="com.att.myprice.testcases.TC03_ASE_Firm_AutoApproval">
    <skipped/>
  </testcase> <!-- TC03_ASE_Firm_AutoApproval -->
  <testcase name="TC03_ASE_Firm_AutoApproval" time="0.001" classname="com.att.myprice.testcases.TC03_ASE_Firm_AutoApproval">
    <skipped/>
  </testcase> <!-- TC03_ASE_Firm_AutoApproval -->
  <testcase name="TC03_ASE_Firm_AutoApproval" time="0.001" classname="com.att.myprice.testcases.TC03_ASE_Firm_AutoApproval">
    <skipped/>
  </testcase> <!-- TC03_ASE_Firm_AutoApproval -->
  <testcase name="TC03_ASE_Firm_AutoApproval" time="0.001" classname="com.att.myprice.testcases.TC03_ASE_Firm_AutoApproval">
    <skipped/>
  </testcase> <!-- TC03_ASE_Firm_AutoApproval -->
  <testcase name="TC03_ASE_Firm_AutoApproval" time="0.001" classname="com.att.myprice.testcases.TC03_ASE_Firm_AutoApproval">
    <skipped/>
  </testcase> <!-- TC03_ASE_Firm_AutoApproval -->
  <testcase name="TC03_ASE_Firm_AutoApproval" time="0.001" classname="com.att.myprice.testcases.TC03_ASE_Firm_AutoApproval">
    <skipped/>
  </testcase> <!-- TC03_ASE_Firm_AutoApproval -->
  <testcase name="TC03_ASE_Firm_AutoApproval" time="0.002" classname="com.att.myprice.testcases.TC03_ASE_Firm_AutoApproval">
    <skipped/>
  </testcase> <!-- TC03_ASE_Firm_AutoApproval -->
  <testcase name="TC03_ASE_Firm_AutoApproval" time="0.002" classname="com.att.myprice.testcases.TC03_ASE_Firm_AutoApproval">
    <skipped/>
  </testcase> <!-- TC03_ASE_Firm_AutoApproval -->
  <testcase name="TC03_ASE_Firm_AutoApproval" time="0.001" classname="com.att.myprice.testcases.TC03_ASE_Firm_AutoApproval">
    <skipped/>
  </testcase> <!-- TC03_ASE_Firm_AutoApproval -->
  <testcase name="TC03_ASE_Firm_AutoApproval" time="0.000" classname="com.att.myprice.testcases.TC03_ASE_Firm_AutoApproval">
    <skipped/>
  </testcase> <!-- TC03_ASE_Firm_AutoApproval -->
  <testcase name="TC03_ASE_Firm_AutoApproval" time="0.001" classname="com.att.myprice.testcases.TC03_ASE_Firm_AutoApproval">
    <skipped/>
  </testcase> <!-- TC03_ASE_Firm_AutoApproval -->
  <testcase name="TC03_ASE_Firm_AutoApproval" time="0.001" classname="com.att.myprice.testcases.TC03_ASE_Firm_AutoApproval">
    <skipped/>
  </testcase> <!-- TC03_ASE_Firm_AutoApproval -->
  <testcase name="TC03_ASE_Firm_AutoApproval" time="0.000" classname="com.att.myprice.testcases.TC03_ASE_Firm_AutoApproval">
    <skipped/>
  </testcase> <!-- TC03_ASE_Firm_AutoApproval -->
  <testcase name="TC03_ASE_Firm_AutoApproval" time="0.000" classname="com.att.myprice.testcases.TC03_ASE_Firm_AutoApproval">
    <skipped/>
  </testcase> <!-- TC03_ASE_Firm_AutoApproval -->
  <testcase name="TC03_ASE_Firm_AutoApproval" time="0.002" classname="com.att.myprice.testcases.TC03_ASE_Firm_AutoApproval">
    <skipped/>
  </testcase> <!-- TC03_ASE_Firm_AutoApproval -->
  <testcase name="TC03_ASE_Firm_AutoApproval" time="0.002" classname="com.att.myprice.testcases.TC03_ASE_Firm_AutoApproval">
    <skipped/>
  </testcase> <!-- TC03_ASE_Firm_AutoApproval -->
  <testcase name="TC03_ASE_Firm_AutoApproval" time="0.001" classname="com.att.myprice.testcases.TC03_ASE_Firm_AutoApproval">
    <skipped/>
  </testcase> <!-- TC03_ASE_Firm_AutoApproval -->
  <testcase name="TC03_ASE_Firm_AutoApproval" time="0.001" classname="com.att.myprice.testcases.TC03_ASE_Firm_AutoApproval">
    <skipped/>
  </testcase> <!-- TC03_ASE_Firm_AutoApproval -->
  <testcase name="TC03_ASE_Firm_AutoApproval" time="0.001" classname="com.att.myprice.testcases.TC03_ASE_Firm_AutoApproval">
    <skipped/>
  </testcase> <!-- TC03_ASE_Firm_AutoApproval -->
  <testcase name="TC03_ASE_Firm_AutoApproval" time="0.001" classname="com.att.myprice.testcases.TC03_ASE_Firm_AutoApproval">
    <skipped/>
  </testcase> <!-- TC03_ASE_Firm_AutoApproval -->
  <testcase name="TC03_ASE_Firm_AutoApproval" time="0.001" classname="com.att.myprice.testcases.TC03_ASE_Firm_AutoApproval">
    <skipped/>
  </testcase> <!-- TC03_ASE_Firm_AutoApproval -->
  <testcase name="TC03_ASE_Firm_AutoApproval" time="0.001" classname="com.att.myprice.testcases.TC03_ASE_Firm_AutoApproval">
    <skipped/>
  </testcase> <!-- TC03_ASE_Firm_AutoApproval -->
  <testcase name="TC03_ASE_Firm_AutoApproval" time="0.000" classname="com.att.myprice.testcases.TC03_ASE_Firm_AutoApproval">
    <skipped/>
  </testcase> <!-- TC03_ASE_Firm_AutoApproval -->
  <testcase name="TC03_ASE_Firm_AutoApproval" time="0.000" classname="com.att.myprice.testcases.TC03_ASE_Firm_AutoApproval">
    <skipped/>
  </testcase> <!-- TC03_ASE_Firm_AutoApproval -->
  <testcase name="TC03_ASE_Firm_AutoApproval" time="0.000" classname="com.att.myprice.testcases.TC03_ASE_Firm_AutoApproval">
    <skipped/>
  </testcase> <!-- TC03_ASE_Firm_AutoApproval -->
  <testcase name="TC03_ASE_Firm_AutoApproval" time="0.001" classname="com.att.myprice.testcases.TC03_ASE_Firm_AutoApproval">
    <skipped/>
  </testcase> <!-- TC03_ASE_Firm_AutoApproval -->
  <testcase name="TC03_ASE_Firm_AutoApproval" time="0.003" classname="com.att.myprice.testcases.TC03_ASE_Firm_AutoApproval">
    <skipped/>
  </testcase> <!-- TC03_ASE_Firm_AutoApproval -->
  <testcase name="TC03_ASE_Firm_AutoApproval" time="0.001" classname="com.att.myprice.testcases.TC03_ASE_Firm_AutoApproval">
    <skipped/>
  </testcase> <!-- TC03_ASE_Firm_AutoApproval -->
  <testcase name="TC03_ASE_Firm_AutoApproval" time="0.000" classname="com.att.myprice.testcases.TC03_ASE_Firm_AutoApproval">
    <skipped/>
  </testcase> <!-- TC03_ASE_Firm_AutoApproval -->
  <testcase name="TC03_ASE_Firm_AutoApproval" time="0.001" classname="com.att.myprice.testcases.TC03_ASE_Firm_AutoApproval">
    <skipped/>
  </testcase> <!-- TC03_ASE_Firm_AutoApproval -->
  <testcase name="TC03_ASE_Firm_AutoApproval" time="0.001" classname="com.att.myprice.testcases.TC03_ASE_Firm_AutoApproval">
    <skipped/>
  </testcase> <!-- TC03_ASE_Firm_AutoApproval -->
  <testcase name="TC03_ASE_Firm_AutoApproval" time="0.001" classname="com.att.myprice.testcases.TC03_ASE_Firm_AutoApproval">
    <skipped/>
  </testcase> <!-- TC03_ASE_Firm_AutoApproval -->
  <testcase name="TC03_ASE_Firm_AutoApproval" time="0.001" classname="com.att.myprice.testcases.TC03_ASE_Firm_AutoApproval">
    <skipped/>
  </testcase> <!-- TC03_ASE_Firm_AutoApproval -->
  <testcase name="TC03_ASE_Firm_AutoApproval" time="0.001" classname="com.att.myprice.testcases.TC03_ASE_Firm_AutoApproval">
    <skipped/>
  </testcase> <!-- TC03_ASE_Firm_AutoApproval -->
  <testcase name="TC03_ASE_Firm_AutoApproval" time="0.000" classname="com.att.myprice.testcases.TC03_ASE_Firm_AutoApproval">
    <skipped/>
  </testcase> <!-- TC03_ASE_Firm_AutoApproval -->
  <testcase name="TC03_ASE_Firm_AutoApproval" time="0.001" classname="com.att.myprice.testcases.TC03_ASE_Firm_AutoApproval">
    <skipped/>
  </testcase> <!-- TC03_ASE_Firm_AutoApproval -->
  <testcase name="TC03_ASE_Firm_AutoApproval" time="0.001" classname="com.att.myprice.testcases.TC03_ASE_Firm_AutoApproval">
    <skipped/>
  </testcase> <!-- TC03_ASE_Firm_AutoApproval -->
  <testcase name="TC03_ASE_Firm_AutoApproval" time="0.000" classname="com.att.myprice.testcases.TC03_ASE_Firm_AutoApproval">
    <skipped/>
  </testcase> <!-- TC03_ASE_Firm_AutoApproval -->
  <testcase name="TC03_ASE_Firm_AutoApproval" time="0.000" classname="com.att.myprice.testcases.TC03_ASE_Firm_AutoApproval">
    <skipped/>
  </testcase> <!-- TC03_ASE_Firm_AutoApproval -->
  <testcase name="TC03_ASE_Firm_AutoApproval" time="0.001" classname="com.att.myprice.testcases.TC03_ASE_Firm_AutoApproval">
    <skipped/>
  </testcase> <!-- TC03_ASE_Firm_AutoApproval -->
  <testcase name="TC03_ASE_Firm_AutoApproval" time="0.001" classname="com.att.myprice.testcases.TC03_ASE_Firm_AutoApproval">
    <skipped/>
  </testcase> <!-- TC03_ASE_Firm_AutoApproval -->
  <testcase name="TC03_ASE_Firm_AutoApproval" time="0.001" classname="com.att.myprice.testcases.TC03_ASE_Firm_AutoApproval">
    <skipped/>
  </testcase> <!-- TC03_ASE_Firm_AutoApproval -->
  <testcase name="TC03_ASE_Firm_AutoApproval" time="0.000" classname="com.att.myprice.testcases.TC03_ASE_Firm_AutoApproval">
    <skipped/>
  </testcase> <!-- TC03_ASE_Firm_AutoApproval -->
  <testcase name="TC03_ASE_Firm_AutoApproval" time="0.001" classname="com.att.myprice.testcases.TC03_ASE_Firm_AutoApproval">
    <skipped/>
  </testcase> <!-- TC03_ASE_Firm_AutoApproval -->
  <testcase name="TC03_ASE_Firm_AutoApproval" time="0.001" classname="com.att.myprice.testcases.TC03_ASE_Firm_AutoApproval">
    <skipped/>
  </testcase> <!-- TC03_ASE_Firm_AutoApproval -->
  <testcase name="TC03_ASE_Firm_AutoApproval" time="0.001" classname="com.att.myprice.testcases.TC03_ASE_Firm_AutoApproval">
    <skipped/>
  </testcase> <!-- TC03_ASE_Firm_AutoApproval -->
  <testcase name="TC03_ASE_Firm_AutoApproval" time="0.000" classname="com.att.myprice.testcases.TC03_ASE_Firm_AutoApproval">
    <skipped/>
  </testcase> <!-- TC03_ASE_Firm_AutoApproval -->
  <testcase name="TC03_ASE_Firm_AutoApproval" time="0.003" classname="com.att.myprice.testcases.TC03_ASE_Firm_AutoApproval">
    <skipped/>
  </testcase> <!-- TC03_ASE_Firm_AutoApproval -->
  <testcase name="TC03_ASE_Firm_AutoApproval" time="0.001" classname="com.att.myprice.testcases.TC03_ASE_Firm_AutoApproval">
    <skipped/>
  </testcase> <!-- TC03_ASE_Firm_AutoApproval -->
  <testcase name="TC03_ASE_Firm_AutoApproval" time="10.720" classname="com.att.myprice.testcases.TC03_ASE_Firm_AutoApproval">
    <skipped/>
  </testcase> <!-- TC03_ASE_Firm_AutoApproval -->
  <testcase name="TC03_ASE_Firm_AutoApproval" time="0.001" classname="com.att.myprice.testcases.TC03_ASE_Firm_AutoApproval">
    <skipped/>
  </testcase> <!-- TC03_ASE_Firm_AutoApproval -->
  <testcase name="TC03_ASE_Firm_AutoApproval" time="0.002" classname="com.att.myprice.testcases.TC03_ASE_Firm_AutoApproval">
    <skipped/>
  </testcase> <!-- TC03_ASE_Firm_AutoApproval -->
  <testcase name="TC03_ASE_Firm_AutoApproval" time="0.001" classname="com.att.myprice.testcases.TC03_ASE_Firm_AutoApproval">
    <skipped/>
  </testcase> <!-- TC03_ASE_Firm_AutoApproval -->
  <testcase name="TC03_ASE_Firm_AutoApproval" time="0.001" classname="com.att.myprice.testcases.TC03_ASE_Firm_AutoApproval">
    <skipped/>
  </testcase> <!-- TC03_ASE_Firm_AutoApproval -->
  <testcase name="TC03_ASE_Firm_AutoApproval" time="0.001" classname="com.att.myprice.testcases.TC03_ASE_Firm_AutoApproval">
    <skipped/>
  </testcase> <!-- TC03_ASE_Firm_AutoApproval -->
  <testcase name="TC03_ASE_Firm_AutoApproval" time="0.002" classname="com.att.myprice.testcases.TC03_ASE_Firm_AutoApproval">
    <skipped/>
  </testcase> <!-- TC03_ASE_Firm_AutoApproval -->
  <testcase name="TC03_ASE_Firm_AutoApproval" time="0.001" classname="com.att.myprice.testcases.TC03_ASE_Firm_AutoApproval">
    <skipped/>
  </testcase> <!-- TC03_ASE_Firm_AutoApproval -->
  <testcase name="TC03_ASE_Firm_AutoApproval" time="0.001" classname="com.att.myprice.testcases.TC03_ASE_Firm_AutoApproval">
    <skipped/>
  </testcase> <!-- TC03_ASE_Firm_AutoApproval -->
  <testcase name="TC03_ASE_Firm_AutoApproval" time="0.001" classname="com.att.myprice.testcases.TC03_ASE_Firm_AutoApproval">
    <skipped/>
  </testcase> <!-- TC03_ASE_Firm_AutoApproval -->
  <testcase name="TC03_ASE_Firm_AutoApproval" time="0.000" classname="com.att.myprice.testcases.TC03_ASE_Firm_AutoApproval">
    <skipped/>
  </testcase> <!-- TC03_ASE_Firm_AutoApproval -->
  <testcase name="TC03_ASE_Firm_AutoApproval" time="0.001" classname="com.att.myprice.testcases.TC03_ASE_Firm_AutoApproval">
    <skipped/>
  </testcase> <!-- TC03_ASE_Firm_AutoApproval -->
  <testcase name="TC03_ASE_Firm_AutoApproval" time="0.001" classname="com.att.myprice.testcases.TC03_ASE_Firm_AutoApproval">
    <skipped/>
  </testcase> <!-- TC03_ASE_Firm_AutoApproval -->
  <testcase name="TC03_ASE_Firm_AutoApproval" time="0.001" classname="com.att.myprice.testcases.TC03_ASE_Firm_AutoApproval">
    <skipped/>
  </testcase> <!-- TC03_ASE_Firm_AutoApproval -->
  <testcase name="TC03_ASE_Firm_AutoApproval" time="0.001" classname="com.att.myprice.testcases.TC03_ASE_Firm_AutoApproval">
    <skipped/>
  </testcase> <!-- TC03_ASE_Firm_AutoApproval -->
  <testcase name="TC03_ASE_Firm_AutoApproval" time="0.001" classname="com.att.myprice.testcases.TC03_ASE_Firm_AutoApproval">
    <skipped/>
  </testcase> <!-- TC03_ASE_Firm_AutoApproval -->
  <testcase name="TC03_ASE_Firm_AutoApproval" time="0.000" classname="com.att.myprice.testcases.TC03_ASE_Firm_AutoApproval">
    <skipped/>
  </testcase> <!-- TC03_ASE_Firm_AutoApproval -->
  <testcase name="TC03_ASE_Firm_AutoApproval" time="0.000" classname="com.att.myprice.testcases.TC03_ASE_Firm_AutoApproval">
    <skipped/>
  </testcase> <!-- TC03_ASE_Firm_AutoApproval -->
  <testcase name="TC03_ASE_Firm_AutoApproval" time="0.001" classname="com.att.myprice.testcases.TC03_ASE_Firm_AutoApproval">
    <skipped/>
  </testcase> <!-- TC03_ASE_Firm_AutoApproval -->
  <testcase name="TC03_ASE_Firm_AutoApproval" time="0.001" classname="com.att.myprice.testcases.TC03_ASE_Firm_AutoApproval">
    <skipped/>
  </testcase> <!-- TC03_ASE_Firm_AutoApproval -->
  <testcase name="TC03_ASE_Firm_AutoApproval" time="0.001" classname="com.att.myprice.testcases.TC03_ASE_Firm_AutoApproval">
    <skipped/>
  </testcase> <!-- TC03_ASE_Firm_AutoApproval -->
  <testcase name="TC03_ASE_Firm_AutoApproval" time="0.001" classname="com.att.myprice.testcases.TC03_ASE_Firm_AutoApproval">
    <skipped/>
  </testcase> <!-- TC03_ASE_Firm_AutoApproval -->
  <testcase name="TC03_ASE_Firm_AutoApproval" time="0.001" classname="com.att.myprice.testcases.TC03_ASE_Firm_AutoApproval">
    <skipped/>
  </testcase> <!-- TC03_ASE_Firm_AutoApproval -->
  <testcase name="TC03_ASE_Firm_AutoApproval" time="0.004" classname="com.att.myprice.testcases.TC03_ASE_Firm_AutoApproval">
    <skipped/>
  </testcase> <!-- TC03_ASE_Firm_AutoApproval -->
  <testcase name="TC03_ASE_Firm_AutoApproval" time="0.001" classname="com.att.myprice.testcases.TC03_ASE_Firm_AutoApproval">
    <skipped/>
  </testcase> <!-- TC03_ASE_Firm_AutoApproval -->
  <testcase name="TC03_ASE_Firm_AutoApproval" time="0.000" classname="com.att.myprice.testcases.TC03_ASE_Firm_AutoApproval">
    <skipped/>
  </testcase> <!-- TC03_ASE_Firm_AutoApproval -->
  <testcase name="TC03_ASE_Firm_AutoApproval" time="0.002" classname="com.att.myprice.testcases.TC03_ASE_Firm_AutoApproval">
    <skipped/>
  </testcase> <!-- TC03_ASE_Firm_AutoApproval -->
  <testcase name="TC03_ASE_Firm_AutoApproval" time="0.001" classname="com.att.myprice.testcases.TC03_ASE_Firm_AutoApproval">
    <skipped/>
  </testcase> <!-- TC03_ASE_Firm_AutoApproval -->
  <testcase name="TC03_ASE_Firm_AutoApproval" time="0.000" classname="com.att.myprice.testcases.TC03_ASE_Firm_AutoApproval">
    <skipped/>
  </testcase> <!-- TC03_ASE_Firm_AutoApproval -->
  <testcase name="TC03_ASE_Firm_AutoApproval" time="0.001" classname="com.att.myprice.testcases.TC03_ASE_Firm_AutoApproval">
    <skipped/>
  </testcase> <!-- TC03_ASE_Firm_AutoApproval -->
  <testcase name="TC03_ASE_Firm_AutoApproval" time="0.001" classname="com.att.myprice.testcases.TC03_ASE_Firm_AutoApproval">
    <skipped/>
  </testcase> <!-- TC03_ASE_Firm_AutoApproval -->
  <testcase name="TC03_ASE_Firm_AutoApproval" time="0.002" classname="com.att.myprice.testcases.TC03_ASE_Firm_AutoApproval">
    <skipped/>
  </testcase> <!-- TC03_ASE_Firm_AutoApproval -->
  <testcase name="TC03_ASE_Firm_AutoApproval" time="0.002" classname="com.att.myprice.testcases.TC03_ASE_Firm_AutoApproval">
    <skipped/>
  </testcase> <!-- TC03_ASE_Firm_AutoApproval -->
  <testcase name="TC03_ASE_Firm_AutoApproval" time="0.001" classname="com.att.myprice.testcases.TC03_ASE_Firm_AutoApproval">
    <skipped/>
  </testcase> <!-- TC03_ASE_Firm_AutoApproval -->
  <testcase name="TC03_ASE_Firm_AutoApproval" time="0.001" classname="com.att.myprice.testcases.TC03_ASE_Firm_AutoApproval">
    <skipped/>
  </testcase> <!-- TC03_ASE_Firm_AutoApproval -->
  <testcase name="TC03_ASE_Firm_AutoApproval" time="0.001" classname="com.att.myprice.testcases.TC03_ASE_Firm_AutoApproval">
    <skipped/>
  </testcase> <!-- TC03_ASE_Firm_AutoApproval -->
  <testcase name="TC03_ASE_Firm_AutoApproval" time="0.000" classname="com.att.myprice.testcases.TC03_ASE_Firm_AutoApproval">
    <skipped/>
  </testcase> <!-- TC03_ASE_Firm_AutoApproval -->
  <testcase name="TC03_ASE_Firm_AutoApproval" time="0.001" classname="com.att.myprice.testcases.TC03_ASE_Firm_AutoApproval">
    <skipped/>
  </testcase> <!-- TC03_ASE_Firm_AutoApproval -->
  <testcase name="TC03_ASE_Firm_AutoApproval" time="0.000" classname="com.att.myprice.testcases.TC03_ASE_Firm_AutoApproval">
    <skipped/>
  </testcase> <!-- TC03_ASE_Firm_AutoApproval -->
  <testcase name="TC03_ASE_Firm_AutoApproval" time="0.000" classname="com.att.myprice.testcases.TC03_ASE_Firm_AutoApproval">
    <skipped/>
  </testcase> <!-- TC03_ASE_Firm_AutoApproval -->
  <testcase name="TC03_ASE_Firm_AutoApproval" time="0.001" classname="com.att.myprice.testcases.TC03_ASE_Firm_AutoApproval">
    <skipped/>
  </testcase> <!-- TC03_ASE_Firm_AutoApproval -->
  <testcase name="TC03_ASE_Firm_AutoApproval" time="0.001" classname="com.att.myprice.testcases.TC03_ASE_Firm_AutoApproval">
    <skipped/>
  </testcase> <!-- TC03_ASE_Firm_AutoApproval -->
  <testcase name="TC03_ASE_Firm_AutoApproval" time="0.001" classname="com.att.myprice.testcases.TC03_ASE_Firm_AutoApproval">
    <skipped/>
  </testcase> <!-- TC03_ASE_Firm_AutoApproval -->
  <testcase name="TC03_ASE_Firm_AutoApproval" time="0.000" classname="com.att.myprice.testcases.TC03_ASE_Firm_AutoApproval">
    <skipped/>
  </testcase> <!-- TC03_ASE_Firm_AutoApproval -->
  <testcase name="TC03_ASE_Firm_AutoApproval" time="0.001" classname="com.att.myprice.testcases.TC03_ASE_Firm_AutoApproval">
    <skipped/>
  </testcase> <!-- TC03_ASE_Firm_AutoApproval -->
  <testcase name="TC03_ASE_Firm_AutoApproval" time="0.002" classname="com.att.myprice.testcases.TC03_ASE_Firm_AutoApproval">
    <skipped/>
  </testcase> <!-- TC03_ASE_Firm_AutoApproval -->
  <testcase name="TC03_ASE_Firm_AutoApproval" time="0.001" classname="com.att.myprice.testcases.TC03_ASE_Firm_AutoApproval">
    <skipped/>
  </testcase> <!-- TC03_ASE_Firm_AutoApproval -->
  <testcase name="TC03_ASE_Firm_AutoApproval" time="0.001" classname="com.att.myprice.testcases.TC03_ASE_Firm_AutoApproval">
    <skipped/>
  </testcase> <!-- TC03_ASE_Firm_AutoApproval -->
  <testcase name="TC03_ASE_Firm_AutoApproval" time="0.000" classname="com.att.myprice.testcases.TC03_ASE_Firm_AutoApproval">
    <skipped/>
  </testcase> <!-- TC03_ASE_Firm_AutoApproval -->
  <testcase name="TC03_ASE_Firm_AutoApproval" time="0.001" classname="com.att.myprice.testcases.TC03_ASE_Firm_AutoApproval">
    <skipped/>
  </testcase> <!-- TC03_ASE_Firm_AutoApproval -->
  <testcase name="TC03_ASE_Firm_AutoApproval" time="0.001" classname="com.att.myprice.testcases.TC03_ASE_Firm_AutoApproval">
    <skipped/>
  </testcase> <!-- TC03_ASE_Firm_AutoApproval -->
  <testcase name="TC03_ASE_Firm_AutoApproval" time="0.000" classname="com.att.myprice.testcases.TC03_ASE_Firm_AutoApproval">
    <skipped/>
  </testcase> <!-- TC03_ASE_Firm_AutoApproval -->
  <testcase name="TC03_ASE_Firm_AutoApproval" time="0.000" classname="com.att.myprice.testcases.TC03_ASE_Firm_AutoApproval">
    <skipped/>
  </testcase> <!-- TC03_ASE_Firm_AutoApproval -->
  <testcase name="TC03_ASE_Firm_AutoApproval" time="0.000" classname="com.att.myprice.testcases.TC03_ASE_Firm_AutoApproval">
    <skipped/>
  </testcase> <!-- TC03_ASE_Firm_AutoApproval -->
  <testcase name="TC03_ASE_Firm_AutoApproval" time="0.000" classname="com.att.myprice.testcases.TC03_ASE_Firm_AutoApproval">
    <skipped/>
  </testcase> <!-- TC03_ASE_Firm_AutoApproval -->
  <testcase name="TC03_ASE_Firm_AutoApproval" time="0.001" classname="com.att.myprice.testcases.TC03_ASE_Firm_AutoApproval">
    <skipped/>
  </testcase> <!-- TC03_ASE_Firm_AutoApproval -->
  <testcase name="TC03_ASE_Firm_AutoApproval" time="0.001" classname="com.att.myprice.testcases.TC03_ASE_Firm_AutoApproval">
    <skipped/>
  </testcase> <!-- TC03_ASE_Firm_AutoApproval -->
  <testcase name="TC03_ASE_Firm_AutoApproval" time="0.001" classname="com.att.myprice.testcases.TC03_ASE_Firm_AutoApproval">
    <skipped/>
  </testcase> <!-- TC03_ASE_Firm_AutoApproval -->
  <testcase name="TC03_ASE_Firm_AutoApproval" time="0.001" classname="com.att.myprice.testcases.TC03_ASE_Firm_AutoApproval">
    <skipped/>
  </testcase> <!-- TC03_ASE_Firm_AutoApproval -->
  <testcase name="TC03_ASE_Firm_AutoApproval" time="0.001" classname="com.att.myprice.testcases.TC03_ASE_Firm_AutoApproval">
    <skipped/>
  </testcase> <!-- TC03_ASE_Firm_AutoApproval -->
  <testcase name="TC03_ASE_Firm_AutoApproval" time="0.001" classname="com.att.myprice.testcases.TC03_ASE_Firm_AutoApproval">
    <skipped/>
  </testcase> <!-- TC03_ASE_Firm_AutoApproval -->
  <testcase name="TC03_ASE_Firm_AutoApproval" time="0.000" classname="com.att.myprice.testcases.TC03_ASE_Firm_AutoApproval">
    <skipped/>
  </testcase> <!-- TC03_ASE_Firm_AutoApproval -->
  <testcase name="TC03_ASE_Firm_AutoApproval" time="0.000" classname="com.att.myprice.testcases.TC03_ASE_Firm_AutoApproval">
    <skipped/>
  </testcase> <!-- TC03_ASE_Firm_AutoApproval -->
  <testcase name="TC03_ASE_Firm_AutoApproval" time="0.001" classname="com.att.myprice.testcases.TC03_ASE_Firm_AutoApproval">
    <skipped/>
  </testcase> <!-- TC03_ASE_Firm_AutoApproval -->
  <testcase name="TC03_ASE_Firm_AutoApproval" time="0.001" classname="com.att.myprice.testcases.TC03_ASE_Firm_AutoApproval">
    <skipped/>
  </testcase> <!-- TC03_ASE_Firm_AutoApproval -->
  <testcase name="TC03_ASE_Firm_AutoApproval" time="0.001" classname="com.att.myprice.testcases.TC03_ASE_Firm_AutoApproval">
    <skipped/>
  </testcase> <!-- TC03_ASE_Firm_AutoApproval -->
  <testcase name="TC03_ASE_Firm_AutoApproval" time="0.001" classname="com.att.myprice.testcases.TC03_ASE_Firm_AutoApproval">
    <skipped/>
  </testcase> <!-- TC03_ASE_Firm_AutoApproval -->
  <testcase name="TC03_ASE_Firm_AutoApproval" time="0.001" classname="com.att.myprice.testcases.TC03_ASE_Firm_AutoApproval">
    <skipped/>
  </testcase> <!-- TC03_ASE_Firm_AutoApproval -->
  <testcase name="TC03_ASE_Firm_AutoApproval" time="0.001" classname="com.att.myprice.testcases.TC03_ASE_Firm_AutoApproval">
    <skipped/>
  </testcase> <!-- TC03_ASE_Firm_AutoApproval -->
  <testcase name="TC03_ASE_Firm_AutoApproval" time="0.001" classname="com.att.myprice.testcases.TC03_ASE_Firm_AutoApproval">
    <skipped/>
  </testcase> <!-- TC03_ASE_Firm_AutoApproval -->
  <testcase name="TC03_ASE_Firm_AutoApproval" time="0.001" classname="com.att.myprice.testcases.TC03_ASE_Firm_AutoApproval">
    <skipped/>
  </testcase> <!-- TC03_ASE_Firm_AutoApproval -->
  <testcase name="TC03_ASE_Firm_AutoApproval" time="0.001" classname="com.att.myprice.testcases.TC03_ASE_Firm_AutoApproval">
    <skipped/>
  </testcase> <!-- TC03_ASE_Firm_AutoApproval -->
  <testcase name="TC03_ASE_Firm_AutoApproval" time="0.001" classname="com.att.myprice.testcases.TC03_ASE_Firm_AutoApproval">
    <skipped/>
  </testcase> <!-- TC03_ASE_Firm_AutoApproval -->
  <testcase name="TC03_ASE_Firm_AutoApproval" time="0.001" classname="com.att.myprice.testcases.TC03_ASE_Firm_AutoApproval">
    <skipped/>
  </testcase> <!-- TC03_ASE_Firm_AutoApproval -->
  <testcase name="TC03_ASE_Firm_AutoApproval" time="0.001" classname="com.att.myprice.testcases.TC03_ASE_Firm_AutoApproval">
    <skipped/>
  </testcase> <!-- TC03_ASE_Firm_AutoApproval -->
  <testcase name="TC03_ASE_Firm_AutoApproval" time="0.001" classname="com.att.myprice.testcases.TC03_ASE_Firm_AutoApproval">
    <skipped/>
  </testcase> <!-- TC03_ASE_Firm_AutoApproval -->
  <testcase name="TC03_ASE_Firm_AutoApproval" time="0.001" classname="com.att.myprice.testcases.TC03_ASE_Firm_AutoApproval">
    <skipped/>
  </testcase> <!-- TC03_ASE_Firm_AutoApproval -->
  <testcase name="TC03_ASE_Firm_AutoApproval" time="0.001" classname="com.att.myprice.testcases.TC03_ASE_Firm_AutoApproval">
    <skipped/>
  </testcase> <!-- TC03_ASE_Firm_AutoApproval -->
  <testcase name="TC03_ASE_Firm_AutoApproval" time="0.001" classname="com.att.myprice.testcases.TC03_ASE_Firm_AutoApproval">
    <skipped/>
  </testcase> <!-- TC03_ASE_Firm_AutoApproval -->
  <testcase name="TC03_ASE_Firm_AutoApproval" time="0.001" classname="com.att.myprice.testcases.TC03_ASE_Firm_AutoApproval">
    <skipped/>
  </testcase> <!-- TC03_ASE_Firm_AutoApproval -->
  <testcase name="TC03_ASE_Firm_AutoApproval" time="0.001" classname="com.att.myprice.testcases.TC03_ASE_Firm_AutoApproval">
    <skipped/>
  </testcase> <!-- TC03_ASE_Firm_AutoApproval -->
  <testcase name="TC03_ASE_Firm_AutoApproval" time="0.001" classname="com.att.myprice.testcases.TC03_ASE_Firm_AutoApproval">
    <skipped/>
  </testcase> <!-- TC03_ASE_Firm_AutoApproval -->
  <testcase name="TC03_ASE_Firm_AutoApproval" time="0.001" classname="com.att.myprice.testcases.TC03_ASE_Firm_AutoApproval">
    <skipped/>
  </testcase> <!-- TC03_ASE_Firm_AutoApproval -->
  <testcase name="TC03_ASE_Firm_AutoApproval" time="0.001" classname="com.att.myprice.testcases.TC03_ASE_Firm_AutoApproval">
    <skipped/>
  </testcase> <!-- TC03_ASE_Firm_AutoApproval -->
  <testcase name="TC03_ASE_Firm_AutoApproval" time="0.000" classname="com.att.myprice.testcases.TC03_ASE_Firm_AutoApproval">
    <skipped/>
  </testcase> <!-- TC03_ASE_Firm_AutoApproval -->
  <testcase name="TC03_ASE_Firm_AutoApproval" time="0.001" classname="com.att.myprice.testcases.TC03_ASE_Firm_AutoApproval">
    <skipped/>
  </testcase> <!-- TC03_ASE_Firm_AutoApproval -->
  <testcase name="TC03_ASE_Firm_AutoApproval" time="0.000" classname="com.att.myprice.testcases.TC03_ASE_Firm_AutoApproval">
    <skipped/>
  </testcase> <!-- TC03_ASE_Firm_AutoApproval -->
  <testcase name="TC03_ASE_Firm_AutoApproval" time="0.002" classname="com.att.myprice.testcases.TC03_ASE_Firm_AutoApproval">
    <skipped/>
  </testcase> <!-- TC03_ASE_Firm_AutoApproval -->
  <testcase name="TC03_ASE_Firm_AutoApproval" time="0.000" classname="com.att.myprice.testcases.TC03_ASE_Firm_AutoApproval">
    <skipped/>
  </testcase> <!-- TC03_ASE_Firm_AutoApproval -->
  <testcase name="TC03_ASE_Firm_AutoApproval" time="0.001" classname="com.att.myprice.testcases.TC03_ASE_Firm_AutoApproval">
    <skipped/>
  </testcase> <!-- TC03_ASE_Firm_AutoApproval -->
  <testcase name="TC03_ASE_Firm_AutoApproval" time="0.001" classname="com.att.myprice.testcases.TC03_ASE_Firm_AutoApproval">
    <skipped/>
  </testcase> <!-- TC03_ASE_Firm_AutoApproval -->
  <testcase name="TC03_ASE_Firm_AutoApproval" time="0.000" classname="com.att.myprice.testcases.TC03_ASE_Firm_AutoApproval">
    <skipped/>
  </testcase> <!-- TC03_ASE_Firm_AutoApproval -->
  <testcase name="TC03_ASE_Firm_AutoApproval" time="0.001" classname="com.att.myprice.testcases.TC03_ASE_Firm_AutoApproval">
    <skipped/>
  </testcase> <!-- TC03_ASE_Firm_AutoApproval -->
  <testcase name="TC03_ASE_Firm_AutoApproval" time="0.001" classname="com.att.myprice.testcases.TC03_ASE_Firm_AutoApproval">
    <skipped/>
  </testcase> <!-- TC03_ASE_Firm_AutoApproval -->
  <testcase name="TC03_ASE_Firm_AutoApproval" time="0.000" classname="com.att.myprice.testcases.TC03_ASE_Firm_AutoApproval">
    <skipped/>
  </testcase> <!-- TC03_ASE_Firm_AutoApproval -->
  <testcase name="TC03_ASE_Firm_AutoApproval" time="0.001" classname="com.att.myprice.testcases.TC03_ASE_Firm_AutoApproval">
    <skipped/>
  </testcase> <!-- TC03_ASE_Firm_AutoApproval -->
  <testcase name="TC03_ASE_Firm_AutoApproval" time="0.002" classname="com.att.myprice.testcases.TC03_ASE_Firm_AutoApproval">
    <skipped/>
  </testcase> <!-- TC03_ASE_Firm_AutoApproval -->
  <testcase name="TC03_ASE_Firm_AutoApproval" time="0.001" classname="com.att.myprice.testcases.TC03_ASE_Firm_AutoApproval">
    <skipped/>
  </testcase> <!-- TC03_ASE_Firm_AutoApproval -->
  <testcase name="TC03_ASE_Firm_AutoApproval" time="0.001" classname="com.att.myprice.testcases.TC03_ASE_Firm_AutoApproval">
    <skipped/>
  </testcase> <!-- TC03_ASE_Firm_AutoApproval -->
  <testcase name="TC03_ASE_Firm_AutoApproval" time="0.001" classname="com.att.myprice.testcases.TC03_ASE_Firm_AutoApproval">
    <skipped/>
  </testcase> <!-- TC03_ASE_Firm_AutoApproval -->
  <testcase name="TC03_ASE_Firm_AutoApproval" time="0.000" classname="com.att.myprice.testcases.TC03_ASE_Firm_AutoApproval">
    <skipped/>
  </testcase> <!-- TC03_ASE_Firm_AutoApproval -->
  <testcase name="TC03_ASE_Firm_AutoApproval" time="0.001" classname="com.att.myprice.testcases.TC03_ASE_Firm_AutoApproval">
    <skipped/>
  </testcase> <!-- TC03_ASE_Firm_AutoApproval -->
  <testcase name="TC03_ASE_Firm_AutoApproval" time="0.001" classname="com.att.myprice.testcases.TC03_ASE_Firm_AutoApproval">
    <skipped/>
  </testcase> <!-- TC03_ASE_Firm_AutoApproval -->
  <testcase name="TC03_ASE_Firm_AutoApproval" time="0.000" classname="com.att.myprice.testcases.TC03_ASE_Firm_AutoApproval">
    <skipped/>
  </testcase> <!-- TC03_ASE_Firm_AutoApproval -->
  <testcase name="TC03_ASE_Firm_AutoApproval" time="0.001" classname="com.att.myprice.testcases.TC03_ASE_Firm_AutoApproval">
    <skipped/>
  </testcase> <!-- TC03_ASE_Firm_AutoApproval -->
  <testcase name="TC03_ASE_Firm_AutoApproval" time="0.001" classname="com.att.myprice.testcases.TC03_ASE_Firm_AutoApproval">
    <skipped/>
  </testcase> <!-- TC03_ASE_Firm_AutoApproval -->
  <testcase name="TC03_ASE_Firm_AutoApproval" time="0.001" classname="com.att.myprice.testcases.TC03_ASE_Firm_AutoApproval">
    <skipped/>
  </testcase> <!-- TC03_ASE_Firm_AutoApproval -->
  <testcase name="TC03_ASE_Firm_AutoApproval" time="0.001" classname="com.att.myprice.testcases.TC03_ASE_Firm_AutoApproval">
    <skipped/>
  </testcase> <!-- TC03_ASE_Firm_AutoApproval -->
  <testcase name="TC03_ASE_Firm_AutoApproval" time="0.003" classname="com.att.myprice.testcases.TC03_ASE_Firm_AutoApproval">
    <skipped/>
  </testcase> <!-- TC03_ASE_Firm_AutoApproval -->
  <testcase name="TC03_ASE_Firm_AutoApproval" time="0.001" classname="com.att.myprice.testcases.TC03_ASE_Firm_AutoApproval">
    <skipped/>
  </testcase> <!-- TC03_ASE_Firm_AutoApproval -->
  <testcase name="TC03_ASE_Firm_AutoApproval" time="0.001" classname="com.att.myprice.testcases.TC03_ASE_Firm_AutoApproval">
    <skipped/>
  </testcase> <!-- TC03_ASE_Firm_AutoApproval -->
  <testcase name="TC03_ASE_Firm_AutoApproval" time="0.001" classname="com.att.myprice.testcases.TC03_ASE_Firm_AutoApproval">
    <skipped/>
  </testcase> <!-- TC03_ASE_Firm_AutoApproval -->
  <testcase name="TC03_ASE_Firm_AutoApproval" time="0.001" classname="com.att.myprice.testcases.TC03_ASE_Firm_AutoApproval">
    <skipped/>
  </testcase> <!-- TC03_ASE_Firm_AutoApproval -->
  <testcase name="TC03_ASE_Firm_AutoApproval" time="0.003" classname="com.att.myprice.testcases.TC03_ASE_Firm_AutoApproval">
    <skipped/>
  </testcase> <!-- TC03_ASE_Firm_AutoApproval -->
  <testcase name="TC03_ASE_Firm_AutoApproval" time="0.001" classname="com.att.myprice.testcases.TC03_ASE_Firm_AutoApproval">
    <skipped/>
  </testcase> <!-- TC03_ASE_Firm_AutoApproval -->
  <testcase name="TC03_ASE_Firm_AutoApproval" time="0.001" classname="com.att.myprice.testcases.TC03_ASE_Firm_AutoApproval">
    <skipped/>
  </testcase> <!-- TC03_ASE_Firm_AutoApproval -->
  <testcase name="TC03_ASE_Firm_AutoApproval" time="0.000" classname="com.att.myprice.testcases.TC03_ASE_Firm_AutoApproval">
    <skipped/>
  </testcase> <!-- TC03_ASE_Firm_AutoApproval -->
  <testcase name="TC03_ASE_Firm_AutoApproval" time="0.001" classname="com.att.myprice.testcases.TC03_ASE_Firm_AutoApproval">
    <skipped/>
  </testcase> <!-- TC03_ASE_Firm_AutoApproval -->
  <testcase name="TC03_ASE_Firm_AutoApproval" time="0.001" classname="com.att.myprice.testcases.TC03_ASE_Firm_AutoApproval">
    <skipped/>
  </testcase> <!-- TC03_ASE_Firm_AutoApproval -->
  <testcase name="TC03_ASE_Firm_AutoApproval" time="0.000" classname="com.att.myprice.testcases.TC03_ASE_Firm_AutoApproval">
    <skipped/>
  </testcase> <!-- TC03_ASE_Firm_AutoApproval -->
  <testcase name="TC03_ASE_Firm_AutoApproval" time="0.000" classname="com.att.myprice.testcases.TC03_ASE_Firm_AutoApproval">
    <skipped/>
  </testcase> <!-- TC03_ASE_Firm_AutoApproval -->
  <testcase name="TC03_ASE_Firm_AutoApproval" time="0.000" classname="com.att.myprice.testcases.TC03_ASE_Firm_AutoApproval">
    <skipped/>
  </testcase> <!-- TC03_ASE_Firm_AutoApproval -->
  <testcase name="TC03_ASE_Firm_AutoApproval" time="0.001" classname="com.att.myprice.testcases.TC03_ASE_Firm_AutoApproval">
    <skipped/>
  </testcase> <!-- TC03_ASE_Firm_AutoApproval -->
  <testcase name="TC03_ASE_Firm_AutoApproval" time="0.001" classname="com.att.myprice.testcases.TC03_ASE_Firm_AutoApproval">
    <skipped/>
  </testcase> <!-- TC03_ASE_Firm_AutoApproval -->
  <testcase name="TC03_ASE_Firm_AutoApproval" time="0.011" classname="com.att.myprice.testcases.TC03_ASE_Firm_AutoApproval">
    <skipped/>
  </testcase> <!-- TC03_ASE_Firm_AutoApproval -->
  <testcase name="TC03_ASE_Firm_AutoApproval" time="0.001" classname="com.att.myprice.testcases.TC03_ASE_Firm_AutoApproval">
    <skipped/>
  </testcase> <!-- TC03_ASE_Firm_AutoApproval -->
  <testcase name="TC03_ASE_Firm_AutoApproval" time="0.001" classname="com.att.myprice.testcases.TC03_ASE_Firm_AutoApproval">
    <skipped/>
  </testcase> <!-- TC03_ASE_Firm_AutoApproval -->
  <testcase name="TC03_ASE_Firm_AutoApproval" time="0.001" classname="com.att.myprice.testcases.TC03_ASE_Firm_AutoApproval">
    <skipped/>
  </testcase> <!-- TC03_ASE_Firm_AutoApproval -->
  <testcase name="TC03_ASE_Firm_AutoApproval" time="0.000" classname="com.att.myprice.testcases.TC03_ASE_Firm_AutoApproval">
    <skipped/>
  </testcase> <!-- TC03_ASE_Firm_AutoApproval -->
  <testcase name="TC03_ASE_Firm_AutoApproval" time="0.001" classname="com.att.myprice.testcases.TC03_ASE_Firm_AutoApproval">
    <skipped/>
  </testcase> <!-- TC03_ASE_Firm_AutoApproval -->
  <testcase name="TC03_ASE_Firm_AutoApproval" time="0.001" classname="com.att.myprice.testcases.TC03_ASE_Firm_AutoApproval">
    <skipped/>
  </testcase> <!-- TC03_ASE_Firm_AutoApproval -->
  <testcase name="TC03_ASE_Firm_AutoApproval" time="0.000" classname="com.att.myprice.testcases.TC03_ASE_Firm_AutoApproval">
    <skipped/>
  </testcase> <!-- TC03_ASE_Firm_AutoApproval -->
  <testcase name="TC03_ASE_Firm_AutoApproval" time="0.001" classname="com.att.myprice.testcases.TC03_ASE_Firm_AutoApproval">
    <skipped/>
  </testcase> <!-- TC03_ASE_Firm_AutoApproval -->
  <testcase name="TC03_ASE_Firm_AutoApproval" time="0.001" classname="com.att.myprice.testcases.TC03_ASE_Firm_AutoApproval">
    <skipped/>
  </testcase> <!-- TC03_ASE_Firm_AutoApproval -->
  <testcase name="TC03_ASE_Firm_AutoApproval" time="0.001" classname="com.att.myprice.testcases.TC03_ASE_Firm_AutoApproval">
    <skipped/>
  </testcase> <!-- TC03_ASE_Firm_AutoApproval -->
  <testcase name="TC03_ASE_Firm_AutoApproval" time="0.001" classname="com.att.myprice.testcases.TC03_ASE_Firm_AutoApproval">
    <skipped/>
  </testcase> <!-- TC03_ASE_Firm_AutoApproval -->
  <testcase name="TC03_ASE_Firm_AutoApproval" time="0.000" classname="com.att.myprice.testcases.TC03_ASE_Firm_AutoApproval">
    <skipped/>
  </testcase> <!-- TC03_ASE_Firm_AutoApproval -->
  <testcase name="TC03_ASE_Firm_AutoApproval" time="0.001" classname="com.att.myprice.testcases.TC03_ASE_Firm_AutoApproval">
    <skipped/>
  </testcase> <!-- TC03_ASE_Firm_AutoApproval -->
  <testcase name="TC03_ASE_Firm_AutoApproval" time="0.001" classname="com.att.myprice.testcases.TC03_ASE_Firm_AutoApproval">
    <skipped/>
  </testcase> <!-- TC03_ASE_Firm_AutoApproval -->
  <testcase name="TC03_ASE_Firm_AutoApproval" time="0.001" classname="com.att.myprice.testcases.TC03_ASE_Firm_AutoApproval">
    <skipped/>
  </testcase> <!-- TC03_ASE_Firm_AutoApproval -->
  <testcase name="TC03_ASE_Firm_AutoApproval" time="0.001" classname="com.att.myprice.testcases.TC03_ASE_Firm_AutoApproval">
    <skipped/>
  </testcase> <!-- TC03_ASE_Firm_AutoApproval -->
  <testcase name="TC03_ASE_Firm_AutoApproval" time="0.001" classname="com.att.myprice.testcases.TC03_ASE_Firm_AutoApproval">
    <skipped/>
  </testcase> <!-- TC03_ASE_Firm_AutoApproval -->
  <testcase name="TC03_ASE_Firm_AutoApproval" time="0.001" classname="com.att.myprice.testcases.TC03_ASE_Firm_AutoApproval">
    <skipped/>
  </testcase> <!-- TC03_ASE_Firm_AutoApproval -->
  <testcase name="TC03_ASE_Firm_AutoApproval" time="0.001" classname="com.att.myprice.testcases.TC03_ASE_Firm_AutoApproval">
    <skipped/>
  </testcase> <!-- TC03_ASE_Firm_AutoApproval -->
  <testcase name="TC03_ASE_Firm_AutoApproval" time="0.002" classname="com.att.myprice.testcases.TC03_ASE_Firm_AutoApproval">
    <skipped/>
  </testcase> <!-- TC03_ASE_Firm_AutoApproval -->
  <testcase name="TC03_ASE_Firm_AutoApproval" time="0.001" classname="com.att.myprice.testcases.TC03_ASE_Firm_AutoApproval">
    <skipped/>
  </testcase> <!-- TC03_ASE_Firm_AutoApproval -->
  <testcase name="TC03_ASE_Firm_AutoApproval" time="0.000" classname="com.att.myprice.testcases.TC03_ASE_Firm_AutoApproval">
    <skipped/>
  </testcase> <!-- TC03_ASE_Firm_AutoApproval -->
  <testcase name="TC03_ASE_Firm_AutoApproval" time="0.001" classname="com.att.myprice.testcases.TC03_ASE_Firm_AutoApproval">
    <skipped/>
  </testcase> <!-- TC03_ASE_Firm_AutoApproval -->
  <testcase name="TC03_ASE_Firm_AutoApproval" time="0.001" classname="com.att.myprice.testcases.TC03_ASE_Firm_AutoApproval">
    <skipped/>
  </testcase> <!-- TC03_ASE_Firm_AutoApproval -->
  <testcase name="TC03_ASE_Firm_AutoApproval" time="0.001" classname="com.att.myprice.testcases.TC03_ASE_Firm_AutoApproval">
    <skipped/>
  </testcase> <!-- TC03_ASE_Firm_AutoApproval -->
  <testcase name="TC03_ASE_Firm_AutoApproval" time="0.001" classname="com.att.myprice.testcases.TC03_ASE_Firm_AutoApproval">
    <skipped/>
  </testcase> <!-- TC03_ASE_Firm_AutoApproval -->
  <testcase name="TC03_ASE_Firm_AutoApproval" time="0.001" classname="com.att.myprice.testcases.TC03_ASE_Firm_AutoApproval">
    <skipped/>
  </testcase> <!-- TC03_ASE_Firm_AutoApproval -->
  <testcase name="TC03_ASE_Firm_AutoApproval" time="0.001" classname="com.att.myprice.testcases.TC03_ASE_Firm_AutoApproval">
    <skipped/>
  </testcase> <!-- TC03_ASE_Firm_AutoApproval -->
  <testcase name="TC03_ASE_Firm_AutoApproval" time="0.001" classname="com.att.myprice.testcases.TC03_ASE_Firm_AutoApproval">
    <skipped/>
  </testcase> <!-- TC03_ASE_Firm_AutoApproval -->
  <testcase name="TC03_ASE_Firm_AutoApproval" time="0.001" classname="com.att.myprice.testcases.TC03_ASE_Firm_AutoApproval">
    <skipped/>
  </testcase> <!-- TC03_ASE_Firm_AutoApproval -->
  <testcase name="TC03_ASE_Firm_AutoApproval" time="0.002" classname="com.att.myprice.testcases.TC03_ASE_Firm_AutoApproval">
    <skipped/>
  </testcase> <!-- TC03_ASE_Firm_AutoApproval -->
  <testcase name="TC03_ASE_Firm_AutoApproval" time="0.002" classname="com.att.myprice.testcases.TC03_ASE_Firm_AutoApproval">
    <skipped/>
  </testcase> <!-- TC03_ASE_Firm_AutoApproval -->
  <testcase name="TC03_ASE_Firm_AutoApproval" time="0.001" classname="com.att.myprice.testcases.TC03_ASE_Firm_AutoApproval">
    <skipped/>
  </testcase> <!-- TC03_ASE_Firm_AutoApproval -->
  <testcase name="TC03_ASE_Firm_AutoApproval" time="0.001" classname="com.att.myprice.testcases.TC03_ASE_Firm_AutoApproval">
    <skipped/>
  </testcase> <!-- TC03_ASE_Firm_AutoApproval -->
  <testcase name="TC03_ASE_Firm_AutoApproval" time="0.002" classname="com.att.myprice.testcases.TC03_ASE_Firm_AutoApproval">
    <skipped/>
  </testcase> <!-- TC03_ASE_Firm_AutoApproval -->
  <testcase name="TC03_ASE_Firm_AutoApproval" time="0.001" classname="com.att.myprice.testcases.TC03_ASE_Firm_AutoApproval">
    <skipped/>
  </testcase> <!-- TC03_ASE_Firm_AutoApproval -->
  <testcase name="TC03_ASE_Firm_AutoApproval" time="0.001" classname="com.att.myprice.testcases.TC03_ASE_Firm_AutoApproval">
    <skipped/>
  </testcase> <!-- TC03_ASE_Firm_AutoApproval -->
  <testcase name="TC03_ASE_Firm_AutoApproval" time="0.001" classname="com.att.myprice.testcases.TC03_ASE_Firm_AutoApproval">
    <skipped/>
  </testcase> <!-- TC03_ASE_Firm_AutoApproval -->
  <testcase name="TC03_ASE_Firm_AutoApproval" time="0.001" classname="com.att.myprice.testcases.TC03_ASE_Firm_AutoApproval">
    <skipped/>
  </testcase> <!-- TC03_ASE_Firm_AutoApproval -->
  <testcase name="TC03_ASE_Firm_AutoApproval" time="0.001" classname="com.att.myprice.testcases.TC03_ASE_Firm_AutoApproval">
    <skipped/>
  </testcase> <!-- TC03_ASE_Firm_AutoApproval -->
  <testcase name="TC03_ASE_Firm_AutoApproval" time="0.000" classname="com.att.myprice.testcases.TC03_ASE_Firm_AutoApproval">
    <skipped/>
  </testcase> <!-- TC03_ASE_Firm_AutoApproval -->
  <testcase name="TC03_ASE_Firm_AutoApproval" time="0.001" classname="com.att.myprice.testcases.TC03_ASE_Firm_AutoApproval">
    <skipped/>
  </testcase> <!-- TC03_ASE_Firm_AutoApproval -->
  <testcase name="TC03_ASE_Firm_AutoApproval" time="0.002" classname="com.att.myprice.testcases.TC03_ASE_Firm_AutoApproval">
    <skipped/>
  </testcase> <!-- TC03_ASE_Firm_AutoApproval -->
  <testcase name="TC03_ASE_Firm_AutoApproval" time="0.000" classname="com.att.myprice.testcases.TC03_ASE_Firm_AutoApproval">
    <skipped/>
  </testcase> <!-- TC03_ASE_Firm_AutoApproval -->
  <testcase name="TC03_ASE_Firm_AutoApproval" time="0.001" classname="com.att.myprice.testcases.TC03_ASE_Firm_AutoApproval">
    <skipped/>
  </testcase> <!-- TC03_ASE_Firm_AutoApproval -->
  <testcase name="TC03_ASE_Firm_AutoApproval" time="0.001" classname="com.att.myprice.testcases.TC03_ASE_Firm_AutoApproval">
    <skipped/>
  </testcase> <!-- TC03_ASE_Firm_AutoApproval -->
  <testcase name="TC03_ASE_Firm_AutoApproval" time="0.001" classname="com.att.myprice.testcases.TC03_ASE_Firm_AutoApproval">
    <skipped/>
  </testcase> <!-- TC03_ASE_Firm_AutoApproval -->
  <testcase name="TC03_ASE_Firm_AutoApproval" time="0.001" classname="com.att.myprice.testcases.TC03_ASE_Firm_AutoApproval">
    <skipped/>
  </testcase> <!-- TC03_ASE_Firm_AutoApproval -->
  <testcase name="TC03_ASE_Firm_AutoApproval" time="0.001" classname="com.att.myprice.testcases.TC03_ASE_Firm_AutoApproval">
    <skipped/>
  </testcase> <!-- TC03_ASE_Firm_AutoApproval -->
  <testcase name="TC03_ASE_Firm_AutoApproval" time="0.001" classname="com.att.myprice.testcases.TC03_ASE_Firm_AutoApproval">
    <skipped/>
  </testcase> <!-- TC03_ASE_Firm_AutoApproval -->
  <testcase name="TC03_ASE_Firm_AutoApproval" time="0.000" classname="com.att.myprice.testcases.TC03_ASE_Firm_AutoApproval">
    <skipped/>
  </testcase> <!-- TC03_ASE_Firm_AutoApproval -->
  <testcase name="TC03_ASE_Firm_AutoApproval" time="0.001" classname="com.att.myprice.testcases.TC03_ASE_Firm_AutoApproval">
    <skipped/>
  </testcase> <!-- TC03_ASE_Firm_AutoApproval -->
  <testcase name="TC03_ASE_Firm_AutoApproval" time="0.001" classname="com.att.myprice.testcases.TC03_ASE_Firm_AutoApproval">
    <skipped/>
  </testcase> <!-- TC03_ASE_Firm_AutoApproval -->
  <testcase name="TC03_ASE_Firm_AutoApproval" time="0.000" classname="com.att.myprice.testcases.TC03_ASE_Firm_AutoApproval">
    <skipped/>
  </testcase> <!-- TC03_ASE_Firm_AutoApproval -->
  <testcase name="TC03_ASE_Firm_AutoApproval" time="0.001" classname="com.att.myprice.testcases.TC03_ASE_Firm_AutoApproval">
    <skipped/>
  </testcase> <!-- TC03_ASE_Firm_AutoApproval -->
  <testcase name="TC03_ASE_Firm_AutoApproval" time="0.001" classname="com.att.myprice.testcases.TC03_ASE_Firm_AutoApproval">
    <skipped/>
  </testcase> <!-- TC03_ASE_Firm_AutoApproval -->
  <testcase name="TC03_ASE_Firm_AutoApproval" time="0.001" classname="com.att.myprice.testcases.TC03_ASE_Firm_AutoApproval">
    <skipped/>
  </testcase> <!-- TC03_ASE_Firm_AutoApproval -->
  <testcase name="TC03_ASE_Firm_AutoApproval" time="0.002" classname="com.att.myprice.testcases.TC03_ASE_Firm_AutoApproval">
    <skipped/>
  </testcase> <!-- TC03_ASE_Firm_AutoApproval -->
  <testcase name="TC03_ASE_Firm_AutoApproval" time="0.001" classname="com.att.myprice.testcases.TC03_ASE_Firm_AutoApproval">
    <skipped/>
  </testcase> <!-- TC03_ASE_Firm_AutoApproval -->
  <testcase name="TC03_ASE_Firm_AutoApproval" time="0.000" classname="com.att.myprice.testcases.TC03_ASE_Firm_AutoApproval">
    <skipped/>
  </testcase> <!-- TC03_ASE_Firm_AutoApproval -->
  <testcase name="TC03_ASE_Firm_AutoApproval" time="0.001" classname="com.att.myprice.testcases.TC03_ASE_Firm_AutoApproval">
    <skipped/>
  </testcase> <!-- TC03_ASE_Firm_AutoApproval -->
  <testcase name="TC03_ASE_Firm_AutoApproval" time="0.001" classname="com.att.myprice.testcases.TC03_ASE_Firm_AutoApproval">
    <skipped/>
  </testcase> <!-- TC03_ASE_Firm_AutoApproval -->
  <testcase name="TC03_ASE_Firm_AutoApproval" time="0.000" classname="com.att.myprice.testcases.TC03_ASE_Firm_AutoApproval">
    <skipped/>
  </testcase> <!-- TC03_ASE_Firm_AutoApproval -->
  <testcase name="TC03_ASE_Firm_AutoApproval" time="0.000" classname="com.att.myprice.testcases.TC03_ASE_Firm_AutoApproval">
    <skipped/>
  </testcase> <!-- TC03_ASE_Firm_AutoApproval -->
  <testcase name="TC03_ASE_Firm_AutoApproval" time="0.001" classname="com.att.myprice.testcases.TC03_ASE_Firm_AutoApproval">
    <skipped/>
  </testcase> <!-- TC03_ASE_Firm_AutoApproval -->
  <testcase name="TC03_ASE_Firm_AutoApproval" time="0.001" classname="com.att.myprice.testcases.TC03_ASE_Firm_AutoApproval">
    <skipped/>
  </testcase> <!-- TC03_ASE_Firm_AutoApproval -->
  <testcase name="TC03_ASE_Firm_AutoApproval" time="0.001" classname="com.att.myprice.testcases.TC03_ASE_Firm_AutoApproval">
    <skipped/>
  </testcase> <!-- TC03_ASE_Firm_AutoApproval -->
  <testcase name="TC03_ASE_Firm_AutoApproval" time="0.000" classname="com.att.myprice.testcases.TC03_ASE_Firm_AutoApproval">
    <skipped/>
  </testcase> <!-- TC03_ASE_Firm_AutoApproval -->
  <testcase name="TC03_ASE_Firm_AutoApproval" time="0.001" classname="com.att.myprice.testcases.TC03_ASE_Firm_AutoApproval">
    <skipped/>
  </testcase> <!-- TC03_ASE_Firm_AutoApproval -->
  <testcase name="TC03_ASE_Firm_AutoApproval" time="0.004" classname="com.att.myprice.testcases.TC03_ASE_Firm_AutoApproval">
    <skipped/>
  </testcase> <!-- TC03_ASE_Firm_AutoApproval -->
  <testcase name="TC03_ASE_Firm_AutoApproval" time="0.001" classname="com.att.myprice.testcases.TC03_ASE_Firm_AutoApproval">
    <skipped/>
  </testcase> <!-- TC03_ASE_Firm_AutoApproval -->
  <testcase name="TC03_ASE_Firm_AutoApproval" time="0.001" classname="com.att.myprice.testcases.TC03_ASE_Firm_AutoApproval">
    <skipped/>
  </testcase> <!-- TC03_ASE_Firm_AutoApproval -->
  <testcase name="TC03_ASE_Firm_AutoApproval" time="0.001" classname="com.att.myprice.testcases.TC03_ASE_Firm_AutoApproval">
    <skipped/>
  </testcase> <!-- TC03_ASE_Firm_AutoApproval -->
  <testcase name="TC03_ASE_Firm_AutoApproval" time="0.001" classname="com.att.myprice.testcases.TC03_ASE_Firm_AutoApproval">
    <skipped/>
  </testcase> <!-- TC03_ASE_Firm_AutoApproval -->
  <testcase name="TC03_ASE_Firm_AutoApproval" time="0.001" classname="com.att.myprice.testcases.TC03_ASE_Firm_AutoApproval">
    <skipped/>
  </testcase> <!-- TC03_ASE_Firm_AutoApproval -->
  <testcase name="TC03_ASE_Firm_AutoApproval" time="0.002" classname="com.att.myprice.testcases.TC03_ASE_Firm_AutoApproval">
    <skipped/>
  </testcase> <!-- TC03_ASE_Firm_AutoApproval -->
  <testcase name="TC03_ASE_Firm_AutoApproval" time="0.000" classname="com.att.myprice.testcases.TC03_ASE_Firm_AutoApproval">
    <skipped/>
  </testcase> <!-- TC03_ASE_Firm_AutoApproval -->
  <testcase name="TC03_ASE_Firm_AutoApproval" time="0.000" classname="com.att.myprice.testcases.TC03_ASE_Firm_AutoApproval">
    <skipped/>
  </testcase> <!-- TC03_ASE_Firm_AutoApproval -->
  <testcase name="TC03_ASE_Firm_AutoApproval" time="0.002" classname="com.att.myprice.testcases.TC03_ASE_Firm_AutoApproval">
    <skipped/>
  </testcase> <!-- TC03_ASE_Firm_AutoApproval -->
  <testcase name="TC03_ASE_Firm_AutoApproval" time="0.001" classname="com.att.myprice.testcases.TC03_ASE_Firm_AutoApproval">
    <skipped/>
  </testcase> <!-- TC03_ASE_Firm_AutoApproval -->
  <testcase name="TC03_ASE_Firm_AutoApproval" time="0.001" classname="com.att.myprice.testcases.TC03_ASE_Firm_AutoApproval">
    <skipped/>
  </testcase> <!-- TC03_ASE_Firm_AutoApproval -->
  <testcase name="TC03_ASE_Firm_AutoApproval" time="0.001" classname="com.att.myprice.testcases.TC03_ASE_Firm_AutoApproval">
    <skipped/>
  </testcase> <!-- TC03_ASE_Firm_AutoApproval -->
  <testcase name="TC03_ASE_Firm_AutoApproval" time="0.001" classname="com.att.myprice.testcases.TC03_ASE_Firm_AutoApproval">
    <skipped/>
  </testcase> <!-- TC03_ASE_Firm_AutoApproval -->
  <testcase name="TC03_ASE_Firm_AutoApproval" time="0.001" classname="com.att.myprice.testcases.TC03_ASE_Firm_AutoApproval">
    <skipped/>
  </testcase> <!-- TC03_ASE_Firm_AutoApproval -->
  <testcase name="TC03_ASE_Firm_AutoApproval" time="0.000" classname="com.att.myprice.testcases.TC03_ASE_Firm_AutoApproval">
    <skipped/>
  </testcase> <!-- TC03_ASE_Firm_AutoApproval -->
  <testcase name="TC03_ASE_Firm_AutoApproval" time="0.000" classname="com.att.myprice.testcases.TC03_ASE_Firm_AutoApproval">
    <skipped/>
  </testcase> <!-- TC03_ASE_Firm_AutoApproval -->
  <testcase name="TC03_ASE_Firm_AutoApproval" time="0.002" classname="com.att.myprice.testcases.TC03_ASE_Firm_AutoApproval">
    <skipped/>
  </testcase> <!-- TC03_ASE_Firm_AutoApproval -->
  <testcase name="TC03_ASE_Firm_AutoApproval" time="0.001" classname="com.att.myprice.testcases.TC03_ASE_Firm_AutoApproval">
    <skipped/>
  </testcase> <!-- TC03_ASE_Firm_AutoApproval -->
  <testcase name="TC03_ASE_Firm_AutoApproval" time="0.001" classname="com.att.myprice.testcases.TC03_ASE_Firm_AutoApproval">
    <skipped/>
  </testcase> <!-- TC03_ASE_Firm_AutoApproval -->
  <testcase name="TC03_ASE_Firm_AutoApproval" time="0.000" classname="com.att.myprice.testcases.TC03_ASE_Firm_AutoApproval">
    <skipped/>
  </testcase> <!-- TC03_ASE_Firm_AutoApproval -->
  <testcase name="TC03_ASE_Firm_AutoApproval" time="0.001" classname="com.att.myprice.testcases.TC03_ASE_Firm_AutoApproval">
    <skipped/>
  </testcase> <!-- TC03_ASE_Firm_AutoApproval -->
  <testcase name="TC03_ASE_Firm_AutoApproval" time="0.001" classname="com.att.myprice.testcases.TC03_ASE_Firm_AutoApproval">
    <skipped/>
  </testcase> <!-- TC03_ASE_Firm_AutoApproval -->
  <testcase name="TC03_ASE_Firm_AutoApproval" time="0.000" classname="com.att.myprice.testcases.TC03_ASE_Firm_AutoApproval">
    <skipped/>
  </testcase> <!-- TC03_ASE_Firm_AutoApproval -->
  <testcase name="TC03_ASE_Firm_AutoApproval" time="0.000" classname="com.att.myprice.testcases.TC03_ASE_Firm_AutoApproval">
    <skipped/>
  </testcase> <!-- TC03_ASE_Firm_AutoApproval -->
  <testcase name="TC03_ASE_Firm_AutoApproval" time="0.001" classname="com.att.myprice.testcases.TC03_ASE_Firm_AutoApproval">
    <skipped/>
  </testcase> <!-- TC03_ASE_Firm_AutoApproval -->
  <testcase name="TC03_ASE_Firm_AutoApproval" time="0.000" classname="com.att.myprice.testcases.TC03_ASE_Firm_AutoApproval">
    <skipped/>
  </testcase> <!-- TC03_ASE_Firm_AutoApproval -->
  <testcase name="TC03_ASE_Firm_AutoApproval" time="0.000" classname="com.att.myprice.testcases.TC03_ASE_Firm_AutoApproval">
    <skipped/>
  </testcase> <!-- TC03_ASE_Firm_AutoApproval -->
  <testcase name="TC03_ASE_Firm_AutoApproval" time="0.001" classname="com.att.myprice.testcases.TC03_ASE_Firm_AutoApproval">
    <skipped/>
  </testcase> <!-- TC03_ASE_Firm_AutoApproval -->
  <testcase name="TC03_ASE_Firm_AutoApproval" time="0.001" classname="com.att.myprice.testcases.TC03_ASE_Firm_AutoApproval">
    <skipped/>
  </testcase> <!-- TC03_ASE_Firm_AutoApproval -->
  <testcase name="TC03_ASE_Firm_AutoApproval" time="0.001" classname="com.att.myprice.testcases.TC03_ASE_Firm_AutoApproval">
    <skipped/>
  </testcase> <!-- TC03_ASE_Firm_AutoApproval -->
  <testcase name="TC03_ASE_Firm_AutoApproval" time="0.000" classname="com.att.myprice.testcases.TC03_ASE_Firm_AutoApproval">
    <skipped/>
  </testcase> <!-- TC03_ASE_Firm_AutoApproval -->
  <testcase name="TC03_ASE_Firm_AutoApproval" time="0.001" classname="com.att.myprice.testcases.TC03_ASE_Firm_AutoApproval">
    <skipped/>
  </testcase> <!-- TC03_ASE_Firm_AutoApproval -->
  <testcase name="TC03_ASE_Firm_AutoApproval" time="0.000" classname="com.att.myprice.testcases.TC03_ASE_Firm_AutoApproval">
    <skipped/>
  </testcase> <!-- TC03_ASE_Firm_AutoApproval -->
  <testcase name="TC03_ASE_Firm_AutoApproval" time="0.001" classname="com.att.myprice.testcases.TC03_ASE_Firm_AutoApproval">
    <skipped/>
  </testcase> <!-- TC03_ASE_Firm_AutoApproval -->
  <testcase name="TC03_ASE_Firm_AutoApproval" time="0.001" classname="com.att.myprice.testcases.TC03_ASE_Firm_AutoApproval">
    <skipped/>
  </testcase> <!-- TC03_ASE_Firm_AutoApproval -->
  <testcase name="TC03_ASE_Firm_AutoApproval" time="0.001" classname="com.att.myprice.testcases.TC03_ASE_Firm_AutoApproval">
    <skipped/>
  </testcase> <!-- TC03_ASE_Firm_AutoApproval -->
  <testcase name="TC03_ASE_Firm_AutoApproval" time="0.001" classname="com.att.myprice.testcases.TC03_ASE_Firm_AutoApproval">
    <skipped/>
  </testcase> <!-- TC03_ASE_Firm_AutoApproval -->
  <testcase name="TC03_ASE_Firm_AutoApproval" time="0.001" classname="com.att.myprice.testcases.TC03_ASE_Firm_AutoApproval">
    <skipped/>
  </testcase> <!-- TC03_ASE_Firm_AutoApproval -->
  <testcase name="TC03_ASE_Firm_AutoApproval" time="0.000" classname="com.att.myprice.testcases.TC03_ASE_Firm_AutoApproval">
    <skipped/>
  </testcase> <!-- TC03_ASE_Firm_AutoApproval -->
  <testcase name="TC03_ASE_Firm_AutoApproval" time="0.001" classname="com.att.myprice.testcases.TC03_ASE_Firm_AutoApproval">
    <skipped/>
  </testcase> <!-- TC03_ASE_Firm_AutoApproval -->
  <testcase name="TC03_ASE_Firm_AutoApproval" time="0.001" classname="com.att.myprice.testcases.TC03_ASE_Firm_AutoApproval">
    <skipped/>
  </testcase> <!-- TC03_ASE_Firm_AutoApproval -->
  <testcase name="TC03_ASE_Firm_AutoApproval" time="0.000" classname="com.att.myprice.testcases.TC03_ASE_Firm_AutoApproval">
    <skipped/>
  </testcase> <!-- TC03_ASE_Firm_AutoApproval -->
  <testcase name="TC03_ASE_Firm_AutoApproval" time="0.001" classname="com.att.myprice.testcases.TC03_ASE_Firm_AutoApproval">
    <skipped/>
  </testcase> <!-- TC03_ASE_Firm_AutoApproval -->
  <testcase name="TC03_ASE_Firm_AutoApproval" time="0.001" classname="com.att.myprice.testcases.TC03_ASE_Firm_AutoApproval">
    <skipped/>
  </testcase> <!-- TC03_ASE_Firm_AutoApproval -->
  <testcase name="TC03_ASE_Firm_AutoApproval" time="0.000" classname="com.att.myprice.testcases.TC03_ASE_Firm_AutoApproval">
    <skipped/>
  </testcase> <!-- TC03_ASE_Firm_AutoApproval -->
  <testcase name="TC03_ASE_Firm_AutoApproval" time="0.001" classname="com.att.myprice.testcases.TC03_ASE_Firm_AutoApproval">
    <skipped/>
  </testcase> <!-- TC03_ASE_Firm_AutoApproval -->
  <testcase name="TC03_ASE_Firm_AutoApproval" time="0.001" classname="com.att.myprice.testcases.TC03_ASE_Firm_AutoApproval">
    <skipped/>
  </testcase> <!-- TC03_ASE_Firm_AutoApproval -->
  <testcase name="TC03_ASE_Firm_AutoApproval" time="0.001" classname="com.att.myprice.testcases.TC03_ASE_Firm_AutoApproval">
    <skipped/>
  </testcase> <!-- TC03_ASE_Firm_AutoApproval -->
  <testcase name="TC03_ASE_Firm_AutoApproval" time="0.001" classname="com.att.myprice.testcases.TC03_ASE_Firm_AutoApproval">
    <skipped/>
  </testcase> <!-- TC03_ASE_Firm_AutoApproval -->
  <testcase name="TC03_ASE_Firm_AutoApproval" time="0.001" classname="com.att.myprice.testcases.TC03_ASE_Firm_AutoApproval">
    <skipped/>
  </testcase> <!-- TC03_ASE_Firm_AutoApproval -->
  <testcase name="TC03_ASE_Firm_AutoApproval" time="0.001" classname="com.att.myprice.testcases.TC03_ASE_Firm_AutoApproval">
    <skipped/>
  </testcase> <!-- TC03_ASE_Firm_AutoApproval -->
  <testcase name="TC03_ASE_Firm_AutoApproval" time="0.001" classname="com.att.myprice.testcases.TC03_ASE_Firm_AutoApproval">
    <skipped/>
  </testcase> <!-- TC03_ASE_Firm_AutoApproval -->
  <testcase name="TC03_ASE_Firm_AutoApproval" time="0.000" classname="com.att.myprice.testcases.TC03_ASE_Firm_AutoApproval">
    <skipped/>
  </testcase> <!-- TC03_ASE_Firm_AutoApproval -->
  <testcase name="TC03_ASE_Firm_AutoApproval" time="0.002" classname="com.att.myprice.testcases.TC03_ASE_Firm_AutoApproval">
    <skipped/>
  </testcase> <!-- TC03_ASE_Firm_AutoApproval -->
  <testcase name="TC03_ASE_Firm_AutoApproval" time="0.002" classname="com.att.myprice.testcases.TC03_ASE_Firm_AutoApproval">
    <skipped/>
  </testcase> <!-- TC03_ASE_Firm_AutoApproval -->
  <testcase name="TC03_ASE_Firm_AutoApproval" time="0.003" classname="com.att.myprice.testcases.TC03_ASE_Firm_AutoApproval">
    <skipped/>
  </testcase> <!-- TC03_ASE_Firm_AutoApproval -->
  <testcase name="TC03_ASE_Firm_AutoApproval" time="0.001" classname="com.att.myprice.testcases.TC03_ASE_Firm_AutoApproval">
    <skipped/>
  </testcase> <!-- TC03_ASE_Firm_AutoApproval -->
  <testcase name="TC03_ASE_Firm_AutoApproval" time="0.001" classname="com.att.myprice.testcases.TC03_ASE_Firm_AutoApproval">
    <skipped/>
  </testcase> <!-- TC03_ASE_Firm_AutoApproval -->
  <testcase name="TC03_ASE_Firm_AutoApproval" time="0.000" classname="com.att.myprice.testcases.TC03_ASE_Firm_AutoApproval">
    <skipped/>
  </testcase> <!-- TC03_ASE_Firm_AutoApproval -->
  <testcase name="TC03_ASE_Firm_AutoApproval" time="0.001" classname="com.att.myprice.testcases.TC03_ASE_Firm_AutoApproval">
    <skipped/>
  </testcase> <!-- TC03_ASE_Firm_AutoApproval -->
  <testcase name="TC03_ASE_Firm_AutoApproval" time="0.001" classname="com.att.myprice.testcases.TC03_ASE_Firm_AutoApproval">
    <skipped/>
  </testcase> <!-- TC03_ASE_Firm_AutoApproval -->
  <testcase name="TC03_ASE_Firm_AutoApproval" time="0.000" classname="com.att.myprice.testcases.TC03_ASE_Firm_AutoApproval">
    <skipped/>
  </testcase> <!-- TC03_ASE_Firm_AutoApproval -->
  <testcase name="TC03_ASE_Firm_AutoApproval" time="0.001" classname="com.att.myprice.testcases.TC03_ASE_Firm_AutoApproval">
    <skipped/>
  </testcase> <!-- TC03_ASE_Firm_AutoApproval -->
  <testcase name="TC03_ASE_Firm_AutoApproval" time="0.001" classname="com.att.myprice.testcases.TC03_ASE_Firm_AutoApproval">
    <skipped/>
  </testcase> <!-- TC03_ASE_Firm_AutoApproval -->
  <testcase name="TC03_ASE_Firm_AutoApproval" time="0.001" classname="com.att.myprice.testcases.TC03_ASE_Firm_AutoApproval">
    <skipped/>
  </testcase> <!-- TC03_ASE_Firm_AutoApproval -->
  <testcase name="TC03_ASE_Firm_AutoApproval" time="0.000" classname="com.att.myprice.testcases.TC03_ASE_Firm_AutoApproval">
    <skipped/>
  </testcase> <!-- TC03_ASE_Firm_AutoApproval -->
  <testcase name="TC03_ASE_Firm_AutoApproval" time="0.001" classname="com.att.myprice.testcases.TC03_ASE_Firm_AutoApproval">
    <skipped/>
  </testcase> <!-- TC03_ASE_Firm_AutoApproval -->
  <testcase name="TC03_ASE_Firm_AutoApproval" time="0.000" classname="com.att.myprice.testcases.TC03_ASE_Firm_AutoApproval">
    <skipped/>
  </testcase> <!-- TC03_ASE_Firm_AutoApproval -->
  <testcase name="TC03_ASE_Firm_AutoApproval" time="0.001" classname="com.att.myprice.testcases.TC03_ASE_Firm_AutoApproval">
    <skipped/>
  </testcase> <!-- TC03_ASE_Firm_AutoApproval -->
  <testcase name="TC03_ASE_Firm_AutoApproval" time="0.001" classname="com.att.myprice.testcases.TC03_ASE_Firm_AutoApproval">
    <skipped/>
  </testcase> <!-- TC03_ASE_Firm_AutoApproval -->
  <testcase name="TC03_ASE_Firm_AutoApproval" time="0.001" classname="com.att.myprice.testcases.TC03_ASE_Firm_AutoApproval">
    <skipped/>
  </testcase> <!-- TC03_ASE_Firm_AutoApproval -->
  <testcase name="TC03_ASE_Firm_AutoApproval" time="0.001" classname="com.att.myprice.testcases.TC03_ASE_Firm_AutoApproval">
    <skipped/>
  </testcase> <!-- TC03_ASE_Firm_AutoApproval -->
  <testcase name="TC03_ASE_Firm_AutoApproval" time="0.001" classname="com.att.myprice.testcases.TC03_ASE_Firm_AutoApproval">
    <skipped/>
  </testcase> <!-- TC03_ASE_Firm_AutoApproval -->
  <testcase name="TC03_ASE_Firm_AutoApproval" time="0.001" classname="com.att.myprice.testcases.TC03_ASE_Firm_AutoApproval">
    <skipped/>
  </testcase> <!-- TC03_ASE_Firm_AutoApproval -->
  <testcase name="TC03_ASE_Firm_AutoApproval" time="0.001" classname="com.att.myprice.testcases.TC03_ASE_Firm_AutoApproval">
    <skipped/>
  </testcase> <!-- TC03_ASE_Firm_AutoApproval -->
  <testcase name="TC03_ASE_Firm_AutoApproval" time="0.000" classname="com.att.myprice.testcases.TC03_ASE_Firm_AutoApproval">
    <skipped/>
  </testcase> <!-- TC03_ASE_Firm_AutoApproval -->
  <testcase name="TC03_ASE_Firm_AutoApproval" time="0.001" classname="com.att.myprice.testcases.TC03_ASE_Firm_AutoApproval">
    <skipped/>
  </testcase> <!-- TC03_ASE_Firm_AutoApproval -->
  <testcase name="TC03_ASE_Firm_AutoApproval" time="0.001" classname="com.att.myprice.testcases.TC03_ASE_Firm_AutoApproval">
    <skipped/>
  </testcase> <!-- TC03_ASE_Firm_AutoApproval -->
  <testcase name="TC03_ASE_Firm_AutoApproval" time="0.001" classname="com.att.myprice.testcases.TC03_ASE_Firm_AutoApproval">
    <skipped/>
  </testcase> <!-- TC03_ASE_Firm_AutoApproval -->
  <testcase name="TC03_ASE_Firm_AutoApproval" time="0.001" classname="com.att.myprice.testcases.TC03_ASE_Firm_AutoApproval">
    <skipped/>
  </testcase> <!-- TC03_ASE_Firm_AutoApproval -->
  <testcase name="TC03_ASE_Firm_AutoApproval" time="0.001" classname="com.att.myprice.testcases.TC03_ASE_Firm_AutoApproval">
    <skipped/>
  </testcase> <!-- TC03_ASE_Firm_AutoApproval -->
  <testcase name="TC03_ASE_Firm_AutoApproval" time="0.001" classname="com.att.myprice.testcases.TC03_ASE_Firm_AutoApproval">
    <skipped/>
  </testcase> <!-- TC03_ASE_Firm_AutoApproval -->
  <testcase name="TC03_ASE_Firm_AutoApproval" time="0.002" classname="com.att.myprice.testcases.TC03_ASE_Firm_AutoApproval">
    <skipped/>
  </testcase> <!-- TC03_ASE_Firm_AutoApproval -->
  <testcase name="TC03_ASE_Firm_AutoApproval" time="0.001" classname="com.att.myprice.testcases.TC03_ASE_Firm_AutoApproval">
    <skipped/>
  </testcase> <!-- TC03_ASE_Firm_AutoApproval -->
  <testcase name="TC03_ASE_Firm_AutoApproval" time="0.002" classname="com.att.myprice.testcases.TC03_ASE_Firm_AutoApproval">
    <skipped/>
  </testcase> <!-- TC03_ASE_Firm_AutoApproval -->
  <testcase name="TC03_ASE_Firm_AutoApproval" time="0.000" classname="com.att.myprice.testcases.TC03_ASE_Firm_AutoApproval">
    <skipped/>
  </testcase> <!-- TC03_ASE_Firm_AutoApproval -->
  <testcase name="TC03_ASE_Firm_AutoApproval" time="0.000" classname="com.att.myprice.testcases.TC03_ASE_Firm_AutoApproval">
    <skipped/>
  </testcase> <!-- TC03_ASE_Firm_AutoApproval -->
  <testcase name="TC03_ASE_Firm_AutoApproval" time="0.000" classname="com.att.myprice.testcases.TC03_ASE_Firm_AutoApproval">
    <skipped/>
  </testcase> <!-- TC03_ASE_Firm_AutoApproval -->
  <testcase name="TC03_ASE_Firm_AutoApproval" time="0.001" classname="com.att.myprice.testcases.TC03_ASE_Firm_AutoApproval">
    <skipped/>
  </testcase> <!-- TC03_ASE_Firm_AutoApproval -->
  <testcase name="TC03_ASE_Firm_AutoApproval" time="0.001" classname="com.att.myprice.testcases.TC03_ASE_Firm_AutoApproval">
    <skipped/>
  </testcase> <!-- TC03_ASE_Firm_AutoApproval -->
  <testcase name="TC03_ASE_Firm_AutoApproval" time="0.000" classname="com.att.myprice.testcases.TC03_ASE_Firm_AutoApproval">
    <skipped/>
  </testcase> <!-- TC03_ASE_Firm_AutoApproval -->
  <testcase name="TC03_ASE_Firm_AutoApproval" time="0.001" classname="com.att.myprice.testcases.TC03_ASE_Firm_AutoApproval">
    <skipped/>
  </testcase> <!-- TC03_ASE_Firm_AutoApproval -->
  <testcase name="TC03_ASE_Firm_AutoApproval" time="0.001" classname="com.att.myprice.testcases.TC03_ASE_Firm_AutoApproval">
    <skipped/>
  </testcase> <!-- TC03_ASE_Firm_AutoApproval -->
  <testcase name="TC03_ASE_Firm_AutoApproval" time="0.001" classname="com.att.myprice.testcases.TC03_ASE_Firm_AutoApproval">
    <skipped/>
  </testcase> <!-- TC03_ASE_Firm_AutoApproval -->
  <testcase name="TC03_ASE_Firm_AutoApproval" time="0.001" classname="com.att.myprice.testcases.TC03_ASE_Firm_AutoApproval">
    <skipped/>
  </testcase> <!-- TC03_ASE_Firm_AutoApproval -->
  <testcase name="TC03_ASE_Firm_AutoApproval" time="0.001" classname="com.att.myprice.testcases.TC03_ASE_Firm_AutoApproval">
    <skipped/>
  </testcase> <!-- TC03_ASE_Firm_AutoApproval -->
  <testcase name="TC03_ASE_Firm_AutoApproval" time="0.000" classname="com.att.myprice.testcases.TC03_ASE_Firm_AutoApproval">
    <skipped/>
  </testcase> <!-- TC03_ASE_Firm_AutoApproval -->
  <testcase name="TC03_ASE_Firm_AutoApproval" time="0.001" classname="com.att.myprice.testcases.TC03_ASE_Firm_AutoApproval">
    <skipped/>
  </testcase> <!-- TC03_ASE_Firm_AutoApproval -->
  <testcase name="TC03_ASE_Firm_AutoApproval" time="0.001" classname="com.att.myprice.testcases.TC03_ASE_Firm_AutoApproval">
    <skipped/>
  </testcase> <!-- TC03_ASE_Firm_AutoApproval -->
  <testcase name="TC03_ASE_Firm_AutoApproval" time="0.001" classname="com.att.myprice.testcases.TC03_ASE_Firm_AutoApproval">
    <skipped/>
  </testcase> <!-- TC03_ASE_Firm_AutoApproval -->
  <testcase name="TC03_ASE_Firm_AutoApproval" time="0.001" classname="com.att.myprice.testcases.TC03_ASE_Firm_AutoApproval">
    <skipped/>
  </testcase> <!-- TC03_ASE_Firm_AutoApproval -->
  <testcase name="TC03_ASE_Firm_AutoApproval" time="0.000" classname="com.att.myprice.testcases.TC03_ASE_Firm_AutoApproval">
    <skipped/>
  </testcase> <!-- TC03_ASE_Firm_AutoApproval -->
  <testcase name="TC03_ASE_Firm_AutoApproval" time="0.001" classname="com.att.myprice.testcases.TC03_ASE_Firm_AutoApproval">
    <skipped/>
  </testcase> <!-- TC03_ASE_Firm_AutoApproval -->
  <testcase name="TC03_ASE_Firm_AutoApproval" time="0.001" classname="com.att.myprice.testcases.TC03_ASE_Firm_AutoApproval">
    <skipped/>
  </testcase> <!-- TC03_ASE_Firm_AutoApproval -->
  <testcase name="TC03_ASE_Firm_AutoApproval" time="0.002" classname="com.att.myprice.testcases.TC03_ASE_Firm_AutoApproval">
    <skipped/>
  </testcase> <!-- TC03_ASE_Firm_AutoApproval -->
  <testcase name="TC03_ASE_Firm_AutoApproval" time="0.001" classname="com.att.myprice.testcases.TC03_ASE_Firm_AutoApproval">
    <skipped/>
  </testcase> <!-- TC03_ASE_Firm_AutoApproval -->
  <testcase name="TC03_ASE_Firm_AutoApproval" time="0.001" classname="com.att.myprice.testcases.TC03_ASE_Firm_AutoApproval">
    <skipped/>
  </testcase> <!-- TC03_ASE_Firm_AutoApproval -->
  <testcase name="TC03_ASE_Firm_AutoApproval" time="0.001" classname="com.att.myprice.testcases.TC03_ASE_Firm_AutoApproval">
    <skipped/>
  </testcase> <!-- TC03_ASE_Firm_AutoApproval -->
  <testcase name="TC03_ASE_Firm_AutoApproval" time="0.001" classname="com.att.myprice.testcases.TC03_ASE_Firm_AutoApproval">
    <skipped/>
  </testcase> <!-- TC03_ASE_Firm_AutoApproval -->
  <testcase name="TC03_ASE_Firm_AutoApproval" time="0.000" classname="com.att.myprice.testcases.TC03_ASE_Firm_AutoApproval">
    <skipped/>
  </testcase> <!-- TC03_ASE_Firm_AutoApproval -->
  <testcase name="TC03_ASE_Firm_AutoApproval" time="0.001" classname="com.att.myprice.testcases.TC03_ASE_Firm_AutoApproval">
    <skipped/>
  </testcase> <!-- TC03_ASE_Firm_AutoApproval -->
  <testcase name="TC03_ASE_Firm_AutoApproval" time="0.001" classname="com.att.myprice.testcases.TC03_ASE_Firm_AutoApproval">
    <skipped/>
  </testcase> <!-- TC03_ASE_Firm_AutoApproval -->
  <testcase name="TC03_ASE_Firm_AutoApproval" time="0.001" classname="com.att.myprice.testcases.TC03_ASE_Firm_AutoApproval">
    <skipped/>
  </testcase> <!-- TC03_ASE_Firm_AutoApproval -->
  <testcase name="TC03_ASE_Firm_AutoApproval" time="0.001" classname="com.att.myprice.testcases.TC03_ASE_Firm_AutoApproval">
    <skipped/>
  </testcase> <!-- TC03_ASE_Firm_AutoApproval -->
  <testcase name="TC03_ASE_Firm_AutoApproval" time="0.000" classname="com.att.myprice.testcases.TC03_ASE_Firm_AutoApproval">
    <skipped/>
  </testcase> <!-- TC03_ASE_Firm_AutoApproval -->
  <testcase name="TC03_ASE_Firm_AutoApproval" time="0.001" classname="com.att.myprice.testcases.TC03_ASE_Firm_AutoApproval">
    <skipped/>
  </testcase> <!-- TC03_ASE_Firm_AutoApproval -->
  <testcase name="TC03_ASE_Firm_AutoApproval" time="0.001" classname="com.att.myprice.testcases.TC03_ASE_Firm_AutoApproval">
    <skipped/>
  </testcase> <!-- TC03_ASE_Firm_AutoApproval -->
  <testcase name="TC03_ASE_Firm_AutoApproval" time="0.001" classname="com.att.myprice.testcases.TC03_ASE_Firm_AutoApproval">
    <skipped/>
  </testcase> <!-- TC03_ASE_Firm_AutoApproval -->
  <testcase name="TC03_ASE_Firm_AutoApproval" time="0.000" classname="com.att.myprice.testcases.TC03_ASE_Firm_AutoApproval">
    <skipped/>
  </testcase> <!-- TC03_ASE_Firm_AutoApproval -->
  <testcase name="TC03_ASE_Firm_AutoApproval" time="0.001" classname="com.att.myprice.testcases.TC03_ASE_Firm_AutoApproval">
    <skipped/>
  </testcase> <!-- TC03_ASE_Firm_AutoApproval -->
  <testcase name="TC03_ASE_Firm_AutoApproval" time="0.003" classname="com.att.myprice.testcases.TC03_ASE_Firm_AutoApproval">
    <skipped/>
  </testcase> <!-- TC03_ASE_Firm_AutoApproval -->
  <testcase name="TC03_ASE_Firm_AutoApproval" time="0.000" classname="com.att.myprice.testcases.TC03_ASE_Firm_AutoApproval">
    <skipped/>
  </testcase> <!-- TC03_ASE_Firm_AutoApproval -->
  <testcase name="TC03_ASE_Firm_AutoApproval" time="0.000" classname="com.att.myprice.testcases.TC03_ASE_Firm_AutoApproval">
    <skipped/>
  </testcase> <!-- TC03_ASE_Firm_AutoApproval -->
  <testcase name="TC03_ASE_Firm_AutoApproval" time="0.000" classname="com.att.myprice.testcases.TC03_ASE_Firm_AutoApproval">
    <skipped/>
  </testcase> <!-- TC03_ASE_Firm_AutoApproval -->
  <testcase name="TC03_ASE_Firm_AutoApproval" time="0.009" classname="com.att.myprice.testcases.TC03_ASE_Firm_AutoApproval">
    <skipped/>
  </testcase> <!-- TC03_ASE_Firm_AutoApproval -->
  <testcase name="TC03_ASE_Firm_AutoApproval" time="0.001" classname="com.att.myprice.testcases.TC03_ASE_Firm_AutoApproval">
    <skipped/>
  </testcase> <!-- TC03_ASE_Firm_AutoApproval -->
  <testcase name="TC03_ASE_Firm_AutoApproval" time="0.001" classname="com.att.myprice.testcases.TC03_ASE_Firm_AutoApproval">
    <skipped/>
  </testcase> <!-- TC03_ASE_Firm_AutoApproval -->
  <testcase name="TC03_ASE_Firm_AutoApproval" time="0.001" classname="com.att.myprice.testcases.TC03_ASE_Firm_AutoApproval">
    <skipped/>
  </testcase> <!-- TC03_ASE_Firm_AutoApproval -->
  <testcase name="TC03_ASE_Firm_AutoApproval" time="0.002" classname="com.att.myprice.testcases.TC03_ASE_Firm_AutoApproval">
    <skipped/>
  </testcase> <!-- TC03_ASE_Firm_AutoApproval -->
  <testcase name="TC03_ASE_Firm_AutoApproval" time="0.001" classname="com.att.myprice.testcases.TC03_ASE_Firm_AutoApproval">
    <skipped/>
  </testcase> <!-- TC03_ASE_Firm_AutoApproval -->
  <testcase name="TC03_ASE_Firm_AutoApproval" time="0.001" classname="com.att.myprice.testcases.TC03_ASE_Firm_AutoApproval">
    <skipped/>
  </testcase> <!-- TC03_ASE_Firm_AutoApproval -->
  <testcase name="TC03_ASE_Firm_AutoApproval" time="0.001" classname="com.att.myprice.testcases.TC03_ASE_Firm_AutoApproval">
    <skipped/>
  </testcase> <!-- TC03_ASE_Firm_AutoApproval -->
  <testcase name="TC03_ASE_Firm_AutoApproval" time="0.001" classname="com.att.myprice.testcases.TC03_ASE_Firm_AutoApproval">
    <skipped/>
  </testcase> <!-- TC03_ASE_Firm_AutoApproval -->
  <testcase name="TC03_ASE_Firm_AutoApproval" time="0.001" classname="com.att.myprice.testcases.TC03_ASE_Firm_AutoApproval">
    <skipped/>
  </testcase> <!-- TC03_ASE_Firm_AutoApproval -->
  <testcase name="TC03_ASE_Firm_AutoApproval" time="0.001" classname="com.att.myprice.testcases.TC03_ASE_Firm_AutoApproval">
    <skipped/>
  </testcase> <!-- TC03_ASE_Firm_AutoApproval -->
  <testcase name="TC03_ASE_Firm_AutoApproval" time="0.001" classname="com.att.myprice.testcases.TC03_ASE_Firm_AutoApproval">
    <skipped/>
  </testcase> <!-- TC03_ASE_Firm_AutoApproval -->
  <testcase name="TC03_ASE_Firm_AutoApproval" time="0.001" classname="com.att.myprice.testcases.TC03_ASE_Firm_AutoApproval">
    <skipped/>
  </testcase> <!-- TC03_ASE_Firm_AutoApproval -->
  <testcase name="TC03_ASE_Firm_AutoApproval" time="0.001" classname="com.att.myprice.testcases.TC03_ASE_Firm_AutoApproval">
    <skipped/>
  </testcase> <!-- TC03_ASE_Firm_AutoApproval -->
  <testcase name="TC03_ASE_Firm_AutoApproval" time="0.001" classname="com.att.myprice.testcases.TC03_ASE_Firm_AutoApproval">
    <skipped/>
  </testcase> <!-- TC03_ASE_Firm_AutoApproval -->
  <testcase name="TC03_ASE_Firm_AutoApproval" time="0.001" classname="com.att.myprice.testcases.TC03_ASE_Firm_AutoApproval">
    <skipped/>
  </testcase> <!-- TC03_ASE_Firm_AutoApproval -->
  <testcase name="TC03_ASE_Firm_AutoApproval" time="0.001" classname="com.att.myprice.testcases.TC03_ASE_Firm_AutoApproval">
    <skipped/>
  </testcase> <!-- TC03_ASE_Firm_AutoApproval -->
  <testcase name="TC03_ASE_Firm_AutoApproval" time="0.001" classname="com.att.myprice.testcases.TC03_ASE_Firm_AutoApproval">
    <skipped/>
  </testcase> <!-- TC03_ASE_Firm_AutoApproval -->
  <testcase name="TC03_ASE_Firm_AutoApproval" time="0.001" classname="com.att.myprice.testcases.TC03_ASE_Firm_AutoApproval">
    <skipped/>
  </testcase> <!-- TC03_ASE_Firm_AutoApproval -->
  <testcase name="TC03_ASE_Firm_AutoApproval" time="0.000" classname="com.att.myprice.testcases.TC03_ASE_Firm_AutoApproval">
    <skipped/>
  </testcase> <!-- TC03_ASE_Firm_AutoApproval -->
  <testcase name="TC03_ASE_Firm_AutoApproval" time="0.000" classname="com.att.myprice.testcases.TC03_ASE_Firm_AutoApproval">
    <skipped/>
  </testcase> <!-- TC03_ASE_Firm_AutoApproval -->
  <testcase name="TC03_ASE_Firm_AutoApproval" time="0.001" classname="com.att.myprice.testcases.TC03_ASE_Firm_AutoApproval">
    <skipped/>
  </testcase> <!-- TC03_ASE_Firm_AutoApproval -->
  <testcase name="TC03_ASE_Firm_AutoApproval" time="0.001" classname="com.att.myprice.testcases.TC03_ASE_Firm_AutoApproval">
    <skipped/>
  </testcase> <!-- TC03_ASE_Firm_AutoApproval -->
  <testcase name="TC03_ASE_Firm_AutoApproval" time="0.000" classname="com.att.myprice.testcases.TC03_ASE_Firm_AutoApproval">
    <skipped/>
  </testcase> <!-- TC03_ASE_Firm_AutoApproval -->
  <testcase name="TC03_ASE_Firm_AutoApproval" time="0.001" classname="com.att.myprice.testcases.TC03_ASE_Firm_AutoApproval">
    <skipped/>
  </testcase> <!-- TC03_ASE_Firm_AutoApproval -->
  <testcase name="TC03_ASE_Firm_AutoApproval" time="0.001" classname="com.att.myprice.testcases.TC03_ASE_Firm_AutoApproval">
    <skipped/>
  </testcase> <!-- TC03_ASE_Firm_AutoApproval -->
  <testcase name="TC03_ASE_Firm_AutoApproval" time="0.001" classname="com.att.myprice.testcases.TC03_ASE_Firm_AutoApproval">
    <skipped/>
  </testcase> <!-- TC03_ASE_Firm_AutoApproval -->
  <testcase name="TC03_ASE_Firm_AutoApproval" time="0.001" classname="com.att.myprice.testcases.TC03_ASE_Firm_AutoApproval">
    <skipped/>
  </testcase> <!-- TC03_ASE_Firm_AutoApproval -->
  <testcase name="TC03_ASE_Firm_AutoApproval" time="0.001" classname="com.att.myprice.testcases.TC03_ASE_Firm_AutoApproval">
    <skipped/>
  </testcase> <!-- TC03_ASE_Firm_AutoApproval -->
  <testcase name="TC03_ASE_Firm_AutoApproval" time="0.002" classname="com.att.myprice.testcases.TC03_ASE_Firm_AutoApproval">
    <skipped/>
  </testcase> <!-- TC03_ASE_Firm_AutoApproval -->
  <testcase name="TC03_ASE_Firm_AutoApproval" time="0.001" classname="com.att.myprice.testcases.TC03_ASE_Firm_AutoApproval">
    <skipped/>
  </testcase> <!-- TC03_ASE_Firm_AutoApproval -->
  <testcase name="TC03_ASE_Firm_AutoApproval" time="0.001" classname="com.att.myprice.testcases.TC03_ASE_Firm_AutoApproval">
    <skipped/>
  </testcase> <!-- TC03_ASE_Firm_AutoApproval -->
  <testcase name="TC03_ASE_Firm_AutoApproval" time="0.001" classname="com.att.myprice.testcases.TC03_ASE_Firm_AutoApproval">
    <skipped/>
  </testcase> <!-- TC03_ASE_Firm_AutoApproval -->
  <testcase name="TC03_ASE_Firm_AutoApproval" time="0.001" classname="com.att.myprice.testcases.TC03_ASE_Firm_AutoApproval">
    <skipped/>
  </testcase> <!-- TC03_ASE_Firm_AutoApproval -->
  <testcase name="TC03_ASE_Firm_AutoApproval" time="0.001" classname="com.att.myprice.testcases.TC03_ASE_Firm_AutoApproval">
    <skipped/>
  </testcase> <!-- TC03_ASE_Firm_AutoApproval -->
  <testcase name="TC03_ASE_Firm_AutoApproval" time="0.001" classname="com.att.myprice.testcases.TC03_ASE_Firm_AutoApproval">
    <skipped/>
  </testcase> <!-- TC03_ASE_Firm_AutoApproval -->
  <testcase name="TC03_ASE_Firm_AutoApproval" time="0.000" classname="com.att.myprice.testcases.TC03_ASE_Firm_AutoApproval">
    <skipped/>
  </testcase> <!-- TC03_ASE_Firm_AutoApproval -->
  <testcase name="TC03_ASE_Firm_AutoApproval" time="0.001" classname="com.att.myprice.testcases.TC03_ASE_Firm_AutoApproval">
    <skipped/>
  </testcase> <!-- TC03_ASE_Firm_AutoApproval -->
  <testcase name="TC03_ASE_Firm_AutoApproval" time="0.001" classname="com.att.myprice.testcases.TC03_ASE_Firm_AutoApproval">
    <skipped/>
  </testcase> <!-- TC03_ASE_Firm_AutoApproval -->
  <testcase name="TC03_ASE_Firm_AutoApproval" time="0.001" classname="com.att.myprice.testcases.TC03_ASE_Firm_AutoApproval">
    <skipped/>
  </testcase> <!-- TC03_ASE_Firm_AutoApproval -->
  <testcase name="TC03_ASE_Firm_AutoApproval" time="0.001" classname="com.att.myprice.testcases.TC03_ASE_Firm_AutoApproval">
    <skipped/>
  </testcase> <!-- TC03_ASE_Firm_AutoApproval -->
  <testcase name="TC03_ASE_Firm_AutoApproval" time="0.000" classname="com.att.myprice.testcases.TC03_ASE_Firm_AutoApproval">
    <skipped/>
  </testcase> <!-- TC03_ASE_Firm_AutoApproval -->
  <testcase name="TC03_ASE_Firm_AutoApproval" time="0.000" classname="com.att.myprice.testcases.TC03_ASE_Firm_AutoApproval">
    <skipped/>
  </testcase> <!-- TC03_ASE_Firm_AutoApproval -->
  <testcase name="TC03_ASE_Firm_AutoApproval" time="0.001" classname="com.att.myprice.testcases.TC03_ASE_Firm_AutoApproval">
    <skipped/>
  </testcase> <!-- TC03_ASE_Firm_AutoApproval -->
  <testcase name="TC03_ASE_Firm_AutoApproval" time="0.001" classname="com.att.myprice.testcases.TC03_ASE_Firm_AutoApproval">
    <skipped/>
  </testcase> <!-- TC03_ASE_Firm_AutoApproval -->
  <testcase name="TC03_ASE_Firm_AutoApproval" time="0.000" classname="com.att.myprice.testcases.TC03_ASE_Firm_AutoApproval">
    <skipped/>
  </testcase> <!-- TC03_ASE_Firm_AutoApproval -->
  <testcase name="TC03_ASE_Firm_AutoApproval" time="0.007" classname="com.att.myprice.testcases.TC03_ASE_Firm_AutoApproval">
    <skipped/>
  </testcase> <!-- TC03_ASE_Firm_AutoApproval -->
  <testcase name="TC03_ASE_Firm_AutoApproval" time="0.002" classname="com.att.myprice.testcases.TC03_ASE_Firm_AutoApproval">
    <skipped/>
  </testcase> <!-- TC03_ASE_Firm_AutoApproval -->
  <testcase name="TC03_ASE_Firm_AutoApproval" time="0.001" classname="com.att.myprice.testcases.TC03_ASE_Firm_AutoApproval">
    <skipped/>
  </testcase> <!-- TC03_ASE_Firm_AutoApproval -->
  <testcase name="TC03_ASE_Firm_AutoApproval" time="0.001" classname="com.att.myprice.testcases.TC03_ASE_Firm_AutoApproval">
    <skipped/>
  </testcase> <!-- TC03_ASE_Firm_AutoApproval -->
  <testcase name="TC03_ASE_Firm_AutoApproval" time="0.000" classname="com.att.myprice.testcases.TC03_ASE_Firm_AutoApproval">
    <skipped/>
  </testcase> <!-- TC03_ASE_Firm_AutoApproval -->
  <testcase name="TC03_ASE_Firm_AutoApproval" time="0.001" classname="com.att.myprice.testcases.TC03_ASE_Firm_AutoApproval">
    <skipped/>
  </testcase> <!-- TC03_ASE_Firm_AutoApproval -->
  <testcase name="TC03_ASE_Firm_AutoApproval" time="0.003" classname="com.att.myprice.testcases.TC03_ASE_Firm_AutoApproval">
    <skipped/>
  </testcase> <!-- TC03_ASE_Firm_AutoApproval -->
  <testcase name="TC03_ASE_Firm_AutoApproval" time="0.002" classname="com.att.myprice.testcases.TC03_ASE_Firm_AutoApproval">
    <skipped/>
  </testcase> <!-- TC03_ASE_Firm_AutoApproval -->
  <testcase name="TC03_ASE_Firm_AutoApproval" time="0.001" classname="com.att.myprice.testcases.TC03_ASE_Firm_AutoApproval">
    <skipped/>
  </testcase> <!-- TC03_ASE_Firm_AutoApproval -->
  <testcase name="TC03_ASE_Firm_AutoApproval" time="0.001" classname="com.att.myprice.testcases.TC03_ASE_Firm_AutoApproval">
    <skipped/>
  </testcase> <!-- TC03_ASE_Firm_AutoApproval -->
  <testcase name="TC03_ASE_Firm_AutoApproval" time="0.000" classname="com.att.myprice.testcases.TC03_ASE_Firm_AutoApproval">
    <skipped/>
  </testcase> <!-- TC03_ASE_Firm_AutoApproval -->
  <testcase name="TC03_ASE_Firm_AutoApproval" time="0.001" classname="com.att.myprice.testcases.TC03_ASE_Firm_AutoApproval">
    <skipped/>
  </testcase> <!-- TC03_ASE_Firm_AutoApproval -->
  <testcase name="TC03_ASE_Firm_AutoApproval" time="0.001" classname="com.att.myprice.testcases.TC03_ASE_Firm_AutoApproval">
    <skipped/>
  </testcase> <!-- TC03_ASE_Firm_AutoApproval -->
  <testcase name="TC03_ASE_Firm_AutoApproval" time="0.001" classname="com.att.myprice.testcases.TC03_ASE_Firm_AutoApproval">
    <skipped/>
  </testcase> <!-- TC03_ASE_Firm_AutoApproval -->
  <testcase name="TC03_ASE_Firm_AutoApproval" time="0.001" classname="com.att.myprice.testcases.TC03_ASE_Firm_AutoApproval">
    <skipped/>
  </testcase> <!-- TC03_ASE_Firm_AutoApproval -->
  <testcase name="TC03_ASE_Firm_AutoApproval" time="0.000" classname="com.att.myprice.testcases.TC03_ASE_Firm_AutoApproval">
    <skipped/>
  </testcase> <!-- TC03_ASE_Firm_AutoApproval -->
  <testcase name="TC03_ASE_Firm_AutoApproval" time="11.749" classname="com.att.myprice.testcases.TC03_ASE_Firm_AutoApproval">
    <error type="java.lang.NullPointerException">
      <![CDATA[java.lang.NullPointerException
	at com.att.myprice.testcases.TC03_ASE_Firm_AutoApproval.TC03_ASE_Firm_AutoApproval(TC03_ASE_Firm_AutoApproval.java:57)
	at sun.reflect.NativeMethodAccessorImpl.invoke0(Native Method)
	at sun.reflect.NativeMethodAccessorImpl.invoke(Unknown Source)
	at sun.reflect.DelegatingMethodAccessorImpl.invoke(Unknown Source)
	at java.lang.reflect.Method.invoke(Unknown Source)
	at org.testng.internal.MethodInvocationHelper.invokeMethod(MethodInvocationHelper.java:108)
	at org.testng.internal.Invoker.invokeMethod(Invoker.java:661)
	at org.testng.internal.Invoker.retryFailed(Invoker.java:1014)
	at org.testng.internal.Invoker.invokeTestMethods(Invoker.java:1215)
	at org.testng.internal.TestMethodWorker.invokeTestMethods(TestMethodWorker.java:126)
	at org.testng.internal.TestMethodWorker.run(TestMethodWorker.java:109)
	at org.testng.TestRunner.privateRun(TestRunner.java:744)
	at org.testng.TestRunner.run(TestRunner.java:602)
	at org.testng.SuiteRunner.runTest(SuiteRunner.java:380)
	at org.testng.SuiteRunner.runSequentially(SuiteRunner.java:375)
	at org.testng.SuiteRunner.privateRun(SuiteRunner.java:340)
	at org.testng.SuiteRunner.run(SuiteRunner.java:289)
	at org.testng.SuiteRunnerWorker.runSuite(SuiteRunnerWorker.java:52)
	at org.testng.SuiteRunnerWorker.run(SuiteRunnerWorker.java:86)
	at org.testng.TestNG.runSuitesSequentially(TestNG.java:1301)
	at org.testng.TestNG.runSuitesLocally(TestNG.java:1226)
	at org.testng.TestNG.runSuites(TestNG.java:1144)
	at org.testng.TestNG.run(TestNG.java:1115)
	at org.testng.remote.AbstractRemoteTestNG.run(AbstractRemoteTestNG.java:114)
	at org.testng.remote.RemoteTestNG.initAndRun(RemoteTestNG.java:251)
	at org.testng.remote.RemoteTestNG.main(RemoteTestNG.java:77)
]]>
    </error>
  </testcase> <!-- TC03_ASE_Firm_AutoApproval -->
  <testcase name="TC03_ASE_Firm_AutoApproval" time="0.001" classname="com.att.myprice.testcases.TC03_ASE_Firm_AutoApproval">
    <skipped/>
  </testcase> <!-- TC03_ASE_Firm_AutoApproval -->
  <testcase name="TC03_ASE_Firm_AutoApproval" time="0.001" classname="com.att.myprice.testcases.TC03_ASE_Firm_AutoApproval">
    <skipped/>
  </testcase> <!-- TC03_ASE_Firm_AutoApproval -->
  <testcase name="TC03_ASE_Firm_AutoApproval" time="0.001" classname="com.att.myprice.testcases.TC03_ASE_Firm_AutoApproval">
    <skipped/>
  </testcase> <!-- TC03_ASE_Firm_AutoApproval -->
  <testcase name="TC03_ASE_Firm_AutoApproval" time="0.001" classname="com.att.myprice.testcases.TC03_ASE_Firm_AutoApproval">
    <skipped/>
  </testcase> <!-- TC03_ASE_Firm_AutoApproval -->
  <testcase name="TC03_ASE_Firm_AutoApproval" time="0.001" classname="com.att.myprice.testcases.TC03_ASE_Firm_AutoApproval">
    <skipped/>
  </testcase> <!-- TC03_ASE_Firm_AutoApproval -->
  <testcase name="TC03_ASE_Firm_AutoApproval" time="0.001" classname="com.att.myprice.testcases.TC03_ASE_Firm_AutoApproval">
    <skipped/>
  </testcase> <!-- TC03_ASE_Firm_AutoApproval -->
  <testcase name="TC03_ASE_Firm_AutoApproval" time="0.001" classname="com.att.myprice.testcases.TC03_ASE_Firm_AutoApproval">
    <skipped/>
  </testcase> <!-- TC03_ASE_Firm_AutoApproval -->
  <testcase name="TC03_ASE_Firm_AutoApproval" time="0.001" classname="com.att.myprice.testcases.TC03_ASE_Firm_AutoApproval">
    <skipped/>
  </testcase> <!-- TC03_ASE_Firm_AutoApproval -->
  <testcase name="TC03_ASE_Firm_AutoApproval" time="0.001" classname="com.att.myprice.testcases.TC03_ASE_Firm_AutoApproval">
    <skipped/>
  </testcase> <!-- TC03_ASE_Firm_AutoApproval -->
  <testcase name="TC03_ASE_Firm_AutoApproval" time="0.000" classname="com.att.myprice.testcases.TC03_ASE_Firm_AutoApproval">
    <skipped/>
  </testcase> <!-- TC03_ASE_Firm_AutoApproval -->
  <testcase name="TC03_ASE_Firm_AutoApproval" time="0.001" classname="com.att.myprice.testcases.TC03_ASE_Firm_AutoApproval">
    <skipped/>
  </testcase> <!-- TC03_ASE_Firm_AutoApproval -->
  <testcase name="TC03_ASE_Firm_AutoApproval" time="0.001" classname="com.att.myprice.testcases.TC03_ASE_Firm_AutoApproval">
    <skipped/>
  </testcase> <!-- TC03_ASE_Firm_AutoApproval -->
  <testcase name="TC03_ASE_Firm_AutoApproval" time="0.002" classname="com.att.myprice.testcases.TC03_ASE_Firm_AutoApproval">
    <skipped/>
  </testcase> <!-- TC03_ASE_Firm_AutoApproval -->
  <testcase name="TC03_ASE_Firm_AutoApproval" time="0.001" classname="com.att.myprice.testcases.TC03_ASE_Firm_AutoApproval">
    <skipped/>
  </testcase> <!-- TC03_ASE_Firm_AutoApproval -->
  <testcase name="TC03_ASE_Firm_AutoApproval" time="0.002" classname="com.att.myprice.testcases.TC03_ASE_Firm_AutoApproval">
    <skipped/>
  </testcase> <!-- TC03_ASE_Firm_AutoApproval -->
  <testcase name="TC03_ASE_Firm_AutoApproval" time="0.001" classname="com.att.myprice.testcases.TC03_ASE_Firm_AutoApproval">
    <skipped/>
  </testcase> <!-- TC03_ASE_Firm_AutoApproval -->
  <testcase name="TC03_ASE_Firm_AutoApproval" time="0.001" classname="com.att.myprice.testcases.TC03_ASE_Firm_AutoApproval">
    <skipped/>
  </testcase> <!-- TC03_ASE_Firm_AutoApproval -->
  <testcase name="TC03_ASE_Firm_AutoApproval" time="0.001" classname="com.att.myprice.testcases.TC03_ASE_Firm_AutoApproval">
    <skipped/>
  </testcase> <!-- TC03_ASE_Firm_AutoApproval -->
  <testcase name="TC03_ASE_Firm_AutoApproval" time="0.001" classname="com.att.myprice.testcases.TC03_ASE_Firm_AutoApproval">
    <skipped/>
  </testcase> <!-- TC03_ASE_Firm_AutoApproval -->
  <testcase name="TC03_ASE_Firm_AutoApproval" time="0.001" classname="com.att.myprice.testcases.TC03_ASE_Firm_AutoApproval">
    <skipped/>
  </testcase> <!-- TC03_ASE_Firm_AutoApproval -->
  <testcase name="TC03_ASE_Firm_AutoApproval" time="0.001" classname="com.att.myprice.testcases.TC03_ASE_Firm_AutoApproval">
    <skipped/>
  </testcase> <!-- TC03_ASE_Firm_AutoApproval -->
  <testcase name="TC03_ASE_Firm_AutoApproval" time="0.001" classname="com.att.myprice.testcases.TC03_ASE_Firm_AutoApproval">
    <skipped/>
  </testcase> <!-- TC03_ASE_Firm_AutoApproval -->
  <testcase name="TC03_ASE_Firm_AutoApproval" time="0.001" classname="com.att.myprice.testcases.TC03_ASE_Firm_AutoApproval">
    <skipped/>
  </testcase> <!-- TC03_ASE_Firm_AutoApproval -->
  <testcase name="TC03_ASE_Firm_AutoApproval" time="0.001" classname="com.att.myprice.testcases.TC03_ASE_Firm_AutoApproval">
    <skipped/>
  </testcase> <!-- TC03_ASE_Firm_AutoApproval -->
  <testcase name="TC03_ASE_Firm_AutoApproval" time="0.021" classname="com.att.myprice.testcases.TC03_ASE_Firm_AutoApproval">
    <skipped/>
  </testcase> <!-- TC03_ASE_Firm_AutoApproval -->
  <testcase name="TC03_ASE_Firm_AutoApproval" time="0.000" classname="com.att.myprice.testcases.TC03_ASE_Firm_AutoApproval">
    <skipped/>
  </testcase> <!-- TC03_ASE_Firm_AutoApproval -->
  <testcase name="TC03_ASE_Firm_AutoApproval" time="0.000" classname="com.att.myprice.testcases.TC03_ASE_Firm_AutoApproval">
    <skipped/>
  </testcase> <!-- TC03_ASE_Firm_AutoApproval -->
  <testcase name="TC03_ASE_Firm_AutoApproval" time="0.000" classname="com.att.myprice.testcases.TC03_ASE_Firm_AutoApproval">
    <skipped/>
  </testcase> <!-- TC03_ASE_Firm_AutoApproval -->
  <testcase name="TC03_ASE_Firm_AutoApproval" time="0.001" classname="com.att.myprice.testcases.TC03_ASE_Firm_AutoApproval">
    <skipped/>
  </testcase> <!-- TC03_ASE_Firm_AutoApproval -->
  <testcase name="TC03_ASE_Firm_AutoApproval" time="0.002" classname="com.att.myprice.testcases.TC03_ASE_Firm_AutoApproval">
    <skipped/>
  </testcase> <!-- TC03_ASE_Firm_AutoApproval -->
  <testcase name="TC03_ASE_Firm_AutoApproval" time="0.001" classname="com.att.myprice.testcases.TC03_ASE_Firm_AutoApproval">
    <skipped/>
  </testcase> <!-- TC03_ASE_Firm_AutoApproval -->
  <testcase name="TC03_ASE_Firm_AutoApproval" time="0.000" classname="com.att.myprice.testcases.TC03_ASE_Firm_AutoApproval">
    <skipped/>
  </testcase> <!-- TC03_ASE_Firm_AutoApproval -->
  <testcase name="TC03_ASE_Firm_AutoApproval" time="0.001" classname="com.att.myprice.testcases.TC03_ASE_Firm_AutoApproval">
    <skipped/>
  </testcase> <!-- TC03_ASE_Firm_AutoApproval -->
  <testcase name="TC03_ASE_Firm_AutoApproval" time="0.002" classname="com.att.myprice.testcases.TC03_ASE_Firm_AutoApproval">
    <skipped/>
  </testcase> <!-- TC03_ASE_Firm_AutoApproval -->
  <testcase name="TC03_ASE_Firm_AutoApproval" time="0.000" classname="com.att.myprice.testcases.TC03_ASE_Firm_AutoApproval">
    <skipped/>
  </testcase> <!-- TC03_ASE_Firm_AutoApproval -->
  <testcase name="TC03_ASE_Firm_AutoApproval" time="0.002" classname="com.att.myprice.testcases.TC03_ASE_Firm_AutoApproval">
    <skipped/>
  </testcase> <!-- TC03_ASE_Firm_AutoApproval -->
  <testcase name="TC03_ASE_Firm_AutoApproval" time="0.002" classname="com.att.myprice.testcases.TC03_ASE_Firm_AutoApproval">
    <skipped/>
  </testcase> <!-- TC03_ASE_Firm_AutoApproval -->
  <testcase name="TC03_ASE_Firm_AutoApproval" time="0.001" classname="com.att.myprice.testcases.TC03_ASE_Firm_AutoApproval">
    <skipped/>
  </testcase> <!-- TC03_ASE_Firm_AutoApproval -->
  <testcase name="TC03_ASE_Firm_AutoApproval" time="0.001" classname="com.att.myprice.testcases.TC03_ASE_Firm_AutoApproval">
    <skipped/>
  </testcase> <!-- TC03_ASE_Firm_AutoApproval -->
  <testcase name="TC03_ASE_Firm_AutoApproval" time="0.002" classname="com.att.myprice.testcases.TC03_ASE_Firm_AutoApproval">
    <skipped/>
  </testcase> <!-- TC03_ASE_Firm_AutoApproval -->
  <testcase name="TC03_ASE_Firm_AutoApproval" time="0.001" classname="com.att.myprice.testcases.TC03_ASE_Firm_AutoApproval">
    <skipped/>
  </testcase> <!-- TC03_ASE_Firm_AutoApproval -->
  <testcase name="TC03_ASE_Firm_AutoApproval" time="0.000" classname="com.att.myprice.testcases.TC03_ASE_Firm_AutoApproval">
    <skipped/>
  </testcase> <!-- TC03_ASE_Firm_AutoApproval -->
  <testcase name="TC03_ASE_Firm_AutoApproval" time="0.001" classname="com.att.myprice.testcases.TC03_ASE_Firm_AutoApproval">
    <skipped/>
  </testcase> <!-- TC03_ASE_Firm_AutoApproval -->
  <testcase name="TC03_ASE_Firm_AutoApproval" time="0.001" classname="com.att.myprice.testcases.TC03_ASE_Firm_AutoApproval">
    <skipped/>
  </testcase> <!-- TC03_ASE_Firm_AutoApproval -->
  <testcase name="TC03_ASE_Firm_AutoApproval" time="0.001" classname="com.att.myprice.testcases.TC03_ASE_Firm_AutoApproval">
    <skipped/>
  </testcase> <!-- TC03_ASE_Firm_AutoApproval -->
  <testcase name="TC03_ASE_Firm_AutoApproval" time="0.000" classname="com.att.myprice.testcases.TC03_ASE_Firm_AutoApproval">
    <skipped/>
  </testcase> <!-- TC03_ASE_Firm_AutoApproval -->
  <testcase name="TC03_ASE_Firm_AutoApproval" time="0.001" classname="com.att.myprice.testcases.TC03_ASE_Firm_AutoApproval">
    <skipped/>
  </testcase> <!-- TC03_ASE_Firm_AutoApproval -->
  <testcase name="TC03_ASE_Firm_AutoApproval" time="0.000" classname="com.att.myprice.testcases.TC03_ASE_Firm_AutoApproval">
    <skipped/>
  </testcase> <!-- TC03_ASE_Firm_AutoApproval -->
  <testcase name="TC03_ASE_Firm_AutoApproval" time="0.001" classname="com.att.myprice.testcases.TC03_ASE_Firm_AutoApproval">
    <skipped/>
  </testcase> <!-- TC03_ASE_Firm_AutoApproval -->
  <testcase name="TC03_ASE_Firm_AutoApproval" time="0.001" classname="com.att.myprice.testcases.TC03_ASE_Firm_AutoApproval">
    <skipped/>
  </testcase> <!-- TC03_ASE_Firm_AutoApproval -->
  <testcase name="TC03_ASE_Firm_AutoApproval" time="0.001" classname="com.att.myprice.testcases.TC03_ASE_Firm_AutoApproval">
    <skipped/>
  </testcase> <!-- TC03_ASE_Firm_AutoApproval -->
  <testcase name="TC03_ASE_Firm_AutoApproval" time="0.000" classname="com.att.myprice.testcases.TC03_ASE_Firm_AutoApproval">
    <skipped/>
  </testcase> <!-- TC03_ASE_Firm_AutoApproval -->
  <testcase name="TC03_ASE_Firm_AutoApproval" time="0.001" classname="com.att.myprice.testcases.TC03_ASE_Firm_AutoApproval">
    <skipped/>
  </testcase> <!-- TC03_ASE_Firm_AutoApproval -->
  <testcase name="TC03_ASE_Firm_AutoApproval" time="0.002" classname="com.att.myprice.testcases.TC03_ASE_Firm_AutoApproval">
    <skipped/>
  </testcase> <!-- TC03_ASE_Firm_AutoApproval -->
  <testcase name="TC03_ASE_Firm_AutoApproval" time="0.001" classname="com.att.myprice.testcases.TC03_ASE_Firm_AutoApproval">
    <skipped/>
  </testcase> <!-- TC03_ASE_Firm_AutoApproval -->
  <testcase name="TC03_ASE_Firm_AutoApproval" time="0.000" classname="com.att.myprice.testcases.TC03_ASE_Firm_AutoApproval">
    <skipped/>
  </testcase> <!-- TC03_ASE_Firm_AutoApproval -->
  <testcase name="TC03_ASE_Firm_AutoApproval" time="0.001" classname="com.att.myprice.testcases.TC03_ASE_Firm_AutoApproval">
    <skipped/>
  </testcase> <!-- TC03_ASE_Firm_AutoApproval -->
  <testcase name="TC03_ASE_Firm_AutoApproval" time="0.000" classname="com.att.myprice.testcases.TC03_ASE_Firm_AutoApproval">
    <skipped/>
  </testcase> <!-- TC03_ASE_Firm_AutoApproval -->
  <testcase name="TC03_ASE_Firm_AutoApproval" time="0.001" classname="com.att.myprice.testcases.TC03_ASE_Firm_AutoApproval">
    <skipped/>
  </testcase> <!-- TC03_ASE_Firm_AutoApproval -->
  <testcase name="TC03_ASE_Firm_AutoApproval" time="0.000" classname="com.att.myprice.testcases.TC03_ASE_Firm_AutoApproval">
    <skipped/>
  </testcase> <!-- TC03_ASE_Firm_AutoApproval -->
  <testcase name="TC03_ASE_Firm_AutoApproval" time="0.001" classname="com.att.myprice.testcases.TC03_ASE_Firm_AutoApproval">
    <skipped/>
  </testcase> <!-- TC03_ASE_Firm_AutoApproval -->
  <testcase name="TC03_ASE_Firm_AutoApproval" time="0.001" classname="com.att.myprice.testcases.TC03_ASE_Firm_AutoApproval">
    <skipped/>
  </testcase> <!-- TC03_ASE_Firm_AutoApproval -->
  <testcase name="TC03_ASE_Firm_AutoApproval" time="0.001" classname="com.att.myprice.testcases.TC03_ASE_Firm_AutoApproval">
    <skipped/>
  </testcase> <!-- TC03_ASE_Firm_AutoApproval -->
  <testcase name="TC03_ASE_Firm_AutoApproval" time="0.002" classname="com.att.myprice.testcases.TC03_ASE_Firm_AutoApproval">
    <skipped/>
  </testcase> <!-- TC03_ASE_Firm_AutoApproval -->
  <testcase name="TC03_ASE_Firm_AutoApproval" time="0.000" classname="com.att.myprice.testcases.TC03_ASE_Firm_AutoApproval">
    <skipped/>
  </testcase> <!-- TC03_ASE_Firm_AutoApproval -->
  <testcase name="TC03_ASE_Firm_AutoApproval" time="0.001" classname="com.att.myprice.testcases.TC03_ASE_Firm_AutoApproval">
    <skipped/>
  </testcase> <!-- TC03_ASE_Firm_AutoApproval -->
  <testcase name="TC03_ASE_Firm_AutoApproval" time="0.001" classname="com.att.myprice.testcases.TC03_ASE_Firm_AutoApproval">
    <skipped/>
  </testcase> <!-- TC03_ASE_Firm_AutoApproval -->
  <testcase name="TC03_ASE_Firm_AutoApproval" time="0.001" classname="com.att.myprice.testcases.TC03_ASE_Firm_AutoApproval">
    <skipped/>
  </testcase> <!-- TC03_ASE_Firm_AutoApproval -->
  <testcase name="TC03_ASE_Firm_AutoApproval" time="0.001" classname="com.att.myprice.testcases.TC03_ASE_Firm_AutoApproval">
    <skipped/>
  </testcase> <!-- TC03_ASE_Firm_AutoApproval -->
  <testcase name="TC03_ASE_Firm_AutoApproval" time="0.003" classname="com.att.myprice.testcases.TC03_ASE_Firm_AutoApproval">
    <skipped/>
  </testcase> <!-- TC03_ASE_Firm_AutoApproval -->
  <testcase name="TC03_ASE_Firm_AutoApproval" time="0.003" classname="com.att.myprice.testcases.TC03_ASE_Firm_AutoApproval">
    <skipped/>
  </testcase> <!-- TC03_ASE_Firm_AutoApproval -->
  <testcase name="TC03_ASE_Firm_AutoApproval" time="0.000" classname="com.att.myprice.testcases.TC03_ASE_Firm_AutoApproval">
    <skipped/>
  </testcase> <!-- TC03_ASE_Firm_AutoApproval -->
  <testcase name="TC03_ASE_Firm_AutoApproval" time="0.000" classname="com.att.myprice.testcases.TC03_ASE_Firm_AutoApproval">
    <skipped/>
  </testcase> <!-- TC03_ASE_Firm_AutoApproval -->
  <testcase name="TC03_ASE_Firm_AutoApproval" time="0.000" classname="com.att.myprice.testcases.TC03_ASE_Firm_AutoApproval">
    <skipped/>
  </testcase> <!-- TC03_ASE_Firm_AutoApproval -->
  <testcase name="TC03_ASE_Firm_AutoApproval" time="0.001" classname="com.att.myprice.testcases.TC03_ASE_Firm_AutoApproval">
    <skipped/>
  </testcase> <!-- TC03_ASE_Firm_AutoApproval -->
  <testcase name="TC03_ASE_Firm_AutoApproval" time="0.002" classname="com.att.myprice.testcases.TC03_ASE_Firm_AutoApproval">
    <skipped/>
  </testcase> <!-- TC03_ASE_Firm_AutoApproval -->
  <testcase name="TC03_ASE_Firm_AutoApproval" time="0.000" classname="com.att.myprice.testcases.TC03_ASE_Firm_AutoApproval">
    <skipped/>
  </testcase> <!-- TC03_ASE_Firm_AutoApproval -->
  <testcase name="TC03_ASE_Firm_AutoApproval" time="0.001" classname="com.att.myprice.testcases.TC03_ASE_Firm_AutoApproval">
    <skipped/>
  </testcase> <!-- TC03_ASE_Firm_AutoApproval -->
  <testcase name="TC03_ASE_Firm_AutoApproval" time="0.000" classname="com.att.myprice.testcases.TC03_ASE_Firm_AutoApproval">
    <skipped/>
  </testcase> <!-- TC03_ASE_Firm_AutoApproval -->
  <testcase name="TC03_ASE_Firm_AutoApproval" time="0.001" classname="com.att.myprice.testcases.TC03_ASE_Firm_AutoApproval">
    <skipped/>
  </testcase> <!-- TC03_ASE_Firm_AutoApproval -->
  <testcase name="TC03_ASE_Firm_AutoApproval" time="0.001" classname="com.att.myprice.testcases.TC03_ASE_Firm_AutoApproval">
    <skipped/>
  </testcase> <!-- TC03_ASE_Firm_AutoApproval -->
  <testcase name="TC03_ASE_Firm_AutoApproval" time="0.001" classname="com.att.myprice.testcases.TC03_ASE_Firm_AutoApproval">
    <skipped/>
  </testcase> <!-- TC03_ASE_Firm_AutoApproval -->
  <testcase name="TC03_ASE_Firm_AutoApproval" time="0.001" classname="com.att.myprice.testcases.TC03_ASE_Firm_AutoApproval">
    <skipped/>
  </testcase> <!-- TC03_ASE_Firm_AutoApproval -->
  <testcase name="TC03_ASE_Firm_AutoApproval" time="0.001" classname="com.att.myprice.testcases.TC03_ASE_Firm_AutoApproval">
    <skipped/>
  </testcase> <!-- TC03_ASE_Firm_AutoApproval -->
  <testcase name="TC03_ASE_Firm_AutoApproval" time="0.001" classname="com.att.myprice.testcases.TC03_ASE_Firm_AutoApproval">
    <skipped/>
  </testcase> <!-- TC03_ASE_Firm_AutoApproval -->
  <testcase name="TC03_ASE_Firm_AutoApproval" time="0.001" classname="com.att.myprice.testcases.TC03_ASE_Firm_AutoApproval">
    <skipped/>
  </testcase> <!-- TC03_ASE_Firm_AutoApproval -->
  <testcase name="TC03_ASE_Firm_AutoApproval" time="0.001" classname="com.att.myprice.testcases.TC03_ASE_Firm_AutoApproval">
    <skipped/>
  </testcase> <!-- TC03_ASE_Firm_AutoApproval -->
  <testcase name="TC03_ASE_Firm_AutoApproval" time="0.001" classname="com.att.myprice.testcases.TC03_ASE_Firm_AutoApproval">
    <skipped/>
  </testcase> <!-- TC03_ASE_Firm_AutoApproval -->
  <testcase name="TC03_ASE_Firm_AutoApproval" time="0.001" classname="com.att.myprice.testcases.TC03_ASE_Firm_AutoApproval">
    <skipped/>
  </testcase> <!-- TC03_ASE_Firm_AutoApproval -->
  <testcase name="TC03_ASE_Firm_AutoApproval" time="0.001" classname="com.att.myprice.testcases.TC03_ASE_Firm_AutoApproval">
    <skipped/>
  </testcase> <!-- TC03_ASE_Firm_AutoApproval -->
  <testcase name="TC03_ASE_Firm_AutoApproval" time="0.001" classname="com.att.myprice.testcases.TC03_ASE_Firm_AutoApproval">
    <skipped/>
  </testcase> <!-- TC03_ASE_Firm_AutoApproval -->
  <testcase name="TC03_ASE_Firm_AutoApproval" time="0.000" classname="com.att.myprice.testcases.TC03_ASE_Firm_AutoApproval">
    <skipped/>
  </testcase> <!-- TC03_ASE_Firm_AutoApproval -->
  <testcase name="TC03_ASE_Firm_AutoApproval" time="0.001" classname="com.att.myprice.testcases.TC03_ASE_Firm_AutoApproval">
    <skipped/>
  </testcase> <!-- TC03_ASE_Firm_AutoApproval -->
  <testcase name="TC03_ASE_Firm_AutoApproval" time="0.000" classname="com.att.myprice.testcases.TC03_ASE_Firm_AutoApproval">
    <skipped/>
  </testcase> <!-- TC03_ASE_Firm_AutoApproval -->
  <testcase name="TC03_ASE_Firm_AutoApproval" time="0.006" classname="com.att.myprice.testcases.TC03_ASE_Firm_AutoApproval">
    <skipped/>
  </testcase> <!-- TC03_ASE_Firm_AutoApproval -->
  <testcase name="TC03_ASE_Firm_AutoApproval" time="0.001" classname="com.att.myprice.testcases.TC03_ASE_Firm_AutoApproval">
    <skipped/>
  </testcase> <!-- TC03_ASE_Firm_AutoApproval -->
  <testcase name="TC03_ASE_Firm_AutoApproval" time="0.000" classname="com.att.myprice.testcases.TC03_ASE_Firm_AutoApproval">
    <skipped/>
  </testcase> <!-- TC03_ASE_Firm_AutoApproval -->
  <testcase name="TC03_ASE_Firm_AutoApproval" time="0.001" classname="com.att.myprice.testcases.TC03_ASE_Firm_AutoApproval">
    <skipped/>
  </testcase> <!-- TC03_ASE_Firm_AutoApproval -->
  <testcase name="TC03_ASE_Firm_AutoApproval" time="0.001" classname="com.att.myprice.testcases.TC03_ASE_Firm_AutoApproval">
    <skipped/>
  </testcase> <!-- TC03_ASE_Firm_AutoApproval -->
  <testcase name="TC03_ASE_Firm_AutoApproval" time="0.000" classname="com.att.myprice.testcases.TC03_ASE_Firm_AutoApproval">
    <skipped/>
  </testcase> <!-- TC03_ASE_Firm_AutoApproval -->
  <testcase name="TC03_ASE_Firm_AutoApproval" time="0.001" classname="com.att.myprice.testcases.TC03_ASE_Firm_AutoApproval">
    <skipped/>
  </testcase> <!-- TC03_ASE_Firm_AutoApproval -->
  <testcase name="TC03_ASE_Firm_AutoApproval" time="0.001" classname="com.att.myprice.testcases.TC03_ASE_Firm_AutoApproval">
    <skipped/>
  </testcase> <!-- TC03_ASE_Firm_AutoApproval -->
  <testcase name="TC03_ASE_Firm_AutoApproval" time="0.000" classname="com.att.myprice.testcases.TC03_ASE_Firm_AutoApproval">
    <skipped/>
  </testcase> <!-- TC03_ASE_Firm_AutoApproval -->
  <testcase name="TC03_ASE_Firm_AutoApproval" time="0.001" classname="com.att.myprice.testcases.TC03_ASE_Firm_AutoApproval">
    <skipped/>
  </testcase> <!-- TC03_ASE_Firm_AutoApproval -->
  <testcase name="TC03_ASE_Firm_AutoApproval" time="0.001" classname="com.att.myprice.testcases.TC03_ASE_Firm_AutoApproval">
    <skipped/>
  </testcase> <!-- TC03_ASE_Firm_AutoApproval -->
  <testcase name="TC03_ASE_Firm_AutoApproval" time="0.001" classname="com.att.myprice.testcases.TC03_ASE_Firm_AutoApproval">
    <skipped/>
  </testcase> <!-- TC03_ASE_Firm_AutoApproval -->
  <testcase name="TC03_ASE_Firm_AutoApproval" time="0.000" classname="com.att.myprice.testcases.TC03_ASE_Firm_AutoApproval">
    <skipped/>
  </testcase> <!-- TC03_ASE_Firm_AutoApproval -->
  <testcase name="TC03_ASE_Firm_AutoApproval" time="0.001" classname="com.att.myprice.testcases.TC03_ASE_Firm_AutoApproval">
    <skipped/>
  </testcase> <!-- TC03_ASE_Firm_AutoApproval -->
  <testcase name="TC03_ASE_Firm_AutoApproval" time="0.000" classname="com.att.myprice.testcases.TC03_ASE_Firm_AutoApproval">
    <skipped/>
  </testcase> <!-- TC03_ASE_Firm_AutoApproval -->
  <testcase name="TC03_ASE_Firm_AutoApproval" time="0.001" classname="com.att.myprice.testcases.TC03_ASE_Firm_AutoApproval">
    <skipped/>
  </testcase> <!-- TC03_ASE_Firm_AutoApproval -->
  <testcase name="TC03_ASE_Firm_AutoApproval" time="0.001" classname="com.att.myprice.testcases.TC03_ASE_Firm_AutoApproval">
    <skipped/>
  </testcase> <!-- TC03_ASE_Firm_AutoApproval -->
  <testcase name="TC03_ASE_Firm_AutoApproval" time="0.001" classname="com.att.myprice.testcases.TC03_ASE_Firm_AutoApproval">
    <skipped/>
  </testcase> <!-- TC03_ASE_Firm_AutoApproval -->
  <testcase name="TC03_ASE_Firm_AutoApproval" time="0.001" classname="com.att.myprice.testcases.TC03_ASE_Firm_AutoApproval">
    <skipped/>
  </testcase> <!-- TC03_ASE_Firm_AutoApproval -->
  <testcase name="TC03_ASE_Firm_AutoApproval" time="0.001" classname="com.att.myprice.testcases.TC03_ASE_Firm_AutoApproval">
    <skipped/>
  </testcase> <!-- TC03_ASE_Firm_AutoApproval -->
  <testcase name="TC03_ASE_Firm_AutoApproval" time="0.001" classname="com.att.myprice.testcases.TC03_ASE_Firm_AutoApproval">
    <skipped/>
  </testcase> <!-- TC03_ASE_Firm_AutoApproval -->
  <testcase name="TC03_ASE_Firm_AutoApproval" time="0.001" classname="com.att.myprice.testcases.TC03_ASE_Firm_AutoApproval">
    <skipped/>
  </testcase> <!-- TC03_ASE_Firm_AutoApproval -->
  <testcase name="TC03_ASE_Firm_AutoApproval" time="0.001" classname="com.att.myprice.testcases.TC03_ASE_Firm_AutoApproval">
    <skipped/>
  </testcase> <!-- TC03_ASE_Firm_AutoApproval -->
  <testcase name="TC03_ASE_Firm_AutoApproval" time="0.001" classname="com.att.myprice.testcases.TC03_ASE_Firm_AutoApproval">
    <skipped/>
  </testcase> <!-- TC03_ASE_Firm_AutoApproval -->
  <testcase name="TC03_ASE_Firm_AutoApproval" time="0.001" classname="com.att.myprice.testcases.TC03_ASE_Firm_AutoApproval">
    <skipped/>
  </testcase> <!-- TC03_ASE_Firm_AutoApproval -->
  <testcase name="TC03_ASE_Firm_AutoApproval" time="0.001" classname="com.att.myprice.testcases.TC03_ASE_Firm_AutoApproval">
    <skipped/>
  </testcase> <!-- TC03_ASE_Firm_AutoApproval -->
  <testcase name="TC03_ASE_Firm_AutoApproval" time="0.001" classname="com.att.myprice.testcases.TC03_ASE_Firm_AutoApproval">
    <skipped/>
  </testcase> <!-- TC03_ASE_Firm_AutoApproval -->
  <testcase name="TC03_ASE_Firm_AutoApproval" time="0.001" classname="com.att.myprice.testcases.TC03_ASE_Firm_AutoApproval">
    <skipped/>
  </testcase> <!-- TC03_ASE_Firm_AutoApproval -->
  <testcase name="TC03_ASE_Firm_AutoApproval" time="0.001" classname="com.att.myprice.testcases.TC03_ASE_Firm_AutoApproval">
    <skipped/>
  </testcase> <!-- TC03_ASE_Firm_AutoApproval -->
  <testcase name="TC03_ASE_Firm_AutoApproval" time="0.001" classname="com.att.myprice.testcases.TC03_ASE_Firm_AutoApproval">
    <skipped/>
  </testcase> <!-- TC03_ASE_Firm_AutoApproval -->
  <testcase name="TC03_ASE_Firm_AutoApproval" time="0.001" classname="com.att.myprice.testcases.TC03_ASE_Firm_AutoApproval">
    <skipped/>
  </testcase> <!-- TC03_ASE_Firm_AutoApproval -->
  <testcase name="TC03_ASE_Firm_AutoApproval" time="0.000" classname="com.att.myprice.testcases.TC03_ASE_Firm_AutoApproval">
    <skipped/>
  </testcase> <!-- TC03_ASE_Firm_AutoApproval -->
  <testcase name="TC03_ASE_Firm_AutoApproval" time="0.001" classname="com.att.myprice.testcases.TC03_ASE_Firm_AutoApproval">
    <skipped/>
  </testcase> <!-- TC03_ASE_Firm_AutoApproval -->
  <testcase name="TC03_ASE_Firm_AutoApproval" time="0.002" classname="com.att.myprice.testcases.TC03_ASE_Firm_AutoApproval">
    <skipped/>
  </testcase> <!-- TC03_ASE_Firm_AutoApproval -->
  <testcase name="TC03_ASE_Firm_AutoApproval" time="0.001" classname="com.att.myprice.testcases.TC03_ASE_Firm_AutoApproval">
    <skipped/>
  </testcase> <!-- TC03_ASE_Firm_AutoApproval -->
  <testcase name="TC03_ASE_Firm_AutoApproval" time="0.001" classname="com.att.myprice.testcases.TC03_ASE_Firm_AutoApproval">
    <skipped/>
  </testcase> <!-- TC03_ASE_Firm_AutoApproval -->
  <testcase name="TC03_ASE_Firm_AutoApproval" time="0.001" classname="com.att.myprice.testcases.TC03_ASE_Firm_AutoApproval">
    <skipped/>
  </testcase> <!-- TC03_ASE_Firm_AutoApproval -->
  <testcase name="TC03_ASE_Firm_AutoApproval" time="0.000" classname="com.att.myprice.testcases.TC03_ASE_Firm_AutoApproval">
    <skipped/>
  </testcase> <!-- TC03_ASE_Firm_AutoApproval -->
  <testcase name="TC03_ASE_Firm_AutoApproval" time="0.000" classname="com.att.myprice.testcases.TC03_ASE_Firm_AutoApproval">
    <skipped/>
  </testcase> <!-- TC03_ASE_Firm_AutoApproval -->
  <testcase name="TC03_ASE_Firm_AutoApproval" time="0.001" classname="com.att.myprice.testcases.TC03_ASE_Firm_AutoApproval">
    <skipped/>
  </testcase> <!-- TC03_ASE_Firm_AutoApproval -->
  <testcase name="TC03_ASE_Firm_AutoApproval" time="0.000" classname="com.att.myprice.testcases.TC03_ASE_Firm_AutoApproval">
    <skipped/>
  </testcase> <!-- TC03_ASE_Firm_AutoApproval -->
  <testcase name="TC03_ASE_Firm_AutoApproval" time="0.002" classname="com.att.myprice.testcases.TC03_ASE_Firm_AutoApproval">
    <skipped/>
  </testcase> <!-- TC03_ASE_Firm_AutoApproval -->
  <testcase name="TC03_ASE_Firm_AutoApproval" time="0.001" classname="com.att.myprice.testcases.TC03_ASE_Firm_AutoApproval">
    <skipped/>
  </testcase> <!-- TC03_ASE_Firm_AutoApproval -->
  <testcase name="TC03_ASE_Firm_AutoApproval" time="0.001" classname="com.att.myprice.testcases.TC03_ASE_Firm_AutoApproval">
    <skipped/>
  </testcase> <!-- TC03_ASE_Firm_AutoApproval -->
  <testcase name="TC03_ASE_Firm_AutoApproval" time="0.000" classname="com.att.myprice.testcases.TC03_ASE_Firm_AutoApproval">
    <skipped/>
  </testcase> <!-- TC03_ASE_Firm_AutoApproval -->
  <testcase name="TC03_ASE_Firm_AutoApproval" time="0.001" classname="com.att.myprice.testcases.TC03_ASE_Firm_AutoApproval">
    <skipped/>
  </testcase> <!-- TC03_ASE_Firm_AutoApproval -->
  <testcase name="TC03_ASE_Firm_AutoApproval" time="0.001" classname="com.att.myprice.testcases.TC03_ASE_Firm_AutoApproval">
    <skipped/>
  </testcase> <!-- TC03_ASE_Firm_AutoApproval -->
  <testcase name="TC03_ASE_Firm_AutoApproval" time="0.001" classname="com.att.myprice.testcases.TC03_ASE_Firm_AutoApproval">
    <skipped/>
  </testcase> <!-- TC03_ASE_Firm_AutoApproval -->
  <testcase name="TC03_ASE_Firm_AutoApproval" time="0.001" classname="com.att.myprice.testcases.TC03_ASE_Firm_AutoApproval">
    <skipped/>
  </testcase> <!-- TC03_ASE_Firm_AutoApproval -->
  <testcase name="TC03_ASE_Firm_AutoApproval" time="0.000" classname="com.att.myprice.testcases.TC03_ASE_Firm_AutoApproval">
    <skipped/>
  </testcase> <!-- TC03_ASE_Firm_AutoApproval -->
  <testcase name="TC03_ASE_Firm_AutoApproval" time="0.001" classname="com.att.myprice.testcases.TC03_ASE_Firm_AutoApproval">
    <skipped/>
  </testcase> <!-- TC03_ASE_Firm_AutoApproval -->
  <testcase name="TC03_ASE_Firm_AutoApproval" time="0.001" classname="com.att.myprice.testcases.TC03_ASE_Firm_AutoApproval">
    <skipped/>
  </testcase> <!-- TC03_ASE_Firm_AutoApproval -->
  <testcase name="TC03_ASE_Firm_AutoApproval" time="0.002" classname="com.att.myprice.testcases.TC03_ASE_Firm_AutoApproval">
    <skipped/>
  </testcase> <!-- TC03_ASE_Firm_AutoApproval -->
  <testcase name="TC03_ASE_Firm_AutoApproval" time="0.001" classname="com.att.myprice.testcases.TC03_ASE_Firm_AutoApproval">
    <skipped/>
  </testcase> <!-- TC03_ASE_Firm_AutoApproval -->
  <testcase name="TC03_ASE_Firm_AutoApproval" time="0.003" classname="com.att.myprice.testcases.TC03_ASE_Firm_AutoApproval">
    <skipped/>
  </testcase> <!-- TC03_ASE_Firm_AutoApproval -->
  <testcase name="TC03_ASE_Firm_AutoApproval" time="0.001" classname="com.att.myprice.testcases.TC03_ASE_Firm_AutoApproval">
    <skipped/>
  </testcase> <!-- TC03_ASE_Firm_AutoApproval -->
  <testcase name="TC03_ASE_Firm_AutoApproval" time="0.005" classname="com.att.myprice.testcases.TC03_ASE_Firm_AutoApproval">
    <skipped/>
  </testcase> <!-- TC03_ASE_Firm_AutoApproval -->
  <testcase name="TC03_ASE_Firm_AutoApproval" time="0.001" classname="com.att.myprice.testcases.TC03_ASE_Firm_AutoApproval">
    <skipped/>
  </testcase> <!-- TC03_ASE_Firm_AutoApproval -->
  <testcase name="TC03_ASE_Firm_AutoApproval" time="0.001" classname="com.att.myprice.testcases.TC03_ASE_Firm_AutoApproval">
    <skipped/>
  </testcase> <!-- TC03_ASE_Firm_AutoApproval -->
  <testcase name="TC03_ASE_Firm_AutoApproval" time="0.000" classname="com.att.myprice.testcases.TC03_ASE_Firm_AutoApproval">
    <skipped/>
  </testcase> <!-- TC03_ASE_Firm_AutoApproval -->
  <testcase name="TC03_ASE_Firm_AutoApproval" time="0.001" classname="com.att.myprice.testcases.TC03_ASE_Firm_AutoApproval">
    <skipped/>
  </testcase> <!-- TC03_ASE_Firm_AutoApproval -->
  <testcase name="TC03_ASE_Firm_AutoApproval" time="0.001" classname="com.att.myprice.testcases.TC03_ASE_Firm_AutoApproval">
    <skipped/>
  </testcase> <!-- TC03_ASE_Firm_AutoApproval -->
  <testcase name="TC03_ASE_Firm_AutoApproval" time="0.001" classname="com.att.myprice.testcases.TC03_ASE_Firm_AutoApproval">
    <skipped/>
  </testcase> <!-- TC03_ASE_Firm_AutoApproval -->
  <testcase name="TC03_ASE_Firm_AutoApproval" time="0.001" classname="com.att.myprice.testcases.TC03_ASE_Firm_AutoApproval">
    <skipped/>
  </testcase> <!-- TC03_ASE_Firm_AutoApproval -->
  <testcase name="TC03_ASE_Firm_AutoApproval" time="0.001" classname="com.att.myprice.testcases.TC03_ASE_Firm_AutoApproval">
    <skipped/>
  </testcase> <!-- TC03_ASE_Firm_AutoApproval -->
  <testcase name="TC03_ASE_Firm_AutoApproval" time="0.000" classname="com.att.myprice.testcases.TC03_ASE_Firm_AutoApproval">
    <skipped/>
  </testcase> <!-- TC03_ASE_Firm_AutoApproval -->
  <testcase name="TC03_ASE_Firm_AutoApproval" time="0.001" classname="com.att.myprice.testcases.TC03_ASE_Firm_AutoApproval">
    <skipped/>
  </testcase> <!-- TC03_ASE_Firm_AutoApproval -->
  <testcase name="TC03_ASE_Firm_AutoApproval" time="0.000" classname="com.att.myprice.testcases.TC03_ASE_Firm_AutoApproval">
    <skipped/>
  </testcase> <!-- TC03_ASE_Firm_AutoApproval -->
  <testcase name="TC03_ASE_Firm_AutoApproval" time="0.001" classname="com.att.myprice.testcases.TC03_ASE_Firm_AutoApproval">
    <skipped/>
  </testcase> <!-- TC03_ASE_Firm_AutoApproval -->
  <testcase name="TC03_ASE_Firm_AutoApproval" time="0.000" classname="com.att.myprice.testcases.TC03_ASE_Firm_AutoApproval">
    <skipped/>
  </testcase> <!-- TC03_ASE_Firm_AutoApproval -->
  <testcase name="TC03_ASE_Firm_AutoApproval" time="0.001" classname="com.att.myprice.testcases.TC03_ASE_Firm_AutoApproval">
    <skipped/>
  </testcase> <!-- TC03_ASE_Firm_AutoApproval -->
  <testcase name="TC03_ASE_Firm_AutoApproval" time="0.000" classname="com.att.myprice.testcases.TC03_ASE_Firm_AutoApproval">
    <skipped/>
  </testcase> <!-- TC03_ASE_Firm_AutoApproval -->
  <testcase name="TC03_ASE_Firm_AutoApproval" time="0.000" classname="com.att.myprice.testcases.TC03_ASE_Firm_AutoApproval">
    <skipped/>
  </testcase> <!-- TC03_ASE_Firm_AutoApproval -->
  <testcase name="TC03_ASE_Firm_AutoApproval" time="0.001" classname="com.att.myprice.testcases.TC03_ASE_Firm_AutoApproval">
    <skipped/>
  </testcase> <!-- TC03_ASE_Firm_AutoApproval -->
  <testcase name="TC03_ASE_Firm_AutoApproval" time="0.001" classname="com.att.myprice.testcases.TC03_ASE_Firm_AutoApproval">
    <skipped/>
  </testcase> <!-- TC03_ASE_Firm_AutoApproval -->
  <testcase name="TC03_ASE_Firm_AutoApproval" time="0.003" classname="com.att.myprice.testcases.TC03_ASE_Firm_AutoApproval">
    <skipped/>
  </testcase> <!-- TC03_ASE_Firm_AutoApproval -->
  <testcase name="TC03_ASE_Firm_AutoApproval" time="0.001" classname="com.att.myprice.testcases.TC03_ASE_Firm_AutoApproval">
    <skipped/>
  </testcase> <!-- TC03_ASE_Firm_AutoApproval -->
  <testcase name="TC03_ASE_Firm_AutoApproval" time="0.000" classname="com.att.myprice.testcases.TC03_ASE_Firm_AutoApproval">
    <skipped/>
  </testcase> <!-- TC03_ASE_Firm_AutoApproval -->
  <testcase name="TC03_ASE_Firm_AutoApproval" time="0.001" classname="com.att.myprice.testcases.TC03_ASE_Firm_AutoApproval">
    <skipped/>
  </testcase> <!-- TC03_ASE_Firm_AutoApproval -->
  <testcase name="TC03_ASE_Firm_AutoApproval" time="0.000" classname="com.att.myprice.testcases.TC03_ASE_Firm_AutoApproval">
    <skipped/>
  </testcase> <!-- TC03_ASE_Firm_AutoApproval -->
  <testcase name="TC03_ASE_Firm_AutoApproval" time="0.001" classname="com.att.myprice.testcases.TC03_ASE_Firm_AutoApproval">
    <skipped/>
  </testcase> <!-- TC03_ASE_Firm_AutoApproval -->
  <testcase name="TC03_ASE_Firm_AutoApproval" time="0.001" classname="com.att.myprice.testcases.TC03_ASE_Firm_AutoApproval">
    <skipped/>
  </testcase> <!-- TC03_ASE_Firm_AutoApproval -->
  <testcase name="TC03_ASE_Firm_AutoApproval" time="0.001" classname="com.att.myprice.testcases.TC03_ASE_Firm_AutoApproval">
    <skipped/>
  </testcase> <!-- TC03_ASE_Firm_AutoApproval -->
  <testcase name="TC03_ASE_Firm_AutoApproval" time="0.001" classname="com.att.myprice.testcases.TC03_ASE_Firm_AutoApproval">
    <skipped/>
  </testcase> <!-- TC03_ASE_Firm_AutoApproval -->
  <testcase name="TC03_ASE_Firm_AutoApproval" time="0.001" classname="com.att.myprice.testcases.TC03_ASE_Firm_AutoApproval">
    <skipped/>
  </testcase> <!-- TC03_ASE_Firm_AutoApproval -->
  <testcase name="TC03_ASE_Firm_AutoApproval" time="0.000" classname="com.att.myprice.testcases.TC03_ASE_Firm_AutoApproval">
    <skipped/>
  </testcase> <!-- TC03_ASE_Firm_AutoApproval -->
  <testcase name="TC03_ASE_Firm_AutoApproval" time="0.000" classname="com.att.myprice.testcases.TC03_ASE_Firm_AutoApproval">
    <skipped/>
  </testcase> <!-- TC03_ASE_Firm_AutoApproval -->
  <testcase name="TC03_ASE_Firm_AutoApproval" time="0.000" classname="com.att.myprice.testcases.TC03_ASE_Firm_AutoApproval">
    <skipped/>
  </testcase> <!-- TC03_ASE_Firm_AutoApproval -->
  <testcase name="TC03_ASE_Firm_AutoApproval" time="0.001" classname="com.att.myprice.testcases.TC03_ASE_Firm_AutoApproval">
    <skipped/>
  </testcase> <!-- TC03_ASE_Firm_AutoApproval -->
  <testcase name="TC03_ASE_Firm_AutoApproval" time="0.001" classname="com.att.myprice.testcases.TC03_ASE_Firm_AutoApproval">
    <skipped/>
  </testcase> <!-- TC03_ASE_Firm_AutoApproval -->
  <testcase name="TC03_ASE_Firm_AutoApproval" time="0.001" classname="com.att.myprice.testcases.TC03_ASE_Firm_AutoApproval">
    <skipped/>
  </testcase> <!-- TC03_ASE_Firm_AutoApproval -->
  <testcase name="TC03_ASE_Firm_AutoApproval" time="0.001" classname="com.att.myprice.testcases.TC03_ASE_Firm_AutoApproval">
    <skipped/>
  </testcase> <!-- TC03_ASE_Firm_AutoApproval -->
  <testcase name="TC03_ASE_Firm_AutoApproval" time="0.001" classname="com.att.myprice.testcases.TC03_ASE_Firm_AutoApproval">
    <skipped/>
  </testcase> <!-- TC03_ASE_Firm_AutoApproval -->
  <testcase name="TC03_ASE_Firm_AutoApproval" time="0.001" classname="com.att.myprice.testcases.TC03_ASE_Firm_AutoApproval">
    <skipped/>
  </testcase> <!-- TC03_ASE_Firm_AutoApproval -->
  <testcase name="TC03_ASE_Firm_AutoApproval" time="0.001" classname="com.att.myprice.testcases.TC03_ASE_Firm_AutoApproval">
    <skipped/>
  </testcase> <!-- TC03_ASE_Firm_AutoApproval -->
  <testcase name="TC03_ASE_Firm_AutoApproval" time="0.000" classname="com.att.myprice.testcases.TC03_ASE_Firm_AutoApproval">
    <skipped/>
  </testcase> <!-- TC03_ASE_Firm_AutoApproval -->
  <testcase name="TC03_ASE_Firm_AutoApproval" time="0.001" classname="com.att.myprice.testcases.TC03_ASE_Firm_AutoApproval">
    <skipped/>
  </testcase> <!-- TC03_ASE_Firm_AutoApproval -->
  <testcase name="TC03_ASE_Firm_AutoApproval" time="0.001" classname="com.att.myprice.testcases.TC03_ASE_Firm_AutoApproval">
    <skipped/>
  </testcase> <!-- TC03_ASE_Firm_AutoApproval -->
  <testcase name="TC03_ASE_Firm_AutoApproval" time="0.002" classname="com.att.myprice.testcases.TC03_ASE_Firm_AutoApproval">
    <skipped/>
  </testcase> <!-- TC03_ASE_Firm_AutoApproval -->
  <testcase name="TC03_ASE_Firm_AutoApproval" time="0.002" classname="com.att.myprice.testcases.TC03_ASE_Firm_AutoApproval">
    <skipped/>
  </testcase> <!-- TC03_ASE_Firm_AutoApproval -->
  <testcase name="TC03_ASE_Firm_AutoApproval" time="0.001" classname="com.att.myprice.testcases.TC03_ASE_Firm_AutoApproval">
    <skipped/>
  </testcase> <!-- TC03_ASE_Firm_AutoApproval -->
  <testcase name="TC03_ASE_Firm_AutoApproval" time="0.001" classname="com.att.myprice.testcases.TC03_ASE_Firm_AutoApproval">
    <skipped/>
  </testcase> <!-- TC03_ASE_Firm_AutoApproval -->
  <testcase name="TC03_ASE_Firm_AutoApproval" time="0.000" classname="com.att.myprice.testcases.TC03_ASE_Firm_AutoApproval">
    <skipped/>
  </testcase> <!-- TC03_ASE_Firm_AutoApproval -->
  <testcase name="TC03_ASE_Firm_AutoApproval" time="0.001" classname="com.att.myprice.testcases.TC03_ASE_Firm_AutoApproval">
    <skipped/>
  </testcase> <!-- TC03_ASE_Firm_AutoApproval -->
  <testcase name="TC03_ASE_Firm_AutoApproval" time="0.000" classname="com.att.myprice.testcases.TC03_ASE_Firm_AutoApproval">
    <skipped/>
  </testcase> <!-- TC03_ASE_Firm_AutoApproval -->
  <testcase name="TC03_ASE_Firm_AutoApproval" time="0.001" classname="com.att.myprice.testcases.TC03_ASE_Firm_AutoApproval">
    <skipped/>
  </testcase> <!-- TC03_ASE_Firm_AutoApproval -->
  <testcase name="TC03_ASE_Firm_AutoApproval" time="0.001" classname="com.att.myprice.testcases.TC03_ASE_Firm_AutoApproval">
    <skipped/>
  </testcase> <!-- TC03_ASE_Firm_AutoApproval -->
  <testcase name="TC03_ASE_Firm_AutoApproval" time="0.001" classname="com.att.myprice.testcases.TC03_ASE_Firm_AutoApproval">
    <skipped/>
  </testcase> <!-- TC03_ASE_Firm_AutoApproval -->
  <testcase name="TC03_ASE_Firm_AutoApproval" time="0.001" classname="com.att.myprice.testcases.TC03_ASE_Firm_AutoApproval">
    <skipped/>
  </testcase> <!-- TC03_ASE_Firm_AutoApproval -->
  <testcase name="TC03_ASE_Firm_AutoApproval" time="0.001" classname="com.att.myprice.testcases.TC03_ASE_Firm_AutoApproval">
    <skipped/>
  </testcase> <!-- TC03_ASE_Firm_AutoApproval -->
  <testcase name="TC03_ASE_Firm_AutoApproval" time="0.000" classname="com.att.myprice.testcases.TC03_ASE_Firm_AutoApproval">
    <skipped/>
  </testcase> <!-- TC03_ASE_Firm_AutoApproval -->
  <testcase name="TC03_ASE_Firm_AutoApproval" time="0.001" classname="com.att.myprice.testcases.TC03_ASE_Firm_AutoApproval">
    <skipped/>
  </testcase> <!-- TC03_ASE_Firm_AutoApproval -->
  <testcase name="TC03_ASE_Firm_AutoApproval" time="0.001" classname="com.att.myprice.testcases.TC03_ASE_Firm_AutoApproval">
    <skipped/>
  </testcase> <!-- TC03_ASE_Firm_AutoApproval -->
  <testcase name="TC03_ASE_Firm_AutoApproval" time="0.001" classname="com.att.myprice.testcases.TC03_ASE_Firm_AutoApproval">
    <skipped/>
  </testcase> <!-- TC03_ASE_Firm_AutoApproval -->
  <testcase name="TC03_ASE_Firm_AutoApproval" time="0.001" classname="com.att.myprice.testcases.TC03_ASE_Firm_AutoApproval">
    <skipped/>
  </testcase> <!-- TC03_ASE_Firm_AutoApproval -->
  <testcase name="TC03_ASE_Firm_AutoApproval" time="0.001" classname="com.att.myprice.testcases.TC03_ASE_Firm_AutoApproval">
    <skipped/>
  </testcase> <!-- TC03_ASE_Firm_AutoApproval -->
  <testcase name="TC03_ASE_Firm_AutoApproval" time="0.001" classname="com.att.myprice.testcases.TC03_ASE_Firm_AutoApproval">
    <skipped/>
  </testcase> <!-- TC03_ASE_Firm_AutoApproval -->
  <testcase name="TC03_ASE_Firm_AutoApproval" time="0.001" classname="com.att.myprice.testcases.TC03_ASE_Firm_AutoApproval">
    <skipped/>
  </testcase> <!-- TC03_ASE_Firm_AutoApproval -->
  <testcase name="TC03_ASE_Firm_AutoApproval" time="0.001" classname="com.att.myprice.testcases.TC03_ASE_Firm_AutoApproval">
    <skipped/>
  </testcase> <!-- TC03_ASE_Firm_AutoApproval -->
  <testcase name="TC03_ASE_Firm_AutoApproval" time="0.001" classname="com.att.myprice.testcases.TC03_ASE_Firm_AutoApproval">
    <skipped/>
  </testcase> <!-- TC03_ASE_Firm_AutoApproval -->
  <testcase name="TC03_ASE_Firm_AutoApproval" time="0.001" classname="com.att.myprice.testcases.TC03_ASE_Firm_AutoApproval">
    <skipped/>
  </testcase> <!-- TC03_ASE_Firm_AutoApproval -->
  <testcase name="TC03_ASE_Firm_AutoApproval" time="0.001" classname="com.att.myprice.testcases.TC03_ASE_Firm_AutoApproval">
    <skipped/>
  </testcase> <!-- TC03_ASE_Firm_AutoApproval -->
  <testcase name="TC03_ASE_Firm_AutoApproval" time="0.000" classname="com.att.myprice.testcases.TC03_ASE_Firm_AutoApproval">
    <skipped/>
  </testcase> <!-- TC03_ASE_Firm_AutoApproval -->
  <testcase name="TC03_ASE_Firm_AutoApproval" time="0.000" classname="com.att.myprice.testcases.TC03_ASE_Firm_AutoApproval">
    <skipped/>
  </testcase> <!-- TC03_ASE_Firm_AutoApproval -->
  <testcase name="TC03_ASE_Firm_AutoApproval" time="0.001" classname="com.att.myprice.testcases.TC03_ASE_Firm_AutoApproval">
    <skipped/>
  </testcase> <!-- TC03_ASE_Firm_AutoApproval -->
  <testcase name="TC03_ASE_Firm_AutoApproval" time="0.000" classname="com.att.myprice.testcases.TC03_ASE_Firm_AutoApproval">
    <skipped/>
  </testcase> <!-- TC03_ASE_Firm_AutoApproval -->
  <testcase name="TC03_ASE_Firm_AutoApproval" time="0.002" classname="com.att.myprice.testcases.TC03_ASE_Firm_AutoApproval">
    <skipped/>
  </testcase> <!-- TC03_ASE_Firm_AutoApproval -->
  <testcase name="TC03_ASE_Firm_AutoApproval" time="0.001" classname="com.att.myprice.testcases.TC03_ASE_Firm_AutoApproval">
    <skipped/>
  </testcase> <!-- TC03_ASE_Firm_AutoApproval -->
  <testcase name="TC03_ASE_Firm_AutoApproval" time="0.001" classname="com.att.myprice.testcases.TC03_ASE_Firm_AutoApproval">
    <skipped/>
  </testcase> <!-- TC03_ASE_Firm_AutoApproval -->
  <testcase name="TC03_ASE_Firm_AutoApproval" time="0.012" classname="com.att.myprice.testcases.TC03_ASE_Firm_AutoApproval">
    <skipped/>
  </testcase> <!-- TC03_ASE_Firm_AutoApproval -->
  <testcase name="TC03_ASE_Firm_AutoApproval" time="0.001" classname="com.att.myprice.testcases.TC03_ASE_Firm_AutoApproval">
    <skipped/>
  </testcase> <!-- TC03_ASE_Firm_AutoApproval -->
  <testcase name="TC03_ASE_Firm_AutoApproval" time="0.001" classname="com.att.myprice.testcases.TC03_ASE_Firm_AutoApproval">
    <skipped/>
  </testcase> <!-- TC03_ASE_Firm_AutoApproval -->
  <testcase name="TC03_ASE_Firm_AutoApproval" time="0.001" classname="com.att.myprice.testcases.TC03_ASE_Firm_AutoApproval">
    <skipped/>
  </testcase> <!-- TC03_ASE_Firm_AutoApproval -->
  <testcase name="TC03_ASE_Firm_AutoApproval" time="0.001" classname="com.att.myprice.testcases.TC03_ASE_Firm_AutoApproval">
    <skipped/>
  </testcase> <!-- TC03_ASE_Firm_AutoApproval -->
  <testcase name="TC03_ASE_Firm_AutoApproval" time="0.001" classname="com.att.myprice.testcases.TC03_ASE_Firm_AutoApproval">
    <skipped/>
  </testcase> <!-- TC03_ASE_Firm_AutoApproval -->
  <testcase name="TC03_ASE_Firm_AutoApproval" time="0.000" classname="com.att.myprice.testcases.TC03_ASE_Firm_AutoApproval">
    <skipped/>
  </testcase> <!-- TC03_ASE_Firm_AutoApproval -->
  <testcase name="TC03_ASE_Firm_AutoApproval" time="0.000" classname="com.att.myprice.testcases.TC03_ASE_Firm_AutoApproval">
    <skipped/>
  </testcase> <!-- TC03_ASE_Firm_AutoApproval -->
  <testcase name="TC03_ASE_Firm_AutoApproval" time="0.001" classname="com.att.myprice.testcases.TC03_ASE_Firm_AutoApproval">
    <skipped/>
  </testcase> <!-- TC03_ASE_Firm_AutoApproval -->
  <testcase name="TC03_ASE_Firm_AutoApproval" time="0.001" classname="com.att.myprice.testcases.TC03_ASE_Firm_AutoApproval">
    <skipped/>
  </testcase> <!-- TC03_ASE_Firm_AutoApproval -->
  <testcase name="TC03_ASE_Firm_AutoApproval" time="0.002" classname="com.att.myprice.testcases.TC03_ASE_Firm_AutoApproval">
    <skipped/>
  </testcase> <!-- TC03_ASE_Firm_AutoApproval -->
  <testcase name="TC03_ASE_Firm_AutoApproval" time="0.001" classname="com.att.myprice.testcases.TC03_ASE_Firm_AutoApproval">
    <skipped/>
  </testcase> <!-- TC03_ASE_Firm_AutoApproval -->
  <testcase name="TC03_ASE_Firm_AutoApproval" time="0.001" classname="com.att.myprice.testcases.TC03_ASE_Firm_AutoApproval">
    <skipped/>
  </testcase> <!-- TC03_ASE_Firm_AutoApproval -->
  <testcase name="TC03_ASE_Firm_AutoApproval" time="0.001" classname="com.att.myprice.testcases.TC03_ASE_Firm_AutoApproval">
    <skipped/>
  </testcase> <!-- TC03_ASE_Firm_AutoApproval -->
  <testcase name="TC03_ASE_Firm_AutoApproval" time="0.001" classname="com.att.myprice.testcases.TC03_ASE_Firm_AutoApproval">
    <skipped/>
  </testcase> <!-- TC03_ASE_Firm_AutoApproval -->
  <testcase name="TC03_ASE_Firm_AutoApproval" time="0.001" classname="com.att.myprice.testcases.TC03_ASE_Firm_AutoApproval">
    <skipped/>
  </testcase> <!-- TC03_ASE_Firm_AutoApproval -->
  <testcase name="TC03_ASE_Firm_AutoApproval" time="0.000" classname="com.att.myprice.testcases.TC03_ASE_Firm_AutoApproval">
    <skipped/>
  </testcase> <!-- TC03_ASE_Firm_AutoApproval -->
  <testcase name="TC03_ASE_Firm_AutoApproval" time="0.001" classname="com.att.myprice.testcases.TC03_ASE_Firm_AutoApproval">
    <skipped/>
  </testcase> <!-- TC03_ASE_Firm_AutoApproval -->
  <testcase name="TC03_ASE_Firm_AutoApproval" time="0.001" classname="com.att.myprice.testcases.TC03_ASE_Firm_AutoApproval">
    <skipped/>
  </testcase> <!-- TC03_ASE_Firm_AutoApproval -->
  <testcase name="TC03_ASE_Firm_AutoApproval" time="0.001" classname="com.att.myprice.testcases.TC03_ASE_Firm_AutoApproval">
    <skipped/>
  </testcase> <!-- TC03_ASE_Firm_AutoApproval -->
  <testcase name="TC03_ASE_Firm_AutoApproval" time="0.000" classname="com.att.myprice.testcases.TC03_ASE_Firm_AutoApproval">
    <skipped/>
  </testcase> <!-- TC03_ASE_Firm_AutoApproval -->
  <testcase name="TC03_ASE_Firm_AutoApproval" time="0.001" classname="com.att.myprice.testcases.TC03_ASE_Firm_AutoApproval">
    <skipped/>
  </testcase> <!-- TC03_ASE_Firm_AutoApproval -->
  <testcase name="TC03_ASE_Firm_AutoApproval" time="0.003" classname="com.att.myprice.testcases.TC03_ASE_Firm_AutoApproval">
    <skipped/>
  </testcase> <!-- TC03_ASE_Firm_AutoApproval -->
  <testcase name="TC03_ASE_Firm_AutoApproval" time="0.001" classname="com.att.myprice.testcases.TC03_ASE_Firm_AutoApproval">
    <skipped/>
  </testcase> <!-- TC03_ASE_Firm_AutoApproval -->
  <testcase name="TC03_ASE_Firm_AutoApproval" time="0.001" classname="com.att.myprice.testcases.TC03_ASE_Firm_AutoApproval">
    <skipped/>
  </testcase> <!-- TC03_ASE_Firm_AutoApproval -->
  <testcase name="TC03_ASE_Firm_AutoApproval" time="0.001" classname="com.att.myprice.testcases.TC03_ASE_Firm_AutoApproval">
    <skipped/>
  </testcase> <!-- TC03_ASE_Firm_AutoApproval -->
  <testcase name="TC03_ASE_Firm_AutoApproval" time="0.000" classname="com.att.myprice.testcases.TC03_ASE_Firm_AutoApproval">
    <skipped/>
  </testcase> <!-- TC03_ASE_Firm_AutoApproval -->
  <testcase name="TC03_ASE_Firm_AutoApproval" time="0.001" classname="com.att.myprice.testcases.TC03_ASE_Firm_AutoApproval">
    <skipped/>
  </testcase> <!-- TC03_ASE_Firm_AutoApproval -->
  <testcase name="TC03_ASE_Firm_AutoApproval" time="0.002" classname="com.att.myprice.testcases.TC03_ASE_Firm_AutoApproval">
    <skipped/>
  </testcase> <!-- TC03_ASE_Firm_AutoApproval -->
  <testcase name="TC03_ASE_Firm_AutoApproval" time="0.001" classname="com.att.myprice.testcases.TC03_ASE_Firm_AutoApproval">
    <skipped/>
  </testcase> <!-- TC03_ASE_Firm_AutoApproval -->
  <testcase name="TC03_ASE_Firm_AutoApproval" time="0.000" classname="com.att.myprice.testcases.TC03_ASE_Firm_AutoApproval">
    <skipped/>
  </testcase> <!-- TC03_ASE_Firm_AutoApproval -->
  <testcase name="TC03_ASE_Firm_AutoApproval" time="0.000" classname="com.att.myprice.testcases.TC03_ASE_Firm_AutoApproval">
    <skipped/>
  </testcase> <!-- TC03_ASE_Firm_AutoApproval -->
  <testcase name="TC03_ASE_Firm_AutoApproval" time="0.001" classname="com.att.myprice.testcases.TC03_ASE_Firm_AutoApproval">
    <skipped/>
  </testcase> <!-- TC03_ASE_Firm_AutoApproval -->
  <testcase name="TC03_ASE_Firm_AutoApproval" time="0.000" classname="com.att.myprice.testcases.TC03_ASE_Firm_AutoApproval">
    <skipped/>
  </testcase> <!-- TC03_ASE_Firm_AutoApproval -->
  <testcase name="TC03_ASE_Firm_AutoApproval" time="0.000" classname="com.att.myprice.testcases.TC03_ASE_Firm_AutoApproval">
    <skipped/>
  </testcase> <!-- TC03_ASE_Firm_AutoApproval -->
  <testcase name="TC03_ASE_Firm_AutoApproval" time="0.001" classname="com.att.myprice.testcases.TC03_ASE_Firm_AutoApproval">
    <skipped/>
  </testcase> <!-- TC03_ASE_Firm_AutoApproval -->
  <testcase name="TC03_ASE_Firm_AutoApproval" time="0.001" classname="com.att.myprice.testcases.TC03_ASE_Firm_AutoApproval">
    <skipped/>
  </testcase> <!-- TC03_ASE_Firm_AutoApproval -->
  <testcase name="TC03_ASE_Firm_AutoApproval" time="0.000" classname="com.att.myprice.testcases.TC03_ASE_Firm_AutoApproval">
    <skipped/>
  </testcase> <!-- TC03_ASE_Firm_AutoApproval -->
  <testcase name="TC03_ASE_Firm_AutoApproval" time="0.004" classname="com.att.myprice.testcases.TC03_ASE_Firm_AutoApproval">
    <skipped/>
  </testcase> <!-- TC03_ASE_Firm_AutoApproval -->
  <testcase name="TC03_ASE_Firm_AutoApproval" time="0.003" classname="com.att.myprice.testcases.TC03_ASE_Firm_AutoApproval">
    <skipped/>
  </testcase> <!-- TC03_ASE_Firm_AutoApproval -->
  <testcase name="TC03_ASE_Firm_AutoApproval" time="0.001" classname="com.att.myprice.testcases.TC03_ASE_Firm_AutoApproval">
    <skipped/>
  </testcase> <!-- TC03_ASE_Firm_AutoApproval -->
  <testcase name="TC03_ASE_Firm_AutoApproval" time="0.001" classname="com.att.myprice.testcases.TC03_ASE_Firm_AutoApproval">
    <skipped/>
  </testcase> <!-- TC03_ASE_Firm_AutoApproval -->
  <testcase name="TC03_ASE_Firm_AutoApproval" time="0.001" classname="com.att.myprice.testcases.TC03_ASE_Firm_AutoApproval">
    <skipped/>
  </testcase> <!-- TC03_ASE_Firm_AutoApproval -->
  <testcase name="TC03_ASE_Firm_AutoApproval" time="0.001" classname="com.att.myprice.testcases.TC03_ASE_Firm_AutoApproval">
    <skipped/>
  </testcase> <!-- TC03_ASE_Firm_AutoApproval -->
  <testcase name="TC03_ASE_Firm_AutoApproval" time="0.001" classname="com.att.myprice.testcases.TC03_ASE_Firm_AutoApproval">
    <skipped/>
  </testcase> <!-- TC03_ASE_Firm_AutoApproval -->
  <testcase name="TC03_ASE_Firm_AutoApproval" time="0.000" classname="com.att.myprice.testcases.TC03_ASE_Firm_AutoApproval">
    <skipped/>
  </testcase> <!-- TC03_ASE_Firm_AutoApproval -->
  <testcase name="TC03_ASE_Firm_AutoApproval" time="0.001" classname="com.att.myprice.testcases.TC03_ASE_Firm_AutoApproval">
    <skipped/>
  </testcase> <!-- TC03_ASE_Firm_AutoApproval -->
  <testcase name="TC03_ASE_Firm_AutoApproval" time="0.001" classname="com.att.myprice.testcases.TC03_ASE_Firm_AutoApproval">
    <skipped/>
  </testcase> <!-- TC03_ASE_Firm_AutoApproval -->
  <testcase name="TC03_ASE_Firm_AutoApproval" time="0.001" classname="com.att.myprice.testcases.TC03_ASE_Firm_AutoApproval">
    <skipped/>
  </testcase> <!-- TC03_ASE_Firm_AutoApproval -->
  <testcase name="TC03_ASE_Firm_AutoApproval" time="0.001" classname="com.att.myprice.testcases.TC03_ASE_Firm_AutoApproval">
    <skipped/>
  </testcase> <!-- TC03_ASE_Firm_AutoApproval -->
  <testcase name="TC03_ASE_Firm_AutoApproval" time="0.000" classname="com.att.myprice.testcases.TC03_ASE_Firm_AutoApproval">
    <skipped/>
  </testcase> <!-- TC03_ASE_Firm_AutoApproval -->
  <testcase name="TC03_ASE_Firm_AutoApproval" time="0.001" classname="com.att.myprice.testcases.TC03_ASE_Firm_AutoApproval">
    <skipped/>
  </testcase> <!-- TC03_ASE_Firm_AutoApproval -->
  <testcase name="TC03_ASE_Firm_AutoApproval" time="0.001" classname="com.att.myprice.testcases.TC03_ASE_Firm_AutoApproval">
    <skipped/>
  </testcase> <!-- TC03_ASE_Firm_AutoApproval -->
  <testcase name="TC03_ASE_Firm_AutoApproval" time="0.001" classname="com.att.myprice.testcases.TC03_ASE_Firm_AutoApproval">
    <skipped/>
  </testcase> <!-- TC03_ASE_Firm_AutoApproval -->
  <testcase name="TC03_ASE_Firm_AutoApproval" time="0.002" classname="com.att.myprice.testcases.TC03_ASE_Firm_AutoApproval">
    <skipped/>
  </testcase> <!-- TC03_ASE_Firm_AutoApproval -->
  <testcase name="TC03_ASE_Firm_AutoApproval" time="0.001" classname="com.att.myprice.testcases.TC03_ASE_Firm_AutoApproval">
    <skipped/>
  </testcase> <!-- TC03_ASE_Firm_AutoApproval -->
  <testcase name="TC03_ASE_Firm_AutoApproval" time="0.001" classname="com.att.myprice.testcases.TC03_ASE_Firm_AutoApproval">
    <skipped/>
  </testcase> <!-- TC03_ASE_Firm_AutoApproval -->
  <testcase name="TC03_ASE_Firm_AutoApproval" time="0.000" classname="com.att.myprice.testcases.TC03_ASE_Firm_AutoApproval">
    <skipped/>
  </testcase> <!-- TC03_ASE_Firm_AutoApproval -->
  <testcase name="TC03_ASE_Firm_AutoApproval" time="0.001" classname="com.att.myprice.testcases.TC03_ASE_Firm_AutoApproval">
    <skipped/>
  </testcase> <!-- TC03_ASE_Firm_AutoApproval -->
  <testcase name="TC03_ASE_Firm_AutoApproval" time="0.001" classname="com.att.myprice.testcases.TC03_ASE_Firm_AutoApproval">
    <skipped/>
  </testcase> <!-- TC03_ASE_Firm_AutoApproval -->
  <testcase name="TC03_ASE_Firm_AutoApproval" time="0.000" classname="com.att.myprice.testcases.TC03_ASE_Firm_AutoApproval">
    <skipped/>
  </testcase> <!-- TC03_ASE_Firm_AutoApproval -->
  <testcase name="TC03_ASE_Firm_AutoApproval" time="0.000" classname="com.att.myprice.testcases.TC03_ASE_Firm_AutoApproval">
    <skipped/>
  </testcase> <!-- TC03_ASE_Firm_AutoApproval -->
  <testcase name="TC03_ASE_Firm_AutoApproval" time="0.001" classname="com.att.myprice.testcases.TC03_ASE_Firm_AutoApproval">
    <skipped/>
  </testcase> <!-- TC03_ASE_Firm_AutoApproval -->
  <testcase name="TC03_ASE_Firm_AutoApproval" time="0.001" classname="com.att.myprice.testcases.TC03_ASE_Firm_AutoApproval">
    <skipped/>
  </testcase> <!-- TC03_ASE_Firm_AutoApproval -->
  <testcase name="TC03_ASE_Firm_AutoApproval" time="0.000" classname="com.att.myprice.testcases.TC03_ASE_Firm_AutoApproval">
    <skipped/>
  </testcase> <!-- TC03_ASE_Firm_AutoApproval -->
  <testcase name="TC03_ASE_Firm_AutoApproval" time="0.002" classname="com.att.myprice.testcases.TC03_ASE_Firm_AutoApproval">
    <skipped/>
  </testcase> <!-- TC03_ASE_Firm_AutoApproval -->
  <testcase name="TC03_ASE_Firm_AutoApproval" time="0.001" classname="com.att.myprice.testcases.TC03_ASE_Firm_AutoApproval">
    <skipped/>
  </testcase> <!-- TC03_ASE_Firm_AutoApproval -->
  <testcase name="TC03_ASE_Firm_AutoApproval" time="0.001" classname="com.att.myprice.testcases.TC03_ASE_Firm_AutoApproval">
    <skipped/>
  </testcase> <!-- TC03_ASE_Firm_AutoApproval -->
  <testcase name="TC03_ASE_Firm_AutoApproval" time="0.005" classname="com.att.myprice.testcases.TC03_ASE_Firm_AutoApproval">
    <skipped/>
  </testcase> <!-- TC03_ASE_Firm_AutoApproval -->
  <testcase name="TC03_ASE_Firm_AutoApproval" time="0.001" classname="com.att.myprice.testcases.TC03_ASE_Firm_AutoApproval">
    <skipped/>
  </testcase> <!-- TC03_ASE_Firm_AutoApproval -->
  <testcase name="TC03_ASE_Firm_AutoApproval" time="0.001" classname="com.att.myprice.testcases.TC03_ASE_Firm_AutoApproval">
    <skipped/>
  </testcase> <!-- TC03_ASE_Firm_AutoApproval -->
  <testcase name="TC03_ASE_Firm_AutoApproval" time="0.001" classname="com.att.myprice.testcases.TC03_ASE_Firm_AutoApproval">
    <skipped/>
  </testcase> <!-- TC03_ASE_Firm_AutoApproval -->
  <testcase name="TC03_ASE_Firm_AutoApproval" time="0.000" classname="com.att.myprice.testcases.TC03_ASE_Firm_AutoApproval">
    <skipped/>
  </testcase> <!-- TC03_ASE_Firm_AutoApproval -->
  <testcase name="TC03_ASE_Firm_AutoApproval" time="0.002" classname="com.att.myprice.testcases.TC03_ASE_Firm_AutoApproval">
    <skipped/>
  </testcase> <!-- TC03_ASE_Firm_AutoApproval -->
  <testcase name="TC03_ASE_Firm_AutoApproval" time="0.002" classname="com.att.myprice.testcases.TC03_ASE_Firm_AutoApproval">
    <skipped/>
  </testcase> <!-- TC03_ASE_Firm_AutoApproval -->
  <testcase name="TC03_ASE_Firm_AutoApproval" time="0.001" classname="com.att.myprice.testcases.TC03_ASE_Firm_AutoApproval">
    <skipped/>
  </testcase> <!-- TC03_ASE_Firm_AutoApproval -->
  <testcase name="TC03_ASE_Firm_AutoApproval" time="0.000" classname="com.att.myprice.testcases.TC03_ASE_Firm_AutoApproval">
    <skipped/>
  </testcase> <!-- TC03_ASE_Firm_AutoApproval -->
  <testcase name="TC03_ASE_Firm_AutoApproval" time="0.001" classname="com.att.myprice.testcases.TC03_ASE_Firm_AutoApproval">
    <skipped/>
  </testcase> <!-- TC03_ASE_Firm_AutoApproval -->
  <testcase name="TC03_ASE_Firm_AutoApproval" time="0.000" classname="com.att.myprice.testcases.TC03_ASE_Firm_AutoApproval">
    <skipped/>
  </testcase> <!-- TC03_ASE_Firm_AutoApproval -->
  <testcase name="TC03_ASE_Firm_AutoApproval" time="0.001" classname="com.att.myprice.testcases.TC03_ASE_Firm_AutoApproval">
    <skipped/>
  </testcase> <!-- TC03_ASE_Firm_AutoApproval -->
  <testcase name="TC03_ASE_Firm_AutoApproval" time="0.001" classname="com.att.myprice.testcases.TC03_ASE_Firm_AutoApproval">
    <skipped/>
  </testcase> <!-- TC03_ASE_Firm_AutoApproval -->
  <testcase name="TC03_ASE_Firm_AutoApproval" time="0.000" classname="com.att.myprice.testcases.TC03_ASE_Firm_AutoApproval">
    <skipped/>
  </testcase> <!-- TC03_ASE_Firm_AutoApproval -->
  <testcase name="TC03_ASE_Firm_AutoApproval" time="0.001" classname="com.att.myprice.testcases.TC03_ASE_Firm_AutoApproval">
    <skipped/>
  </testcase> <!-- TC03_ASE_Firm_AutoApproval -->
  <testcase name="TC03_ASE_Firm_AutoApproval" time="0.005" classname="com.att.myprice.testcases.TC03_ASE_Firm_AutoApproval">
    <skipped/>
  </testcase> <!-- TC03_ASE_Firm_AutoApproval -->
  <testcase name="TC03_ASE_Firm_AutoApproval" time="0.001" classname="com.att.myprice.testcases.TC03_ASE_Firm_AutoApproval">
    <skipped/>
  </testcase> <!-- TC03_ASE_Firm_AutoApproval -->
  <testcase name="TC03_ASE_Firm_AutoApproval" time="0.000" classname="com.att.myprice.testcases.TC03_ASE_Firm_AutoApproval">
    <skipped/>
  </testcase> <!-- TC03_ASE_Firm_AutoApproval -->
  <testcase name="TC03_ASE_Firm_AutoApproval" time="0.001" classname="com.att.myprice.testcases.TC03_ASE_Firm_AutoApproval">
    <skipped/>
  </testcase> <!-- TC03_ASE_Firm_AutoApproval -->
  <testcase name="TC03_ASE_Firm_AutoApproval" time="0.001" classname="com.att.myprice.testcases.TC03_ASE_Firm_AutoApproval">
    <skipped/>
  </testcase> <!-- TC03_ASE_Firm_AutoApproval -->
  <testcase name="TC03_ASE_Firm_AutoApproval" time="0.001" classname="com.att.myprice.testcases.TC03_ASE_Firm_AutoApproval">
    <skipped/>
  </testcase> <!-- TC03_ASE_Firm_AutoApproval -->
  <testcase name="TC03_ASE_Firm_AutoApproval" time="0.001" classname="com.att.myprice.testcases.TC03_ASE_Firm_AutoApproval">
    <skipped/>
  </testcase> <!-- TC03_ASE_Firm_AutoApproval -->
  <testcase name="TC03_ASE_Firm_AutoApproval" time="0.001" classname="com.att.myprice.testcases.TC03_ASE_Firm_AutoApproval">
    <skipped/>
  </testcase> <!-- TC03_ASE_Firm_AutoApproval -->
  <testcase name="TC03_ASE_Firm_AutoApproval" time="0.001" classname="com.att.myprice.testcases.TC03_ASE_Firm_AutoApproval">
    <skipped/>
  </testcase> <!-- TC03_ASE_Firm_AutoApproval -->
  <testcase name="TC03_ASE_Firm_AutoApproval" time="0.001" classname="com.att.myprice.testcases.TC03_ASE_Firm_AutoApproval">
    <skipped/>
  </testcase> <!-- TC03_ASE_Firm_AutoApproval -->
  <testcase name="TC03_ASE_Firm_AutoApproval" time="0.002" classname="com.att.myprice.testcases.TC03_ASE_Firm_AutoApproval">
    <skipped/>
  </testcase> <!-- TC03_ASE_Firm_AutoApproval -->
  <testcase name="TC03_ASE_Firm_AutoApproval" time="0.001" classname="com.att.myprice.testcases.TC03_ASE_Firm_AutoApproval">
    <skipped/>
  </testcase> <!-- TC03_ASE_Firm_AutoApproval -->
  <testcase name="TC03_ASE_Firm_AutoApproval" time="0.000" classname="com.att.myprice.testcases.TC03_ASE_Firm_AutoApproval">
    <skipped/>
  </testcase> <!-- TC03_ASE_Firm_AutoApproval -->
  <testcase name="TC03_ASE_Firm_AutoApproval" time="0.002" classname="com.att.myprice.testcases.TC03_ASE_Firm_AutoApproval">
    <skipped/>
  </testcase> <!-- TC03_ASE_Firm_AutoApproval -->
  <testcase name="TC03_ASE_Firm_AutoApproval" time="0.001" classname="com.att.myprice.testcases.TC03_ASE_Firm_AutoApproval">
    <skipped/>
  </testcase> <!-- TC03_ASE_Firm_AutoApproval -->
  <testcase name="TC03_ASE_Firm_AutoApproval" time="0.001" classname="com.att.myprice.testcases.TC03_ASE_Firm_AutoApproval">
    <skipped/>
  </testcase> <!-- TC03_ASE_Firm_AutoApproval -->
  <testcase name="TC03_ASE_Firm_AutoApproval" time="0.002" classname="com.att.myprice.testcases.TC03_ASE_Firm_AutoApproval">
    <skipped/>
  </testcase> <!-- TC03_ASE_Firm_AutoApproval -->
  <testcase name="TC03_ASE_Firm_AutoApproval" time="0.001" classname="com.att.myprice.testcases.TC03_ASE_Firm_AutoApproval">
    <skipped/>
  </testcase> <!-- TC03_ASE_Firm_AutoApproval -->
  <testcase name="TC03_ASE_Firm_AutoApproval" time="0.002" classname="com.att.myprice.testcases.TC03_ASE_Firm_AutoApproval">
    <skipped/>
  </testcase> <!-- TC03_ASE_Firm_AutoApproval -->
  <testcase name="TC03_ASE_Firm_AutoApproval" time="0.001" classname="com.att.myprice.testcases.TC03_ASE_Firm_AutoApproval">
    <skipped/>
  </testcase> <!-- TC03_ASE_Firm_AutoApproval -->
  <testcase name="TC03_ASE_Firm_AutoApproval" time="0.001" classname="com.att.myprice.testcases.TC03_ASE_Firm_AutoApproval">
    <skipped/>
  </testcase> <!-- TC03_ASE_Firm_AutoApproval -->
  <testcase name="TC03_ASE_Firm_AutoApproval" time="0.001" classname="com.att.myprice.testcases.TC03_ASE_Firm_AutoApproval">
    <skipped/>
  </testcase> <!-- TC03_ASE_Firm_AutoApproval -->
  <testcase name="TC03_ASE_Firm_AutoApproval" time="0.002" classname="com.att.myprice.testcases.TC03_ASE_Firm_AutoApproval">
    <skipped/>
  </testcase> <!-- TC03_ASE_Firm_AutoApproval -->
  <testcase name="TC03_ASE_Firm_AutoApproval" time="0.001" classname="com.att.myprice.testcases.TC03_ASE_Firm_AutoApproval">
    <skipped/>
  </testcase> <!-- TC03_ASE_Firm_AutoApproval -->
  <testcase name="TC03_ASE_Firm_AutoApproval" time="0.001" classname="com.att.myprice.testcases.TC03_ASE_Firm_AutoApproval">
    <skipped/>
  </testcase> <!-- TC03_ASE_Firm_AutoApproval -->
  <testcase name="TC03_ASE_Firm_AutoApproval" time="0.001" classname="com.att.myprice.testcases.TC03_ASE_Firm_AutoApproval">
    <skipped/>
  </testcase> <!-- TC03_ASE_Firm_AutoApproval -->
  <testcase name="TC03_ASE_Firm_AutoApproval" time="0.001" classname="com.att.myprice.testcases.TC03_ASE_Firm_AutoApproval">
    <skipped/>
  </testcase> <!-- TC03_ASE_Firm_AutoApproval -->
  <testcase name="TC03_ASE_Firm_AutoApproval" time="0.001" classname="com.att.myprice.testcases.TC03_ASE_Firm_AutoApproval">
    <skipped/>
  </testcase> <!-- TC03_ASE_Firm_AutoApproval -->
  <testcase name="TC03_ASE_Firm_AutoApproval" time="0.001" classname="com.att.myprice.testcases.TC03_ASE_Firm_AutoApproval">
    <skipped/>
  </testcase> <!-- TC03_ASE_Firm_AutoApproval -->
  <testcase name="TC03_ASE_Firm_AutoApproval" time="0.000" classname="com.att.myprice.testcases.TC03_ASE_Firm_AutoApproval">
    <skipped/>
  </testcase> <!-- TC03_ASE_Firm_AutoApproval -->
  <testcase name="TC03_ASE_Firm_AutoApproval" time="0.001" classname="com.att.myprice.testcases.TC03_ASE_Firm_AutoApproval">
    <skipped/>
  </testcase> <!-- TC03_ASE_Firm_AutoApproval -->
  <testcase name="TC03_ASE_Firm_AutoApproval" time="0.001" classname="com.att.myprice.testcases.TC03_ASE_Firm_AutoApproval">
    <skipped/>
  </testcase> <!-- TC03_ASE_Firm_AutoApproval -->
  <testcase name="TC03_ASE_Firm_AutoApproval" time="0.001" classname="com.att.myprice.testcases.TC03_ASE_Firm_AutoApproval">
    <skipped/>
  </testcase> <!-- TC03_ASE_Firm_AutoApproval -->
  <testcase name="TC03_ASE_Firm_AutoApproval" time="0.001" classname="com.att.myprice.testcases.TC03_ASE_Firm_AutoApproval">
    <skipped/>
  </testcase> <!-- TC03_ASE_Firm_AutoApproval -->
  <testcase name="TC03_ASE_Firm_AutoApproval" time="0.000" classname="com.att.myprice.testcases.TC03_ASE_Firm_AutoApproval">
    <skipped/>
  </testcase> <!-- TC03_ASE_Firm_AutoApproval -->
  <testcase name="TC03_ASE_Firm_AutoApproval" time="0.000" classname="com.att.myprice.testcases.TC03_ASE_Firm_AutoApproval">
    <skipped/>
  </testcase> <!-- TC03_ASE_Firm_AutoApproval -->
  <testcase name="TC03_ASE_Firm_AutoApproval" time="0.000" classname="com.att.myprice.testcases.TC03_ASE_Firm_AutoApproval">
    <skipped/>
  </testcase> <!-- TC03_ASE_Firm_AutoApproval -->
  <testcase name="TC03_ASE_Firm_AutoApproval" time="0.001" classname="com.att.myprice.testcases.TC03_ASE_Firm_AutoApproval">
    <skipped/>
  </testcase> <!-- TC03_ASE_Firm_AutoApproval -->
  <testcase name="TC03_ASE_Firm_AutoApproval" time="0.001" classname="com.att.myprice.testcases.TC03_ASE_Firm_AutoApproval">
    <skipped/>
  </testcase> <!-- TC03_ASE_Firm_AutoApproval -->
  <testcase name="TC03_ASE_Firm_AutoApproval" time="0.001" classname="com.att.myprice.testcases.TC03_ASE_Firm_AutoApproval">
    <skipped/>
  </testcase> <!-- TC03_ASE_Firm_AutoApproval -->
  <testcase name="TC03_ASE_Firm_AutoApproval" time="0.001" classname="com.att.myprice.testcases.TC03_ASE_Firm_AutoApproval">
    <skipped/>
  </testcase> <!-- TC03_ASE_Firm_AutoApproval -->
  <testcase name="TC03_ASE_Firm_AutoApproval" time="0.000" classname="com.att.myprice.testcases.TC03_ASE_Firm_AutoApproval">
    <skipped/>
  </testcase> <!-- TC03_ASE_Firm_AutoApproval -->
  <testcase name="TC03_ASE_Firm_AutoApproval" time="0.001" classname="com.att.myprice.testcases.TC03_ASE_Firm_AutoApproval">
    <skipped/>
  </testcase> <!-- TC03_ASE_Firm_AutoApproval -->
  <testcase name="TC03_ASE_Firm_AutoApproval" time="0.000" classname="com.att.myprice.testcases.TC03_ASE_Firm_AutoApproval">
    <skipped/>
  </testcase> <!-- TC03_ASE_Firm_AutoApproval -->
</testsuite> <!-- com.att.myprice.testcases.TC03_ASE_Firm_AutoApproval -->
