<?xml version="1.0" encoding="UTF-8"?>
<!-- Generated by org.testng.reporters.JUnitReportReporter -->
<testsuite skipped="1" hostname="sramamo1" name="com.att.myprice.testcases.AdminLoginTest" tests="1" failures="0" timestamp="20 Sep 2019 11:48:46 GMT" time="0.001" errors="0">
  <testcase name="TestFail" time="0.001" classname="com.att.myprice.testcases.AdminLoginTest">
    <skipped/>
  </testcase> <!-- TestFail -->
</testsuite> <!-- com.att.myprice.testcases.AdminLoginTest -->
