<?xml version="1.0" encoding="UTF-8"?>
<!-- Generated by org.testng.reporters.JUnitReportReporter -->
<testsuite skipped="1" hostname="sramamo1" name="com.att.lemonade.testcases.TC05_My_SVIDS" tests="1" failures="0" timestamp="2020-09-09T12:12:18 IST" time="0.000" errors="0">
  <testcase name="TC05_My_SVIDS_Flow" time="0.000" classname="com.att.lemonade.testcases.TC05_My_SVIDS">
    <skipped/>
  </testcase> <!-- TC05_My_SVIDS_Flow -->
  <system-out/>
</testsuite> <!-- com.att.lemonade.testcases.TC05_My_SVIDS -->
