<?xml version="1.0" encoding="UTF-8"?>
<!-- Generated by org.testng.reporters.JUnitReportReporter -->
<testsuite skipped="1" hostname="sramamo1" name="com.att.lemonade.testcases.TC02_My_Accounts" tests="1" failures="0" timestamp="2020-09-09T12:12:18 IST" time="0.000" errors="0">
  <testcase name="TC02_My_Accounts_Flow" time="0.000" classname="com.att.lemonade.testcases.TC02_My_Accounts">
    <skipped/>
  </testcase> <!-- TC02_My_Accounts_Flow -->
  <system-out/>
</testsuite> <!-- com.att.lemonade.testcases.TC02_My_Accounts -->
