<?xml version="1.0" encoding="UTF-8"?>
<!-- Generated by org.testng.reporters.JUnitReportReporter -->
<testsuite skipped="499" hostname="sramamo1" name="com.att.myprice.testcases.TC09_ADE_Firm_MultiSite" tests="499" failures="0" timestamp="20 Sep 2019 11:48:46 GMT" time="1.798" errors="0">
  <testcase name="TC09_ADE_FIRM" time="0.001" classname="com.att.myprice.testcases.TC09_ADE_Firm_MultiSite">
    <skipped/>
  </testcase> <!-- TC09_ADE_FIRM -->
  <testcase name="TC09_ADE_FIRM" time="0.009" classname="com.att.myprice.testcases.TC09_ADE_Firm_MultiSite">
    <skipped/>
  </testcase> <!-- TC09_ADE_FIRM -->
  <testcase name="TC09_ADE_FIRM" time="0.007" classname="com.att.myprice.testcases.TC09_ADE_Firm_MultiSite">
    <skipped/>
  </testcase> <!-- TC09_ADE_FIRM -->
  <testcase name="TC09_ADE_FIRM" time="0.011" classname="com.att.myprice.testcases.TC09_ADE_Firm_MultiSite">
    <skipped/>
  </testcase> <!-- TC09_ADE_FIRM -->
  <testcase name="TC09_ADE_FIRM" time="0.002" classname="com.att.myprice.testcases.TC09_ADE_Firm_MultiSite">
    <skipped/>
  </testcase> <!-- TC09_ADE_FIRM -->
  <testcase name="TC09_ADE_FIRM" time="0.002" classname="com.att.myprice.testcases.TC09_ADE_Firm_MultiSite">
    <skipped/>
  </testcase> <!-- TC09_ADE_FIRM -->
  <testcase name="TC09_ADE_FIRM" time="0.016" classname="com.att.myprice.testcases.TC09_ADE_Firm_MultiSite">
    <skipped/>
  </testcase> <!-- TC09_ADE_FIRM -->
  <testcase name="TC09_ADE_FIRM" time="0.002" classname="com.att.myprice.testcases.TC09_ADE_Firm_MultiSite">
    <skipped/>
  </testcase> <!-- TC09_ADE_FIRM -->
  <testcase name="TC09_ADE_FIRM" time="0.001" classname="com.att.myprice.testcases.TC09_ADE_Firm_MultiSite">
    <skipped/>
  </testcase> <!-- TC09_ADE_FIRM -->
  <testcase name="TC09_ADE_FIRM" time="0.001" classname="com.att.myprice.testcases.TC09_ADE_Firm_MultiSite">
    <skipped/>
  </testcase> <!-- TC09_ADE_FIRM -->
  <testcase name="TC09_ADE_FIRM" time="0.001" classname="com.att.myprice.testcases.TC09_ADE_Firm_MultiSite">
    <skipped/>
  </testcase> <!-- TC09_ADE_FIRM -->
  <testcase name="TC09_ADE_FIRM" time="0.001" classname="com.att.myprice.testcases.TC09_ADE_Firm_MultiSite">
    <skipped/>
  </testcase> <!-- TC09_ADE_FIRM -->
  <testcase name="TC09_ADE_FIRM" time="0.002" classname="com.att.myprice.testcases.TC09_ADE_Firm_MultiSite">
    <skipped/>
  </testcase> <!-- TC09_ADE_FIRM -->
  <testcase name="TC09_ADE_FIRM" time="0.001" classname="com.att.myprice.testcases.TC09_ADE_Firm_MultiSite">
    <skipped/>
  </testcase> <!-- TC09_ADE_FIRM -->
  <testcase name="TC09_ADE_FIRM" time="0.003" classname="com.att.myprice.testcases.TC09_ADE_Firm_MultiSite">
    <skipped/>
  </testcase> <!-- TC09_ADE_FIRM -->
  <testcase name="TC09_ADE_FIRM" time="0.001" classname="com.att.myprice.testcases.TC09_ADE_Firm_MultiSite">
    <skipped/>
  </testcase> <!-- TC09_ADE_FIRM -->
  <testcase name="TC09_ADE_FIRM" time="0.001" classname="com.att.myprice.testcases.TC09_ADE_Firm_MultiSite">
    <skipped/>
  </testcase> <!-- TC09_ADE_FIRM -->
  <testcase name="TC09_ADE_FIRM" time="0.004" classname="com.att.myprice.testcases.TC09_ADE_Firm_MultiSite">
    <skipped/>
  </testcase> <!-- TC09_ADE_FIRM -->
  <testcase name="TC09_ADE_FIRM" time="0.009" classname="com.att.myprice.testcases.TC09_ADE_Firm_MultiSite">
    <skipped/>
  </testcase> <!-- TC09_ADE_FIRM -->
  <testcase name="TC09_ADE_FIRM" time="0.001" classname="com.att.myprice.testcases.TC09_ADE_Firm_MultiSite">
    <skipped/>
  </testcase> <!-- TC09_ADE_FIRM -->
  <testcase name="TC09_ADE_FIRM" time="0.001" classname="com.att.myprice.testcases.TC09_ADE_Firm_MultiSite">
    <skipped/>
  </testcase> <!-- TC09_ADE_FIRM -->
  <testcase name="TC09_ADE_FIRM" time="0.002" classname="com.att.myprice.testcases.TC09_ADE_Firm_MultiSite">
    <skipped/>
  </testcase> <!-- TC09_ADE_FIRM -->
  <testcase name="TC09_ADE_FIRM" time="0.001" classname="com.att.myprice.testcases.TC09_ADE_Firm_MultiSite">
    <skipped/>
  </testcase> <!-- TC09_ADE_FIRM -->
  <testcase name="TC09_ADE_FIRM" time="0.001" classname="com.att.myprice.testcases.TC09_ADE_Firm_MultiSite">
    <skipped/>
  </testcase> <!-- TC09_ADE_FIRM -->
  <testcase name="TC09_ADE_FIRM" time="0.001" classname="com.att.myprice.testcases.TC09_ADE_Firm_MultiSite">
    <skipped/>
  </testcase> <!-- TC09_ADE_FIRM -->
  <testcase name="TC09_ADE_FIRM" time="0.001" classname="com.att.myprice.testcases.TC09_ADE_Firm_MultiSite">
    <skipped/>
  </testcase> <!-- TC09_ADE_FIRM -->
  <testcase name="TC09_ADE_FIRM" time="0.001" classname="com.att.myprice.testcases.TC09_ADE_Firm_MultiSite">
    <skipped/>
  </testcase> <!-- TC09_ADE_FIRM -->
  <testcase name="TC09_ADE_FIRM" time="0.005" classname="com.att.myprice.testcases.TC09_ADE_Firm_MultiSite">
    <skipped/>
  </testcase> <!-- TC09_ADE_FIRM -->
  <testcase name="TC09_ADE_FIRM" time="0.002" classname="com.att.myprice.testcases.TC09_ADE_Firm_MultiSite">
    <skipped/>
  </testcase> <!-- TC09_ADE_FIRM -->
  <testcase name="TC09_ADE_FIRM" time="0.001" classname="com.att.myprice.testcases.TC09_ADE_Firm_MultiSite">
    <skipped/>
  </testcase> <!-- TC09_ADE_FIRM -->
  <testcase name="TC09_ADE_FIRM" time="0.007" classname="com.att.myprice.testcases.TC09_ADE_Firm_MultiSite">
    <skipped/>
  </testcase> <!-- TC09_ADE_FIRM -->
  <testcase name="TC09_ADE_FIRM" time="0.001" classname="com.att.myprice.testcases.TC09_ADE_Firm_MultiSite">
    <skipped/>
  </testcase> <!-- TC09_ADE_FIRM -->
  <testcase name="TC09_ADE_FIRM" time="0.000" classname="com.att.myprice.testcases.TC09_ADE_Firm_MultiSite">
    <skipped/>
  </testcase> <!-- TC09_ADE_FIRM -->
  <testcase name="TC09_ADE_FIRM" time="0.001" classname="com.att.myprice.testcases.TC09_ADE_Firm_MultiSite">
    <skipped/>
  </testcase> <!-- TC09_ADE_FIRM -->
  <testcase name="TC09_ADE_FIRM" time="0.002" classname="com.att.myprice.testcases.TC09_ADE_Firm_MultiSite">
    <skipped/>
  </testcase> <!-- TC09_ADE_FIRM -->
  <testcase name="TC09_ADE_FIRM" time="0.000" classname="com.att.myprice.testcases.TC09_ADE_Firm_MultiSite">
    <skipped/>
  </testcase> <!-- TC09_ADE_FIRM -->
  <testcase name="TC09_ADE_FIRM" time="0.006" classname="com.att.myprice.testcases.TC09_ADE_Firm_MultiSite">
    <skipped/>
  </testcase> <!-- TC09_ADE_FIRM -->
  <testcase name="TC09_ADE_FIRM" time="0.001" classname="com.att.myprice.testcases.TC09_ADE_Firm_MultiSite">
    <skipped/>
  </testcase> <!-- TC09_ADE_FIRM -->
  <testcase name="TC09_ADE_FIRM" time="0.004" classname="com.att.myprice.testcases.TC09_ADE_Firm_MultiSite">
    <skipped/>
  </testcase> <!-- TC09_ADE_FIRM -->
  <testcase name="TC09_ADE_FIRM" time="0.002" classname="com.att.myprice.testcases.TC09_ADE_Firm_MultiSite">
    <skipped/>
  </testcase> <!-- TC09_ADE_FIRM -->
  <testcase name="TC09_ADE_FIRM" time="0.002" classname="com.att.myprice.testcases.TC09_ADE_Firm_MultiSite">
    <skipped/>
  </testcase> <!-- TC09_ADE_FIRM -->
  <testcase name="TC09_ADE_FIRM" time="0.005" classname="com.att.myprice.testcases.TC09_ADE_Firm_MultiSite">
    <skipped/>
  </testcase> <!-- TC09_ADE_FIRM -->
  <testcase name="TC09_ADE_FIRM" time="0.002" classname="com.att.myprice.testcases.TC09_ADE_Firm_MultiSite">
    <skipped/>
  </testcase> <!-- TC09_ADE_FIRM -->
  <testcase name="TC09_ADE_FIRM" time="0.020" classname="com.att.myprice.testcases.TC09_ADE_Firm_MultiSite">
    <skipped/>
  </testcase> <!-- TC09_ADE_FIRM -->
  <testcase name="TC09_ADE_FIRM" time="0.002" classname="com.att.myprice.testcases.TC09_ADE_Firm_MultiSite">
    <skipped/>
  </testcase> <!-- TC09_ADE_FIRM -->
  <testcase name="TC09_ADE_FIRM" time="0.003" classname="com.att.myprice.testcases.TC09_ADE_Firm_MultiSite">
    <skipped/>
  </testcase> <!-- TC09_ADE_FIRM -->
  <testcase name="TC09_ADE_FIRM" time="0.001" classname="com.att.myprice.testcases.TC09_ADE_Firm_MultiSite">
    <skipped/>
  </testcase> <!-- TC09_ADE_FIRM -->
  <testcase name="TC09_ADE_FIRM" time="0.002" classname="com.att.myprice.testcases.TC09_ADE_Firm_MultiSite">
    <skipped/>
  </testcase> <!-- TC09_ADE_FIRM -->
  <testcase name="TC09_ADE_FIRM" time="0.019" classname="com.att.myprice.testcases.TC09_ADE_Firm_MultiSite">
    <skipped/>
  </testcase> <!-- TC09_ADE_FIRM -->
  <testcase name="TC09_ADE_FIRM" time="0.003" classname="com.att.myprice.testcases.TC09_ADE_Firm_MultiSite">
    <skipped/>
  </testcase> <!-- TC09_ADE_FIRM -->
  <testcase name="TC09_ADE_FIRM" time="0.002" classname="com.att.myprice.testcases.TC09_ADE_Firm_MultiSite">
    <skipped/>
  </testcase> <!-- TC09_ADE_FIRM -->
  <testcase name="TC09_ADE_FIRM" time="0.003" classname="com.att.myprice.testcases.TC09_ADE_Firm_MultiSite">
    <skipped/>
  </testcase> <!-- TC09_ADE_FIRM -->
  <testcase name="TC09_ADE_FIRM" time="0.001" classname="com.att.myprice.testcases.TC09_ADE_Firm_MultiSite">
    <skipped/>
  </testcase> <!-- TC09_ADE_FIRM -->
  <testcase name="TC09_ADE_FIRM" time="0.001" classname="com.att.myprice.testcases.TC09_ADE_Firm_MultiSite">
    <skipped/>
  </testcase> <!-- TC09_ADE_FIRM -->
  <testcase name="TC09_ADE_FIRM" time="0.002" classname="com.att.myprice.testcases.TC09_ADE_Firm_MultiSite">
    <skipped/>
  </testcase> <!-- TC09_ADE_FIRM -->
  <testcase name="TC09_ADE_FIRM" time="0.002" classname="com.att.myprice.testcases.TC09_ADE_Firm_MultiSite">
    <skipped/>
  </testcase> <!-- TC09_ADE_FIRM -->
  <testcase name="TC09_ADE_FIRM" time="0.002" classname="com.att.myprice.testcases.TC09_ADE_Firm_MultiSite">
    <skipped/>
  </testcase> <!-- TC09_ADE_FIRM -->
  <testcase name="TC09_ADE_FIRM" time="0.011" classname="com.att.myprice.testcases.TC09_ADE_Firm_MultiSite">
    <skipped/>
  </testcase> <!-- TC09_ADE_FIRM -->
  <testcase name="TC09_ADE_FIRM" time="0.001" classname="com.att.myprice.testcases.TC09_ADE_Firm_MultiSite">
    <skipped/>
  </testcase> <!-- TC09_ADE_FIRM -->
  <testcase name="TC09_ADE_FIRM" time="0.004" classname="com.att.myprice.testcases.TC09_ADE_Firm_MultiSite">
    <skipped/>
  </testcase> <!-- TC09_ADE_FIRM -->
  <testcase name="TC09_ADE_FIRM" time="0.001" classname="com.att.myprice.testcases.TC09_ADE_Firm_MultiSite">
    <skipped/>
  </testcase> <!-- TC09_ADE_FIRM -->
  <testcase name="TC09_ADE_FIRM" time="0.015" classname="com.att.myprice.testcases.TC09_ADE_Firm_MultiSite">
    <skipped/>
  </testcase> <!-- TC09_ADE_FIRM -->
  <testcase name="TC09_ADE_FIRM" time="0.002" classname="com.att.myprice.testcases.TC09_ADE_Firm_MultiSite">
    <skipped/>
  </testcase> <!-- TC09_ADE_FIRM -->
  <testcase name="TC09_ADE_FIRM" time="0.005" classname="com.att.myprice.testcases.TC09_ADE_Firm_MultiSite">
    <skipped/>
  </testcase> <!-- TC09_ADE_FIRM -->
  <testcase name="TC09_ADE_FIRM" time="0.002" classname="com.att.myprice.testcases.TC09_ADE_Firm_MultiSite">
    <skipped/>
  </testcase> <!-- TC09_ADE_FIRM -->
  <testcase name="TC09_ADE_FIRM" time="0.004" classname="com.att.myprice.testcases.TC09_ADE_Firm_MultiSite">
    <skipped/>
  </testcase> <!-- TC09_ADE_FIRM -->
  <testcase name="TC09_ADE_FIRM" time="0.001" classname="com.att.myprice.testcases.TC09_ADE_Firm_MultiSite">
    <skipped/>
  </testcase> <!-- TC09_ADE_FIRM -->
  <testcase name="TC09_ADE_FIRM" time="0.002" classname="com.att.myprice.testcases.TC09_ADE_Firm_MultiSite">
    <skipped/>
  </testcase> <!-- TC09_ADE_FIRM -->
  <testcase name="TC09_ADE_FIRM" time="0.003" classname="com.att.myprice.testcases.TC09_ADE_Firm_MultiSite">
    <skipped/>
  </testcase> <!-- TC09_ADE_FIRM -->
  <testcase name="TC09_ADE_FIRM" time="0.001" classname="com.att.myprice.testcases.TC09_ADE_Firm_MultiSite">
    <skipped/>
  </testcase> <!-- TC09_ADE_FIRM -->
  <testcase name="TC09_ADE_FIRM" time="0.001" classname="com.att.myprice.testcases.TC09_ADE_Firm_MultiSite">
    <skipped/>
  </testcase> <!-- TC09_ADE_FIRM -->
  <testcase name="TC09_ADE_FIRM" time="0.001" classname="com.att.myprice.testcases.TC09_ADE_Firm_MultiSite">
    <skipped/>
  </testcase> <!-- TC09_ADE_FIRM -->
  <testcase name="TC09_ADE_FIRM" time="0.001" classname="com.att.myprice.testcases.TC09_ADE_Firm_MultiSite">
    <skipped/>
  </testcase> <!-- TC09_ADE_FIRM -->
  <testcase name="TC09_ADE_FIRM" time="0.001" classname="com.att.myprice.testcases.TC09_ADE_Firm_MultiSite">
    <skipped/>
  </testcase> <!-- TC09_ADE_FIRM -->
  <testcase name="TC09_ADE_FIRM" time="0.001" classname="com.att.myprice.testcases.TC09_ADE_Firm_MultiSite">
    <skipped/>
  </testcase> <!-- TC09_ADE_FIRM -->
  <testcase name="TC09_ADE_FIRM" time="0.003" classname="com.att.myprice.testcases.TC09_ADE_Firm_MultiSite">
    <skipped/>
  </testcase> <!-- TC09_ADE_FIRM -->
  <testcase name="TC09_ADE_FIRM" time="0.001" classname="com.att.myprice.testcases.TC09_ADE_Firm_MultiSite">
    <skipped/>
  </testcase> <!-- TC09_ADE_FIRM -->
  <testcase name="TC09_ADE_FIRM" time="0.001" classname="com.att.myprice.testcases.TC09_ADE_Firm_MultiSite">
    <skipped/>
  </testcase> <!-- TC09_ADE_FIRM -->
  <testcase name="TC09_ADE_FIRM" time="0.002" classname="com.att.myprice.testcases.TC09_ADE_Firm_MultiSite">
    <skipped/>
  </testcase> <!-- TC09_ADE_FIRM -->
  <testcase name="TC09_ADE_FIRM" time="0.001" classname="com.att.myprice.testcases.TC09_ADE_Firm_MultiSite">
    <skipped/>
  </testcase> <!-- TC09_ADE_FIRM -->
  <testcase name="TC09_ADE_FIRM" time="0.001" classname="com.att.myprice.testcases.TC09_ADE_Firm_MultiSite">
    <skipped/>
  </testcase> <!-- TC09_ADE_FIRM -->
  <testcase name="TC09_ADE_FIRM" time="0.000" classname="com.att.myprice.testcases.TC09_ADE_Firm_MultiSite">
    <skipped/>
  </testcase> <!-- TC09_ADE_FIRM -->
  <testcase name="TC09_ADE_FIRM" time="0.000" classname="com.att.myprice.testcases.TC09_ADE_Firm_MultiSite">
    <skipped/>
  </testcase> <!-- TC09_ADE_FIRM -->
  <testcase name="TC09_ADE_FIRM" time="0.001" classname="com.att.myprice.testcases.TC09_ADE_Firm_MultiSite">
    <skipped/>
  </testcase> <!-- TC09_ADE_FIRM -->
  <testcase name="TC09_ADE_FIRM" time="0.003" classname="com.att.myprice.testcases.TC09_ADE_Firm_MultiSite">
    <skipped/>
  </testcase> <!-- TC09_ADE_FIRM -->
  <testcase name="TC09_ADE_FIRM" time="0.000" classname="com.att.myprice.testcases.TC09_ADE_Firm_MultiSite">
    <skipped/>
  </testcase> <!-- TC09_ADE_FIRM -->
  <testcase name="TC09_ADE_FIRM" time="0.013" classname="com.att.myprice.testcases.TC09_ADE_Firm_MultiSite">
    <skipped/>
  </testcase> <!-- TC09_ADE_FIRM -->
  <testcase name="TC09_ADE_FIRM" time="0.001" classname="com.att.myprice.testcases.TC09_ADE_Firm_MultiSite">
    <skipped/>
  </testcase> <!-- TC09_ADE_FIRM -->
  <testcase name="TC09_ADE_FIRM" time="0.001" classname="com.att.myprice.testcases.TC09_ADE_Firm_MultiSite">
    <skipped/>
  </testcase> <!-- TC09_ADE_FIRM -->
  <testcase name="TC09_ADE_FIRM" time="0.002" classname="com.att.myprice.testcases.TC09_ADE_Firm_MultiSite">
    <skipped/>
  </testcase> <!-- TC09_ADE_FIRM -->
  <testcase name="TC09_ADE_FIRM" time="0.001" classname="com.att.myprice.testcases.TC09_ADE_Firm_MultiSite">
    <skipped/>
  </testcase> <!-- TC09_ADE_FIRM -->
  <testcase name="TC09_ADE_FIRM" time="0.009" classname="com.att.myprice.testcases.TC09_ADE_Firm_MultiSite">
    <skipped/>
  </testcase> <!-- TC09_ADE_FIRM -->
  <testcase name="TC09_ADE_FIRM" time="0.002" classname="com.att.myprice.testcases.TC09_ADE_Firm_MultiSite">
    <skipped/>
  </testcase> <!-- TC09_ADE_FIRM -->
  <testcase name="TC09_ADE_FIRM" time="0.006" classname="com.att.myprice.testcases.TC09_ADE_Firm_MultiSite">
    <skipped/>
  </testcase> <!-- TC09_ADE_FIRM -->
  <testcase name="TC09_ADE_FIRM" time="0.002" classname="com.att.myprice.testcases.TC09_ADE_Firm_MultiSite">
    <skipped/>
  </testcase> <!-- TC09_ADE_FIRM -->
  <testcase name="TC09_ADE_FIRM" time="0.002" classname="com.att.myprice.testcases.TC09_ADE_Firm_MultiSite">
    <skipped/>
  </testcase> <!-- TC09_ADE_FIRM -->
  <testcase name="TC09_ADE_FIRM" time="0.001" classname="com.att.myprice.testcases.TC09_ADE_Firm_MultiSite">
    <skipped/>
  </testcase> <!-- TC09_ADE_FIRM -->
  <testcase name="TC09_ADE_FIRM" time="0.001" classname="com.att.myprice.testcases.TC09_ADE_Firm_MultiSite">
    <skipped/>
  </testcase> <!-- TC09_ADE_FIRM -->
  <testcase name="TC09_ADE_FIRM" time="0.002" classname="com.att.myprice.testcases.TC09_ADE_Firm_MultiSite">
    <skipped/>
  </testcase> <!-- TC09_ADE_FIRM -->
  <testcase name="TC09_ADE_FIRM" time="0.002" classname="com.att.myprice.testcases.TC09_ADE_Firm_MultiSite">
    <skipped/>
  </testcase> <!-- TC09_ADE_FIRM -->
  <testcase name="TC09_ADE_FIRM" time="0.002" classname="com.att.myprice.testcases.TC09_ADE_Firm_MultiSite">
    <skipped/>
  </testcase> <!-- TC09_ADE_FIRM -->
  <testcase name="TC09_ADE_FIRM" time="0.003" classname="com.att.myprice.testcases.TC09_ADE_Firm_MultiSite">
    <skipped/>
  </testcase> <!-- TC09_ADE_FIRM -->
  <testcase name="TC09_ADE_FIRM" time="0.001" classname="com.att.myprice.testcases.TC09_ADE_Firm_MultiSite">
    <skipped/>
  </testcase> <!-- TC09_ADE_FIRM -->
  <testcase name="TC09_ADE_FIRM" time="0.001" classname="com.att.myprice.testcases.TC09_ADE_Firm_MultiSite">
    <skipped/>
  </testcase> <!-- TC09_ADE_FIRM -->
  <testcase name="TC09_ADE_FIRM" time="0.005" classname="com.att.myprice.testcases.TC09_ADE_Firm_MultiSite">
    <skipped/>
  </testcase> <!-- TC09_ADE_FIRM -->
  <testcase name="TC09_ADE_FIRM" time="0.004" classname="com.att.myprice.testcases.TC09_ADE_Firm_MultiSite">
    <skipped/>
  </testcase> <!-- TC09_ADE_FIRM -->
  <testcase name="TC09_ADE_FIRM" time="0.001" classname="com.att.myprice.testcases.TC09_ADE_Firm_MultiSite">
    <skipped/>
  </testcase> <!-- TC09_ADE_FIRM -->
  <testcase name="TC09_ADE_FIRM" time="0.002" classname="com.att.myprice.testcases.TC09_ADE_Firm_MultiSite">
    <skipped/>
  </testcase> <!-- TC09_ADE_FIRM -->
  <testcase name="TC09_ADE_FIRM" time="0.001" classname="com.att.myprice.testcases.TC09_ADE_Firm_MultiSite">
    <skipped/>
  </testcase> <!-- TC09_ADE_FIRM -->
  <testcase name="TC09_ADE_FIRM" time="0.002" classname="com.att.myprice.testcases.TC09_ADE_Firm_MultiSite">
    <skipped/>
  </testcase> <!-- TC09_ADE_FIRM -->
  <testcase name="TC09_ADE_FIRM" time="0.002" classname="com.att.myprice.testcases.TC09_ADE_Firm_MultiSite">
    <skipped/>
  </testcase> <!-- TC09_ADE_FIRM -->
  <testcase name="TC09_ADE_FIRM" time="0.004" classname="com.att.myprice.testcases.TC09_ADE_Firm_MultiSite">
    <skipped/>
  </testcase> <!-- TC09_ADE_FIRM -->
  <testcase name="TC09_ADE_FIRM" time="0.003" classname="com.att.myprice.testcases.TC09_ADE_Firm_MultiSite">
    <skipped/>
  </testcase> <!-- TC09_ADE_FIRM -->
  <testcase name="TC09_ADE_FIRM" time="0.004" classname="com.att.myprice.testcases.TC09_ADE_Firm_MultiSite">
    <skipped/>
  </testcase> <!-- TC09_ADE_FIRM -->
  <testcase name="TC09_ADE_FIRM" time="0.005" classname="com.att.myprice.testcases.TC09_ADE_Firm_MultiSite">
    <skipped/>
  </testcase> <!-- TC09_ADE_FIRM -->
  <testcase name="TC09_ADE_FIRM" time="0.006" classname="com.att.myprice.testcases.TC09_ADE_Firm_MultiSite">
    <skipped/>
  </testcase> <!-- TC09_ADE_FIRM -->
  <testcase name="TC09_ADE_FIRM" time="0.001" classname="com.att.myprice.testcases.TC09_ADE_Firm_MultiSite">
    <skipped/>
  </testcase> <!-- TC09_ADE_FIRM -->
  <testcase name="TC09_ADE_FIRM" time="0.004" classname="com.att.myprice.testcases.TC09_ADE_Firm_MultiSite">
    <skipped/>
  </testcase> <!-- TC09_ADE_FIRM -->
  <testcase name="TC09_ADE_FIRM" time="0.001" classname="com.att.myprice.testcases.TC09_ADE_Firm_MultiSite">
    <skipped/>
  </testcase> <!-- TC09_ADE_FIRM -->
  <testcase name="TC09_ADE_FIRM" time="0.005" classname="com.att.myprice.testcases.TC09_ADE_Firm_MultiSite">
    <skipped/>
  </testcase> <!-- TC09_ADE_FIRM -->
  <testcase name="TC09_ADE_FIRM" time="0.002" classname="com.att.myprice.testcases.TC09_ADE_Firm_MultiSite">
    <skipped/>
  </testcase> <!-- TC09_ADE_FIRM -->
  <testcase name="TC09_ADE_FIRM" time="0.002" classname="com.att.myprice.testcases.TC09_ADE_Firm_MultiSite">
    <skipped/>
  </testcase> <!-- TC09_ADE_FIRM -->
  <testcase name="TC09_ADE_FIRM" time="0.005" classname="com.att.myprice.testcases.TC09_ADE_Firm_MultiSite">
    <skipped/>
  </testcase> <!-- TC09_ADE_FIRM -->
  <testcase name="TC09_ADE_FIRM" time="0.005" classname="com.att.myprice.testcases.TC09_ADE_Firm_MultiSite">
    <skipped/>
  </testcase> <!-- TC09_ADE_FIRM -->
  <testcase name="TC09_ADE_FIRM" time="0.003" classname="com.att.myprice.testcases.TC09_ADE_Firm_MultiSite">
    <skipped/>
  </testcase> <!-- TC09_ADE_FIRM -->
  <testcase name="TC09_ADE_FIRM" time="0.006" classname="com.att.myprice.testcases.TC09_ADE_Firm_MultiSite">
    <skipped/>
  </testcase> <!-- TC09_ADE_FIRM -->
  <testcase name="TC09_ADE_FIRM" time="0.001" classname="com.att.myprice.testcases.TC09_ADE_Firm_MultiSite">
    <skipped/>
  </testcase> <!-- TC09_ADE_FIRM -->
  <testcase name="TC09_ADE_FIRM" time="0.001" classname="com.att.myprice.testcases.TC09_ADE_Firm_MultiSite">
    <skipped/>
  </testcase> <!-- TC09_ADE_FIRM -->
  <testcase name="TC09_ADE_FIRM" time="0.000" classname="com.att.myprice.testcases.TC09_ADE_Firm_MultiSite">
    <skipped/>
  </testcase> <!-- TC09_ADE_FIRM -->
  <testcase name="TC09_ADE_FIRM" time="0.002" classname="com.att.myprice.testcases.TC09_ADE_Firm_MultiSite">
    <skipped/>
  </testcase> <!-- TC09_ADE_FIRM -->
  <testcase name="TC09_ADE_FIRM" time="0.001" classname="com.att.myprice.testcases.TC09_ADE_Firm_MultiSite">
    <skipped/>
  </testcase> <!-- TC09_ADE_FIRM -->
  <testcase name="TC09_ADE_FIRM" time="0.001" classname="com.att.myprice.testcases.TC09_ADE_Firm_MultiSite">
    <skipped/>
  </testcase> <!-- TC09_ADE_FIRM -->
  <testcase name="TC09_ADE_FIRM" time="0.001" classname="com.att.myprice.testcases.TC09_ADE_Firm_MultiSite">
    <skipped/>
  </testcase> <!-- TC09_ADE_FIRM -->
  <testcase name="TC09_ADE_FIRM" time="0.001" classname="com.att.myprice.testcases.TC09_ADE_Firm_MultiSite">
    <skipped/>
  </testcase> <!-- TC09_ADE_FIRM -->
  <testcase name="TC09_ADE_FIRM" time="0.005" classname="com.att.myprice.testcases.TC09_ADE_Firm_MultiSite">
    <skipped/>
  </testcase> <!-- TC09_ADE_FIRM -->
  <testcase name="TC09_ADE_FIRM" time="0.002" classname="com.att.myprice.testcases.TC09_ADE_Firm_MultiSite">
    <skipped/>
  </testcase> <!-- TC09_ADE_FIRM -->
  <testcase name="TC09_ADE_FIRM" time="0.002" classname="com.att.myprice.testcases.TC09_ADE_Firm_MultiSite">
    <skipped/>
  </testcase> <!-- TC09_ADE_FIRM -->
  <testcase name="TC09_ADE_FIRM" time="0.002" classname="com.att.myprice.testcases.TC09_ADE_Firm_MultiSite">
    <skipped/>
  </testcase> <!-- TC09_ADE_FIRM -->
  <testcase name="TC09_ADE_FIRM" time="0.003" classname="com.att.myprice.testcases.TC09_ADE_Firm_MultiSite">
    <skipped/>
  </testcase> <!-- TC09_ADE_FIRM -->
  <testcase name="TC09_ADE_FIRM" time="0.002" classname="com.att.myprice.testcases.TC09_ADE_Firm_MultiSite">
    <skipped/>
  </testcase> <!-- TC09_ADE_FIRM -->
  <testcase name="TC09_ADE_FIRM" time="0.001" classname="com.att.myprice.testcases.TC09_ADE_Firm_MultiSite">
    <skipped/>
  </testcase> <!-- TC09_ADE_FIRM -->
  <testcase name="TC09_ADE_FIRM" time="0.001" classname="com.att.myprice.testcases.TC09_ADE_Firm_MultiSite">
    <skipped/>
  </testcase> <!-- TC09_ADE_FIRM -->
  <testcase name="TC09_ADE_FIRM" time="0.005" classname="com.att.myprice.testcases.TC09_ADE_Firm_MultiSite">
    <skipped/>
  </testcase> <!-- TC09_ADE_FIRM -->
  <testcase name="TC09_ADE_FIRM" time="0.001" classname="com.att.myprice.testcases.TC09_ADE_Firm_MultiSite">
    <skipped/>
  </testcase> <!-- TC09_ADE_FIRM -->
  <testcase name="TC09_ADE_FIRM" time="0.001" classname="com.att.myprice.testcases.TC09_ADE_Firm_MultiSite">
    <skipped/>
  </testcase> <!-- TC09_ADE_FIRM -->
  <testcase name="TC09_ADE_FIRM" time="0.001" classname="com.att.myprice.testcases.TC09_ADE_Firm_MultiSite">
    <skipped/>
  </testcase> <!-- TC09_ADE_FIRM -->
  <testcase name="TC09_ADE_FIRM" time="0.002" classname="com.att.myprice.testcases.TC09_ADE_Firm_MultiSite">
    <skipped/>
  </testcase> <!-- TC09_ADE_FIRM -->
  <testcase name="TC09_ADE_FIRM" time="0.001" classname="com.att.myprice.testcases.TC09_ADE_Firm_MultiSite">
    <skipped/>
  </testcase> <!-- TC09_ADE_FIRM -->
  <testcase name="TC09_ADE_FIRM" time="0.005" classname="com.att.myprice.testcases.TC09_ADE_Firm_MultiSite">
    <skipped/>
  </testcase> <!-- TC09_ADE_FIRM -->
  <testcase name="TC09_ADE_FIRM" time="0.002" classname="com.att.myprice.testcases.TC09_ADE_Firm_MultiSite">
    <skipped/>
  </testcase> <!-- TC09_ADE_FIRM -->
  <testcase name="TC09_ADE_FIRM" time="0.003" classname="com.att.myprice.testcases.TC09_ADE_Firm_MultiSite">
    <skipped/>
  </testcase> <!-- TC09_ADE_FIRM -->
  <testcase name="TC09_ADE_FIRM" time="0.003" classname="com.att.myprice.testcases.TC09_ADE_Firm_MultiSite">
    <skipped/>
  </testcase> <!-- TC09_ADE_FIRM -->
  <testcase name="TC09_ADE_FIRM" time="0.001" classname="com.att.myprice.testcases.TC09_ADE_Firm_MultiSite">
    <skipped/>
  </testcase> <!-- TC09_ADE_FIRM -->
  <testcase name="TC09_ADE_FIRM" time="0.002" classname="com.att.myprice.testcases.TC09_ADE_Firm_MultiSite">
    <skipped/>
  </testcase> <!-- TC09_ADE_FIRM -->
  <testcase name="TC09_ADE_FIRM" time="0.001" classname="com.att.myprice.testcases.TC09_ADE_Firm_MultiSite">
    <skipped/>
  </testcase> <!-- TC09_ADE_FIRM -->
  <testcase name="TC09_ADE_FIRM" time="0.015" classname="com.att.myprice.testcases.TC09_ADE_Firm_MultiSite">
    <skipped/>
  </testcase> <!-- TC09_ADE_FIRM -->
  <testcase name="TC09_ADE_FIRM" time="0.001" classname="com.att.myprice.testcases.TC09_ADE_Firm_MultiSite">
    <skipped/>
  </testcase> <!-- TC09_ADE_FIRM -->
  <testcase name="TC09_ADE_FIRM" time="0.001" classname="com.att.myprice.testcases.TC09_ADE_Firm_MultiSite">
    <skipped/>
  </testcase> <!-- TC09_ADE_FIRM -->
  <testcase name="TC09_ADE_FIRM" time="0.002" classname="com.att.myprice.testcases.TC09_ADE_Firm_MultiSite">
    <skipped/>
  </testcase> <!-- TC09_ADE_FIRM -->
  <testcase name="TC09_ADE_FIRM" time="0.002" classname="com.att.myprice.testcases.TC09_ADE_Firm_MultiSite">
    <skipped/>
  </testcase> <!-- TC09_ADE_FIRM -->
  <testcase name="TC09_ADE_FIRM" time="0.001" classname="com.att.myprice.testcases.TC09_ADE_Firm_MultiSite">
    <skipped/>
  </testcase> <!-- TC09_ADE_FIRM -->
  <testcase name="TC09_ADE_FIRM" time="0.002" classname="com.att.myprice.testcases.TC09_ADE_Firm_MultiSite">
    <skipped/>
  </testcase> <!-- TC09_ADE_FIRM -->
  <testcase name="TC09_ADE_FIRM" time="0.007" classname="com.att.myprice.testcases.TC09_ADE_Firm_MultiSite">
    <skipped/>
  </testcase> <!-- TC09_ADE_FIRM -->
  <testcase name="TC09_ADE_FIRM" time="0.002" classname="com.att.myprice.testcases.TC09_ADE_Firm_MultiSite">
    <skipped/>
  </testcase> <!-- TC09_ADE_FIRM -->
  <testcase name="TC09_ADE_FIRM" time="0.003" classname="com.att.myprice.testcases.TC09_ADE_Firm_MultiSite">
    <skipped/>
  </testcase> <!-- TC09_ADE_FIRM -->
  <testcase name="TC09_ADE_FIRM" time="0.005" classname="com.att.myprice.testcases.TC09_ADE_Firm_MultiSite">
    <skipped/>
  </testcase> <!-- TC09_ADE_FIRM -->
  <testcase name="TC09_ADE_FIRM" time="0.001" classname="com.att.myprice.testcases.TC09_ADE_Firm_MultiSite">
    <skipped/>
  </testcase> <!-- TC09_ADE_FIRM -->
  <testcase name="TC09_ADE_FIRM" time="0.003" classname="com.att.myprice.testcases.TC09_ADE_Firm_MultiSite">
    <skipped/>
  </testcase> <!-- TC09_ADE_FIRM -->
  <testcase name="TC09_ADE_FIRM" time="0.002" classname="com.att.myprice.testcases.TC09_ADE_Firm_MultiSite">
    <skipped/>
  </testcase> <!-- TC09_ADE_FIRM -->
  <testcase name="TC09_ADE_FIRM" time="0.001" classname="com.att.myprice.testcases.TC09_ADE_Firm_MultiSite">
    <skipped/>
  </testcase> <!-- TC09_ADE_FIRM -->
  <testcase name="TC09_ADE_FIRM" time="0.002" classname="com.att.myprice.testcases.TC09_ADE_Firm_MultiSite">
    <skipped/>
  </testcase> <!-- TC09_ADE_FIRM -->
  <testcase name="TC09_ADE_FIRM" time="0.003" classname="com.att.myprice.testcases.TC09_ADE_Firm_MultiSite">
    <skipped/>
  </testcase> <!-- TC09_ADE_FIRM -->
  <testcase name="TC09_ADE_FIRM" time="0.002" classname="com.att.myprice.testcases.TC09_ADE_Firm_MultiSite">
    <skipped/>
  </testcase> <!-- TC09_ADE_FIRM -->
  <testcase name="TC09_ADE_FIRM" time="0.001" classname="com.att.myprice.testcases.TC09_ADE_Firm_MultiSite">
    <skipped/>
  </testcase> <!-- TC09_ADE_FIRM -->
  <testcase name="TC09_ADE_FIRM" time="0.006" classname="com.att.myprice.testcases.TC09_ADE_Firm_MultiSite">
    <skipped/>
  </testcase> <!-- TC09_ADE_FIRM -->
  <testcase name="TC09_ADE_FIRM" time="0.008" classname="com.att.myprice.testcases.TC09_ADE_Firm_MultiSite">
    <skipped/>
  </testcase> <!-- TC09_ADE_FIRM -->
  <testcase name="TC09_ADE_FIRM" time="0.001" classname="com.att.myprice.testcases.TC09_ADE_Firm_MultiSite">
    <skipped/>
  </testcase> <!-- TC09_ADE_FIRM -->
  <testcase name="TC09_ADE_FIRM" time="0.001" classname="com.att.myprice.testcases.TC09_ADE_Firm_MultiSite">
    <skipped/>
  </testcase> <!-- TC09_ADE_FIRM -->
  <testcase name="TC09_ADE_FIRM" time="0.001" classname="com.att.myprice.testcases.TC09_ADE_Firm_MultiSite">
    <skipped/>
  </testcase> <!-- TC09_ADE_FIRM -->
  <testcase name="TC09_ADE_FIRM" time="0.003" classname="com.att.myprice.testcases.TC09_ADE_Firm_MultiSite">
    <skipped/>
  </testcase> <!-- TC09_ADE_FIRM -->
  <testcase name="TC09_ADE_FIRM" time="0.004" classname="com.att.myprice.testcases.TC09_ADE_Firm_MultiSite">
    <skipped/>
  </testcase> <!-- TC09_ADE_FIRM -->
  <testcase name="TC09_ADE_FIRM" time="0.002" classname="com.att.myprice.testcases.TC09_ADE_Firm_MultiSite">
    <skipped/>
  </testcase> <!-- TC09_ADE_FIRM -->
  <testcase name="TC09_ADE_FIRM" time="0.001" classname="com.att.myprice.testcases.TC09_ADE_Firm_MultiSite">
    <skipped/>
  </testcase> <!-- TC09_ADE_FIRM -->
  <testcase name="TC09_ADE_FIRM" time="0.003" classname="com.att.myprice.testcases.TC09_ADE_Firm_MultiSite">
    <skipped/>
  </testcase> <!-- TC09_ADE_FIRM -->
  <testcase name="TC09_ADE_FIRM" time="0.001" classname="com.att.myprice.testcases.TC09_ADE_Firm_MultiSite">
    <skipped/>
  </testcase> <!-- TC09_ADE_FIRM -->
  <testcase name="TC09_ADE_FIRM" time="0.001" classname="com.att.myprice.testcases.TC09_ADE_Firm_MultiSite">
    <skipped/>
  </testcase> <!-- TC09_ADE_FIRM -->
  <testcase name="TC09_ADE_FIRM" time="0.010" classname="com.att.myprice.testcases.TC09_ADE_Firm_MultiSite">
    <skipped/>
  </testcase> <!-- TC09_ADE_FIRM -->
  <testcase name="TC09_ADE_FIRM" time="0.004" classname="com.att.myprice.testcases.TC09_ADE_Firm_MultiSite">
    <skipped/>
  </testcase> <!-- TC09_ADE_FIRM -->
  <testcase name="TC09_ADE_FIRM" time="0.001" classname="com.att.myprice.testcases.TC09_ADE_Firm_MultiSite">
    <skipped/>
  </testcase> <!-- TC09_ADE_FIRM -->
  <testcase name="TC09_ADE_FIRM" time="0.002" classname="com.att.myprice.testcases.TC09_ADE_Firm_MultiSite">
    <skipped/>
  </testcase> <!-- TC09_ADE_FIRM -->
  <testcase name="TC09_ADE_FIRM" time="0.001" classname="com.att.myprice.testcases.TC09_ADE_Firm_MultiSite">
    <skipped/>
  </testcase> <!-- TC09_ADE_FIRM -->
  <testcase name="TC09_ADE_FIRM" time="0.001" classname="com.att.myprice.testcases.TC09_ADE_Firm_MultiSite">
    <skipped/>
  </testcase> <!-- TC09_ADE_FIRM -->
  <testcase name="TC09_ADE_FIRM" time="0.001" classname="com.att.myprice.testcases.TC09_ADE_Firm_MultiSite">
    <skipped/>
  </testcase> <!-- TC09_ADE_FIRM -->
  <testcase name="TC09_ADE_FIRM" time="0.004" classname="com.att.myprice.testcases.TC09_ADE_Firm_MultiSite">
    <skipped/>
  </testcase> <!-- TC09_ADE_FIRM -->
  <testcase name="TC09_ADE_FIRM" time="0.005" classname="com.att.myprice.testcases.TC09_ADE_Firm_MultiSite">
    <skipped/>
  </testcase> <!-- TC09_ADE_FIRM -->
  <testcase name="TC09_ADE_FIRM" time="0.001" classname="com.att.myprice.testcases.TC09_ADE_Firm_MultiSite">
    <skipped/>
  </testcase> <!-- TC09_ADE_FIRM -->
  <testcase name="TC09_ADE_FIRM" time="0.002" classname="com.att.myprice.testcases.TC09_ADE_Firm_MultiSite">
    <skipped/>
  </testcase> <!-- TC09_ADE_FIRM -->
  <testcase name="TC09_ADE_FIRM" time="0.001" classname="com.att.myprice.testcases.TC09_ADE_Firm_MultiSite">
    <skipped/>
  </testcase> <!-- TC09_ADE_FIRM -->
  <testcase name="TC09_ADE_FIRM" time="0.002" classname="com.att.myprice.testcases.TC09_ADE_Firm_MultiSite">
    <skipped/>
  </testcase> <!-- TC09_ADE_FIRM -->
  <testcase name="TC09_ADE_FIRM" time="0.002" classname="com.att.myprice.testcases.TC09_ADE_Firm_MultiSite">
    <skipped/>
  </testcase> <!-- TC09_ADE_FIRM -->
  <testcase name="TC09_ADE_FIRM" time="0.021" classname="com.att.myprice.testcases.TC09_ADE_Firm_MultiSite">
    <skipped/>
  </testcase> <!-- TC09_ADE_FIRM -->
  <testcase name="TC09_ADE_FIRM" time="0.001" classname="com.att.myprice.testcases.TC09_ADE_Firm_MultiSite">
    <skipped/>
  </testcase> <!-- TC09_ADE_FIRM -->
  <testcase name="TC09_ADE_FIRM" time="0.002" classname="com.att.myprice.testcases.TC09_ADE_Firm_MultiSite">
    <skipped/>
  </testcase> <!-- TC09_ADE_FIRM -->
  <testcase name="TC09_ADE_FIRM" time="0.078" classname="com.att.myprice.testcases.TC09_ADE_Firm_MultiSite">
    <skipped/>
  </testcase> <!-- TC09_ADE_FIRM -->
  <testcase name="TC09_ADE_FIRM" time="0.002" classname="com.att.myprice.testcases.TC09_ADE_Firm_MultiSite">
    <skipped/>
  </testcase> <!-- TC09_ADE_FIRM -->
  <testcase name="TC09_ADE_FIRM" time="0.001" classname="com.att.myprice.testcases.TC09_ADE_Firm_MultiSite">
    <skipped/>
  </testcase> <!-- TC09_ADE_FIRM -->
  <testcase name="TC09_ADE_FIRM" time="0.002" classname="com.att.myprice.testcases.TC09_ADE_Firm_MultiSite">
    <skipped/>
  </testcase> <!-- TC09_ADE_FIRM -->
  <testcase name="TC09_ADE_FIRM" time="0.002" classname="com.att.myprice.testcases.TC09_ADE_Firm_MultiSite">
    <skipped/>
  </testcase> <!-- TC09_ADE_FIRM -->
  <testcase name="TC09_ADE_FIRM" time="0.054" classname="com.att.myprice.testcases.TC09_ADE_Firm_MultiSite">
    <skipped/>
  </testcase> <!-- TC09_ADE_FIRM -->
  <testcase name="TC09_ADE_FIRM" time="0.001" classname="com.att.myprice.testcases.TC09_ADE_Firm_MultiSite">
    <skipped/>
  </testcase> <!-- TC09_ADE_FIRM -->
  <testcase name="TC09_ADE_FIRM" time="0.001" classname="com.att.myprice.testcases.TC09_ADE_Firm_MultiSite">
    <skipped/>
  </testcase> <!-- TC09_ADE_FIRM -->
  <testcase name="TC09_ADE_FIRM" time="0.017" classname="com.att.myprice.testcases.TC09_ADE_Firm_MultiSite">
    <skipped/>
  </testcase> <!-- TC09_ADE_FIRM -->
  <testcase name="TC09_ADE_FIRM" time="0.001" classname="com.att.myprice.testcases.TC09_ADE_Firm_MultiSite">
    <skipped/>
  </testcase> <!-- TC09_ADE_FIRM -->
  <testcase name="TC09_ADE_FIRM" time="0.018" classname="com.att.myprice.testcases.TC09_ADE_Firm_MultiSite">
    <skipped/>
  </testcase> <!-- TC09_ADE_FIRM -->
  <testcase name="TC09_ADE_FIRM" time="0.002" classname="com.att.myprice.testcases.TC09_ADE_Firm_MultiSite">
    <skipped/>
  </testcase> <!-- TC09_ADE_FIRM -->
  <testcase name="TC09_ADE_FIRM" time="0.000" classname="com.att.myprice.testcases.TC09_ADE_Firm_MultiSite">
    <skipped/>
  </testcase> <!-- TC09_ADE_FIRM -->
  <testcase name="TC09_ADE_FIRM" time="0.002" classname="com.att.myprice.testcases.TC09_ADE_Firm_MultiSite">
    <skipped/>
  </testcase> <!-- TC09_ADE_FIRM -->
  <testcase name="TC09_ADE_FIRM" time="0.008" classname="com.att.myprice.testcases.TC09_ADE_Firm_MultiSite">
    <skipped/>
  </testcase> <!-- TC09_ADE_FIRM -->
  <testcase name="TC09_ADE_FIRM" time="0.002" classname="com.att.myprice.testcases.TC09_ADE_Firm_MultiSite">
    <skipped/>
  </testcase> <!-- TC09_ADE_FIRM -->
  <testcase name="TC09_ADE_FIRM" time="0.002" classname="com.att.myprice.testcases.TC09_ADE_Firm_MultiSite">
    <skipped/>
  </testcase> <!-- TC09_ADE_FIRM -->
  <testcase name="TC09_ADE_FIRM" time="0.003" classname="com.att.myprice.testcases.TC09_ADE_Firm_MultiSite">
    <skipped/>
  </testcase> <!-- TC09_ADE_FIRM -->
  <testcase name="TC09_ADE_FIRM" time="0.006" classname="com.att.myprice.testcases.TC09_ADE_Firm_MultiSite">
    <skipped/>
  </testcase> <!-- TC09_ADE_FIRM -->
  <testcase name="TC09_ADE_FIRM" time="0.001" classname="com.att.myprice.testcases.TC09_ADE_Firm_MultiSite">
    <skipped/>
  </testcase> <!-- TC09_ADE_FIRM -->
  <testcase name="TC09_ADE_FIRM" time="0.001" classname="com.att.myprice.testcases.TC09_ADE_Firm_MultiSite">
    <skipped/>
  </testcase> <!-- TC09_ADE_FIRM -->
  <testcase name="TC09_ADE_FIRM" time="0.131" classname="com.att.myprice.testcases.TC09_ADE_Firm_MultiSite">
    <skipped/>
  </testcase> <!-- TC09_ADE_FIRM -->
  <testcase name="TC09_ADE_FIRM" time="0.002" classname="com.att.myprice.testcases.TC09_ADE_Firm_MultiSite">
    <skipped/>
  </testcase> <!-- TC09_ADE_FIRM -->
  <testcase name="TC09_ADE_FIRM" time="0.003" classname="com.att.myprice.testcases.TC09_ADE_Firm_MultiSite">
    <skipped/>
  </testcase> <!-- TC09_ADE_FIRM -->
  <testcase name="TC09_ADE_FIRM" time="0.001" classname="com.att.myprice.testcases.TC09_ADE_Firm_MultiSite">
    <skipped/>
  </testcase> <!-- TC09_ADE_FIRM -->
  <testcase name="TC09_ADE_FIRM" time="0.001" classname="com.att.myprice.testcases.TC09_ADE_Firm_MultiSite">
    <skipped/>
  </testcase> <!-- TC09_ADE_FIRM -->
  <testcase name="TC09_ADE_FIRM" time="0.002" classname="com.att.myprice.testcases.TC09_ADE_Firm_MultiSite">
    <skipped/>
  </testcase> <!-- TC09_ADE_FIRM -->
  <testcase name="TC09_ADE_FIRM" time="0.001" classname="com.att.myprice.testcases.TC09_ADE_Firm_MultiSite">
    <skipped/>
  </testcase> <!-- TC09_ADE_FIRM -->
  <testcase name="TC09_ADE_FIRM" time="0.002" classname="com.att.myprice.testcases.TC09_ADE_Firm_MultiSite">
    <skipped/>
  </testcase> <!-- TC09_ADE_FIRM -->
  <testcase name="TC09_ADE_FIRM" time="0.002" classname="com.att.myprice.testcases.TC09_ADE_Firm_MultiSite">
    <skipped/>
  </testcase> <!-- TC09_ADE_FIRM -->
  <testcase name="TC09_ADE_FIRM" time="0.004" classname="com.att.myprice.testcases.TC09_ADE_Firm_MultiSite">
    <skipped/>
  </testcase> <!-- TC09_ADE_FIRM -->
  <testcase name="TC09_ADE_FIRM" time="0.002" classname="com.att.myprice.testcases.TC09_ADE_Firm_MultiSite">
    <skipped/>
  </testcase> <!-- TC09_ADE_FIRM -->
  <testcase name="TC09_ADE_FIRM" time="0.004" classname="com.att.myprice.testcases.TC09_ADE_Firm_MultiSite">
    <skipped/>
  </testcase> <!-- TC09_ADE_FIRM -->
  <testcase name="TC09_ADE_FIRM" time="0.001" classname="com.att.myprice.testcases.TC09_ADE_Firm_MultiSite">
    <skipped/>
  </testcase> <!-- TC09_ADE_FIRM -->
  <testcase name="TC09_ADE_FIRM" time="0.001" classname="com.att.myprice.testcases.TC09_ADE_Firm_MultiSite">
    <skipped/>
  </testcase> <!-- TC09_ADE_FIRM -->
  <testcase name="TC09_ADE_FIRM" time="0.003" classname="com.att.myprice.testcases.TC09_ADE_Firm_MultiSite">
    <skipped/>
  </testcase> <!-- TC09_ADE_FIRM -->
  <testcase name="TC09_ADE_FIRM" time="0.003" classname="com.att.myprice.testcases.TC09_ADE_Firm_MultiSite">
    <skipped/>
  </testcase> <!-- TC09_ADE_FIRM -->
  <testcase name="TC09_ADE_FIRM" time="0.002" classname="com.att.myprice.testcases.TC09_ADE_Firm_MultiSite">
    <skipped/>
  </testcase> <!-- TC09_ADE_FIRM -->
  <testcase name="TC09_ADE_FIRM" time="0.001" classname="com.att.myprice.testcases.TC09_ADE_Firm_MultiSite">
    <skipped/>
  </testcase> <!-- TC09_ADE_FIRM -->
  <testcase name="TC09_ADE_FIRM" time="0.001" classname="com.att.myprice.testcases.TC09_ADE_Firm_MultiSite">
    <skipped/>
  </testcase> <!-- TC09_ADE_FIRM -->
  <testcase name="TC09_ADE_FIRM" time="0.001" classname="com.att.myprice.testcases.TC09_ADE_Firm_MultiSite">
    <skipped/>
  </testcase> <!-- TC09_ADE_FIRM -->
  <testcase name="TC09_ADE_FIRM" time="0.001" classname="com.att.myprice.testcases.TC09_ADE_Firm_MultiSite">
    <skipped/>
  </testcase> <!-- TC09_ADE_FIRM -->
  <testcase name="TC09_ADE_FIRM" time="0.002" classname="com.att.myprice.testcases.TC09_ADE_Firm_MultiSite">
    <skipped/>
  </testcase> <!-- TC09_ADE_FIRM -->
  <testcase name="TC09_ADE_FIRM" time="0.002" classname="com.att.myprice.testcases.TC09_ADE_Firm_MultiSite">
    <skipped/>
  </testcase> <!-- TC09_ADE_FIRM -->
  <testcase name="TC09_ADE_FIRM" time="0.002" classname="com.att.myprice.testcases.TC09_ADE_Firm_MultiSite">
    <skipped/>
  </testcase> <!-- TC09_ADE_FIRM -->
  <testcase name="TC09_ADE_FIRM" time="0.002" classname="com.att.myprice.testcases.TC09_ADE_Firm_MultiSite">
    <skipped/>
  </testcase> <!-- TC09_ADE_FIRM -->
  <testcase name="TC09_ADE_FIRM" time="0.027" classname="com.att.myprice.testcases.TC09_ADE_Firm_MultiSite">
    <skipped/>
  </testcase> <!-- TC09_ADE_FIRM -->
  <testcase name="TC09_ADE_FIRM" time="0.001" classname="com.att.myprice.testcases.TC09_ADE_Firm_MultiSite">
    <skipped/>
  </testcase> <!-- TC09_ADE_FIRM -->
  <testcase name="TC09_ADE_FIRM" time="0.002" classname="com.att.myprice.testcases.TC09_ADE_Firm_MultiSite">
    <skipped/>
  </testcase> <!-- TC09_ADE_FIRM -->
  <testcase name="TC09_ADE_FIRM" time="0.028" classname="com.att.myprice.testcases.TC09_ADE_Firm_MultiSite">
    <skipped/>
  </testcase> <!-- TC09_ADE_FIRM -->
  <testcase name="TC09_ADE_FIRM" time="0.001" classname="com.att.myprice.testcases.TC09_ADE_Firm_MultiSite">
    <skipped/>
  </testcase> <!-- TC09_ADE_FIRM -->
  <testcase name="TC09_ADE_FIRM" time="0.002" classname="com.att.myprice.testcases.TC09_ADE_Firm_MultiSite">
    <skipped/>
  </testcase> <!-- TC09_ADE_FIRM -->
  <testcase name="TC09_ADE_FIRM" time="0.001" classname="com.att.myprice.testcases.TC09_ADE_Firm_MultiSite">
    <skipped/>
  </testcase> <!-- TC09_ADE_FIRM -->
  <testcase name="TC09_ADE_FIRM" time="0.004" classname="com.att.myprice.testcases.TC09_ADE_Firm_MultiSite">
    <skipped/>
  </testcase> <!-- TC09_ADE_FIRM -->
  <testcase name="TC09_ADE_FIRM" time="0.002" classname="com.att.myprice.testcases.TC09_ADE_Firm_MultiSite">
    <skipped/>
  </testcase> <!-- TC09_ADE_FIRM -->
  <testcase name="TC09_ADE_FIRM" time="0.001" classname="com.att.myprice.testcases.TC09_ADE_Firm_MultiSite">
    <skipped/>
  </testcase> <!-- TC09_ADE_FIRM -->
  <testcase name="TC09_ADE_FIRM" time="0.001" classname="com.att.myprice.testcases.TC09_ADE_Firm_MultiSite">
    <skipped/>
  </testcase> <!-- TC09_ADE_FIRM -->
  <testcase name="TC09_ADE_FIRM" time="0.002" classname="com.att.myprice.testcases.TC09_ADE_Firm_MultiSite">
    <skipped/>
  </testcase> <!-- TC09_ADE_FIRM -->
  <testcase name="TC09_ADE_FIRM" time="0.004" classname="com.att.myprice.testcases.TC09_ADE_Firm_MultiSite">
    <skipped/>
  </testcase> <!-- TC09_ADE_FIRM -->
  <testcase name="TC09_ADE_FIRM" time="0.001" classname="com.att.myprice.testcases.TC09_ADE_Firm_MultiSite">
    <skipped/>
  </testcase> <!-- TC09_ADE_FIRM -->
  <testcase name="TC09_ADE_FIRM" time="0.001" classname="com.att.myprice.testcases.TC09_ADE_Firm_MultiSite">
    <skipped/>
  </testcase> <!-- TC09_ADE_FIRM -->
  <testcase name="TC09_ADE_FIRM" time="0.001" classname="com.att.myprice.testcases.TC09_ADE_Firm_MultiSite">
    <skipped/>
  </testcase> <!-- TC09_ADE_FIRM -->
  <testcase name="TC09_ADE_FIRM" time="0.002" classname="com.att.myprice.testcases.TC09_ADE_Firm_MultiSite">
    <skipped/>
  </testcase> <!-- TC09_ADE_FIRM -->
  <testcase name="TC09_ADE_FIRM" time="0.001" classname="com.att.myprice.testcases.TC09_ADE_Firm_MultiSite">
    <skipped/>
  </testcase> <!-- TC09_ADE_FIRM -->
  <testcase name="TC09_ADE_FIRM" time="0.001" classname="com.att.myprice.testcases.TC09_ADE_Firm_MultiSite">
    <skipped/>
  </testcase> <!-- TC09_ADE_FIRM -->
  <testcase name="TC09_ADE_FIRM" time="0.002" classname="com.att.myprice.testcases.TC09_ADE_Firm_MultiSite">
    <skipped/>
  </testcase> <!-- TC09_ADE_FIRM -->
  <testcase name="TC09_ADE_FIRM" time="0.007" classname="com.att.myprice.testcases.TC09_ADE_Firm_MultiSite">
    <skipped/>
  </testcase> <!-- TC09_ADE_FIRM -->
  <testcase name="TC09_ADE_FIRM" time="0.001" classname="com.att.myprice.testcases.TC09_ADE_Firm_MultiSite">
    <skipped/>
  </testcase> <!-- TC09_ADE_FIRM -->
  <testcase name="TC09_ADE_FIRM" time="0.001" classname="com.att.myprice.testcases.TC09_ADE_Firm_MultiSite">
    <skipped/>
  </testcase> <!-- TC09_ADE_FIRM -->
  <testcase name="TC09_ADE_FIRM" time="0.002" classname="com.att.myprice.testcases.TC09_ADE_Firm_MultiSite">
    <skipped/>
  </testcase> <!-- TC09_ADE_FIRM -->
  <testcase name="TC09_ADE_FIRM" time="0.003" classname="com.att.myprice.testcases.TC09_ADE_Firm_MultiSite">
    <skipped/>
  </testcase> <!-- TC09_ADE_FIRM -->
  <testcase name="TC09_ADE_FIRM" time="0.001" classname="com.att.myprice.testcases.TC09_ADE_Firm_MultiSite">
    <skipped/>
  </testcase> <!-- TC09_ADE_FIRM -->
  <testcase name="TC09_ADE_FIRM" time="0.001" classname="com.att.myprice.testcases.TC09_ADE_Firm_MultiSite">
    <skipped/>
  </testcase> <!-- TC09_ADE_FIRM -->
  <testcase name="TC09_ADE_FIRM" time="0.001" classname="com.att.myprice.testcases.TC09_ADE_Firm_MultiSite">
    <skipped/>
  </testcase> <!-- TC09_ADE_FIRM -->
  <testcase name="TC09_ADE_FIRM" time="0.016" classname="com.att.myprice.testcases.TC09_ADE_Firm_MultiSite">
    <skipped/>
  </testcase> <!-- TC09_ADE_FIRM -->
  <testcase name="TC09_ADE_FIRM" time="0.001" classname="com.att.myprice.testcases.TC09_ADE_Firm_MultiSite">
    <skipped/>
  </testcase> <!-- TC09_ADE_FIRM -->
  <testcase name="TC09_ADE_FIRM" time="0.001" classname="com.att.myprice.testcases.TC09_ADE_Firm_MultiSite">
    <skipped/>
  </testcase> <!-- TC09_ADE_FIRM -->
  <testcase name="TC09_ADE_FIRM" time="0.002" classname="com.att.myprice.testcases.TC09_ADE_Firm_MultiSite">
    <skipped/>
  </testcase> <!-- TC09_ADE_FIRM -->
  <testcase name="TC09_ADE_FIRM" time="0.001" classname="com.att.myprice.testcases.TC09_ADE_Firm_MultiSite">
    <skipped/>
  </testcase> <!-- TC09_ADE_FIRM -->
  <testcase name="TC09_ADE_FIRM" time="0.001" classname="com.att.myprice.testcases.TC09_ADE_Firm_MultiSite">
    <skipped/>
  </testcase> <!-- TC09_ADE_FIRM -->
  <testcase name="TC09_ADE_FIRM" time="0.001" classname="com.att.myprice.testcases.TC09_ADE_Firm_MultiSite">
    <skipped/>
  </testcase> <!-- TC09_ADE_FIRM -->
  <testcase name="TC09_ADE_FIRM" time="0.002" classname="com.att.myprice.testcases.TC09_ADE_Firm_MultiSite">
    <skipped/>
  </testcase> <!-- TC09_ADE_FIRM -->
  <testcase name="TC09_ADE_FIRM" time="0.002" classname="com.att.myprice.testcases.TC09_ADE_Firm_MultiSite">
    <skipped/>
  </testcase> <!-- TC09_ADE_FIRM -->
  <testcase name="TC09_ADE_FIRM" time="0.001" classname="com.att.myprice.testcases.TC09_ADE_Firm_MultiSite">
    <skipped/>
  </testcase> <!-- TC09_ADE_FIRM -->
  <testcase name="TC09_ADE_FIRM" time="0.001" classname="com.att.myprice.testcases.TC09_ADE_Firm_MultiSite">
    <skipped/>
  </testcase> <!-- TC09_ADE_FIRM -->
  <testcase name="TC09_ADE_FIRM" time="0.004" classname="com.att.myprice.testcases.TC09_ADE_Firm_MultiSite">
    <skipped/>
  </testcase> <!-- TC09_ADE_FIRM -->
  <testcase name="TC09_ADE_FIRM" time="0.003" classname="com.att.myprice.testcases.TC09_ADE_Firm_MultiSite">
    <skipped/>
  </testcase> <!-- TC09_ADE_FIRM -->
  <testcase name="TC09_ADE_FIRM" time="0.000" classname="com.att.myprice.testcases.TC09_ADE_Firm_MultiSite">
    <skipped/>
  </testcase> <!-- TC09_ADE_FIRM -->
  <testcase name="TC09_ADE_FIRM" time="0.008" classname="com.att.myprice.testcases.TC09_ADE_Firm_MultiSite">
    <skipped/>
  </testcase> <!-- TC09_ADE_FIRM -->
  <testcase name="TC09_ADE_FIRM" time="0.001" classname="com.att.myprice.testcases.TC09_ADE_Firm_MultiSite">
    <skipped/>
  </testcase> <!-- TC09_ADE_FIRM -->
  <testcase name="TC09_ADE_FIRM" time="0.001" classname="com.att.myprice.testcases.TC09_ADE_Firm_MultiSite">
    <skipped/>
  </testcase> <!-- TC09_ADE_FIRM -->
  <testcase name="TC09_ADE_FIRM" time="0.004" classname="com.att.myprice.testcases.TC09_ADE_Firm_MultiSite">
    <skipped/>
  </testcase> <!-- TC09_ADE_FIRM -->
  <testcase name="TC09_ADE_FIRM" time="0.001" classname="com.att.myprice.testcases.TC09_ADE_Firm_MultiSite">
    <skipped/>
  </testcase> <!-- TC09_ADE_FIRM -->
  <testcase name="TC09_ADE_FIRM" time="0.002" classname="com.att.myprice.testcases.TC09_ADE_Firm_MultiSite">
    <skipped/>
  </testcase> <!-- TC09_ADE_FIRM -->
  <testcase name="TC09_ADE_FIRM" time="0.002" classname="com.att.myprice.testcases.TC09_ADE_Firm_MultiSite">
    <skipped/>
  </testcase> <!-- TC09_ADE_FIRM -->
  <testcase name="TC09_ADE_FIRM" time="0.003" classname="com.att.myprice.testcases.TC09_ADE_Firm_MultiSite">
    <skipped/>
  </testcase> <!-- TC09_ADE_FIRM -->
  <testcase name="TC09_ADE_FIRM" time="0.002" classname="com.att.myprice.testcases.TC09_ADE_Firm_MultiSite">
    <skipped/>
  </testcase> <!-- TC09_ADE_FIRM -->
  <testcase name="TC09_ADE_FIRM" time="0.002" classname="com.att.myprice.testcases.TC09_ADE_Firm_MultiSite">
    <skipped/>
  </testcase> <!-- TC09_ADE_FIRM -->
  <testcase name="TC09_ADE_FIRM" time="0.001" classname="com.att.myprice.testcases.TC09_ADE_Firm_MultiSite">
    <skipped/>
  </testcase> <!-- TC09_ADE_FIRM -->
  <testcase name="TC09_ADE_FIRM" time="0.001" classname="com.att.myprice.testcases.TC09_ADE_Firm_MultiSite">
    <skipped/>
  </testcase> <!-- TC09_ADE_FIRM -->
  <testcase name="TC09_ADE_FIRM" time="0.002" classname="com.att.myprice.testcases.TC09_ADE_Firm_MultiSite">
    <skipped/>
  </testcase> <!-- TC09_ADE_FIRM -->
  <testcase name="TC09_ADE_FIRM" time="0.002" classname="com.att.myprice.testcases.TC09_ADE_Firm_MultiSite">
    <skipped/>
  </testcase> <!-- TC09_ADE_FIRM -->
  <testcase name="TC09_ADE_FIRM" time="0.001" classname="com.att.myprice.testcases.TC09_ADE_Firm_MultiSite">
    <skipped/>
  </testcase> <!-- TC09_ADE_FIRM -->
  <testcase name="TC09_ADE_FIRM" time="0.005" classname="com.att.myprice.testcases.TC09_ADE_Firm_MultiSite">
    <skipped/>
  </testcase> <!-- TC09_ADE_FIRM -->
  <testcase name="TC09_ADE_FIRM" time="0.001" classname="com.att.myprice.testcases.TC09_ADE_Firm_MultiSite">
    <skipped/>
  </testcase> <!-- TC09_ADE_FIRM -->
  <testcase name="TC09_ADE_FIRM" time="0.002" classname="com.att.myprice.testcases.TC09_ADE_Firm_MultiSite">
    <skipped/>
  </testcase> <!-- TC09_ADE_FIRM -->
  <testcase name="TC09_ADE_FIRM" time="0.002" classname="com.att.myprice.testcases.TC09_ADE_Firm_MultiSite">
    <skipped/>
  </testcase> <!-- TC09_ADE_FIRM -->
  <testcase name="TC09_ADE_FIRM" time="0.007" classname="com.att.myprice.testcases.TC09_ADE_Firm_MultiSite">
    <skipped/>
  </testcase> <!-- TC09_ADE_FIRM -->
  <testcase name="TC09_ADE_FIRM" time="0.008" classname="com.att.myprice.testcases.TC09_ADE_Firm_MultiSite">
    <skipped/>
  </testcase> <!-- TC09_ADE_FIRM -->
  <testcase name="TC09_ADE_FIRM" time="0.001" classname="com.att.myprice.testcases.TC09_ADE_Firm_MultiSite">
    <skipped/>
  </testcase> <!-- TC09_ADE_FIRM -->
  <testcase name="TC09_ADE_FIRM" time="0.002" classname="com.att.myprice.testcases.TC09_ADE_Firm_MultiSite">
    <skipped/>
  </testcase> <!-- TC09_ADE_FIRM -->
  <testcase name="TC09_ADE_FIRM" time="0.001" classname="com.att.myprice.testcases.TC09_ADE_Firm_MultiSite">
    <skipped/>
  </testcase> <!-- TC09_ADE_FIRM -->
  <testcase name="TC09_ADE_FIRM" time="0.006" classname="com.att.myprice.testcases.TC09_ADE_Firm_MultiSite">
    <skipped/>
  </testcase> <!-- TC09_ADE_FIRM -->
  <testcase name="TC09_ADE_FIRM" time="0.001" classname="com.att.myprice.testcases.TC09_ADE_Firm_MultiSite">
    <skipped/>
  </testcase> <!-- TC09_ADE_FIRM -->
  <testcase name="TC09_ADE_FIRM" time="0.001" classname="com.att.myprice.testcases.TC09_ADE_Firm_MultiSite">
    <skipped/>
  </testcase> <!-- TC09_ADE_FIRM -->
  <testcase name="TC09_ADE_FIRM" time="0.001" classname="com.att.myprice.testcases.TC09_ADE_Firm_MultiSite">
    <skipped/>
  </testcase> <!-- TC09_ADE_FIRM -->
  <testcase name="TC09_ADE_FIRM" time="0.001" classname="com.att.myprice.testcases.TC09_ADE_Firm_MultiSite">
    <skipped/>
  </testcase> <!-- TC09_ADE_FIRM -->
  <testcase name="TC09_ADE_FIRM" time="0.015" classname="com.att.myprice.testcases.TC09_ADE_Firm_MultiSite">
    <skipped/>
  </testcase> <!-- TC09_ADE_FIRM -->
  <testcase name="TC09_ADE_FIRM" time="0.002" classname="com.att.myprice.testcases.TC09_ADE_Firm_MultiSite">
    <skipped/>
  </testcase> <!-- TC09_ADE_FIRM -->
  <testcase name="TC09_ADE_FIRM" time="0.001" classname="com.att.myprice.testcases.TC09_ADE_Firm_MultiSite">
    <skipped/>
  </testcase> <!-- TC09_ADE_FIRM -->
  <testcase name="TC09_ADE_FIRM" time="0.002" classname="com.att.myprice.testcases.TC09_ADE_Firm_MultiSite">
    <skipped/>
  </testcase> <!-- TC09_ADE_FIRM -->
  <testcase name="TC09_ADE_FIRM" time="0.003" classname="com.att.myprice.testcases.TC09_ADE_Firm_MultiSite">
    <skipped/>
  </testcase> <!-- TC09_ADE_FIRM -->
  <testcase name="TC09_ADE_FIRM" time="0.021" classname="com.att.myprice.testcases.TC09_ADE_Firm_MultiSite">
    <skipped/>
  </testcase> <!-- TC09_ADE_FIRM -->
  <testcase name="TC09_ADE_FIRM" time="0.001" classname="com.att.myprice.testcases.TC09_ADE_Firm_MultiSite">
    <skipped/>
  </testcase> <!-- TC09_ADE_FIRM -->
  <testcase name="TC09_ADE_FIRM" time="0.001" classname="com.att.myprice.testcases.TC09_ADE_Firm_MultiSite">
    <skipped/>
  </testcase> <!-- TC09_ADE_FIRM -->
  <testcase name="TC09_ADE_FIRM" time="0.002" classname="com.att.myprice.testcases.TC09_ADE_Firm_MultiSite">
    <skipped/>
  </testcase> <!-- TC09_ADE_FIRM -->
  <testcase name="TC09_ADE_FIRM" time="0.003" classname="com.att.myprice.testcases.TC09_ADE_Firm_MultiSite">
    <skipped/>
  </testcase> <!-- TC09_ADE_FIRM -->
  <testcase name="TC09_ADE_FIRM" time="0.037" classname="com.att.myprice.testcases.TC09_ADE_Firm_MultiSite">
    <skipped/>
  </testcase> <!-- TC09_ADE_FIRM -->
  <testcase name="TC09_ADE_FIRM" time="0.001" classname="com.att.myprice.testcases.TC09_ADE_Firm_MultiSite">
    <skipped/>
  </testcase> <!-- TC09_ADE_FIRM -->
  <testcase name="TC09_ADE_FIRM" time="0.003" classname="com.att.myprice.testcases.TC09_ADE_Firm_MultiSite">
    <skipped/>
  </testcase> <!-- TC09_ADE_FIRM -->
  <testcase name="TC09_ADE_FIRM" time="0.004" classname="com.att.myprice.testcases.TC09_ADE_Firm_MultiSite">
    <skipped/>
  </testcase> <!-- TC09_ADE_FIRM -->
  <testcase name="TC09_ADE_FIRM" time="0.002" classname="com.att.myprice.testcases.TC09_ADE_Firm_MultiSite">
    <skipped/>
  </testcase> <!-- TC09_ADE_FIRM -->
  <testcase name="TC09_ADE_FIRM" time="0.002" classname="com.att.myprice.testcases.TC09_ADE_Firm_MultiSite">
    <skipped/>
  </testcase> <!-- TC09_ADE_FIRM -->
  <testcase name="TC09_ADE_FIRM" time="0.001" classname="com.att.myprice.testcases.TC09_ADE_Firm_MultiSite">
    <skipped/>
  </testcase> <!-- TC09_ADE_FIRM -->
  <testcase name="TC09_ADE_FIRM" time="0.004" classname="com.att.myprice.testcases.TC09_ADE_Firm_MultiSite">
    <skipped/>
  </testcase> <!-- TC09_ADE_FIRM -->
  <testcase name="TC09_ADE_FIRM" time="0.003" classname="com.att.myprice.testcases.TC09_ADE_Firm_MultiSite">
    <skipped/>
  </testcase> <!-- TC09_ADE_FIRM -->
  <testcase name="TC09_ADE_FIRM" time="0.002" classname="com.att.myprice.testcases.TC09_ADE_Firm_MultiSite">
    <skipped/>
  </testcase> <!-- TC09_ADE_FIRM -->
  <testcase name="TC09_ADE_FIRM" time="0.024" classname="com.att.myprice.testcases.TC09_ADE_Firm_MultiSite">
    <skipped/>
  </testcase> <!-- TC09_ADE_FIRM -->
  <testcase name="TC09_ADE_FIRM" time="0.004" classname="com.att.myprice.testcases.TC09_ADE_Firm_MultiSite">
    <skipped/>
  </testcase> <!-- TC09_ADE_FIRM -->
  <testcase name="TC09_ADE_FIRM" time="0.003" classname="com.att.myprice.testcases.TC09_ADE_Firm_MultiSite">
    <skipped/>
  </testcase> <!-- TC09_ADE_FIRM -->
  <testcase name="TC09_ADE_FIRM" time="0.034" classname="com.att.myprice.testcases.TC09_ADE_Firm_MultiSite">
    <skipped/>
  </testcase> <!-- TC09_ADE_FIRM -->
  <testcase name="TC09_ADE_FIRM" time="0.002" classname="com.att.myprice.testcases.TC09_ADE_Firm_MultiSite">
    <skipped/>
  </testcase> <!-- TC09_ADE_FIRM -->
  <testcase name="TC09_ADE_FIRM" time="0.001" classname="com.att.myprice.testcases.TC09_ADE_Firm_MultiSite">
    <skipped/>
  </testcase> <!-- TC09_ADE_FIRM -->
  <testcase name="TC09_ADE_FIRM" time="0.005" classname="com.att.myprice.testcases.TC09_ADE_Firm_MultiSite">
    <skipped/>
  </testcase> <!-- TC09_ADE_FIRM -->
  <testcase name="TC09_ADE_FIRM" time="0.002" classname="com.att.myprice.testcases.TC09_ADE_Firm_MultiSite">
    <skipped/>
  </testcase> <!-- TC09_ADE_FIRM -->
  <testcase name="TC09_ADE_FIRM" time="0.021" classname="com.att.myprice.testcases.TC09_ADE_Firm_MultiSite">
    <skipped/>
  </testcase> <!-- TC09_ADE_FIRM -->
  <testcase name="TC09_ADE_FIRM" time="0.001" classname="com.att.myprice.testcases.TC09_ADE_Firm_MultiSite">
    <skipped/>
  </testcase> <!-- TC09_ADE_FIRM -->
  <testcase name="TC09_ADE_FIRM" time="0.003" classname="com.att.myprice.testcases.TC09_ADE_Firm_MultiSite">
    <skipped/>
  </testcase> <!-- TC09_ADE_FIRM -->
  <testcase name="TC09_ADE_FIRM" time="0.001" classname="com.att.myprice.testcases.TC09_ADE_Firm_MultiSite">
    <skipped/>
  </testcase> <!-- TC09_ADE_FIRM -->
  <testcase name="TC09_ADE_FIRM" time="0.000" classname="com.att.myprice.testcases.TC09_ADE_Firm_MultiSite">
    <skipped/>
  </testcase> <!-- TC09_ADE_FIRM -->
  <testcase name="TC09_ADE_FIRM" time="0.002" classname="com.att.myprice.testcases.TC09_ADE_Firm_MultiSite">
    <skipped/>
  </testcase> <!-- TC09_ADE_FIRM -->
  <testcase name="TC09_ADE_FIRM" time="0.003" classname="com.att.myprice.testcases.TC09_ADE_Firm_MultiSite">
    <skipped/>
  </testcase> <!-- TC09_ADE_FIRM -->
  <testcase name="TC09_ADE_FIRM" time="0.006" classname="com.att.myprice.testcases.TC09_ADE_Firm_MultiSite">
    <skipped/>
  </testcase> <!-- TC09_ADE_FIRM -->
  <testcase name="TC09_ADE_FIRM" time="0.001" classname="com.att.myprice.testcases.TC09_ADE_Firm_MultiSite">
    <skipped/>
  </testcase> <!-- TC09_ADE_FIRM -->
  <testcase name="TC09_ADE_FIRM" time="0.002" classname="com.att.myprice.testcases.TC09_ADE_Firm_MultiSite">
    <skipped/>
  </testcase> <!-- TC09_ADE_FIRM -->
  <testcase name="TC09_ADE_FIRM" time="0.009" classname="com.att.myprice.testcases.TC09_ADE_Firm_MultiSite">
    <skipped/>
  </testcase> <!-- TC09_ADE_FIRM -->
  <testcase name="TC09_ADE_FIRM" time="0.000" classname="com.att.myprice.testcases.TC09_ADE_Firm_MultiSite">
    <skipped/>
  </testcase> <!-- TC09_ADE_FIRM -->
  <testcase name="TC09_ADE_FIRM" time="0.001" classname="com.att.myprice.testcases.TC09_ADE_Firm_MultiSite">
    <skipped/>
  </testcase> <!-- TC09_ADE_FIRM -->
  <testcase name="TC09_ADE_FIRM" time="0.012" classname="com.att.myprice.testcases.TC09_ADE_Firm_MultiSite">
    <skipped/>
  </testcase> <!-- TC09_ADE_FIRM -->
  <testcase name="TC09_ADE_FIRM" time="0.001" classname="com.att.myprice.testcases.TC09_ADE_Firm_MultiSite">
    <skipped/>
  </testcase> <!-- TC09_ADE_FIRM -->
  <testcase name="TC09_ADE_FIRM" time="0.002" classname="com.att.myprice.testcases.TC09_ADE_Firm_MultiSite">
    <skipped/>
  </testcase> <!-- TC09_ADE_FIRM -->
  <testcase name="TC09_ADE_FIRM" time="0.006" classname="com.att.myprice.testcases.TC09_ADE_Firm_MultiSite">
    <skipped/>
  </testcase> <!-- TC09_ADE_FIRM -->
  <testcase name="TC09_ADE_FIRM" time="0.002" classname="com.att.myprice.testcases.TC09_ADE_Firm_MultiSite">
    <skipped/>
  </testcase> <!-- TC09_ADE_FIRM -->
  <testcase name="TC09_ADE_FIRM" time="0.001" classname="com.att.myprice.testcases.TC09_ADE_Firm_MultiSite">
    <skipped/>
  </testcase> <!-- TC09_ADE_FIRM -->
  <testcase name="TC09_ADE_FIRM" time="0.003" classname="com.att.myprice.testcases.TC09_ADE_Firm_MultiSite">
    <skipped/>
  </testcase> <!-- TC09_ADE_FIRM -->
  <testcase name="TC09_ADE_FIRM" time="0.002" classname="com.att.myprice.testcases.TC09_ADE_Firm_MultiSite">
    <skipped/>
  </testcase> <!-- TC09_ADE_FIRM -->
  <testcase name="TC09_ADE_FIRM" time="0.002" classname="com.att.myprice.testcases.TC09_ADE_Firm_MultiSite">
    <skipped/>
  </testcase> <!-- TC09_ADE_FIRM -->
  <testcase name="TC09_ADE_FIRM" time="0.001" classname="com.att.myprice.testcases.TC09_ADE_Firm_MultiSite">
    <skipped/>
  </testcase> <!-- TC09_ADE_FIRM -->
  <testcase name="TC09_ADE_FIRM" time="0.001" classname="com.att.myprice.testcases.TC09_ADE_Firm_MultiSite">
    <skipped/>
  </testcase> <!-- TC09_ADE_FIRM -->
  <testcase name="TC09_ADE_FIRM" time="0.002" classname="com.att.myprice.testcases.TC09_ADE_Firm_MultiSite">
    <skipped/>
  </testcase> <!-- TC09_ADE_FIRM -->
  <testcase name="TC09_ADE_FIRM" time="0.002" classname="com.att.myprice.testcases.TC09_ADE_Firm_MultiSite">
    <skipped/>
  </testcase> <!-- TC09_ADE_FIRM -->
  <testcase name="TC09_ADE_FIRM" time="0.001" classname="com.att.myprice.testcases.TC09_ADE_Firm_MultiSite">
    <skipped/>
  </testcase> <!-- TC09_ADE_FIRM -->
  <testcase name="TC09_ADE_FIRM" time="0.001" classname="com.att.myprice.testcases.TC09_ADE_Firm_MultiSite">
    <skipped/>
  </testcase> <!-- TC09_ADE_FIRM -->
  <testcase name="TC09_ADE_FIRM" time="0.002" classname="com.att.myprice.testcases.TC09_ADE_Firm_MultiSite">
    <skipped/>
  </testcase> <!-- TC09_ADE_FIRM -->
  <testcase name="TC09_ADE_FIRM" time="0.002" classname="com.att.myprice.testcases.TC09_ADE_Firm_MultiSite">
    <skipped/>
  </testcase> <!-- TC09_ADE_FIRM -->
  <testcase name="TC09_ADE_FIRM" time="0.002" classname="com.att.myprice.testcases.TC09_ADE_Firm_MultiSite">
    <skipped/>
  </testcase> <!-- TC09_ADE_FIRM -->
  <testcase name="TC09_ADE_FIRM" time="0.001" classname="com.att.myprice.testcases.TC09_ADE_Firm_MultiSite">
    <skipped/>
  </testcase> <!-- TC09_ADE_FIRM -->
  <testcase name="TC09_ADE_FIRM" time="0.001" classname="com.att.myprice.testcases.TC09_ADE_Firm_MultiSite">
    <skipped/>
  </testcase> <!-- TC09_ADE_FIRM -->
  <testcase name="TC09_ADE_FIRM" time="0.000" classname="com.att.myprice.testcases.TC09_ADE_Firm_MultiSite">
    <skipped/>
  </testcase> <!-- TC09_ADE_FIRM -->
  <testcase name="TC09_ADE_FIRM" time="0.001" classname="com.att.myprice.testcases.TC09_ADE_Firm_MultiSite">
    <skipped/>
  </testcase> <!-- TC09_ADE_FIRM -->
  <testcase name="TC09_ADE_FIRM" time="0.001" classname="com.att.myprice.testcases.TC09_ADE_Firm_MultiSite">
    <skipped/>
  </testcase> <!-- TC09_ADE_FIRM -->
  <testcase name="TC09_ADE_FIRM" time="0.001" classname="com.att.myprice.testcases.TC09_ADE_Firm_MultiSite">
    <skipped/>
  </testcase> <!-- TC09_ADE_FIRM -->
  <testcase name="TC09_ADE_FIRM" time="0.002" classname="com.att.myprice.testcases.TC09_ADE_Firm_MultiSite">
    <skipped/>
  </testcase> <!-- TC09_ADE_FIRM -->
  <testcase name="TC09_ADE_FIRM" time="0.002" classname="com.att.myprice.testcases.TC09_ADE_Firm_MultiSite">
    <skipped/>
  </testcase> <!-- TC09_ADE_FIRM -->
  <testcase name="TC09_ADE_FIRM" time="0.008" classname="com.att.myprice.testcases.TC09_ADE_Firm_MultiSite">
    <skipped/>
  </testcase> <!-- TC09_ADE_FIRM -->
  <testcase name="TC09_ADE_FIRM" time="0.001" classname="com.att.myprice.testcases.TC09_ADE_Firm_MultiSite">
    <skipped/>
  </testcase> <!-- TC09_ADE_FIRM -->
  <testcase name="TC09_ADE_FIRM" time="0.002" classname="com.att.myprice.testcases.TC09_ADE_Firm_MultiSite">
    <skipped/>
  </testcase> <!-- TC09_ADE_FIRM -->
  <testcase name="TC09_ADE_FIRM" time="0.007" classname="com.att.myprice.testcases.TC09_ADE_Firm_MultiSite">
    <skipped/>
  </testcase> <!-- TC09_ADE_FIRM -->
  <testcase name="TC09_ADE_FIRM" time="0.001" classname="com.att.myprice.testcases.TC09_ADE_Firm_MultiSite">
    <skipped/>
  </testcase> <!-- TC09_ADE_FIRM -->
  <testcase name="TC09_ADE_FIRM" time="0.018" classname="com.att.myprice.testcases.TC09_ADE_Firm_MultiSite">
    <skipped/>
  </testcase> <!-- TC09_ADE_FIRM -->
  <testcase name="TC09_ADE_FIRM" time="0.002" classname="com.att.myprice.testcases.TC09_ADE_Firm_MultiSite">
    <skipped/>
  </testcase> <!-- TC09_ADE_FIRM -->
  <testcase name="TC09_ADE_FIRM" time="0.003" classname="com.att.myprice.testcases.TC09_ADE_Firm_MultiSite">
    <skipped/>
  </testcase> <!-- TC09_ADE_FIRM -->
  <testcase name="TC09_ADE_FIRM" time="0.002" classname="com.att.myprice.testcases.TC09_ADE_Firm_MultiSite">
    <skipped/>
  </testcase> <!-- TC09_ADE_FIRM -->
  <testcase name="TC09_ADE_FIRM" time="0.005" classname="com.att.myprice.testcases.TC09_ADE_Firm_MultiSite">
    <skipped/>
  </testcase> <!-- TC09_ADE_FIRM -->
  <testcase name="TC09_ADE_FIRM" time="0.009" classname="com.att.myprice.testcases.TC09_ADE_Firm_MultiSite">
    <skipped/>
  </testcase> <!-- TC09_ADE_FIRM -->
  <testcase name="TC09_ADE_FIRM" time="0.002" classname="com.att.myprice.testcases.TC09_ADE_Firm_MultiSite">
    <skipped/>
  </testcase> <!-- TC09_ADE_FIRM -->
  <testcase name="TC09_ADE_FIRM" time="0.002" classname="com.att.myprice.testcases.TC09_ADE_Firm_MultiSite">
    <skipped/>
  </testcase> <!-- TC09_ADE_FIRM -->
  <testcase name="TC09_ADE_FIRM" time="0.016" classname="com.att.myprice.testcases.TC09_ADE_Firm_MultiSite">
    <skipped/>
  </testcase> <!-- TC09_ADE_FIRM -->
  <testcase name="TC09_ADE_FIRM" time="0.001" classname="com.att.myprice.testcases.TC09_ADE_Firm_MultiSite">
    <skipped/>
  </testcase> <!-- TC09_ADE_FIRM -->
  <testcase name="TC09_ADE_FIRM" time="0.001" classname="com.att.myprice.testcases.TC09_ADE_Firm_MultiSite">
    <skipped/>
  </testcase> <!-- TC09_ADE_FIRM -->
  <testcase name="TC09_ADE_FIRM" time="0.001" classname="com.att.myprice.testcases.TC09_ADE_Firm_MultiSite">
    <skipped/>
  </testcase> <!-- TC09_ADE_FIRM -->
  <testcase name="TC09_ADE_FIRM" time="0.001" classname="com.att.myprice.testcases.TC09_ADE_Firm_MultiSite">
    <skipped/>
  </testcase> <!-- TC09_ADE_FIRM -->
  <testcase name="TC09_ADE_FIRM" time="0.004" classname="com.att.myprice.testcases.TC09_ADE_Firm_MultiSite">
    <skipped/>
  </testcase> <!-- TC09_ADE_FIRM -->
  <testcase name="TC09_ADE_FIRM" time="0.001" classname="com.att.myprice.testcases.TC09_ADE_Firm_MultiSite">
    <skipped/>
  </testcase> <!-- TC09_ADE_FIRM -->
  <testcase name="TC09_ADE_FIRM" time="0.012" classname="com.att.myprice.testcases.TC09_ADE_Firm_MultiSite">
    <skipped/>
  </testcase> <!-- TC09_ADE_FIRM -->
  <testcase name="TC09_ADE_FIRM" time="0.001" classname="com.att.myprice.testcases.TC09_ADE_Firm_MultiSite">
    <skipped/>
  </testcase> <!-- TC09_ADE_FIRM -->
  <testcase name="TC09_ADE_FIRM" time="0.001" classname="com.att.myprice.testcases.TC09_ADE_Firm_MultiSite">
    <skipped/>
  </testcase> <!-- TC09_ADE_FIRM -->
  <testcase name="TC09_ADE_FIRM" time="0.002" classname="com.att.myprice.testcases.TC09_ADE_Firm_MultiSite">
    <skipped/>
  </testcase> <!-- TC09_ADE_FIRM -->
  <testcase name="TC09_ADE_FIRM" time="0.006" classname="com.att.myprice.testcases.TC09_ADE_Firm_MultiSite">
    <skipped/>
  </testcase> <!-- TC09_ADE_FIRM -->
  <testcase name="TC09_ADE_FIRM" time="0.002" classname="com.att.myprice.testcases.TC09_ADE_Firm_MultiSite">
    <skipped/>
  </testcase> <!-- TC09_ADE_FIRM -->
  <testcase name="TC09_ADE_FIRM" time="0.002" classname="com.att.myprice.testcases.TC09_ADE_Firm_MultiSite">
    <skipped/>
  </testcase> <!-- TC09_ADE_FIRM -->
  <testcase name="TC09_ADE_FIRM" time="0.001" classname="com.att.myprice.testcases.TC09_ADE_Firm_MultiSite">
    <skipped/>
  </testcase> <!-- TC09_ADE_FIRM -->
  <testcase name="TC09_ADE_FIRM" time="0.011" classname="com.att.myprice.testcases.TC09_ADE_Firm_MultiSite">
    <skipped/>
  </testcase> <!-- TC09_ADE_FIRM -->
  <testcase name="TC09_ADE_FIRM" time="0.004" classname="com.att.myprice.testcases.TC09_ADE_Firm_MultiSite">
    <skipped/>
  </testcase> <!-- TC09_ADE_FIRM -->
  <testcase name="TC09_ADE_FIRM" time="0.004" classname="com.att.myprice.testcases.TC09_ADE_Firm_MultiSite">
    <skipped/>
  </testcase> <!-- TC09_ADE_FIRM -->
  <testcase name="TC09_ADE_FIRM" time="0.001" classname="com.att.myprice.testcases.TC09_ADE_Firm_MultiSite">
    <skipped/>
  </testcase> <!-- TC09_ADE_FIRM -->
  <testcase name="TC09_ADE_FIRM" time="0.002" classname="com.att.myprice.testcases.TC09_ADE_Firm_MultiSite">
    <skipped/>
  </testcase> <!-- TC09_ADE_FIRM -->
  <testcase name="TC09_ADE_FIRM" time="0.002" classname="com.att.myprice.testcases.TC09_ADE_Firm_MultiSite">
    <skipped/>
  </testcase> <!-- TC09_ADE_FIRM -->
  <testcase name="TC09_ADE_FIRM" time="0.005" classname="com.att.myprice.testcases.TC09_ADE_Firm_MultiSite">
    <skipped/>
  </testcase> <!-- TC09_ADE_FIRM -->
  <testcase name="TC09_ADE_FIRM" time="0.001" classname="com.att.myprice.testcases.TC09_ADE_Firm_MultiSite">
    <skipped/>
  </testcase> <!-- TC09_ADE_FIRM -->
  <testcase name="TC09_ADE_FIRM" time="0.001" classname="com.att.myprice.testcases.TC09_ADE_Firm_MultiSite">
    <skipped/>
  </testcase> <!-- TC09_ADE_FIRM -->
  <testcase name="TC09_ADE_FIRM" time="0.001" classname="com.att.myprice.testcases.TC09_ADE_Firm_MultiSite">
    <skipped/>
  </testcase> <!-- TC09_ADE_FIRM -->
  <testcase name="TC09_ADE_FIRM" time="0.002" classname="com.att.myprice.testcases.TC09_ADE_Firm_MultiSite">
    <skipped/>
  </testcase> <!-- TC09_ADE_FIRM -->
  <testcase name="TC09_ADE_FIRM" time="0.002" classname="com.att.myprice.testcases.TC09_ADE_Firm_MultiSite">
    <skipped/>
  </testcase> <!-- TC09_ADE_FIRM -->
  <testcase name="TC09_ADE_FIRM" time="0.002" classname="com.att.myprice.testcases.TC09_ADE_Firm_MultiSite">
    <skipped/>
  </testcase> <!-- TC09_ADE_FIRM -->
  <testcase name="TC09_ADE_FIRM" time="0.001" classname="com.att.myprice.testcases.TC09_ADE_Firm_MultiSite">
    <skipped/>
  </testcase> <!-- TC09_ADE_FIRM -->
  <testcase name="TC09_ADE_FIRM" time="0.003" classname="com.att.myprice.testcases.TC09_ADE_Firm_MultiSite">
    <skipped/>
  </testcase> <!-- TC09_ADE_FIRM -->
  <testcase name="TC09_ADE_FIRM" time="0.033" classname="com.att.myprice.testcases.TC09_ADE_Firm_MultiSite">
    <skipped/>
  </testcase> <!-- TC09_ADE_FIRM -->
  <testcase name="TC09_ADE_FIRM" time="0.002" classname="com.att.myprice.testcases.TC09_ADE_Firm_MultiSite">
    <skipped/>
  </testcase> <!-- TC09_ADE_FIRM -->
  <testcase name="TC09_ADE_FIRM" time="0.002" classname="com.att.myprice.testcases.TC09_ADE_Firm_MultiSite">
    <skipped/>
  </testcase> <!-- TC09_ADE_FIRM -->
  <testcase name="TC09_ADE_FIRM" time="0.002" classname="com.att.myprice.testcases.TC09_ADE_Firm_MultiSite">
    <skipped/>
  </testcase> <!-- TC09_ADE_FIRM -->
  <testcase name="TC09_ADE_FIRM" time="0.004" classname="com.att.myprice.testcases.TC09_ADE_Firm_MultiSite">
    <skipped/>
  </testcase> <!-- TC09_ADE_FIRM -->
  <testcase name="TC09_ADE_FIRM" time="0.001" classname="com.att.myprice.testcases.TC09_ADE_Firm_MultiSite">
    <skipped/>
  </testcase> <!-- TC09_ADE_FIRM -->
  <testcase name="TC09_ADE_FIRM" time="0.003" classname="com.att.myprice.testcases.TC09_ADE_Firm_MultiSite">
    <skipped/>
  </testcase> <!-- TC09_ADE_FIRM -->
  <testcase name="TC09_ADE_FIRM" time="0.001" classname="com.att.myprice.testcases.TC09_ADE_Firm_MultiSite">
    <skipped/>
  </testcase> <!-- TC09_ADE_FIRM -->
  <testcase name="TC09_ADE_FIRM" time="0.001" classname="com.att.myprice.testcases.TC09_ADE_Firm_MultiSite">
    <skipped/>
  </testcase> <!-- TC09_ADE_FIRM -->
  <testcase name="TC09_ADE_FIRM" time="0.001" classname="com.att.myprice.testcases.TC09_ADE_Firm_MultiSite">
    <skipped/>
  </testcase> <!-- TC09_ADE_FIRM -->
  <testcase name="TC09_ADE_FIRM" time="0.002" classname="com.att.myprice.testcases.TC09_ADE_Firm_MultiSite">
    <skipped/>
  </testcase> <!-- TC09_ADE_FIRM -->
  <testcase name="TC09_ADE_FIRM" time="0.001" classname="com.att.myprice.testcases.TC09_ADE_Firm_MultiSite">
    <skipped/>
  </testcase> <!-- TC09_ADE_FIRM -->
  <testcase name="TC09_ADE_FIRM" time="0.001" classname="com.att.myprice.testcases.TC09_ADE_Firm_MultiSite">
    <skipped/>
  </testcase> <!-- TC09_ADE_FIRM -->
  <testcase name="TC09_ADE_FIRM" time="0.001" classname="com.att.myprice.testcases.TC09_ADE_Firm_MultiSite">
    <skipped/>
  </testcase> <!-- TC09_ADE_FIRM -->
  <testcase name="TC09_ADE_FIRM" time="0.000" classname="com.att.myprice.testcases.TC09_ADE_Firm_MultiSite">
    <skipped/>
  </testcase> <!-- TC09_ADE_FIRM -->
  <testcase name="TC09_ADE_FIRM" time="0.001" classname="com.att.myprice.testcases.TC09_ADE_Firm_MultiSite">
    <skipped/>
  </testcase> <!-- TC09_ADE_FIRM -->
  <testcase name="TC09_ADE_FIRM" time="0.002" classname="com.att.myprice.testcases.TC09_ADE_Firm_MultiSite">
    <skipped/>
  </testcase> <!-- TC09_ADE_FIRM -->
  <testcase name="TC09_ADE_FIRM" time="0.016" classname="com.att.myprice.testcases.TC09_ADE_Firm_MultiSite">
    <skipped/>
  </testcase> <!-- TC09_ADE_FIRM -->
  <testcase name="TC09_ADE_FIRM" time="0.003" classname="com.att.myprice.testcases.TC09_ADE_Firm_MultiSite">
    <skipped/>
  </testcase> <!-- TC09_ADE_FIRM -->
  <testcase name="TC09_ADE_FIRM" time="0.001" classname="com.att.myprice.testcases.TC09_ADE_Firm_MultiSite">
    <skipped/>
  </testcase> <!-- TC09_ADE_FIRM -->
  <testcase name="TC09_ADE_FIRM" time="0.003" classname="com.att.myprice.testcases.TC09_ADE_Firm_MultiSite">
    <skipped/>
  </testcase> <!-- TC09_ADE_FIRM -->
  <testcase name="TC09_ADE_FIRM" time="0.002" classname="com.att.myprice.testcases.TC09_ADE_Firm_MultiSite">
    <skipped/>
  </testcase> <!-- TC09_ADE_FIRM -->
  <testcase name="TC09_ADE_FIRM" time="0.002" classname="com.att.myprice.testcases.TC09_ADE_Firm_MultiSite">
    <skipped/>
  </testcase> <!-- TC09_ADE_FIRM -->
  <testcase name="TC09_ADE_FIRM" time="0.001" classname="com.att.myprice.testcases.TC09_ADE_Firm_MultiSite">
    <skipped/>
  </testcase> <!-- TC09_ADE_FIRM -->
  <testcase name="TC09_ADE_FIRM" time="0.002" classname="com.att.myprice.testcases.TC09_ADE_Firm_MultiSite">
    <skipped/>
  </testcase> <!-- TC09_ADE_FIRM -->
  <testcase name="TC09_ADE_FIRM" time="0.001" classname="com.att.myprice.testcases.TC09_ADE_Firm_MultiSite">
    <skipped/>
  </testcase> <!-- TC09_ADE_FIRM -->
  <testcase name="TC09_ADE_FIRM" time="0.001" classname="com.att.myprice.testcases.TC09_ADE_Firm_MultiSite">
    <skipped/>
  </testcase> <!-- TC09_ADE_FIRM -->
  <testcase name="TC09_ADE_FIRM" time="0.001" classname="com.att.myprice.testcases.TC09_ADE_Firm_MultiSite">
    <skipped/>
  </testcase> <!-- TC09_ADE_FIRM -->
  <testcase name="TC09_ADE_FIRM" time="0.001" classname="com.att.myprice.testcases.TC09_ADE_Firm_MultiSite">
    <skipped/>
  </testcase> <!-- TC09_ADE_FIRM -->
  <testcase name="TC09_ADE_FIRM" time="0.001" classname="com.att.myprice.testcases.TC09_ADE_Firm_MultiSite">
    <skipped/>
  </testcase> <!-- TC09_ADE_FIRM -->
  <testcase name="TC09_ADE_FIRM" time="0.001" classname="com.att.myprice.testcases.TC09_ADE_Firm_MultiSite">
    <skipped/>
  </testcase> <!-- TC09_ADE_FIRM -->
  <testcase name="TC09_ADE_FIRM" time="0.001" classname="com.att.myprice.testcases.TC09_ADE_Firm_MultiSite">
    <skipped/>
  </testcase> <!-- TC09_ADE_FIRM -->
  <testcase name="TC09_ADE_FIRM" time="0.001" classname="com.att.myprice.testcases.TC09_ADE_Firm_MultiSite">
    <skipped/>
  </testcase> <!-- TC09_ADE_FIRM -->
  <testcase name="TC09_ADE_FIRM" time="0.001" classname="com.att.myprice.testcases.TC09_ADE_Firm_MultiSite">
    <skipped/>
  </testcase> <!-- TC09_ADE_FIRM -->
  <testcase name="TC09_ADE_FIRM" time="0.002" classname="com.att.myprice.testcases.TC09_ADE_Firm_MultiSite">
    <skipped/>
  </testcase> <!-- TC09_ADE_FIRM -->
  <testcase name="TC09_ADE_FIRM" time="0.001" classname="com.att.myprice.testcases.TC09_ADE_Firm_MultiSite">
    <skipped/>
  </testcase> <!-- TC09_ADE_FIRM -->
  <testcase name="TC09_ADE_FIRM" time="0.009" classname="com.att.myprice.testcases.TC09_ADE_Firm_MultiSite">
    <skipped/>
  </testcase> <!-- TC09_ADE_FIRM -->
  <testcase name="TC09_ADE_FIRM" time="0.002" classname="com.att.myprice.testcases.TC09_ADE_Firm_MultiSite">
    <skipped/>
  </testcase> <!-- TC09_ADE_FIRM -->
  <testcase name="TC09_ADE_FIRM" time="0.001" classname="com.att.myprice.testcases.TC09_ADE_Firm_MultiSite">
    <skipped/>
  </testcase> <!-- TC09_ADE_FIRM -->
  <testcase name="TC09_ADE_FIRM" time="0.002" classname="com.att.myprice.testcases.TC09_ADE_Firm_MultiSite">
    <skipped/>
  </testcase> <!-- TC09_ADE_FIRM -->
  <testcase name="TC09_ADE_FIRM" time="0.001" classname="com.att.myprice.testcases.TC09_ADE_Firm_MultiSite">
    <skipped/>
  </testcase> <!-- TC09_ADE_FIRM -->
  <testcase name="TC09_ADE_FIRM" time="0.002" classname="com.att.myprice.testcases.TC09_ADE_Firm_MultiSite">
    <skipped/>
  </testcase> <!-- TC09_ADE_FIRM -->
  <testcase name="TC09_ADE_FIRM" time="0.002" classname="com.att.myprice.testcases.TC09_ADE_Firm_MultiSite">
    <skipped/>
  </testcase> <!-- TC09_ADE_FIRM -->
  <testcase name="TC09_ADE_FIRM" time="0.001" classname="com.att.myprice.testcases.TC09_ADE_Firm_MultiSite">
    <skipped/>
  </testcase> <!-- TC09_ADE_FIRM -->
  <testcase name="TC09_ADE_FIRM" time="0.001" classname="com.att.myprice.testcases.TC09_ADE_Firm_MultiSite">
    <skipped/>
  </testcase> <!-- TC09_ADE_FIRM -->
  <testcase name="TC09_ADE_FIRM" time="0.002" classname="com.att.myprice.testcases.TC09_ADE_Firm_MultiSite">
    <skipped/>
  </testcase> <!-- TC09_ADE_FIRM -->
  <testcase name="TC09_ADE_FIRM" time="0.002" classname="com.att.myprice.testcases.TC09_ADE_Firm_MultiSite">
    <skipped/>
  </testcase> <!-- TC09_ADE_FIRM -->
  <testcase name="TC09_ADE_FIRM" time="0.001" classname="com.att.myprice.testcases.TC09_ADE_Firm_MultiSite">
    <skipped/>
  </testcase> <!-- TC09_ADE_FIRM -->
  <testcase name="TC09_ADE_FIRM" time="0.003" classname="com.att.myprice.testcases.TC09_ADE_Firm_MultiSite">
    <skipped/>
  </testcase> <!-- TC09_ADE_FIRM -->
  <testcase name="TC09_ADE_FIRM" time="0.001" classname="com.att.myprice.testcases.TC09_ADE_Firm_MultiSite">
    <skipped/>
  </testcase> <!-- TC09_ADE_FIRM -->
  <testcase name="TC09_ADE_FIRM" time="0.001" classname="com.att.myprice.testcases.TC09_ADE_Firm_MultiSite">
    <skipped/>
  </testcase> <!-- TC09_ADE_FIRM -->
  <testcase name="TC09_ADE_FIRM" time="0.002" classname="com.att.myprice.testcases.TC09_ADE_Firm_MultiSite">
    <skipped/>
  </testcase> <!-- TC09_ADE_FIRM -->
  <testcase name="TC09_ADE_FIRM" time="0.004" classname="com.att.myprice.testcases.TC09_ADE_Firm_MultiSite">
    <skipped/>
  </testcase> <!-- TC09_ADE_FIRM -->
  <testcase name="TC09_ADE_FIRM" time="0.002" classname="com.att.myprice.testcases.TC09_ADE_Firm_MultiSite">
    <skipped/>
  </testcase> <!-- TC09_ADE_FIRM -->
  <testcase name="TC09_ADE_FIRM" time="0.001" classname="com.att.myprice.testcases.TC09_ADE_Firm_MultiSite">
    <skipped/>
  </testcase> <!-- TC09_ADE_FIRM -->
  <testcase name="TC09_ADE_FIRM" time="0.001" classname="com.att.myprice.testcases.TC09_ADE_Firm_MultiSite">
    <skipped/>
  </testcase> <!-- TC09_ADE_FIRM -->
  <testcase name="TC09_ADE_FIRM" time="0.006" classname="com.att.myprice.testcases.TC09_ADE_Firm_MultiSite">
    <skipped/>
  </testcase> <!-- TC09_ADE_FIRM -->
  <testcase name="TC09_ADE_FIRM" time="0.002" classname="com.att.myprice.testcases.TC09_ADE_Firm_MultiSite">
    <skipped/>
  </testcase> <!-- TC09_ADE_FIRM -->
  <testcase name="TC09_ADE_FIRM" time="0.001" classname="com.att.myprice.testcases.TC09_ADE_Firm_MultiSite">
    <skipped/>
  </testcase> <!-- TC09_ADE_FIRM -->
  <testcase name="TC09_ADE_FIRM" time="0.001" classname="com.att.myprice.testcases.TC09_ADE_Firm_MultiSite">
    <skipped/>
  </testcase> <!-- TC09_ADE_FIRM -->
  <testcase name="TC09_ADE_FIRM" time="0.004" classname="com.att.myprice.testcases.TC09_ADE_Firm_MultiSite">
    <skipped/>
  </testcase> <!-- TC09_ADE_FIRM -->
  <testcase name="TC09_ADE_FIRM" time="0.002" classname="com.att.myprice.testcases.TC09_ADE_Firm_MultiSite">
    <skipped/>
  </testcase> <!-- TC09_ADE_FIRM -->
  <testcase name="TC09_ADE_FIRM" time="0.005" classname="com.att.myprice.testcases.TC09_ADE_Firm_MultiSite">
    <skipped/>
  </testcase> <!-- TC09_ADE_FIRM -->
  <testcase name="TC09_ADE_FIRM" time="0.003" classname="com.att.myprice.testcases.TC09_ADE_Firm_MultiSite">
    <skipped/>
  </testcase> <!-- TC09_ADE_FIRM -->
  <testcase name="TC09_ADE_FIRM" time="0.001" classname="com.att.myprice.testcases.TC09_ADE_Firm_MultiSite">
    <skipped/>
  </testcase> <!-- TC09_ADE_FIRM -->
  <testcase name="TC09_ADE_FIRM" time="0.002" classname="com.att.myprice.testcases.TC09_ADE_Firm_MultiSite">
    <skipped/>
  </testcase> <!-- TC09_ADE_FIRM -->
  <testcase name="TC09_ADE_FIRM" time="0.001" classname="com.att.myprice.testcases.TC09_ADE_Firm_MultiSite">
    <skipped/>
  </testcase> <!-- TC09_ADE_FIRM -->
  <testcase name="TC09_ADE_FIRM" time="0.002" classname="com.att.myprice.testcases.TC09_ADE_Firm_MultiSite">
    <skipped/>
  </testcase> <!-- TC09_ADE_FIRM -->
  <testcase name="TC09_ADE_FIRM" time="0.005" classname="com.att.myprice.testcases.TC09_ADE_Firm_MultiSite">
    <skipped/>
  </testcase> <!-- TC09_ADE_FIRM -->
</testsuite> <!-- com.att.myprice.testcases.TC09_ADE_Firm_MultiSite -->
