<?xml version="1.0" encoding="UTF-8"?>
<!-- Generated by org.testng.reporters.JUnitReportReporter -->
<testsuite skipped="489" hostname="sramamo1" name="com.att.myprice.testcases.TC10_ADE_Firm_SingleSite" tests="489" failures="0" timestamp="20 Sep 2019 11:48:46 GMT" time="0.807" errors="0">
  <testcase name="TC10_ADE_FIRM" time="0.001" classname="com.att.myprice.testcases.TC10_ADE_Firm_SingleSite">
    <skipped/>
  </testcase> <!-- TC10_ADE_FIRM -->
  <testcase name="TC10_ADE_FIRM" time="0.001" classname="com.att.myprice.testcases.TC10_ADE_Firm_SingleSite">
    <skipped/>
  </testcase> <!-- TC10_ADE_FIRM -->
  <testcase name="TC10_ADE_FIRM" time="0.001" classname="com.att.myprice.testcases.TC10_ADE_Firm_SingleSite">
    <skipped/>
  </testcase> <!-- TC10_ADE_FIRM -->
  <testcase name="TC10_ADE_FIRM" time="0.002" classname="com.att.myprice.testcases.TC10_ADE_Firm_SingleSite">
    <skipped/>
  </testcase> <!-- TC10_ADE_FIRM -->
  <testcase name="TC10_ADE_FIRM" time="0.001" classname="com.att.myprice.testcases.TC10_ADE_Firm_SingleSite">
    <skipped/>
  </testcase> <!-- TC10_ADE_FIRM -->
  <testcase name="TC10_ADE_FIRM" time="0.004" classname="com.att.myprice.testcases.TC10_ADE_Firm_SingleSite">
    <skipped/>
  </testcase> <!-- TC10_ADE_FIRM -->
  <testcase name="TC10_ADE_FIRM" time="0.001" classname="com.att.myprice.testcases.TC10_ADE_Firm_SingleSite">
    <skipped/>
  </testcase> <!-- TC10_ADE_FIRM -->
  <testcase name="TC10_ADE_FIRM" time="0.001" classname="com.att.myprice.testcases.TC10_ADE_Firm_SingleSite">
    <skipped/>
  </testcase> <!-- TC10_ADE_FIRM -->
  <testcase name="TC10_ADE_FIRM" time="0.001" classname="com.att.myprice.testcases.TC10_ADE_Firm_SingleSite">
    <skipped/>
  </testcase> <!-- TC10_ADE_FIRM -->
  <testcase name="TC10_ADE_FIRM" time="0.001" classname="com.att.myprice.testcases.TC10_ADE_Firm_SingleSite">
    <skipped/>
  </testcase> <!-- TC10_ADE_FIRM -->
  <testcase name="TC10_ADE_FIRM" time="0.001" classname="com.att.myprice.testcases.TC10_ADE_Firm_SingleSite">
    <skipped/>
  </testcase> <!-- TC10_ADE_FIRM -->
  <testcase name="TC10_ADE_FIRM" time="0.001" classname="com.att.myprice.testcases.TC10_ADE_Firm_SingleSite">
    <skipped/>
  </testcase> <!-- TC10_ADE_FIRM -->
  <testcase name="TC10_ADE_FIRM" time="0.002" classname="com.att.myprice.testcases.TC10_ADE_Firm_SingleSite">
    <skipped/>
  </testcase> <!-- TC10_ADE_FIRM -->
  <testcase name="TC10_ADE_FIRM" time="0.001" classname="com.att.myprice.testcases.TC10_ADE_Firm_SingleSite">
    <skipped/>
  </testcase> <!-- TC10_ADE_FIRM -->
  <testcase name="TC10_ADE_FIRM" time="0.001" classname="com.att.myprice.testcases.TC10_ADE_Firm_SingleSite">
    <skipped/>
  </testcase> <!-- TC10_ADE_FIRM -->
  <testcase name="TC10_ADE_FIRM" time="0.001" classname="com.att.myprice.testcases.TC10_ADE_Firm_SingleSite">
    <skipped/>
  </testcase> <!-- TC10_ADE_FIRM -->
  <testcase name="TC10_ADE_FIRM" time="0.001" classname="com.att.myprice.testcases.TC10_ADE_Firm_SingleSite">
    <skipped/>
  </testcase> <!-- TC10_ADE_FIRM -->
  <testcase name="TC10_ADE_FIRM" time="0.001" classname="com.att.myprice.testcases.TC10_ADE_Firm_SingleSite">
    <skipped/>
  </testcase> <!-- TC10_ADE_FIRM -->
  <testcase name="TC10_ADE_FIRM" time="0.002" classname="com.att.myprice.testcases.TC10_ADE_Firm_SingleSite">
    <skipped/>
  </testcase> <!-- TC10_ADE_FIRM -->
  <testcase name="TC10_ADE_FIRM" time="0.001" classname="com.att.myprice.testcases.TC10_ADE_Firm_SingleSite">
    <skipped/>
  </testcase> <!-- TC10_ADE_FIRM -->
  <testcase name="TC10_ADE_FIRM" time="0.001" classname="com.att.myprice.testcases.TC10_ADE_Firm_SingleSite">
    <skipped/>
  </testcase> <!-- TC10_ADE_FIRM -->
  <testcase name="TC10_ADE_FIRM" time="0.001" classname="com.att.myprice.testcases.TC10_ADE_Firm_SingleSite">
    <skipped/>
  </testcase> <!-- TC10_ADE_FIRM -->
  <testcase name="TC10_ADE_FIRM" time="0.001" classname="com.att.myprice.testcases.TC10_ADE_Firm_SingleSite">
    <skipped/>
  </testcase> <!-- TC10_ADE_FIRM -->
  <testcase name="TC10_ADE_FIRM" time="0.001" classname="com.att.myprice.testcases.TC10_ADE_Firm_SingleSite">
    <skipped/>
  </testcase> <!-- TC10_ADE_FIRM -->
  <testcase name="TC10_ADE_FIRM" time="0.001" classname="com.att.myprice.testcases.TC10_ADE_Firm_SingleSite">
    <skipped/>
  </testcase> <!-- TC10_ADE_FIRM -->
  <testcase name="TC10_ADE_FIRM" time="0.002" classname="com.att.myprice.testcases.TC10_ADE_Firm_SingleSite">
    <skipped/>
  </testcase> <!-- TC10_ADE_FIRM -->
  <testcase name="TC10_ADE_FIRM" time="0.000" classname="com.att.myprice.testcases.TC10_ADE_Firm_SingleSite">
    <skipped/>
  </testcase> <!-- TC10_ADE_FIRM -->
  <testcase name="TC10_ADE_FIRM" time="0.000" classname="com.att.myprice.testcases.TC10_ADE_Firm_SingleSite">
    <skipped/>
  </testcase> <!-- TC10_ADE_FIRM -->
  <testcase name="TC10_ADE_FIRM" time="0.002" classname="com.att.myprice.testcases.TC10_ADE_Firm_SingleSite">
    <skipped/>
  </testcase> <!-- TC10_ADE_FIRM -->
  <testcase name="TC10_ADE_FIRM" time="0.001" classname="com.att.myprice.testcases.TC10_ADE_Firm_SingleSite">
    <skipped/>
  </testcase> <!-- TC10_ADE_FIRM -->
  <testcase name="TC10_ADE_FIRM" time="0.001" classname="com.att.myprice.testcases.TC10_ADE_Firm_SingleSite">
    <skipped/>
  </testcase> <!-- TC10_ADE_FIRM -->
  <testcase name="TC10_ADE_FIRM" time="0.001" classname="com.att.myprice.testcases.TC10_ADE_Firm_SingleSite">
    <skipped/>
  </testcase> <!-- TC10_ADE_FIRM -->
  <testcase name="TC10_ADE_FIRM" time="0.000" classname="com.att.myprice.testcases.TC10_ADE_Firm_SingleSite">
    <skipped/>
  </testcase> <!-- TC10_ADE_FIRM -->
  <testcase name="TC10_ADE_FIRM" time="0.001" classname="com.att.myprice.testcases.TC10_ADE_Firm_SingleSite">
    <skipped/>
  </testcase> <!-- TC10_ADE_FIRM -->
  <testcase name="TC10_ADE_FIRM" time="0.001" classname="com.att.myprice.testcases.TC10_ADE_Firm_SingleSite">
    <skipped/>
  </testcase> <!-- TC10_ADE_FIRM -->
  <testcase name="TC10_ADE_FIRM" time="0.001" classname="com.att.myprice.testcases.TC10_ADE_Firm_SingleSite">
    <skipped/>
  </testcase> <!-- TC10_ADE_FIRM -->
  <testcase name="TC10_ADE_FIRM" time="0.001" classname="com.att.myprice.testcases.TC10_ADE_Firm_SingleSite">
    <skipped/>
  </testcase> <!-- TC10_ADE_FIRM -->
  <testcase name="TC10_ADE_FIRM" time="0.007" classname="com.att.myprice.testcases.TC10_ADE_Firm_SingleSite">
    <skipped/>
  </testcase> <!-- TC10_ADE_FIRM -->
  <testcase name="TC10_ADE_FIRM" time="0.001" classname="com.att.myprice.testcases.TC10_ADE_Firm_SingleSite">
    <skipped/>
  </testcase> <!-- TC10_ADE_FIRM -->
  <testcase name="TC10_ADE_FIRM" time="0.001" classname="com.att.myprice.testcases.TC10_ADE_Firm_SingleSite">
    <skipped/>
  </testcase> <!-- TC10_ADE_FIRM -->
  <testcase name="TC10_ADE_FIRM" time="0.003" classname="com.att.myprice.testcases.TC10_ADE_Firm_SingleSite">
    <skipped/>
  </testcase> <!-- TC10_ADE_FIRM -->
  <testcase name="TC10_ADE_FIRM" time="0.002" classname="com.att.myprice.testcases.TC10_ADE_Firm_SingleSite">
    <skipped/>
  </testcase> <!-- TC10_ADE_FIRM -->
  <testcase name="TC10_ADE_FIRM" time="0.001" classname="com.att.myprice.testcases.TC10_ADE_Firm_SingleSite">
    <skipped/>
  </testcase> <!-- TC10_ADE_FIRM -->
  <testcase name="TC10_ADE_FIRM" time="0.000" classname="com.att.myprice.testcases.TC10_ADE_Firm_SingleSite">
    <skipped/>
  </testcase> <!-- TC10_ADE_FIRM -->
  <testcase name="TC10_ADE_FIRM" time="0.004" classname="com.att.myprice.testcases.TC10_ADE_Firm_SingleSite">
    <skipped/>
  </testcase> <!-- TC10_ADE_FIRM -->
  <testcase name="TC10_ADE_FIRM" time="0.001" classname="com.att.myprice.testcases.TC10_ADE_Firm_SingleSite">
    <skipped/>
  </testcase> <!-- TC10_ADE_FIRM -->
  <testcase name="TC10_ADE_FIRM" time="0.002" classname="com.att.myprice.testcases.TC10_ADE_Firm_SingleSite">
    <skipped/>
  </testcase> <!-- TC10_ADE_FIRM -->
  <testcase name="TC10_ADE_FIRM" time="0.001" classname="com.att.myprice.testcases.TC10_ADE_Firm_SingleSite">
    <skipped/>
  </testcase> <!-- TC10_ADE_FIRM -->
  <testcase name="TC10_ADE_FIRM" time="0.002" classname="com.att.myprice.testcases.TC10_ADE_Firm_SingleSite">
    <skipped/>
  </testcase> <!-- TC10_ADE_FIRM -->
  <testcase name="TC10_ADE_FIRM" time="0.000" classname="com.att.myprice.testcases.TC10_ADE_Firm_SingleSite">
    <skipped/>
  </testcase> <!-- TC10_ADE_FIRM -->
  <testcase name="TC10_ADE_FIRM" time="0.002" classname="com.att.myprice.testcases.TC10_ADE_Firm_SingleSite">
    <skipped/>
  </testcase> <!-- TC10_ADE_FIRM -->
  <testcase name="TC10_ADE_FIRM" time="0.001" classname="com.att.myprice.testcases.TC10_ADE_Firm_SingleSite">
    <skipped/>
  </testcase> <!-- TC10_ADE_FIRM -->
  <testcase name="TC10_ADE_FIRM" time="0.001" classname="com.att.myprice.testcases.TC10_ADE_Firm_SingleSite">
    <skipped/>
  </testcase> <!-- TC10_ADE_FIRM -->
  <testcase name="TC10_ADE_FIRM" time="0.001" classname="com.att.myprice.testcases.TC10_ADE_Firm_SingleSite">
    <skipped/>
  </testcase> <!-- TC10_ADE_FIRM -->
  <testcase name="TC10_ADE_FIRM" time="0.001" classname="com.att.myprice.testcases.TC10_ADE_Firm_SingleSite">
    <skipped/>
  </testcase> <!-- TC10_ADE_FIRM -->
  <testcase name="TC10_ADE_FIRM" time="0.001" classname="com.att.myprice.testcases.TC10_ADE_Firm_SingleSite">
    <skipped/>
  </testcase> <!-- TC10_ADE_FIRM -->
  <testcase name="TC10_ADE_FIRM" time="0.001" classname="com.att.myprice.testcases.TC10_ADE_Firm_SingleSite">
    <skipped/>
  </testcase> <!-- TC10_ADE_FIRM -->
  <testcase name="TC10_ADE_FIRM" time="0.002" classname="com.att.myprice.testcases.TC10_ADE_Firm_SingleSite">
    <skipped/>
  </testcase> <!-- TC10_ADE_FIRM -->
  <testcase name="TC10_ADE_FIRM" time="0.002" classname="com.att.myprice.testcases.TC10_ADE_Firm_SingleSite">
    <skipped/>
  </testcase> <!-- TC10_ADE_FIRM -->
  <testcase name="TC10_ADE_FIRM" time="0.001" classname="com.att.myprice.testcases.TC10_ADE_Firm_SingleSite">
    <skipped/>
  </testcase> <!-- TC10_ADE_FIRM -->
  <testcase name="TC10_ADE_FIRM" time="0.003" classname="com.att.myprice.testcases.TC10_ADE_Firm_SingleSite">
    <skipped/>
  </testcase> <!-- TC10_ADE_FIRM -->
  <testcase name="TC10_ADE_FIRM" time="0.002" classname="com.att.myprice.testcases.TC10_ADE_Firm_SingleSite">
    <skipped/>
  </testcase> <!-- TC10_ADE_FIRM -->
  <testcase name="TC10_ADE_FIRM" time="0.002" classname="com.att.myprice.testcases.TC10_ADE_Firm_SingleSite">
    <skipped/>
  </testcase> <!-- TC10_ADE_FIRM -->
  <testcase name="TC10_ADE_FIRM" time="0.001" classname="com.att.myprice.testcases.TC10_ADE_Firm_SingleSite">
    <skipped/>
  </testcase> <!-- TC10_ADE_FIRM -->
  <testcase name="TC10_ADE_FIRM" time="0.001" classname="com.att.myprice.testcases.TC10_ADE_Firm_SingleSite">
    <skipped/>
  </testcase> <!-- TC10_ADE_FIRM -->
  <testcase name="TC10_ADE_FIRM" time="0.000" classname="com.att.myprice.testcases.TC10_ADE_Firm_SingleSite">
    <skipped/>
  </testcase> <!-- TC10_ADE_FIRM -->
  <testcase name="TC10_ADE_FIRM" time="0.004" classname="com.att.myprice.testcases.TC10_ADE_Firm_SingleSite">
    <skipped/>
  </testcase> <!-- TC10_ADE_FIRM -->
  <testcase name="TC10_ADE_FIRM" time="0.001" classname="com.att.myprice.testcases.TC10_ADE_Firm_SingleSite">
    <skipped/>
  </testcase> <!-- TC10_ADE_FIRM -->
  <testcase name="TC10_ADE_FIRM" time="0.002" classname="com.att.myprice.testcases.TC10_ADE_Firm_SingleSite">
    <skipped/>
  </testcase> <!-- TC10_ADE_FIRM -->
  <testcase name="TC10_ADE_FIRM" time="0.003" classname="com.att.myprice.testcases.TC10_ADE_Firm_SingleSite">
    <skipped/>
  </testcase> <!-- TC10_ADE_FIRM -->
  <testcase name="TC10_ADE_FIRM" time="0.001" classname="com.att.myprice.testcases.TC10_ADE_Firm_SingleSite">
    <skipped/>
  </testcase> <!-- TC10_ADE_FIRM -->
  <testcase name="TC10_ADE_FIRM" time="0.000" classname="com.att.myprice.testcases.TC10_ADE_Firm_SingleSite">
    <skipped/>
  </testcase> <!-- TC10_ADE_FIRM -->
  <testcase name="TC10_ADE_FIRM" time="0.001" classname="com.att.myprice.testcases.TC10_ADE_Firm_SingleSite">
    <skipped/>
  </testcase> <!-- TC10_ADE_FIRM -->
  <testcase name="TC10_ADE_FIRM" time="0.002" classname="com.att.myprice.testcases.TC10_ADE_Firm_SingleSite">
    <skipped/>
  </testcase> <!-- TC10_ADE_FIRM -->
  <testcase name="TC10_ADE_FIRM" time="0.000" classname="com.att.myprice.testcases.TC10_ADE_Firm_SingleSite">
    <skipped/>
  </testcase> <!-- TC10_ADE_FIRM -->
  <testcase name="TC10_ADE_FIRM" time="0.001" classname="com.att.myprice.testcases.TC10_ADE_Firm_SingleSite">
    <skipped/>
  </testcase> <!-- TC10_ADE_FIRM -->
  <testcase name="TC10_ADE_FIRM" time="0.001" classname="com.att.myprice.testcases.TC10_ADE_Firm_SingleSite">
    <skipped/>
  </testcase> <!-- TC10_ADE_FIRM -->
  <testcase name="TC10_ADE_FIRM" time="0.000" classname="com.att.myprice.testcases.TC10_ADE_Firm_SingleSite">
    <skipped/>
  </testcase> <!-- TC10_ADE_FIRM -->
  <testcase name="TC10_ADE_FIRM" time="0.001" classname="com.att.myprice.testcases.TC10_ADE_Firm_SingleSite">
    <skipped/>
  </testcase> <!-- TC10_ADE_FIRM -->
  <testcase name="TC10_ADE_FIRM" time="0.002" classname="com.att.myprice.testcases.TC10_ADE_Firm_SingleSite">
    <skipped/>
  </testcase> <!-- TC10_ADE_FIRM -->
  <testcase name="TC10_ADE_FIRM" time="0.001" classname="com.att.myprice.testcases.TC10_ADE_Firm_SingleSite">
    <skipped/>
  </testcase> <!-- TC10_ADE_FIRM -->
  <testcase name="TC10_ADE_FIRM" time="0.002" classname="com.att.myprice.testcases.TC10_ADE_Firm_SingleSite">
    <skipped/>
  </testcase> <!-- TC10_ADE_FIRM -->
  <testcase name="TC10_ADE_FIRM" time="0.002" classname="com.att.myprice.testcases.TC10_ADE_Firm_SingleSite">
    <skipped/>
  </testcase> <!-- TC10_ADE_FIRM -->
  <testcase name="TC10_ADE_FIRM" time="0.002" classname="com.att.myprice.testcases.TC10_ADE_Firm_SingleSite">
    <skipped/>
  </testcase> <!-- TC10_ADE_FIRM -->
  <testcase name="TC10_ADE_FIRM" time="0.001" classname="com.att.myprice.testcases.TC10_ADE_Firm_SingleSite">
    <skipped/>
  </testcase> <!-- TC10_ADE_FIRM -->
  <testcase name="TC10_ADE_FIRM" time="0.004" classname="com.att.myprice.testcases.TC10_ADE_Firm_SingleSite">
    <skipped/>
  </testcase> <!-- TC10_ADE_FIRM -->
  <testcase name="TC10_ADE_FIRM" time="0.002" classname="com.att.myprice.testcases.TC10_ADE_Firm_SingleSite">
    <skipped/>
  </testcase> <!-- TC10_ADE_FIRM -->
  <testcase name="TC10_ADE_FIRM" time="0.004" classname="com.att.myprice.testcases.TC10_ADE_Firm_SingleSite">
    <skipped/>
  </testcase> <!-- TC10_ADE_FIRM -->
  <testcase name="TC10_ADE_FIRM" time="0.001" classname="com.att.myprice.testcases.TC10_ADE_Firm_SingleSite">
    <skipped/>
  </testcase> <!-- TC10_ADE_FIRM -->
  <testcase name="TC10_ADE_FIRM" time="0.002" classname="com.att.myprice.testcases.TC10_ADE_Firm_SingleSite">
    <skipped/>
  </testcase> <!-- TC10_ADE_FIRM -->
  <testcase name="TC10_ADE_FIRM" time="0.001" classname="com.att.myprice.testcases.TC10_ADE_Firm_SingleSite">
    <skipped/>
  </testcase> <!-- TC10_ADE_FIRM -->
  <testcase name="TC10_ADE_FIRM" time="0.002" classname="com.att.myprice.testcases.TC10_ADE_Firm_SingleSite">
    <skipped/>
  </testcase> <!-- TC10_ADE_FIRM -->
  <testcase name="TC10_ADE_FIRM" time="0.001" classname="com.att.myprice.testcases.TC10_ADE_Firm_SingleSite">
    <skipped/>
  </testcase> <!-- TC10_ADE_FIRM -->
  <testcase name="TC10_ADE_FIRM" time="0.001" classname="com.att.myprice.testcases.TC10_ADE_Firm_SingleSite">
    <skipped/>
  </testcase> <!-- TC10_ADE_FIRM -->
  <testcase name="TC10_ADE_FIRM" time="0.001" classname="com.att.myprice.testcases.TC10_ADE_Firm_SingleSite">
    <skipped/>
  </testcase> <!-- TC10_ADE_FIRM -->
  <testcase name="TC10_ADE_FIRM" time="0.001" classname="com.att.myprice.testcases.TC10_ADE_Firm_SingleSite">
    <skipped/>
  </testcase> <!-- TC10_ADE_FIRM -->
  <testcase name="TC10_ADE_FIRM" time="0.002" classname="com.att.myprice.testcases.TC10_ADE_Firm_SingleSite">
    <skipped/>
  </testcase> <!-- TC10_ADE_FIRM -->
  <testcase name="TC10_ADE_FIRM" time="0.001" classname="com.att.myprice.testcases.TC10_ADE_Firm_SingleSite">
    <skipped/>
  </testcase> <!-- TC10_ADE_FIRM -->
  <testcase name="TC10_ADE_FIRM" time="0.001" classname="com.att.myprice.testcases.TC10_ADE_Firm_SingleSite">
    <skipped/>
  </testcase> <!-- TC10_ADE_FIRM -->
  <testcase name="TC10_ADE_FIRM" time="0.001" classname="com.att.myprice.testcases.TC10_ADE_Firm_SingleSite">
    <skipped/>
  </testcase> <!-- TC10_ADE_FIRM -->
  <testcase name="TC10_ADE_FIRM" time="0.001" classname="com.att.myprice.testcases.TC10_ADE_Firm_SingleSite">
    <skipped/>
  </testcase> <!-- TC10_ADE_FIRM -->
  <testcase name="TC10_ADE_FIRM" time="0.001" classname="com.att.myprice.testcases.TC10_ADE_Firm_SingleSite">
    <skipped/>
  </testcase> <!-- TC10_ADE_FIRM -->
  <testcase name="TC10_ADE_FIRM" time="0.001" classname="com.att.myprice.testcases.TC10_ADE_Firm_SingleSite">
    <skipped/>
  </testcase> <!-- TC10_ADE_FIRM -->
  <testcase name="TC10_ADE_FIRM" time="0.001" classname="com.att.myprice.testcases.TC10_ADE_Firm_SingleSite">
    <skipped/>
  </testcase> <!-- TC10_ADE_FIRM -->
  <testcase name="TC10_ADE_FIRM" time="0.000" classname="com.att.myprice.testcases.TC10_ADE_Firm_SingleSite">
    <skipped/>
  </testcase> <!-- TC10_ADE_FIRM -->
  <testcase name="TC10_ADE_FIRM" time="0.000" classname="com.att.myprice.testcases.TC10_ADE_Firm_SingleSite">
    <skipped/>
  </testcase> <!-- TC10_ADE_FIRM -->
  <testcase name="TC10_ADE_FIRM" time="0.001" classname="com.att.myprice.testcases.TC10_ADE_Firm_SingleSite">
    <skipped/>
  </testcase> <!-- TC10_ADE_FIRM -->
  <testcase name="TC10_ADE_FIRM" time="0.005" classname="com.att.myprice.testcases.TC10_ADE_Firm_SingleSite">
    <skipped/>
  </testcase> <!-- TC10_ADE_FIRM -->
  <testcase name="TC10_ADE_FIRM" time="0.001" classname="com.att.myprice.testcases.TC10_ADE_Firm_SingleSite">
    <skipped/>
  </testcase> <!-- TC10_ADE_FIRM -->
  <testcase name="TC10_ADE_FIRM" time="0.001" classname="com.att.myprice.testcases.TC10_ADE_Firm_SingleSite">
    <skipped/>
  </testcase> <!-- TC10_ADE_FIRM -->
  <testcase name="TC10_ADE_FIRM" time="0.000" classname="com.att.myprice.testcases.TC10_ADE_Firm_SingleSite">
    <skipped/>
  </testcase> <!-- TC10_ADE_FIRM -->
  <testcase name="TC10_ADE_FIRM" time="0.001" classname="com.att.myprice.testcases.TC10_ADE_Firm_SingleSite">
    <skipped/>
  </testcase> <!-- TC10_ADE_FIRM -->
  <testcase name="TC10_ADE_FIRM" time="0.002" classname="com.att.myprice.testcases.TC10_ADE_Firm_SingleSite">
    <skipped/>
  </testcase> <!-- TC10_ADE_FIRM -->
  <testcase name="TC10_ADE_FIRM" time="0.001" classname="com.att.myprice.testcases.TC10_ADE_Firm_SingleSite">
    <skipped/>
  </testcase> <!-- TC10_ADE_FIRM -->
  <testcase name="TC10_ADE_FIRM" time="0.001" classname="com.att.myprice.testcases.TC10_ADE_Firm_SingleSite">
    <skipped/>
  </testcase> <!-- TC10_ADE_FIRM -->
  <testcase name="TC10_ADE_FIRM" time="0.001" classname="com.att.myprice.testcases.TC10_ADE_Firm_SingleSite">
    <skipped/>
  </testcase> <!-- TC10_ADE_FIRM -->
  <testcase name="TC10_ADE_FIRM" time="0.001" classname="com.att.myprice.testcases.TC10_ADE_Firm_SingleSite">
    <skipped/>
  </testcase> <!-- TC10_ADE_FIRM -->
  <testcase name="TC10_ADE_FIRM" time="0.002" classname="com.att.myprice.testcases.TC10_ADE_Firm_SingleSite">
    <skipped/>
  </testcase> <!-- TC10_ADE_FIRM -->
  <testcase name="TC10_ADE_FIRM" time="0.001" classname="com.att.myprice.testcases.TC10_ADE_Firm_SingleSite">
    <skipped/>
  </testcase> <!-- TC10_ADE_FIRM -->
  <testcase name="TC10_ADE_FIRM" time="0.017" classname="com.att.myprice.testcases.TC10_ADE_Firm_SingleSite">
    <skipped/>
  </testcase> <!-- TC10_ADE_FIRM -->
  <testcase name="TC10_ADE_FIRM" time="0.002" classname="com.att.myprice.testcases.TC10_ADE_Firm_SingleSite">
    <skipped/>
  </testcase> <!-- TC10_ADE_FIRM -->
  <testcase name="TC10_ADE_FIRM" time="0.001" classname="com.att.myprice.testcases.TC10_ADE_Firm_SingleSite">
    <skipped/>
  </testcase> <!-- TC10_ADE_FIRM -->
  <testcase name="TC10_ADE_FIRM" time="0.002" classname="com.att.myprice.testcases.TC10_ADE_Firm_SingleSite">
    <skipped/>
  </testcase> <!-- TC10_ADE_FIRM -->
  <testcase name="TC10_ADE_FIRM" time="0.001" classname="com.att.myprice.testcases.TC10_ADE_Firm_SingleSite">
    <skipped/>
  </testcase> <!-- TC10_ADE_FIRM -->
  <testcase name="TC10_ADE_FIRM" time="0.001" classname="com.att.myprice.testcases.TC10_ADE_Firm_SingleSite">
    <skipped/>
  </testcase> <!-- TC10_ADE_FIRM -->
  <testcase name="TC10_ADE_FIRM" time="0.001" classname="com.att.myprice.testcases.TC10_ADE_Firm_SingleSite">
    <skipped/>
  </testcase> <!-- TC10_ADE_FIRM -->
  <testcase name="TC10_ADE_FIRM" time="0.001" classname="com.att.myprice.testcases.TC10_ADE_Firm_SingleSite">
    <skipped/>
  </testcase> <!-- TC10_ADE_FIRM -->
  <testcase name="TC10_ADE_FIRM" time="0.001" classname="com.att.myprice.testcases.TC10_ADE_Firm_SingleSite">
    <skipped/>
  </testcase> <!-- TC10_ADE_FIRM -->
  <testcase name="TC10_ADE_FIRM" time="0.004" classname="com.att.myprice.testcases.TC10_ADE_Firm_SingleSite">
    <skipped/>
  </testcase> <!-- TC10_ADE_FIRM -->
  <testcase name="TC10_ADE_FIRM" time="0.002" classname="com.att.myprice.testcases.TC10_ADE_Firm_SingleSite">
    <skipped/>
  </testcase> <!-- TC10_ADE_FIRM -->
  <testcase name="TC10_ADE_FIRM" time="0.002" classname="com.att.myprice.testcases.TC10_ADE_Firm_SingleSite">
    <skipped/>
  </testcase> <!-- TC10_ADE_FIRM -->
  <testcase name="TC10_ADE_FIRM" time="0.012" classname="com.att.myprice.testcases.TC10_ADE_Firm_SingleSite">
    <skipped/>
  </testcase> <!-- TC10_ADE_FIRM -->
  <testcase name="TC10_ADE_FIRM" time="0.001" classname="com.att.myprice.testcases.TC10_ADE_Firm_SingleSite">
    <skipped/>
  </testcase> <!-- TC10_ADE_FIRM -->
  <testcase name="TC10_ADE_FIRM" time="0.003" classname="com.att.myprice.testcases.TC10_ADE_Firm_SingleSite">
    <skipped/>
  </testcase> <!-- TC10_ADE_FIRM -->
  <testcase name="TC10_ADE_FIRM" time="0.001" classname="com.att.myprice.testcases.TC10_ADE_Firm_SingleSite">
    <skipped/>
  </testcase> <!-- TC10_ADE_FIRM -->
  <testcase name="TC10_ADE_FIRM" time="0.014" classname="com.att.myprice.testcases.TC10_ADE_Firm_SingleSite">
    <skipped/>
  </testcase> <!-- TC10_ADE_FIRM -->
  <testcase name="TC10_ADE_FIRM" time="0.001" classname="com.att.myprice.testcases.TC10_ADE_Firm_SingleSite">
    <skipped/>
  </testcase> <!-- TC10_ADE_FIRM -->
  <testcase name="TC10_ADE_FIRM" time="0.002" classname="com.att.myprice.testcases.TC10_ADE_Firm_SingleSite">
    <skipped/>
  </testcase> <!-- TC10_ADE_FIRM -->
  <testcase name="TC10_ADE_FIRM" time="0.001" classname="com.att.myprice.testcases.TC10_ADE_Firm_SingleSite">
    <skipped/>
  </testcase> <!-- TC10_ADE_FIRM -->
  <testcase name="TC10_ADE_FIRM" time="0.001" classname="com.att.myprice.testcases.TC10_ADE_Firm_SingleSite">
    <skipped/>
  </testcase> <!-- TC10_ADE_FIRM -->
  <testcase name="TC10_ADE_FIRM" time="0.002" classname="com.att.myprice.testcases.TC10_ADE_Firm_SingleSite">
    <skipped/>
  </testcase> <!-- TC10_ADE_FIRM -->
  <testcase name="TC10_ADE_FIRM" time="0.001" classname="com.att.myprice.testcases.TC10_ADE_Firm_SingleSite">
    <skipped/>
  </testcase> <!-- TC10_ADE_FIRM -->
  <testcase name="TC10_ADE_FIRM" time="0.001" classname="com.att.myprice.testcases.TC10_ADE_Firm_SingleSite">
    <skipped/>
  </testcase> <!-- TC10_ADE_FIRM -->
  <testcase name="TC10_ADE_FIRM" time="0.001" classname="com.att.myprice.testcases.TC10_ADE_Firm_SingleSite">
    <skipped/>
  </testcase> <!-- TC10_ADE_FIRM -->
  <testcase name="TC10_ADE_FIRM" time="0.000" classname="com.att.myprice.testcases.TC10_ADE_Firm_SingleSite">
    <skipped/>
  </testcase> <!-- TC10_ADE_FIRM -->
  <testcase name="TC10_ADE_FIRM" time="0.001" classname="com.att.myprice.testcases.TC10_ADE_Firm_SingleSite">
    <skipped/>
  </testcase> <!-- TC10_ADE_FIRM -->
  <testcase name="TC10_ADE_FIRM" time="0.004" classname="com.att.myprice.testcases.TC10_ADE_Firm_SingleSite">
    <skipped/>
  </testcase> <!-- TC10_ADE_FIRM -->
  <testcase name="TC10_ADE_FIRM" time="0.001" classname="com.att.myprice.testcases.TC10_ADE_Firm_SingleSite">
    <skipped/>
  </testcase> <!-- TC10_ADE_FIRM -->
  <testcase name="TC10_ADE_FIRM" time="0.001" classname="com.att.myprice.testcases.TC10_ADE_Firm_SingleSite">
    <skipped/>
  </testcase> <!-- TC10_ADE_FIRM -->
  <testcase name="TC10_ADE_FIRM" time="0.001" classname="com.att.myprice.testcases.TC10_ADE_Firm_SingleSite">
    <skipped/>
  </testcase> <!-- TC10_ADE_FIRM -->
  <testcase name="TC10_ADE_FIRM" time="0.001" classname="com.att.myprice.testcases.TC10_ADE_Firm_SingleSite">
    <skipped/>
  </testcase> <!-- TC10_ADE_FIRM -->
  <testcase name="TC10_ADE_FIRM" time="0.001" classname="com.att.myprice.testcases.TC10_ADE_Firm_SingleSite">
    <skipped/>
  </testcase> <!-- TC10_ADE_FIRM -->
  <testcase name="TC10_ADE_FIRM" time="0.001" classname="com.att.myprice.testcases.TC10_ADE_Firm_SingleSite">
    <skipped/>
  </testcase> <!-- TC10_ADE_FIRM -->
  <testcase name="TC10_ADE_FIRM" time="0.001" classname="com.att.myprice.testcases.TC10_ADE_Firm_SingleSite">
    <skipped/>
  </testcase> <!-- TC10_ADE_FIRM -->
  <testcase name="TC10_ADE_FIRM" time="0.004" classname="com.att.myprice.testcases.TC10_ADE_Firm_SingleSite">
    <skipped/>
  </testcase> <!-- TC10_ADE_FIRM -->
  <testcase name="TC10_ADE_FIRM" time="0.001" classname="com.att.myprice.testcases.TC10_ADE_Firm_SingleSite">
    <skipped/>
  </testcase> <!-- TC10_ADE_FIRM -->
  <testcase name="TC10_ADE_FIRM" time="0.000" classname="com.att.myprice.testcases.TC10_ADE_Firm_SingleSite">
    <skipped/>
  </testcase> <!-- TC10_ADE_FIRM -->
  <testcase name="TC10_ADE_FIRM" time="0.001" classname="com.att.myprice.testcases.TC10_ADE_Firm_SingleSite">
    <skipped/>
  </testcase> <!-- TC10_ADE_FIRM -->
  <testcase name="TC10_ADE_FIRM" time="0.002" classname="com.att.myprice.testcases.TC10_ADE_Firm_SingleSite">
    <skipped/>
  </testcase> <!-- TC10_ADE_FIRM -->
  <testcase name="TC10_ADE_FIRM" time="0.002" classname="com.att.myprice.testcases.TC10_ADE_Firm_SingleSite">
    <skipped/>
  </testcase> <!-- TC10_ADE_FIRM -->
  <testcase name="TC10_ADE_FIRM" time="0.000" classname="com.att.myprice.testcases.TC10_ADE_Firm_SingleSite">
    <skipped/>
  </testcase> <!-- TC10_ADE_FIRM -->
  <testcase name="TC10_ADE_FIRM" time="0.000" classname="com.att.myprice.testcases.TC10_ADE_Firm_SingleSite">
    <skipped/>
  </testcase> <!-- TC10_ADE_FIRM -->
  <testcase name="TC10_ADE_FIRM" time="0.001" classname="com.att.myprice.testcases.TC10_ADE_Firm_SingleSite">
    <skipped/>
  </testcase> <!-- TC10_ADE_FIRM -->
  <testcase name="TC10_ADE_FIRM" time="0.002" classname="com.att.myprice.testcases.TC10_ADE_Firm_SingleSite">
    <skipped/>
  </testcase> <!-- TC10_ADE_FIRM -->
  <testcase name="TC10_ADE_FIRM" time="0.001" classname="com.att.myprice.testcases.TC10_ADE_Firm_SingleSite">
    <skipped/>
  </testcase> <!-- TC10_ADE_FIRM -->
  <testcase name="TC10_ADE_FIRM" time="0.001" classname="com.att.myprice.testcases.TC10_ADE_Firm_SingleSite">
    <skipped/>
  </testcase> <!-- TC10_ADE_FIRM -->
  <testcase name="TC10_ADE_FIRM" time="0.002" classname="com.att.myprice.testcases.TC10_ADE_Firm_SingleSite">
    <skipped/>
  </testcase> <!-- TC10_ADE_FIRM -->
  <testcase name="TC10_ADE_FIRM" time="0.001" classname="com.att.myprice.testcases.TC10_ADE_Firm_SingleSite">
    <skipped/>
  </testcase> <!-- TC10_ADE_FIRM -->
  <testcase name="TC10_ADE_FIRM" time="0.002" classname="com.att.myprice.testcases.TC10_ADE_Firm_SingleSite">
    <skipped/>
  </testcase> <!-- TC10_ADE_FIRM -->
  <testcase name="TC10_ADE_FIRM" time="0.002" classname="com.att.myprice.testcases.TC10_ADE_Firm_SingleSite">
    <skipped/>
  </testcase> <!-- TC10_ADE_FIRM -->
  <testcase name="TC10_ADE_FIRM" time="0.001" classname="com.att.myprice.testcases.TC10_ADE_Firm_SingleSite">
    <skipped/>
  </testcase> <!-- TC10_ADE_FIRM -->
  <testcase name="TC10_ADE_FIRM" time="0.001" classname="com.att.myprice.testcases.TC10_ADE_Firm_SingleSite">
    <skipped/>
  </testcase> <!-- TC10_ADE_FIRM -->
  <testcase name="TC10_ADE_FIRM" time="0.002" classname="com.att.myprice.testcases.TC10_ADE_Firm_SingleSite">
    <skipped/>
  </testcase> <!-- TC10_ADE_FIRM -->
  <testcase name="TC10_ADE_FIRM" time="0.001" classname="com.att.myprice.testcases.TC10_ADE_Firm_SingleSite">
    <skipped/>
  </testcase> <!-- TC10_ADE_FIRM -->
  <testcase name="TC10_ADE_FIRM" time="0.001" classname="com.att.myprice.testcases.TC10_ADE_Firm_SingleSite">
    <skipped/>
  </testcase> <!-- TC10_ADE_FIRM -->
  <testcase name="TC10_ADE_FIRM" time="0.001" classname="com.att.myprice.testcases.TC10_ADE_Firm_SingleSite">
    <skipped/>
  </testcase> <!-- TC10_ADE_FIRM -->
  <testcase name="TC10_ADE_FIRM" time="0.000" classname="com.att.myprice.testcases.TC10_ADE_Firm_SingleSite">
    <skipped/>
  </testcase> <!-- TC10_ADE_FIRM -->
  <testcase name="TC10_ADE_FIRM" time="0.000" classname="com.att.myprice.testcases.TC10_ADE_Firm_SingleSite">
    <skipped/>
  </testcase> <!-- TC10_ADE_FIRM -->
  <testcase name="TC10_ADE_FIRM" time="0.001" classname="com.att.myprice.testcases.TC10_ADE_Firm_SingleSite">
    <skipped/>
  </testcase> <!-- TC10_ADE_FIRM -->
  <testcase name="TC10_ADE_FIRM" time="0.001" classname="com.att.myprice.testcases.TC10_ADE_Firm_SingleSite">
    <skipped/>
  </testcase> <!-- TC10_ADE_FIRM -->
  <testcase name="TC10_ADE_FIRM" time="0.001" classname="com.att.myprice.testcases.TC10_ADE_Firm_SingleSite">
    <skipped/>
  </testcase> <!-- TC10_ADE_FIRM -->
  <testcase name="TC10_ADE_FIRM" time="0.001" classname="com.att.myprice.testcases.TC10_ADE_Firm_SingleSite">
    <skipped/>
  </testcase> <!-- TC10_ADE_FIRM -->
  <testcase name="TC10_ADE_FIRM" time="0.001" classname="com.att.myprice.testcases.TC10_ADE_Firm_SingleSite">
    <skipped/>
  </testcase> <!-- TC10_ADE_FIRM -->
  <testcase name="TC10_ADE_FIRM" time="0.002" classname="com.att.myprice.testcases.TC10_ADE_Firm_SingleSite">
    <skipped/>
  </testcase> <!-- TC10_ADE_FIRM -->
  <testcase name="TC10_ADE_FIRM" time="0.002" classname="com.att.myprice.testcases.TC10_ADE_Firm_SingleSite">
    <skipped/>
  </testcase> <!-- TC10_ADE_FIRM -->
  <testcase name="TC10_ADE_FIRM" time="0.001" classname="com.att.myprice.testcases.TC10_ADE_Firm_SingleSite">
    <skipped/>
  </testcase> <!-- TC10_ADE_FIRM -->
  <testcase name="TC10_ADE_FIRM" time="0.001" classname="com.att.myprice.testcases.TC10_ADE_Firm_SingleSite">
    <skipped/>
  </testcase> <!-- TC10_ADE_FIRM -->
  <testcase name="TC10_ADE_FIRM" time="0.001" classname="com.att.myprice.testcases.TC10_ADE_Firm_SingleSite">
    <skipped/>
  </testcase> <!-- TC10_ADE_FIRM -->
  <testcase name="TC10_ADE_FIRM" time="0.001" classname="com.att.myprice.testcases.TC10_ADE_Firm_SingleSite">
    <skipped/>
  </testcase> <!-- TC10_ADE_FIRM -->
  <testcase name="TC10_ADE_FIRM" time="0.001" classname="com.att.myprice.testcases.TC10_ADE_Firm_SingleSite">
    <skipped/>
  </testcase> <!-- TC10_ADE_FIRM -->
  <testcase name="TC10_ADE_FIRM" time="0.001" classname="com.att.myprice.testcases.TC10_ADE_Firm_SingleSite">
    <skipped/>
  </testcase> <!-- TC10_ADE_FIRM -->
  <testcase name="TC10_ADE_FIRM" time="0.002" classname="com.att.myprice.testcases.TC10_ADE_Firm_SingleSite">
    <skipped/>
  </testcase> <!-- TC10_ADE_FIRM -->
  <testcase name="TC10_ADE_FIRM" time="0.004" classname="com.att.myprice.testcases.TC10_ADE_Firm_SingleSite">
    <skipped/>
  </testcase> <!-- TC10_ADE_FIRM -->
  <testcase name="TC10_ADE_FIRM" time="0.000" classname="com.att.myprice.testcases.TC10_ADE_Firm_SingleSite">
    <skipped/>
  </testcase> <!-- TC10_ADE_FIRM -->
  <testcase name="TC10_ADE_FIRM" time="0.001" classname="com.att.myprice.testcases.TC10_ADE_Firm_SingleSite">
    <skipped/>
  </testcase> <!-- TC10_ADE_FIRM -->
  <testcase name="TC10_ADE_FIRM" time="0.001" classname="com.att.myprice.testcases.TC10_ADE_Firm_SingleSite">
    <skipped/>
  </testcase> <!-- TC10_ADE_FIRM -->
  <testcase name="TC10_ADE_FIRM" time="0.004" classname="com.att.myprice.testcases.TC10_ADE_Firm_SingleSite">
    <skipped/>
  </testcase> <!-- TC10_ADE_FIRM -->
  <testcase name="TC10_ADE_FIRM" time="0.001" classname="com.att.myprice.testcases.TC10_ADE_Firm_SingleSite">
    <skipped/>
  </testcase> <!-- TC10_ADE_FIRM -->
  <testcase name="TC10_ADE_FIRM" time="0.001" classname="com.att.myprice.testcases.TC10_ADE_Firm_SingleSite">
    <skipped/>
  </testcase> <!-- TC10_ADE_FIRM -->
  <testcase name="TC10_ADE_FIRM" time="0.001" classname="com.att.myprice.testcases.TC10_ADE_Firm_SingleSite">
    <skipped/>
  </testcase> <!-- TC10_ADE_FIRM -->
  <testcase name="TC10_ADE_FIRM" time="0.004" classname="com.att.myprice.testcases.TC10_ADE_Firm_SingleSite">
    <skipped/>
  </testcase> <!-- TC10_ADE_FIRM -->
  <testcase name="TC10_ADE_FIRM" time="0.001" classname="com.att.myprice.testcases.TC10_ADE_Firm_SingleSite">
    <skipped/>
  </testcase> <!-- TC10_ADE_FIRM -->
  <testcase name="TC10_ADE_FIRM" time="0.000" classname="com.att.myprice.testcases.TC10_ADE_Firm_SingleSite">
    <skipped/>
  </testcase> <!-- TC10_ADE_FIRM -->
  <testcase name="TC10_ADE_FIRM" time="0.002" classname="com.att.myprice.testcases.TC10_ADE_Firm_SingleSite">
    <skipped/>
  </testcase> <!-- TC10_ADE_FIRM -->
  <testcase name="TC10_ADE_FIRM" time="0.001" classname="com.att.myprice.testcases.TC10_ADE_Firm_SingleSite">
    <skipped/>
  </testcase> <!-- TC10_ADE_FIRM -->
  <testcase name="TC10_ADE_FIRM" time="0.001" classname="com.att.myprice.testcases.TC10_ADE_Firm_SingleSite">
    <skipped/>
  </testcase> <!-- TC10_ADE_FIRM -->
  <testcase name="TC10_ADE_FIRM" time="0.001" classname="com.att.myprice.testcases.TC10_ADE_Firm_SingleSite">
    <skipped/>
  </testcase> <!-- TC10_ADE_FIRM -->
  <testcase name="TC10_ADE_FIRM" time="0.001" classname="com.att.myprice.testcases.TC10_ADE_Firm_SingleSite">
    <skipped/>
  </testcase> <!-- TC10_ADE_FIRM -->
  <testcase name="TC10_ADE_FIRM" time="0.001" classname="com.att.myprice.testcases.TC10_ADE_Firm_SingleSite">
    <skipped/>
  </testcase> <!-- TC10_ADE_FIRM -->
  <testcase name="TC10_ADE_FIRM" time="0.001" classname="com.att.myprice.testcases.TC10_ADE_Firm_SingleSite">
    <skipped/>
  </testcase> <!-- TC10_ADE_FIRM -->
  <testcase name="TC10_ADE_FIRM" time="0.002" classname="com.att.myprice.testcases.TC10_ADE_Firm_SingleSite">
    <skipped/>
  </testcase> <!-- TC10_ADE_FIRM -->
  <testcase name="TC10_ADE_FIRM" time="0.001" classname="com.att.myprice.testcases.TC10_ADE_Firm_SingleSite">
    <skipped/>
  </testcase> <!-- TC10_ADE_FIRM -->
  <testcase name="TC10_ADE_FIRM" time="0.001" classname="com.att.myprice.testcases.TC10_ADE_Firm_SingleSite">
    <skipped/>
  </testcase> <!-- TC10_ADE_FIRM -->
  <testcase name="TC10_ADE_FIRM" time="0.008" classname="com.att.myprice.testcases.TC10_ADE_Firm_SingleSite">
    <skipped/>
  </testcase> <!-- TC10_ADE_FIRM -->
  <testcase name="TC10_ADE_FIRM" time="0.001" classname="com.att.myprice.testcases.TC10_ADE_Firm_SingleSite">
    <skipped/>
  </testcase> <!-- TC10_ADE_FIRM -->
  <testcase name="TC10_ADE_FIRM" time="0.005" classname="com.att.myprice.testcases.TC10_ADE_Firm_SingleSite">
    <skipped/>
  </testcase> <!-- TC10_ADE_FIRM -->
  <testcase name="TC10_ADE_FIRM" time="0.006" classname="com.att.myprice.testcases.TC10_ADE_Firm_SingleSite">
    <skipped/>
  </testcase> <!-- TC10_ADE_FIRM -->
  <testcase name="TC10_ADE_FIRM" time="0.001" classname="com.att.myprice.testcases.TC10_ADE_Firm_SingleSite">
    <skipped/>
  </testcase> <!-- TC10_ADE_FIRM -->
  <testcase name="TC10_ADE_FIRM" time="0.001" classname="com.att.myprice.testcases.TC10_ADE_Firm_SingleSite">
    <skipped/>
  </testcase> <!-- TC10_ADE_FIRM -->
  <testcase name="TC10_ADE_FIRM" time="0.001" classname="com.att.myprice.testcases.TC10_ADE_Firm_SingleSite">
    <skipped/>
  </testcase> <!-- TC10_ADE_FIRM -->
  <testcase name="TC10_ADE_FIRM" time="0.002" classname="com.att.myprice.testcases.TC10_ADE_Firm_SingleSite">
    <skipped/>
  </testcase> <!-- TC10_ADE_FIRM -->
  <testcase name="TC10_ADE_FIRM" time="0.001" classname="com.att.myprice.testcases.TC10_ADE_Firm_SingleSite">
    <skipped/>
  </testcase> <!-- TC10_ADE_FIRM -->
  <testcase name="TC10_ADE_FIRM" time="0.001" classname="com.att.myprice.testcases.TC10_ADE_Firm_SingleSite">
    <skipped/>
  </testcase> <!-- TC10_ADE_FIRM -->
  <testcase name="TC10_ADE_FIRM" time="0.001" classname="com.att.myprice.testcases.TC10_ADE_Firm_SingleSite">
    <skipped/>
  </testcase> <!-- TC10_ADE_FIRM -->
  <testcase name="TC10_ADE_FIRM" time="0.001" classname="com.att.myprice.testcases.TC10_ADE_Firm_SingleSite">
    <skipped/>
  </testcase> <!-- TC10_ADE_FIRM -->
  <testcase name="TC10_ADE_FIRM" time="0.000" classname="com.att.myprice.testcases.TC10_ADE_Firm_SingleSite">
    <skipped/>
  </testcase> <!-- TC10_ADE_FIRM -->
  <testcase name="TC10_ADE_FIRM" time="0.001" classname="com.att.myprice.testcases.TC10_ADE_Firm_SingleSite">
    <skipped/>
  </testcase> <!-- TC10_ADE_FIRM -->
  <testcase name="TC10_ADE_FIRM" time="0.001" classname="com.att.myprice.testcases.TC10_ADE_Firm_SingleSite">
    <skipped/>
  </testcase> <!-- TC10_ADE_FIRM -->
  <testcase name="TC10_ADE_FIRM" time="0.001" classname="com.att.myprice.testcases.TC10_ADE_Firm_SingleSite">
    <skipped/>
  </testcase> <!-- TC10_ADE_FIRM -->
  <testcase name="TC10_ADE_FIRM" time="0.001" classname="com.att.myprice.testcases.TC10_ADE_Firm_SingleSite">
    <skipped/>
  </testcase> <!-- TC10_ADE_FIRM -->
  <testcase name="TC10_ADE_FIRM" time="0.001" classname="com.att.myprice.testcases.TC10_ADE_Firm_SingleSite">
    <skipped/>
  </testcase> <!-- TC10_ADE_FIRM -->
  <testcase name="TC10_ADE_FIRM" time="0.002" classname="com.att.myprice.testcases.TC10_ADE_Firm_SingleSite">
    <skipped/>
  </testcase> <!-- TC10_ADE_FIRM -->
  <testcase name="TC10_ADE_FIRM" time="0.001" classname="com.att.myprice.testcases.TC10_ADE_Firm_SingleSite">
    <skipped/>
  </testcase> <!-- TC10_ADE_FIRM -->
  <testcase name="TC10_ADE_FIRM" time="0.036" classname="com.att.myprice.testcases.TC10_ADE_Firm_SingleSite">
    <skipped/>
  </testcase> <!-- TC10_ADE_FIRM -->
  <testcase name="TC10_ADE_FIRM" time="0.001" classname="com.att.myprice.testcases.TC10_ADE_Firm_SingleSite">
    <skipped/>
  </testcase> <!-- TC10_ADE_FIRM -->
  <testcase name="TC10_ADE_FIRM" time="0.001" classname="com.att.myprice.testcases.TC10_ADE_Firm_SingleSite">
    <skipped/>
  </testcase> <!-- TC10_ADE_FIRM -->
  <testcase name="TC10_ADE_FIRM" time="0.001" classname="com.att.myprice.testcases.TC10_ADE_Firm_SingleSite">
    <skipped/>
  </testcase> <!-- TC10_ADE_FIRM -->
  <testcase name="TC10_ADE_FIRM" time="0.001" classname="com.att.myprice.testcases.TC10_ADE_Firm_SingleSite">
    <skipped/>
  </testcase> <!-- TC10_ADE_FIRM -->
  <testcase name="TC10_ADE_FIRM" time="0.001" classname="com.att.myprice.testcases.TC10_ADE_Firm_SingleSite">
    <skipped/>
  </testcase> <!-- TC10_ADE_FIRM -->
  <testcase name="TC10_ADE_FIRM" time="0.001" classname="com.att.myprice.testcases.TC10_ADE_Firm_SingleSite">
    <skipped/>
  </testcase> <!-- TC10_ADE_FIRM -->
  <testcase name="TC10_ADE_FIRM" time="0.001" classname="com.att.myprice.testcases.TC10_ADE_Firm_SingleSite">
    <skipped/>
  </testcase> <!-- TC10_ADE_FIRM -->
  <testcase name="TC10_ADE_FIRM" time="0.001" classname="com.att.myprice.testcases.TC10_ADE_Firm_SingleSite">
    <skipped/>
  </testcase> <!-- TC10_ADE_FIRM -->
  <testcase name="TC10_ADE_FIRM" time="0.001" classname="com.att.myprice.testcases.TC10_ADE_Firm_SingleSite">
    <skipped/>
  </testcase> <!-- TC10_ADE_FIRM -->
  <testcase name="TC10_ADE_FIRM" time="0.002" classname="com.att.myprice.testcases.TC10_ADE_Firm_SingleSite">
    <skipped/>
  </testcase> <!-- TC10_ADE_FIRM -->
  <testcase name="TC10_ADE_FIRM" time="0.002" classname="com.att.myprice.testcases.TC10_ADE_Firm_SingleSite">
    <skipped/>
  </testcase> <!-- TC10_ADE_FIRM -->
  <testcase name="TC10_ADE_FIRM" time="0.001" classname="com.att.myprice.testcases.TC10_ADE_Firm_SingleSite">
    <skipped/>
  </testcase> <!-- TC10_ADE_FIRM -->
  <testcase name="TC10_ADE_FIRM" time="0.001" classname="com.att.myprice.testcases.TC10_ADE_Firm_SingleSite">
    <skipped/>
  </testcase> <!-- TC10_ADE_FIRM -->
  <testcase name="TC10_ADE_FIRM" time="0.009" classname="com.att.myprice.testcases.TC10_ADE_Firm_SingleSite">
    <skipped/>
  </testcase> <!-- TC10_ADE_FIRM -->
  <testcase name="TC10_ADE_FIRM" time="0.002" classname="com.att.myprice.testcases.TC10_ADE_Firm_SingleSite">
    <skipped/>
  </testcase> <!-- TC10_ADE_FIRM -->
  <testcase name="TC10_ADE_FIRM" time="0.001" classname="com.att.myprice.testcases.TC10_ADE_Firm_SingleSite">
    <skipped/>
  </testcase> <!-- TC10_ADE_FIRM -->
  <testcase name="TC10_ADE_FIRM" time="0.009" classname="com.att.myprice.testcases.TC10_ADE_Firm_SingleSite">
    <skipped/>
  </testcase> <!-- TC10_ADE_FIRM -->
  <testcase name="TC10_ADE_FIRM" time="0.002" classname="com.att.myprice.testcases.TC10_ADE_Firm_SingleSite">
    <skipped/>
  </testcase> <!-- TC10_ADE_FIRM -->
  <testcase name="TC10_ADE_FIRM" time="0.001" classname="com.att.myprice.testcases.TC10_ADE_Firm_SingleSite">
    <skipped/>
  </testcase> <!-- TC10_ADE_FIRM -->
  <testcase name="TC10_ADE_FIRM" time="0.001" classname="com.att.myprice.testcases.TC10_ADE_Firm_SingleSite">
    <skipped/>
  </testcase> <!-- TC10_ADE_FIRM -->
  <testcase name="TC10_ADE_FIRM" time="0.001" classname="com.att.myprice.testcases.TC10_ADE_Firm_SingleSite">
    <skipped/>
  </testcase> <!-- TC10_ADE_FIRM -->
  <testcase name="TC10_ADE_FIRM" time="0.001" classname="com.att.myprice.testcases.TC10_ADE_Firm_SingleSite">
    <skipped/>
  </testcase> <!-- TC10_ADE_FIRM -->
  <testcase name="TC10_ADE_FIRM" time="0.001" classname="com.att.myprice.testcases.TC10_ADE_Firm_SingleSite">
    <skipped/>
  </testcase> <!-- TC10_ADE_FIRM -->
  <testcase name="TC10_ADE_FIRM" time="0.001" classname="com.att.myprice.testcases.TC10_ADE_Firm_SingleSite">
    <skipped/>
  </testcase> <!-- TC10_ADE_FIRM -->
  <testcase name="TC10_ADE_FIRM" time="0.001" classname="com.att.myprice.testcases.TC10_ADE_Firm_SingleSite">
    <skipped/>
  </testcase> <!-- TC10_ADE_FIRM -->
  <testcase name="TC10_ADE_FIRM" time="0.001" classname="com.att.myprice.testcases.TC10_ADE_Firm_SingleSite">
    <skipped/>
  </testcase> <!-- TC10_ADE_FIRM -->
  <testcase name="TC10_ADE_FIRM" time="0.001" classname="com.att.myprice.testcases.TC10_ADE_Firm_SingleSite">
    <skipped/>
  </testcase> <!-- TC10_ADE_FIRM -->
  <testcase name="TC10_ADE_FIRM" time="0.001" classname="com.att.myprice.testcases.TC10_ADE_Firm_SingleSite">
    <skipped/>
  </testcase> <!-- TC10_ADE_FIRM -->
  <testcase name="TC10_ADE_FIRM" time="0.006" classname="com.att.myprice.testcases.TC10_ADE_Firm_SingleSite">
    <skipped/>
  </testcase> <!-- TC10_ADE_FIRM -->
  <testcase name="TC10_ADE_FIRM" time="0.003" classname="com.att.myprice.testcases.TC10_ADE_Firm_SingleSite">
    <skipped/>
  </testcase> <!-- TC10_ADE_FIRM -->
  <testcase name="TC10_ADE_FIRM" time="0.001" classname="com.att.myprice.testcases.TC10_ADE_Firm_SingleSite">
    <skipped/>
  </testcase> <!-- TC10_ADE_FIRM -->
  <testcase name="TC10_ADE_FIRM" time="0.001" classname="com.att.myprice.testcases.TC10_ADE_Firm_SingleSite">
    <skipped/>
  </testcase> <!-- TC10_ADE_FIRM -->
  <testcase name="TC10_ADE_FIRM" time="0.000" classname="com.att.myprice.testcases.TC10_ADE_Firm_SingleSite">
    <skipped/>
  </testcase> <!-- TC10_ADE_FIRM -->
  <testcase name="TC10_ADE_FIRM" time="0.002" classname="com.att.myprice.testcases.TC10_ADE_Firm_SingleSite">
    <skipped/>
  </testcase> <!-- TC10_ADE_FIRM -->
  <testcase name="TC10_ADE_FIRM" time="0.001" classname="com.att.myprice.testcases.TC10_ADE_Firm_SingleSite">
    <skipped/>
  </testcase> <!-- TC10_ADE_FIRM -->
  <testcase name="TC10_ADE_FIRM" time="0.001" classname="com.att.myprice.testcases.TC10_ADE_Firm_SingleSite">
    <skipped/>
  </testcase> <!-- TC10_ADE_FIRM -->
  <testcase name="TC10_ADE_FIRM" time="0.003" classname="com.att.myprice.testcases.TC10_ADE_Firm_SingleSite">
    <skipped/>
  </testcase> <!-- TC10_ADE_FIRM -->
  <testcase name="TC10_ADE_FIRM" time="0.001" classname="com.att.myprice.testcases.TC10_ADE_Firm_SingleSite">
    <skipped/>
  </testcase> <!-- TC10_ADE_FIRM -->
  <testcase name="TC10_ADE_FIRM" time="0.002" classname="com.att.myprice.testcases.TC10_ADE_Firm_SingleSite">
    <skipped/>
  </testcase> <!-- TC10_ADE_FIRM -->
  <testcase name="TC10_ADE_FIRM" time="0.001" classname="com.att.myprice.testcases.TC10_ADE_Firm_SingleSite">
    <skipped/>
  </testcase> <!-- TC10_ADE_FIRM -->
  <testcase name="TC10_ADE_FIRM" time="0.001" classname="com.att.myprice.testcases.TC10_ADE_Firm_SingleSite">
    <skipped/>
  </testcase> <!-- TC10_ADE_FIRM -->
  <testcase name="TC10_ADE_FIRM" time="0.001" classname="com.att.myprice.testcases.TC10_ADE_Firm_SingleSite">
    <skipped/>
  </testcase> <!-- TC10_ADE_FIRM -->
  <testcase name="TC10_ADE_FIRM" time="0.002" classname="com.att.myprice.testcases.TC10_ADE_Firm_SingleSite">
    <skipped/>
  </testcase> <!-- TC10_ADE_FIRM -->
  <testcase name="TC10_ADE_FIRM" time="0.000" classname="com.att.myprice.testcases.TC10_ADE_Firm_SingleSite">
    <skipped/>
  </testcase> <!-- TC10_ADE_FIRM -->
  <testcase name="TC10_ADE_FIRM" time="0.001" classname="com.att.myprice.testcases.TC10_ADE_Firm_SingleSite">
    <skipped/>
  </testcase> <!-- TC10_ADE_FIRM -->
  <testcase name="TC10_ADE_FIRM" time="0.002" classname="com.att.myprice.testcases.TC10_ADE_Firm_SingleSite">
    <skipped/>
  </testcase> <!-- TC10_ADE_FIRM -->
  <testcase name="TC10_ADE_FIRM" time="0.002" classname="com.att.myprice.testcases.TC10_ADE_Firm_SingleSite">
    <skipped/>
  </testcase> <!-- TC10_ADE_FIRM -->
  <testcase name="TC10_ADE_FIRM" time="0.001" classname="com.att.myprice.testcases.TC10_ADE_Firm_SingleSite">
    <skipped/>
  </testcase> <!-- TC10_ADE_FIRM -->
  <testcase name="TC10_ADE_FIRM" time="0.001" classname="com.att.myprice.testcases.TC10_ADE_Firm_SingleSite">
    <skipped/>
  </testcase> <!-- TC10_ADE_FIRM -->
  <testcase name="TC10_ADE_FIRM" time="0.002" classname="com.att.myprice.testcases.TC10_ADE_Firm_SingleSite">
    <skipped/>
  </testcase> <!-- TC10_ADE_FIRM -->
  <testcase name="TC10_ADE_FIRM" time="0.000" classname="com.att.myprice.testcases.TC10_ADE_Firm_SingleSite">
    <skipped/>
  </testcase> <!-- TC10_ADE_FIRM -->
  <testcase name="TC10_ADE_FIRM" time="0.001" classname="com.att.myprice.testcases.TC10_ADE_Firm_SingleSite">
    <skipped/>
  </testcase> <!-- TC10_ADE_FIRM -->
  <testcase name="TC10_ADE_FIRM" time="0.001" classname="com.att.myprice.testcases.TC10_ADE_Firm_SingleSite">
    <skipped/>
  </testcase> <!-- TC10_ADE_FIRM -->
  <testcase name="TC10_ADE_FIRM" time="0.002" classname="com.att.myprice.testcases.TC10_ADE_Firm_SingleSite">
    <skipped/>
  </testcase> <!-- TC10_ADE_FIRM -->
  <testcase name="TC10_ADE_FIRM" time="0.001" classname="com.att.myprice.testcases.TC10_ADE_Firm_SingleSite">
    <skipped/>
  </testcase> <!-- TC10_ADE_FIRM -->
  <testcase name="TC10_ADE_FIRM" time="0.003" classname="com.att.myprice.testcases.TC10_ADE_Firm_SingleSite">
    <skipped/>
  </testcase> <!-- TC10_ADE_FIRM -->
  <testcase name="TC10_ADE_FIRM" time="0.002" classname="com.att.myprice.testcases.TC10_ADE_Firm_SingleSite">
    <skipped/>
  </testcase> <!-- TC10_ADE_FIRM -->
  <testcase name="TC10_ADE_FIRM" time="0.002" classname="com.att.myprice.testcases.TC10_ADE_Firm_SingleSite">
    <skipped/>
  </testcase> <!-- TC10_ADE_FIRM -->
  <testcase name="TC10_ADE_FIRM" time="0.001" classname="com.att.myprice.testcases.TC10_ADE_Firm_SingleSite">
    <skipped/>
  </testcase> <!-- TC10_ADE_FIRM -->
  <testcase name="TC10_ADE_FIRM" time="0.001" classname="com.att.myprice.testcases.TC10_ADE_Firm_SingleSite">
    <skipped/>
  </testcase> <!-- TC10_ADE_FIRM -->
  <testcase name="TC10_ADE_FIRM" time="0.001" classname="com.att.myprice.testcases.TC10_ADE_Firm_SingleSite">
    <skipped/>
  </testcase> <!-- TC10_ADE_FIRM -->
  <testcase name="TC10_ADE_FIRM" time="0.001" classname="com.att.myprice.testcases.TC10_ADE_Firm_SingleSite">
    <skipped/>
  </testcase> <!-- TC10_ADE_FIRM -->
  <testcase name="TC10_ADE_FIRM" time="0.008" classname="com.att.myprice.testcases.TC10_ADE_Firm_SingleSite">
    <skipped/>
  </testcase> <!-- TC10_ADE_FIRM -->
  <testcase name="TC10_ADE_FIRM" time="0.001" classname="com.att.myprice.testcases.TC10_ADE_Firm_SingleSite">
    <skipped/>
  </testcase> <!-- TC10_ADE_FIRM -->
  <testcase name="TC10_ADE_FIRM" time="0.002" classname="com.att.myprice.testcases.TC10_ADE_Firm_SingleSite">
    <skipped/>
  </testcase> <!-- TC10_ADE_FIRM -->
  <testcase name="TC10_ADE_FIRM" time="0.001" classname="com.att.myprice.testcases.TC10_ADE_Firm_SingleSite">
    <skipped/>
  </testcase> <!-- TC10_ADE_FIRM -->
  <testcase name="TC10_ADE_FIRM" time="0.001" classname="com.att.myprice.testcases.TC10_ADE_Firm_SingleSite">
    <skipped/>
  </testcase> <!-- TC10_ADE_FIRM -->
  <testcase name="TC10_ADE_FIRM" time="0.002" classname="com.att.myprice.testcases.TC10_ADE_Firm_SingleSite">
    <skipped/>
  </testcase> <!-- TC10_ADE_FIRM -->
  <testcase name="TC10_ADE_FIRM" time="0.001" classname="com.att.myprice.testcases.TC10_ADE_Firm_SingleSite">
    <skipped/>
  </testcase> <!-- TC10_ADE_FIRM -->
  <testcase name="TC10_ADE_FIRM" time="0.001" classname="com.att.myprice.testcases.TC10_ADE_Firm_SingleSite">
    <skipped/>
  </testcase> <!-- TC10_ADE_FIRM -->
  <testcase name="TC10_ADE_FIRM" time="0.000" classname="com.att.myprice.testcases.TC10_ADE_Firm_SingleSite">
    <skipped/>
  </testcase> <!-- TC10_ADE_FIRM -->
  <testcase name="TC10_ADE_FIRM" time="0.001" classname="com.att.myprice.testcases.TC10_ADE_Firm_SingleSite">
    <skipped/>
  </testcase> <!-- TC10_ADE_FIRM -->
  <testcase name="TC10_ADE_FIRM" time="0.000" classname="com.att.myprice.testcases.TC10_ADE_Firm_SingleSite">
    <skipped/>
  </testcase> <!-- TC10_ADE_FIRM -->
  <testcase name="TC10_ADE_FIRM" time="0.001" classname="com.att.myprice.testcases.TC10_ADE_Firm_SingleSite">
    <skipped/>
  </testcase> <!-- TC10_ADE_FIRM -->
  <testcase name="TC10_ADE_FIRM" time="0.001" classname="com.att.myprice.testcases.TC10_ADE_Firm_SingleSite">
    <skipped/>
  </testcase> <!-- TC10_ADE_FIRM -->
  <testcase name="TC10_ADE_FIRM" time="0.004" classname="com.att.myprice.testcases.TC10_ADE_Firm_SingleSite">
    <skipped/>
  </testcase> <!-- TC10_ADE_FIRM -->
  <testcase name="TC10_ADE_FIRM" time="0.004" classname="com.att.myprice.testcases.TC10_ADE_Firm_SingleSite">
    <skipped/>
  </testcase> <!-- TC10_ADE_FIRM -->
  <testcase name="TC10_ADE_FIRM" time="0.002" classname="com.att.myprice.testcases.TC10_ADE_Firm_SingleSite">
    <skipped/>
  </testcase> <!-- TC10_ADE_FIRM -->
  <testcase name="TC10_ADE_FIRM" time="0.006" classname="com.att.myprice.testcases.TC10_ADE_Firm_SingleSite">
    <skipped/>
  </testcase> <!-- TC10_ADE_FIRM -->
  <testcase name="TC10_ADE_FIRM" time="0.001" classname="com.att.myprice.testcases.TC10_ADE_Firm_SingleSite">
    <skipped/>
  </testcase> <!-- TC10_ADE_FIRM -->
  <testcase name="TC10_ADE_FIRM" time="0.004" classname="com.att.myprice.testcases.TC10_ADE_Firm_SingleSite">
    <skipped/>
  </testcase> <!-- TC10_ADE_FIRM -->
  <testcase name="TC10_ADE_FIRM" time="0.000" classname="com.att.myprice.testcases.TC10_ADE_Firm_SingleSite">
    <skipped/>
  </testcase> <!-- TC10_ADE_FIRM -->
  <testcase name="TC10_ADE_FIRM" time="0.002" classname="com.att.myprice.testcases.TC10_ADE_Firm_SingleSite">
    <skipped/>
  </testcase> <!-- TC10_ADE_FIRM -->
  <testcase name="TC10_ADE_FIRM" time="0.002" classname="com.att.myprice.testcases.TC10_ADE_Firm_SingleSite">
    <skipped/>
  </testcase> <!-- TC10_ADE_FIRM -->
  <testcase name="TC10_ADE_FIRM" time="0.001" classname="com.att.myprice.testcases.TC10_ADE_Firm_SingleSite">
    <skipped/>
  </testcase> <!-- TC10_ADE_FIRM -->
  <testcase name="TC10_ADE_FIRM" time="0.001" classname="com.att.myprice.testcases.TC10_ADE_Firm_SingleSite">
    <skipped/>
  </testcase> <!-- TC10_ADE_FIRM -->
  <testcase name="TC10_ADE_FIRM" time="0.001" classname="com.att.myprice.testcases.TC10_ADE_Firm_SingleSite">
    <skipped/>
  </testcase> <!-- TC10_ADE_FIRM -->
  <testcase name="TC10_ADE_FIRM" time="0.001" classname="com.att.myprice.testcases.TC10_ADE_Firm_SingleSite">
    <skipped/>
  </testcase> <!-- TC10_ADE_FIRM -->
  <testcase name="TC10_ADE_FIRM" time="0.001" classname="com.att.myprice.testcases.TC10_ADE_Firm_SingleSite">
    <skipped/>
  </testcase> <!-- TC10_ADE_FIRM -->
  <testcase name="TC10_ADE_FIRM" time="0.006" classname="com.att.myprice.testcases.TC10_ADE_Firm_SingleSite">
    <skipped/>
  </testcase> <!-- TC10_ADE_FIRM -->
  <testcase name="TC10_ADE_FIRM" time="0.002" classname="com.att.myprice.testcases.TC10_ADE_Firm_SingleSite">
    <skipped/>
  </testcase> <!-- TC10_ADE_FIRM -->
  <testcase name="TC10_ADE_FIRM" time="0.000" classname="com.att.myprice.testcases.TC10_ADE_Firm_SingleSite">
    <skipped/>
  </testcase> <!-- TC10_ADE_FIRM -->
  <testcase name="TC10_ADE_FIRM" time="0.002" classname="com.att.myprice.testcases.TC10_ADE_Firm_SingleSite">
    <skipped/>
  </testcase> <!-- TC10_ADE_FIRM -->
  <testcase name="TC10_ADE_FIRM" time="0.002" classname="com.att.myprice.testcases.TC10_ADE_Firm_SingleSite">
    <skipped/>
  </testcase> <!-- TC10_ADE_FIRM -->
  <testcase name="TC10_ADE_FIRM" time="0.001" classname="com.att.myprice.testcases.TC10_ADE_Firm_SingleSite">
    <skipped/>
  </testcase> <!-- TC10_ADE_FIRM -->
  <testcase name="TC10_ADE_FIRM" time="0.002" classname="com.att.myprice.testcases.TC10_ADE_Firm_SingleSite">
    <skipped/>
  </testcase> <!-- TC10_ADE_FIRM -->
  <testcase name="TC10_ADE_FIRM" time="0.001" classname="com.att.myprice.testcases.TC10_ADE_Firm_SingleSite">
    <skipped/>
  </testcase> <!-- TC10_ADE_FIRM -->
  <testcase name="TC10_ADE_FIRM" time="0.000" classname="com.att.myprice.testcases.TC10_ADE_Firm_SingleSite">
    <skipped/>
  </testcase> <!-- TC10_ADE_FIRM -->
  <testcase name="TC10_ADE_FIRM" time="0.006" classname="com.att.myprice.testcases.TC10_ADE_Firm_SingleSite">
    <skipped/>
  </testcase> <!-- TC10_ADE_FIRM -->
  <testcase name="TC10_ADE_FIRM" time="0.001" classname="com.att.myprice.testcases.TC10_ADE_Firm_SingleSite">
    <skipped/>
  </testcase> <!-- TC10_ADE_FIRM -->
  <testcase name="TC10_ADE_FIRM" time="0.011" classname="com.att.myprice.testcases.TC10_ADE_Firm_SingleSite">
    <skipped/>
  </testcase> <!-- TC10_ADE_FIRM -->
  <testcase name="TC10_ADE_FIRM" time="0.001" classname="com.att.myprice.testcases.TC10_ADE_Firm_SingleSite">
    <skipped/>
  </testcase> <!-- TC10_ADE_FIRM -->
  <testcase name="TC10_ADE_FIRM" time="0.001" classname="com.att.myprice.testcases.TC10_ADE_Firm_SingleSite">
    <skipped/>
  </testcase> <!-- TC10_ADE_FIRM -->
  <testcase name="TC10_ADE_FIRM" time="0.001" classname="com.att.myprice.testcases.TC10_ADE_Firm_SingleSite">
    <skipped/>
  </testcase> <!-- TC10_ADE_FIRM -->
  <testcase name="TC10_ADE_FIRM" time="0.001" classname="com.att.myprice.testcases.TC10_ADE_Firm_SingleSite">
    <skipped/>
  </testcase> <!-- TC10_ADE_FIRM -->
  <testcase name="TC10_ADE_FIRM" time="0.002" classname="com.att.myprice.testcases.TC10_ADE_Firm_SingleSite">
    <skipped/>
  </testcase> <!-- TC10_ADE_FIRM -->
  <testcase name="TC10_ADE_FIRM" time="0.000" classname="com.att.myprice.testcases.TC10_ADE_Firm_SingleSite">
    <skipped/>
  </testcase> <!-- TC10_ADE_FIRM -->
  <testcase name="TC10_ADE_FIRM" time="0.001" classname="com.att.myprice.testcases.TC10_ADE_Firm_SingleSite">
    <skipped/>
  </testcase> <!-- TC10_ADE_FIRM -->
  <testcase name="TC10_ADE_FIRM" time="0.001" classname="com.att.myprice.testcases.TC10_ADE_Firm_SingleSite">
    <skipped/>
  </testcase> <!-- TC10_ADE_FIRM -->
  <testcase name="TC10_ADE_FIRM" time="0.002" classname="com.att.myprice.testcases.TC10_ADE_Firm_SingleSite">
    <skipped/>
  </testcase> <!-- TC10_ADE_FIRM -->
  <testcase name="TC10_ADE_FIRM" time="0.003" classname="com.att.myprice.testcases.TC10_ADE_Firm_SingleSite">
    <skipped/>
  </testcase> <!-- TC10_ADE_FIRM -->
  <testcase name="TC10_ADE_FIRM" time="0.001" classname="com.att.myprice.testcases.TC10_ADE_Firm_SingleSite">
    <skipped/>
  </testcase> <!-- TC10_ADE_FIRM -->
  <testcase name="TC10_ADE_FIRM" time="0.001" classname="com.att.myprice.testcases.TC10_ADE_Firm_SingleSite">
    <skipped/>
  </testcase> <!-- TC10_ADE_FIRM -->
  <testcase name="TC10_ADE_FIRM" time="0.002" classname="com.att.myprice.testcases.TC10_ADE_Firm_SingleSite">
    <skipped/>
  </testcase> <!-- TC10_ADE_FIRM -->
  <testcase name="TC10_ADE_FIRM" time="0.001" classname="com.att.myprice.testcases.TC10_ADE_Firm_SingleSite">
    <skipped/>
  </testcase> <!-- TC10_ADE_FIRM -->
  <testcase name="TC10_ADE_FIRM" time="0.001" classname="com.att.myprice.testcases.TC10_ADE_Firm_SingleSite">
    <skipped/>
  </testcase> <!-- TC10_ADE_FIRM -->
  <testcase name="TC10_ADE_FIRM" time="0.001" classname="com.att.myprice.testcases.TC10_ADE_Firm_SingleSite">
    <skipped/>
  </testcase> <!-- TC10_ADE_FIRM -->
  <testcase name="TC10_ADE_FIRM" time="0.001" classname="com.att.myprice.testcases.TC10_ADE_Firm_SingleSite">
    <skipped/>
  </testcase> <!-- TC10_ADE_FIRM -->
  <testcase name="TC10_ADE_FIRM" time="0.000" classname="com.att.myprice.testcases.TC10_ADE_Firm_SingleSite">
    <skipped/>
  </testcase> <!-- TC10_ADE_FIRM -->
  <testcase name="TC10_ADE_FIRM" time="0.000" classname="com.att.myprice.testcases.TC10_ADE_Firm_SingleSite">
    <skipped/>
  </testcase> <!-- TC10_ADE_FIRM -->
  <testcase name="TC10_ADE_FIRM" time="0.001" classname="com.att.myprice.testcases.TC10_ADE_Firm_SingleSite">
    <skipped/>
  </testcase> <!-- TC10_ADE_FIRM -->
  <testcase name="TC10_ADE_FIRM" time="0.001" classname="com.att.myprice.testcases.TC10_ADE_Firm_SingleSite">
    <skipped/>
  </testcase> <!-- TC10_ADE_FIRM -->
  <testcase name="TC10_ADE_FIRM" time="0.001" classname="com.att.myprice.testcases.TC10_ADE_Firm_SingleSite">
    <skipped/>
  </testcase> <!-- TC10_ADE_FIRM -->
  <testcase name="TC10_ADE_FIRM" time="0.001" classname="com.att.myprice.testcases.TC10_ADE_Firm_SingleSite">
    <skipped/>
  </testcase> <!-- TC10_ADE_FIRM -->
  <testcase name="TC10_ADE_FIRM" time="0.001" classname="com.att.myprice.testcases.TC10_ADE_Firm_SingleSite">
    <skipped/>
  </testcase> <!-- TC10_ADE_FIRM -->
  <testcase name="TC10_ADE_FIRM" time="0.005" classname="com.att.myprice.testcases.TC10_ADE_Firm_SingleSite">
    <skipped/>
  </testcase> <!-- TC10_ADE_FIRM -->
  <testcase name="TC10_ADE_FIRM" time="0.000" classname="com.att.myprice.testcases.TC10_ADE_Firm_SingleSite">
    <skipped/>
  </testcase> <!-- TC10_ADE_FIRM -->
  <testcase name="TC10_ADE_FIRM" time="0.001" classname="com.att.myprice.testcases.TC10_ADE_Firm_SingleSite">
    <skipped/>
  </testcase> <!-- TC10_ADE_FIRM -->
  <testcase name="TC10_ADE_FIRM" time="0.001" classname="com.att.myprice.testcases.TC10_ADE_Firm_SingleSite">
    <skipped/>
  </testcase> <!-- TC10_ADE_FIRM -->
  <testcase name="TC10_ADE_FIRM" time="0.001" classname="com.att.myprice.testcases.TC10_ADE_Firm_SingleSite">
    <skipped/>
  </testcase> <!-- TC10_ADE_FIRM -->
  <testcase name="TC10_ADE_FIRM" time="0.001" classname="com.att.myprice.testcases.TC10_ADE_Firm_SingleSite">
    <skipped/>
  </testcase> <!-- TC10_ADE_FIRM -->
  <testcase name="TC10_ADE_FIRM" time="0.002" classname="com.att.myprice.testcases.TC10_ADE_Firm_SingleSite">
    <skipped/>
  </testcase> <!-- TC10_ADE_FIRM -->
  <testcase name="TC10_ADE_FIRM" time="0.001" classname="com.att.myprice.testcases.TC10_ADE_Firm_SingleSite">
    <skipped/>
  </testcase> <!-- TC10_ADE_FIRM -->
  <testcase name="TC10_ADE_FIRM" time="0.001" classname="com.att.myprice.testcases.TC10_ADE_Firm_SingleSite">
    <skipped/>
  </testcase> <!-- TC10_ADE_FIRM -->
  <testcase name="TC10_ADE_FIRM" time="0.001" classname="com.att.myprice.testcases.TC10_ADE_Firm_SingleSite">
    <skipped/>
  </testcase> <!-- TC10_ADE_FIRM -->
  <testcase name="TC10_ADE_FIRM" time="0.004" classname="com.att.myprice.testcases.TC10_ADE_Firm_SingleSite">
    <skipped/>
  </testcase> <!-- TC10_ADE_FIRM -->
  <testcase name="TC10_ADE_FIRM" time="0.001" classname="com.att.myprice.testcases.TC10_ADE_Firm_SingleSite">
    <skipped/>
  </testcase> <!-- TC10_ADE_FIRM -->
  <testcase name="TC10_ADE_FIRM" time="0.001" classname="com.att.myprice.testcases.TC10_ADE_Firm_SingleSite">
    <skipped/>
  </testcase> <!-- TC10_ADE_FIRM -->
  <testcase name="TC10_ADE_FIRM" time="0.003" classname="com.att.myprice.testcases.TC10_ADE_Firm_SingleSite">
    <skipped/>
  </testcase> <!-- TC10_ADE_FIRM -->
  <testcase name="TC10_ADE_FIRM" time="0.001" classname="com.att.myprice.testcases.TC10_ADE_Firm_SingleSite">
    <skipped/>
  </testcase> <!-- TC10_ADE_FIRM -->
  <testcase name="TC10_ADE_FIRM" time="0.000" classname="com.att.myprice.testcases.TC10_ADE_Firm_SingleSite">
    <skipped/>
  </testcase> <!-- TC10_ADE_FIRM -->
  <testcase name="TC10_ADE_FIRM" time="0.002" classname="com.att.myprice.testcases.TC10_ADE_Firm_SingleSite">
    <skipped/>
  </testcase> <!-- TC10_ADE_FIRM -->
  <testcase name="TC10_ADE_FIRM" time="0.001" classname="com.att.myprice.testcases.TC10_ADE_Firm_SingleSite">
    <skipped/>
  </testcase> <!-- TC10_ADE_FIRM -->
  <testcase name="TC10_ADE_FIRM" time="0.001" classname="com.att.myprice.testcases.TC10_ADE_Firm_SingleSite">
    <skipped/>
  </testcase> <!-- TC10_ADE_FIRM -->
  <testcase name="TC10_ADE_FIRM" time="0.002" classname="com.att.myprice.testcases.TC10_ADE_Firm_SingleSite">
    <skipped/>
  </testcase> <!-- TC10_ADE_FIRM -->
  <testcase name="TC10_ADE_FIRM" time="0.003" classname="com.att.myprice.testcases.TC10_ADE_Firm_SingleSite">
    <skipped/>
  </testcase> <!-- TC10_ADE_FIRM -->
  <testcase name="TC10_ADE_FIRM" time="0.001" classname="com.att.myprice.testcases.TC10_ADE_Firm_SingleSite">
    <skipped/>
  </testcase> <!-- TC10_ADE_FIRM -->
  <testcase name="TC10_ADE_FIRM" time="0.002" classname="com.att.myprice.testcases.TC10_ADE_Firm_SingleSite">
    <skipped/>
  </testcase> <!-- TC10_ADE_FIRM -->
  <testcase name="TC10_ADE_FIRM" time="0.001" classname="com.att.myprice.testcases.TC10_ADE_Firm_SingleSite">
    <skipped/>
  </testcase> <!-- TC10_ADE_FIRM -->
  <testcase name="TC10_ADE_FIRM" time="0.000" classname="com.att.myprice.testcases.TC10_ADE_Firm_SingleSite">
    <skipped/>
  </testcase> <!-- TC10_ADE_FIRM -->
  <testcase name="TC10_ADE_FIRM" time="0.002" classname="com.att.myprice.testcases.TC10_ADE_Firm_SingleSite">
    <skipped/>
  </testcase> <!-- TC10_ADE_FIRM -->
  <testcase name="TC10_ADE_FIRM" time="0.001" classname="com.att.myprice.testcases.TC10_ADE_Firm_SingleSite">
    <skipped/>
  </testcase> <!-- TC10_ADE_FIRM -->
  <testcase name="TC10_ADE_FIRM" time="0.001" classname="com.att.myprice.testcases.TC10_ADE_Firm_SingleSite">
    <skipped/>
  </testcase> <!-- TC10_ADE_FIRM -->
  <testcase name="TC10_ADE_FIRM" time="0.001" classname="com.att.myprice.testcases.TC10_ADE_Firm_SingleSite">
    <skipped/>
  </testcase> <!-- TC10_ADE_FIRM -->
  <testcase name="TC10_ADE_FIRM" time="0.001" classname="com.att.myprice.testcases.TC10_ADE_Firm_SingleSite">
    <skipped/>
  </testcase> <!-- TC10_ADE_FIRM -->
  <testcase name="TC10_ADE_FIRM" time="0.001" classname="com.att.myprice.testcases.TC10_ADE_Firm_SingleSite">
    <skipped/>
  </testcase> <!-- TC10_ADE_FIRM -->
  <testcase name="TC10_ADE_FIRM" time="0.001" classname="com.att.myprice.testcases.TC10_ADE_Firm_SingleSite">
    <skipped/>
  </testcase> <!-- TC10_ADE_FIRM -->
  <testcase name="TC10_ADE_FIRM" time="0.002" classname="com.att.myprice.testcases.TC10_ADE_Firm_SingleSite">
    <skipped/>
  </testcase> <!-- TC10_ADE_FIRM -->
  <testcase name="TC10_ADE_FIRM" time="0.001" classname="com.att.myprice.testcases.TC10_ADE_Firm_SingleSite">
    <skipped/>
  </testcase> <!-- TC10_ADE_FIRM -->
  <testcase name="TC10_ADE_FIRM" time="0.001" classname="com.att.myprice.testcases.TC10_ADE_Firm_SingleSite">
    <skipped/>
  </testcase> <!-- TC10_ADE_FIRM -->
  <testcase name="TC10_ADE_FIRM" time="0.001" classname="com.att.myprice.testcases.TC10_ADE_Firm_SingleSite">
    <skipped/>
  </testcase> <!-- TC10_ADE_FIRM -->
  <testcase name="TC10_ADE_FIRM" time="0.001" classname="com.att.myprice.testcases.TC10_ADE_Firm_SingleSite">
    <skipped/>
  </testcase> <!-- TC10_ADE_FIRM -->
  <testcase name="TC10_ADE_FIRM" time="0.001" classname="com.att.myprice.testcases.TC10_ADE_Firm_SingleSite">
    <skipped/>
  </testcase> <!-- TC10_ADE_FIRM -->
  <testcase name="TC10_ADE_FIRM" time="0.001" classname="com.att.myprice.testcases.TC10_ADE_Firm_SingleSite">
    <skipped/>
  </testcase> <!-- TC10_ADE_FIRM -->
  <testcase name="TC10_ADE_FIRM" time="0.001" classname="com.att.myprice.testcases.TC10_ADE_Firm_SingleSite">
    <skipped/>
  </testcase> <!-- TC10_ADE_FIRM -->
  <testcase name="TC10_ADE_FIRM" time="0.001" classname="com.att.myprice.testcases.TC10_ADE_Firm_SingleSite">
    <skipped/>
  </testcase> <!-- TC10_ADE_FIRM -->
  <testcase name="TC10_ADE_FIRM" time="0.005" classname="com.att.myprice.testcases.TC10_ADE_Firm_SingleSite">
    <skipped/>
  </testcase> <!-- TC10_ADE_FIRM -->
  <testcase name="TC10_ADE_FIRM" time="0.001" classname="com.att.myprice.testcases.TC10_ADE_Firm_SingleSite">
    <skipped/>
  </testcase> <!-- TC10_ADE_FIRM -->
  <testcase name="TC10_ADE_FIRM" time="0.001" classname="com.att.myprice.testcases.TC10_ADE_Firm_SingleSite">
    <skipped/>
  </testcase> <!-- TC10_ADE_FIRM -->
  <testcase name="TC10_ADE_FIRM" time="0.001" classname="com.att.myprice.testcases.TC10_ADE_Firm_SingleSite">
    <skipped/>
  </testcase> <!-- TC10_ADE_FIRM -->
  <testcase name="TC10_ADE_FIRM" time="0.002" classname="com.att.myprice.testcases.TC10_ADE_Firm_SingleSite">
    <skipped/>
  </testcase> <!-- TC10_ADE_FIRM -->
  <testcase name="TC10_ADE_FIRM" time="0.001" classname="com.att.myprice.testcases.TC10_ADE_Firm_SingleSite">
    <skipped/>
  </testcase> <!-- TC10_ADE_FIRM -->
  <testcase name="TC10_ADE_FIRM" time="0.001" classname="com.att.myprice.testcases.TC10_ADE_Firm_SingleSite">
    <skipped/>
  </testcase> <!-- TC10_ADE_FIRM -->
  <testcase name="TC10_ADE_FIRM" time="0.000" classname="com.att.myprice.testcases.TC10_ADE_Firm_SingleSite">
    <skipped/>
  </testcase> <!-- TC10_ADE_FIRM -->
  <testcase name="TC10_ADE_FIRM" time="0.001" classname="com.att.myprice.testcases.TC10_ADE_Firm_SingleSite">
    <skipped/>
  </testcase> <!-- TC10_ADE_FIRM -->
  <testcase name="TC10_ADE_FIRM" time="0.001" classname="com.att.myprice.testcases.TC10_ADE_Firm_SingleSite">
    <skipped/>
  </testcase> <!-- TC10_ADE_FIRM -->
  <testcase name="TC10_ADE_FIRM" time="0.001" classname="com.att.myprice.testcases.TC10_ADE_Firm_SingleSite">
    <skipped/>
  </testcase> <!-- TC10_ADE_FIRM -->
  <testcase name="TC10_ADE_FIRM" time="0.029" classname="com.att.myprice.testcases.TC10_ADE_Firm_SingleSite">
    <skipped/>
  </testcase> <!-- TC10_ADE_FIRM -->
  <testcase name="TC10_ADE_FIRM" time="0.001" classname="com.att.myprice.testcases.TC10_ADE_Firm_SingleSite">
    <skipped/>
  </testcase> <!-- TC10_ADE_FIRM -->
  <testcase name="TC10_ADE_FIRM" time="0.001" classname="com.att.myprice.testcases.TC10_ADE_Firm_SingleSite">
    <skipped/>
  </testcase> <!-- TC10_ADE_FIRM -->
  <testcase name="TC10_ADE_FIRM" time="0.001" classname="com.att.myprice.testcases.TC10_ADE_Firm_SingleSite">
    <skipped/>
  </testcase> <!-- TC10_ADE_FIRM -->
  <testcase name="TC10_ADE_FIRM" time="0.001" classname="com.att.myprice.testcases.TC10_ADE_Firm_SingleSite">
    <skipped/>
  </testcase> <!-- TC10_ADE_FIRM -->
  <testcase name="TC10_ADE_FIRM" time="0.002" classname="com.att.myprice.testcases.TC10_ADE_Firm_SingleSite">
    <skipped/>
  </testcase> <!-- TC10_ADE_FIRM -->
  <testcase name="TC10_ADE_FIRM" time="0.002" classname="com.att.myprice.testcases.TC10_ADE_Firm_SingleSite">
    <skipped/>
  </testcase> <!-- TC10_ADE_FIRM -->
  <testcase name="TC10_ADE_FIRM" time="0.001" classname="com.att.myprice.testcases.TC10_ADE_Firm_SingleSite">
    <skipped/>
  </testcase> <!-- TC10_ADE_FIRM -->
  <testcase name="TC10_ADE_FIRM" time="0.001" classname="com.att.myprice.testcases.TC10_ADE_Firm_SingleSite">
    <skipped/>
  </testcase> <!-- TC10_ADE_FIRM -->
  <testcase name="TC10_ADE_FIRM" time="0.002" classname="com.att.myprice.testcases.TC10_ADE_Firm_SingleSite">
    <skipped/>
  </testcase> <!-- TC10_ADE_FIRM -->
  <testcase name="TC10_ADE_FIRM" time="0.001" classname="com.att.myprice.testcases.TC10_ADE_Firm_SingleSite">
    <skipped/>
  </testcase> <!-- TC10_ADE_FIRM -->
  <testcase name="TC10_ADE_FIRM" time="0.001" classname="com.att.myprice.testcases.TC10_ADE_Firm_SingleSite">
    <skipped/>
  </testcase> <!-- TC10_ADE_FIRM -->
  <testcase name="TC10_ADE_FIRM" time="0.001" classname="com.att.myprice.testcases.TC10_ADE_Firm_SingleSite">
    <skipped/>
  </testcase> <!-- TC10_ADE_FIRM -->
  <testcase name="TC10_ADE_FIRM" time="0.001" classname="com.att.myprice.testcases.TC10_ADE_Firm_SingleSite">
    <skipped/>
  </testcase> <!-- TC10_ADE_FIRM -->
  <testcase name="TC10_ADE_FIRM" time="0.001" classname="com.att.myprice.testcases.TC10_ADE_Firm_SingleSite">
    <skipped/>
  </testcase> <!-- TC10_ADE_FIRM -->
  <testcase name="TC10_ADE_FIRM" time="0.001" classname="com.att.myprice.testcases.TC10_ADE_Firm_SingleSite">
    <skipped/>
  </testcase> <!-- TC10_ADE_FIRM -->
  <testcase name="TC10_ADE_FIRM" time="0.000" classname="com.att.myprice.testcases.TC10_ADE_Firm_SingleSite">
    <skipped/>
  </testcase> <!-- TC10_ADE_FIRM -->
  <testcase name="TC10_ADE_FIRM" time="0.001" classname="com.att.myprice.testcases.TC10_ADE_Firm_SingleSite">
    <skipped/>
  </testcase> <!-- TC10_ADE_FIRM -->
  <testcase name="TC10_ADE_FIRM" time="0.001" classname="com.att.myprice.testcases.TC10_ADE_Firm_SingleSite">
    <skipped/>
  </testcase> <!-- TC10_ADE_FIRM -->
  <testcase name="TC10_ADE_FIRM" time="0.002" classname="com.att.myprice.testcases.TC10_ADE_Firm_SingleSite">
    <skipped/>
  </testcase> <!-- TC10_ADE_FIRM -->
  <testcase name="TC10_ADE_FIRM" time="0.001" classname="com.att.myprice.testcases.TC10_ADE_Firm_SingleSite">
    <skipped/>
  </testcase> <!-- TC10_ADE_FIRM -->
  <testcase name="TC10_ADE_FIRM" time="0.001" classname="com.att.myprice.testcases.TC10_ADE_Firm_SingleSite">
    <skipped/>
  </testcase> <!-- TC10_ADE_FIRM -->
  <testcase name="TC10_ADE_FIRM" time="0.002" classname="com.att.myprice.testcases.TC10_ADE_Firm_SingleSite">
    <skipped/>
  </testcase> <!-- TC10_ADE_FIRM -->
  <testcase name="TC10_ADE_FIRM" time="0.001" classname="com.att.myprice.testcases.TC10_ADE_Firm_SingleSite">
    <skipped/>
  </testcase> <!-- TC10_ADE_FIRM -->
  <testcase name="TC10_ADE_FIRM" time="0.001" classname="com.att.myprice.testcases.TC10_ADE_Firm_SingleSite">
    <skipped/>
  </testcase> <!-- TC10_ADE_FIRM -->
  <testcase name="TC10_ADE_FIRM" time="0.002" classname="com.att.myprice.testcases.TC10_ADE_Firm_SingleSite">
    <skipped/>
  </testcase> <!-- TC10_ADE_FIRM -->
  <testcase name="TC10_ADE_FIRM" time="0.001" classname="com.att.myprice.testcases.TC10_ADE_Firm_SingleSite">
    <skipped/>
  </testcase> <!-- TC10_ADE_FIRM -->
  <testcase name="TC10_ADE_FIRM" time="0.001" classname="com.att.myprice.testcases.TC10_ADE_Firm_SingleSite">
    <skipped/>
  </testcase> <!-- TC10_ADE_FIRM -->
  <testcase name="TC10_ADE_FIRM" time="0.001" classname="com.att.myprice.testcases.TC10_ADE_Firm_SingleSite">
    <skipped/>
  </testcase> <!-- TC10_ADE_FIRM -->
  <testcase name="TC10_ADE_FIRM" time="0.001" classname="com.att.myprice.testcases.TC10_ADE_Firm_SingleSite">
    <skipped/>
  </testcase> <!-- TC10_ADE_FIRM -->
  <testcase name="TC10_ADE_FIRM" time="0.001" classname="com.att.myprice.testcases.TC10_ADE_Firm_SingleSite">
    <skipped/>
  </testcase> <!-- TC10_ADE_FIRM -->
  <testcase name="TC10_ADE_FIRM" time="0.002" classname="com.att.myprice.testcases.TC10_ADE_Firm_SingleSite">
    <skipped/>
  </testcase> <!-- TC10_ADE_FIRM -->
  <testcase name="TC10_ADE_FIRM" time="0.000" classname="com.att.myprice.testcases.TC10_ADE_Firm_SingleSite">
    <skipped/>
  </testcase> <!-- TC10_ADE_FIRM -->
  <testcase name="TC10_ADE_FIRM" time="0.001" classname="com.att.myprice.testcases.TC10_ADE_Firm_SingleSite">
    <skipped/>
  </testcase> <!-- TC10_ADE_FIRM -->
  <testcase name="TC10_ADE_FIRM" time="0.001" classname="com.att.myprice.testcases.TC10_ADE_Firm_SingleSite">
    <skipped/>
  </testcase> <!-- TC10_ADE_FIRM -->
  <testcase name="TC10_ADE_FIRM" time="0.003" classname="com.att.myprice.testcases.TC10_ADE_Firm_SingleSite">
    <skipped/>
  </testcase> <!-- TC10_ADE_FIRM -->
  <testcase name="TC10_ADE_FIRM" time="0.002" classname="com.att.myprice.testcases.TC10_ADE_Firm_SingleSite">
    <skipped/>
  </testcase> <!-- TC10_ADE_FIRM -->
  <testcase name="TC10_ADE_FIRM" time="0.002" classname="com.att.myprice.testcases.TC10_ADE_Firm_SingleSite">
    <skipped/>
  </testcase> <!-- TC10_ADE_FIRM -->
  <testcase name="TC10_ADE_FIRM" time="0.000" classname="com.att.myprice.testcases.TC10_ADE_Firm_SingleSite">
    <skipped/>
  </testcase> <!-- TC10_ADE_FIRM -->
  <testcase name="TC10_ADE_FIRM" time="0.001" classname="com.att.myprice.testcases.TC10_ADE_Firm_SingleSite">
    <skipped/>
  </testcase> <!-- TC10_ADE_FIRM -->
  <testcase name="TC10_ADE_FIRM" time="0.000" classname="com.att.myprice.testcases.TC10_ADE_Firm_SingleSite">
    <skipped/>
  </testcase> <!-- TC10_ADE_FIRM -->
  <testcase name="TC10_ADE_FIRM" time="0.001" classname="com.att.myprice.testcases.TC10_ADE_Firm_SingleSite">
    <skipped/>
  </testcase> <!-- TC10_ADE_FIRM -->
  <testcase name="TC10_ADE_FIRM" time="0.001" classname="com.att.myprice.testcases.TC10_ADE_Firm_SingleSite">
    <skipped/>
  </testcase> <!-- TC10_ADE_FIRM -->
  <testcase name="TC10_ADE_FIRM" time="0.001" classname="com.att.myprice.testcases.TC10_ADE_Firm_SingleSite">
    <skipped/>
  </testcase> <!-- TC10_ADE_FIRM -->
  <testcase name="TC10_ADE_FIRM" time="0.001" classname="com.att.myprice.testcases.TC10_ADE_Firm_SingleSite">
    <skipped/>
  </testcase> <!-- TC10_ADE_FIRM -->
  <testcase name="TC10_ADE_FIRM" time="0.001" classname="com.att.myprice.testcases.TC10_ADE_Firm_SingleSite">
    <skipped/>
  </testcase> <!-- TC10_ADE_FIRM -->
  <testcase name="TC10_ADE_FIRM" time="0.001" classname="com.att.myprice.testcases.TC10_ADE_Firm_SingleSite">
    <skipped/>
  </testcase> <!-- TC10_ADE_FIRM -->
  <testcase name="TC10_ADE_FIRM" time="0.001" classname="com.att.myprice.testcases.TC10_ADE_Firm_SingleSite">
    <skipped/>
  </testcase> <!-- TC10_ADE_FIRM -->
  <testcase name="TC10_ADE_FIRM" time="0.002" classname="com.att.myprice.testcases.TC10_ADE_Firm_SingleSite">
    <skipped/>
  </testcase> <!-- TC10_ADE_FIRM -->
  <testcase name="TC10_ADE_FIRM" time="0.004" classname="com.att.myprice.testcases.TC10_ADE_Firm_SingleSite">
    <skipped/>
  </testcase> <!-- TC10_ADE_FIRM -->
  <testcase name="TC10_ADE_FIRM" time="0.002" classname="com.att.myprice.testcases.TC10_ADE_Firm_SingleSite">
    <skipped/>
  </testcase> <!-- TC10_ADE_FIRM -->
  <testcase name="TC10_ADE_FIRM" time="0.002" classname="com.att.myprice.testcases.TC10_ADE_Firm_SingleSite">
    <skipped/>
  </testcase> <!-- TC10_ADE_FIRM -->
  <testcase name="TC10_ADE_FIRM" time="0.001" classname="com.att.myprice.testcases.TC10_ADE_Firm_SingleSite">
    <skipped/>
  </testcase> <!-- TC10_ADE_FIRM -->
  <testcase name="TC10_ADE_FIRM" time="0.001" classname="com.att.myprice.testcases.TC10_ADE_Firm_SingleSite">
    <skipped/>
  </testcase> <!-- TC10_ADE_FIRM -->
  <testcase name="TC10_ADE_FIRM" time="0.001" classname="com.att.myprice.testcases.TC10_ADE_Firm_SingleSite">
    <skipped/>
  </testcase> <!-- TC10_ADE_FIRM -->
  <testcase name="TC10_ADE_FIRM" time="0.002" classname="com.att.myprice.testcases.TC10_ADE_Firm_SingleSite">
    <skipped/>
  </testcase> <!-- TC10_ADE_FIRM -->
  <testcase name="TC10_ADE_FIRM" time="0.002" classname="com.att.myprice.testcases.TC10_ADE_Firm_SingleSite">
    <skipped/>
  </testcase> <!-- TC10_ADE_FIRM -->
  <testcase name="TC10_ADE_FIRM" time="0.001" classname="com.att.myprice.testcases.TC10_ADE_Firm_SingleSite">
    <skipped/>
  </testcase> <!-- TC10_ADE_FIRM -->
  <testcase name="TC10_ADE_FIRM" time="0.002" classname="com.att.myprice.testcases.TC10_ADE_Firm_SingleSite">
    <skipped/>
  </testcase> <!-- TC10_ADE_FIRM -->
  <testcase name="TC10_ADE_FIRM" time="0.001" classname="com.att.myprice.testcases.TC10_ADE_Firm_SingleSite">
    <skipped/>
  </testcase> <!-- TC10_ADE_FIRM -->
  <testcase name="TC10_ADE_FIRM" time="0.002" classname="com.att.myprice.testcases.TC10_ADE_Firm_SingleSite">
    <skipped/>
  </testcase> <!-- TC10_ADE_FIRM -->
  <testcase name="TC10_ADE_FIRM" time="0.001" classname="com.att.myprice.testcases.TC10_ADE_Firm_SingleSite">
    <skipped/>
  </testcase> <!-- TC10_ADE_FIRM -->
  <testcase name="TC10_ADE_FIRM" time="0.001" classname="com.att.myprice.testcases.TC10_ADE_Firm_SingleSite">
    <skipped/>
  </testcase> <!-- TC10_ADE_FIRM -->
  <testcase name="TC10_ADE_FIRM" time="0.001" classname="com.att.myprice.testcases.TC10_ADE_Firm_SingleSite">
    <skipped/>
  </testcase> <!-- TC10_ADE_FIRM -->
  <testcase name="TC10_ADE_FIRM" time="0.001" classname="com.att.myprice.testcases.TC10_ADE_Firm_SingleSite">
    <skipped/>
  </testcase> <!-- TC10_ADE_FIRM -->
  <testcase name="TC10_ADE_FIRM" time="0.002" classname="com.att.myprice.testcases.TC10_ADE_Firm_SingleSite">
    <skipped/>
  </testcase> <!-- TC10_ADE_FIRM -->
  <testcase name="TC10_ADE_FIRM" time="0.001" classname="com.att.myprice.testcases.TC10_ADE_Firm_SingleSite">
    <skipped/>
  </testcase> <!-- TC10_ADE_FIRM -->
  <testcase name="TC10_ADE_FIRM" time="0.002" classname="com.att.myprice.testcases.TC10_ADE_Firm_SingleSite">
    <skipped/>
  </testcase> <!-- TC10_ADE_FIRM -->
  <testcase name="TC10_ADE_FIRM" time="0.002" classname="com.att.myprice.testcases.TC10_ADE_Firm_SingleSite">
    <skipped/>
  </testcase> <!-- TC10_ADE_FIRM -->
  <testcase name="TC10_ADE_FIRM" time="0.001" classname="com.att.myprice.testcases.TC10_ADE_Firm_SingleSite">
    <skipped/>
  </testcase> <!-- TC10_ADE_FIRM -->
  <testcase name="TC10_ADE_FIRM" time="0.001" classname="com.att.myprice.testcases.TC10_ADE_Firm_SingleSite">
    <skipped/>
  </testcase> <!-- TC10_ADE_FIRM -->
  <testcase name="TC10_ADE_FIRM" time="0.001" classname="com.att.myprice.testcases.TC10_ADE_Firm_SingleSite">
    <skipped/>
  </testcase> <!-- TC10_ADE_FIRM -->
  <testcase name="TC10_ADE_FIRM" time="0.001" classname="com.att.myprice.testcases.TC10_ADE_Firm_SingleSite">
    <skipped/>
  </testcase> <!-- TC10_ADE_FIRM -->
  <testcase name="TC10_ADE_FIRM" time="0.002" classname="com.att.myprice.testcases.TC10_ADE_Firm_SingleSite">
    <skipped/>
  </testcase> <!-- TC10_ADE_FIRM -->
  <testcase name="TC10_ADE_FIRM" time="0.001" classname="com.att.myprice.testcases.TC10_ADE_Firm_SingleSite">
    <skipped/>
  </testcase> <!-- TC10_ADE_FIRM -->
  <testcase name="TC10_ADE_FIRM" time="0.002" classname="com.att.myprice.testcases.TC10_ADE_Firm_SingleSite">
    <skipped/>
  </testcase> <!-- TC10_ADE_FIRM -->
  <testcase name="TC10_ADE_FIRM" time="0.001" classname="com.att.myprice.testcases.TC10_ADE_Firm_SingleSite">
    <skipped/>
  </testcase> <!-- TC10_ADE_FIRM -->
  <testcase name="TC10_ADE_FIRM" time="0.001" classname="com.att.myprice.testcases.TC10_ADE_Firm_SingleSite">
    <skipped/>
  </testcase> <!-- TC10_ADE_FIRM -->
</testsuite> <!-- com.att.myprice.testcases.TC10_ADE_Firm_SingleSite -->
