<?xml version="1.0" encoding="UTF-8"?>
<!-- Generated by org.testng.reporters.JUnitReportReporter -->
<testsuite skipped="481" hostname="sramamo1" name="com.att.myprice.testcases.TC05_ASE_Firm_10GB_ErateN" tests="481" failures="0" timestamp="20 Sep 2019 11:48:46 GMT" time="1.936" errors="0">
  <testcase name="TC05_ASE_FirmFlow" time="0.001" classname="com.att.myprice.testcases.TC05_ASE_Firm_10GB_ErateN">
    <skipped/>
  </testcase> <!-- TC05_ASE_FirmFlow -->
  <testcase name="TC05_ASE_FirmFlow" time="0.005" classname="com.att.myprice.testcases.TC05_ASE_Firm_10GB_ErateN">
    <skipped/>
  </testcase> <!-- TC05_ASE_FirmFlow -->
  <testcase name="TC05_ASE_FirmFlow" time="0.000" classname="com.att.myprice.testcases.TC05_ASE_Firm_10GB_ErateN">
    <skipped/>
  </testcase> <!-- TC05_ASE_FirmFlow -->
  <testcase name="TC05_ASE_FirmFlow" time="0.001" classname="com.att.myprice.testcases.TC05_ASE_Firm_10GB_ErateN">
    <skipped/>
  </testcase> <!-- TC05_ASE_FirmFlow -->
  <testcase name="TC05_ASE_FirmFlow" time="0.001" classname="com.att.myprice.testcases.TC05_ASE_Firm_10GB_ErateN">
    <skipped/>
  </testcase> <!-- TC05_ASE_FirmFlow -->
  <testcase name="TC05_ASE_FirmFlow" time="0.000" classname="com.att.myprice.testcases.TC05_ASE_Firm_10GB_ErateN">
    <skipped/>
  </testcase> <!-- TC05_ASE_FirmFlow -->
  <testcase name="TC05_ASE_FirmFlow" time="0.001" classname="com.att.myprice.testcases.TC05_ASE_Firm_10GB_ErateN">
    <skipped/>
  </testcase> <!-- TC05_ASE_FirmFlow -->
  <testcase name="TC05_ASE_FirmFlow" time="0.001" classname="com.att.myprice.testcases.TC05_ASE_Firm_10GB_ErateN">
    <skipped/>
  </testcase> <!-- TC05_ASE_FirmFlow -->
  <testcase name="TC05_ASE_FirmFlow" time="0.001" classname="com.att.myprice.testcases.TC05_ASE_Firm_10GB_ErateN">
    <skipped/>
  </testcase> <!-- TC05_ASE_FirmFlow -->
  <testcase name="TC05_ASE_FirmFlow" time="0.000" classname="com.att.myprice.testcases.TC05_ASE_Firm_10GB_ErateN">
    <skipped/>
  </testcase> <!-- TC05_ASE_FirmFlow -->
  <testcase name="TC05_ASE_FirmFlow" time="0.001" classname="com.att.myprice.testcases.TC05_ASE_Firm_10GB_ErateN">
    <skipped/>
  </testcase> <!-- TC05_ASE_FirmFlow -->
  <testcase name="TC05_ASE_FirmFlow" time="0.001" classname="com.att.myprice.testcases.TC05_ASE_Firm_10GB_ErateN">
    <skipped/>
  </testcase> <!-- TC05_ASE_FirmFlow -->
  <testcase name="TC05_ASE_FirmFlow" time="0.000" classname="com.att.myprice.testcases.TC05_ASE_Firm_10GB_ErateN">
    <skipped/>
  </testcase> <!-- TC05_ASE_FirmFlow -->
  <testcase name="TC05_ASE_FirmFlow" time="0.006" classname="com.att.myprice.testcases.TC05_ASE_Firm_10GB_ErateN">
    <skipped/>
  </testcase> <!-- TC05_ASE_FirmFlow -->
  <testcase name="TC05_ASE_FirmFlow" time="0.001" classname="com.att.myprice.testcases.TC05_ASE_Firm_10GB_ErateN">
    <skipped/>
  </testcase> <!-- TC05_ASE_FirmFlow -->
  <testcase name="TC05_ASE_FirmFlow" time="0.000" classname="com.att.myprice.testcases.TC05_ASE_Firm_10GB_ErateN">
    <skipped/>
  </testcase> <!-- TC05_ASE_FirmFlow -->
  <testcase name="TC05_ASE_FirmFlow" time="0.001" classname="com.att.myprice.testcases.TC05_ASE_Firm_10GB_ErateN">
    <skipped/>
  </testcase> <!-- TC05_ASE_FirmFlow -->
  <testcase name="TC05_ASE_FirmFlow" time="0.000" classname="com.att.myprice.testcases.TC05_ASE_Firm_10GB_ErateN">
    <skipped/>
  </testcase> <!-- TC05_ASE_FirmFlow -->
  <testcase name="TC05_ASE_FirmFlow" time="0.001" classname="com.att.myprice.testcases.TC05_ASE_Firm_10GB_ErateN">
    <skipped/>
  </testcase> <!-- TC05_ASE_FirmFlow -->
  <testcase name="TC05_ASE_FirmFlow" time="0.024" classname="com.att.myprice.testcases.TC05_ASE_Firm_10GB_ErateN">
    <skipped/>
  </testcase> <!-- TC05_ASE_FirmFlow -->
  <testcase name="TC05_ASE_FirmFlow" time="0.001" classname="com.att.myprice.testcases.TC05_ASE_Firm_10GB_ErateN">
    <skipped/>
  </testcase> <!-- TC05_ASE_FirmFlow -->
  <testcase name="TC05_ASE_FirmFlow" time="0.001" classname="com.att.myprice.testcases.TC05_ASE_Firm_10GB_ErateN">
    <skipped/>
  </testcase> <!-- TC05_ASE_FirmFlow -->
  <testcase name="TC05_ASE_FirmFlow" time="0.001" classname="com.att.myprice.testcases.TC05_ASE_Firm_10GB_ErateN">
    <skipped/>
  </testcase> <!-- TC05_ASE_FirmFlow -->
  <testcase name="TC05_ASE_FirmFlow" time="0.001" classname="com.att.myprice.testcases.TC05_ASE_Firm_10GB_ErateN">
    <skipped/>
  </testcase> <!-- TC05_ASE_FirmFlow -->
  <testcase name="TC05_ASE_FirmFlow" time="0.000" classname="com.att.myprice.testcases.TC05_ASE_Firm_10GB_ErateN">
    <skipped/>
  </testcase> <!-- TC05_ASE_FirmFlow -->
  <testcase name="TC05_ASE_FirmFlow" time="0.014" classname="com.att.myprice.testcases.TC05_ASE_Firm_10GB_ErateN">
    <skipped/>
  </testcase> <!-- TC05_ASE_FirmFlow -->
  <testcase name="TC05_ASE_FirmFlow" time="0.001" classname="com.att.myprice.testcases.TC05_ASE_Firm_10GB_ErateN">
    <skipped/>
  </testcase> <!-- TC05_ASE_FirmFlow -->
  <testcase name="TC05_ASE_FirmFlow" time="0.003" classname="com.att.myprice.testcases.TC05_ASE_Firm_10GB_ErateN">
    <skipped/>
  </testcase> <!-- TC05_ASE_FirmFlow -->
  <testcase name="TC05_ASE_FirmFlow" time="0.001" classname="com.att.myprice.testcases.TC05_ASE_Firm_10GB_ErateN">
    <skipped/>
  </testcase> <!-- TC05_ASE_FirmFlow -->
  <testcase name="TC05_ASE_FirmFlow" time="0.001" classname="com.att.myprice.testcases.TC05_ASE_Firm_10GB_ErateN">
    <skipped/>
  </testcase> <!-- TC05_ASE_FirmFlow -->
  <testcase name="TC05_ASE_FirmFlow" time="0.001" classname="com.att.myprice.testcases.TC05_ASE_Firm_10GB_ErateN">
    <skipped/>
  </testcase> <!-- TC05_ASE_FirmFlow -->
  <testcase name="TC05_ASE_FirmFlow" time="0.001" classname="com.att.myprice.testcases.TC05_ASE_Firm_10GB_ErateN">
    <skipped/>
  </testcase> <!-- TC05_ASE_FirmFlow -->
  <testcase name="TC05_ASE_FirmFlow" time="0.001" classname="com.att.myprice.testcases.TC05_ASE_Firm_10GB_ErateN">
    <skipped/>
  </testcase> <!-- TC05_ASE_FirmFlow -->
  <testcase name="TC05_ASE_FirmFlow" time="0.014" classname="com.att.myprice.testcases.TC05_ASE_Firm_10GB_ErateN">
    <skipped/>
  </testcase> <!-- TC05_ASE_FirmFlow -->
  <testcase name="TC05_ASE_FirmFlow" time="0.001" classname="com.att.myprice.testcases.TC05_ASE_Firm_10GB_ErateN">
    <skipped/>
  </testcase> <!-- TC05_ASE_FirmFlow -->
  <testcase name="TC05_ASE_FirmFlow" time="0.001" classname="com.att.myprice.testcases.TC05_ASE_Firm_10GB_ErateN">
    <skipped/>
  </testcase> <!-- TC05_ASE_FirmFlow -->
  <testcase name="TC05_ASE_FirmFlow" time="0.000" classname="com.att.myprice.testcases.TC05_ASE_Firm_10GB_ErateN">
    <skipped/>
  </testcase> <!-- TC05_ASE_FirmFlow -->
  <testcase name="TC05_ASE_FirmFlow" time="0.002" classname="com.att.myprice.testcases.TC05_ASE_Firm_10GB_ErateN">
    <skipped/>
  </testcase> <!-- TC05_ASE_FirmFlow -->
  <testcase name="TC05_ASE_FirmFlow" time="0.000" classname="com.att.myprice.testcases.TC05_ASE_Firm_10GB_ErateN">
    <skipped/>
  </testcase> <!-- TC05_ASE_FirmFlow -->
  <testcase name="TC05_ASE_FirmFlow" time="0.001" classname="com.att.myprice.testcases.TC05_ASE_Firm_10GB_ErateN">
    <skipped/>
  </testcase> <!-- TC05_ASE_FirmFlow -->
  <testcase name="TC05_ASE_FirmFlow" time="0.002" classname="com.att.myprice.testcases.TC05_ASE_Firm_10GB_ErateN">
    <skipped/>
  </testcase> <!-- TC05_ASE_FirmFlow -->
  <testcase name="TC05_ASE_FirmFlow" time="0.000" classname="com.att.myprice.testcases.TC05_ASE_Firm_10GB_ErateN">
    <skipped/>
  </testcase> <!-- TC05_ASE_FirmFlow -->
  <testcase name="TC05_ASE_FirmFlow" time="0.000" classname="com.att.myprice.testcases.TC05_ASE_Firm_10GB_ErateN">
    <skipped/>
  </testcase> <!-- TC05_ASE_FirmFlow -->
  <testcase name="TC05_ASE_FirmFlow" time="0.001" classname="com.att.myprice.testcases.TC05_ASE_Firm_10GB_ErateN">
    <skipped/>
  </testcase> <!-- TC05_ASE_FirmFlow -->
  <testcase name="TC05_ASE_FirmFlow" time="0.001" classname="com.att.myprice.testcases.TC05_ASE_Firm_10GB_ErateN">
    <skipped/>
  </testcase> <!-- TC05_ASE_FirmFlow -->
  <testcase name="TC05_ASE_FirmFlow" time="0.001" classname="com.att.myprice.testcases.TC05_ASE_Firm_10GB_ErateN">
    <skipped/>
  </testcase> <!-- TC05_ASE_FirmFlow -->
  <testcase name="TC05_ASE_FirmFlow" time="0.000" classname="com.att.myprice.testcases.TC05_ASE_Firm_10GB_ErateN">
    <skipped/>
  </testcase> <!-- TC05_ASE_FirmFlow -->
  <testcase name="TC05_ASE_FirmFlow" time="0.002" classname="com.att.myprice.testcases.TC05_ASE_Firm_10GB_ErateN">
    <skipped/>
  </testcase> <!-- TC05_ASE_FirmFlow -->
  <testcase name="TC05_ASE_FirmFlow" time="0.001" classname="com.att.myprice.testcases.TC05_ASE_Firm_10GB_ErateN">
    <skipped/>
  </testcase> <!-- TC05_ASE_FirmFlow -->
  <testcase name="TC05_ASE_FirmFlow" time="0.001" classname="com.att.myprice.testcases.TC05_ASE_Firm_10GB_ErateN">
    <skipped/>
  </testcase> <!-- TC05_ASE_FirmFlow -->
  <testcase name="TC05_ASE_FirmFlow" time="0.001" classname="com.att.myprice.testcases.TC05_ASE_Firm_10GB_ErateN">
    <skipped/>
  </testcase> <!-- TC05_ASE_FirmFlow -->
  <testcase name="TC05_ASE_FirmFlow" time="0.001" classname="com.att.myprice.testcases.TC05_ASE_Firm_10GB_ErateN">
    <skipped/>
  </testcase> <!-- TC05_ASE_FirmFlow -->
  <testcase name="TC05_ASE_FirmFlow" time="0.002" classname="com.att.myprice.testcases.TC05_ASE_Firm_10GB_ErateN">
    <skipped/>
  </testcase> <!-- TC05_ASE_FirmFlow -->
  <testcase name="TC05_ASE_FirmFlow" time="0.000" classname="com.att.myprice.testcases.TC05_ASE_Firm_10GB_ErateN">
    <skipped/>
  </testcase> <!-- TC05_ASE_FirmFlow -->
  <testcase name="TC05_ASE_FirmFlow" time="0.001" classname="com.att.myprice.testcases.TC05_ASE_Firm_10GB_ErateN">
    <skipped/>
  </testcase> <!-- TC05_ASE_FirmFlow -->
  <testcase name="TC05_ASE_FirmFlow" time="0.001" classname="com.att.myprice.testcases.TC05_ASE_Firm_10GB_ErateN">
    <skipped/>
  </testcase> <!-- TC05_ASE_FirmFlow -->
  <testcase name="TC05_ASE_FirmFlow" time="0.001" classname="com.att.myprice.testcases.TC05_ASE_Firm_10GB_ErateN">
    <skipped/>
  </testcase> <!-- TC05_ASE_FirmFlow -->
  <testcase name="TC05_ASE_FirmFlow" time="0.000" classname="com.att.myprice.testcases.TC05_ASE_Firm_10GB_ErateN">
    <skipped/>
  </testcase> <!-- TC05_ASE_FirmFlow -->
  <testcase name="TC05_ASE_FirmFlow" time="0.001" classname="com.att.myprice.testcases.TC05_ASE_Firm_10GB_ErateN">
    <skipped/>
  </testcase> <!-- TC05_ASE_FirmFlow -->
  <testcase name="TC05_ASE_FirmFlow" time="0.000" classname="com.att.myprice.testcases.TC05_ASE_Firm_10GB_ErateN">
    <skipped/>
  </testcase> <!-- TC05_ASE_FirmFlow -->
  <testcase name="TC05_ASE_FirmFlow" time="0.001" classname="com.att.myprice.testcases.TC05_ASE_Firm_10GB_ErateN">
    <skipped/>
  </testcase> <!-- TC05_ASE_FirmFlow -->
  <testcase name="TC05_ASE_FirmFlow" time="0.001" classname="com.att.myprice.testcases.TC05_ASE_Firm_10GB_ErateN">
    <skipped/>
  </testcase> <!-- TC05_ASE_FirmFlow -->
  <testcase name="TC05_ASE_FirmFlow" time="0.000" classname="com.att.myprice.testcases.TC05_ASE_Firm_10GB_ErateN">
    <skipped/>
  </testcase> <!-- TC05_ASE_FirmFlow -->
  <testcase name="TC05_ASE_FirmFlow" time="0.001" classname="com.att.myprice.testcases.TC05_ASE_Firm_10GB_ErateN">
    <skipped/>
  </testcase> <!-- TC05_ASE_FirmFlow -->
  <testcase name="TC05_ASE_FirmFlow" time="0.001" classname="com.att.myprice.testcases.TC05_ASE_Firm_10GB_ErateN">
    <skipped/>
  </testcase> <!-- TC05_ASE_FirmFlow -->
  <testcase name="TC05_ASE_FirmFlow" time="0.002" classname="com.att.myprice.testcases.TC05_ASE_Firm_10GB_ErateN">
    <skipped/>
  </testcase> <!-- TC05_ASE_FirmFlow -->
  <testcase name="TC05_ASE_FirmFlow" time="0.000" classname="com.att.myprice.testcases.TC05_ASE_Firm_10GB_ErateN">
    <skipped/>
  </testcase> <!-- TC05_ASE_FirmFlow -->
  <testcase name="TC05_ASE_FirmFlow" time="0.003" classname="com.att.myprice.testcases.TC05_ASE_Firm_10GB_ErateN">
    <skipped/>
  </testcase> <!-- TC05_ASE_FirmFlow -->
  <testcase name="TC05_ASE_FirmFlow" time="0.001" classname="com.att.myprice.testcases.TC05_ASE_Firm_10GB_ErateN">
    <skipped/>
  </testcase> <!-- TC05_ASE_FirmFlow -->
  <testcase name="TC05_ASE_FirmFlow" time="0.001" classname="com.att.myprice.testcases.TC05_ASE_Firm_10GB_ErateN">
    <skipped/>
  </testcase> <!-- TC05_ASE_FirmFlow -->
  <testcase name="TC05_ASE_FirmFlow" time="0.001" classname="com.att.myprice.testcases.TC05_ASE_Firm_10GB_ErateN">
    <skipped/>
  </testcase> <!-- TC05_ASE_FirmFlow -->
  <testcase name="TC05_ASE_FirmFlow" time="0.000" classname="com.att.myprice.testcases.TC05_ASE_Firm_10GB_ErateN">
    <skipped/>
  </testcase> <!-- TC05_ASE_FirmFlow -->
  <testcase name="TC05_ASE_FirmFlow" time="0.001" classname="com.att.myprice.testcases.TC05_ASE_Firm_10GB_ErateN">
    <skipped/>
  </testcase> <!-- TC05_ASE_FirmFlow -->
  <testcase name="TC05_ASE_FirmFlow" time="0.000" classname="com.att.myprice.testcases.TC05_ASE_Firm_10GB_ErateN">
    <skipped/>
  </testcase> <!-- TC05_ASE_FirmFlow -->
  <testcase name="TC05_ASE_FirmFlow" time="0.001" classname="com.att.myprice.testcases.TC05_ASE_Firm_10GB_ErateN">
    <skipped/>
  </testcase> <!-- TC05_ASE_FirmFlow -->
  <testcase name="TC05_ASE_FirmFlow" time="0.001" classname="com.att.myprice.testcases.TC05_ASE_Firm_10GB_ErateN">
    <skipped/>
  </testcase> <!-- TC05_ASE_FirmFlow -->
  <testcase name="TC05_ASE_FirmFlow" time="0.000" classname="com.att.myprice.testcases.TC05_ASE_Firm_10GB_ErateN">
    <skipped/>
  </testcase> <!-- TC05_ASE_FirmFlow -->
  <testcase name="TC05_ASE_FirmFlow" time="0.001" classname="com.att.myprice.testcases.TC05_ASE_Firm_10GB_ErateN">
    <skipped/>
  </testcase> <!-- TC05_ASE_FirmFlow -->
  <testcase name="TC05_ASE_FirmFlow" time="0.001" classname="com.att.myprice.testcases.TC05_ASE_Firm_10GB_ErateN">
    <skipped/>
  </testcase> <!-- TC05_ASE_FirmFlow -->
  <testcase name="TC05_ASE_FirmFlow" time="0.001" classname="com.att.myprice.testcases.TC05_ASE_Firm_10GB_ErateN">
    <skipped/>
  </testcase> <!-- TC05_ASE_FirmFlow -->
  <testcase name="TC05_ASE_FirmFlow" time="0.001" classname="com.att.myprice.testcases.TC05_ASE_Firm_10GB_ErateN">
    <skipped/>
  </testcase> <!-- TC05_ASE_FirmFlow -->
  <testcase name="TC05_ASE_FirmFlow" time="0.001" classname="com.att.myprice.testcases.TC05_ASE_Firm_10GB_ErateN">
    <skipped/>
  </testcase> <!-- TC05_ASE_FirmFlow -->
  <testcase name="TC05_ASE_FirmFlow" time="0.011" classname="com.att.myprice.testcases.TC05_ASE_Firm_10GB_ErateN">
    <skipped/>
  </testcase> <!-- TC05_ASE_FirmFlow -->
  <testcase name="TC05_ASE_FirmFlow" time="0.000" classname="com.att.myprice.testcases.TC05_ASE_Firm_10GB_ErateN">
    <skipped/>
  </testcase> <!-- TC05_ASE_FirmFlow -->
  <testcase name="TC05_ASE_FirmFlow" time="0.001" classname="com.att.myprice.testcases.TC05_ASE_Firm_10GB_ErateN">
    <skipped/>
  </testcase> <!-- TC05_ASE_FirmFlow -->
  <testcase name="TC05_ASE_FirmFlow" time="0.001" classname="com.att.myprice.testcases.TC05_ASE_Firm_10GB_ErateN">
    <skipped/>
  </testcase> <!-- TC05_ASE_FirmFlow -->
  <testcase name="TC05_ASE_FirmFlow" time="0.001" classname="com.att.myprice.testcases.TC05_ASE_Firm_10GB_ErateN">
    <skipped/>
  </testcase> <!-- TC05_ASE_FirmFlow -->
  <testcase name="TC05_ASE_FirmFlow" time="0.000" classname="com.att.myprice.testcases.TC05_ASE_Firm_10GB_ErateN">
    <skipped/>
  </testcase> <!-- TC05_ASE_FirmFlow -->
  <testcase name="TC05_ASE_FirmFlow" time="0.001" classname="com.att.myprice.testcases.TC05_ASE_Firm_10GB_ErateN">
    <skipped/>
  </testcase> <!-- TC05_ASE_FirmFlow -->
  <testcase name="TC05_ASE_FirmFlow" time="0.000" classname="com.att.myprice.testcases.TC05_ASE_Firm_10GB_ErateN">
    <skipped/>
  </testcase> <!-- TC05_ASE_FirmFlow -->
  <testcase name="TC05_ASE_FirmFlow" time="0.001" classname="com.att.myprice.testcases.TC05_ASE_Firm_10GB_ErateN">
    <skipped/>
  </testcase> <!-- TC05_ASE_FirmFlow -->
  <testcase name="TC05_ASE_FirmFlow" time="0.129" classname="com.att.myprice.testcases.TC05_ASE_Firm_10GB_ErateN">
    <skipped/>
  </testcase> <!-- TC05_ASE_FirmFlow -->
  <testcase name="TC05_ASE_FirmFlow" time="0.002" classname="com.att.myprice.testcases.TC05_ASE_Firm_10GB_ErateN">
    <skipped/>
  </testcase> <!-- TC05_ASE_FirmFlow -->
  <testcase name="TC05_ASE_FirmFlow" time="0.001" classname="com.att.myprice.testcases.TC05_ASE_Firm_10GB_ErateN">
    <skipped/>
  </testcase> <!-- TC05_ASE_FirmFlow -->
  <testcase name="TC05_ASE_FirmFlow" time="0.001" classname="com.att.myprice.testcases.TC05_ASE_Firm_10GB_ErateN">
    <skipped/>
  </testcase> <!-- TC05_ASE_FirmFlow -->
  <testcase name="TC05_ASE_FirmFlow" time="0.001" classname="com.att.myprice.testcases.TC05_ASE_Firm_10GB_ErateN">
    <skipped/>
  </testcase> <!-- TC05_ASE_FirmFlow -->
  <testcase name="TC05_ASE_FirmFlow" time="0.001" classname="com.att.myprice.testcases.TC05_ASE_Firm_10GB_ErateN">
    <skipped/>
  </testcase> <!-- TC05_ASE_FirmFlow -->
  <testcase name="TC05_ASE_FirmFlow" time="0.000" classname="com.att.myprice.testcases.TC05_ASE_Firm_10GB_ErateN">
    <skipped/>
  </testcase> <!-- TC05_ASE_FirmFlow -->
  <testcase name="TC05_ASE_FirmFlow" time="0.000" classname="com.att.myprice.testcases.TC05_ASE_Firm_10GB_ErateN">
    <skipped/>
  </testcase> <!-- TC05_ASE_FirmFlow -->
  <testcase name="TC05_ASE_FirmFlow" time="0.001" classname="com.att.myprice.testcases.TC05_ASE_Firm_10GB_ErateN">
    <skipped/>
  </testcase> <!-- TC05_ASE_FirmFlow -->
  <testcase name="TC05_ASE_FirmFlow" time="0.001" classname="com.att.myprice.testcases.TC05_ASE_Firm_10GB_ErateN">
    <skipped/>
  </testcase> <!-- TC05_ASE_FirmFlow -->
  <testcase name="TC05_ASE_FirmFlow" time="0.000" classname="com.att.myprice.testcases.TC05_ASE_Firm_10GB_ErateN">
    <skipped/>
  </testcase> <!-- TC05_ASE_FirmFlow -->
  <testcase name="TC05_ASE_FirmFlow" time="0.001" classname="com.att.myprice.testcases.TC05_ASE_Firm_10GB_ErateN">
    <skipped/>
  </testcase> <!-- TC05_ASE_FirmFlow -->
  <testcase name="TC05_ASE_FirmFlow" time="0.000" classname="com.att.myprice.testcases.TC05_ASE_Firm_10GB_ErateN">
    <skipped/>
  </testcase> <!-- TC05_ASE_FirmFlow -->
  <testcase name="TC05_ASE_FirmFlow" time="0.012" classname="com.att.myprice.testcases.TC05_ASE_Firm_10GB_ErateN">
    <skipped/>
  </testcase> <!-- TC05_ASE_FirmFlow -->
  <testcase name="TC05_ASE_FirmFlow" time="0.001" classname="com.att.myprice.testcases.TC05_ASE_Firm_10GB_ErateN">
    <skipped/>
  </testcase> <!-- TC05_ASE_FirmFlow -->
  <testcase name="TC05_ASE_FirmFlow" time="0.001" classname="com.att.myprice.testcases.TC05_ASE_Firm_10GB_ErateN">
    <skipped/>
  </testcase> <!-- TC05_ASE_FirmFlow -->
  <testcase name="TC05_ASE_FirmFlow" time="0.000" classname="com.att.myprice.testcases.TC05_ASE_Firm_10GB_ErateN">
    <skipped/>
  </testcase> <!-- TC05_ASE_FirmFlow -->
  <testcase name="TC05_ASE_FirmFlow" time="0.000" classname="com.att.myprice.testcases.TC05_ASE_Firm_10GB_ErateN">
    <skipped/>
  </testcase> <!-- TC05_ASE_FirmFlow -->
  <testcase name="TC05_ASE_FirmFlow" time="0.004" classname="com.att.myprice.testcases.TC05_ASE_Firm_10GB_ErateN">
    <skipped/>
  </testcase> <!-- TC05_ASE_FirmFlow -->
  <testcase name="TC05_ASE_FirmFlow" time="0.001" classname="com.att.myprice.testcases.TC05_ASE_Firm_10GB_ErateN">
    <skipped/>
  </testcase> <!-- TC05_ASE_FirmFlow -->
  <testcase name="TC05_ASE_FirmFlow" time="0.008" classname="com.att.myprice.testcases.TC05_ASE_Firm_10GB_ErateN">
    <skipped/>
  </testcase> <!-- TC05_ASE_FirmFlow -->
  <testcase name="TC05_ASE_FirmFlow" time="0.001" classname="com.att.myprice.testcases.TC05_ASE_Firm_10GB_ErateN">
    <skipped/>
  </testcase> <!-- TC05_ASE_FirmFlow -->
  <testcase name="TC05_ASE_FirmFlow" time="0.001" classname="com.att.myprice.testcases.TC05_ASE_Firm_10GB_ErateN">
    <skipped/>
  </testcase> <!-- TC05_ASE_FirmFlow -->
  <testcase name="TC05_ASE_FirmFlow" time="0.001" classname="com.att.myprice.testcases.TC05_ASE_Firm_10GB_ErateN">
    <skipped/>
  </testcase> <!-- TC05_ASE_FirmFlow -->
  <testcase name="TC05_ASE_FirmFlow" time="0.000" classname="com.att.myprice.testcases.TC05_ASE_Firm_10GB_ErateN">
    <skipped/>
  </testcase> <!-- TC05_ASE_FirmFlow -->
  <testcase name="TC05_ASE_FirmFlow" time="0.001" classname="com.att.myprice.testcases.TC05_ASE_Firm_10GB_ErateN">
    <skipped/>
  </testcase> <!-- TC05_ASE_FirmFlow -->
  <testcase name="TC05_ASE_FirmFlow" time="0.000" classname="com.att.myprice.testcases.TC05_ASE_Firm_10GB_ErateN">
    <skipped/>
  </testcase> <!-- TC05_ASE_FirmFlow -->
  <testcase name="TC05_ASE_FirmFlow" time="0.000" classname="com.att.myprice.testcases.TC05_ASE_Firm_10GB_ErateN">
    <skipped/>
  </testcase> <!-- TC05_ASE_FirmFlow -->
  <testcase name="TC05_ASE_FirmFlow" time="0.000" classname="com.att.myprice.testcases.TC05_ASE_Firm_10GB_ErateN">
    <skipped/>
  </testcase> <!-- TC05_ASE_FirmFlow -->
  <testcase name="TC05_ASE_FirmFlow" time="0.000" classname="com.att.myprice.testcases.TC05_ASE_Firm_10GB_ErateN">
    <skipped/>
  </testcase> <!-- TC05_ASE_FirmFlow -->
  <testcase name="TC05_ASE_FirmFlow" time="0.000" classname="com.att.myprice.testcases.TC05_ASE_Firm_10GB_ErateN">
    <skipped/>
  </testcase> <!-- TC05_ASE_FirmFlow -->
  <testcase name="TC05_ASE_FirmFlow" time="0.000" classname="com.att.myprice.testcases.TC05_ASE_Firm_10GB_ErateN">
    <skipped/>
  </testcase> <!-- TC05_ASE_FirmFlow -->
  <testcase name="TC05_ASE_FirmFlow" time="0.000" classname="com.att.myprice.testcases.TC05_ASE_Firm_10GB_ErateN">
    <skipped/>
  </testcase> <!-- TC05_ASE_FirmFlow -->
  <testcase name="TC05_ASE_FirmFlow" time="0.001" classname="com.att.myprice.testcases.TC05_ASE_Firm_10GB_ErateN">
    <skipped/>
  </testcase> <!-- TC05_ASE_FirmFlow -->
  <testcase name="TC05_ASE_FirmFlow" time="0.001" classname="com.att.myprice.testcases.TC05_ASE_Firm_10GB_ErateN">
    <skipped/>
  </testcase> <!-- TC05_ASE_FirmFlow -->
  <testcase name="TC05_ASE_FirmFlow" time="0.001" classname="com.att.myprice.testcases.TC05_ASE_Firm_10GB_ErateN">
    <skipped/>
  </testcase> <!-- TC05_ASE_FirmFlow -->
  <testcase name="TC05_ASE_FirmFlow" time="0.000" classname="com.att.myprice.testcases.TC05_ASE_Firm_10GB_ErateN">
    <skipped/>
  </testcase> <!-- TC05_ASE_FirmFlow -->
  <testcase name="TC05_ASE_FirmFlow" time="0.001" classname="com.att.myprice.testcases.TC05_ASE_Firm_10GB_ErateN">
    <skipped/>
  </testcase> <!-- TC05_ASE_FirmFlow -->
  <testcase name="TC05_ASE_FirmFlow" time="0.008" classname="com.att.myprice.testcases.TC05_ASE_Firm_10GB_ErateN">
    <skipped/>
  </testcase> <!-- TC05_ASE_FirmFlow -->
  <testcase name="TC05_ASE_FirmFlow" time="0.000" classname="com.att.myprice.testcases.TC05_ASE_Firm_10GB_ErateN">
    <skipped/>
  </testcase> <!-- TC05_ASE_FirmFlow -->
  <testcase name="TC05_ASE_FirmFlow" time="0.001" classname="com.att.myprice.testcases.TC05_ASE_Firm_10GB_ErateN">
    <skipped/>
  </testcase> <!-- TC05_ASE_FirmFlow -->
  <testcase name="TC05_ASE_FirmFlow" time="0.001" classname="com.att.myprice.testcases.TC05_ASE_Firm_10GB_ErateN">
    <skipped/>
  </testcase> <!-- TC05_ASE_FirmFlow -->
  <testcase name="TC05_ASE_FirmFlow" time="0.000" classname="com.att.myprice.testcases.TC05_ASE_Firm_10GB_ErateN">
    <skipped/>
  </testcase> <!-- TC05_ASE_FirmFlow -->
  <testcase name="TC05_ASE_FirmFlow" time="0.001" classname="com.att.myprice.testcases.TC05_ASE_Firm_10GB_ErateN">
    <skipped/>
  </testcase> <!-- TC05_ASE_FirmFlow -->
  <testcase name="TC05_ASE_FirmFlow" time="0.001" classname="com.att.myprice.testcases.TC05_ASE_Firm_10GB_ErateN">
    <skipped/>
  </testcase> <!-- TC05_ASE_FirmFlow -->
  <testcase name="TC05_ASE_FirmFlow" time="0.000" classname="com.att.myprice.testcases.TC05_ASE_Firm_10GB_ErateN">
    <skipped/>
  </testcase> <!-- TC05_ASE_FirmFlow -->
  <testcase name="TC05_ASE_FirmFlow" time="0.001" classname="com.att.myprice.testcases.TC05_ASE_Firm_10GB_ErateN">
    <skipped/>
  </testcase> <!-- TC05_ASE_FirmFlow -->
  <testcase name="TC05_ASE_FirmFlow" time="0.001" classname="com.att.myprice.testcases.TC05_ASE_Firm_10GB_ErateN">
    <skipped/>
  </testcase> <!-- TC05_ASE_FirmFlow -->
  <testcase name="TC05_ASE_FirmFlow" time="0.001" classname="com.att.myprice.testcases.TC05_ASE_Firm_10GB_ErateN">
    <skipped/>
  </testcase> <!-- TC05_ASE_FirmFlow -->
  <testcase name="TC05_ASE_FirmFlow" time="0.001" classname="com.att.myprice.testcases.TC05_ASE_Firm_10GB_ErateN">
    <skipped/>
  </testcase> <!-- TC05_ASE_FirmFlow -->
  <testcase name="TC05_ASE_FirmFlow" time="0.000" classname="com.att.myprice.testcases.TC05_ASE_Firm_10GB_ErateN">
    <skipped/>
  </testcase> <!-- TC05_ASE_FirmFlow -->
  <testcase name="TC05_ASE_FirmFlow" time="0.000" classname="com.att.myprice.testcases.TC05_ASE_Firm_10GB_ErateN">
    <skipped/>
  </testcase> <!-- TC05_ASE_FirmFlow -->
  <testcase name="TC05_ASE_FirmFlow" time="0.001" classname="com.att.myprice.testcases.TC05_ASE_Firm_10GB_ErateN">
    <skipped/>
  </testcase> <!-- TC05_ASE_FirmFlow -->
  <testcase name="TC05_ASE_FirmFlow" time="0.001" classname="com.att.myprice.testcases.TC05_ASE_Firm_10GB_ErateN">
    <skipped/>
  </testcase> <!-- TC05_ASE_FirmFlow -->
  <testcase name="TC05_ASE_FirmFlow" time="0.001" classname="com.att.myprice.testcases.TC05_ASE_Firm_10GB_ErateN">
    <skipped/>
  </testcase> <!-- TC05_ASE_FirmFlow -->
  <testcase name="TC05_ASE_FirmFlow" time="0.001" classname="com.att.myprice.testcases.TC05_ASE_Firm_10GB_ErateN">
    <skipped/>
  </testcase> <!-- TC05_ASE_FirmFlow -->
  <testcase name="TC05_ASE_FirmFlow" time="0.001" classname="com.att.myprice.testcases.TC05_ASE_Firm_10GB_ErateN">
    <skipped/>
  </testcase> <!-- TC05_ASE_FirmFlow -->
  <testcase name="TC05_ASE_FirmFlow" time="0.001" classname="com.att.myprice.testcases.TC05_ASE_Firm_10GB_ErateN">
    <skipped/>
  </testcase> <!-- TC05_ASE_FirmFlow -->
  <testcase name="TC05_ASE_FirmFlow" time="0.000" classname="com.att.myprice.testcases.TC05_ASE_Firm_10GB_ErateN">
    <skipped/>
  </testcase> <!-- TC05_ASE_FirmFlow -->
  <testcase name="TC05_ASE_FirmFlow" time="0.001" classname="com.att.myprice.testcases.TC05_ASE_Firm_10GB_ErateN">
    <skipped/>
  </testcase> <!-- TC05_ASE_FirmFlow -->
  <testcase name="TC05_ASE_FirmFlow" time="0.014" classname="com.att.myprice.testcases.TC05_ASE_Firm_10GB_ErateN">
    <skipped/>
  </testcase> <!-- TC05_ASE_FirmFlow -->
  <testcase name="TC05_ASE_FirmFlow" time="0.000" classname="com.att.myprice.testcases.TC05_ASE_Firm_10GB_ErateN">
    <skipped/>
  </testcase> <!-- TC05_ASE_FirmFlow -->
  <testcase name="TC05_ASE_FirmFlow" time="0.000" classname="com.att.myprice.testcases.TC05_ASE_Firm_10GB_ErateN">
    <skipped/>
  </testcase> <!-- TC05_ASE_FirmFlow -->
  <testcase name="TC05_ASE_FirmFlow" time="0.001" classname="com.att.myprice.testcases.TC05_ASE_Firm_10GB_ErateN">
    <skipped/>
  </testcase> <!-- TC05_ASE_FirmFlow -->
  <testcase name="TC05_ASE_FirmFlow" time="0.001" classname="com.att.myprice.testcases.TC05_ASE_Firm_10GB_ErateN">
    <skipped/>
  </testcase> <!-- TC05_ASE_FirmFlow -->
  <testcase name="TC05_ASE_FirmFlow" time="0.001" classname="com.att.myprice.testcases.TC05_ASE_Firm_10GB_ErateN">
    <skipped/>
  </testcase> <!-- TC05_ASE_FirmFlow -->
  <testcase name="TC05_ASE_FirmFlow" time="0.001" classname="com.att.myprice.testcases.TC05_ASE_Firm_10GB_ErateN">
    <skipped/>
  </testcase> <!-- TC05_ASE_FirmFlow -->
  <testcase name="TC05_ASE_FirmFlow" time="0.001" classname="com.att.myprice.testcases.TC05_ASE_Firm_10GB_ErateN">
    <skipped/>
  </testcase> <!-- TC05_ASE_FirmFlow -->
  <testcase name="TC05_ASE_FirmFlow" time="0.001" classname="com.att.myprice.testcases.TC05_ASE_Firm_10GB_ErateN">
    <skipped/>
  </testcase> <!-- TC05_ASE_FirmFlow -->
  <testcase name="TC05_ASE_FirmFlow" time="0.000" classname="com.att.myprice.testcases.TC05_ASE_Firm_10GB_ErateN">
    <skipped/>
  </testcase> <!-- TC05_ASE_FirmFlow -->
  <testcase name="TC05_ASE_FirmFlow" time="0.000" classname="com.att.myprice.testcases.TC05_ASE_Firm_10GB_ErateN">
    <skipped/>
  </testcase> <!-- TC05_ASE_FirmFlow -->
  <testcase name="TC05_ASE_FirmFlow" time="0.000" classname="com.att.myprice.testcases.TC05_ASE_Firm_10GB_ErateN">
    <skipped/>
  </testcase> <!-- TC05_ASE_FirmFlow -->
  <testcase name="TC05_ASE_FirmFlow" time="0.009" classname="com.att.myprice.testcases.TC05_ASE_Firm_10GB_ErateN">
    <skipped/>
  </testcase> <!-- TC05_ASE_FirmFlow -->
  <testcase name="TC05_ASE_FirmFlow" time="0.001" classname="com.att.myprice.testcases.TC05_ASE_Firm_10GB_ErateN">
    <skipped/>
  </testcase> <!-- TC05_ASE_FirmFlow -->
  <testcase name="TC05_ASE_FirmFlow" time="0.000" classname="com.att.myprice.testcases.TC05_ASE_Firm_10GB_ErateN">
    <skipped/>
  </testcase> <!-- TC05_ASE_FirmFlow -->
  <testcase name="TC05_ASE_FirmFlow" time="0.001" classname="com.att.myprice.testcases.TC05_ASE_Firm_10GB_ErateN">
    <skipped/>
  </testcase> <!-- TC05_ASE_FirmFlow -->
  <testcase name="TC05_ASE_FirmFlow" time="0.000" classname="com.att.myprice.testcases.TC05_ASE_Firm_10GB_ErateN">
    <skipped/>
  </testcase> <!-- TC05_ASE_FirmFlow -->
  <testcase name="TC05_ASE_FirmFlow" time="0.001" classname="com.att.myprice.testcases.TC05_ASE_Firm_10GB_ErateN">
    <skipped/>
  </testcase> <!-- TC05_ASE_FirmFlow -->
  <testcase name="TC05_ASE_FirmFlow" time="0.002" classname="com.att.myprice.testcases.TC05_ASE_Firm_10GB_ErateN">
    <skipped/>
  </testcase> <!-- TC05_ASE_FirmFlow -->
  <testcase name="TC05_ASE_FirmFlow" time="0.001" classname="com.att.myprice.testcases.TC05_ASE_Firm_10GB_ErateN">
    <skipped/>
  </testcase> <!-- TC05_ASE_FirmFlow -->
  <testcase name="TC05_ASE_FirmFlow" time="0.000" classname="com.att.myprice.testcases.TC05_ASE_Firm_10GB_ErateN">
    <skipped/>
  </testcase> <!-- TC05_ASE_FirmFlow -->
  <testcase name="TC05_ASE_FirmFlow" time="0.001" classname="com.att.myprice.testcases.TC05_ASE_Firm_10GB_ErateN">
    <skipped/>
  </testcase> <!-- TC05_ASE_FirmFlow -->
  <testcase name="TC05_ASE_FirmFlow" time="0.001" classname="com.att.myprice.testcases.TC05_ASE_Firm_10GB_ErateN">
    <skipped/>
  </testcase> <!-- TC05_ASE_FirmFlow -->
  <testcase name="TC05_ASE_FirmFlow" time="0.001" classname="com.att.myprice.testcases.TC05_ASE_Firm_10GB_ErateN">
    <skipped/>
  </testcase> <!-- TC05_ASE_FirmFlow -->
  <testcase name="TC05_ASE_FirmFlow" time="0.000" classname="com.att.myprice.testcases.TC05_ASE_Firm_10GB_ErateN">
    <skipped/>
  </testcase> <!-- TC05_ASE_FirmFlow -->
  <testcase name="TC05_ASE_FirmFlow" time="0.001" classname="com.att.myprice.testcases.TC05_ASE_Firm_10GB_ErateN">
    <skipped/>
  </testcase> <!-- TC05_ASE_FirmFlow -->
  <testcase name="TC05_ASE_FirmFlow" time="0.000" classname="com.att.myprice.testcases.TC05_ASE_Firm_10GB_ErateN">
    <skipped/>
  </testcase> <!-- TC05_ASE_FirmFlow -->
  <testcase name="TC05_ASE_FirmFlow" time="0.001" classname="com.att.myprice.testcases.TC05_ASE_Firm_10GB_ErateN">
    <skipped/>
  </testcase> <!-- TC05_ASE_FirmFlow -->
  <testcase name="TC05_ASE_FirmFlow" time="0.001" classname="com.att.myprice.testcases.TC05_ASE_Firm_10GB_ErateN">
    <skipped/>
  </testcase> <!-- TC05_ASE_FirmFlow -->
  <testcase name="TC05_ASE_FirmFlow" time="0.000" classname="com.att.myprice.testcases.TC05_ASE_Firm_10GB_ErateN">
    <skipped/>
  </testcase> <!-- TC05_ASE_FirmFlow -->
  <testcase name="TC05_ASE_FirmFlow" time="0.001" classname="com.att.myprice.testcases.TC05_ASE_Firm_10GB_ErateN">
    <skipped/>
  </testcase> <!-- TC05_ASE_FirmFlow -->
  <testcase name="TC05_ASE_FirmFlow" time="0.001" classname="com.att.myprice.testcases.TC05_ASE_Firm_10GB_ErateN">
    <skipped/>
  </testcase> <!-- TC05_ASE_FirmFlow -->
  <testcase name="TC05_ASE_FirmFlow" time="0.001" classname="com.att.myprice.testcases.TC05_ASE_Firm_10GB_ErateN">
    <skipped/>
  </testcase> <!-- TC05_ASE_FirmFlow -->
  <testcase name="TC05_ASE_FirmFlow" time="0.001" classname="com.att.myprice.testcases.TC05_ASE_Firm_10GB_ErateN">
    <skipped/>
  </testcase> <!-- TC05_ASE_FirmFlow -->
  <testcase name="TC05_ASE_FirmFlow" time="0.001" classname="com.att.myprice.testcases.TC05_ASE_Firm_10GB_ErateN">
    <skipped/>
  </testcase> <!-- TC05_ASE_FirmFlow -->
  <testcase name="TC05_ASE_FirmFlow" time="0.001" classname="com.att.myprice.testcases.TC05_ASE_Firm_10GB_ErateN">
    <skipped/>
  </testcase> <!-- TC05_ASE_FirmFlow -->
  <testcase name="TC05_ASE_FirmFlow" time="0.000" classname="com.att.myprice.testcases.TC05_ASE_Firm_10GB_ErateN">
    <skipped/>
  </testcase> <!-- TC05_ASE_FirmFlow -->
  <testcase name="TC05_ASE_FirmFlow" time="0.001" classname="com.att.myprice.testcases.TC05_ASE_Firm_10GB_ErateN">
    <skipped/>
  </testcase> <!-- TC05_ASE_FirmFlow -->
  <testcase name="TC05_ASE_FirmFlow" time="0.000" classname="com.att.myprice.testcases.TC05_ASE_Firm_10GB_ErateN">
    <skipped/>
  </testcase> <!-- TC05_ASE_FirmFlow -->
  <testcase name="TC05_ASE_FirmFlow" time="0.001" classname="com.att.myprice.testcases.TC05_ASE_Firm_10GB_ErateN">
    <skipped/>
  </testcase> <!-- TC05_ASE_FirmFlow -->
  <testcase name="TC05_ASE_FirmFlow" time="0.001" classname="com.att.myprice.testcases.TC05_ASE_Firm_10GB_ErateN">
    <skipped/>
  </testcase> <!-- TC05_ASE_FirmFlow -->
  <testcase name="TC05_ASE_FirmFlow" time="0.000" classname="com.att.myprice.testcases.TC05_ASE_Firm_10GB_ErateN">
    <skipped/>
  </testcase> <!-- TC05_ASE_FirmFlow -->
  <testcase name="TC05_ASE_FirmFlow" time="0.001" classname="com.att.myprice.testcases.TC05_ASE_Firm_10GB_ErateN">
    <skipped/>
  </testcase> <!-- TC05_ASE_FirmFlow -->
  <testcase name="TC05_ASE_FirmFlow" time="0.001" classname="com.att.myprice.testcases.TC05_ASE_Firm_10GB_ErateN">
    <skipped/>
  </testcase> <!-- TC05_ASE_FirmFlow -->
  <testcase name="TC05_ASE_FirmFlow" time="0.001" classname="com.att.myprice.testcases.TC05_ASE_Firm_10GB_ErateN">
    <skipped/>
  </testcase> <!-- TC05_ASE_FirmFlow -->
  <testcase name="TC05_ASE_FirmFlow" time="0.003" classname="com.att.myprice.testcases.TC05_ASE_Firm_10GB_ErateN">
    <skipped/>
  </testcase> <!-- TC05_ASE_FirmFlow -->
  <testcase name="TC05_ASE_FirmFlow" time="0.001" classname="com.att.myprice.testcases.TC05_ASE_Firm_10GB_ErateN">
    <skipped/>
  </testcase> <!-- TC05_ASE_FirmFlow -->
  <testcase name="TC05_ASE_FirmFlow" time="0.000" classname="com.att.myprice.testcases.TC05_ASE_Firm_10GB_ErateN">
    <skipped/>
  </testcase> <!-- TC05_ASE_FirmFlow -->
  <testcase name="TC05_ASE_FirmFlow" time="0.001" classname="com.att.myprice.testcases.TC05_ASE_Firm_10GB_ErateN">
    <skipped/>
  </testcase> <!-- TC05_ASE_FirmFlow -->
  <testcase name="TC05_ASE_FirmFlow" time="0.024" classname="com.att.myprice.testcases.TC05_ASE_Firm_10GB_ErateN">
    <skipped/>
  </testcase> <!-- TC05_ASE_FirmFlow -->
  <testcase name="TC05_ASE_FirmFlow" time="0.001" classname="com.att.myprice.testcases.TC05_ASE_Firm_10GB_ErateN">
    <skipped/>
  </testcase> <!-- TC05_ASE_FirmFlow -->
  <testcase name="TC05_ASE_FirmFlow" time="0.015" classname="com.att.myprice.testcases.TC05_ASE_Firm_10GB_ErateN">
    <skipped/>
  </testcase> <!-- TC05_ASE_FirmFlow -->
  <testcase name="TC05_ASE_FirmFlow" time="0.001" classname="com.att.myprice.testcases.TC05_ASE_Firm_10GB_ErateN">
    <skipped/>
  </testcase> <!-- TC05_ASE_FirmFlow -->
  <testcase name="TC05_ASE_FirmFlow" time="0.001" classname="com.att.myprice.testcases.TC05_ASE_Firm_10GB_ErateN">
    <skipped/>
  </testcase> <!-- TC05_ASE_FirmFlow -->
  <testcase name="TC05_ASE_FirmFlow" time="0.001" classname="com.att.myprice.testcases.TC05_ASE_Firm_10GB_ErateN">
    <skipped/>
  </testcase> <!-- TC05_ASE_FirmFlow -->
  <testcase name="TC05_ASE_FirmFlow" time="0.001" classname="com.att.myprice.testcases.TC05_ASE_Firm_10GB_ErateN">
    <skipped/>
  </testcase> <!-- TC05_ASE_FirmFlow -->
  <testcase name="TC05_ASE_FirmFlow" time="0.001" classname="com.att.myprice.testcases.TC05_ASE_Firm_10GB_ErateN">
    <skipped/>
  </testcase> <!-- TC05_ASE_FirmFlow -->
  <testcase name="TC05_ASE_FirmFlow" time="0.001" classname="com.att.myprice.testcases.TC05_ASE_Firm_10GB_ErateN">
    <skipped/>
  </testcase> <!-- TC05_ASE_FirmFlow -->
  <testcase name="TC05_ASE_FirmFlow" time="0.001" classname="com.att.myprice.testcases.TC05_ASE_Firm_10GB_ErateN">
    <skipped/>
  </testcase> <!-- TC05_ASE_FirmFlow -->
  <testcase name="TC05_ASE_FirmFlow" time="0.001" classname="com.att.myprice.testcases.TC05_ASE_Firm_10GB_ErateN">
    <skipped/>
  </testcase> <!-- TC05_ASE_FirmFlow -->
  <testcase name="TC05_ASE_FirmFlow" time="0.000" classname="com.att.myprice.testcases.TC05_ASE_Firm_10GB_ErateN">
    <skipped/>
  </testcase> <!-- TC05_ASE_FirmFlow -->
  <testcase name="TC05_ASE_FirmFlow" time="0.002" classname="com.att.myprice.testcases.TC05_ASE_Firm_10GB_ErateN">
    <skipped/>
  </testcase> <!-- TC05_ASE_FirmFlow -->
  <testcase name="TC05_ASE_FirmFlow" time="0.032" classname="com.att.myprice.testcases.TC05_ASE_Firm_10GB_ErateN">
    <skipped/>
  </testcase> <!-- TC05_ASE_FirmFlow -->
  <testcase name="TC05_ASE_FirmFlow" time="0.000" classname="com.att.myprice.testcases.TC05_ASE_Firm_10GB_ErateN">
    <skipped/>
  </testcase> <!-- TC05_ASE_FirmFlow -->
  <testcase name="TC05_ASE_FirmFlow" time="0.011" classname="com.att.myprice.testcases.TC05_ASE_Firm_10GB_ErateN">
    <skipped/>
  </testcase> <!-- TC05_ASE_FirmFlow -->
  <testcase name="TC05_ASE_FirmFlow" time="0.001" classname="com.att.myprice.testcases.TC05_ASE_Firm_10GB_ErateN">
    <skipped/>
  </testcase> <!-- TC05_ASE_FirmFlow -->
  <testcase name="TC05_ASE_FirmFlow" time="0.001" classname="com.att.myprice.testcases.TC05_ASE_Firm_10GB_ErateN">
    <skipped/>
  </testcase> <!-- TC05_ASE_FirmFlow -->
  <testcase name="TC05_ASE_FirmFlow" time="0.000" classname="com.att.myprice.testcases.TC05_ASE_Firm_10GB_ErateN">
    <skipped/>
  </testcase> <!-- TC05_ASE_FirmFlow -->
  <testcase name="TC05_ASE_FirmFlow" time="0.000" classname="com.att.myprice.testcases.TC05_ASE_Firm_10GB_ErateN">
    <skipped/>
  </testcase> <!-- TC05_ASE_FirmFlow -->
  <testcase name="TC05_ASE_FirmFlow" time="0.001" classname="com.att.myprice.testcases.TC05_ASE_Firm_10GB_ErateN">
    <skipped/>
  </testcase> <!-- TC05_ASE_FirmFlow -->
  <testcase name="TC05_ASE_FirmFlow" time="0.001" classname="com.att.myprice.testcases.TC05_ASE_Firm_10GB_ErateN">
    <skipped/>
  </testcase> <!-- TC05_ASE_FirmFlow -->
  <testcase name="TC05_ASE_FirmFlow" time="0.001" classname="com.att.myprice.testcases.TC05_ASE_Firm_10GB_ErateN">
    <skipped/>
  </testcase> <!-- TC05_ASE_FirmFlow -->
  <testcase name="TC05_ASE_FirmFlow" time="0.001" classname="com.att.myprice.testcases.TC05_ASE_Firm_10GB_ErateN">
    <skipped/>
  </testcase> <!-- TC05_ASE_FirmFlow -->
  <testcase name="TC05_ASE_FirmFlow" time="0.001" classname="com.att.myprice.testcases.TC05_ASE_Firm_10GB_ErateN">
    <skipped/>
  </testcase> <!-- TC05_ASE_FirmFlow -->
  <testcase name="TC05_ASE_FirmFlow" time="0.000" classname="com.att.myprice.testcases.TC05_ASE_Firm_10GB_ErateN">
    <skipped/>
  </testcase> <!-- TC05_ASE_FirmFlow -->
  <testcase name="TC05_ASE_FirmFlow" time="0.000" classname="com.att.myprice.testcases.TC05_ASE_Firm_10GB_ErateN">
    <skipped/>
  </testcase> <!-- TC05_ASE_FirmFlow -->
  <testcase name="TC05_ASE_FirmFlow" time="0.000" classname="com.att.myprice.testcases.TC05_ASE_Firm_10GB_ErateN">
    <skipped/>
  </testcase> <!-- TC05_ASE_FirmFlow -->
  <testcase name="TC05_ASE_FirmFlow" time="0.001" classname="com.att.myprice.testcases.TC05_ASE_Firm_10GB_ErateN">
    <skipped/>
  </testcase> <!-- TC05_ASE_FirmFlow -->
  <testcase name="TC05_ASE_FirmFlow" time="0.001" classname="com.att.myprice.testcases.TC05_ASE_Firm_10GB_ErateN">
    <skipped/>
  </testcase> <!-- TC05_ASE_FirmFlow -->
  <testcase name="TC05_ASE_FirmFlow" time="0.001" classname="com.att.myprice.testcases.TC05_ASE_Firm_10GB_ErateN">
    <skipped/>
  </testcase> <!-- TC05_ASE_FirmFlow -->
  <testcase name="TC05_ASE_FirmFlow" time="0.001" classname="com.att.myprice.testcases.TC05_ASE_Firm_10GB_ErateN">
    <skipped/>
  </testcase> <!-- TC05_ASE_FirmFlow -->
  <testcase name="TC05_ASE_FirmFlow" time="0.001" classname="com.att.myprice.testcases.TC05_ASE_Firm_10GB_ErateN">
    <skipped/>
  </testcase> <!-- TC05_ASE_FirmFlow -->
  <testcase name="TC05_ASE_FirmFlow" time="0.001" classname="com.att.myprice.testcases.TC05_ASE_Firm_10GB_ErateN">
    <skipped/>
  </testcase> <!-- TC05_ASE_FirmFlow -->
  <testcase name="TC05_ASE_FirmFlow" time="0.001" classname="com.att.myprice.testcases.TC05_ASE_Firm_10GB_ErateN">
    <skipped/>
  </testcase> <!-- TC05_ASE_FirmFlow -->
  <testcase name="TC05_ASE_FirmFlow" time="0.001" classname="com.att.myprice.testcases.TC05_ASE_Firm_10GB_ErateN">
    <skipped/>
  </testcase> <!-- TC05_ASE_FirmFlow -->
  <testcase name="TC05_ASE_FirmFlow" time="0.001" classname="com.att.myprice.testcases.TC05_ASE_Firm_10GB_ErateN">
    <skipped/>
  </testcase> <!-- TC05_ASE_FirmFlow -->
  <testcase name="TC05_ASE_FirmFlow" time="0.001" classname="com.att.myprice.testcases.TC05_ASE_Firm_10GB_ErateN">
    <skipped/>
  </testcase> <!-- TC05_ASE_FirmFlow -->
  <testcase name="TC05_ASE_FirmFlow" time="0.002" classname="com.att.myprice.testcases.TC05_ASE_Firm_10GB_ErateN">
    <skipped/>
  </testcase> <!-- TC05_ASE_FirmFlow -->
  <testcase name="TC05_ASE_FirmFlow" time="0.001" classname="com.att.myprice.testcases.TC05_ASE_Firm_10GB_ErateN">
    <skipped/>
  </testcase> <!-- TC05_ASE_FirmFlow -->
  <testcase name="TC05_ASE_FirmFlow" time="0.002" classname="com.att.myprice.testcases.TC05_ASE_Firm_10GB_ErateN">
    <skipped/>
  </testcase> <!-- TC05_ASE_FirmFlow -->
  <testcase name="TC05_ASE_FirmFlow" time="0.000" classname="com.att.myprice.testcases.TC05_ASE_Firm_10GB_ErateN">
    <skipped/>
  </testcase> <!-- TC05_ASE_FirmFlow -->
  <testcase name="TC05_ASE_FirmFlow" time="0.000" classname="com.att.myprice.testcases.TC05_ASE_Firm_10GB_ErateN">
    <skipped/>
  </testcase> <!-- TC05_ASE_FirmFlow -->
  <testcase name="TC05_ASE_FirmFlow" time="0.000" classname="com.att.myprice.testcases.TC05_ASE_Firm_10GB_ErateN">
    <skipped/>
  </testcase> <!-- TC05_ASE_FirmFlow -->
  <testcase name="TC05_ASE_FirmFlow" time="0.000" classname="com.att.myprice.testcases.TC05_ASE_Firm_10GB_ErateN">
    <skipped/>
  </testcase> <!-- TC05_ASE_FirmFlow -->
  <testcase name="TC05_ASE_FirmFlow" time="0.000" classname="com.att.myprice.testcases.TC05_ASE_Firm_10GB_ErateN">
    <skipped/>
  </testcase> <!-- TC05_ASE_FirmFlow -->
  <testcase name="TC05_ASE_FirmFlow" time="0.435" classname="com.att.myprice.testcases.TC05_ASE_Firm_10GB_ErateN">
    <skipped/>
  </testcase> <!-- TC05_ASE_FirmFlow -->
  <testcase name="TC05_ASE_FirmFlow" time="0.001" classname="com.att.myprice.testcases.TC05_ASE_Firm_10GB_ErateN">
    <skipped/>
  </testcase> <!-- TC05_ASE_FirmFlow -->
  <testcase name="TC05_ASE_FirmFlow" time="0.001" classname="com.att.myprice.testcases.TC05_ASE_Firm_10GB_ErateN">
    <skipped/>
  </testcase> <!-- TC05_ASE_FirmFlow -->
  <testcase name="TC05_ASE_FirmFlow" time="0.001" classname="com.att.myprice.testcases.TC05_ASE_Firm_10GB_ErateN">
    <skipped/>
  </testcase> <!-- TC05_ASE_FirmFlow -->
  <testcase name="TC05_ASE_FirmFlow" time="0.001" classname="com.att.myprice.testcases.TC05_ASE_Firm_10GB_ErateN">
    <skipped/>
  </testcase> <!-- TC05_ASE_FirmFlow -->
  <testcase name="TC05_ASE_FirmFlow" time="0.001" classname="com.att.myprice.testcases.TC05_ASE_Firm_10GB_ErateN">
    <skipped/>
  </testcase> <!-- TC05_ASE_FirmFlow -->
  <testcase name="TC05_ASE_FirmFlow" time="0.000" classname="com.att.myprice.testcases.TC05_ASE_Firm_10GB_ErateN">
    <skipped/>
  </testcase> <!-- TC05_ASE_FirmFlow -->
  <testcase name="TC05_ASE_FirmFlow" time="0.001" classname="com.att.myprice.testcases.TC05_ASE_Firm_10GB_ErateN">
    <skipped/>
  </testcase> <!-- TC05_ASE_FirmFlow -->
  <testcase name="TC05_ASE_FirmFlow" time="0.001" classname="com.att.myprice.testcases.TC05_ASE_Firm_10GB_ErateN">
    <skipped/>
  </testcase> <!-- TC05_ASE_FirmFlow -->
  <testcase name="TC05_ASE_FirmFlow" time="0.002" classname="com.att.myprice.testcases.TC05_ASE_Firm_10GB_ErateN">
    <skipped/>
  </testcase> <!-- TC05_ASE_FirmFlow -->
  <testcase name="TC05_ASE_FirmFlow" time="0.000" classname="com.att.myprice.testcases.TC05_ASE_Firm_10GB_ErateN">
    <skipped/>
  </testcase> <!-- TC05_ASE_FirmFlow -->
  <testcase name="TC05_ASE_FirmFlow" time="0.001" classname="com.att.myprice.testcases.TC05_ASE_Firm_10GB_ErateN">
    <skipped/>
  </testcase> <!-- TC05_ASE_FirmFlow -->
  <testcase name="TC05_ASE_FirmFlow" time="0.001" classname="com.att.myprice.testcases.TC05_ASE_Firm_10GB_ErateN">
    <skipped/>
  </testcase> <!-- TC05_ASE_FirmFlow -->
  <testcase name="TC05_ASE_FirmFlow" time="0.000" classname="com.att.myprice.testcases.TC05_ASE_Firm_10GB_ErateN">
    <skipped/>
  </testcase> <!-- TC05_ASE_FirmFlow -->
  <testcase name="TC05_ASE_FirmFlow" time="0.000" classname="com.att.myprice.testcases.TC05_ASE_Firm_10GB_ErateN">
    <skipped/>
  </testcase> <!-- TC05_ASE_FirmFlow -->
  <testcase name="TC05_ASE_FirmFlow" time="0.049" classname="com.att.myprice.testcases.TC05_ASE_Firm_10GB_ErateN">
    <skipped/>
  </testcase> <!-- TC05_ASE_FirmFlow -->
  <testcase name="TC05_ASE_FirmFlow" time="0.001" classname="com.att.myprice.testcases.TC05_ASE_Firm_10GB_ErateN">
    <skipped/>
  </testcase> <!-- TC05_ASE_FirmFlow -->
  <testcase name="TC05_ASE_FirmFlow" time="0.001" classname="com.att.myprice.testcases.TC05_ASE_Firm_10GB_ErateN">
    <skipped/>
  </testcase> <!-- TC05_ASE_FirmFlow -->
  <testcase name="TC05_ASE_FirmFlow" time="0.001" classname="com.att.myprice.testcases.TC05_ASE_Firm_10GB_ErateN">
    <skipped/>
  </testcase> <!-- TC05_ASE_FirmFlow -->
  <testcase name="TC05_ASE_FirmFlow" time="0.001" classname="com.att.myprice.testcases.TC05_ASE_Firm_10GB_ErateN">
    <skipped/>
  </testcase> <!-- TC05_ASE_FirmFlow -->
  <testcase name="TC05_ASE_FirmFlow" time="0.001" classname="com.att.myprice.testcases.TC05_ASE_Firm_10GB_ErateN">
    <skipped/>
  </testcase> <!-- TC05_ASE_FirmFlow -->
  <testcase name="TC05_ASE_FirmFlow" time="0.000" classname="com.att.myprice.testcases.TC05_ASE_Firm_10GB_ErateN">
    <skipped/>
  </testcase> <!-- TC05_ASE_FirmFlow -->
  <testcase name="TC05_ASE_FirmFlow" time="0.001" classname="com.att.myprice.testcases.TC05_ASE_Firm_10GB_ErateN">
    <skipped/>
  </testcase> <!-- TC05_ASE_FirmFlow -->
  <testcase name="TC05_ASE_FirmFlow" time="0.001" classname="com.att.myprice.testcases.TC05_ASE_Firm_10GB_ErateN">
    <skipped/>
  </testcase> <!-- TC05_ASE_FirmFlow -->
  <testcase name="TC05_ASE_FirmFlow" time="0.001" classname="com.att.myprice.testcases.TC05_ASE_Firm_10GB_ErateN">
    <skipped/>
  </testcase> <!-- TC05_ASE_FirmFlow -->
  <testcase name="TC05_ASE_FirmFlow" time="0.000" classname="com.att.myprice.testcases.TC05_ASE_Firm_10GB_ErateN">
    <skipped/>
  </testcase> <!-- TC05_ASE_FirmFlow -->
  <testcase name="TC05_ASE_FirmFlow" time="0.001" classname="com.att.myprice.testcases.TC05_ASE_Firm_10GB_ErateN">
    <skipped/>
  </testcase> <!-- TC05_ASE_FirmFlow -->
  <testcase name="TC05_ASE_FirmFlow" time="0.009" classname="com.att.myprice.testcases.TC05_ASE_Firm_10GB_ErateN">
    <skipped/>
  </testcase> <!-- TC05_ASE_FirmFlow -->
  <testcase name="TC05_ASE_FirmFlow" time="0.001" classname="com.att.myprice.testcases.TC05_ASE_Firm_10GB_ErateN">
    <skipped/>
  </testcase> <!-- TC05_ASE_FirmFlow -->
  <testcase name="TC05_ASE_FirmFlow" time="0.001" classname="com.att.myprice.testcases.TC05_ASE_Firm_10GB_ErateN">
    <skipped/>
  </testcase> <!-- TC05_ASE_FirmFlow -->
  <testcase name="TC05_ASE_FirmFlow" time="0.001" classname="com.att.myprice.testcases.TC05_ASE_Firm_10GB_ErateN">
    <skipped/>
  </testcase> <!-- TC05_ASE_FirmFlow -->
  <testcase name="TC05_ASE_FirmFlow" time="0.001" classname="com.att.myprice.testcases.TC05_ASE_Firm_10GB_ErateN">
    <skipped/>
  </testcase> <!-- TC05_ASE_FirmFlow -->
  <testcase name="TC05_ASE_FirmFlow" time="0.000" classname="com.att.myprice.testcases.TC05_ASE_Firm_10GB_ErateN">
    <skipped/>
  </testcase> <!-- TC05_ASE_FirmFlow -->
  <testcase name="TC05_ASE_FirmFlow" time="0.000" classname="com.att.myprice.testcases.TC05_ASE_Firm_10GB_ErateN">
    <skipped/>
  </testcase> <!-- TC05_ASE_FirmFlow -->
  <testcase name="TC05_ASE_FirmFlow" time="0.000" classname="com.att.myprice.testcases.TC05_ASE_Firm_10GB_ErateN">
    <skipped/>
  </testcase> <!-- TC05_ASE_FirmFlow -->
  <testcase name="TC05_ASE_FirmFlow" time="0.000" classname="com.att.myprice.testcases.TC05_ASE_Firm_10GB_ErateN">
    <skipped/>
  </testcase> <!-- TC05_ASE_FirmFlow -->
  <testcase name="TC05_ASE_FirmFlow" time="0.000" classname="com.att.myprice.testcases.TC05_ASE_Firm_10GB_ErateN">
    <skipped/>
  </testcase> <!-- TC05_ASE_FirmFlow -->
  <testcase name="TC05_ASE_FirmFlow" time="0.000" classname="com.att.myprice.testcases.TC05_ASE_Firm_10GB_ErateN">
    <skipped/>
  </testcase> <!-- TC05_ASE_FirmFlow -->
  <testcase name="TC05_ASE_FirmFlow" time="0.001" classname="com.att.myprice.testcases.TC05_ASE_Firm_10GB_ErateN">
    <skipped/>
  </testcase> <!-- TC05_ASE_FirmFlow -->
  <testcase name="TC05_ASE_FirmFlow" time="0.000" classname="com.att.myprice.testcases.TC05_ASE_Firm_10GB_ErateN">
    <skipped/>
  </testcase> <!-- TC05_ASE_FirmFlow -->
  <testcase name="TC05_ASE_FirmFlow" time="0.000" classname="com.att.myprice.testcases.TC05_ASE_Firm_10GB_ErateN">
    <skipped/>
  </testcase> <!-- TC05_ASE_FirmFlow -->
  <testcase name="TC05_ASE_FirmFlow" time="0.001" classname="com.att.myprice.testcases.TC05_ASE_Firm_10GB_ErateN">
    <skipped/>
  </testcase> <!-- TC05_ASE_FirmFlow -->
  <testcase name="TC05_ASE_FirmFlow" time="0.001" classname="com.att.myprice.testcases.TC05_ASE_Firm_10GB_ErateN">
    <skipped/>
  </testcase> <!-- TC05_ASE_FirmFlow -->
  <testcase name="TC05_ASE_FirmFlow" time="0.001" classname="com.att.myprice.testcases.TC05_ASE_Firm_10GB_ErateN">
    <skipped/>
  </testcase> <!-- TC05_ASE_FirmFlow -->
  <testcase name="TC05_ASE_FirmFlow" time="0.000" classname="com.att.myprice.testcases.TC05_ASE_Firm_10GB_ErateN">
    <skipped/>
  </testcase> <!-- TC05_ASE_FirmFlow -->
  <testcase name="TC05_ASE_FirmFlow" time="0.262" classname="com.att.myprice.testcases.TC05_ASE_Firm_10GB_ErateN">
    <skipped/>
  </testcase> <!-- TC05_ASE_FirmFlow -->
  <testcase name="TC05_ASE_FirmFlow" time="0.000" classname="com.att.myprice.testcases.TC05_ASE_Firm_10GB_ErateN">
    <skipped/>
  </testcase> <!-- TC05_ASE_FirmFlow -->
  <testcase name="TC05_ASE_FirmFlow" time="0.001" classname="com.att.myprice.testcases.TC05_ASE_Firm_10GB_ErateN">
    <skipped/>
  </testcase> <!-- TC05_ASE_FirmFlow -->
  <testcase name="TC05_ASE_FirmFlow" time="0.000" classname="com.att.myprice.testcases.TC05_ASE_Firm_10GB_ErateN">
    <skipped/>
  </testcase> <!-- TC05_ASE_FirmFlow -->
  <testcase name="TC05_ASE_FirmFlow" time="0.001" classname="com.att.myprice.testcases.TC05_ASE_Firm_10GB_ErateN">
    <skipped/>
  </testcase> <!-- TC05_ASE_FirmFlow -->
  <testcase name="TC05_ASE_FirmFlow" time="0.000" classname="com.att.myprice.testcases.TC05_ASE_Firm_10GB_ErateN">
    <skipped/>
  </testcase> <!-- TC05_ASE_FirmFlow -->
  <testcase name="TC05_ASE_FirmFlow" time="0.001" classname="com.att.myprice.testcases.TC05_ASE_Firm_10GB_ErateN">
    <skipped/>
  </testcase> <!-- TC05_ASE_FirmFlow -->
  <testcase name="TC05_ASE_FirmFlow" time="0.001" classname="com.att.myprice.testcases.TC05_ASE_Firm_10GB_ErateN">
    <skipped/>
  </testcase> <!-- TC05_ASE_FirmFlow -->
  <testcase name="TC05_ASE_FirmFlow" time="0.001" classname="com.att.myprice.testcases.TC05_ASE_Firm_10GB_ErateN">
    <skipped/>
  </testcase> <!-- TC05_ASE_FirmFlow -->
  <testcase name="TC05_ASE_FirmFlow" time="0.000" classname="com.att.myprice.testcases.TC05_ASE_Firm_10GB_ErateN">
    <skipped/>
  </testcase> <!-- TC05_ASE_FirmFlow -->
  <testcase name="TC05_ASE_FirmFlow" time="0.000" classname="com.att.myprice.testcases.TC05_ASE_Firm_10GB_ErateN">
    <skipped/>
  </testcase> <!-- TC05_ASE_FirmFlow -->
  <testcase name="TC05_ASE_FirmFlow" time="0.000" classname="com.att.myprice.testcases.TC05_ASE_Firm_10GB_ErateN">
    <skipped/>
  </testcase> <!-- TC05_ASE_FirmFlow -->
  <testcase name="TC05_ASE_FirmFlow" time="0.001" classname="com.att.myprice.testcases.TC05_ASE_Firm_10GB_ErateN">
    <skipped/>
  </testcase> <!-- TC05_ASE_FirmFlow -->
  <testcase name="TC05_ASE_FirmFlow" time="0.001" classname="com.att.myprice.testcases.TC05_ASE_Firm_10GB_ErateN">
    <skipped/>
  </testcase> <!-- TC05_ASE_FirmFlow -->
  <testcase name="TC05_ASE_FirmFlow" time="0.002" classname="com.att.myprice.testcases.TC05_ASE_Firm_10GB_ErateN">
    <skipped/>
  </testcase> <!-- TC05_ASE_FirmFlow -->
  <testcase name="TC05_ASE_FirmFlow" time="0.001" classname="com.att.myprice.testcases.TC05_ASE_Firm_10GB_ErateN">
    <skipped/>
  </testcase> <!-- TC05_ASE_FirmFlow -->
  <testcase name="TC05_ASE_FirmFlow" time="0.000" classname="com.att.myprice.testcases.TC05_ASE_Firm_10GB_ErateN">
    <skipped/>
  </testcase> <!-- TC05_ASE_FirmFlow -->
  <testcase name="TC05_ASE_FirmFlow" time="0.001" classname="com.att.myprice.testcases.TC05_ASE_Firm_10GB_ErateN">
    <skipped/>
  </testcase> <!-- TC05_ASE_FirmFlow -->
  <testcase name="TC05_ASE_FirmFlow" time="0.001" classname="com.att.myprice.testcases.TC05_ASE_Firm_10GB_ErateN">
    <skipped/>
  </testcase> <!-- TC05_ASE_FirmFlow -->
  <testcase name="TC05_ASE_FirmFlow" time="0.015" classname="com.att.myprice.testcases.TC05_ASE_Firm_10GB_ErateN">
    <skipped/>
  </testcase> <!-- TC05_ASE_FirmFlow -->
  <testcase name="TC05_ASE_FirmFlow" time="0.001" classname="com.att.myprice.testcases.TC05_ASE_Firm_10GB_ErateN">
    <skipped/>
  </testcase> <!-- TC05_ASE_FirmFlow -->
  <testcase name="TC05_ASE_FirmFlow" time="0.001" classname="com.att.myprice.testcases.TC05_ASE_Firm_10GB_ErateN">
    <skipped/>
  </testcase> <!-- TC05_ASE_FirmFlow -->
  <testcase name="TC05_ASE_FirmFlow" time="0.001" classname="com.att.myprice.testcases.TC05_ASE_Firm_10GB_ErateN">
    <skipped/>
  </testcase> <!-- TC05_ASE_FirmFlow -->
  <testcase name="TC05_ASE_FirmFlow" time="0.000" classname="com.att.myprice.testcases.TC05_ASE_Firm_10GB_ErateN">
    <skipped/>
  </testcase> <!-- TC05_ASE_FirmFlow -->
  <testcase name="TC05_ASE_FirmFlow" time="0.001" classname="com.att.myprice.testcases.TC05_ASE_Firm_10GB_ErateN">
    <skipped/>
  </testcase> <!-- TC05_ASE_FirmFlow -->
  <testcase name="TC05_ASE_FirmFlow" time="0.000" classname="com.att.myprice.testcases.TC05_ASE_Firm_10GB_ErateN">
    <skipped/>
  </testcase> <!-- TC05_ASE_FirmFlow -->
  <testcase name="TC05_ASE_FirmFlow" time="0.000" classname="com.att.myprice.testcases.TC05_ASE_Firm_10GB_ErateN">
    <skipped/>
  </testcase> <!-- TC05_ASE_FirmFlow -->
  <testcase name="TC05_ASE_FirmFlow" time="0.001" classname="com.att.myprice.testcases.TC05_ASE_Firm_10GB_ErateN">
    <skipped/>
  </testcase> <!-- TC05_ASE_FirmFlow -->
  <testcase name="TC05_ASE_FirmFlow" time="0.001" classname="com.att.myprice.testcases.TC05_ASE_Firm_10GB_ErateN">
    <skipped/>
  </testcase> <!-- TC05_ASE_FirmFlow -->
  <testcase name="TC05_ASE_FirmFlow" time="0.001" classname="com.att.myprice.testcases.TC05_ASE_Firm_10GB_ErateN">
    <skipped/>
  </testcase> <!-- TC05_ASE_FirmFlow -->
  <testcase name="TC05_ASE_FirmFlow" time="0.002" classname="com.att.myprice.testcases.TC05_ASE_Firm_10GB_ErateN">
    <skipped/>
  </testcase> <!-- TC05_ASE_FirmFlow -->
  <testcase name="TC05_ASE_FirmFlow" time="0.009" classname="com.att.myprice.testcases.TC05_ASE_Firm_10GB_ErateN">
    <skipped/>
  </testcase> <!-- TC05_ASE_FirmFlow -->
  <testcase name="TC05_ASE_FirmFlow" time="0.000" classname="com.att.myprice.testcases.TC05_ASE_Firm_10GB_ErateN">
    <skipped/>
  </testcase> <!-- TC05_ASE_FirmFlow -->
  <testcase name="TC05_ASE_FirmFlow" time="0.001" classname="com.att.myprice.testcases.TC05_ASE_Firm_10GB_ErateN">
    <skipped/>
  </testcase> <!-- TC05_ASE_FirmFlow -->
  <testcase name="TC05_ASE_FirmFlow" time="0.005" classname="com.att.myprice.testcases.TC05_ASE_Firm_10GB_ErateN">
    <skipped/>
  </testcase> <!-- TC05_ASE_FirmFlow -->
  <testcase name="TC05_ASE_FirmFlow" time="0.000" classname="com.att.myprice.testcases.TC05_ASE_Firm_10GB_ErateN">
    <skipped/>
  </testcase> <!-- TC05_ASE_FirmFlow -->
  <testcase name="TC05_ASE_FirmFlow" time="0.001" classname="com.att.myprice.testcases.TC05_ASE_Firm_10GB_ErateN">
    <skipped/>
  </testcase> <!-- TC05_ASE_FirmFlow -->
  <testcase name="TC05_ASE_FirmFlow" time="0.001" classname="com.att.myprice.testcases.TC05_ASE_Firm_10GB_ErateN">
    <skipped/>
  </testcase> <!-- TC05_ASE_FirmFlow -->
  <testcase name="TC05_ASE_FirmFlow" time="0.001" classname="com.att.myprice.testcases.TC05_ASE_Firm_10GB_ErateN">
    <skipped/>
  </testcase> <!-- TC05_ASE_FirmFlow -->
  <testcase name="TC05_ASE_FirmFlow" time="0.000" classname="com.att.myprice.testcases.TC05_ASE_Firm_10GB_ErateN">
    <skipped/>
  </testcase> <!-- TC05_ASE_FirmFlow -->
  <testcase name="TC05_ASE_FirmFlow" time="0.001" classname="com.att.myprice.testcases.TC05_ASE_Firm_10GB_ErateN">
    <skipped/>
  </testcase> <!-- TC05_ASE_FirmFlow -->
  <testcase name="TC05_ASE_FirmFlow" time="0.001" classname="com.att.myprice.testcases.TC05_ASE_Firm_10GB_ErateN">
    <skipped/>
  </testcase> <!-- TC05_ASE_FirmFlow -->
  <testcase name="TC05_ASE_FirmFlow" time="0.000" classname="com.att.myprice.testcases.TC05_ASE_Firm_10GB_ErateN">
    <skipped/>
  </testcase> <!-- TC05_ASE_FirmFlow -->
  <testcase name="TC05_ASE_FirmFlow" time="0.000" classname="com.att.myprice.testcases.TC05_ASE_Firm_10GB_ErateN">
    <skipped/>
  </testcase> <!-- TC05_ASE_FirmFlow -->
  <testcase name="TC05_ASE_FirmFlow" time="0.001" classname="com.att.myprice.testcases.TC05_ASE_Firm_10GB_ErateN">
    <skipped/>
  </testcase> <!-- TC05_ASE_FirmFlow -->
  <testcase name="TC05_ASE_FirmFlow" time="0.000" classname="com.att.myprice.testcases.TC05_ASE_Firm_10GB_ErateN">
    <skipped/>
  </testcase> <!-- TC05_ASE_FirmFlow -->
  <testcase name="TC05_ASE_FirmFlow" time="0.001" classname="com.att.myprice.testcases.TC05_ASE_Firm_10GB_ErateN">
    <skipped/>
  </testcase> <!-- TC05_ASE_FirmFlow -->
  <testcase name="TC05_ASE_FirmFlow" time="0.000" classname="com.att.myprice.testcases.TC05_ASE_Firm_10GB_ErateN">
    <skipped/>
  </testcase> <!-- TC05_ASE_FirmFlow -->
  <testcase name="TC05_ASE_FirmFlow" time="0.001" classname="com.att.myprice.testcases.TC05_ASE_Firm_10GB_ErateN">
    <skipped/>
  </testcase> <!-- TC05_ASE_FirmFlow -->
  <testcase name="TC05_ASE_FirmFlow" time="0.368" classname="com.att.myprice.testcases.TC05_ASE_Firm_10GB_ErateN">
    <skipped/>
  </testcase> <!-- TC05_ASE_FirmFlow -->
  <testcase name="TC05_ASE_FirmFlow" time="0.001" classname="com.att.myprice.testcases.TC05_ASE_Firm_10GB_ErateN">
    <skipped/>
  </testcase> <!-- TC05_ASE_FirmFlow -->
  <testcase name="TC05_ASE_FirmFlow" time="0.001" classname="com.att.myprice.testcases.TC05_ASE_Firm_10GB_ErateN">
    <skipped/>
  </testcase> <!-- TC05_ASE_FirmFlow -->
  <testcase name="TC05_ASE_FirmFlow" time="0.001" classname="com.att.myprice.testcases.TC05_ASE_Firm_10GB_ErateN">
    <skipped/>
  </testcase> <!-- TC05_ASE_FirmFlow -->
  <testcase name="TC05_ASE_FirmFlow" time="0.001" classname="com.att.myprice.testcases.TC05_ASE_Firm_10GB_ErateN">
    <skipped/>
  </testcase> <!-- TC05_ASE_FirmFlow -->
  <testcase name="TC05_ASE_FirmFlow" time="0.001" classname="com.att.myprice.testcases.TC05_ASE_Firm_10GB_ErateN">
    <skipped/>
  </testcase> <!-- TC05_ASE_FirmFlow -->
  <testcase name="TC05_ASE_FirmFlow" time="0.001" classname="com.att.myprice.testcases.TC05_ASE_Firm_10GB_ErateN">
    <skipped/>
  </testcase> <!-- TC05_ASE_FirmFlow -->
  <testcase name="TC05_ASE_FirmFlow" time="0.001" classname="com.att.myprice.testcases.TC05_ASE_Firm_10GB_ErateN">
    <skipped/>
  </testcase> <!-- TC05_ASE_FirmFlow -->
  <testcase name="TC05_ASE_FirmFlow" time="0.000" classname="com.att.myprice.testcases.TC05_ASE_Firm_10GB_ErateN">
    <skipped/>
  </testcase> <!-- TC05_ASE_FirmFlow -->
  <testcase name="TC05_ASE_FirmFlow" time="0.001" classname="com.att.myprice.testcases.TC05_ASE_Firm_10GB_ErateN">
    <skipped/>
  </testcase> <!-- TC05_ASE_FirmFlow -->
  <testcase name="TC05_ASE_FirmFlow" time="0.001" classname="com.att.myprice.testcases.TC05_ASE_Firm_10GB_ErateN">
    <skipped/>
  </testcase> <!-- TC05_ASE_FirmFlow -->
  <testcase name="TC05_ASE_FirmFlow" time="0.001" classname="com.att.myprice.testcases.TC05_ASE_Firm_10GB_ErateN">
    <skipped/>
  </testcase> <!-- TC05_ASE_FirmFlow -->
  <testcase name="TC05_ASE_FirmFlow" time="0.000" classname="com.att.myprice.testcases.TC05_ASE_Firm_10GB_ErateN">
    <skipped/>
  </testcase> <!-- TC05_ASE_FirmFlow -->
  <testcase name="TC05_ASE_FirmFlow" time="0.000" classname="com.att.myprice.testcases.TC05_ASE_Firm_10GB_ErateN">
    <skipped/>
  </testcase> <!-- TC05_ASE_FirmFlow -->
  <testcase name="TC05_ASE_FirmFlow" time="0.001" classname="com.att.myprice.testcases.TC05_ASE_Firm_10GB_ErateN">
    <skipped/>
  </testcase> <!-- TC05_ASE_FirmFlow -->
  <testcase name="TC05_ASE_FirmFlow" time="0.001" classname="com.att.myprice.testcases.TC05_ASE_Firm_10GB_ErateN">
    <skipped/>
  </testcase> <!-- TC05_ASE_FirmFlow -->
  <testcase name="TC05_ASE_FirmFlow" time="0.001" classname="com.att.myprice.testcases.TC05_ASE_Firm_10GB_ErateN">
    <skipped/>
  </testcase> <!-- TC05_ASE_FirmFlow -->
  <testcase name="TC05_ASE_FirmFlow" time="0.001" classname="com.att.myprice.testcases.TC05_ASE_Firm_10GB_ErateN">
    <skipped/>
  </testcase> <!-- TC05_ASE_FirmFlow -->
  <testcase name="TC05_ASE_FirmFlow" time="0.001" classname="com.att.myprice.testcases.TC05_ASE_Firm_10GB_ErateN">
    <skipped/>
  </testcase> <!-- TC05_ASE_FirmFlow -->
  <testcase name="TC05_ASE_FirmFlow" time="0.000" classname="com.att.myprice.testcases.TC05_ASE_Firm_10GB_ErateN">
    <skipped/>
  </testcase> <!-- TC05_ASE_FirmFlow -->
  <testcase name="TC05_ASE_FirmFlow" time="0.000" classname="com.att.myprice.testcases.TC05_ASE_Firm_10GB_ErateN">
    <skipped/>
  </testcase> <!-- TC05_ASE_FirmFlow -->
  <testcase name="TC05_ASE_FirmFlow" time="0.001" classname="com.att.myprice.testcases.TC05_ASE_Firm_10GB_ErateN">
    <skipped/>
  </testcase> <!-- TC05_ASE_FirmFlow -->
  <testcase name="TC05_ASE_FirmFlow" time="0.001" classname="com.att.myprice.testcases.TC05_ASE_Firm_10GB_ErateN">
    <skipped/>
  </testcase> <!-- TC05_ASE_FirmFlow -->
  <testcase name="TC05_ASE_FirmFlow" time="0.000" classname="com.att.myprice.testcases.TC05_ASE_Firm_10GB_ErateN">
    <skipped/>
  </testcase> <!-- TC05_ASE_FirmFlow -->
  <testcase name="TC05_ASE_FirmFlow" time="0.001" classname="com.att.myprice.testcases.TC05_ASE_Firm_10GB_ErateN">
    <skipped/>
  </testcase> <!-- TC05_ASE_FirmFlow -->
  <testcase name="TC05_ASE_FirmFlow" time="0.001" classname="com.att.myprice.testcases.TC05_ASE_Firm_10GB_ErateN">
    <skipped/>
  </testcase> <!-- TC05_ASE_FirmFlow -->
  <testcase name="TC05_ASE_FirmFlow" time="0.000" classname="com.att.myprice.testcases.TC05_ASE_Firm_10GB_ErateN">
    <skipped/>
  </testcase> <!-- TC05_ASE_FirmFlow -->
  <testcase name="TC05_ASE_FirmFlow" time="0.001" classname="com.att.myprice.testcases.TC05_ASE_Firm_10GB_ErateN">
    <skipped/>
  </testcase> <!-- TC05_ASE_FirmFlow -->
  <testcase name="TC05_ASE_FirmFlow" time="0.000" classname="com.att.myprice.testcases.TC05_ASE_Firm_10GB_ErateN">
    <skipped/>
  </testcase> <!-- TC05_ASE_FirmFlow -->
  <testcase name="TC05_ASE_FirmFlow" time="0.000" classname="com.att.myprice.testcases.TC05_ASE_Firm_10GB_ErateN">
    <skipped/>
  </testcase> <!-- TC05_ASE_FirmFlow -->
  <testcase name="TC05_ASE_FirmFlow" time="0.001" classname="com.att.myprice.testcases.TC05_ASE_Firm_10GB_ErateN">
    <skipped/>
  </testcase> <!-- TC05_ASE_FirmFlow -->
  <testcase name="TC05_ASE_FirmFlow" time="0.001" classname="com.att.myprice.testcases.TC05_ASE_Firm_10GB_ErateN">
    <skipped/>
  </testcase> <!-- TC05_ASE_FirmFlow -->
  <testcase name="TC05_ASE_FirmFlow" time="0.001" classname="com.att.myprice.testcases.TC05_ASE_Firm_10GB_ErateN">
    <skipped/>
  </testcase> <!-- TC05_ASE_FirmFlow -->
  <testcase name="TC05_ASE_FirmFlow" time="0.000" classname="com.att.myprice.testcases.TC05_ASE_Firm_10GB_ErateN">
    <skipped/>
  </testcase> <!-- TC05_ASE_FirmFlow -->
  <testcase name="TC05_ASE_FirmFlow" time="0.001" classname="com.att.myprice.testcases.TC05_ASE_Firm_10GB_ErateN">
    <skipped/>
  </testcase> <!-- TC05_ASE_FirmFlow -->
  <testcase name="TC05_ASE_FirmFlow" time="0.001" classname="com.att.myprice.testcases.TC05_ASE_Firm_10GB_ErateN">
    <skipped/>
  </testcase> <!-- TC05_ASE_FirmFlow -->
  <testcase name="TC05_ASE_FirmFlow" time="0.001" classname="com.att.myprice.testcases.TC05_ASE_Firm_10GB_ErateN">
    <skipped/>
  </testcase> <!-- TC05_ASE_FirmFlow -->
  <testcase name="TC05_ASE_FirmFlow" time="0.001" classname="com.att.myprice.testcases.TC05_ASE_Firm_10GB_ErateN">
    <skipped/>
  </testcase> <!-- TC05_ASE_FirmFlow -->
  <testcase name="TC05_ASE_FirmFlow" time="0.001" classname="com.att.myprice.testcases.TC05_ASE_Firm_10GB_ErateN">
    <skipped/>
  </testcase> <!-- TC05_ASE_FirmFlow -->
  <testcase name="TC05_ASE_FirmFlow" time="0.000" classname="com.att.myprice.testcases.TC05_ASE_Firm_10GB_ErateN">
    <skipped/>
  </testcase> <!-- TC05_ASE_FirmFlow -->
  <testcase name="TC05_ASE_FirmFlow" time="0.000" classname="com.att.myprice.testcases.TC05_ASE_Firm_10GB_ErateN">
    <skipped/>
  </testcase> <!-- TC05_ASE_FirmFlow -->
  <testcase name="TC05_ASE_FirmFlow" time="0.001" classname="com.att.myprice.testcases.TC05_ASE_Firm_10GB_ErateN">
    <skipped/>
  </testcase> <!-- TC05_ASE_FirmFlow -->
  <testcase name="TC05_ASE_FirmFlow" time="0.001" classname="com.att.myprice.testcases.TC05_ASE_Firm_10GB_ErateN">
    <skipped/>
  </testcase> <!-- TC05_ASE_FirmFlow -->
  <testcase name="TC05_ASE_FirmFlow" time="0.000" classname="com.att.myprice.testcases.TC05_ASE_Firm_10GB_ErateN">
    <skipped/>
  </testcase> <!-- TC05_ASE_FirmFlow -->
  <testcase name="TC05_ASE_FirmFlow" time="0.000" classname="com.att.myprice.testcases.TC05_ASE_Firm_10GB_ErateN">
    <skipped/>
  </testcase> <!-- TC05_ASE_FirmFlow -->
  <testcase name="TC05_ASE_FirmFlow" time="0.001" classname="com.att.myprice.testcases.TC05_ASE_Firm_10GB_ErateN">
    <skipped/>
  </testcase> <!-- TC05_ASE_FirmFlow -->
  <testcase name="TC05_ASE_FirmFlow" time="0.000" classname="com.att.myprice.testcases.TC05_ASE_Firm_10GB_ErateN">
    <skipped/>
  </testcase> <!-- TC05_ASE_FirmFlow -->
  <testcase name="TC05_ASE_FirmFlow" time="0.001" classname="com.att.myprice.testcases.TC05_ASE_Firm_10GB_ErateN">
    <skipped/>
  </testcase> <!-- TC05_ASE_FirmFlow -->
  <testcase name="TC05_ASE_FirmFlow" time="0.001" classname="com.att.myprice.testcases.TC05_ASE_Firm_10GB_ErateN">
    <skipped/>
  </testcase> <!-- TC05_ASE_FirmFlow -->
  <testcase name="TC05_ASE_FirmFlow" time="0.000" classname="com.att.myprice.testcases.TC05_ASE_Firm_10GB_ErateN">
    <skipped/>
  </testcase> <!-- TC05_ASE_FirmFlow -->
  <testcase name="TC05_ASE_FirmFlow" time="0.001" classname="com.att.myprice.testcases.TC05_ASE_Firm_10GB_ErateN">
    <skipped/>
  </testcase> <!-- TC05_ASE_FirmFlow -->
  <testcase name="TC05_ASE_FirmFlow" time="0.000" classname="com.att.myprice.testcases.TC05_ASE_Firm_10GB_ErateN">
    <skipped/>
  </testcase> <!-- TC05_ASE_FirmFlow -->
  <testcase name="TC05_ASE_FirmFlow" time="0.001" classname="com.att.myprice.testcases.TC05_ASE_Firm_10GB_ErateN">
    <skipped/>
  </testcase> <!-- TC05_ASE_FirmFlow -->
  <testcase name="TC05_ASE_FirmFlow" time="0.001" classname="com.att.myprice.testcases.TC05_ASE_Firm_10GB_ErateN">
    <skipped/>
  </testcase> <!-- TC05_ASE_FirmFlow -->
  <testcase name="TC05_ASE_FirmFlow" time="0.001" classname="com.att.myprice.testcases.TC05_ASE_Firm_10GB_ErateN">
    <skipped/>
  </testcase> <!-- TC05_ASE_FirmFlow -->
  <testcase name="TC05_ASE_FirmFlow" time="0.001" classname="com.att.myprice.testcases.TC05_ASE_Firm_10GB_ErateN">
    <skipped/>
  </testcase> <!-- TC05_ASE_FirmFlow -->
  <testcase name="TC05_ASE_FirmFlow" time="0.000" classname="com.att.myprice.testcases.TC05_ASE_Firm_10GB_ErateN">
    <skipped/>
  </testcase> <!-- TC05_ASE_FirmFlow -->
  <testcase name="TC05_ASE_FirmFlow" time="0.001" classname="com.att.myprice.testcases.TC05_ASE_Firm_10GB_ErateN">
    <skipped/>
  </testcase> <!-- TC05_ASE_FirmFlow -->
  <testcase name="TC05_ASE_FirmFlow" time="0.001" classname="com.att.myprice.testcases.TC05_ASE_Firm_10GB_ErateN">
    <skipped/>
  </testcase> <!-- TC05_ASE_FirmFlow -->
  <testcase name="TC05_ASE_FirmFlow" time="0.001" classname="com.att.myprice.testcases.TC05_ASE_Firm_10GB_ErateN">
    <skipped/>
  </testcase> <!-- TC05_ASE_FirmFlow -->
  <testcase name="TC05_ASE_FirmFlow" time="0.001" classname="com.att.myprice.testcases.TC05_ASE_Firm_10GB_ErateN">
    <skipped/>
  </testcase> <!-- TC05_ASE_FirmFlow -->
  <testcase name="TC05_ASE_FirmFlow" time="0.001" classname="com.att.myprice.testcases.TC05_ASE_Firm_10GB_ErateN">
    <skipped/>
  </testcase> <!-- TC05_ASE_FirmFlow -->
  <testcase name="TC05_ASE_FirmFlow" time="0.001" classname="com.att.myprice.testcases.TC05_ASE_Firm_10GB_ErateN">
    <skipped/>
  </testcase> <!-- TC05_ASE_FirmFlow -->
  <testcase name="TC05_ASE_FirmFlow" time="0.001" classname="com.att.myprice.testcases.TC05_ASE_Firm_10GB_ErateN">
    <skipped/>
  </testcase> <!-- TC05_ASE_FirmFlow -->
  <testcase name="TC05_ASE_FirmFlow" time="0.001" classname="com.att.myprice.testcases.TC05_ASE_Firm_10GB_ErateN">
    <skipped/>
  </testcase> <!-- TC05_ASE_FirmFlow -->
  <testcase name="TC05_ASE_FirmFlow" time="0.001" classname="com.att.myprice.testcases.TC05_ASE_Firm_10GB_ErateN">
    <skipped/>
  </testcase> <!-- TC05_ASE_FirmFlow -->
  <testcase name="TC05_ASE_FirmFlow" time="0.001" classname="com.att.myprice.testcases.TC05_ASE_Firm_10GB_ErateN">
    <skipped/>
  </testcase> <!-- TC05_ASE_FirmFlow -->
  <testcase name="TC05_ASE_FirmFlow" time="0.000" classname="com.att.myprice.testcases.TC05_ASE_Firm_10GB_ErateN">
    <skipped/>
  </testcase> <!-- TC05_ASE_FirmFlow -->
  <testcase name="TC05_ASE_FirmFlow" time="0.000" classname="com.att.myprice.testcases.TC05_ASE_Firm_10GB_ErateN">
    <skipped/>
  </testcase> <!-- TC05_ASE_FirmFlow -->
  <testcase name="TC05_ASE_FirmFlow" time="0.001" classname="com.att.myprice.testcases.TC05_ASE_Firm_10GB_ErateN">
    <skipped/>
  </testcase> <!-- TC05_ASE_FirmFlow -->
  <testcase name="TC05_ASE_FirmFlow" time="0.000" classname="com.att.myprice.testcases.TC05_ASE_Firm_10GB_ErateN">
    <skipped/>
  </testcase> <!-- TC05_ASE_FirmFlow -->
  <testcase name="TC05_ASE_FirmFlow" time="0.000" classname="com.att.myprice.testcases.TC05_ASE_Firm_10GB_ErateN">
    <skipped/>
  </testcase> <!-- TC05_ASE_FirmFlow -->
  <testcase name="TC05_ASE_FirmFlow" time="0.001" classname="com.att.myprice.testcases.TC05_ASE_Firm_10GB_ErateN">
    <skipped/>
  </testcase> <!-- TC05_ASE_FirmFlow -->
  <testcase name="TC05_ASE_FirmFlow" time="0.011" classname="com.att.myprice.testcases.TC05_ASE_Firm_10GB_ErateN">
    <skipped/>
  </testcase> <!-- TC05_ASE_FirmFlow -->
  <testcase name="TC05_ASE_FirmFlow" time="0.001" classname="com.att.myprice.testcases.TC05_ASE_Firm_10GB_ErateN">
    <skipped/>
  </testcase> <!-- TC05_ASE_FirmFlow -->
  <testcase name="TC05_ASE_FirmFlow" time="0.001" classname="com.att.myprice.testcases.TC05_ASE_Firm_10GB_ErateN">
    <skipped/>
  </testcase> <!-- TC05_ASE_FirmFlow -->
  <testcase name="TC05_ASE_FirmFlow" time="0.001" classname="com.att.myprice.testcases.TC05_ASE_Firm_10GB_ErateN">
    <skipped/>
  </testcase> <!-- TC05_ASE_FirmFlow -->
  <testcase name="TC05_ASE_FirmFlow" time="0.001" classname="com.att.myprice.testcases.TC05_ASE_Firm_10GB_ErateN">
    <skipped/>
  </testcase> <!-- TC05_ASE_FirmFlow -->
  <testcase name="TC05_ASE_FirmFlow" time="0.000" classname="com.att.myprice.testcases.TC05_ASE_Firm_10GB_ErateN">
    <skipped/>
  </testcase> <!-- TC05_ASE_FirmFlow -->
  <testcase name="TC05_ASE_FirmFlow" time="0.001" classname="com.att.myprice.testcases.TC05_ASE_Firm_10GB_ErateN">
    <skipped/>
  </testcase> <!-- TC05_ASE_FirmFlow -->
  <testcase name="TC05_ASE_FirmFlow" time="0.001" classname="com.att.myprice.testcases.TC05_ASE_Firm_10GB_ErateN">
    <skipped/>
  </testcase> <!-- TC05_ASE_FirmFlow -->
  <testcase name="TC05_ASE_FirmFlow" time="0.001" classname="com.att.myprice.testcases.TC05_ASE_Firm_10GB_ErateN">
    <skipped/>
  </testcase> <!-- TC05_ASE_FirmFlow -->
  <testcase name="TC05_ASE_FirmFlow" time="0.000" classname="com.att.myprice.testcases.TC05_ASE_Firm_10GB_ErateN">
    <skipped/>
  </testcase> <!-- TC05_ASE_FirmFlow -->
  <testcase name="TC05_ASE_FirmFlow" time="0.007" classname="com.att.myprice.testcases.TC05_ASE_Firm_10GB_ErateN">
    <skipped/>
  </testcase> <!-- TC05_ASE_FirmFlow -->
  <testcase name="TC05_ASE_FirmFlow" time="0.001" classname="com.att.myprice.testcases.TC05_ASE_Firm_10GB_ErateN">
    <skipped/>
  </testcase> <!-- TC05_ASE_FirmFlow -->
  <testcase name="TC05_ASE_FirmFlow" time="0.001" classname="com.att.myprice.testcases.TC05_ASE_Firm_10GB_ErateN">
    <skipped/>
  </testcase> <!-- TC05_ASE_FirmFlow -->
  <testcase name="TC05_ASE_FirmFlow" time="0.000" classname="com.att.myprice.testcases.TC05_ASE_Firm_10GB_ErateN">
    <skipped/>
  </testcase> <!-- TC05_ASE_FirmFlow -->
  <testcase name="TC05_ASE_FirmFlow" time="0.000" classname="com.att.myprice.testcases.TC05_ASE_Firm_10GB_ErateN">
    <skipped/>
  </testcase> <!-- TC05_ASE_FirmFlow -->
  <testcase name="TC05_ASE_FirmFlow" time="0.000" classname="com.att.myprice.testcases.TC05_ASE_Firm_10GB_ErateN">
    <skipped/>
  </testcase> <!-- TC05_ASE_FirmFlow -->
  <testcase name="TC05_ASE_FirmFlow" time="0.000" classname="com.att.myprice.testcases.TC05_ASE_Firm_10GB_ErateN">
    <skipped/>
  </testcase> <!-- TC05_ASE_FirmFlow -->
  <testcase name="TC05_ASE_FirmFlow" time="0.037" classname="com.att.myprice.testcases.TC05_ASE_Firm_10GB_ErateN">
    <skipped/>
  </testcase> <!-- TC05_ASE_FirmFlow -->
  <testcase name="TC05_ASE_FirmFlow" time="0.000" classname="com.att.myprice.testcases.TC05_ASE_Firm_10GB_ErateN">
    <skipped/>
  </testcase> <!-- TC05_ASE_FirmFlow -->
  <testcase name="TC05_ASE_FirmFlow" time="0.001" classname="com.att.myprice.testcases.TC05_ASE_Firm_10GB_ErateN">
    <skipped/>
  </testcase> <!-- TC05_ASE_FirmFlow -->
  <testcase name="TC05_ASE_FirmFlow" time="0.001" classname="com.att.myprice.testcases.TC05_ASE_Firm_10GB_ErateN">
    <skipped/>
  </testcase> <!-- TC05_ASE_FirmFlow -->
  <testcase name="TC05_ASE_FirmFlow" time="0.001" classname="com.att.myprice.testcases.TC05_ASE_Firm_10GB_ErateN">
    <skipped/>
  </testcase> <!-- TC05_ASE_FirmFlow -->
  <testcase name="TC05_ASE_FirmFlow" time="0.012" classname="com.att.myprice.testcases.TC05_ASE_Firm_10GB_ErateN">
    <skipped/>
  </testcase> <!-- TC05_ASE_FirmFlow -->
  <testcase name="TC05_ASE_FirmFlow" time="0.001" classname="com.att.myprice.testcases.TC05_ASE_Firm_10GB_ErateN">
    <skipped/>
  </testcase> <!-- TC05_ASE_FirmFlow -->
  <testcase name="TC05_ASE_FirmFlow" time="0.000" classname="com.att.myprice.testcases.TC05_ASE_Firm_10GB_ErateN">
    <skipped/>
  </testcase> <!-- TC05_ASE_FirmFlow -->
  <testcase name="TC05_ASE_FirmFlow" time="0.001" classname="com.att.myprice.testcases.TC05_ASE_Firm_10GB_ErateN">
    <skipped/>
  </testcase> <!-- TC05_ASE_FirmFlow -->
  <testcase name="TC05_ASE_FirmFlow" time="0.001" classname="com.att.myprice.testcases.TC05_ASE_Firm_10GB_ErateN">
    <skipped/>
  </testcase> <!-- TC05_ASE_FirmFlow -->
  <testcase name="TC05_ASE_FirmFlow" time="0.001" classname="com.att.myprice.testcases.TC05_ASE_Firm_10GB_ErateN">
    <skipped/>
  </testcase> <!-- TC05_ASE_FirmFlow -->
  <testcase name="TC05_ASE_FirmFlow" time="0.001" classname="com.att.myprice.testcases.TC05_ASE_Firm_10GB_ErateN">
    <skipped/>
  </testcase> <!-- TC05_ASE_FirmFlow -->
  <testcase name="TC05_ASE_FirmFlow" time="0.001" classname="com.att.myprice.testcases.TC05_ASE_Firm_10GB_ErateN">
    <skipped/>
  </testcase> <!-- TC05_ASE_FirmFlow -->
  <testcase name="TC05_ASE_FirmFlow" time="0.001" classname="com.att.myprice.testcases.TC05_ASE_Firm_10GB_ErateN">
    <skipped/>
  </testcase> <!-- TC05_ASE_FirmFlow -->
  <testcase name="TC05_ASE_FirmFlow" time="0.000" classname="com.att.myprice.testcases.TC05_ASE_Firm_10GB_ErateN">
    <skipped/>
  </testcase> <!-- TC05_ASE_FirmFlow -->
  <testcase name="TC05_ASE_FirmFlow" time="0.001" classname="com.att.myprice.testcases.TC05_ASE_Firm_10GB_ErateN">
    <skipped/>
  </testcase> <!-- TC05_ASE_FirmFlow -->
  <testcase name="TC05_ASE_FirmFlow" time="0.001" classname="com.att.myprice.testcases.TC05_ASE_Firm_10GB_ErateN">
    <skipped/>
  </testcase> <!-- TC05_ASE_FirmFlow -->
  <testcase name="TC05_ASE_FirmFlow" time="0.001" classname="com.att.myprice.testcases.TC05_ASE_Firm_10GB_ErateN">
    <skipped/>
  </testcase> <!-- TC05_ASE_FirmFlow -->
  <testcase name="TC05_ASE_FirmFlow" time="0.001" classname="com.att.myprice.testcases.TC05_ASE_Firm_10GB_ErateN">
    <skipped/>
  </testcase> <!-- TC05_ASE_FirmFlow -->
  <testcase name="TC05_ASE_FirmFlow" time="0.000" classname="com.att.myprice.testcases.TC05_ASE_Firm_10GB_ErateN">
    <skipped/>
  </testcase> <!-- TC05_ASE_FirmFlow -->
  <testcase name="TC05_ASE_FirmFlow" time="0.001" classname="com.att.myprice.testcases.TC05_ASE_Firm_10GB_ErateN">
    <skipped/>
  </testcase> <!-- TC05_ASE_FirmFlow -->
  <testcase name="TC05_ASE_FirmFlow" time="0.019" classname="com.att.myprice.testcases.TC05_ASE_Firm_10GB_ErateN">
    <skipped/>
  </testcase> <!-- TC05_ASE_FirmFlow -->
  <testcase name="TC05_ASE_FirmFlow" time="0.000" classname="com.att.myprice.testcases.TC05_ASE_Firm_10GB_ErateN">
    <skipped/>
  </testcase> <!-- TC05_ASE_FirmFlow -->
  <testcase name="TC05_ASE_FirmFlow" time="0.001" classname="com.att.myprice.testcases.TC05_ASE_Firm_10GB_ErateN">
    <skipped/>
  </testcase> <!-- TC05_ASE_FirmFlow -->
  <testcase name="TC05_ASE_FirmFlow" time="0.001" classname="com.att.myprice.testcases.TC05_ASE_Firm_10GB_ErateN">
    <skipped/>
  </testcase> <!-- TC05_ASE_FirmFlow -->
  <testcase name="TC05_ASE_FirmFlow" time="0.000" classname="com.att.myprice.testcases.TC05_ASE_Firm_10GB_ErateN">
    <skipped/>
  </testcase> <!-- TC05_ASE_FirmFlow -->
  <testcase name="TC05_ASE_FirmFlow" time="0.008" classname="com.att.myprice.testcases.TC05_ASE_Firm_10GB_ErateN">
    <skipped/>
  </testcase> <!-- TC05_ASE_FirmFlow -->
  <testcase name="TC05_ASE_FirmFlow" time="0.003" classname="com.att.myprice.testcases.TC05_ASE_Firm_10GB_ErateN">
    <skipped/>
  </testcase> <!-- TC05_ASE_FirmFlow -->
  <testcase name="TC05_ASE_FirmFlow" time="0.000" classname="com.att.myprice.testcases.TC05_ASE_Firm_10GB_ErateN">
    <skipped/>
  </testcase> <!-- TC05_ASE_FirmFlow -->
  <testcase name="TC05_ASE_FirmFlow" time="0.000" classname="com.att.myprice.testcases.TC05_ASE_Firm_10GB_ErateN">
    <skipped/>
  </testcase> <!-- TC05_ASE_FirmFlow -->
  <testcase name="TC05_ASE_FirmFlow" time="0.001" classname="com.att.myprice.testcases.TC05_ASE_Firm_10GB_ErateN">
    <skipped/>
  </testcase> <!-- TC05_ASE_FirmFlow -->
  <testcase name="TC05_ASE_FirmFlow" time="0.001" classname="com.att.myprice.testcases.TC05_ASE_Firm_10GB_ErateN">
    <skipped/>
  </testcase> <!-- TC05_ASE_FirmFlow -->
  <testcase name="TC05_ASE_FirmFlow" time="0.001" classname="com.att.myprice.testcases.TC05_ASE_Firm_10GB_ErateN">
    <skipped/>
  </testcase> <!-- TC05_ASE_FirmFlow -->
  <testcase name="TC05_ASE_FirmFlow" time="0.014" classname="com.att.myprice.testcases.TC05_ASE_Firm_10GB_ErateN">
    <skipped/>
  </testcase> <!-- TC05_ASE_FirmFlow -->
  <testcase name="TC05_ASE_FirmFlow" time="0.000" classname="com.att.myprice.testcases.TC05_ASE_Firm_10GB_ErateN">
    <skipped/>
  </testcase> <!-- TC05_ASE_FirmFlow -->
  <testcase name="TC05_ASE_FirmFlow" time="0.001" classname="com.att.myprice.testcases.TC05_ASE_Firm_10GB_ErateN">
    <skipped/>
  </testcase> <!-- TC05_ASE_FirmFlow -->
  <testcase name="TC05_ASE_FirmFlow" time="0.000" classname="com.att.myprice.testcases.TC05_ASE_Firm_10GB_ErateN">
    <skipped/>
  </testcase> <!-- TC05_ASE_FirmFlow -->
  <testcase name="TC05_ASE_FirmFlow" time="0.001" classname="com.att.myprice.testcases.TC05_ASE_Firm_10GB_ErateN">
    <skipped/>
  </testcase> <!-- TC05_ASE_FirmFlow -->
  <testcase name="TC05_ASE_FirmFlow" time="0.001" classname="com.att.myprice.testcases.TC05_ASE_Firm_10GB_ErateN">
    <skipped/>
  </testcase> <!-- TC05_ASE_FirmFlow -->
  <testcase name="TC05_ASE_FirmFlow" time="0.001" classname="com.att.myprice.testcases.TC05_ASE_Firm_10GB_ErateN">
    <skipped/>
  </testcase> <!-- TC05_ASE_FirmFlow -->
  <testcase name="TC05_ASE_FirmFlow" time="0.001" classname="com.att.myprice.testcases.TC05_ASE_Firm_10GB_ErateN">
    <skipped/>
  </testcase> <!-- TC05_ASE_FirmFlow -->
  <testcase name="TC05_ASE_FirmFlow" time="0.003" classname="com.att.myprice.testcases.TC05_ASE_Firm_10GB_ErateN">
    <skipped/>
  </testcase> <!-- TC05_ASE_FirmFlow -->
  <testcase name="TC05_ASE_FirmFlow" time="0.001" classname="com.att.myprice.testcases.TC05_ASE_Firm_10GB_ErateN">
    <skipped/>
  </testcase> <!-- TC05_ASE_FirmFlow -->
  <testcase name="TC05_ASE_FirmFlow" time="0.001" classname="com.att.myprice.testcases.TC05_ASE_Firm_10GB_ErateN">
    <skipped/>
  </testcase> <!-- TC05_ASE_FirmFlow -->
  <testcase name="TC05_ASE_FirmFlow" time="0.008" classname="com.att.myprice.testcases.TC05_ASE_Firm_10GB_ErateN">
    <skipped/>
  </testcase> <!-- TC05_ASE_FirmFlow -->
  <testcase name="TC05_ASE_FirmFlow" time="0.001" classname="com.att.myprice.testcases.TC05_ASE_Firm_10GB_ErateN">
    <skipped/>
  </testcase> <!-- TC05_ASE_FirmFlow -->
  <testcase name="TC05_ASE_FirmFlow" time="0.001" classname="com.att.myprice.testcases.TC05_ASE_Firm_10GB_ErateN">
    <skipped/>
  </testcase> <!-- TC05_ASE_FirmFlow -->
  <testcase name="TC05_ASE_FirmFlow" time="0.001" classname="com.att.myprice.testcases.TC05_ASE_Firm_10GB_ErateN">
    <skipped/>
  </testcase> <!-- TC05_ASE_FirmFlow -->
  <testcase name="TC05_ASE_FirmFlow" time="0.001" classname="com.att.myprice.testcases.TC05_ASE_Firm_10GB_ErateN">
    <skipped/>
  </testcase> <!-- TC05_ASE_FirmFlow -->
  <testcase name="TC05_ASE_FirmFlow" time="0.000" classname="com.att.myprice.testcases.TC05_ASE_Firm_10GB_ErateN">
    <skipped/>
  </testcase> <!-- TC05_ASE_FirmFlow -->
  <testcase name="TC05_ASE_FirmFlow" time="0.000" classname="com.att.myprice.testcases.TC05_ASE_Firm_10GB_ErateN">
    <skipped/>
  </testcase> <!-- TC05_ASE_FirmFlow -->
</testsuite> <!-- com.att.myprice.testcases.TC05_ASE_Firm_10GB_ErateN -->
