<?xml version="1.0" encoding="UTF-8"?>
<!-- Generated by org.testng.reporters.JUnitReportReporter -->
<testsuite skipped="859" hostname="sramamo1" name="com.att.myprice.testcases.TC08_BudgetoryFlow" tests="860" failures="0" timestamp="20 Sep 2019 11:48:46 GMT" time="27.992" errors="1">
  <testcase name="TC08_ADE_BudgetoryFlow" time="0.000" classname="com.att.myprice.testcases.TC08_BudgetoryFlow">
    <skipped/>
  </testcase> <!-- TC08_ADE_BudgetoryFlow -->
  <testcase name="TC08_ADE_BudgetoryFlow" time="0.001" classname="com.att.myprice.testcases.TC08_BudgetoryFlow">
    <skipped/>
  </testcase> <!-- TC08_ADE_BudgetoryFlow -->
  <testcase name="TC08_ADE_BudgetoryFlow" time="0.001" classname="com.att.myprice.testcases.TC08_BudgetoryFlow">
    <skipped/>
  </testcase> <!-- TC08_ADE_BudgetoryFlow -->
  <testcase name="TC08_ADE_BudgetoryFlow" time="0.001" classname="com.att.myprice.testcases.TC08_BudgetoryFlow">
    <skipped/>
  </testcase> <!-- TC08_ADE_BudgetoryFlow -->
  <testcase name="TC08_ADE_BudgetoryFlow" time="0.002" classname="com.att.myprice.testcases.TC08_BudgetoryFlow">
    <skipped/>
  </testcase> <!-- TC08_ADE_BudgetoryFlow -->
  <testcase name="TC08_ADE_BudgetoryFlow" time="0.001" classname="com.att.myprice.testcases.TC08_BudgetoryFlow">
    <skipped/>
  </testcase> <!-- TC08_ADE_BudgetoryFlow -->
  <testcase name="TC08_ADE_BudgetoryFlow" time="0.001" classname="com.att.myprice.testcases.TC08_BudgetoryFlow">
    <skipped/>
  </testcase> <!-- TC08_ADE_BudgetoryFlow -->
  <testcase name="TC08_ADE_BudgetoryFlow" time="0.001" classname="com.att.myprice.testcases.TC08_BudgetoryFlow">
    <skipped/>
  </testcase> <!-- TC08_ADE_BudgetoryFlow -->
  <testcase name="TC08_ADE_BudgetoryFlow" time="0.000" classname="com.att.myprice.testcases.TC08_BudgetoryFlow">
    <skipped/>
  </testcase> <!-- TC08_ADE_BudgetoryFlow -->
  <testcase name="TC08_ADE_BudgetoryFlow" time="0.001" classname="com.att.myprice.testcases.TC08_BudgetoryFlow">
    <skipped/>
  </testcase> <!-- TC08_ADE_BudgetoryFlow -->
  <testcase name="TC08_ADE_BudgetoryFlow" time="0.000" classname="com.att.myprice.testcases.TC08_BudgetoryFlow">
    <skipped/>
  </testcase> <!-- TC08_ADE_BudgetoryFlow -->
  <testcase name="TC08_ADE_BudgetoryFlow" time="0.001" classname="com.att.myprice.testcases.TC08_BudgetoryFlow">
    <skipped/>
  </testcase> <!-- TC08_ADE_BudgetoryFlow -->
  <testcase name="TC08_ADE_BudgetoryFlow" time="0.001" classname="com.att.myprice.testcases.TC08_BudgetoryFlow">
    <skipped/>
  </testcase> <!-- TC08_ADE_BudgetoryFlow -->
  <testcase name="TC08_ADE_BudgetoryFlow" time="0.001" classname="com.att.myprice.testcases.TC08_BudgetoryFlow">
    <skipped/>
  </testcase> <!-- TC08_ADE_BudgetoryFlow -->
  <testcase name="TC08_ADE_BudgetoryFlow" time="0.001" classname="com.att.myprice.testcases.TC08_BudgetoryFlow">
    <skipped/>
  </testcase> <!-- TC08_ADE_BudgetoryFlow -->
  <testcase name="TC08_ADE_BudgetoryFlow" time="0.001" classname="com.att.myprice.testcases.TC08_BudgetoryFlow">
    <skipped/>
  </testcase> <!-- TC08_ADE_BudgetoryFlow -->
  <testcase name="TC08_ADE_BudgetoryFlow" time="0.001" classname="com.att.myprice.testcases.TC08_BudgetoryFlow">
    <skipped/>
  </testcase> <!-- TC08_ADE_BudgetoryFlow -->
  <testcase name="TC08_ADE_BudgetoryFlow" time="0.001" classname="com.att.myprice.testcases.TC08_BudgetoryFlow">
    <skipped/>
  </testcase> <!-- TC08_ADE_BudgetoryFlow -->
  <testcase name="TC08_ADE_BudgetoryFlow" time="0.001" classname="com.att.myprice.testcases.TC08_BudgetoryFlow">
    <skipped/>
  </testcase> <!-- TC08_ADE_BudgetoryFlow -->
  <testcase name="TC08_ADE_BudgetoryFlow" time="0.005" classname="com.att.myprice.testcases.TC08_BudgetoryFlow">
    <skipped/>
  </testcase> <!-- TC08_ADE_BudgetoryFlow -->
  <testcase name="TC08_ADE_BudgetoryFlow" time="0.001" classname="com.att.myprice.testcases.TC08_BudgetoryFlow">
    <skipped/>
  </testcase> <!-- TC08_ADE_BudgetoryFlow -->
  <testcase name="TC08_ADE_BudgetoryFlow" time="0.000" classname="com.att.myprice.testcases.TC08_BudgetoryFlow">
    <skipped/>
  </testcase> <!-- TC08_ADE_BudgetoryFlow -->
  <testcase name="TC08_ADE_BudgetoryFlow" time="0.001" classname="com.att.myprice.testcases.TC08_BudgetoryFlow">
    <skipped/>
  </testcase> <!-- TC08_ADE_BudgetoryFlow -->
  <testcase name="TC08_ADE_BudgetoryFlow" time="0.000" classname="com.att.myprice.testcases.TC08_BudgetoryFlow">
    <skipped/>
  </testcase> <!-- TC08_ADE_BudgetoryFlow -->
  <testcase name="TC08_ADE_BudgetoryFlow" time="0.001" classname="com.att.myprice.testcases.TC08_BudgetoryFlow">
    <skipped/>
  </testcase> <!-- TC08_ADE_BudgetoryFlow -->
  <testcase name="TC08_ADE_BudgetoryFlow" time="0.001" classname="com.att.myprice.testcases.TC08_BudgetoryFlow">
    <skipped/>
  </testcase> <!-- TC08_ADE_BudgetoryFlow -->
  <testcase name="TC08_ADE_BudgetoryFlow" time="0.001" classname="com.att.myprice.testcases.TC08_BudgetoryFlow">
    <skipped/>
  </testcase> <!-- TC08_ADE_BudgetoryFlow -->
  <testcase name="TC08_ADE_BudgetoryFlow" time="0.001" classname="com.att.myprice.testcases.TC08_BudgetoryFlow">
    <skipped/>
  </testcase> <!-- TC08_ADE_BudgetoryFlow -->
  <testcase name="TC08_ADE_BudgetoryFlow" time="0.000" classname="com.att.myprice.testcases.TC08_BudgetoryFlow">
    <skipped/>
  </testcase> <!-- TC08_ADE_BudgetoryFlow -->
  <testcase name="TC08_ADE_BudgetoryFlow" time="0.001" classname="com.att.myprice.testcases.TC08_BudgetoryFlow">
    <skipped/>
  </testcase> <!-- TC08_ADE_BudgetoryFlow -->
  <testcase name="TC08_ADE_BudgetoryFlow" time="0.001" classname="com.att.myprice.testcases.TC08_BudgetoryFlow">
    <skipped/>
  </testcase> <!-- TC08_ADE_BudgetoryFlow -->
  <testcase name="TC08_ADE_BudgetoryFlow" time="0.001" classname="com.att.myprice.testcases.TC08_BudgetoryFlow">
    <skipped/>
  </testcase> <!-- TC08_ADE_BudgetoryFlow -->
  <testcase name="TC08_ADE_BudgetoryFlow" time="0.001" classname="com.att.myprice.testcases.TC08_BudgetoryFlow">
    <skipped/>
  </testcase> <!-- TC08_ADE_BudgetoryFlow -->
  <testcase name="TC08_ADE_BudgetoryFlow" time="0.001" classname="com.att.myprice.testcases.TC08_BudgetoryFlow">
    <skipped/>
  </testcase> <!-- TC08_ADE_BudgetoryFlow -->
  <testcase name="TC08_ADE_BudgetoryFlow" time="0.001" classname="com.att.myprice.testcases.TC08_BudgetoryFlow">
    <skipped/>
  </testcase> <!-- TC08_ADE_BudgetoryFlow -->
  <testcase name="TC08_ADE_BudgetoryFlow" time="0.001" classname="com.att.myprice.testcases.TC08_BudgetoryFlow">
    <skipped/>
  </testcase> <!-- TC08_ADE_BudgetoryFlow -->
  <testcase name="TC08_ADE_BudgetoryFlow" time="0.001" classname="com.att.myprice.testcases.TC08_BudgetoryFlow">
    <skipped/>
  </testcase> <!-- TC08_ADE_BudgetoryFlow -->
  <testcase name="TC08_ADE_BudgetoryFlow" time="0.000" classname="com.att.myprice.testcases.TC08_BudgetoryFlow">
    <skipped/>
  </testcase> <!-- TC08_ADE_BudgetoryFlow -->
  <testcase name="TC08_ADE_BudgetoryFlow" time="0.001" classname="com.att.myprice.testcases.TC08_BudgetoryFlow">
    <skipped/>
  </testcase> <!-- TC08_ADE_BudgetoryFlow -->
  <testcase name="TC08_ADE_BudgetoryFlow" time="0.001" classname="com.att.myprice.testcases.TC08_BudgetoryFlow">
    <skipped/>
  </testcase> <!-- TC08_ADE_BudgetoryFlow -->
  <testcase name="TC08_ADE_BudgetoryFlow" time="0.001" classname="com.att.myprice.testcases.TC08_BudgetoryFlow">
    <skipped/>
  </testcase> <!-- TC08_ADE_BudgetoryFlow -->
  <testcase name="TC08_ADE_BudgetoryFlow" time="0.001" classname="com.att.myprice.testcases.TC08_BudgetoryFlow">
    <skipped/>
  </testcase> <!-- TC08_ADE_BudgetoryFlow -->
  <testcase name="TC08_ADE_BudgetoryFlow" time="0.000" classname="com.att.myprice.testcases.TC08_BudgetoryFlow">
    <skipped/>
  </testcase> <!-- TC08_ADE_BudgetoryFlow -->
  <testcase name="TC08_ADE_BudgetoryFlow" time="0.001" classname="com.att.myprice.testcases.TC08_BudgetoryFlow">
    <skipped/>
  </testcase> <!-- TC08_ADE_BudgetoryFlow -->
  <testcase name="TC08_ADE_BudgetoryFlow" time="0.001" classname="com.att.myprice.testcases.TC08_BudgetoryFlow">
    <skipped/>
  </testcase> <!-- TC08_ADE_BudgetoryFlow -->
  <testcase name="TC08_ADE_BudgetoryFlow" time="0.002" classname="com.att.myprice.testcases.TC08_BudgetoryFlow">
    <skipped/>
  </testcase> <!-- TC08_ADE_BudgetoryFlow -->
  <testcase name="TC08_ADE_BudgetoryFlow" time="0.001" classname="com.att.myprice.testcases.TC08_BudgetoryFlow">
    <skipped/>
  </testcase> <!-- TC08_ADE_BudgetoryFlow -->
  <testcase name="TC08_ADE_BudgetoryFlow" time="0.000" classname="com.att.myprice.testcases.TC08_BudgetoryFlow">
    <skipped/>
  </testcase> <!-- TC08_ADE_BudgetoryFlow -->
  <testcase name="TC08_ADE_BudgetoryFlow" time="0.000" classname="com.att.myprice.testcases.TC08_BudgetoryFlow">
    <skipped/>
  </testcase> <!-- TC08_ADE_BudgetoryFlow -->
  <testcase name="TC08_ADE_BudgetoryFlow" time="0.000" classname="com.att.myprice.testcases.TC08_BudgetoryFlow">
    <skipped/>
  </testcase> <!-- TC08_ADE_BudgetoryFlow -->
  <testcase name="TC08_ADE_BudgetoryFlow" time="0.000" classname="com.att.myprice.testcases.TC08_BudgetoryFlow">
    <skipped/>
  </testcase> <!-- TC08_ADE_BudgetoryFlow -->
  <testcase name="TC08_ADE_BudgetoryFlow" time="0.001" classname="com.att.myprice.testcases.TC08_BudgetoryFlow">
    <skipped/>
  </testcase> <!-- TC08_ADE_BudgetoryFlow -->
  <testcase name="TC08_ADE_BudgetoryFlow" time="0.000" classname="com.att.myprice.testcases.TC08_BudgetoryFlow">
    <skipped/>
  </testcase> <!-- TC08_ADE_BudgetoryFlow -->
  <testcase name="TC08_ADE_BudgetoryFlow" time="0.001" classname="com.att.myprice.testcases.TC08_BudgetoryFlow">
    <skipped/>
  </testcase> <!-- TC08_ADE_BudgetoryFlow -->
  <testcase name="TC08_ADE_BudgetoryFlow" time="0.001" classname="com.att.myprice.testcases.TC08_BudgetoryFlow">
    <skipped/>
  </testcase> <!-- TC08_ADE_BudgetoryFlow -->
  <testcase name="TC08_ADE_BudgetoryFlow" time="0.000" classname="com.att.myprice.testcases.TC08_BudgetoryFlow">
    <skipped/>
  </testcase> <!-- TC08_ADE_BudgetoryFlow -->
  <testcase name="TC08_ADE_BudgetoryFlow" time="0.000" classname="com.att.myprice.testcases.TC08_BudgetoryFlow">
    <skipped/>
  </testcase> <!-- TC08_ADE_BudgetoryFlow -->
  <testcase name="TC08_ADE_BudgetoryFlow" time="0.000" classname="com.att.myprice.testcases.TC08_BudgetoryFlow">
    <skipped/>
  </testcase> <!-- TC08_ADE_BudgetoryFlow -->
  <testcase name="TC08_ADE_BudgetoryFlow" time="0.003" classname="com.att.myprice.testcases.TC08_BudgetoryFlow">
    <skipped/>
  </testcase> <!-- TC08_ADE_BudgetoryFlow -->
  <testcase name="TC08_ADE_BudgetoryFlow" time="0.002" classname="com.att.myprice.testcases.TC08_BudgetoryFlow">
    <skipped/>
  </testcase> <!-- TC08_ADE_BudgetoryFlow -->
  <testcase name="TC08_ADE_BudgetoryFlow" time="0.001" classname="com.att.myprice.testcases.TC08_BudgetoryFlow">
    <skipped/>
  </testcase> <!-- TC08_ADE_BudgetoryFlow -->
  <testcase name="TC08_ADE_BudgetoryFlow" time="0.001" classname="com.att.myprice.testcases.TC08_BudgetoryFlow">
    <skipped/>
  </testcase> <!-- TC08_ADE_BudgetoryFlow -->
  <testcase name="TC08_ADE_BudgetoryFlow" time="0.001" classname="com.att.myprice.testcases.TC08_BudgetoryFlow">
    <skipped/>
  </testcase> <!-- TC08_ADE_BudgetoryFlow -->
  <testcase name="TC08_ADE_BudgetoryFlow" time="0.001" classname="com.att.myprice.testcases.TC08_BudgetoryFlow">
    <skipped/>
  </testcase> <!-- TC08_ADE_BudgetoryFlow -->
  <testcase name="TC08_ADE_BudgetoryFlow" time="0.001" classname="com.att.myprice.testcases.TC08_BudgetoryFlow">
    <skipped/>
  </testcase> <!-- TC08_ADE_BudgetoryFlow -->
  <testcase name="TC08_ADE_BudgetoryFlow" time="0.001" classname="com.att.myprice.testcases.TC08_BudgetoryFlow">
    <skipped/>
  </testcase> <!-- TC08_ADE_BudgetoryFlow -->
  <testcase name="TC08_ADE_BudgetoryFlow" time="0.001" classname="com.att.myprice.testcases.TC08_BudgetoryFlow">
    <skipped/>
  </testcase> <!-- TC08_ADE_BudgetoryFlow -->
  <testcase name="TC08_ADE_BudgetoryFlow" time="0.001" classname="com.att.myprice.testcases.TC08_BudgetoryFlow">
    <skipped/>
  </testcase> <!-- TC08_ADE_BudgetoryFlow -->
  <testcase name="TC08_ADE_BudgetoryFlow" time="0.001" classname="com.att.myprice.testcases.TC08_BudgetoryFlow">
    <skipped/>
  </testcase> <!-- TC08_ADE_BudgetoryFlow -->
  <testcase name="TC08_ADE_BudgetoryFlow" time="0.001" classname="com.att.myprice.testcases.TC08_BudgetoryFlow">
    <skipped/>
  </testcase> <!-- TC08_ADE_BudgetoryFlow -->
  <testcase name="TC08_ADE_BudgetoryFlow" time="0.001" classname="com.att.myprice.testcases.TC08_BudgetoryFlow">
    <skipped/>
  </testcase> <!-- TC08_ADE_BudgetoryFlow -->
  <testcase name="TC08_ADE_BudgetoryFlow" time="0.001" classname="com.att.myprice.testcases.TC08_BudgetoryFlow">
    <skipped/>
  </testcase> <!-- TC08_ADE_BudgetoryFlow -->
  <testcase name="TC08_ADE_BudgetoryFlow" time="0.001" classname="com.att.myprice.testcases.TC08_BudgetoryFlow">
    <skipped/>
  </testcase> <!-- TC08_ADE_BudgetoryFlow -->
  <testcase name="TC08_ADE_BudgetoryFlow" time="0.002" classname="com.att.myprice.testcases.TC08_BudgetoryFlow">
    <skipped/>
  </testcase> <!-- TC08_ADE_BudgetoryFlow -->
  <testcase name="TC08_ADE_BudgetoryFlow" time="0.001" classname="com.att.myprice.testcases.TC08_BudgetoryFlow">
    <skipped/>
  </testcase> <!-- TC08_ADE_BudgetoryFlow -->
  <testcase name="TC08_ADE_BudgetoryFlow" time="0.001" classname="com.att.myprice.testcases.TC08_BudgetoryFlow">
    <skipped/>
  </testcase> <!-- TC08_ADE_BudgetoryFlow -->
  <testcase name="TC08_ADE_BudgetoryFlow" time="0.001" classname="com.att.myprice.testcases.TC08_BudgetoryFlow">
    <skipped/>
  </testcase> <!-- TC08_ADE_BudgetoryFlow -->
  <testcase name="TC08_ADE_BudgetoryFlow" time="0.001" classname="com.att.myprice.testcases.TC08_BudgetoryFlow">
    <skipped/>
  </testcase> <!-- TC08_ADE_BudgetoryFlow -->
  <testcase name="TC08_ADE_BudgetoryFlow" time="0.001" classname="com.att.myprice.testcases.TC08_BudgetoryFlow">
    <skipped/>
  </testcase> <!-- TC08_ADE_BudgetoryFlow -->
  <testcase name="TC08_ADE_BudgetoryFlow" time="0.002" classname="com.att.myprice.testcases.TC08_BudgetoryFlow">
    <skipped/>
  </testcase> <!-- TC08_ADE_BudgetoryFlow -->
  <testcase name="TC08_ADE_BudgetoryFlow" time="0.001" classname="com.att.myprice.testcases.TC08_BudgetoryFlow">
    <skipped/>
  </testcase> <!-- TC08_ADE_BudgetoryFlow -->
  <testcase name="TC08_ADE_BudgetoryFlow" time="0.001" classname="com.att.myprice.testcases.TC08_BudgetoryFlow">
    <skipped/>
  </testcase> <!-- TC08_ADE_BudgetoryFlow -->
  <testcase name="TC08_ADE_BudgetoryFlow" time="0.001" classname="com.att.myprice.testcases.TC08_BudgetoryFlow">
    <skipped/>
  </testcase> <!-- TC08_ADE_BudgetoryFlow -->
  <testcase name="TC08_ADE_BudgetoryFlow" time="0.002" classname="com.att.myprice.testcases.TC08_BudgetoryFlow">
    <skipped/>
  </testcase> <!-- TC08_ADE_BudgetoryFlow -->
  <testcase name="TC08_ADE_BudgetoryFlow" time="0.001" classname="com.att.myprice.testcases.TC08_BudgetoryFlow">
    <skipped/>
  </testcase> <!-- TC08_ADE_BudgetoryFlow -->
  <testcase name="TC08_ADE_BudgetoryFlow" time="0.001" classname="com.att.myprice.testcases.TC08_BudgetoryFlow">
    <skipped/>
  </testcase> <!-- TC08_ADE_BudgetoryFlow -->
  <testcase name="TC08_ADE_BudgetoryFlow" time="0.001" classname="com.att.myprice.testcases.TC08_BudgetoryFlow">
    <skipped/>
  </testcase> <!-- TC08_ADE_BudgetoryFlow -->
  <testcase name="TC08_ADE_BudgetoryFlow" time="0.001" classname="com.att.myprice.testcases.TC08_BudgetoryFlow">
    <skipped/>
  </testcase> <!-- TC08_ADE_BudgetoryFlow -->
  <testcase name="TC08_ADE_BudgetoryFlow" time="0.001" classname="com.att.myprice.testcases.TC08_BudgetoryFlow">
    <skipped/>
  </testcase> <!-- TC08_ADE_BudgetoryFlow -->
  <testcase name="TC08_ADE_BudgetoryFlow" time="0.002" classname="com.att.myprice.testcases.TC08_BudgetoryFlow">
    <skipped/>
  </testcase> <!-- TC08_ADE_BudgetoryFlow -->
  <testcase name="TC08_ADE_BudgetoryFlow" time="0.001" classname="com.att.myprice.testcases.TC08_BudgetoryFlow">
    <skipped/>
  </testcase> <!-- TC08_ADE_BudgetoryFlow -->
  <testcase name="TC08_ADE_BudgetoryFlow" time="0.001" classname="com.att.myprice.testcases.TC08_BudgetoryFlow">
    <skipped/>
  </testcase> <!-- TC08_ADE_BudgetoryFlow -->
  <testcase name="TC08_ADE_BudgetoryFlow" time="0.001" classname="com.att.myprice.testcases.TC08_BudgetoryFlow">
    <skipped/>
  </testcase> <!-- TC08_ADE_BudgetoryFlow -->
  <testcase name="TC08_ADE_BudgetoryFlow" time="0.001" classname="com.att.myprice.testcases.TC08_BudgetoryFlow">
    <skipped/>
  </testcase> <!-- TC08_ADE_BudgetoryFlow -->
  <testcase name="TC08_ADE_BudgetoryFlow" time="0.000" classname="com.att.myprice.testcases.TC08_BudgetoryFlow">
    <skipped/>
  </testcase> <!-- TC08_ADE_BudgetoryFlow -->
  <testcase name="TC08_ADE_BudgetoryFlow" time="0.001" classname="com.att.myprice.testcases.TC08_BudgetoryFlow">
    <skipped/>
  </testcase> <!-- TC08_ADE_BudgetoryFlow -->
  <testcase name="TC08_ADE_BudgetoryFlow" time="0.001" classname="com.att.myprice.testcases.TC08_BudgetoryFlow">
    <skipped/>
  </testcase> <!-- TC08_ADE_BudgetoryFlow -->
  <testcase name="TC08_ADE_BudgetoryFlow" time="0.000" classname="com.att.myprice.testcases.TC08_BudgetoryFlow">
    <skipped/>
  </testcase> <!-- TC08_ADE_BudgetoryFlow -->
  <testcase name="TC08_ADE_BudgetoryFlow" time="0.000" classname="com.att.myprice.testcases.TC08_BudgetoryFlow">
    <skipped/>
  </testcase> <!-- TC08_ADE_BudgetoryFlow -->
  <testcase name="TC08_ADE_BudgetoryFlow" time="0.000" classname="com.att.myprice.testcases.TC08_BudgetoryFlow">
    <skipped/>
  </testcase> <!-- TC08_ADE_BudgetoryFlow -->
  <testcase name="TC08_ADE_BudgetoryFlow" time="0.001" classname="com.att.myprice.testcases.TC08_BudgetoryFlow">
    <skipped/>
  </testcase> <!-- TC08_ADE_BudgetoryFlow -->
  <testcase name="TC08_ADE_BudgetoryFlow" time="10.535" classname="com.att.myprice.testcases.TC08_BudgetoryFlow">
    <error type="java.lang.NullPointerException">
      <![CDATA[java.lang.NullPointerException
	at com.att.myprice.testcases.TC08_BudgetoryFlow.TC08_ADE_BudgetoryFlow(TC08_BudgetoryFlow.java:61)
	at sun.reflect.NativeMethodAccessorImpl.invoke0(Native Method)
	at sun.reflect.NativeMethodAccessorImpl.invoke(Unknown Source)
	at sun.reflect.DelegatingMethodAccessorImpl.invoke(Unknown Source)
	at java.lang.reflect.Method.invoke(Unknown Source)
	at org.testng.internal.MethodInvocationHelper.invokeMethod(MethodInvocationHelper.java:108)
	at org.testng.internal.Invoker.invokeMethod(Invoker.java:661)
	at org.testng.internal.Invoker.retryFailed(Invoker.java:1014)
	at org.testng.internal.Invoker.invokeTestMethods(Invoker.java:1215)
	at org.testng.internal.TestMethodWorker.invokeTestMethods(TestMethodWorker.java:126)
	at org.testng.internal.TestMethodWorker.run(TestMethodWorker.java:109)
	at org.testng.TestRunner.privateRun(TestRunner.java:744)
	at org.testng.TestRunner.run(TestRunner.java:602)
	at org.testng.SuiteRunner.runTest(SuiteRunner.java:380)
	at org.testng.SuiteRunner.runSequentially(SuiteRunner.java:375)
	at org.testng.SuiteRunner.privateRun(SuiteRunner.java:340)
	at org.testng.SuiteRunner.run(SuiteRunner.java:289)
	at org.testng.SuiteRunnerWorker.runSuite(SuiteRunnerWorker.java:52)
	at org.testng.SuiteRunnerWorker.run(SuiteRunnerWorker.java:86)
	at org.testng.TestNG.runSuitesSequentially(TestNG.java:1301)
	at org.testng.TestNG.runSuitesLocally(TestNG.java:1226)
	at org.testng.TestNG.runSuites(TestNG.java:1144)
	at org.testng.TestNG.run(TestNG.java:1115)
	at org.testng.remote.AbstractRemoteTestNG.run(AbstractRemoteTestNG.java:114)
	at org.testng.remote.RemoteTestNG.initAndRun(RemoteTestNG.java:251)
	at org.testng.remote.RemoteTestNG.main(RemoteTestNG.java:77)
]]>
    </error>
  </testcase> <!-- TC08_ADE_BudgetoryFlow -->
  <testcase name="TC08_ADE_BudgetoryFlow" time="0.001" classname="com.att.myprice.testcases.TC08_BudgetoryFlow">
    <skipped/>
  </testcase> <!-- TC08_ADE_BudgetoryFlow -->
  <testcase name="TC08_ADE_BudgetoryFlow" time="0.001" classname="com.att.myprice.testcases.TC08_BudgetoryFlow">
    <skipped/>
  </testcase> <!-- TC08_ADE_BudgetoryFlow -->
  <testcase name="TC08_ADE_BudgetoryFlow" time="0.004" classname="com.att.myprice.testcases.TC08_BudgetoryFlow">
    <skipped/>
  </testcase> <!-- TC08_ADE_BudgetoryFlow -->
  <testcase name="TC08_ADE_BudgetoryFlow" time="0.001" classname="com.att.myprice.testcases.TC08_BudgetoryFlow">
    <skipped/>
  </testcase> <!-- TC08_ADE_BudgetoryFlow -->
  <testcase name="TC08_ADE_BudgetoryFlow" time="0.002" classname="com.att.myprice.testcases.TC08_BudgetoryFlow">
    <skipped/>
  </testcase> <!-- TC08_ADE_BudgetoryFlow -->
  <testcase name="TC08_ADE_BudgetoryFlow" time="0.001" classname="com.att.myprice.testcases.TC08_BudgetoryFlow">
    <skipped/>
  </testcase> <!-- TC08_ADE_BudgetoryFlow -->
  <testcase name="TC08_ADE_BudgetoryFlow" time="0.001" classname="com.att.myprice.testcases.TC08_BudgetoryFlow">
    <skipped/>
  </testcase> <!-- TC08_ADE_BudgetoryFlow -->
  <testcase name="TC08_ADE_BudgetoryFlow" time="0.001" classname="com.att.myprice.testcases.TC08_BudgetoryFlow">
    <skipped/>
  </testcase> <!-- TC08_ADE_BudgetoryFlow -->
  <testcase name="TC08_ADE_BudgetoryFlow" time="0.001" classname="com.att.myprice.testcases.TC08_BudgetoryFlow">
    <skipped/>
  </testcase> <!-- TC08_ADE_BudgetoryFlow -->
  <testcase name="TC08_ADE_BudgetoryFlow" time="0.001" classname="com.att.myprice.testcases.TC08_BudgetoryFlow">
    <skipped/>
  </testcase> <!-- TC08_ADE_BudgetoryFlow -->
  <testcase name="TC08_ADE_BudgetoryFlow" time="0.001" classname="com.att.myprice.testcases.TC08_BudgetoryFlow">
    <skipped/>
  </testcase> <!-- TC08_ADE_BudgetoryFlow -->
  <testcase name="TC08_ADE_BudgetoryFlow" time="0.001" classname="com.att.myprice.testcases.TC08_BudgetoryFlow">
    <skipped/>
  </testcase> <!-- TC08_ADE_BudgetoryFlow -->
  <testcase name="TC08_ADE_BudgetoryFlow" time="0.001" classname="com.att.myprice.testcases.TC08_BudgetoryFlow">
    <skipped/>
  </testcase> <!-- TC08_ADE_BudgetoryFlow -->
  <testcase name="TC08_ADE_BudgetoryFlow" time="0.001" classname="com.att.myprice.testcases.TC08_BudgetoryFlow">
    <skipped/>
  </testcase> <!-- TC08_ADE_BudgetoryFlow -->
  <testcase name="TC08_ADE_BudgetoryFlow" time="0.000" classname="com.att.myprice.testcases.TC08_BudgetoryFlow">
    <skipped/>
  </testcase> <!-- TC08_ADE_BudgetoryFlow -->
  <testcase name="TC08_ADE_BudgetoryFlow" time="0.001" classname="com.att.myprice.testcases.TC08_BudgetoryFlow">
    <skipped/>
  </testcase> <!-- TC08_ADE_BudgetoryFlow -->
  <testcase name="TC08_ADE_BudgetoryFlow" time="0.001" classname="com.att.myprice.testcases.TC08_BudgetoryFlow">
    <skipped/>
  </testcase> <!-- TC08_ADE_BudgetoryFlow -->
  <testcase name="TC08_ADE_BudgetoryFlow" time="0.001" classname="com.att.myprice.testcases.TC08_BudgetoryFlow">
    <skipped/>
  </testcase> <!-- TC08_ADE_BudgetoryFlow -->
  <testcase name="TC08_ADE_BudgetoryFlow" time="0.001" classname="com.att.myprice.testcases.TC08_BudgetoryFlow">
    <skipped/>
  </testcase> <!-- TC08_ADE_BudgetoryFlow -->
  <testcase name="TC08_ADE_BudgetoryFlow" time="0.000" classname="com.att.myprice.testcases.TC08_BudgetoryFlow">
    <skipped/>
  </testcase> <!-- TC08_ADE_BudgetoryFlow -->
  <testcase name="TC08_ADE_BudgetoryFlow" time="0.001" classname="com.att.myprice.testcases.TC08_BudgetoryFlow">
    <skipped/>
  </testcase> <!-- TC08_ADE_BudgetoryFlow -->
  <testcase name="TC08_ADE_BudgetoryFlow" time="0.001" classname="com.att.myprice.testcases.TC08_BudgetoryFlow">
    <skipped/>
  </testcase> <!-- TC08_ADE_BudgetoryFlow -->
  <testcase name="TC08_ADE_BudgetoryFlow" time="0.001" classname="com.att.myprice.testcases.TC08_BudgetoryFlow">
    <skipped/>
  </testcase> <!-- TC08_ADE_BudgetoryFlow -->
  <testcase name="TC08_ADE_BudgetoryFlow" time="0.000" classname="com.att.myprice.testcases.TC08_BudgetoryFlow">
    <skipped/>
  </testcase> <!-- TC08_ADE_BudgetoryFlow -->
  <testcase name="TC08_ADE_BudgetoryFlow" time="0.001" classname="com.att.myprice.testcases.TC08_BudgetoryFlow">
    <skipped/>
  </testcase> <!-- TC08_ADE_BudgetoryFlow -->
  <testcase name="TC08_ADE_BudgetoryFlow" time="0.001" classname="com.att.myprice.testcases.TC08_BudgetoryFlow">
    <skipped/>
  </testcase> <!-- TC08_ADE_BudgetoryFlow -->
  <testcase name="TC08_ADE_BudgetoryFlow" time="0.001" classname="com.att.myprice.testcases.TC08_BudgetoryFlow">
    <skipped/>
  </testcase> <!-- TC08_ADE_BudgetoryFlow -->
  <testcase name="TC08_ADE_BudgetoryFlow" time="0.001" classname="com.att.myprice.testcases.TC08_BudgetoryFlow">
    <skipped/>
  </testcase> <!-- TC08_ADE_BudgetoryFlow -->
  <testcase name="TC08_ADE_BudgetoryFlow" time="0.001" classname="com.att.myprice.testcases.TC08_BudgetoryFlow">
    <skipped/>
  </testcase> <!-- TC08_ADE_BudgetoryFlow -->
  <testcase name="TC08_ADE_BudgetoryFlow" time="0.000" classname="com.att.myprice.testcases.TC08_BudgetoryFlow">
    <skipped/>
  </testcase> <!-- TC08_ADE_BudgetoryFlow -->
  <testcase name="TC08_ADE_BudgetoryFlow" time="0.001" classname="com.att.myprice.testcases.TC08_BudgetoryFlow">
    <skipped/>
  </testcase> <!-- TC08_ADE_BudgetoryFlow -->
  <testcase name="TC08_ADE_BudgetoryFlow" time="0.000" classname="com.att.myprice.testcases.TC08_BudgetoryFlow">
    <skipped/>
  </testcase> <!-- TC08_ADE_BudgetoryFlow -->
  <testcase name="TC08_ADE_BudgetoryFlow" time="0.001" classname="com.att.myprice.testcases.TC08_BudgetoryFlow">
    <skipped/>
  </testcase> <!-- TC08_ADE_BudgetoryFlow -->
  <testcase name="TC08_ADE_BudgetoryFlow" time="0.001" classname="com.att.myprice.testcases.TC08_BudgetoryFlow">
    <skipped/>
  </testcase> <!-- TC08_ADE_BudgetoryFlow -->
  <testcase name="TC08_ADE_BudgetoryFlow" time="0.000" classname="com.att.myprice.testcases.TC08_BudgetoryFlow">
    <skipped/>
  </testcase> <!-- TC08_ADE_BudgetoryFlow -->
  <testcase name="TC08_ADE_BudgetoryFlow" time="0.000" classname="com.att.myprice.testcases.TC08_BudgetoryFlow">
    <skipped/>
  </testcase> <!-- TC08_ADE_BudgetoryFlow -->
  <testcase name="TC08_ADE_BudgetoryFlow" time="0.001" classname="com.att.myprice.testcases.TC08_BudgetoryFlow">
    <skipped/>
  </testcase> <!-- TC08_ADE_BudgetoryFlow -->
  <testcase name="TC08_ADE_BudgetoryFlow" time="0.001" classname="com.att.myprice.testcases.TC08_BudgetoryFlow">
    <skipped/>
  </testcase> <!-- TC08_ADE_BudgetoryFlow -->
  <testcase name="TC08_ADE_BudgetoryFlow" time="0.001" classname="com.att.myprice.testcases.TC08_BudgetoryFlow">
    <skipped/>
  </testcase> <!-- TC08_ADE_BudgetoryFlow -->
  <testcase name="TC08_ADE_BudgetoryFlow" time="0.001" classname="com.att.myprice.testcases.TC08_BudgetoryFlow">
    <skipped/>
  </testcase> <!-- TC08_ADE_BudgetoryFlow -->
  <testcase name="TC08_ADE_BudgetoryFlow" time="0.001" classname="com.att.myprice.testcases.TC08_BudgetoryFlow">
    <skipped/>
  </testcase> <!-- TC08_ADE_BudgetoryFlow -->
  <testcase name="TC08_ADE_BudgetoryFlow" time="0.001" classname="com.att.myprice.testcases.TC08_BudgetoryFlow">
    <skipped/>
  </testcase> <!-- TC08_ADE_BudgetoryFlow -->
  <testcase name="TC08_ADE_BudgetoryFlow" time="0.001" classname="com.att.myprice.testcases.TC08_BudgetoryFlow">
    <skipped/>
  </testcase> <!-- TC08_ADE_BudgetoryFlow -->
  <testcase name="TC08_ADE_BudgetoryFlow" time="0.001" classname="com.att.myprice.testcases.TC08_BudgetoryFlow">
    <skipped/>
  </testcase> <!-- TC08_ADE_BudgetoryFlow -->
  <testcase name="TC08_ADE_BudgetoryFlow" time="0.001" classname="com.att.myprice.testcases.TC08_BudgetoryFlow">
    <skipped/>
  </testcase> <!-- TC08_ADE_BudgetoryFlow -->
  <testcase name="TC08_ADE_BudgetoryFlow" time="0.000" classname="com.att.myprice.testcases.TC08_BudgetoryFlow">
    <skipped/>
  </testcase> <!-- TC08_ADE_BudgetoryFlow -->
  <testcase name="TC08_ADE_BudgetoryFlow" time="0.001" classname="com.att.myprice.testcases.TC08_BudgetoryFlow">
    <skipped/>
  </testcase> <!-- TC08_ADE_BudgetoryFlow -->
  <testcase name="TC08_ADE_BudgetoryFlow" time="0.001" classname="com.att.myprice.testcases.TC08_BudgetoryFlow">
    <skipped/>
  </testcase> <!-- TC08_ADE_BudgetoryFlow -->
  <testcase name="TC08_ADE_BudgetoryFlow" time="0.000" classname="com.att.myprice.testcases.TC08_BudgetoryFlow">
    <skipped/>
  </testcase> <!-- TC08_ADE_BudgetoryFlow -->
  <testcase name="TC08_ADE_BudgetoryFlow" time="0.001" classname="com.att.myprice.testcases.TC08_BudgetoryFlow">
    <skipped/>
  </testcase> <!-- TC08_ADE_BudgetoryFlow -->
  <testcase name="TC08_ADE_BudgetoryFlow" time="0.001" classname="com.att.myprice.testcases.TC08_BudgetoryFlow">
    <skipped/>
  </testcase> <!-- TC08_ADE_BudgetoryFlow -->
  <testcase name="TC08_ADE_BudgetoryFlow" time="0.001" classname="com.att.myprice.testcases.TC08_BudgetoryFlow">
    <skipped/>
  </testcase> <!-- TC08_ADE_BudgetoryFlow -->
  <testcase name="TC08_ADE_BudgetoryFlow" time="0.000" classname="com.att.myprice.testcases.TC08_BudgetoryFlow">
    <skipped/>
  </testcase> <!-- TC08_ADE_BudgetoryFlow -->
  <testcase name="TC08_ADE_BudgetoryFlow" time="0.001" classname="com.att.myprice.testcases.TC08_BudgetoryFlow">
    <skipped/>
  </testcase> <!-- TC08_ADE_BudgetoryFlow -->
  <testcase name="TC08_ADE_BudgetoryFlow" time="0.001" classname="com.att.myprice.testcases.TC08_BudgetoryFlow">
    <skipped/>
  </testcase> <!-- TC08_ADE_BudgetoryFlow -->
  <testcase name="TC08_ADE_BudgetoryFlow" time="0.000" classname="com.att.myprice.testcases.TC08_BudgetoryFlow">
    <skipped/>
  </testcase> <!-- TC08_ADE_BudgetoryFlow -->
  <testcase name="TC08_ADE_BudgetoryFlow" time="0.000" classname="com.att.myprice.testcases.TC08_BudgetoryFlow">
    <skipped/>
  </testcase> <!-- TC08_ADE_BudgetoryFlow -->
  <testcase name="TC08_ADE_BudgetoryFlow" time="0.001" classname="com.att.myprice.testcases.TC08_BudgetoryFlow">
    <skipped/>
  </testcase> <!-- TC08_ADE_BudgetoryFlow -->
  <testcase name="TC08_ADE_BudgetoryFlow" time="0.001" classname="com.att.myprice.testcases.TC08_BudgetoryFlow">
    <skipped/>
  </testcase> <!-- TC08_ADE_BudgetoryFlow -->
  <testcase name="TC08_ADE_BudgetoryFlow" time="0.001" classname="com.att.myprice.testcases.TC08_BudgetoryFlow">
    <skipped/>
  </testcase> <!-- TC08_ADE_BudgetoryFlow -->
  <testcase name="TC08_ADE_BudgetoryFlow" time="0.001" classname="com.att.myprice.testcases.TC08_BudgetoryFlow">
    <skipped/>
  </testcase> <!-- TC08_ADE_BudgetoryFlow -->
  <testcase name="TC08_ADE_BudgetoryFlow" time="0.001" classname="com.att.myprice.testcases.TC08_BudgetoryFlow">
    <skipped/>
  </testcase> <!-- TC08_ADE_BudgetoryFlow -->
  <testcase name="TC08_ADE_BudgetoryFlow" time="0.001" classname="com.att.myprice.testcases.TC08_BudgetoryFlow">
    <skipped/>
  </testcase> <!-- TC08_ADE_BudgetoryFlow -->
  <testcase name="TC08_ADE_BudgetoryFlow" time="0.001" classname="com.att.myprice.testcases.TC08_BudgetoryFlow">
    <skipped/>
  </testcase> <!-- TC08_ADE_BudgetoryFlow -->
  <testcase name="TC08_ADE_BudgetoryFlow" time="0.001" classname="com.att.myprice.testcases.TC08_BudgetoryFlow">
    <skipped/>
  </testcase> <!-- TC08_ADE_BudgetoryFlow -->
  <testcase name="TC08_ADE_BudgetoryFlow" time="0.001" classname="com.att.myprice.testcases.TC08_BudgetoryFlow">
    <skipped/>
  </testcase> <!-- TC08_ADE_BudgetoryFlow -->
  <testcase name="TC08_ADE_BudgetoryFlow" time="0.001" classname="com.att.myprice.testcases.TC08_BudgetoryFlow">
    <skipped/>
  </testcase> <!-- TC08_ADE_BudgetoryFlow -->
  <testcase name="TC08_ADE_BudgetoryFlow" time="0.001" classname="com.att.myprice.testcases.TC08_BudgetoryFlow">
    <skipped/>
  </testcase> <!-- TC08_ADE_BudgetoryFlow -->
  <testcase name="TC08_ADE_BudgetoryFlow" time="0.001" classname="com.att.myprice.testcases.TC08_BudgetoryFlow">
    <skipped/>
  </testcase> <!-- TC08_ADE_BudgetoryFlow -->
  <testcase name="TC08_ADE_BudgetoryFlow" time="0.001" classname="com.att.myprice.testcases.TC08_BudgetoryFlow">
    <skipped/>
  </testcase> <!-- TC08_ADE_BudgetoryFlow -->
  <testcase name="TC08_ADE_BudgetoryFlow" time="0.001" classname="com.att.myprice.testcases.TC08_BudgetoryFlow">
    <skipped/>
  </testcase> <!-- TC08_ADE_BudgetoryFlow -->
  <testcase name="TC08_ADE_BudgetoryFlow" time="0.001" classname="com.att.myprice.testcases.TC08_BudgetoryFlow">
    <skipped/>
  </testcase> <!-- TC08_ADE_BudgetoryFlow -->
  <testcase name="TC08_ADE_BudgetoryFlow" time="0.001" classname="com.att.myprice.testcases.TC08_BudgetoryFlow">
    <skipped/>
  </testcase> <!-- TC08_ADE_BudgetoryFlow -->
  <testcase name="TC08_ADE_BudgetoryFlow" time="0.005" classname="com.att.myprice.testcases.TC08_BudgetoryFlow">
    <skipped/>
  </testcase> <!-- TC08_ADE_BudgetoryFlow -->
  <testcase name="TC08_ADE_BudgetoryFlow" time="0.001" classname="com.att.myprice.testcases.TC08_BudgetoryFlow">
    <skipped/>
  </testcase> <!-- TC08_ADE_BudgetoryFlow -->
  <testcase name="TC08_ADE_BudgetoryFlow" time="0.001" classname="com.att.myprice.testcases.TC08_BudgetoryFlow">
    <skipped/>
  </testcase> <!-- TC08_ADE_BudgetoryFlow -->
  <testcase name="TC08_ADE_BudgetoryFlow" time="0.000" classname="com.att.myprice.testcases.TC08_BudgetoryFlow">
    <skipped/>
  </testcase> <!-- TC08_ADE_BudgetoryFlow -->
  <testcase name="TC08_ADE_BudgetoryFlow" time="0.001" classname="com.att.myprice.testcases.TC08_BudgetoryFlow">
    <skipped/>
  </testcase> <!-- TC08_ADE_BudgetoryFlow -->
  <testcase name="TC08_ADE_BudgetoryFlow" time="0.001" classname="com.att.myprice.testcases.TC08_BudgetoryFlow">
    <skipped/>
  </testcase> <!-- TC08_ADE_BudgetoryFlow -->
  <testcase name="TC08_ADE_BudgetoryFlow" time="0.000" classname="com.att.myprice.testcases.TC08_BudgetoryFlow">
    <skipped/>
  </testcase> <!-- TC08_ADE_BudgetoryFlow -->
  <testcase name="TC08_ADE_BudgetoryFlow" time="0.001" classname="com.att.myprice.testcases.TC08_BudgetoryFlow">
    <skipped/>
  </testcase> <!-- TC08_ADE_BudgetoryFlow -->
  <testcase name="TC08_ADE_BudgetoryFlow" time="0.000" classname="com.att.myprice.testcases.TC08_BudgetoryFlow">
    <skipped/>
  </testcase> <!-- TC08_ADE_BudgetoryFlow -->
  <testcase name="TC08_ADE_BudgetoryFlow" time="0.001" classname="com.att.myprice.testcases.TC08_BudgetoryFlow">
    <skipped/>
  </testcase> <!-- TC08_ADE_BudgetoryFlow -->
  <testcase name="TC08_ADE_BudgetoryFlow" time="0.004" classname="com.att.myprice.testcases.TC08_BudgetoryFlow">
    <skipped/>
  </testcase> <!-- TC08_ADE_BudgetoryFlow -->
  <testcase name="TC08_ADE_BudgetoryFlow" time="0.001" classname="com.att.myprice.testcases.TC08_BudgetoryFlow">
    <skipped/>
  </testcase> <!-- TC08_ADE_BudgetoryFlow -->
  <testcase name="TC08_ADE_BudgetoryFlow" time="0.002" classname="com.att.myprice.testcases.TC08_BudgetoryFlow">
    <skipped/>
  </testcase> <!-- TC08_ADE_BudgetoryFlow -->
  <testcase name="TC08_ADE_BudgetoryFlow" time="0.001" classname="com.att.myprice.testcases.TC08_BudgetoryFlow">
    <skipped/>
  </testcase> <!-- TC08_ADE_BudgetoryFlow -->
  <testcase name="TC08_ADE_BudgetoryFlow" time="0.000" classname="com.att.myprice.testcases.TC08_BudgetoryFlow">
    <skipped/>
  </testcase> <!-- TC08_ADE_BudgetoryFlow -->
  <testcase name="TC08_ADE_BudgetoryFlow" time="0.000" classname="com.att.myprice.testcases.TC08_BudgetoryFlow">
    <skipped/>
  </testcase> <!-- TC08_ADE_BudgetoryFlow -->
  <testcase name="TC08_ADE_BudgetoryFlow" time="0.000" classname="com.att.myprice.testcases.TC08_BudgetoryFlow">
    <skipped/>
  </testcase> <!-- TC08_ADE_BudgetoryFlow -->
  <testcase name="TC08_ADE_BudgetoryFlow" time="0.000" classname="com.att.myprice.testcases.TC08_BudgetoryFlow">
    <skipped/>
  </testcase> <!-- TC08_ADE_BudgetoryFlow -->
  <testcase name="TC08_ADE_BudgetoryFlow" time="0.001" classname="com.att.myprice.testcases.TC08_BudgetoryFlow">
    <skipped/>
  </testcase> <!-- TC08_ADE_BudgetoryFlow -->
  <testcase name="TC08_ADE_BudgetoryFlow" time="0.001" classname="com.att.myprice.testcases.TC08_BudgetoryFlow">
    <skipped/>
  </testcase> <!-- TC08_ADE_BudgetoryFlow -->
  <testcase name="TC08_ADE_BudgetoryFlow" time="0.001" classname="com.att.myprice.testcases.TC08_BudgetoryFlow">
    <skipped/>
  </testcase> <!-- TC08_ADE_BudgetoryFlow -->
  <testcase name="TC08_ADE_BudgetoryFlow" time="0.001" classname="com.att.myprice.testcases.TC08_BudgetoryFlow">
    <skipped/>
  </testcase> <!-- TC08_ADE_BudgetoryFlow -->
  <testcase name="TC08_ADE_BudgetoryFlow" time="0.001" classname="com.att.myprice.testcases.TC08_BudgetoryFlow">
    <skipped/>
  </testcase> <!-- TC08_ADE_BudgetoryFlow -->
  <testcase name="TC08_ADE_BudgetoryFlow" time="0.000" classname="com.att.myprice.testcases.TC08_BudgetoryFlow">
    <skipped/>
  </testcase> <!-- TC08_ADE_BudgetoryFlow -->
  <testcase name="TC08_ADE_BudgetoryFlow" time="0.000" classname="com.att.myprice.testcases.TC08_BudgetoryFlow">
    <skipped/>
  </testcase> <!-- TC08_ADE_BudgetoryFlow -->
  <testcase name="TC08_ADE_BudgetoryFlow" time="0.001" classname="com.att.myprice.testcases.TC08_BudgetoryFlow">
    <skipped/>
  </testcase> <!-- TC08_ADE_BudgetoryFlow -->
  <testcase name="TC08_ADE_BudgetoryFlow" time="0.001" classname="com.att.myprice.testcases.TC08_BudgetoryFlow">
    <skipped/>
  </testcase> <!-- TC08_ADE_BudgetoryFlow -->
  <testcase name="TC08_ADE_BudgetoryFlow" time="0.002" classname="com.att.myprice.testcases.TC08_BudgetoryFlow">
    <skipped/>
  </testcase> <!-- TC08_ADE_BudgetoryFlow -->
  <testcase name="TC08_ADE_BudgetoryFlow" time="0.001" classname="com.att.myprice.testcases.TC08_BudgetoryFlow">
    <skipped/>
  </testcase> <!-- TC08_ADE_BudgetoryFlow -->
  <testcase name="TC08_ADE_BudgetoryFlow" time="0.001" classname="com.att.myprice.testcases.TC08_BudgetoryFlow">
    <skipped/>
  </testcase> <!-- TC08_ADE_BudgetoryFlow -->
  <testcase name="TC08_ADE_BudgetoryFlow" time="0.001" classname="com.att.myprice.testcases.TC08_BudgetoryFlow">
    <skipped/>
  </testcase> <!-- TC08_ADE_BudgetoryFlow -->
  <testcase name="TC08_ADE_BudgetoryFlow" time="0.000" classname="com.att.myprice.testcases.TC08_BudgetoryFlow">
    <skipped/>
  </testcase> <!-- TC08_ADE_BudgetoryFlow -->
  <testcase name="TC08_ADE_BudgetoryFlow" time="0.000" classname="com.att.myprice.testcases.TC08_BudgetoryFlow">
    <skipped/>
  </testcase> <!-- TC08_ADE_BudgetoryFlow -->
  <testcase name="TC08_ADE_BudgetoryFlow" time="0.001" classname="com.att.myprice.testcases.TC08_BudgetoryFlow">
    <skipped/>
  </testcase> <!-- TC08_ADE_BudgetoryFlow -->
  <testcase name="TC08_ADE_BudgetoryFlow" time="0.001" classname="com.att.myprice.testcases.TC08_BudgetoryFlow">
    <skipped/>
  </testcase> <!-- TC08_ADE_BudgetoryFlow -->
  <testcase name="TC08_ADE_BudgetoryFlow" time="0.001" classname="com.att.myprice.testcases.TC08_BudgetoryFlow">
    <skipped/>
  </testcase> <!-- TC08_ADE_BudgetoryFlow -->
  <testcase name="TC08_ADE_BudgetoryFlow" time="0.001" classname="com.att.myprice.testcases.TC08_BudgetoryFlow">
    <skipped/>
  </testcase> <!-- TC08_ADE_BudgetoryFlow -->
  <testcase name="TC08_ADE_BudgetoryFlow" time="0.000" classname="com.att.myprice.testcases.TC08_BudgetoryFlow">
    <skipped/>
  </testcase> <!-- TC08_ADE_BudgetoryFlow -->
  <testcase name="TC08_ADE_BudgetoryFlow" time="0.001" classname="com.att.myprice.testcases.TC08_BudgetoryFlow">
    <skipped/>
  </testcase> <!-- TC08_ADE_BudgetoryFlow -->
  <testcase name="TC08_ADE_BudgetoryFlow" time="0.000" classname="com.att.myprice.testcases.TC08_BudgetoryFlow">
    <skipped/>
  </testcase> <!-- TC08_ADE_BudgetoryFlow -->
  <testcase name="TC08_ADE_BudgetoryFlow" time="0.001" classname="com.att.myprice.testcases.TC08_BudgetoryFlow">
    <skipped/>
  </testcase> <!-- TC08_ADE_BudgetoryFlow -->
  <testcase name="TC08_ADE_BudgetoryFlow" time="0.001" classname="com.att.myprice.testcases.TC08_BudgetoryFlow">
    <skipped/>
  </testcase> <!-- TC08_ADE_BudgetoryFlow -->
  <testcase name="TC08_ADE_BudgetoryFlow" time="0.001" classname="com.att.myprice.testcases.TC08_BudgetoryFlow">
    <skipped/>
  </testcase> <!-- TC08_ADE_BudgetoryFlow -->
  <testcase name="TC08_ADE_BudgetoryFlow" time="0.000" classname="com.att.myprice.testcases.TC08_BudgetoryFlow">
    <skipped/>
  </testcase> <!-- TC08_ADE_BudgetoryFlow -->
  <testcase name="TC08_ADE_BudgetoryFlow" time="0.001" classname="com.att.myprice.testcases.TC08_BudgetoryFlow">
    <skipped/>
  </testcase> <!-- TC08_ADE_BudgetoryFlow -->
  <testcase name="TC08_ADE_BudgetoryFlow" time="0.001" classname="com.att.myprice.testcases.TC08_BudgetoryFlow">
    <skipped/>
  </testcase> <!-- TC08_ADE_BudgetoryFlow -->
  <testcase name="TC08_ADE_BudgetoryFlow" time="0.000" classname="com.att.myprice.testcases.TC08_BudgetoryFlow">
    <skipped/>
  </testcase> <!-- TC08_ADE_BudgetoryFlow -->
  <testcase name="TC08_ADE_BudgetoryFlow" time="0.001" classname="com.att.myprice.testcases.TC08_BudgetoryFlow">
    <skipped/>
  </testcase> <!-- TC08_ADE_BudgetoryFlow -->
  <testcase name="TC08_ADE_BudgetoryFlow" time="0.001" classname="com.att.myprice.testcases.TC08_BudgetoryFlow">
    <skipped/>
  </testcase> <!-- TC08_ADE_BudgetoryFlow -->
  <testcase name="TC08_ADE_BudgetoryFlow" time="0.001" classname="com.att.myprice.testcases.TC08_BudgetoryFlow">
    <skipped/>
  </testcase> <!-- TC08_ADE_BudgetoryFlow -->
  <testcase name="TC08_ADE_BudgetoryFlow" time="0.000" classname="com.att.myprice.testcases.TC08_BudgetoryFlow">
    <skipped/>
  </testcase> <!-- TC08_ADE_BudgetoryFlow -->
  <testcase name="TC08_ADE_BudgetoryFlow" time="0.003" classname="com.att.myprice.testcases.TC08_BudgetoryFlow">
    <skipped/>
  </testcase> <!-- TC08_ADE_BudgetoryFlow -->
  <testcase name="TC08_ADE_BudgetoryFlow" time="0.001" classname="com.att.myprice.testcases.TC08_BudgetoryFlow">
    <skipped/>
  </testcase> <!-- TC08_ADE_BudgetoryFlow -->
  <testcase name="TC08_ADE_BudgetoryFlow" time="0.001" classname="com.att.myprice.testcases.TC08_BudgetoryFlow">
    <skipped/>
  </testcase> <!-- TC08_ADE_BudgetoryFlow -->
  <testcase name="TC08_ADE_BudgetoryFlow" time="0.001" classname="com.att.myprice.testcases.TC08_BudgetoryFlow">
    <skipped/>
  </testcase> <!-- TC08_ADE_BudgetoryFlow -->
  <testcase name="TC08_ADE_BudgetoryFlow" time="0.001" classname="com.att.myprice.testcases.TC08_BudgetoryFlow">
    <skipped/>
  </testcase> <!-- TC08_ADE_BudgetoryFlow -->
  <testcase name="TC08_ADE_BudgetoryFlow" time="0.001" classname="com.att.myprice.testcases.TC08_BudgetoryFlow">
    <skipped/>
  </testcase> <!-- TC08_ADE_BudgetoryFlow -->
  <testcase name="TC08_ADE_BudgetoryFlow" time="0.000" classname="com.att.myprice.testcases.TC08_BudgetoryFlow">
    <skipped/>
  </testcase> <!-- TC08_ADE_BudgetoryFlow -->
  <testcase name="TC08_ADE_BudgetoryFlow" time="0.001" classname="com.att.myprice.testcases.TC08_BudgetoryFlow">
    <skipped/>
  </testcase> <!-- TC08_ADE_BudgetoryFlow -->
  <testcase name="TC08_ADE_BudgetoryFlow" time="0.000" classname="com.att.myprice.testcases.TC08_BudgetoryFlow">
    <skipped/>
  </testcase> <!-- TC08_ADE_BudgetoryFlow -->
  <testcase name="TC08_ADE_BudgetoryFlow" time="0.001" classname="com.att.myprice.testcases.TC08_BudgetoryFlow">
    <skipped/>
  </testcase> <!-- TC08_ADE_BudgetoryFlow -->
  <testcase name="TC08_ADE_BudgetoryFlow" time="0.001" classname="com.att.myprice.testcases.TC08_BudgetoryFlow">
    <skipped/>
  </testcase> <!-- TC08_ADE_BudgetoryFlow -->
  <testcase name="TC08_ADE_BudgetoryFlow" time="0.001" classname="com.att.myprice.testcases.TC08_BudgetoryFlow">
    <skipped/>
  </testcase> <!-- TC08_ADE_BudgetoryFlow -->
  <testcase name="TC08_ADE_BudgetoryFlow" time="0.001" classname="com.att.myprice.testcases.TC08_BudgetoryFlow">
    <skipped/>
  </testcase> <!-- TC08_ADE_BudgetoryFlow -->
  <testcase name="TC08_ADE_BudgetoryFlow" time="0.001" classname="com.att.myprice.testcases.TC08_BudgetoryFlow">
    <skipped/>
  </testcase> <!-- TC08_ADE_BudgetoryFlow -->
  <testcase name="TC08_ADE_BudgetoryFlow" time="0.001" classname="com.att.myprice.testcases.TC08_BudgetoryFlow">
    <skipped/>
  </testcase> <!-- TC08_ADE_BudgetoryFlow -->
  <testcase name="TC08_ADE_BudgetoryFlow" time="0.001" classname="com.att.myprice.testcases.TC08_BudgetoryFlow">
    <skipped/>
  </testcase> <!-- TC08_ADE_BudgetoryFlow -->
  <testcase name="TC08_ADE_BudgetoryFlow" time="0.001" classname="com.att.myprice.testcases.TC08_BudgetoryFlow">
    <skipped/>
  </testcase> <!-- TC08_ADE_BudgetoryFlow -->
  <testcase name="TC08_ADE_BudgetoryFlow" time="0.001" classname="com.att.myprice.testcases.TC08_BudgetoryFlow">
    <skipped/>
  </testcase> <!-- TC08_ADE_BudgetoryFlow -->
  <testcase name="TC08_ADE_BudgetoryFlow" time="0.001" classname="com.att.myprice.testcases.TC08_BudgetoryFlow">
    <skipped/>
  </testcase> <!-- TC08_ADE_BudgetoryFlow -->
  <testcase name="TC08_ADE_BudgetoryFlow" time="0.000" classname="com.att.myprice.testcases.TC08_BudgetoryFlow">
    <skipped/>
  </testcase> <!-- TC08_ADE_BudgetoryFlow -->
  <testcase name="TC08_ADE_BudgetoryFlow" time="0.001" classname="com.att.myprice.testcases.TC08_BudgetoryFlow">
    <skipped/>
  </testcase> <!-- TC08_ADE_BudgetoryFlow -->
  <testcase name="TC08_ADE_BudgetoryFlow" time="0.001" classname="com.att.myprice.testcases.TC08_BudgetoryFlow">
    <skipped/>
  </testcase> <!-- TC08_ADE_BudgetoryFlow -->
  <testcase name="TC08_ADE_BudgetoryFlow" time="0.001" classname="com.att.myprice.testcases.TC08_BudgetoryFlow">
    <skipped/>
  </testcase> <!-- TC08_ADE_BudgetoryFlow -->
  <testcase name="TC08_ADE_BudgetoryFlow" time="0.001" classname="com.att.myprice.testcases.TC08_BudgetoryFlow">
    <skipped/>
  </testcase> <!-- TC08_ADE_BudgetoryFlow -->
  <testcase name="TC08_ADE_BudgetoryFlow" time="0.001" classname="com.att.myprice.testcases.TC08_BudgetoryFlow">
    <skipped/>
  </testcase> <!-- TC08_ADE_BudgetoryFlow -->
  <testcase name="TC08_ADE_BudgetoryFlow" time="0.001" classname="com.att.myprice.testcases.TC08_BudgetoryFlow">
    <skipped/>
  </testcase> <!-- TC08_ADE_BudgetoryFlow -->
  <testcase name="TC08_ADE_BudgetoryFlow" time="0.001" classname="com.att.myprice.testcases.TC08_BudgetoryFlow">
    <skipped/>
  </testcase> <!-- TC08_ADE_BudgetoryFlow -->
  <testcase name="TC08_ADE_BudgetoryFlow" time="0.002" classname="com.att.myprice.testcases.TC08_BudgetoryFlow">
    <skipped/>
  </testcase> <!-- TC08_ADE_BudgetoryFlow -->
  <testcase name="TC08_ADE_BudgetoryFlow" time="0.000" classname="com.att.myprice.testcases.TC08_BudgetoryFlow">
    <skipped/>
  </testcase> <!-- TC08_ADE_BudgetoryFlow -->
  <testcase name="TC08_ADE_BudgetoryFlow" time="0.001" classname="com.att.myprice.testcases.TC08_BudgetoryFlow">
    <skipped/>
  </testcase> <!-- TC08_ADE_BudgetoryFlow -->
  <testcase name="TC08_ADE_BudgetoryFlow" time="0.001" classname="com.att.myprice.testcases.TC08_BudgetoryFlow">
    <skipped/>
  </testcase> <!-- TC08_ADE_BudgetoryFlow -->
  <testcase name="TC08_ADE_BudgetoryFlow" time="0.001" classname="com.att.myprice.testcases.TC08_BudgetoryFlow">
    <skipped/>
  </testcase> <!-- TC08_ADE_BudgetoryFlow -->
  <testcase name="TC08_ADE_BudgetoryFlow" time="0.001" classname="com.att.myprice.testcases.TC08_BudgetoryFlow">
    <skipped/>
  </testcase> <!-- TC08_ADE_BudgetoryFlow -->
  <testcase name="TC08_ADE_BudgetoryFlow" time="0.001" classname="com.att.myprice.testcases.TC08_BudgetoryFlow">
    <skipped/>
  </testcase> <!-- TC08_ADE_BudgetoryFlow -->
  <testcase name="TC08_ADE_BudgetoryFlow" time="0.000" classname="com.att.myprice.testcases.TC08_BudgetoryFlow">
    <skipped/>
  </testcase> <!-- TC08_ADE_BudgetoryFlow -->
  <testcase name="TC08_ADE_BudgetoryFlow" time="0.001" classname="com.att.myprice.testcases.TC08_BudgetoryFlow">
    <skipped/>
  </testcase> <!-- TC08_ADE_BudgetoryFlow -->
  <testcase name="TC08_ADE_BudgetoryFlow" time="0.001" classname="com.att.myprice.testcases.TC08_BudgetoryFlow">
    <skipped/>
  </testcase> <!-- TC08_ADE_BudgetoryFlow -->
  <testcase name="TC08_ADE_BudgetoryFlow" time="0.000" classname="com.att.myprice.testcases.TC08_BudgetoryFlow">
    <skipped/>
  </testcase> <!-- TC08_ADE_BudgetoryFlow -->
  <testcase name="TC08_ADE_BudgetoryFlow" time="0.001" classname="com.att.myprice.testcases.TC08_BudgetoryFlow">
    <skipped/>
  </testcase> <!-- TC08_ADE_BudgetoryFlow -->
  <testcase name="TC08_ADE_BudgetoryFlow" time="0.001" classname="com.att.myprice.testcases.TC08_BudgetoryFlow">
    <skipped/>
  </testcase> <!-- TC08_ADE_BudgetoryFlow -->
  <testcase name="TC08_ADE_BudgetoryFlow" time="0.001" classname="com.att.myprice.testcases.TC08_BudgetoryFlow">
    <skipped/>
  </testcase> <!-- TC08_ADE_BudgetoryFlow -->
  <testcase name="TC08_ADE_BudgetoryFlow" time="0.001" classname="com.att.myprice.testcases.TC08_BudgetoryFlow">
    <skipped/>
  </testcase> <!-- TC08_ADE_BudgetoryFlow -->
  <testcase name="TC08_ADE_BudgetoryFlow" time="0.001" classname="com.att.myprice.testcases.TC08_BudgetoryFlow">
    <skipped/>
  </testcase> <!-- TC08_ADE_BudgetoryFlow -->
  <testcase name="TC08_ADE_BudgetoryFlow" time="0.002" classname="com.att.myprice.testcases.TC08_BudgetoryFlow">
    <skipped/>
  </testcase> <!-- TC08_ADE_BudgetoryFlow -->
  <testcase name="TC08_ADE_BudgetoryFlow" time="0.002" classname="com.att.myprice.testcases.TC08_BudgetoryFlow">
    <skipped/>
  </testcase> <!-- TC08_ADE_BudgetoryFlow -->
  <testcase name="TC08_ADE_BudgetoryFlow" time="0.001" classname="com.att.myprice.testcases.TC08_BudgetoryFlow">
    <skipped/>
  </testcase> <!-- TC08_ADE_BudgetoryFlow -->
  <testcase name="TC08_ADE_BudgetoryFlow" time="0.001" classname="com.att.myprice.testcases.TC08_BudgetoryFlow">
    <skipped/>
  </testcase> <!-- TC08_ADE_BudgetoryFlow -->
  <testcase name="TC08_ADE_BudgetoryFlow" time="0.001" classname="com.att.myprice.testcases.TC08_BudgetoryFlow">
    <skipped/>
  </testcase> <!-- TC08_ADE_BudgetoryFlow -->
  <testcase name="TC08_ADE_BudgetoryFlow" time="0.001" classname="com.att.myprice.testcases.TC08_BudgetoryFlow">
    <skipped/>
  </testcase> <!-- TC08_ADE_BudgetoryFlow -->
  <testcase name="TC08_ADE_BudgetoryFlow" time="0.001" classname="com.att.myprice.testcases.TC08_BudgetoryFlow">
    <skipped/>
  </testcase> <!-- TC08_ADE_BudgetoryFlow -->
  <testcase name="TC08_ADE_BudgetoryFlow" time="0.001" classname="com.att.myprice.testcases.TC08_BudgetoryFlow">
    <skipped/>
  </testcase> <!-- TC08_ADE_BudgetoryFlow -->
  <testcase name="TC08_ADE_BudgetoryFlow" time="0.001" classname="com.att.myprice.testcases.TC08_BudgetoryFlow">
    <skipped/>
  </testcase> <!-- TC08_ADE_BudgetoryFlow -->
  <testcase name="TC08_ADE_BudgetoryFlow" time="0.001" classname="com.att.myprice.testcases.TC08_BudgetoryFlow">
    <skipped/>
  </testcase> <!-- TC08_ADE_BudgetoryFlow -->
  <testcase name="TC08_ADE_BudgetoryFlow" time="0.001" classname="com.att.myprice.testcases.TC08_BudgetoryFlow">
    <skipped/>
  </testcase> <!-- TC08_ADE_BudgetoryFlow -->
  <testcase name="TC08_ADE_BudgetoryFlow" time="0.001" classname="com.att.myprice.testcases.TC08_BudgetoryFlow">
    <skipped/>
  </testcase> <!-- TC08_ADE_BudgetoryFlow -->
  <testcase name="TC08_ADE_BudgetoryFlow" time="0.001" classname="com.att.myprice.testcases.TC08_BudgetoryFlow">
    <skipped/>
  </testcase> <!-- TC08_ADE_BudgetoryFlow -->
  <testcase name="TC08_ADE_BudgetoryFlow" time="0.001" classname="com.att.myprice.testcases.TC08_BudgetoryFlow">
    <skipped/>
  </testcase> <!-- TC08_ADE_BudgetoryFlow -->
  <testcase name="TC08_ADE_BudgetoryFlow" time="0.001" classname="com.att.myprice.testcases.TC08_BudgetoryFlow">
    <skipped/>
  </testcase> <!-- TC08_ADE_BudgetoryFlow -->
  <testcase name="TC08_ADE_BudgetoryFlow" time="0.001" classname="com.att.myprice.testcases.TC08_BudgetoryFlow">
    <skipped/>
  </testcase> <!-- TC08_ADE_BudgetoryFlow -->
  <testcase name="TC08_ADE_BudgetoryFlow" time="0.001" classname="com.att.myprice.testcases.TC08_BudgetoryFlow">
    <skipped/>
  </testcase> <!-- TC08_ADE_BudgetoryFlow -->
  <testcase name="TC08_ADE_BudgetoryFlow" time="0.001" classname="com.att.myprice.testcases.TC08_BudgetoryFlow">
    <skipped/>
  </testcase> <!-- TC08_ADE_BudgetoryFlow -->
  <testcase name="TC08_ADE_BudgetoryFlow" time="0.000" classname="com.att.myprice.testcases.TC08_BudgetoryFlow">
    <skipped/>
  </testcase> <!-- TC08_ADE_BudgetoryFlow -->
  <testcase name="TC08_ADE_BudgetoryFlow" time="0.000" classname="com.att.myprice.testcases.TC08_BudgetoryFlow">
    <skipped/>
  </testcase> <!-- TC08_ADE_BudgetoryFlow -->
  <testcase name="TC08_ADE_BudgetoryFlow" time="0.003" classname="com.att.myprice.testcases.TC08_BudgetoryFlow">
    <skipped/>
  </testcase> <!-- TC08_ADE_BudgetoryFlow -->
  <testcase name="TC08_ADE_BudgetoryFlow" time="0.001" classname="com.att.myprice.testcases.TC08_BudgetoryFlow">
    <skipped/>
  </testcase> <!-- TC08_ADE_BudgetoryFlow -->
  <testcase name="TC08_ADE_BudgetoryFlow" time="0.001" classname="com.att.myprice.testcases.TC08_BudgetoryFlow">
    <skipped/>
  </testcase> <!-- TC08_ADE_BudgetoryFlow -->
  <testcase name="TC08_ADE_BudgetoryFlow" time="0.001" classname="com.att.myprice.testcases.TC08_BudgetoryFlow">
    <skipped/>
  </testcase> <!-- TC08_ADE_BudgetoryFlow -->
  <testcase name="TC08_ADE_BudgetoryFlow" time="0.002" classname="com.att.myprice.testcases.TC08_BudgetoryFlow">
    <skipped/>
  </testcase> <!-- TC08_ADE_BudgetoryFlow -->
  <testcase name="TC08_ADE_BudgetoryFlow" time="0.001" classname="com.att.myprice.testcases.TC08_BudgetoryFlow">
    <skipped/>
  </testcase> <!-- TC08_ADE_BudgetoryFlow -->
  <testcase name="TC08_ADE_BudgetoryFlow" time="0.000" classname="com.att.myprice.testcases.TC08_BudgetoryFlow">
    <skipped/>
  </testcase> <!-- TC08_ADE_BudgetoryFlow -->
  <testcase name="TC08_ADE_BudgetoryFlow" time="0.000" classname="com.att.myprice.testcases.TC08_BudgetoryFlow">
    <skipped/>
  </testcase> <!-- TC08_ADE_BudgetoryFlow -->
  <testcase name="TC08_ADE_BudgetoryFlow" time="0.001" classname="com.att.myprice.testcases.TC08_BudgetoryFlow">
    <skipped/>
  </testcase> <!-- TC08_ADE_BudgetoryFlow -->
  <testcase name="TC08_ADE_BudgetoryFlow" time="0.001" classname="com.att.myprice.testcases.TC08_BudgetoryFlow">
    <skipped/>
  </testcase> <!-- TC08_ADE_BudgetoryFlow -->
  <testcase name="TC08_ADE_BudgetoryFlow" time="0.000" classname="com.att.myprice.testcases.TC08_BudgetoryFlow">
    <skipped/>
  </testcase> <!-- TC08_ADE_BudgetoryFlow -->
  <testcase name="TC08_ADE_BudgetoryFlow" time="0.000" classname="com.att.myprice.testcases.TC08_BudgetoryFlow">
    <skipped/>
  </testcase> <!-- TC08_ADE_BudgetoryFlow -->
  <testcase name="TC08_ADE_BudgetoryFlow" time="0.001" classname="com.att.myprice.testcases.TC08_BudgetoryFlow">
    <skipped/>
  </testcase> <!-- TC08_ADE_BudgetoryFlow -->
  <testcase name="TC08_ADE_BudgetoryFlow" time="0.000" classname="com.att.myprice.testcases.TC08_BudgetoryFlow">
    <skipped/>
  </testcase> <!-- TC08_ADE_BudgetoryFlow -->
  <testcase name="TC08_ADE_BudgetoryFlow" time="0.001" classname="com.att.myprice.testcases.TC08_BudgetoryFlow">
    <skipped/>
  </testcase> <!-- TC08_ADE_BudgetoryFlow -->
  <testcase name="TC08_ADE_BudgetoryFlow" time="0.001" classname="com.att.myprice.testcases.TC08_BudgetoryFlow">
    <skipped/>
  </testcase> <!-- TC08_ADE_BudgetoryFlow -->
  <testcase name="TC08_ADE_BudgetoryFlow" time="0.001" classname="com.att.myprice.testcases.TC08_BudgetoryFlow">
    <skipped/>
  </testcase> <!-- TC08_ADE_BudgetoryFlow -->
  <testcase name="TC08_ADE_BudgetoryFlow" time="0.001" classname="com.att.myprice.testcases.TC08_BudgetoryFlow">
    <skipped/>
  </testcase> <!-- TC08_ADE_BudgetoryFlow -->
  <testcase name="TC08_ADE_BudgetoryFlow" time="0.002" classname="com.att.myprice.testcases.TC08_BudgetoryFlow">
    <skipped/>
  </testcase> <!-- TC08_ADE_BudgetoryFlow -->
  <testcase name="TC08_ADE_BudgetoryFlow" time="0.001" classname="com.att.myprice.testcases.TC08_BudgetoryFlow">
    <skipped/>
  </testcase> <!-- TC08_ADE_BudgetoryFlow -->
  <testcase name="TC08_ADE_BudgetoryFlow" time="0.001" classname="com.att.myprice.testcases.TC08_BudgetoryFlow">
    <skipped/>
  </testcase> <!-- TC08_ADE_BudgetoryFlow -->
  <testcase name="TC08_ADE_BudgetoryFlow" time="0.001" classname="com.att.myprice.testcases.TC08_BudgetoryFlow">
    <skipped/>
  </testcase> <!-- TC08_ADE_BudgetoryFlow -->
  <testcase name="TC08_ADE_BudgetoryFlow" time="0.001" classname="com.att.myprice.testcases.TC08_BudgetoryFlow">
    <skipped/>
  </testcase> <!-- TC08_ADE_BudgetoryFlow -->
  <testcase name="TC08_ADE_BudgetoryFlow" time="0.001" classname="com.att.myprice.testcases.TC08_BudgetoryFlow">
    <skipped/>
  </testcase> <!-- TC08_ADE_BudgetoryFlow -->
  <testcase name="TC08_ADE_BudgetoryFlow" time="0.001" classname="com.att.myprice.testcases.TC08_BudgetoryFlow">
    <skipped/>
  </testcase> <!-- TC08_ADE_BudgetoryFlow -->
  <testcase name="TC08_ADE_BudgetoryFlow" time="0.000" classname="com.att.myprice.testcases.TC08_BudgetoryFlow">
    <skipped/>
  </testcase> <!-- TC08_ADE_BudgetoryFlow -->
  <testcase name="TC08_ADE_BudgetoryFlow" time="0.001" classname="com.att.myprice.testcases.TC08_BudgetoryFlow">
    <skipped/>
  </testcase> <!-- TC08_ADE_BudgetoryFlow -->
  <testcase name="TC08_ADE_BudgetoryFlow" time="0.001" classname="com.att.myprice.testcases.TC08_BudgetoryFlow">
    <skipped/>
  </testcase> <!-- TC08_ADE_BudgetoryFlow -->
  <testcase name="TC08_ADE_BudgetoryFlow" time="0.001" classname="com.att.myprice.testcases.TC08_BudgetoryFlow">
    <skipped/>
  </testcase> <!-- TC08_ADE_BudgetoryFlow -->
  <testcase name="TC08_ADE_BudgetoryFlow" time="0.001" classname="com.att.myprice.testcases.TC08_BudgetoryFlow">
    <skipped/>
  </testcase> <!-- TC08_ADE_BudgetoryFlow -->
  <testcase name="TC08_ADE_BudgetoryFlow" time="0.003" classname="com.att.myprice.testcases.TC08_BudgetoryFlow">
    <skipped/>
  </testcase> <!-- TC08_ADE_BudgetoryFlow -->
  <testcase name="TC08_ADE_BudgetoryFlow" time="0.001" classname="com.att.myprice.testcases.TC08_BudgetoryFlow">
    <skipped/>
  </testcase> <!-- TC08_ADE_BudgetoryFlow -->
  <testcase name="TC08_ADE_BudgetoryFlow" time="0.001" classname="com.att.myprice.testcases.TC08_BudgetoryFlow">
    <skipped/>
  </testcase> <!-- TC08_ADE_BudgetoryFlow -->
  <testcase name="TC08_ADE_BudgetoryFlow" time="0.000" classname="com.att.myprice.testcases.TC08_BudgetoryFlow">
    <skipped/>
  </testcase> <!-- TC08_ADE_BudgetoryFlow -->
  <testcase name="TC08_ADE_BudgetoryFlow" time="0.001" classname="com.att.myprice.testcases.TC08_BudgetoryFlow">
    <skipped/>
  </testcase> <!-- TC08_ADE_BudgetoryFlow -->
  <testcase name="TC08_ADE_BudgetoryFlow" time="0.001" classname="com.att.myprice.testcases.TC08_BudgetoryFlow">
    <skipped/>
  </testcase> <!-- TC08_ADE_BudgetoryFlow -->
  <testcase name="TC08_ADE_BudgetoryFlow" time="0.001" classname="com.att.myprice.testcases.TC08_BudgetoryFlow">
    <skipped/>
  </testcase> <!-- TC08_ADE_BudgetoryFlow -->
  <testcase name="TC08_ADE_BudgetoryFlow" time="0.001" classname="com.att.myprice.testcases.TC08_BudgetoryFlow">
    <skipped/>
  </testcase> <!-- TC08_ADE_BudgetoryFlow -->
  <testcase name="TC08_ADE_BudgetoryFlow" time="0.001" classname="com.att.myprice.testcases.TC08_BudgetoryFlow">
    <skipped/>
  </testcase> <!-- TC08_ADE_BudgetoryFlow -->
  <testcase name="TC08_ADE_BudgetoryFlow" time="0.001" classname="com.att.myprice.testcases.TC08_BudgetoryFlow">
    <skipped/>
  </testcase> <!-- TC08_ADE_BudgetoryFlow -->
  <testcase name="TC08_ADE_BudgetoryFlow" time="0.001" classname="com.att.myprice.testcases.TC08_BudgetoryFlow">
    <skipped/>
  </testcase> <!-- TC08_ADE_BudgetoryFlow -->
  <testcase name="TC08_ADE_BudgetoryFlow" time="0.001" classname="com.att.myprice.testcases.TC08_BudgetoryFlow">
    <skipped/>
  </testcase> <!-- TC08_ADE_BudgetoryFlow -->
  <testcase name="TC08_ADE_BudgetoryFlow" time="0.001" classname="com.att.myprice.testcases.TC08_BudgetoryFlow">
    <skipped/>
  </testcase> <!-- TC08_ADE_BudgetoryFlow -->
  <testcase name="TC08_ADE_BudgetoryFlow" time="0.000" classname="com.att.myprice.testcases.TC08_BudgetoryFlow">
    <skipped/>
  </testcase> <!-- TC08_ADE_BudgetoryFlow -->
  <testcase name="TC08_ADE_BudgetoryFlow" time="0.000" classname="com.att.myprice.testcases.TC08_BudgetoryFlow">
    <skipped/>
  </testcase> <!-- TC08_ADE_BudgetoryFlow -->
  <testcase name="TC08_ADE_BudgetoryFlow" time="0.000" classname="com.att.myprice.testcases.TC08_BudgetoryFlow">
    <skipped/>
  </testcase> <!-- TC08_ADE_BudgetoryFlow -->
  <testcase name="TC08_ADE_BudgetoryFlow" time="0.001" classname="com.att.myprice.testcases.TC08_BudgetoryFlow">
    <skipped/>
  </testcase> <!-- TC08_ADE_BudgetoryFlow -->
  <testcase name="TC08_ADE_BudgetoryFlow" time="0.001" classname="com.att.myprice.testcases.TC08_BudgetoryFlow">
    <skipped/>
  </testcase> <!-- TC08_ADE_BudgetoryFlow -->
  <testcase name="TC08_ADE_BudgetoryFlow" time="0.001" classname="com.att.myprice.testcases.TC08_BudgetoryFlow">
    <skipped/>
  </testcase> <!-- TC08_ADE_BudgetoryFlow -->
  <testcase name="TC08_ADE_BudgetoryFlow" time="0.001" classname="com.att.myprice.testcases.TC08_BudgetoryFlow">
    <skipped/>
  </testcase> <!-- TC08_ADE_BudgetoryFlow -->
  <testcase name="TC08_ADE_BudgetoryFlow" time="0.001" classname="com.att.myprice.testcases.TC08_BudgetoryFlow">
    <skipped/>
  </testcase> <!-- TC08_ADE_BudgetoryFlow -->
  <testcase name="TC08_ADE_BudgetoryFlow" time="0.000" classname="com.att.myprice.testcases.TC08_BudgetoryFlow">
    <skipped/>
  </testcase> <!-- TC08_ADE_BudgetoryFlow -->
  <testcase name="TC08_ADE_BudgetoryFlow" time="0.001" classname="com.att.myprice.testcases.TC08_BudgetoryFlow">
    <skipped/>
  </testcase> <!-- TC08_ADE_BudgetoryFlow -->
  <testcase name="TC08_ADE_BudgetoryFlow" time="0.001" classname="com.att.myprice.testcases.TC08_BudgetoryFlow">
    <skipped/>
  </testcase> <!-- TC08_ADE_BudgetoryFlow -->
  <testcase name="TC08_ADE_BudgetoryFlow" time="0.001" classname="com.att.myprice.testcases.TC08_BudgetoryFlow">
    <skipped/>
  </testcase> <!-- TC08_ADE_BudgetoryFlow -->
  <testcase name="TC08_ADE_BudgetoryFlow" time="0.001" classname="com.att.myprice.testcases.TC08_BudgetoryFlow">
    <skipped/>
  </testcase> <!-- TC08_ADE_BudgetoryFlow -->
  <testcase name="TC08_ADE_BudgetoryFlow" time="0.001" classname="com.att.myprice.testcases.TC08_BudgetoryFlow">
    <skipped/>
  </testcase> <!-- TC08_ADE_BudgetoryFlow -->
  <testcase name="TC08_ADE_BudgetoryFlow" time="0.000" classname="com.att.myprice.testcases.TC08_BudgetoryFlow">
    <skipped/>
  </testcase> <!-- TC08_ADE_BudgetoryFlow -->
  <testcase name="TC08_ADE_BudgetoryFlow" time="0.001" classname="com.att.myprice.testcases.TC08_BudgetoryFlow">
    <skipped/>
  </testcase> <!-- TC08_ADE_BudgetoryFlow -->
  <testcase name="TC08_ADE_BudgetoryFlow" time="0.001" classname="com.att.myprice.testcases.TC08_BudgetoryFlow">
    <skipped/>
  </testcase> <!-- TC08_ADE_BudgetoryFlow -->
  <testcase name="TC08_ADE_BudgetoryFlow" time="0.001" classname="com.att.myprice.testcases.TC08_BudgetoryFlow">
    <skipped/>
  </testcase> <!-- TC08_ADE_BudgetoryFlow -->
  <testcase name="TC08_ADE_BudgetoryFlow" time="0.003" classname="com.att.myprice.testcases.TC08_BudgetoryFlow">
    <skipped/>
  </testcase> <!-- TC08_ADE_BudgetoryFlow -->
  <testcase name="TC08_ADE_BudgetoryFlow" time="0.001" classname="com.att.myprice.testcases.TC08_BudgetoryFlow">
    <skipped/>
  </testcase> <!-- TC08_ADE_BudgetoryFlow -->
  <testcase name="TC08_ADE_BudgetoryFlow" time="0.001" classname="com.att.myprice.testcases.TC08_BudgetoryFlow">
    <skipped/>
  </testcase> <!-- TC08_ADE_BudgetoryFlow -->
  <testcase name="TC08_ADE_BudgetoryFlow" time="0.001" classname="com.att.myprice.testcases.TC08_BudgetoryFlow">
    <skipped/>
  </testcase> <!-- TC08_ADE_BudgetoryFlow -->
  <testcase name="TC08_ADE_BudgetoryFlow" time="0.001" classname="com.att.myprice.testcases.TC08_BudgetoryFlow">
    <skipped/>
  </testcase> <!-- TC08_ADE_BudgetoryFlow -->
  <testcase name="TC08_ADE_BudgetoryFlow" time="0.001" classname="com.att.myprice.testcases.TC08_BudgetoryFlow">
    <skipped/>
  </testcase> <!-- TC08_ADE_BudgetoryFlow -->
  <testcase name="TC08_ADE_BudgetoryFlow" time="0.001" classname="com.att.myprice.testcases.TC08_BudgetoryFlow">
    <skipped/>
  </testcase> <!-- TC08_ADE_BudgetoryFlow -->
  <testcase name="TC08_ADE_BudgetoryFlow" time="0.002" classname="com.att.myprice.testcases.TC08_BudgetoryFlow">
    <skipped/>
  </testcase> <!-- TC08_ADE_BudgetoryFlow -->
  <testcase name="TC08_ADE_BudgetoryFlow" time="0.000" classname="com.att.myprice.testcases.TC08_BudgetoryFlow">
    <skipped/>
  </testcase> <!-- TC08_ADE_BudgetoryFlow -->
  <testcase name="TC08_ADE_BudgetoryFlow" time="0.000" classname="com.att.myprice.testcases.TC08_BudgetoryFlow">
    <skipped/>
  </testcase> <!-- TC08_ADE_BudgetoryFlow -->
  <testcase name="TC08_ADE_BudgetoryFlow" time="0.000" classname="com.att.myprice.testcases.TC08_BudgetoryFlow">
    <skipped/>
  </testcase> <!-- TC08_ADE_BudgetoryFlow -->
  <testcase name="TC08_ADE_BudgetoryFlow" time="0.001" classname="com.att.myprice.testcases.TC08_BudgetoryFlow">
    <skipped/>
  </testcase> <!-- TC08_ADE_BudgetoryFlow -->
  <testcase name="TC08_ADE_BudgetoryFlow" time="0.001" classname="com.att.myprice.testcases.TC08_BudgetoryFlow">
    <skipped/>
  </testcase> <!-- TC08_ADE_BudgetoryFlow -->
  <testcase name="TC08_ADE_BudgetoryFlow" time="0.001" classname="com.att.myprice.testcases.TC08_BudgetoryFlow">
    <skipped/>
  </testcase> <!-- TC08_ADE_BudgetoryFlow -->
  <testcase name="TC08_ADE_BudgetoryFlow" time="0.001" classname="com.att.myprice.testcases.TC08_BudgetoryFlow">
    <skipped/>
  </testcase> <!-- TC08_ADE_BudgetoryFlow -->
  <testcase name="TC08_ADE_BudgetoryFlow" time="0.000" classname="com.att.myprice.testcases.TC08_BudgetoryFlow">
    <skipped/>
  </testcase> <!-- TC08_ADE_BudgetoryFlow -->
  <testcase name="TC08_ADE_BudgetoryFlow" time="0.001" classname="com.att.myprice.testcases.TC08_BudgetoryFlow">
    <skipped/>
  </testcase> <!-- TC08_ADE_BudgetoryFlow -->
  <testcase name="TC08_ADE_BudgetoryFlow" time="0.000" classname="com.att.myprice.testcases.TC08_BudgetoryFlow">
    <skipped/>
  </testcase> <!-- TC08_ADE_BudgetoryFlow -->
  <testcase name="TC08_ADE_BudgetoryFlow" time="0.001" classname="com.att.myprice.testcases.TC08_BudgetoryFlow">
    <skipped/>
  </testcase> <!-- TC08_ADE_BudgetoryFlow -->
  <testcase name="TC08_ADE_BudgetoryFlow" time="0.001" classname="com.att.myprice.testcases.TC08_BudgetoryFlow">
    <skipped/>
  </testcase> <!-- TC08_ADE_BudgetoryFlow -->
  <testcase name="TC08_ADE_BudgetoryFlow" time="0.000" classname="com.att.myprice.testcases.TC08_BudgetoryFlow">
    <skipped/>
  </testcase> <!-- TC08_ADE_BudgetoryFlow -->
  <testcase name="TC08_ADE_BudgetoryFlow" time="0.001" classname="com.att.myprice.testcases.TC08_BudgetoryFlow">
    <skipped/>
  </testcase> <!-- TC08_ADE_BudgetoryFlow -->
  <testcase name="TC08_ADE_BudgetoryFlow" time="0.001" classname="com.att.myprice.testcases.TC08_BudgetoryFlow">
    <skipped/>
  </testcase> <!-- TC08_ADE_BudgetoryFlow -->
  <testcase name="TC08_ADE_BudgetoryFlow" time="0.001" classname="com.att.myprice.testcases.TC08_BudgetoryFlow">
    <skipped/>
  </testcase> <!-- TC08_ADE_BudgetoryFlow -->
  <testcase name="TC08_ADE_BudgetoryFlow" time="0.001" classname="com.att.myprice.testcases.TC08_BudgetoryFlow">
    <skipped/>
  </testcase> <!-- TC08_ADE_BudgetoryFlow -->
  <testcase name="TC08_ADE_BudgetoryFlow" time="0.001" classname="com.att.myprice.testcases.TC08_BudgetoryFlow">
    <skipped/>
  </testcase> <!-- TC08_ADE_BudgetoryFlow -->
  <testcase name="TC08_ADE_BudgetoryFlow" time="0.001" classname="com.att.myprice.testcases.TC08_BudgetoryFlow">
    <skipped/>
  </testcase> <!-- TC08_ADE_BudgetoryFlow -->
  <testcase name="TC08_ADE_BudgetoryFlow" time="0.002" classname="com.att.myprice.testcases.TC08_BudgetoryFlow">
    <skipped/>
  </testcase> <!-- TC08_ADE_BudgetoryFlow -->
  <testcase name="TC08_ADE_BudgetoryFlow" time="0.000" classname="com.att.myprice.testcases.TC08_BudgetoryFlow">
    <skipped/>
  </testcase> <!-- TC08_ADE_BudgetoryFlow -->
  <testcase name="TC08_ADE_BudgetoryFlow" time="0.001" classname="com.att.myprice.testcases.TC08_BudgetoryFlow">
    <skipped/>
  </testcase> <!-- TC08_ADE_BudgetoryFlow -->
  <testcase name="TC08_ADE_BudgetoryFlow" time="0.001" classname="com.att.myprice.testcases.TC08_BudgetoryFlow">
    <skipped/>
  </testcase> <!-- TC08_ADE_BudgetoryFlow -->
  <testcase name="TC08_ADE_BudgetoryFlow" time="0.001" classname="com.att.myprice.testcases.TC08_BudgetoryFlow">
    <skipped/>
  </testcase> <!-- TC08_ADE_BudgetoryFlow -->
  <testcase name="TC08_ADE_BudgetoryFlow" time="0.001" classname="com.att.myprice.testcases.TC08_BudgetoryFlow">
    <skipped/>
  </testcase> <!-- TC08_ADE_BudgetoryFlow -->
  <testcase name="TC08_ADE_BudgetoryFlow" time="0.000" classname="com.att.myprice.testcases.TC08_BudgetoryFlow">
    <skipped/>
  </testcase> <!-- TC08_ADE_BudgetoryFlow -->
  <testcase name="TC08_ADE_BudgetoryFlow" time="0.001" classname="com.att.myprice.testcases.TC08_BudgetoryFlow">
    <skipped/>
  </testcase> <!-- TC08_ADE_BudgetoryFlow -->
  <testcase name="TC08_ADE_BudgetoryFlow" time="0.001" classname="com.att.myprice.testcases.TC08_BudgetoryFlow">
    <skipped/>
  </testcase> <!-- TC08_ADE_BudgetoryFlow -->
  <testcase name="TC08_ADE_BudgetoryFlow" time="0.001" classname="com.att.myprice.testcases.TC08_BudgetoryFlow">
    <skipped/>
  </testcase> <!-- TC08_ADE_BudgetoryFlow -->
  <testcase name="TC08_ADE_BudgetoryFlow" time="0.001" classname="com.att.myprice.testcases.TC08_BudgetoryFlow">
    <skipped/>
  </testcase> <!-- TC08_ADE_BudgetoryFlow -->
  <testcase name="TC08_ADE_BudgetoryFlow" time="0.000" classname="com.att.myprice.testcases.TC08_BudgetoryFlow">
    <skipped/>
  </testcase> <!-- TC08_ADE_BudgetoryFlow -->
  <testcase name="TC08_ADE_BudgetoryFlow" time="0.001" classname="com.att.myprice.testcases.TC08_BudgetoryFlow">
    <skipped/>
  </testcase> <!-- TC08_ADE_BudgetoryFlow -->
  <testcase name="TC08_ADE_BudgetoryFlow" time="0.001" classname="com.att.myprice.testcases.TC08_BudgetoryFlow">
    <skipped/>
  </testcase> <!-- TC08_ADE_BudgetoryFlow -->
  <testcase name="TC08_ADE_BudgetoryFlow" time="0.001" classname="com.att.myprice.testcases.TC08_BudgetoryFlow">
    <skipped/>
  </testcase> <!-- TC08_ADE_BudgetoryFlow -->
  <testcase name="TC08_ADE_BudgetoryFlow" time="0.001" classname="com.att.myprice.testcases.TC08_BudgetoryFlow">
    <skipped/>
  </testcase> <!-- TC08_ADE_BudgetoryFlow -->
  <testcase name="TC08_ADE_BudgetoryFlow" time="0.001" classname="com.att.myprice.testcases.TC08_BudgetoryFlow">
    <skipped/>
  </testcase> <!-- TC08_ADE_BudgetoryFlow -->
  <testcase name="TC08_ADE_BudgetoryFlow" time="0.001" classname="com.att.myprice.testcases.TC08_BudgetoryFlow">
    <skipped/>
  </testcase> <!-- TC08_ADE_BudgetoryFlow -->
  <testcase name="TC08_ADE_BudgetoryFlow" time="0.001" classname="com.att.myprice.testcases.TC08_BudgetoryFlow">
    <skipped/>
  </testcase> <!-- TC08_ADE_BudgetoryFlow -->
  <testcase name="TC08_ADE_BudgetoryFlow" time="0.001" classname="com.att.myprice.testcases.TC08_BudgetoryFlow">
    <skipped/>
  </testcase> <!-- TC08_ADE_BudgetoryFlow -->
  <testcase name="TC08_ADE_BudgetoryFlow" time="0.000" classname="com.att.myprice.testcases.TC08_BudgetoryFlow">
    <skipped/>
  </testcase> <!-- TC08_ADE_BudgetoryFlow -->
  <testcase name="TC08_ADE_BudgetoryFlow" time="0.001" classname="com.att.myprice.testcases.TC08_BudgetoryFlow">
    <skipped/>
  </testcase> <!-- TC08_ADE_BudgetoryFlow -->
  <testcase name="TC08_ADE_BudgetoryFlow" time="0.001" classname="com.att.myprice.testcases.TC08_BudgetoryFlow">
    <skipped/>
  </testcase> <!-- TC08_ADE_BudgetoryFlow -->
  <testcase name="TC08_ADE_BudgetoryFlow" time="0.001" classname="com.att.myprice.testcases.TC08_BudgetoryFlow">
    <skipped/>
  </testcase> <!-- TC08_ADE_BudgetoryFlow -->
  <testcase name="TC08_ADE_BudgetoryFlow" time="0.001" classname="com.att.myprice.testcases.TC08_BudgetoryFlow">
    <skipped/>
  </testcase> <!-- TC08_ADE_BudgetoryFlow -->
  <testcase name="TC08_ADE_BudgetoryFlow" time="0.001" classname="com.att.myprice.testcases.TC08_BudgetoryFlow">
    <skipped/>
  </testcase> <!-- TC08_ADE_BudgetoryFlow -->
  <testcase name="TC08_ADE_BudgetoryFlow" time="0.001" classname="com.att.myprice.testcases.TC08_BudgetoryFlow">
    <skipped/>
  </testcase> <!-- TC08_ADE_BudgetoryFlow -->
  <testcase name="TC08_ADE_BudgetoryFlow" time="0.001" classname="com.att.myprice.testcases.TC08_BudgetoryFlow">
    <skipped/>
  </testcase> <!-- TC08_ADE_BudgetoryFlow -->
  <testcase name="TC08_ADE_BudgetoryFlow" time="0.001" classname="com.att.myprice.testcases.TC08_BudgetoryFlow">
    <skipped/>
  </testcase> <!-- TC08_ADE_BudgetoryFlow -->
  <testcase name="TC08_ADE_BudgetoryFlow" time="0.001" classname="com.att.myprice.testcases.TC08_BudgetoryFlow">
    <skipped/>
  </testcase> <!-- TC08_ADE_BudgetoryFlow -->
  <testcase name="TC08_ADE_BudgetoryFlow" time="0.001" classname="com.att.myprice.testcases.TC08_BudgetoryFlow">
    <skipped/>
  </testcase> <!-- TC08_ADE_BudgetoryFlow -->
  <testcase name="TC08_ADE_BudgetoryFlow" time="0.001" classname="com.att.myprice.testcases.TC08_BudgetoryFlow">
    <skipped/>
  </testcase> <!-- TC08_ADE_BudgetoryFlow -->
  <testcase name="TC08_ADE_BudgetoryFlow" time="0.001" classname="com.att.myprice.testcases.TC08_BudgetoryFlow">
    <skipped/>
  </testcase> <!-- TC08_ADE_BudgetoryFlow -->
  <testcase name="TC08_ADE_BudgetoryFlow" time="0.001" classname="com.att.myprice.testcases.TC08_BudgetoryFlow">
    <skipped/>
  </testcase> <!-- TC08_ADE_BudgetoryFlow -->
  <testcase name="TC08_ADE_BudgetoryFlow" time="0.001" classname="com.att.myprice.testcases.TC08_BudgetoryFlow">
    <skipped/>
  </testcase> <!-- TC08_ADE_BudgetoryFlow -->
  <testcase name="TC08_ADE_BudgetoryFlow" time="0.001" classname="com.att.myprice.testcases.TC08_BudgetoryFlow">
    <skipped/>
  </testcase> <!-- TC08_ADE_BudgetoryFlow -->
  <testcase name="TC08_ADE_BudgetoryFlow" time="0.001" classname="com.att.myprice.testcases.TC08_BudgetoryFlow">
    <skipped/>
  </testcase> <!-- TC08_ADE_BudgetoryFlow -->
  <testcase name="TC08_ADE_BudgetoryFlow" time="0.001" classname="com.att.myprice.testcases.TC08_BudgetoryFlow">
    <skipped/>
  </testcase> <!-- TC08_ADE_BudgetoryFlow -->
  <testcase name="TC08_ADE_BudgetoryFlow" time="0.001" classname="com.att.myprice.testcases.TC08_BudgetoryFlow">
    <skipped/>
  </testcase> <!-- TC08_ADE_BudgetoryFlow -->
  <testcase name="TC08_ADE_BudgetoryFlow" time="0.001" classname="com.att.myprice.testcases.TC08_BudgetoryFlow">
    <skipped/>
  </testcase> <!-- TC08_ADE_BudgetoryFlow -->
  <testcase name="TC08_ADE_BudgetoryFlow" time="0.001" classname="com.att.myprice.testcases.TC08_BudgetoryFlow">
    <skipped/>
  </testcase> <!-- TC08_ADE_BudgetoryFlow -->
  <testcase name="TC08_ADE_BudgetoryFlow" time="0.001" classname="com.att.myprice.testcases.TC08_BudgetoryFlow">
    <skipped/>
  </testcase> <!-- TC08_ADE_BudgetoryFlow -->
  <testcase name="TC08_ADE_BudgetoryFlow" time="0.000" classname="com.att.myprice.testcases.TC08_BudgetoryFlow">
    <skipped/>
  </testcase> <!-- TC08_ADE_BudgetoryFlow -->
  <testcase name="TC08_ADE_BudgetoryFlow" time="0.000" classname="com.att.myprice.testcases.TC08_BudgetoryFlow">
    <skipped/>
  </testcase> <!-- TC08_ADE_BudgetoryFlow -->
  <testcase name="TC08_ADE_BudgetoryFlow" time="0.001" classname="com.att.myprice.testcases.TC08_BudgetoryFlow">
    <skipped/>
  </testcase> <!-- TC08_ADE_BudgetoryFlow -->
  <testcase name="TC08_ADE_BudgetoryFlow" time="0.001" classname="com.att.myprice.testcases.TC08_BudgetoryFlow">
    <skipped/>
  </testcase> <!-- TC08_ADE_BudgetoryFlow -->
  <testcase name="TC08_ADE_BudgetoryFlow" time="0.001" classname="com.att.myprice.testcases.TC08_BudgetoryFlow">
    <skipped/>
  </testcase> <!-- TC08_ADE_BudgetoryFlow -->
  <testcase name="TC08_ADE_BudgetoryFlow" time="0.001" classname="com.att.myprice.testcases.TC08_BudgetoryFlow">
    <skipped/>
  </testcase> <!-- TC08_ADE_BudgetoryFlow -->
  <testcase name="TC08_ADE_BudgetoryFlow" time="0.002" classname="com.att.myprice.testcases.TC08_BudgetoryFlow">
    <skipped/>
  </testcase> <!-- TC08_ADE_BudgetoryFlow -->
  <testcase name="TC08_ADE_BudgetoryFlow" time="0.001" classname="com.att.myprice.testcases.TC08_BudgetoryFlow">
    <skipped/>
  </testcase> <!-- TC08_ADE_BudgetoryFlow -->
  <testcase name="TC08_ADE_BudgetoryFlow" time="0.000" classname="com.att.myprice.testcases.TC08_BudgetoryFlow">
    <skipped/>
  </testcase> <!-- TC08_ADE_BudgetoryFlow -->
  <testcase name="TC08_ADE_BudgetoryFlow" time="0.001" classname="com.att.myprice.testcases.TC08_BudgetoryFlow">
    <skipped/>
  </testcase> <!-- TC08_ADE_BudgetoryFlow -->
  <testcase name="TC08_ADE_BudgetoryFlow" time="0.001" classname="com.att.myprice.testcases.TC08_BudgetoryFlow">
    <skipped/>
  </testcase> <!-- TC08_ADE_BudgetoryFlow -->
  <testcase name="TC08_ADE_BudgetoryFlow" time="0.001" classname="com.att.myprice.testcases.TC08_BudgetoryFlow">
    <skipped/>
  </testcase> <!-- TC08_ADE_BudgetoryFlow -->
  <testcase name="TC08_ADE_BudgetoryFlow" time="0.001" classname="com.att.myprice.testcases.TC08_BudgetoryFlow">
    <skipped/>
  </testcase> <!-- TC08_ADE_BudgetoryFlow -->
  <testcase name="TC08_ADE_BudgetoryFlow" time="0.000" classname="com.att.myprice.testcases.TC08_BudgetoryFlow">
    <skipped/>
  </testcase> <!-- TC08_ADE_BudgetoryFlow -->
  <testcase name="TC08_ADE_BudgetoryFlow" time="0.001" classname="com.att.myprice.testcases.TC08_BudgetoryFlow">
    <skipped/>
  </testcase> <!-- TC08_ADE_BudgetoryFlow -->
  <testcase name="TC08_ADE_BudgetoryFlow" time="0.001" classname="com.att.myprice.testcases.TC08_BudgetoryFlow">
    <skipped/>
  </testcase> <!-- TC08_ADE_BudgetoryFlow -->
  <testcase name="TC08_ADE_BudgetoryFlow" time="0.001" classname="com.att.myprice.testcases.TC08_BudgetoryFlow">
    <skipped/>
  </testcase> <!-- TC08_ADE_BudgetoryFlow -->
  <testcase name="TC08_ADE_BudgetoryFlow" time="0.000" classname="com.att.myprice.testcases.TC08_BudgetoryFlow">
    <skipped/>
  </testcase> <!-- TC08_ADE_BudgetoryFlow -->
  <testcase name="TC08_ADE_BudgetoryFlow" time="0.001" classname="com.att.myprice.testcases.TC08_BudgetoryFlow">
    <skipped/>
  </testcase> <!-- TC08_ADE_BudgetoryFlow -->
  <testcase name="TC08_ADE_BudgetoryFlow" time="0.001" classname="com.att.myprice.testcases.TC08_BudgetoryFlow">
    <skipped/>
  </testcase> <!-- TC08_ADE_BudgetoryFlow -->
  <testcase name="TC08_ADE_BudgetoryFlow" time="0.001" classname="com.att.myprice.testcases.TC08_BudgetoryFlow">
    <skipped/>
  </testcase> <!-- TC08_ADE_BudgetoryFlow -->
  <testcase name="TC08_ADE_BudgetoryFlow" time="0.001" classname="com.att.myprice.testcases.TC08_BudgetoryFlow">
    <skipped/>
  </testcase> <!-- TC08_ADE_BudgetoryFlow -->
  <testcase name="TC08_ADE_BudgetoryFlow" time="0.002" classname="com.att.myprice.testcases.TC08_BudgetoryFlow">
    <skipped/>
  </testcase> <!-- TC08_ADE_BudgetoryFlow -->
  <testcase name="TC08_ADE_BudgetoryFlow" time="0.001" classname="com.att.myprice.testcases.TC08_BudgetoryFlow">
    <skipped/>
  </testcase> <!-- TC08_ADE_BudgetoryFlow -->
  <testcase name="TC08_ADE_BudgetoryFlow" time="0.001" classname="com.att.myprice.testcases.TC08_BudgetoryFlow">
    <skipped/>
  </testcase> <!-- TC08_ADE_BudgetoryFlow -->
  <testcase name="TC08_ADE_BudgetoryFlow" time="0.001" classname="com.att.myprice.testcases.TC08_BudgetoryFlow">
    <skipped/>
  </testcase> <!-- TC08_ADE_BudgetoryFlow -->
  <testcase name="TC08_ADE_BudgetoryFlow" time="0.001" classname="com.att.myprice.testcases.TC08_BudgetoryFlow">
    <skipped/>
  </testcase> <!-- TC08_ADE_BudgetoryFlow -->
  <testcase name="TC08_ADE_BudgetoryFlow" time="0.001" classname="com.att.myprice.testcases.TC08_BudgetoryFlow">
    <skipped/>
  </testcase> <!-- TC08_ADE_BudgetoryFlow -->
  <testcase name="TC08_ADE_BudgetoryFlow" time="0.002" classname="com.att.myprice.testcases.TC08_BudgetoryFlow">
    <skipped/>
  </testcase> <!-- TC08_ADE_BudgetoryFlow -->
  <testcase name="TC08_ADE_BudgetoryFlow" time="0.001" classname="com.att.myprice.testcases.TC08_BudgetoryFlow">
    <skipped/>
  </testcase> <!-- TC08_ADE_BudgetoryFlow -->
  <testcase name="TC08_ADE_BudgetoryFlow" time="0.001" classname="com.att.myprice.testcases.TC08_BudgetoryFlow">
    <skipped/>
  </testcase> <!-- TC08_ADE_BudgetoryFlow -->
  <testcase name="TC08_ADE_BudgetoryFlow" time="0.002" classname="com.att.myprice.testcases.TC08_BudgetoryFlow">
    <skipped/>
  </testcase> <!-- TC08_ADE_BudgetoryFlow -->
  <testcase name="TC08_ADE_BudgetoryFlow" time="0.001" classname="com.att.myprice.testcases.TC08_BudgetoryFlow">
    <skipped/>
  </testcase> <!-- TC08_ADE_BudgetoryFlow -->
  <testcase name="TC08_ADE_BudgetoryFlow" time="0.001" classname="com.att.myprice.testcases.TC08_BudgetoryFlow">
    <skipped/>
  </testcase> <!-- TC08_ADE_BudgetoryFlow -->
  <testcase name="TC08_ADE_BudgetoryFlow" time="0.001" classname="com.att.myprice.testcases.TC08_BudgetoryFlow">
    <skipped/>
  </testcase> <!-- TC08_ADE_BudgetoryFlow -->
  <testcase name="TC08_ADE_BudgetoryFlow" time="0.001" classname="com.att.myprice.testcases.TC08_BudgetoryFlow">
    <skipped/>
  </testcase> <!-- TC08_ADE_BudgetoryFlow -->
  <testcase name="TC08_ADE_BudgetoryFlow" time="0.000" classname="com.att.myprice.testcases.TC08_BudgetoryFlow">
    <skipped/>
  </testcase> <!-- TC08_ADE_BudgetoryFlow -->
  <testcase name="TC08_ADE_BudgetoryFlow" time="0.001" classname="com.att.myprice.testcases.TC08_BudgetoryFlow">
    <skipped/>
  </testcase> <!-- TC08_ADE_BudgetoryFlow -->
  <testcase name="TC08_ADE_BudgetoryFlow" time="0.001" classname="com.att.myprice.testcases.TC08_BudgetoryFlow">
    <skipped/>
  </testcase> <!-- TC08_ADE_BudgetoryFlow -->
  <testcase name="TC08_ADE_BudgetoryFlow" time="0.001" classname="com.att.myprice.testcases.TC08_BudgetoryFlow">
    <skipped/>
  </testcase> <!-- TC08_ADE_BudgetoryFlow -->
  <testcase name="TC08_ADE_BudgetoryFlow" time="0.001" classname="com.att.myprice.testcases.TC08_BudgetoryFlow">
    <skipped/>
  </testcase> <!-- TC08_ADE_BudgetoryFlow -->
  <testcase name="TC08_ADE_BudgetoryFlow" time="0.000" classname="com.att.myprice.testcases.TC08_BudgetoryFlow">
    <skipped/>
  </testcase> <!-- TC08_ADE_BudgetoryFlow -->
  <testcase name="TC08_ADE_BudgetoryFlow" time="0.001" classname="com.att.myprice.testcases.TC08_BudgetoryFlow">
    <skipped/>
  </testcase> <!-- TC08_ADE_BudgetoryFlow -->
  <testcase name="TC08_ADE_BudgetoryFlow" time="0.001" classname="com.att.myprice.testcases.TC08_BudgetoryFlow">
    <skipped/>
  </testcase> <!-- TC08_ADE_BudgetoryFlow -->
  <testcase name="TC08_ADE_BudgetoryFlow" time="0.001" classname="com.att.myprice.testcases.TC08_BudgetoryFlow">
    <skipped/>
  </testcase> <!-- TC08_ADE_BudgetoryFlow -->
  <testcase name="TC08_ADE_BudgetoryFlow" time="0.000" classname="com.att.myprice.testcases.TC08_BudgetoryFlow">
    <skipped/>
  </testcase> <!-- TC08_ADE_BudgetoryFlow -->
  <testcase name="TC08_ADE_BudgetoryFlow" time="0.001" classname="com.att.myprice.testcases.TC08_BudgetoryFlow">
    <skipped/>
  </testcase> <!-- TC08_ADE_BudgetoryFlow -->
  <testcase name="TC08_ADE_BudgetoryFlow" time="0.001" classname="com.att.myprice.testcases.TC08_BudgetoryFlow">
    <skipped/>
  </testcase> <!-- TC08_ADE_BudgetoryFlow -->
  <testcase name="TC08_ADE_BudgetoryFlow" time="0.001" classname="com.att.myprice.testcases.TC08_BudgetoryFlow">
    <skipped/>
  </testcase> <!-- TC08_ADE_BudgetoryFlow -->
  <testcase name="TC08_ADE_BudgetoryFlow" time="0.001" classname="com.att.myprice.testcases.TC08_BudgetoryFlow">
    <skipped/>
  </testcase> <!-- TC08_ADE_BudgetoryFlow -->
  <testcase name="TC08_ADE_BudgetoryFlow" time="0.001" classname="com.att.myprice.testcases.TC08_BudgetoryFlow">
    <skipped/>
  </testcase> <!-- TC08_ADE_BudgetoryFlow -->
  <testcase name="TC08_ADE_BudgetoryFlow" time="0.001" classname="com.att.myprice.testcases.TC08_BudgetoryFlow">
    <skipped/>
  </testcase> <!-- TC08_ADE_BudgetoryFlow -->
  <testcase name="TC08_ADE_BudgetoryFlow" time="0.001" classname="com.att.myprice.testcases.TC08_BudgetoryFlow">
    <skipped/>
  </testcase> <!-- TC08_ADE_BudgetoryFlow -->
  <testcase name="TC08_ADE_BudgetoryFlow" time="0.001" classname="com.att.myprice.testcases.TC08_BudgetoryFlow">
    <skipped/>
  </testcase> <!-- TC08_ADE_BudgetoryFlow -->
  <testcase name="TC08_ADE_BudgetoryFlow" time="0.001" classname="com.att.myprice.testcases.TC08_BudgetoryFlow">
    <skipped/>
  </testcase> <!-- TC08_ADE_BudgetoryFlow -->
  <testcase name="TC08_ADE_BudgetoryFlow" time="0.000" classname="com.att.myprice.testcases.TC08_BudgetoryFlow">
    <skipped/>
  </testcase> <!-- TC08_ADE_BudgetoryFlow -->
  <testcase name="TC08_ADE_BudgetoryFlow" time="0.001" classname="com.att.myprice.testcases.TC08_BudgetoryFlow">
    <skipped/>
  </testcase> <!-- TC08_ADE_BudgetoryFlow -->
  <testcase name="TC08_ADE_BudgetoryFlow" time="0.001" classname="com.att.myprice.testcases.TC08_BudgetoryFlow">
    <skipped/>
  </testcase> <!-- TC08_ADE_BudgetoryFlow -->
  <testcase name="TC08_ADE_BudgetoryFlow" time="0.001" classname="com.att.myprice.testcases.TC08_BudgetoryFlow">
    <skipped/>
  </testcase> <!-- TC08_ADE_BudgetoryFlow -->
  <testcase name="TC08_ADE_BudgetoryFlow" time="0.001" classname="com.att.myprice.testcases.TC08_BudgetoryFlow">
    <skipped/>
  </testcase> <!-- TC08_ADE_BudgetoryFlow -->
  <testcase name="TC08_ADE_BudgetoryFlow" time="0.001" classname="com.att.myprice.testcases.TC08_BudgetoryFlow">
    <skipped/>
  </testcase> <!-- TC08_ADE_BudgetoryFlow -->
  <testcase name="TC08_ADE_BudgetoryFlow" time="0.000" classname="com.att.myprice.testcases.TC08_BudgetoryFlow">
    <skipped/>
  </testcase> <!-- TC08_ADE_BudgetoryFlow -->
  <testcase name="TC08_ADE_BudgetoryFlow" time="0.001" classname="com.att.myprice.testcases.TC08_BudgetoryFlow">
    <skipped/>
  </testcase> <!-- TC08_ADE_BudgetoryFlow -->
  <testcase name="TC08_ADE_BudgetoryFlow" time="0.001" classname="com.att.myprice.testcases.TC08_BudgetoryFlow">
    <skipped/>
  </testcase> <!-- TC08_ADE_BudgetoryFlow -->
  <testcase name="TC08_ADE_BudgetoryFlow" time="0.002" classname="com.att.myprice.testcases.TC08_BudgetoryFlow">
    <skipped/>
  </testcase> <!-- TC08_ADE_BudgetoryFlow -->
  <testcase name="TC08_ADE_BudgetoryFlow" time="0.001" classname="com.att.myprice.testcases.TC08_BudgetoryFlow">
    <skipped/>
  </testcase> <!-- TC08_ADE_BudgetoryFlow -->
  <testcase name="TC08_ADE_BudgetoryFlow" time="0.001" classname="com.att.myprice.testcases.TC08_BudgetoryFlow">
    <skipped/>
  </testcase> <!-- TC08_ADE_BudgetoryFlow -->
  <testcase name="TC08_ADE_BudgetoryFlow" time="0.000" classname="com.att.myprice.testcases.TC08_BudgetoryFlow">
    <skipped/>
  </testcase> <!-- TC08_ADE_BudgetoryFlow -->
  <testcase name="TC08_ADE_BudgetoryFlow" time="0.001" classname="com.att.myprice.testcases.TC08_BudgetoryFlow">
    <skipped/>
  </testcase> <!-- TC08_ADE_BudgetoryFlow -->
  <testcase name="TC08_ADE_BudgetoryFlow" time="0.001" classname="com.att.myprice.testcases.TC08_BudgetoryFlow">
    <skipped/>
  </testcase> <!-- TC08_ADE_BudgetoryFlow -->
  <testcase name="TC08_ADE_BudgetoryFlow" time="0.001" classname="com.att.myprice.testcases.TC08_BudgetoryFlow">
    <skipped/>
  </testcase> <!-- TC08_ADE_BudgetoryFlow -->
  <testcase name="TC08_ADE_BudgetoryFlow" time="0.001" classname="com.att.myprice.testcases.TC08_BudgetoryFlow">
    <skipped/>
  </testcase> <!-- TC08_ADE_BudgetoryFlow -->
  <testcase name="TC08_ADE_BudgetoryFlow" time="0.001" classname="com.att.myprice.testcases.TC08_BudgetoryFlow">
    <skipped/>
  </testcase> <!-- TC08_ADE_BudgetoryFlow -->
  <testcase name="TC08_ADE_BudgetoryFlow" time="0.001" classname="com.att.myprice.testcases.TC08_BudgetoryFlow">
    <skipped/>
  </testcase> <!-- TC08_ADE_BudgetoryFlow -->
  <testcase name="TC08_ADE_BudgetoryFlow" time="0.001" classname="com.att.myprice.testcases.TC08_BudgetoryFlow">
    <skipped/>
  </testcase> <!-- TC08_ADE_BudgetoryFlow -->
  <testcase name="TC08_ADE_BudgetoryFlow" time="0.001" classname="com.att.myprice.testcases.TC08_BudgetoryFlow">
    <skipped/>
  </testcase> <!-- TC08_ADE_BudgetoryFlow -->
  <testcase name="TC08_ADE_BudgetoryFlow" time="0.001" classname="com.att.myprice.testcases.TC08_BudgetoryFlow">
    <skipped/>
  </testcase> <!-- TC08_ADE_BudgetoryFlow -->
  <testcase name="TC08_ADE_BudgetoryFlow" time="0.001" classname="com.att.myprice.testcases.TC08_BudgetoryFlow">
    <skipped/>
  </testcase> <!-- TC08_ADE_BudgetoryFlow -->
  <testcase name="TC08_ADE_BudgetoryFlow" time="0.002" classname="com.att.myprice.testcases.TC08_BudgetoryFlow">
    <skipped/>
  </testcase> <!-- TC08_ADE_BudgetoryFlow -->
  <testcase name="TC08_ADE_BudgetoryFlow" time="0.001" classname="com.att.myprice.testcases.TC08_BudgetoryFlow">
    <skipped/>
  </testcase> <!-- TC08_ADE_BudgetoryFlow -->
  <testcase name="TC08_ADE_BudgetoryFlow" time="0.001" classname="com.att.myprice.testcases.TC08_BudgetoryFlow">
    <skipped/>
  </testcase> <!-- TC08_ADE_BudgetoryFlow -->
  <testcase name="TC08_ADE_BudgetoryFlow" time="0.001" classname="com.att.myprice.testcases.TC08_BudgetoryFlow">
    <skipped/>
  </testcase> <!-- TC08_ADE_BudgetoryFlow -->
  <testcase name="TC08_ADE_BudgetoryFlow" time="0.001" classname="com.att.myprice.testcases.TC08_BudgetoryFlow">
    <skipped/>
  </testcase> <!-- TC08_ADE_BudgetoryFlow -->
  <testcase name="TC08_ADE_BudgetoryFlow" time="0.001" classname="com.att.myprice.testcases.TC08_BudgetoryFlow">
    <skipped/>
  </testcase> <!-- TC08_ADE_BudgetoryFlow -->
  <testcase name="TC08_ADE_BudgetoryFlow" time="0.001" classname="com.att.myprice.testcases.TC08_BudgetoryFlow">
    <skipped/>
  </testcase> <!-- TC08_ADE_BudgetoryFlow -->
  <testcase name="TC08_ADE_BudgetoryFlow" time="0.001" classname="com.att.myprice.testcases.TC08_BudgetoryFlow">
    <skipped/>
  </testcase> <!-- TC08_ADE_BudgetoryFlow -->
  <testcase name="TC08_ADE_BudgetoryFlow" time="0.001" classname="com.att.myprice.testcases.TC08_BudgetoryFlow">
    <skipped/>
  </testcase> <!-- TC08_ADE_BudgetoryFlow -->
  <testcase name="TC08_ADE_BudgetoryFlow" time="0.001" classname="com.att.myprice.testcases.TC08_BudgetoryFlow">
    <skipped/>
  </testcase> <!-- TC08_ADE_BudgetoryFlow -->
  <testcase name="TC08_ADE_BudgetoryFlow" time="0.001" classname="com.att.myprice.testcases.TC08_BudgetoryFlow">
    <skipped/>
  </testcase> <!-- TC08_ADE_BudgetoryFlow -->
  <testcase name="TC08_ADE_BudgetoryFlow" time="0.002" classname="com.att.myprice.testcases.TC08_BudgetoryFlow">
    <skipped/>
  </testcase> <!-- TC08_ADE_BudgetoryFlow -->
  <testcase name="TC08_ADE_BudgetoryFlow" time="0.001" classname="com.att.myprice.testcases.TC08_BudgetoryFlow">
    <skipped/>
  </testcase> <!-- TC08_ADE_BudgetoryFlow -->
  <testcase name="TC08_ADE_BudgetoryFlow" time="0.001" classname="com.att.myprice.testcases.TC08_BudgetoryFlow">
    <skipped/>
  </testcase> <!-- TC08_ADE_BudgetoryFlow -->
  <testcase name="TC08_ADE_BudgetoryFlow" time="0.001" classname="com.att.myprice.testcases.TC08_BudgetoryFlow">
    <skipped/>
  </testcase> <!-- TC08_ADE_BudgetoryFlow -->
  <testcase name="TC08_ADE_BudgetoryFlow" time="0.001" classname="com.att.myprice.testcases.TC08_BudgetoryFlow">
    <skipped/>
  </testcase> <!-- TC08_ADE_BudgetoryFlow -->
  <testcase name="TC08_ADE_BudgetoryFlow" time="0.001" classname="com.att.myprice.testcases.TC08_BudgetoryFlow">
    <skipped/>
  </testcase> <!-- TC08_ADE_BudgetoryFlow -->
  <testcase name="TC08_ADE_BudgetoryFlow" time="0.001" classname="com.att.myprice.testcases.TC08_BudgetoryFlow">
    <skipped/>
  </testcase> <!-- TC08_ADE_BudgetoryFlow -->
  <testcase name="TC08_ADE_BudgetoryFlow" time="0.000" classname="com.att.myprice.testcases.TC08_BudgetoryFlow">
    <skipped/>
  </testcase> <!-- TC08_ADE_BudgetoryFlow -->
  <testcase name="TC08_ADE_BudgetoryFlow" time="0.000" classname="com.att.myprice.testcases.TC08_BudgetoryFlow">
    <skipped/>
  </testcase> <!-- TC08_ADE_BudgetoryFlow -->
  <testcase name="TC08_ADE_BudgetoryFlow" time="0.001" classname="com.att.myprice.testcases.TC08_BudgetoryFlow">
    <skipped/>
  </testcase> <!-- TC08_ADE_BudgetoryFlow -->
  <testcase name="TC08_ADE_BudgetoryFlow" time="0.001" classname="com.att.myprice.testcases.TC08_BudgetoryFlow">
    <skipped/>
  </testcase> <!-- TC08_ADE_BudgetoryFlow -->
  <testcase name="TC08_ADE_BudgetoryFlow" time="0.001" classname="com.att.myprice.testcases.TC08_BudgetoryFlow">
    <skipped/>
  </testcase> <!-- TC08_ADE_BudgetoryFlow -->
  <testcase name="TC08_ADE_BudgetoryFlow" time="0.001" classname="com.att.myprice.testcases.TC08_BudgetoryFlow">
    <skipped/>
  </testcase> <!-- TC08_ADE_BudgetoryFlow -->
  <testcase name="TC08_ADE_BudgetoryFlow" time="0.001" classname="com.att.myprice.testcases.TC08_BudgetoryFlow">
    <skipped/>
  </testcase> <!-- TC08_ADE_BudgetoryFlow -->
  <testcase name="TC08_ADE_BudgetoryFlow" time="0.001" classname="com.att.myprice.testcases.TC08_BudgetoryFlow">
    <skipped/>
  </testcase> <!-- TC08_ADE_BudgetoryFlow -->
  <testcase name="TC08_ADE_BudgetoryFlow" time="0.001" classname="com.att.myprice.testcases.TC08_BudgetoryFlow">
    <skipped/>
  </testcase> <!-- TC08_ADE_BudgetoryFlow -->
  <testcase name="TC08_ADE_BudgetoryFlow" time="0.001" classname="com.att.myprice.testcases.TC08_BudgetoryFlow">
    <skipped/>
  </testcase> <!-- TC08_ADE_BudgetoryFlow -->
  <testcase name="TC08_ADE_BudgetoryFlow" time="0.001" classname="com.att.myprice.testcases.TC08_BudgetoryFlow">
    <skipped/>
  </testcase> <!-- TC08_ADE_BudgetoryFlow -->
  <testcase name="TC08_ADE_BudgetoryFlow" time="0.001" classname="com.att.myprice.testcases.TC08_BudgetoryFlow">
    <skipped/>
  </testcase> <!-- TC08_ADE_BudgetoryFlow -->
  <testcase name="TC08_ADE_BudgetoryFlow" time="0.000" classname="com.att.myprice.testcases.TC08_BudgetoryFlow">
    <skipped/>
  </testcase> <!-- TC08_ADE_BudgetoryFlow -->
  <testcase name="TC08_ADE_BudgetoryFlow" time="0.000" classname="com.att.myprice.testcases.TC08_BudgetoryFlow">
    <skipped/>
  </testcase> <!-- TC08_ADE_BudgetoryFlow -->
  <testcase name="TC08_ADE_BudgetoryFlow" time="0.001" classname="com.att.myprice.testcases.TC08_BudgetoryFlow">
    <skipped/>
  </testcase> <!-- TC08_ADE_BudgetoryFlow -->
  <testcase name="TC08_ADE_BudgetoryFlow" time="0.001" classname="com.att.myprice.testcases.TC08_BudgetoryFlow">
    <skipped/>
  </testcase> <!-- TC08_ADE_BudgetoryFlow -->
  <testcase name="TC08_ADE_BudgetoryFlow" time="0.001" classname="com.att.myprice.testcases.TC08_BudgetoryFlow">
    <skipped/>
  </testcase> <!-- TC08_ADE_BudgetoryFlow -->
  <testcase name="TC08_ADE_BudgetoryFlow" time="0.001" classname="com.att.myprice.testcases.TC08_BudgetoryFlow">
    <skipped/>
  </testcase> <!-- TC08_ADE_BudgetoryFlow -->
  <testcase name="TC08_ADE_BudgetoryFlow" time="0.001" classname="com.att.myprice.testcases.TC08_BudgetoryFlow">
    <skipped/>
  </testcase> <!-- TC08_ADE_BudgetoryFlow -->
  <testcase name="TC08_ADE_BudgetoryFlow" time="0.000" classname="com.att.myprice.testcases.TC08_BudgetoryFlow">
    <skipped/>
  </testcase> <!-- TC08_ADE_BudgetoryFlow -->
  <testcase name="TC08_ADE_BudgetoryFlow" time="0.001" classname="com.att.myprice.testcases.TC08_BudgetoryFlow">
    <skipped/>
  </testcase> <!-- TC08_ADE_BudgetoryFlow -->
  <testcase name="TC08_ADE_BudgetoryFlow" time="0.001" classname="com.att.myprice.testcases.TC08_BudgetoryFlow">
    <skipped/>
  </testcase> <!-- TC08_ADE_BudgetoryFlow -->
  <testcase name="TC08_ADE_BudgetoryFlow" time="0.001" classname="com.att.myprice.testcases.TC08_BudgetoryFlow">
    <skipped/>
  </testcase> <!-- TC08_ADE_BudgetoryFlow -->
  <testcase name="TC08_ADE_BudgetoryFlow" time="0.001" classname="com.att.myprice.testcases.TC08_BudgetoryFlow">
    <skipped/>
  </testcase> <!-- TC08_ADE_BudgetoryFlow -->
  <testcase name="TC08_ADE_BudgetoryFlow" time="0.001" classname="com.att.myprice.testcases.TC08_BudgetoryFlow">
    <skipped/>
  </testcase> <!-- TC08_ADE_BudgetoryFlow -->
  <testcase name="TC08_ADE_BudgetoryFlow" time="0.000" classname="com.att.myprice.testcases.TC08_BudgetoryFlow">
    <skipped/>
  </testcase> <!-- TC08_ADE_BudgetoryFlow -->
  <testcase name="TC08_ADE_BudgetoryFlow" time="0.001" classname="com.att.myprice.testcases.TC08_BudgetoryFlow">
    <skipped/>
  </testcase> <!-- TC08_ADE_BudgetoryFlow -->
  <testcase name="TC08_ADE_BudgetoryFlow" time="0.000" classname="com.att.myprice.testcases.TC08_BudgetoryFlow">
    <skipped/>
  </testcase> <!-- TC08_ADE_BudgetoryFlow -->
  <testcase name="TC08_ADE_BudgetoryFlow" time="0.001" classname="com.att.myprice.testcases.TC08_BudgetoryFlow">
    <skipped/>
  </testcase> <!-- TC08_ADE_BudgetoryFlow -->
  <testcase name="TC08_ADE_BudgetoryFlow" time="0.001" classname="com.att.myprice.testcases.TC08_BudgetoryFlow">
    <skipped/>
  </testcase> <!-- TC08_ADE_BudgetoryFlow -->
  <testcase name="TC08_ADE_BudgetoryFlow" time="0.001" classname="com.att.myprice.testcases.TC08_BudgetoryFlow">
    <skipped/>
  </testcase> <!-- TC08_ADE_BudgetoryFlow -->
  <testcase name="TC08_ADE_BudgetoryFlow" time="0.010" classname="com.att.myprice.testcases.TC08_BudgetoryFlow">
    <skipped/>
  </testcase> <!-- TC08_ADE_BudgetoryFlow -->
  <testcase name="TC08_ADE_BudgetoryFlow" time="0.001" classname="com.att.myprice.testcases.TC08_BudgetoryFlow">
    <skipped/>
  </testcase> <!-- TC08_ADE_BudgetoryFlow -->
  <testcase name="TC08_ADE_BudgetoryFlow" time="0.001" classname="com.att.myprice.testcases.TC08_BudgetoryFlow">
    <skipped/>
  </testcase> <!-- TC08_ADE_BudgetoryFlow -->
  <testcase name="TC08_ADE_BudgetoryFlow" time="0.001" classname="com.att.myprice.testcases.TC08_BudgetoryFlow">
    <skipped/>
  </testcase> <!-- TC08_ADE_BudgetoryFlow -->
  <testcase name="TC08_ADE_BudgetoryFlow" time="0.001" classname="com.att.myprice.testcases.TC08_BudgetoryFlow">
    <skipped/>
  </testcase> <!-- TC08_ADE_BudgetoryFlow -->
  <testcase name="TC08_ADE_BudgetoryFlow" time="0.000" classname="com.att.myprice.testcases.TC08_BudgetoryFlow">
    <skipped/>
  </testcase> <!-- TC08_ADE_BudgetoryFlow -->
  <testcase name="TC08_ADE_BudgetoryFlow" time="0.000" classname="com.att.myprice.testcases.TC08_BudgetoryFlow">
    <skipped/>
  </testcase> <!-- TC08_ADE_BudgetoryFlow -->
  <testcase name="TC08_ADE_BudgetoryFlow" time="0.000" classname="com.att.myprice.testcases.TC08_BudgetoryFlow">
    <skipped/>
  </testcase> <!-- TC08_ADE_BudgetoryFlow -->
  <testcase name="TC08_ADE_BudgetoryFlow" time="0.001" classname="com.att.myprice.testcases.TC08_BudgetoryFlow">
    <skipped/>
  </testcase> <!-- TC08_ADE_BudgetoryFlow -->
  <testcase name="TC08_ADE_BudgetoryFlow" time="0.001" classname="com.att.myprice.testcases.TC08_BudgetoryFlow">
    <skipped/>
  </testcase> <!-- TC08_ADE_BudgetoryFlow -->
  <testcase name="TC08_ADE_BudgetoryFlow" time="0.001" classname="com.att.myprice.testcases.TC08_BudgetoryFlow">
    <skipped/>
  </testcase> <!-- TC08_ADE_BudgetoryFlow -->
  <testcase name="TC08_ADE_BudgetoryFlow" time="0.001" classname="com.att.myprice.testcases.TC08_BudgetoryFlow">
    <skipped/>
  </testcase> <!-- TC08_ADE_BudgetoryFlow -->
  <testcase name="TC08_ADE_BudgetoryFlow" time="0.001" classname="com.att.myprice.testcases.TC08_BudgetoryFlow">
    <skipped/>
  </testcase> <!-- TC08_ADE_BudgetoryFlow -->
  <testcase name="TC08_ADE_BudgetoryFlow" time="0.001" classname="com.att.myprice.testcases.TC08_BudgetoryFlow">
    <skipped/>
  </testcase> <!-- TC08_ADE_BudgetoryFlow -->
  <testcase name="TC08_ADE_BudgetoryFlow" time="0.001" classname="com.att.myprice.testcases.TC08_BudgetoryFlow">
    <skipped/>
  </testcase> <!-- TC08_ADE_BudgetoryFlow -->
  <testcase name="TC08_ADE_BudgetoryFlow" time="0.001" classname="com.att.myprice.testcases.TC08_BudgetoryFlow">
    <skipped/>
  </testcase> <!-- TC08_ADE_BudgetoryFlow -->
  <testcase name="TC08_ADE_BudgetoryFlow" time="0.006" classname="com.att.myprice.testcases.TC08_BudgetoryFlow">
    <skipped/>
  </testcase> <!-- TC08_ADE_BudgetoryFlow -->
  <testcase name="TC08_ADE_BudgetoryFlow" time="0.002" classname="com.att.myprice.testcases.TC08_BudgetoryFlow">
    <skipped/>
  </testcase> <!-- TC08_ADE_BudgetoryFlow -->
  <testcase name="TC08_ADE_BudgetoryFlow" time="0.000" classname="com.att.myprice.testcases.TC08_BudgetoryFlow">
    <skipped/>
  </testcase> <!-- TC08_ADE_BudgetoryFlow -->
  <testcase name="TC08_ADE_BudgetoryFlow" time="0.001" classname="com.att.myprice.testcases.TC08_BudgetoryFlow">
    <skipped/>
  </testcase> <!-- TC08_ADE_BudgetoryFlow -->
  <testcase name="TC08_ADE_BudgetoryFlow" time="0.001" classname="com.att.myprice.testcases.TC08_BudgetoryFlow">
    <skipped/>
  </testcase> <!-- TC08_ADE_BudgetoryFlow -->
  <testcase name="TC08_ADE_BudgetoryFlow" time="0.003" classname="com.att.myprice.testcases.TC08_BudgetoryFlow">
    <skipped/>
  </testcase> <!-- TC08_ADE_BudgetoryFlow -->
  <testcase name="TC08_ADE_BudgetoryFlow" time="0.001" classname="com.att.myprice.testcases.TC08_BudgetoryFlow">
    <skipped/>
  </testcase> <!-- TC08_ADE_BudgetoryFlow -->
  <testcase name="TC08_ADE_BudgetoryFlow" time="0.001" classname="com.att.myprice.testcases.TC08_BudgetoryFlow">
    <skipped/>
  </testcase> <!-- TC08_ADE_BudgetoryFlow -->
  <testcase name="TC08_ADE_BudgetoryFlow" time="0.001" classname="com.att.myprice.testcases.TC08_BudgetoryFlow">
    <skipped/>
  </testcase> <!-- TC08_ADE_BudgetoryFlow -->
  <testcase name="TC08_ADE_BudgetoryFlow" time="0.000" classname="com.att.myprice.testcases.TC08_BudgetoryFlow">
    <skipped/>
  </testcase> <!-- TC08_ADE_BudgetoryFlow -->
  <testcase name="TC08_ADE_BudgetoryFlow" time="0.001" classname="com.att.myprice.testcases.TC08_BudgetoryFlow">
    <skipped/>
  </testcase> <!-- TC08_ADE_BudgetoryFlow -->
  <testcase name="TC08_ADE_BudgetoryFlow" time="0.001" classname="com.att.myprice.testcases.TC08_BudgetoryFlow">
    <skipped/>
  </testcase> <!-- TC08_ADE_BudgetoryFlow -->
  <testcase name="TC08_ADE_BudgetoryFlow" time="0.001" classname="com.att.myprice.testcases.TC08_BudgetoryFlow">
    <skipped/>
  </testcase> <!-- TC08_ADE_BudgetoryFlow -->
  <testcase name="TC08_ADE_BudgetoryFlow" time="0.002" classname="com.att.myprice.testcases.TC08_BudgetoryFlow">
    <skipped/>
  </testcase> <!-- TC08_ADE_BudgetoryFlow -->
  <testcase name="TC08_ADE_BudgetoryFlow" time="0.003" classname="com.att.myprice.testcases.TC08_BudgetoryFlow">
    <skipped/>
  </testcase> <!-- TC08_ADE_BudgetoryFlow -->
  <testcase name="TC08_ADE_BudgetoryFlow" time="0.001" classname="com.att.myprice.testcases.TC08_BudgetoryFlow">
    <skipped/>
  </testcase> <!-- TC08_ADE_BudgetoryFlow -->
  <testcase name="TC08_ADE_BudgetoryFlow" time="0.001" classname="com.att.myprice.testcases.TC08_BudgetoryFlow">
    <skipped/>
  </testcase> <!-- TC08_ADE_BudgetoryFlow -->
  <testcase name="TC08_ADE_BudgetoryFlow" time="0.001" classname="com.att.myprice.testcases.TC08_BudgetoryFlow">
    <skipped/>
  </testcase> <!-- TC08_ADE_BudgetoryFlow -->
  <testcase name="TC08_ADE_BudgetoryFlow" time="0.001" classname="com.att.myprice.testcases.TC08_BudgetoryFlow">
    <skipped/>
  </testcase> <!-- TC08_ADE_BudgetoryFlow -->
  <testcase name="TC08_ADE_BudgetoryFlow" time="0.001" classname="com.att.myprice.testcases.TC08_BudgetoryFlow">
    <skipped/>
  </testcase> <!-- TC08_ADE_BudgetoryFlow -->
  <testcase name="TC08_ADE_BudgetoryFlow" time="0.002" classname="com.att.myprice.testcases.TC08_BudgetoryFlow">
    <skipped/>
  </testcase> <!-- TC08_ADE_BudgetoryFlow -->
  <testcase name="TC08_ADE_BudgetoryFlow" time="0.001" classname="com.att.myprice.testcases.TC08_BudgetoryFlow">
    <skipped/>
  </testcase> <!-- TC08_ADE_BudgetoryFlow -->
  <testcase name="TC08_ADE_BudgetoryFlow" time="0.001" classname="com.att.myprice.testcases.TC08_BudgetoryFlow">
    <skipped/>
  </testcase> <!-- TC08_ADE_BudgetoryFlow -->
  <testcase name="TC08_ADE_BudgetoryFlow" time="0.001" classname="com.att.myprice.testcases.TC08_BudgetoryFlow">
    <skipped/>
  </testcase> <!-- TC08_ADE_BudgetoryFlow -->
  <testcase name="TC08_ADE_BudgetoryFlow" time="0.001" classname="com.att.myprice.testcases.TC08_BudgetoryFlow">
    <skipped/>
  </testcase> <!-- TC08_ADE_BudgetoryFlow -->
  <testcase name="TC08_ADE_BudgetoryFlow" time="0.001" classname="com.att.myprice.testcases.TC08_BudgetoryFlow">
    <skipped/>
  </testcase> <!-- TC08_ADE_BudgetoryFlow -->
  <testcase name="TC08_ADE_BudgetoryFlow" time="0.001" classname="com.att.myprice.testcases.TC08_BudgetoryFlow">
    <skipped/>
  </testcase> <!-- TC08_ADE_BudgetoryFlow -->
  <testcase name="TC08_ADE_BudgetoryFlow" time="0.001" classname="com.att.myprice.testcases.TC08_BudgetoryFlow">
    <skipped/>
  </testcase> <!-- TC08_ADE_BudgetoryFlow -->
  <testcase name="TC08_ADE_BudgetoryFlow" time="0.001" classname="com.att.myprice.testcases.TC08_BudgetoryFlow">
    <skipped/>
  </testcase> <!-- TC08_ADE_BudgetoryFlow -->
  <testcase name="TC08_ADE_BudgetoryFlow" time="0.001" classname="com.att.myprice.testcases.TC08_BudgetoryFlow">
    <skipped/>
  </testcase> <!-- TC08_ADE_BudgetoryFlow -->
  <testcase name="TC08_ADE_BudgetoryFlow" time="0.001" classname="com.att.myprice.testcases.TC08_BudgetoryFlow">
    <skipped/>
  </testcase> <!-- TC08_ADE_BudgetoryFlow -->
  <testcase name="TC08_ADE_BudgetoryFlow" time="0.000" classname="com.att.myprice.testcases.TC08_BudgetoryFlow">
    <skipped/>
  </testcase> <!-- TC08_ADE_BudgetoryFlow -->
  <testcase name="TC08_ADE_BudgetoryFlow" time="0.001" classname="com.att.myprice.testcases.TC08_BudgetoryFlow">
    <skipped/>
  </testcase> <!-- TC08_ADE_BudgetoryFlow -->
  <testcase name="TC08_ADE_BudgetoryFlow" time="0.001" classname="com.att.myprice.testcases.TC08_BudgetoryFlow">
    <skipped/>
  </testcase> <!-- TC08_ADE_BudgetoryFlow -->
  <testcase name="TC08_ADE_BudgetoryFlow" time="0.001" classname="com.att.myprice.testcases.TC08_BudgetoryFlow">
    <skipped/>
  </testcase> <!-- TC08_ADE_BudgetoryFlow -->
  <testcase name="TC08_ADE_BudgetoryFlow" time="0.002" classname="com.att.myprice.testcases.TC08_BudgetoryFlow">
    <skipped/>
  </testcase> <!-- TC08_ADE_BudgetoryFlow -->
  <testcase name="TC08_ADE_BudgetoryFlow" time="0.001" classname="com.att.myprice.testcases.TC08_BudgetoryFlow">
    <skipped/>
  </testcase> <!-- TC08_ADE_BudgetoryFlow -->
  <testcase name="TC08_ADE_BudgetoryFlow" time="0.001" classname="com.att.myprice.testcases.TC08_BudgetoryFlow">
    <skipped/>
  </testcase> <!-- TC08_ADE_BudgetoryFlow -->
  <testcase name="TC08_ADE_BudgetoryFlow" time="0.001" classname="com.att.myprice.testcases.TC08_BudgetoryFlow">
    <skipped/>
  </testcase> <!-- TC08_ADE_BudgetoryFlow -->
  <testcase name="TC08_ADE_BudgetoryFlow" time="0.001" classname="com.att.myprice.testcases.TC08_BudgetoryFlow">
    <skipped/>
  </testcase> <!-- TC08_ADE_BudgetoryFlow -->
  <testcase name="TC08_ADE_BudgetoryFlow" time="0.001" classname="com.att.myprice.testcases.TC08_BudgetoryFlow">
    <skipped/>
  </testcase> <!-- TC08_ADE_BudgetoryFlow -->
  <testcase name="TC08_ADE_BudgetoryFlow" time="0.001" classname="com.att.myprice.testcases.TC08_BudgetoryFlow">
    <skipped/>
  </testcase> <!-- TC08_ADE_BudgetoryFlow -->
  <testcase name="TC08_ADE_BudgetoryFlow" time="0.001" classname="com.att.myprice.testcases.TC08_BudgetoryFlow">
    <skipped/>
  </testcase> <!-- TC08_ADE_BudgetoryFlow -->
  <testcase name="TC08_ADE_BudgetoryFlow" time="0.001" classname="com.att.myprice.testcases.TC08_BudgetoryFlow">
    <skipped/>
  </testcase> <!-- TC08_ADE_BudgetoryFlow -->
  <testcase name="TC08_ADE_BudgetoryFlow" time="0.001" classname="com.att.myprice.testcases.TC08_BudgetoryFlow">
    <skipped/>
  </testcase> <!-- TC08_ADE_BudgetoryFlow -->
  <testcase name="TC08_ADE_BudgetoryFlow" time="0.000" classname="com.att.myprice.testcases.TC08_BudgetoryFlow">
    <skipped/>
  </testcase> <!-- TC08_ADE_BudgetoryFlow -->
  <testcase name="TC08_ADE_BudgetoryFlow" time="0.001" classname="com.att.myprice.testcases.TC08_BudgetoryFlow">
    <skipped/>
  </testcase> <!-- TC08_ADE_BudgetoryFlow -->
  <testcase name="TC08_ADE_BudgetoryFlow" time="0.001" classname="com.att.myprice.testcases.TC08_BudgetoryFlow">
    <skipped/>
  </testcase> <!-- TC08_ADE_BudgetoryFlow -->
  <testcase name="TC08_ADE_BudgetoryFlow" time="0.001" classname="com.att.myprice.testcases.TC08_BudgetoryFlow">
    <skipped/>
  </testcase> <!-- TC08_ADE_BudgetoryFlow -->
  <testcase name="TC08_ADE_BudgetoryFlow" time="0.001" classname="com.att.myprice.testcases.TC08_BudgetoryFlow">
    <skipped/>
  </testcase> <!-- TC08_ADE_BudgetoryFlow -->
  <testcase name="TC08_ADE_BudgetoryFlow" time="0.002" classname="com.att.myprice.testcases.TC08_BudgetoryFlow">
    <skipped/>
  </testcase> <!-- TC08_ADE_BudgetoryFlow -->
  <testcase name="TC08_ADE_BudgetoryFlow" time="0.001" classname="com.att.myprice.testcases.TC08_BudgetoryFlow">
    <skipped/>
  </testcase> <!-- TC08_ADE_BudgetoryFlow -->
  <testcase name="TC08_ADE_BudgetoryFlow" time="0.001" classname="com.att.myprice.testcases.TC08_BudgetoryFlow">
    <skipped/>
  </testcase> <!-- TC08_ADE_BudgetoryFlow -->
  <testcase name="TC08_ADE_BudgetoryFlow" time="0.001" classname="com.att.myprice.testcases.TC08_BudgetoryFlow">
    <skipped/>
  </testcase> <!-- TC08_ADE_BudgetoryFlow -->
  <testcase name="TC08_ADE_BudgetoryFlow" time="0.001" classname="com.att.myprice.testcases.TC08_BudgetoryFlow">
    <skipped/>
  </testcase> <!-- TC08_ADE_BudgetoryFlow -->
  <testcase name="TC08_ADE_BudgetoryFlow" time="0.001" classname="com.att.myprice.testcases.TC08_BudgetoryFlow">
    <skipped/>
  </testcase> <!-- TC08_ADE_BudgetoryFlow -->
  <testcase name="TC08_ADE_BudgetoryFlow" time="0.000" classname="com.att.myprice.testcases.TC08_BudgetoryFlow">
    <skipped/>
  </testcase> <!-- TC08_ADE_BudgetoryFlow -->
  <testcase name="TC08_ADE_BudgetoryFlow" time="0.001" classname="com.att.myprice.testcases.TC08_BudgetoryFlow">
    <skipped/>
  </testcase> <!-- TC08_ADE_BudgetoryFlow -->
  <testcase name="TC08_ADE_BudgetoryFlow" time="0.001" classname="com.att.myprice.testcases.TC08_BudgetoryFlow">
    <skipped/>
  </testcase> <!-- TC08_ADE_BudgetoryFlow -->
  <testcase name="TC08_ADE_BudgetoryFlow" time="0.001" classname="com.att.myprice.testcases.TC08_BudgetoryFlow">
    <skipped/>
  </testcase> <!-- TC08_ADE_BudgetoryFlow -->
  <testcase name="TC08_ADE_BudgetoryFlow" time="0.002" classname="com.att.myprice.testcases.TC08_BudgetoryFlow">
    <skipped/>
  </testcase> <!-- TC08_ADE_BudgetoryFlow -->
  <testcase name="TC08_ADE_BudgetoryFlow" time="0.001" classname="com.att.myprice.testcases.TC08_BudgetoryFlow">
    <skipped/>
  </testcase> <!-- TC08_ADE_BudgetoryFlow -->
  <testcase name="TC08_ADE_BudgetoryFlow" time="0.001" classname="com.att.myprice.testcases.TC08_BudgetoryFlow">
    <skipped/>
  </testcase> <!-- TC08_ADE_BudgetoryFlow -->
  <testcase name="TC08_ADE_BudgetoryFlow" time="0.001" classname="com.att.myprice.testcases.TC08_BudgetoryFlow">
    <skipped/>
  </testcase> <!-- TC08_ADE_BudgetoryFlow -->
  <testcase name="TC08_ADE_BudgetoryFlow" time="0.001" classname="com.att.myprice.testcases.TC08_BudgetoryFlow">
    <skipped/>
  </testcase> <!-- TC08_ADE_BudgetoryFlow -->
  <testcase name="TC08_ADE_BudgetoryFlow" time="0.000" classname="com.att.myprice.testcases.TC08_BudgetoryFlow">
    <skipped/>
  </testcase> <!-- TC08_ADE_BudgetoryFlow -->
  <testcase name="TC08_ADE_BudgetoryFlow" time="0.001" classname="com.att.myprice.testcases.TC08_BudgetoryFlow">
    <skipped/>
  </testcase> <!-- TC08_ADE_BudgetoryFlow -->
  <testcase name="TC08_ADE_BudgetoryFlow" time="0.001" classname="com.att.myprice.testcases.TC08_BudgetoryFlow">
    <skipped/>
  </testcase> <!-- TC08_ADE_BudgetoryFlow -->
  <testcase name="TC08_ADE_BudgetoryFlow" time="0.001" classname="com.att.myprice.testcases.TC08_BudgetoryFlow">
    <skipped/>
  </testcase> <!-- TC08_ADE_BudgetoryFlow -->
  <testcase name="TC08_ADE_BudgetoryFlow" time="0.001" classname="com.att.myprice.testcases.TC08_BudgetoryFlow">
    <skipped/>
  </testcase> <!-- TC08_ADE_BudgetoryFlow -->
  <testcase name="TC08_ADE_BudgetoryFlow" time="0.001" classname="com.att.myprice.testcases.TC08_BudgetoryFlow">
    <skipped/>
  </testcase> <!-- TC08_ADE_BudgetoryFlow -->
  <testcase name="TC08_ADE_BudgetoryFlow" time="0.000" classname="com.att.myprice.testcases.TC08_BudgetoryFlow">
    <skipped/>
  </testcase> <!-- TC08_ADE_BudgetoryFlow -->
  <testcase name="TC08_ADE_BudgetoryFlow" time="0.001" classname="com.att.myprice.testcases.TC08_BudgetoryFlow">
    <skipped/>
  </testcase> <!-- TC08_ADE_BudgetoryFlow -->
  <testcase name="TC08_ADE_BudgetoryFlow" time="0.000" classname="com.att.myprice.testcases.TC08_BudgetoryFlow">
    <skipped/>
  </testcase> <!-- TC08_ADE_BudgetoryFlow -->
  <testcase name="TC08_ADE_BudgetoryFlow" time="0.001" classname="com.att.myprice.testcases.TC08_BudgetoryFlow">
    <skipped/>
  </testcase> <!-- TC08_ADE_BudgetoryFlow -->
  <testcase name="TC08_ADE_BudgetoryFlow" time="0.001" classname="com.att.myprice.testcases.TC08_BudgetoryFlow">
    <skipped/>
  </testcase> <!-- TC08_ADE_BudgetoryFlow -->
  <testcase name="TC08_ADE_BudgetoryFlow" time="0.001" classname="com.att.myprice.testcases.TC08_BudgetoryFlow">
    <skipped/>
  </testcase> <!-- TC08_ADE_BudgetoryFlow -->
  <testcase name="TC08_ADE_BudgetoryFlow" time="0.001" classname="com.att.myprice.testcases.TC08_BudgetoryFlow">
    <skipped/>
  </testcase> <!-- TC08_ADE_BudgetoryFlow -->
  <testcase name="TC08_ADE_BudgetoryFlow" time="0.001" classname="com.att.myprice.testcases.TC08_BudgetoryFlow">
    <skipped/>
  </testcase> <!-- TC08_ADE_BudgetoryFlow -->
  <testcase name="TC08_ADE_BudgetoryFlow" time="0.001" classname="com.att.myprice.testcases.TC08_BudgetoryFlow">
    <skipped/>
  </testcase> <!-- TC08_ADE_BudgetoryFlow -->
  <testcase name="TC08_ADE_BudgetoryFlow" time="0.001" classname="com.att.myprice.testcases.TC08_BudgetoryFlow">
    <skipped/>
  </testcase> <!-- TC08_ADE_BudgetoryFlow -->
  <testcase name="TC08_ADE_BudgetoryFlow" time="0.001" classname="com.att.myprice.testcases.TC08_BudgetoryFlow">
    <skipped/>
  </testcase> <!-- TC08_ADE_BudgetoryFlow -->
  <testcase name="TC08_ADE_BudgetoryFlow" time="0.001" classname="com.att.myprice.testcases.TC08_BudgetoryFlow">
    <skipped/>
  </testcase> <!-- TC08_ADE_BudgetoryFlow -->
  <testcase name="TC08_ADE_BudgetoryFlow" time="0.001" classname="com.att.myprice.testcases.TC08_BudgetoryFlow">
    <skipped/>
  </testcase> <!-- TC08_ADE_BudgetoryFlow -->
  <testcase name="TC08_ADE_BudgetoryFlow" time="0.001" classname="com.att.myprice.testcases.TC08_BudgetoryFlow">
    <skipped/>
  </testcase> <!-- TC08_ADE_BudgetoryFlow -->
  <testcase name="TC08_ADE_BudgetoryFlow" time="0.000" classname="com.att.myprice.testcases.TC08_BudgetoryFlow">
    <skipped/>
  </testcase> <!-- TC08_ADE_BudgetoryFlow -->
  <testcase name="TC08_ADE_BudgetoryFlow" time="0.000" classname="com.att.myprice.testcases.TC08_BudgetoryFlow">
    <skipped/>
  </testcase> <!-- TC08_ADE_BudgetoryFlow -->
  <testcase name="TC08_ADE_BudgetoryFlow" time="0.001" classname="com.att.myprice.testcases.TC08_BudgetoryFlow">
    <skipped/>
  </testcase> <!-- TC08_ADE_BudgetoryFlow -->
  <testcase name="TC08_ADE_BudgetoryFlow" time="0.000" classname="com.att.myprice.testcases.TC08_BudgetoryFlow">
    <skipped/>
  </testcase> <!-- TC08_ADE_BudgetoryFlow -->
  <testcase name="TC08_ADE_BudgetoryFlow" time="0.001" classname="com.att.myprice.testcases.TC08_BudgetoryFlow">
    <skipped/>
  </testcase> <!-- TC08_ADE_BudgetoryFlow -->
  <testcase name="TC08_ADE_BudgetoryFlow" time="0.000" classname="com.att.myprice.testcases.TC08_BudgetoryFlow">
    <skipped/>
  </testcase> <!-- TC08_ADE_BudgetoryFlow -->
  <testcase name="TC08_ADE_BudgetoryFlow" time="0.003" classname="com.att.myprice.testcases.TC08_BudgetoryFlow">
    <skipped/>
  </testcase> <!-- TC08_ADE_BudgetoryFlow -->
  <testcase name="TC08_ADE_BudgetoryFlow" time="0.002" classname="com.att.myprice.testcases.TC08_BudgetoryFlow">
    <skipped/>
  </testcase> <!-- TC08_ADE_BudgetoryFlow -->
  <testcase name="TC08_ADE_BudgetoryFlow" time="0.001" classname="com.att.myprice.testcases.TC08_BudgetoryFlow">
    <skipped/>
  </testcase> <!-- TC08_ADE_BudgetoryFlow -->
  <testcase name="TC08_ADE_BudgetoryFlow" time="0.001" classname="com.att.myprice.testcases.TC08_BudgetoryFlow">
    <skipped/>
  </testcase> <!-- TC08_ADE_BudgetoryFlow -->
  <testcase name="TC08_ADE_BudgetoryFlow" time="0.001" classname="com.att.myprice.testcases.TC08_BudgetoryFlow">
    <skipped/>
  </testcase> <!-- TC08_ADE_BudgetoryFlow -->
  <testcase name="TC08_ADE_BudgetoryFlow" time="0.001" classname="com.att.myprice.testcases.TC08_BudgetoryFlow">
    <skipped/>
  </testcase> <!-- TC08_ADE_BudgetoryFlow -->
  <testcase name="TC08_ADE_BudgetoryFlow" time="0.000" classname="com.att.myprice.testcases.TC08_BudgetoryFlow">
    <skipped/>
  </testcase> <!-- TC08_ADE_BudgetoryFlow -->
  <testcase name="TC08_ADE_BudgetoryFlow" time="0.001" classname="com.att.myprice.testcases.TC08_BudgetoryFlow">
    <skipped/>
  </testcase> <!-- TC08_ADE_BudgetoryFlow -->
  <testcase name="TC08_ADE_BudgetoryFlow" time="0.001" classname="com.att.myprice.testcases.TC08_BudgetoryFlow">
    <skipped/>
  </testcase> <!-- TC08_ADE_BudgetoryFlow -->
  <testcase name="TC08_ADE_BudgetoryFlow" time="0.001" classname="com.att.myprice.testcases.TC08_BudgetoryFlow">
    <skipped/>
  </testcase> <!-- TC08_ADE_BudgetoryFlow -->
  <testcase name="TC08_ADE_BudgetoryFlow" time="0.001" classname="com.att.myprice.testcases.TC08_BudgetoryFlow">
    <skipped/>
  </testcase> <!-- TC08_ADE_BudgetoryFlow -->
  <testcase name="TC08_ADE_BudgetoryFlow" time="0.000" classname="com.att.myprice.testcases.TC08_BudgetoryFlow">
    <skipped/>
  </testcase> <!-- TC08_ADE_BudgetoryFlow -->
  <testcase name="TC08_ADE_BudgetoryFlow" time="0.001" classname="com.att.myprice.testcases.TC08_BudgetoryFlow">
    <skipped/>
  </testcase> <!-- TC08_ADE_BudgetoryFlow -->
  <testcase name="TC08_ADE_BudgetoryFlow" time="0.001" classname="com.att.myprice.testcases.TC08_BudgetoryFlow">
    <skipped/>
  </testcase> <!-- TC08_ADE_BudgetoryFlow -->
  <testcase name="TC08_ADE_BudgetoryFlow" time="0.001" classname="com.att.myprice.testcases.TC08_BudgetoryFlow">
    <skipped/>
  </testcase> <!-- TC08_ADE_BudgetoryFlow -->
  <testcase name="TC08_ADE_BudgetoryFlow" time="0.000" classname="com.att.myprice.testcases.TC08_BudgetoryFlow">
    <skipped/>
  </testcase> <!-- TC08_ADE_BudgetoryFlow -->
  <testcase name="TC08_ADE_BudgetoryFlow" time="0.001" classname="com.att.myprice.testcases.TC08_BudgetoryFlow">
    <skipped/>
  </testcase> <!-- TC08_ADE_BudgetoryFlow -->
  <testcase name="TC08_ADE_BudgetoryFlow" time="0.003" classname="com.att.myprice.testcases.TC08_BudgetoryFlow">
    <skipped/>
  </testcase> <!-- TC08_ADE_BudgetoryFlow -->
  <testcase name="TC08_ADE_BudgetoryFlow" time="0.001" classname="com.att.myprice.testcases.TC08_BudgetoryFlow">
    <skipped/>
  </testcase> <!-- TC08_ADE_BudgetoryFlow -->
  <testcase name="TC08_ADE_BudgetoryFlow" time="0.001" classname="com.att.myprice.testcases.TC08_BudgetoryFlow">
    <skipped/>
  </testcase> <!-- TC08_ADE_BudgetoryFlow -->
  <testcase name="TC08_ADE_BudgetoryFlow" time="0.000" classname="com.att.myprice.testcases.TC08_BudgetoryFlow">
    <skipped/>
  </testcase> <!-- TC08_ADE_BudgetoryFlow -->
  <testcase name="TC08_ADE_BudgetoryFlow" time="0.000" classname="com.att.myprice.testcases.TC08_BudgetoryFlow">
    <skipped/>
  </testcase> <!-- TC08_ADE_BudgetoryFlow -->
  <testcase name="TC08_ADE_BudgetoryFlow" time="0.001" classname="com.att.myprice.testcases.TC08_BudgetoryFlow">
    <skipped/>
  </testcase> <!-- TC08_ADE_BudgetoryFlow -->
  <testcase name="TC08_ADE_BudgetoryFlow" time="0.001" classname="com.att.myprice.testcases.TC08_BudgetoryFlow">
    <skipped/>
  </testcase> <!-- TC08_ADE_BudgetoryFlow -->
  <testcase name="TC08_ADE_BudgetoryFlow" time="0.000" classname="com.att.myprice.testcases.TC08_BudgetoryFlow">
    <skipped/>
  </testcase> <!-- TC08_ADE_BudgetoryFlow -->
  <testcase name="TC08_ADE_BudgetoryFlow" time="0.001" classname="com.att.myprice.testcases.TC08_BudgetoryFlow">
    <skipped/>
  </testcase> <!-- TC08_ADE_BudgetoryFlow -->
  <testcase name="TC08_ADE_BudgetoryFlow" time="0.000" classname="com.att.myprice.testcases.TC08_BudgetoryFlow">
    <skipped/>
  </testcase> <!-- TC08_ADE_BudgetoryFlow -->
  <testcase name="TC08_ADE_BudgetoryFlow" time="0.001" classname="com.att.myprice.testcases.TC08_BudgetoryFlow">
    <skipped/>
  </testcase> <!-- TC08_ADE_BudgetoryFlow -->
  <testcase name="TC08_ADE_BudgetoryFlow" time="0.000" classname="com.att.myprice.testcases.TC08_BudgetoryFlow">
    <skipped/>
  </testcase> <!-- TC08_ADE_BudgetoryFlow -->
  <testcase name="TC08_ADE_BudgetoryFlow" time="0.001" classname="com.att.myprice.testcases.TC08_BudgetoryFlow">
    <skipped/>
  </testcase> <!-- TC08_ADE_BudgetoryFlow -->
  <testcase name="TC08_ADE_BudgetoryFlow" time="0.000" classname="com.att.myprice.testcases.TC08_BudgetoryFlow">
    <skipped/>
  </testcase> <!-- TC08_ADE_BudgetoryFlow -->
  <testcase name="TC08_ADE_BudgetoryFlow" time="0.002" classname="com.att.myprice.testcases.TC08_BudgetoryFlow">
    <skipped/>
  </testcase> <!-- TC08_ADE_BudgetoryFlow -->
  <testcase name="TC08_ADE_BudgetoryFlow" time="0.000" classname="com.att.myprice.testcases.TC08_BudgetoryFlow">
    <skipped/>
  </testcase> <!-- TC08_ADE_BudgetoryFlow -->
  <testcase name="TC08_ADE_BudgetoryFlow" time="0.001" classname="com.att.myprice.testcases.TC08_BudgetoryFlow">
    <skipped/>
  </testcase> <!-- TC08_ADE_BudgetoryFlow -->
  <testcase name="TC08_ADE_BudgetoryFlow" time="0.000" classname="com.att.myprice.testcases.TC08_BudgetoryFlow">
    <skipped/>
  </testcase> <!-- TC08_ADE_BudgetoryFlow -->
  <testcase name="TC08_ADE_BudgetoryFlow" time="0.001" classname="com.att.myprice.testcases.TC08_BudgetoryFlow">
    <skipped/>
  </testcase> <!-- TC08_ADE_BudgetoryFlow -->
  <testcase name="TC08_ADE_BudgetoryFlow" time="0.002" classname="com.att.myprice.testcases.TC08_BudgetoryFlow">
    <skipped/>
  </testcase> <!-- TC08_ADE_BudgetoryFlow -->
  <testcase name="TC08_ADE_BudgetoryFlow" time="0.001" classname="com.att.myprice.testcases.TC08_BudgetoryFlow">
    <skipped/>
  </testcase> <!-- TC08_ADE_BudgetoryFlow -->
  <testcase name="TC08_ADE_BudgetoryFlow" time="0.000" classname="com.att.myprice.testcases.TC08_BudgetoryFlow">
    <skipped/>
  </testcase> <!-- TC08_ADE_BudgetoryFlow -->
  <testcase name="TC08_ADE_BudgetoryFlow" time="0.001" classname="com.att.myprice.testcases.TC08_BudgetoryFlow">
    <skipped/>
  </testcase> <!-- TC08_ADE_BudgetoryFlow -->
  <testcase name="TC08_ADE_BudgetoryFlow" time="0.001" classname="com.att.myprice.testcases.TC08_BudgetoryFlow">
    <skipped/>
  </testcase> <!-- TC08_ADE_BudgetoryFlow -->
  <testcase name="TC08_ADE_BudgetoryFlow" time="0.002" classname="com.att.myprice.testcases.TC08_BudgetoryFlow">
    <skipped/>
  </testcase> <!-- TC08_ADE_BudgetoryFlow -->
  <testcase name="TC08_ADE_BudgetoryFlow" time="0.001" classname="com.att.myprice.testcases.TC08_BudgetoryFlow">
    <skipped/>
  </testcase> <!-- TC08_ADE_BudgetoryFlow -->
  <testcase name="TC08_ADE_BudgetoryFlow" time="0.001" classname="com.att.myprice.testcases.TC08_BudgetoryFlow">
    <skipped/>
  </testcase> <!-- TC08_ADE_BudgetoryFlow -->
  <testcase name="TC08_ADE_BudgetoryFlow" time="0.001" classname="com.att.myprice.testcases.TC08_BudgetoryFlow">
    <skipped/>
  </testcase> <!-- TC08_ADE_BudgetoryFlow -->
  <testcase name="TC08_ADE_BudgetoryFlow" time="0.001" classname="com.att.myprice.testcases.TC08_BudgetoryFlow">
    <skipped/>
  </testcase> <!-- TC08_ADE_BudgetoryFlow -->
  <testcase name="TC08_ADE_BudgetoryFlow" time="0.001" classname="com.att.myprice.testcases.TC08_BudgetoryFlow">
    <skipped/>
  </testcase> <!-- TC08_ADE_BudgetoryFlow -->
  <testcase name="TC08_ADE_BudgetoryFlow" time="0.002" classname="com.att.myprice.testcases.TC08_BudgetoryFlow">
    <skipped/>
  </testcase> <!-- TC08_ADE_BudgetoryFlow -->
  <testcase name="TC08_ADE_BudgetoryFlow" time="0.001" classname="com.att.myprice.testcases.TC08_BudgetoryFlow">
    <skipped/>
  </testcase> <!-- TC08_ADE_BudgetoryFlow -->
  <testcase name="TC08_ADE_BudgetoryFlow" time="0.000" classname="com.att.myprice.testcases.TC08_BudgetoryFlow">
    <skipped/>
  </testcase> <!-- TC08_ADE_BudgetoryFlow -->
  <testcase name="TC08_ADE_BudgetoryFlow" time="0.001" classname="com.att.myprice.testcases.TC08_BudgetoryFlow">
    <skipped/>
  </testcase> <!-- TC08_ADE_BudgetoryFlow -->
  <testcase name="TC08_ADE_BudgetoryFlow" time="0.001" classname="com.att.myprice.testcases.TC08_BudgetoryFlow">
    <skipped/>
  </testcase> <!-- TC08_ADE_BudgetoryFlow -->
  <testcase name="TC08_ADE_BudgetoryFlow" time="0.001" classname="com.att.myprice.testcases.TC08_BudgetoryFlow">
    <skipped/>
  </testcase> <!-- TC08_ADE_BudgetoryFlow -->
  <testcase name="TC08_ADE_BudgetoryFlow" time="0.001" classname="com.att.myprice.testcases.TC08_BudgetoryFlow">
    <skipped/>
  </testcase> <!-- TC08_ADE_BudgetoryFlow -->
  <testcase name="TC08_ADE_BudgetoryFlow" time="0.001" classname="com.att.myprice.testcases.TC08_BudgetoryFlow">
    <skipped/>
  </testcase> <!-- TC08_ADE_BudgetoryFlow -->
  <testcase name="TC08_ADE_BudgetoryFlow" time="0.001" classname="com.att.myprice.testcases.TC08_BudgetoryFlow">
    <skipped/>
  </testcase> <!-- TC08_ADE_BudgetoryFlow -->
  <testcase name="TC08_ADE_BudgetoryFlow" time="0.001" classname="com.att.myprice.testcases.TC08_BudgetoryFlow">
    <skipped/>
  </testcase> <!-- TC08_ADE_BudgetoryFlow -->
  <testcase name="TC08_ADE_BudgetoryFlow" time="0.001" classname="com.att.myprice.testcases.TC08_BudgetoryFlow">
    <skipped/>
  </testcase> <!-- TC08_ADE_BudgetoryFlow -->
  <testcase name="TC08_ADE_BudgetoryFlow" time="0.001" classname="com.att.myprice.testcases.TC08_BudgetoryFlow">
    <skipped/>
  </testcase> <!-- TC08_ADE_BudgetoryFlow -->
  <testcase name="TC08_ADE_BudgetoryFlow" time="0.001" classname="com.att.myprice.testcases.TC08_BudgetoryFlow">
    <skipped/>
  </testcase> <!-- TC08_ADE_BudgetoryFlow -->
  <testcase name="TC08_ADE_BudgetoryFlow" time="0.001" classname="com.att.myprice.testcases.TC08_BudgetoryFlow">
    <skipped/>
  </testcase> <!-- TC08_ADE_BudgetoryFlow -->
  <testcase name="TC08_ADE_BudgetoryFlow" time="0.001" classname="com.att.myprice.testcases.TC08_BudgetoryFlow">
    <skipped/>
  </testcase> <!-- TC08_ADE_BudgetoryFlow -->
  <testcase name="TC08_ADE_BudgetoryFlow" time="0.001" classname="com.att.myprice.testcases.TC08_BudgetoryFlow">
    <skipped/>
  </testcase> <!-- TC08_ADE_BudgetoryFlow -->
  <testcase name="TC08_ADE_BudgetoryFlow" time="0.001" classname="com.att.myprice.testcases.TC08_BudgetoryFlow">
    <skipped/>
  </testcase> <!-- TC08_ADE_BudgetoryFlow -->
  <testcase name="TC08_ADE_BudgetoryFlow" time="0.003" classname="com.att.myprice.testcases.TC08_BudgetoryFlow">
    <skipped/>
  </testcase> <!-- TC08_ADE_BudgetoryFlow -->
  <testcase name="TC08_ADE_BudgetoryFlow" time="0.001" classname="com.att.myprice.testcases.TC08_BudgetoryFlow">
    <skipped/>
  </testcase> <!-- TC08_ADE_BudgetoryFlow -->
  <testcase name="TC08_ADE_BudgetoryFlow" time="0.000" classname="com.att.myprice.testcases.TC08_BudgetoryFlow">
    <skipped/>
  </testcase> <!-- TC08_ADE_BudgetoryFlow -->
  <testcase name="TC08_ADE_BudgetoryFlow" time="0.000" classname="com.att.myprice.testcases.TC08_BudgetoryFlow">
    <skipped/>
  </testcase> <!-- TC08_ADE_BudgetoryFlow -->
  <testcase name="TC08_ADE_BudgetoryFlow" time="0.001" classname="com.att.myprice.testcases.TC08_BudgetoryFlow">
    <skipped/>
  </testcase> <!-- TC08_ADE_BudgetoryFlow -->
  <testcase name="TC08_ADE_BudgetoryFlow" time="0.001" classname="com.att.myprice.testcases.TC08_BudgetoryFlow">
    <skipped/>
  </testcase> <!-- TC08_ADE_BudgetoryFlow -->
  <testcase name="TC08_ADE_BudgetoryFlow" time="0.001" classname="com.att.myprice.testcases.TC08_BudgetoryFlow">
    <skipped/>
  </testcase> <!-- TC08_ADE_BudgetoryFlow -->
  <testcase name="TC08_ADE_BudgetoryFlow" time="0.001" classname="com.att.myprice.testcases.TC08_BudgetoryFlow">
    <skipped/>
  </testcase> <!-- TC08_ADE_BudgetoryFlow -->
  <testcase name="TC08_ADE_BudgetoryFlow" time="0.001" classname="com.att.myprice.testcases.TC08_BudgetoryFlow">
    <skipped/>
  </testcase> <!-- TC08_ADE_BudgetoryFlow -->
  <testcase name="TC08_ADE_BudgetoryFlow" time="0.001" classname="com.att.myprice.testcases.TC08_BudgetoryFlow">
    <skipped/>
  </testcase> <!-- TC08_ADE_BudgetoryFlow -->
  <testcase name="TC08_ADE_BudgetoryFlow" time="0.000" classname="com.att.myprice.testcases.TC08_BudgetoryFlow">
    <skipped/>
  </testcase> <!-- TC08_ADE_BudgetoryFlow -->
  <testcase name="TC08_ADE_BudgetoryFlow" time="0.001" classname="com.att.myprice.testcases.TC08_BudgetoryFlow">
    <skipped/>
  </testcase> <!-- TC08_ADE_BudgetoryFlow -->
  <testcase name="TC08_ADE_BudgetoryFlow" time="0.001" classname="com.att.myprice.testcases.TC08_BudgetoryFlow">
    <skipped/>
  </testcase> <!-- TC08_ADE_BudgetoryFlow -->
  <testcase name="TC08_ADE_BudgetoryFlow" time="0.001" classname="com.att.myprice.testcases.TC08_BudgetoryFlow">
    <skipped/>
  </testcase> <!-- TC08_ADE_BudgetoryFlow -->
  <testcase name="TC08_ADE_BudgetoryFlow" time="0.000" classname="com.att.myprice.testcases.TC08_BudgetoryFlow">
    <skipped/>
  </testcase> <!-- TC08_ADE_BudgetoryFlow -->
  <testcase name="TC08_ADE_BudgetoryFlow" time="0.001" classname="com.att.myprice.testcases.TC08_BudgetoryFlow">
    <skipped/>
  </testcase> <!-- TC08_ADE_BudgetoryFlow -->
  <testcase name="TC08_ADE_BudgetoryFlow" time="0.001" classname="com.att.myprice.testcases.TC08_BudgetoryFlow">
    <skipped/>
  </testcase> <!-- TC08_ADE_BudgetoryFlow -->
  <testcase name="TC08_ADE_BudgetoryFlow" time="0.001" classname="com.att.myprice.testcases.TC08_BudgetoryFlow">
    <skipped/>
  </testcase> <!-- TC08_ADE_BudgetoryFlow -->
  <testcase name="TC08_ADE_BudgetoryFlow" time="0.001" classname="com.att.myprice.testcases.TC08_BudgetoryFlow">
    <skipped/>
  </testcase> <!-- TC08_ADE_BudgetoryFlow -->
  <testcase name="TC08_ADE_BudgetoryFlow" time="0.000" classname="com.att.myprice.testcases.TC08_BudgetoryFlow">
    <skipped/>
  </testcase> <!-- TC08_ADE_BudgetoryFlow -->
  <testcase name="TC08_ADE_BudgetoryFlow" time="0.000" classname="com.att.myprice.testcases.TC08_BudgetoryFlow">
    <skipped/>
  </testcase> <!-- TC08_ADE_BudgetoryFlow -->
  <testcase name="TC08_ADE_BudgetoryFlow" time="0.001" classname="com.att.myprice.testcases.TC08_BudgetoryFlow">
    <skipped/>
  </testcase> <!-- TC08_ADE_BudgetoryFlow -->
  <testcase name="TC08_ADE_BudgetoryFlow" time="0.000" classname="com.att.myprice.testcases.TC08_BudgetoryFlow">
    <skipped/>
  </testcase> <!-- TC08_ADE_BudgetoryFlow -->
  <testcase name="TC08_ADE_BudgetoryFlow" time="0.001" classname="com.att.myprice.testcases.TC08_BudgetoryFlow">
    <skipped/>
  </testcase> <!-- TC08_ADE_BudgetoryFlow -->
  <testcase name="TC08_ADE_BudgetoryFlow" time="0.001" classname="com.att.myprice.testcases.TC08_BudgetoryFlow">
    <skipped/>
  </testcase> <!-- TC08_ADE_BudgetoryFlow -->
  <testcase name="TC08_ADE_BudgetoryFlow" time="0.001" classname="com.att.myprice.testcases.TC08_BudgetoryFlow">
    <skipped/>
  </testcase> <!-- TC08_ADE_BudgetoryFlow -->
  <testcase name="TC08_ADE_BudgetoryFlow" time="0.000" classname="com.att.myprice.testcases.TC08_BudgetoryFlow">
    <skipped/>
  </testcase> <!-- TC08_ADE_BudgetoryFlow -->
  <testcase name="TC08_ADE_BudgetoryFlow" time="0.001" classname="com.att.myprice.testcases.TC08_BudgetoryFlow">
    <skipped/>
  </testcase> <!-- TC08_ADE_BudgetoryFlow -->
  <testcase name="TC08_ADE_BudgetoryFlow" time="0.001" classname="com.att.myprice.testcases.TC08_BudgetoryFlow">
    <skipped/>
  </testcase> <!-- TC08_ADE_BudgetoryFlow -->
  <testcase name="TC08_ADE_BudgetoryFlow" time="0.001" classname="com.att.myprice.testcases.TC08_BudgetoryFlow">
    <skipped/>
  </testcase> <!-- TC08_ADE_BudgetoryFlow -->
  <testcase name="TC08_ADE_BudgetoryFlow" time="0.002" classname="com.att.myprice.testcases.TC08_BudgetoryFlow">
    <skipped/>
  </testcase> <!-- TC08_ADE_BudgetoryFlow -->
  <testcase name="TC08_ADE_BudgetoryFlow" time="0.001" classname="com.att.myprice.testcases.TC08_BudgetoryFlow">
    <skipped/>
  </testcase> <!-- TC08_ADE_BudgetoryFlow -->
  <testcase name="TC08_ADE_BudgetoryFlow" time="0.001" classname="com.att.myprice.testcases.TC08_BudgetoryFlow">
    <skipped/>
  </testcase> <!-- TC08_ADE_BudgetoryFlow -->
  <testcase name="TC08_ADE_BudgetoryFlow" time="0.000" classname="com.att.myprice.testcases.TC08_BudgetoryFlow">
    <skipped/>
  </testcase> <!-- TC08_ADE_BudgetoryFlow -->
  <testcase name="TC08_ADE_BudgetoryFlow" time="0.001" classname="com.att.myprice.testcases.TC08_BudgetoryFlow">
    <skipped/>
  </testcase> <!-- TC08_ADE_BudgetoryFlow -->
  <testcase name="TC08_ADE_BudgetoryFlow" time="0.001" classname="com.att.myprice.testcases.TC08_BudgetoryFlow">
    <skipped/>
  </testcase> <!-- TC08_ADE_BudgetoryFlow -->
  <testcase name="TC08_ADE_BudgetoryFlow" time="0.000" classname="com.att.myprice.testcases.TC08_BudgetoryFlow">
    <skipped/>
  </testcase> <!-- TC08_ADE_BudgetoryFlow -->
  <testcase name="TC08_ADE_BudgetoryFlow" time="0.001" classname="com.att.myprice.testcases.TC08_BudgetoryFlow">
    <skipped/>
  </testcase> <!-- TC08_ADE_BudgetoryFlow -->
  <testcase name="TC08_ADE_BudgetoryFlow" time="0.001" classname="com.att.myprice.testcases.TC08_BudgetoryFlow">
    <skipped/>
  </testcase> <!-- TC08_ADE_BudgetoryFlow -->
  <testcase name="TC08_ADE_BudgetoryFlow" time="0.001" classname="com.att.myprice.testcases.TC08_BudgetoryFlow">
    <skipped/>
  </testcase> <!-- TC08_ADE_BudgetoryFlow -->
  <testcase name="TC08_ADE_BudgetoryFlow" time="0.000" classname="com.att.myprice.testcases.TC08_BudgetoryFlow">
    <skipped/>
  </testcase> <!-- TC08_ADE_BudgetoryFlow -->
  <testcase name="TC08_ADE_BudgetoryFlow" time="0.005" classname="com.att.myprice.testcases.TC08_BudgetoryFlow">
    <skipped/>
  </testcase> <!-- TC08_ADE_BudgetoryFlow -->
  <testcase name="TC08_ADE_BudgetoryFlow" time="0.001" classname="com.att.myprice.testcases.TC08_BudgetoryFlow">
    <skipped/>
  </testcase> <!-- TC08_ADE_BudgetoryFlow -->
  <testcase name="TC08_ADE_BudgetoryFlow" time="0.001" classname="com.att.myprice.testcases.TC08_BudgetoryFlow">
    <skipped/>
  </testcase> <!-- TC08_ADE_BudgetoryFlow -->
  <testcase name="TC08_ADE_BudgetoryFlow" time="0.001" classname="com.att.myprice.testcases.TC08_BudgetoryFlow">
    <skipped/>
  </testcase> <!-- TC08_ADE_BudgetoryFlow -->
  <testcase name="TC08_ADE_BudgetoryFlow" time="0.001" classname="com.att.myprice.testcases.TC08_BudgetoryFlow">
    <skipped/>
  </testcase> <!-- TC08_ADE_BudgetoryFlow -->
  <testcase name="TC08_ADE_BudgetoryFlow" time="0.001" classname="com.att.myprice.testcases.TC08_BudgetoryFlow">
    <skipped/>
  </testcase> <!-- TC08_ADE_BudgetoryFlow -->
  <testcase name="TC08_ADE_BudgetoryFlow" time="0.001" classname="com.att.myprice.testcases.TC08_BudgetoryFlow">
    <skipped/>
  </testcase> <!-- TC08_ADE_BudgetoryFlow -->
  <testcase name="TC08_ADE_BudgetoryFlow" time="0.002" classname="com.att.myprice.testcases.TC08_BudgetoryFlow">
    <skipped/>
  </testcase> <!-- TC08_ADE_BudgetoryFlow -->
  <testcase name="TC08_ADE_BudgetoryFlow" time="0.001" classname="com.att.myprice.testcases.TC08_BudgetoryFlow">
    <skipped/>
  </testcase> <!-- TC08_ADE_BudgetoryFlow -->
  <testcase name="TC08_ADE_BudgetoryFlow" time="0.001" classname="com.att.myprice.testcases.TC08_BudgetoryFlow">
    <skipped/>
  </testcase> <!-- TC08_ADE_BudgetoryFlow -->
  <testcase name="TC08_ADE_BudgetoryFlow" time="0.000" classname="com.att.myprice.testcases.TC08_BudgetoryFlow">
    <skipped/>
  </testcase> <!-- TC08_ADE_BudgetoryFlow -->
  <testcase name="TC08_ADE_BudgetoryFlow" time="0.001" classname="com.att.myprice.testcases.TC08_BudgetoryFlow">
    <skipped/>
  </testcase> <!-- TC08_ADE_BudgetoryFlow -->
  <testcase name="TC08_ADE_BudgetoryFlow" time="0.001" classname="com.att.myprice.testcases.TC08_BudgetoryFlow">
    <skipped/>
  </testcase> <!-- TC08_ADE_BudgetoryFlow -->
  <testcase name="TC08_ADE_BudgetoryFlow" time="0.001" classname="com.att.myprice.testcases.TC08_BudgetoryFlow">
    <skipped/>
  </testcase> <!-- TC08_ADE_BudgetoryFlow -->
  <testcase name="TC08_ADE_BudgetoryFlow" time="0.002" classname="com.att.myprice.testcases.TC08_BudgetoryFlow">
    <skipped/>
  </testcase> <!-- TC08_ADE_BudgetoryFlow -->
  <testcase name="TC08_ADE_BudgetoryFlow" time="0.001" classname="com.att.myprice.testcases.TC08_BudgetoryFlow">
    <skipped/>
  </testcase> <!-- TC08_ADE_BudgetoryFlow -->
  <testcase name="TC08_ADE_BudgetoryFlow" time="0.001" classname="com.att.myprice.testcases.TC08_BudgetoryFlow">
    <skipped/>
  </testcase> <!-- TC08_ADE_BudgetoryFlow -->
  <testcase name="TC08_ADE_BudgetoryFlow" time="0.001" classname="com.att.myprice.testcases.TC08_BudgetoryFlow">
    <skipped/>
  </testcase> <!-- TC08_ADE_BudgetoryFlow -->
  <testcase name="TC08_ADE_BudgetoryFlow" time="0.001" classname="com.att.myprice.testcases.TC08_BudgetoryFlow">
    <skipped/>
  </testcase> <!-- TC08_ADE_BudgetoryFlow -->
  <testcase name="TC08_ADE_BudgetoryFlow" time="0.001" classname="com.att.myprice.testcases.TC08_BudgetoryFlow">
    <skipped/>
  </testcase> <!-- TC08_ADE_BudgetoryFlow -->
  <testcase name="TC08_ADE_BudgetoryFlow" time="0.000" classname="com.att.myprice.testcases.TC08_BudgetoryFlow">
    <skipped/>
  </testcase> <!-- TC08_ADE_BudgetoryFlow -->
  <testcase name="TC08_ADE_BudgetoryFlow" time="0.001" classname="com.att.myprice.testcases.TC08_BudgetoryFlow">
    <skipped/>
  </testcase> <!-- TC08_ADE_BudgetoryFlow -->
  <testcase name="TC08_ADE_BudgetoryFlow" time="0.001" classname="com.att.myprice.testcases.TC08_BudgetoryFlow">
    <skipped/>
  </testcase> <!-- TC08_ADE_BudgetoryFlow -->
  <testcase name="TC08_ADE_BudgetoryFlow" time="0.002" classname="com.att.myprice.testcases.TC08_BudgetoryFlow">
    <skipped/>
  </testcase> <!-- TC08_ADE_BudgetoryFlow -->
  <testcase name="TC08_ADE_BudgetoryFlow" time="0.001" classname="com.att.myprice.testcases.TC08_BudgetoryFlow">
    <skipped/>
  </testcase> <!-- TC08_ADE_BudgetoryFlow -->
  <testcase name="TC08_ADE_BudgetoryFlow" time="0.002" classname="com.att.myprice.testcases.TC08_BudgetoryFlow">
    <skipped/>
  </testcase> <!-- TC08_ADE_BudgetoryFlow -->
  <testcase name="TC08_ADE_BudgetoryFlow" time="0.001" classname="com.att.myprice.testcases.TC08_BudgetoryFlow">
    <skipped/>
  </testcase> <!-- TC08_ADE_BudgetoryFlow -->
  <testcase name="TC08_ADE_BudgetoryFlow" time="0.001" classname="com.att.myprice.testcases.TC08_BudgetoryFlow">
    <skipped/>
  </testcase> <!-- TC08_ADE_BudgetoryFlow -->
  <testcase name="TC08_ADE_BudgetoryFlow" time="0.001" classname="com.att.myprice.testcases.TC08_BudgetoryFlow">
    <skipped/>
  </testcase> <!-- TC08_ADE_BudgetoryFlow -->
  <testcase name="TC08_ADE_BudgetoryFlow" time="0.000" classname="com.att.myprice.testcases.TC08_BudgetoryFlow">
    <skipped/>
  </testcase> <!-- TC08_ADE_BudgetoryFlow -->
  <testcase name="TC08_ADE_BudgetoryFlow" time="0.001" classname="com.att.myprice.testcases.TC08_BudgetoryFlow">
    <skipped/>
  </testcase> <!-- TC08_ADE_BudgetoryFlow -->
  <testcase name="TC08_ADE_BudgetoryFlow" time="0.001" classname="com.att.myprice.testcases.TC08_BudgetoryFlow">
    <skipped/>
  </testcase> <!-- TC08_ADE_BudgetoryFlow -->
  <testcase name="TC08_ADE_BudgetoryFlow" time="0.000" classname="com.att.myprice.testcases.TC08_BudgetoryFlow">
    <skipped/>
  </testcase> <!-- TC08_ADE_BudgetoryFlow -->
  <testcase name="TC08_ADE_BudgetoryFlow" time="0.001" classname="com.att.myprice.testcases.TC08_BudgetoryFlow">
    <skipped/>
  </testcase> <!-- TC08_ADE_BudgetoryFlow -->
  <testcase name="TC08_ADE_BudgetoryFlow" time="0.001" classname="com.att.myprice.testcases.TC08_BudgetoryFlow">
    <skipped/>
  </testcase> <!-- TC08_ADE_BudgetoryFlow -->
  <testcase name="TC08_ADE_BudgetoryFlow" time="0.006" classname="com.att.myprice.testcases.TC08_BudgetoryFlow">
    <skipped/>
  </testcase> <!-- TC08_ADE_BudgetoryFlow -->
  <testcase name="TC08_ADE_BudgetoryFlow" time="0.001" classname="com.att.myprice.testcases.TC08_BudgetoryFlow">
    <skipped/>
  </testcase> <!-- TC08_ADE_BudgetoryFlow -->
  <testcase name="TC08_ADE_BudgetoryFlow" time="0.001" classname="com.att.myprice.testcases.TC08_BudgetoryFlow">
    <skipped/>
  </testcase> <!-- TC08_ADE_BudgetoryFlow -->
  <testcase name="TC08_ADE_BudgetoryFlow" time="0.001" classname="com.att.myprice.testcases.TC08_BudgetoryFlow">
    <skipped/>
  </testcase> <!-- TC08_ADE_BudgetoryFlow -->
  <testcase name="TC08_ADE_BudgetoryFlow" time="0.000" classname="com.att.myprice.testcases.TC08_BudgetoryFlow">
    <skipped/>
  </testcase> <!-- TC08_ADE_BudgetoryFlow -->
  <testcase name="TC08_ADE_BudgetoryFlow" time="0.001" classname="com.att.myprice.testcases.TC08_BudgetoryFlow">
    <skipped/>
  </testcase> <!-- TC08_ADE_BudgetoryFlow -->
  <testcase name="TC08_ADE_BudgetoryFlow" time="0.001" classname="com.att.myprice.testcases.TC08_BudgetoryFlow">
    <skipped/>
  </testcase> <!-- TC08_ADE_BudgetoryFlow -->
  <testcase name="TC08_ADE_BudgetoryFlow" time="0.000" classname="com.att.myprice.testcases.TC08_BudgetoryFlow">
    <skipped/>
  </testcase> <!-- TC08_ADE_BudgetoryFlow -->
  <testcase name="TC08_ADE_BudgetoryFlow" time="0.001" classname="com.att.myprice.testcases.TC08_BudgetoryFlow">
    <skipped/>
  </testcase> <!-- TC08_ADE_BudgetoryFlow -->
  <testcase name="TC08_ADE_BudgetoryFlow" time="0.001" classname="com.att.myprice.testcases.TC08_BudgetoryFlow">
    <skipped/>
  </testcase> <!-- TC08_ADE_BudgetoryFlow -->
  <testcase name="TC08_ADE_BudgetoryFlow" time="0.002" classname="com.att.myprice.testcases.TC08_BudgetoryFlow">
    <skipped/>
  </testcase> <!-- TC08_ADE_BudgetoryFlow -->
  <testcase name="TC08_ADE_BudgetoryFlow" time="0.001" classname="com.att.myprice.testcases.TC08_BudgetoryFlow">
    <skipped/>
  </testcase> <!-- TC08_ADE_BudgetoryFlow -->
  <testcase name="TC08_ADE_BudgetoryFlow" time="0.001" classname="com.att.myprice.testcases.TC08_BudgetoryFlow">
    <skipped/>
  </testcase> <!-- TC08_ADE_BudgetoryFlow -->
  <testcase name="TC08_ADE_BudgetoryFlow" time="0.001" classname="com.att.myprice.testcases.TC08_BudgetoryFlow">
    <skipped/>
  </testcase> <!-- TC08_ADE_BudgetoryFlow -->
  <testcase name="TC08_ADE_BudgetoryFlow" time="0.001" classname="com.att.myprice.testcases.TC08_BudgetoryFlow">
    <skipped/>
  </testcase> <!-- TC08_ADE_BudgetoryFlow -->
  <testcase name="TC08_ADE_BudgetoryFlow" time="0.000" classname="com.att.myprice.testcases.TC08_BudgetoryFlow">
    <skipped/>
  </testcase> <!-- TC08_ADE_BudgetoryFlow -->
  <testcase name="TC08_ADE_BudgetoryFlow" time="0.001" classname="com.att.myprice.testcases.TC08_BudgetoryFlow">
    <skipped/>
  </testcase> <!-- TC08_ADE_BudgetoryFlow -->
  <testcase name="TC08_ADE_BudgetoryFlow" time="0.001" classname="com.att.myprice.testcases.TC08_BudgetoryFlow">
    <skipped/>
  </testcase> <!-- TC08_ADE_BudgetoryFlow -->
  <testcase name="TC08_ADE_BudgetoryFlow" time="0.001" classname="com.att.myprice.testcases.TC08_BudgetoryFlow">
    <skipped/>
  </testcase> <!-- TC08_ADE_BudgetoryFlow -->
  <testcase name="TC08_ADE_BudgetoryFlow" time="0.002" classname="com.att.myprice.testcases.TC08_BudgetoryFlow">
    <skipped/>
  </testcase> <!-- TC08_ADE_BudgetoryFlow -->
  <testcase name="TC08_ADE_BudgetoryFlow" time="0.001" classname="com.att.myprice.testcases.TC08_BudgetoryFlow">
    <skipped/>
  </testcase> <!-- TC08_ADE_BudgetoryFlow -->
  <testcase name="TC08_ADE_BudgetoryFlow" time="0.001" classname="com.att.myprice.testcases.TC08_BudgetoryFlow">
    <skipped/>
  </testcase> <!-- TC08_ADE_BudgetoryFlow -->
  <testcase name="TC08_ADE_BudgetoryFlow" time="0.001" classname="com.att.myprice.testcases.TC08_BudgetoryFlow">
    <skipped/>
  </testcase> <!-- TC08_ADE_BudgetoryFlow -->
  <testcase name="TC08_ADE_BudgetoryFlow" time="0.001" classname="com.att.myprice.testcases.TC08_BudgetoryFlow">
    <skipped/>
  </testcase> <!-- TC08_ADE_BudgetoryFlow -->
  <testcase name="TC08_ADE_BudgetoryFlow" time="0.001" classname="com.att.myprice.testcases.TC08_BudgetoryFlow">
    <skipped/>
  </testcase> <!-- TC08_ADE_BudgetoryFlow -->
  <testcase name="TC08_ADE_BudgetoryFlow" time="0.000" classname="com.att.myprice.testcases.TC08_BudgetoryFlow">
    <skipped/>
  </testcase> <!-- TC08_ADE_BudgetoryFlow -->
  <testcase name="TC08_ADE_BudgetoryFlow" time="0.001" classname="com.att.myprice.testcases.TC08_BudgetoryFlow">
    <skipped/>
  </testcase> <!-- TC08_ADE_BudgetoryFlow -->
  <testcase name="TC08_ADE_BudgetoryFlow" time="0.000" classname="com.att.myprice.testcases.TC08_BudgetoryFlow">
    <skipped/>
  </testcase> <!-- TC08_ADE_BudgetoryFlow -->
  <testcase name="TC08_ADE_BudgetoryFlow" time="0.001" classname="com.att.myprice.testcases.TC08_BudgetoryFlow">
    <skipped/>
  </testcase> <!-- TC08_ADE_BudgetoryFlow -->
  <testcase name="TC08_ADE_BudgetoryFlow" time="0.002" classname="com.att.myprice.testcases.TC08_BudgetoryFlow">
    <skipped/>
  </testcase> <!-- TC08_ADE_BudgetoryFlow -->
  <testcase name="TC08_ADE_BudgetoryFlow" time="16.646" classname="com.att.myprice.testcases.TC08_BudgetoryFlow">
    <skipped/>
  </testcase> <!-- TC08_ADE_BudgetoryFlow -->
  <testcase name="TC08_ADE_BudgetoryFlow" time="0.000" classname="com.att.myprice.testcases.TC08_BudgetoryFlow">
    <skipped/>
  </testcase> <!-- TC08_ADE_BudgetoryFlow -->
  <testcase name="TC08_ADE_BudgetoryFlow" time="0.001" classname="com.att.myprice.testcases.TC08_BudgetoryFlow">
    <skipped/>
  </testcase> <!-- TC08_ADE_BudgetoryFlow -->
  <testcase name="TC08_ADE_BudgetoryFlow" time="0.001" classname="com.att.myprice.testcases.TC08_BudgetoryFlow">
    <skipped/>
  </testcase> <!-- TC08_ADE_BudgetoryFlow -->
  <testcase name="TC08_ADE_BudgetoryFlow" time="0.005" classname="com.att.myprice.testcases.TC08_BudgetoryFlow">
    <skipped/>
  </testcase> <!-- TC08_ADE_BudgetoryFlow -->
  <testcase name="TC08_ADE_BudgetoryFlow" time="0.000" classname="com.att.myprice.testcases.TC08_BudgetoryFlow">
    <skipped/>
  </testcase> <!-- TC08_ADE_BudgetoryFlow -->
  <testcase name="TC08_ADE_BudgetoryFlow" time="0.001" classname="com.att.myprice.testcases.TC08_BudgetoryFlow">
    <skipped/>
  </testcase> <!-- TC08_ADE_BudgetoryFlow -->
  <testcase name="TC08_ADE_BudgetoryFlow" time="0.001" classname="com.att.myprice.testcases.TC08_BudgetoryFlow">
    <skipped/>
  </testcase> <!-- TC08_ADE_BudgetoryFlow -->
  <testcase name="TC08_ADE_BudgetoryFlow" time="0.000" classname="com.att.myprice.testcases.TC08_BudgetoryFlow">
    <skipped/>
  </testcase> <!-- TC08_ADE_BudgetoryFlow -->
  <testcase name="TC08_ADE_BudgetoryFlow" time="0.001" classname="com.att.myprice.testcases.TC08_BudgetoryFlow">
    <skipped/>
  </testcase> <!-- TC08_ADE_BudgetoryFlow -->
  <testcase name="TC08_ADE_BudgetoryFlow" time="0.001" classname="com.att.myprice.testcases.TC08_BudgetoryFlow">
    <skipped/>
  </testcase> <!-- TC08_ADE_BudgetoryFlow -->
  <testcase name="TC08_ADE_BudgetoryFlow" time="0.001" classname="com.att.myprice.testcases.TC08_BudgetoryFlow">
    <skipped/>
  </testcase> <!-- TC08_ADE_BudgetoryFlow -->
  <testcase name="TC08_ADE_BudgetoryFlow" time="0.001" classname="com.att.myprice.testcases.TC08_BudgetoryFlow">
    <skipped/>
  </testcase> <!-- TC08_ADE_BudgetoryFlow -->
  <testcase name="TC08_ADE_BudgetoryFlow" time="0.001" classname="com.att.myprice.testcases.TC08_BudgetoryFlow">
    <skipped/>
  </testcase> <!-- TC08_ADE_BudgetoryFlow -->
  <testcase name="TC08_ADE_BudgetoryFlow" time="0.001" classname="com.att.myprice.testcases.TC08_BudgetoryFlow">
    <skipped/>
  </testcase> <!-- TC08_ADE_BudgetoryFlow -->
  <testcase name="TC08_ADE_BudgetoryFlow" time="0.001" classname="com.att.myprice.testcases.TC08_BudgetoryFlow">
    <skipped/>
  </testcase> <!-- TC08_ADE_BudgetoryFlow -->
  <testcase name="TC08_ADE_BudgetoryFlow" time="0.001" classname="com.att.myprice.testcases.TC08_BudgetoryFlow">
    <skipped/>
  </testcase> <!-- TC08_ADE_BudgetoryFlow -->
  <testcase name="TC08_ADE_BudgetoryFlow" time="0.001" classname="com.att.myprice.testcases.TC08_BudgetoryFlow">
    <skipped/>
  </testcase> <!-- TC08_ADE_BudgetoryFlow -->
  <testcase name="TC08_ADE_BudgetoryFlow" time="0.001" classname="com.att.myprice.testcases.TC08_BudgetoryFlow">
    <skipped/>
  </testcase> <!-- TC08_ADE_BudgetoryFlow -->
  <testcase name="TC08_ADE_BudgetoryFlow" time="0.001" classname="com.att.myprice.testcases.TC08_BudgetoryFlow">
    <skipped/>
  </testcase> <!-- TC08_ADE_BudgetoryFlow -->
  <testcase name="TC08_ADE_BudgetoryFlow" time="0.001" classname="com.att.myprice.testcases.TC08_BudgetoryFlow">
    <skipped/>
  </testcase> <!-- TC08_ADE_BudgetoryFlow -->
  <testcase name="TC08_ADE_BudgetoryFlow" time="0.000" classname="com.att.myprice.testcases.TC08_BudgetoryFlow">
    <skipped/>
  </testcase> <!-- TC08_ADE_BudgetoryFlow -->
  <testcase name="TC08_ADE_BudgetoryFlow" time="0.001" classname="com.att.myprice.testcases.TC08_BudgetoryFlow">
    <skipped/>
  </testcase> <!-- TC08_ADE_BudgetoryFlow -->
  <testcase name="TC08_ADE_BudgetoryFlow" time="0.001" classname="com.att.myprice.testcases.TC08_BudgetoryFlow">
    <skipped/>
  </testcase> <!-- TC08_ADE_BudgetoryFlow -->
  <testcase name="TC08_ADE_BudgetoryFlow" time="0.001" classname="com.att.myprice.testcases.TC08_BudgetoryFlow">
    <skipped/>
  </testcase> <!-- TC08_ADE_BudgetoryFlow -->
  <testcase name="TC08_ADE_BudgetoryFlow" time="0.001" classname="com.att.myprice.testcases.TC08_BudgetoryFlow">
    <skipped/>
  </testcase> <!-- TC08_ADE_BudgetoryFlow -->
  <testcase name="TC08_ADE_BudgetoryFlow" time="0.001" classname="com.att.myprice.testcases.TC08_BudgetoryFlow">
    <skipped/>
  </testcase> <!-- TC08_ADE_BudgetoryFlow -->
  <testcase name="TC08_ADE_BudgetoryFlow" time="0.001" classname="com.att.myprice.testcases.TC08_BudgetoryFlow">
    <skipped/>
  </testcase> <!-- TC08_ADE_BudgetoryFlow -->
  <testcase name="TC08_ADE_BudgetoryFlow" time="0.000" classname="com.att.myprice.testcases.TC08_BudgetoryFlow">
    <skipped/>
  </testcase> <!-- TC08_ADE_BudgetoryFlow -->
  <testcase name="TC08_ADE_BudgetoryFlow" time="0.001" classname="com.att.myprice.testcases.TC08_BudgetoryFlow">
    <skipped/>
  </testcase> <!-- TC08_ADE_BudgetoryFlow -->
  <testcase name="TC08_ADE_BudgetoryFlow" time="0.001" classname="com.att.myprice.testcases.TC08_BudgetoryFlow">
    <skipped/>
  </testcase> <!-- TC08_ADE_BudgetoryFlow -->
  <testcase name="TC08_ADE_BudgetoryFlow" time="0.000" classname="com.att.myprice.testcases.TC08_BudgetoryFlow">
    <skipped/>
  </testcase> <!-- TC08_ADE_BudgetoryFlow -->
  <testcase name="TC08_ADE_BudgetoryFlow" time="0.001" classname="com.att.myprice.testcases.TC08_BudgetoryFlow">
    <skipped/>
  </testcase> <!-- TC08_ADE_BudgetoryFlow -->
  <testcase name="TC08_ADE_BudgetoryFlow" time="0.001" classname="com.att.myprice.testcases.TC08_BudgetoryFlow">
    <skipped/>
  </testcase> <!-- TC08_ADE_BudgetoryFlow -->
  <testcase name="TC08_ADE_BudgetoryFlow" time="0.001" classname="com.att.myprice.testcases.TC08_BudgetoryFlow">
    <skipped/>
  </testcase> <!-- TC08_ADE_BudgetoryFlow -->
  <testcase name="TC08_ADE_BudgetoryFlow" time="0.001" classname="com.att.myprice.testcases.TC08_BudgetoryFlow">
    <skipped/>
  </testcase> <!-- TC08_ADE_BudgetoryFlow -->
  <testcase name="TC08_ADE_BudgetoryFlow" time="0.000" classname="com.att.myprice.testcases.TC08_BudgetoryFlow">
    <skipped/>
  </testcase> <!-- TC08_ADE_BudgetoryFlow -->
</testsuite> <!-- com.att.myprice.testcases.TC08_BudgetoryFlow -->
