<?xml version="1.0" encoding="UTF-8"?>
<!-- Generated by org.testng.reporters.JUnitReportReporter -->
<testsuite skipped="706" hostname="sramamo1" name="com.att.myprice.testcases.TC01_ASE_Budgetory" tests="707" failures="0" timestamp="20 Sep 2019 11:48:46 GMT" time="85.678" errors="1">
  <testcase name="TC01_ASE_BudgetoryFlow" time="0.002" classname="com.att.myprice.testcases.TC01_ASE_Budgetory">
    <skipped/>
  </testcase> <!-- TC01_ASE_BudgetoryFlow -->
  <testcase name="TC01_ASE_BudgetoryFlow" time="0.005" classname="com.att.myprice.testcases.TC01_ASE_Budgetory">
    <skipped/>
  </testcase> <!-- TC01_ASE_BudgetoryFlow -->
  <testcase name="TC01_ASE_BudgetoryFlow" time="0.006" classname="com.att.myprice.testcases.TC01_ASE_Budgetory">
    <skipped/>
  </testcase> <!-- TC01_ASE_BudgetoryFlow -->
  <testcase name="TC01_ASE_BudgetoryFlow" time="0.003" classname="com.att.myprice.testcases.TC01_ASE_Budgetory">
    <skipped/>
  </testcase> <!-- TC01_ASE_BudgetoryFlow -->
  <testcase name="TC01_ASE_BudgetoryFlow" time="0.382" classname="com.att.myprice.testcases.TC01_ASE_Budgetory">
    <skipped/>
  </testcase> <!-- TC01_ASE_BudgetoryFlow -->
  <testcase name="TC01_ASE_BudgetoryFlow" time="0.005" classname="com.att.myprice.testcases.TC01_ASE_Budgetory">
    <skipped/>
  </testcase> <!-- TC01_ASE_BudgetoryFlow -->
  <testcase name="TC01_ASE_BudgetoryFlow" time="0.040" classname="com.att.myprice.testcases.TC01_ASE_Budgetory">
    <skipped/>
  </testcase> <!-- TC01_ASE_BudgetoryFlow -->
  <testcase name="TC01_ASE_BudgetoryFlow" time="0.934" classname="com.att.myprice.testcases.TC01_ASE_Budgetory">
    <skipped/>
  </testcase> <!-- TC01_ASE_BudgetoryFlow -->
  <testcase name="TC01_ASE_BudgetoryFlow" time="0.004" classname="com.att.myprice.testcases.TC01_ASE_Budgetory">
    <skipped/>
  </testcase> <!-- TC01_ASE_BudgetoryFlow -->
  <testcase name="TC01_ASE_BudgetoryFlow" time="0.073" classname="com.att.myprice.testcases.TC01_ASE_Budgetory">
    <skipped/>
  </testcase> <!-- TC01_ASE_BudgetoryFlow -->
  <testcase name="TC01_ASE_BudgetoryFlow" time="0.006" classname="com.att.myprice.testcases.TC01_ASE_Budgetory">
    <skipped/>
  </testcase> <!-- TC01_ASE_BudgetoryFlow -->
  <testcase name="TC01_ASE_BudgetoryFlow" time="0.098" classname="com.att.myprice.testcases.TC01_ASE_Budgetory">
    <skipped/>
  </testcase> <!-- TC01_ASE_BudgetoryFlow -->
  <testcase name="TC01_ASE_BudgetoryFlow" time="0.005" classname="com.att.myprice.testcases.TC01_ASE_Budgetory">
    <skipped/>
  </testcase> <!-- TC01_ASE_BudgetoryFlow -->
  <testcase name="TC01_ASE_BudgetoryFlow" time="0.010" classname="com.att.myprice.testcases.TC01_ASE_Budgetory">
    <skipped/>
  </testcase> <!-- TC01_ASE_BudgetoryFlow -->
  <testcase name="TC01_ASE_BudgetoryFlow" time="0.030" classname="com.att.myprice.testcases.TC01_ASE_Budgetory">
    <skipped/>
  </testcase> <!-- TC01_ASE_BudgetoryFlow -->
  <testcase name="TC01_ASE_BudgetoryFlow" time="0.004" classname="com.att.myprice.testcases.TC01_ASE_Budgetory">
    <skipped/>
  </testcase> <!-- TC01_ASE_BudgetoryFlow -->
  <testcase name="TC01_ASE_BudgetoryFlow" time="0.114" classname="com.att.myprice.testcases.TC01_ASE_Budgetory">
    <skipped/>
  </testcase> <!-- TC01_ASE_BudgetoryFlow -->
  <testcase name="TC01_ASE_BudgetoryFlow" time="0.187" classname="com.att.myprice.testcases.TC01_ASE_Budgetory">
    <skipped/>
  </testcase> <!-- TC01_ASE_BudgetoryFlow -->
  <testcase name="TC01_ASE_BudgetoryFlow" time="0.150" classname="com.att.myprice.testcases.TC01_ASE_Budgetory">
    <skipped/>
  </testcase> <!-- TC01_ASE_BudgetoryFlow -->
  <testcase name="TC01_ASE_BudgetoryFlow" time="0.004" classname="com.att.myprice.testcases.TC01_ASE_Budgetory">
    <skipped/>
  </testcase> <!-- TC01_ASE_BudgetoryFlow -->
  <testcase name="TC01_ASE_BudgetoryFlow" time="0.097" classname="com.att.myprice.testcases.TC01_ASE_Budgetory">
    <skipped/>
  </testcase> <!-- TC01_ASE_BudgetoryFlow -->
  <testcase name="TC01_ASE_BudgetoryFlow" time="0.003" classname="com.att.myprice.testcases.TC01_ASE_Budgetory">
    <skipped/>
  </testcase> <!-- TC01_ASE_BudgetoryFlow -->
  <testcase name="TC01_ASE_BudgetoryFlow" time="0.008" classname="com.att.myprice.testcases.TC01_ASE_Budgetory">
    <skipped/>
  </testcase> <!-- TC01_ASE_BudgetoryFlow -->
  <testcase name="TC01_ASE_BudgetoryFlow" time="0.005" classname="com.att.myprice.testcases.TC01_ASE_Budgetory">
    <skipped/>
  </testcase> <!-- TC01_ASE_BudgetoryFlow -->
  <testcase name="TC01_ASE_BudgetoryFlow" time="0.063" classname="com.att.myprice.testcases.TC01_ASE_Budgetory">
    <skipped/>
  </testcase> <!-- TC01_ASE_BudgetoryFlow -->
  <testcase name="TC01_ASE_BudgetoryFlow" time="2.098" classname="com.att.myprice.testcases.TC01_ASE_Budgetory">
    <skipped/>
  </testcase> <!-- TC01_ASE_BudgetoryFlow -->
  <testcase name="TC01_ASE_BudgetoryFlow" time="0.052" classname="com.att.myprice.testcases.TC01_ASE_Budgetory">
    <skipped/>
  </testcase> <!-- TC01_ASE_BudgetoryFlow -->
  <testcase name="TC01_ASE_BudgetoryFlow" time="0.003" classname="com.att.myprice.testcases.TC01_ASE_Budgetory">
    <skipped/>
  </testcase> <!-- TC01_ASE_BudgetoryFlow -->
  <testcase name="TC01_ASE_BudgetoryFlow" time="0.605" classname="com.att.myprice.testcases.TC01_ASE_Budgetory">
    <skipped/>
  </testcase> <!-- TC01_ASE_BudgetoryFlow -->
  <testcase name="TC01_ASE_BudgetoryFlow" time="0.004" classname="com.att.myprice.testcases.TC01_ASE_Budgetory">
    <skipped/>
  </testcase> <!-- TC01_ASE_BudgetoryFlow -->
  <testcase name="TC01_ASE_BudgetoryFlow" time="0.252" classname="com.att.myprice.testcases.TC01_ASE_Budgetory">
    <skipped/>
  </testcase> <!-- TC01_ASE_BudgetoryFlow -->
  <testcase name="TC01_ASE_BudgetoryFlow" time="0.013" classname="com.att.myprice.testcases.TC01_ASE_Budgetory">
    <skipped/>
  </testcase> <!-- TC01_ASE_BudgetoryFlow -->
  <testcase name="TC01_ASE_BudgetoryFlow" time="0.006" classname="com.att.myprice.testcases.TC01_ASE_Budgetory">
    <skipped/>
  </testcase> <!-- TC01_ASE_BudgetoryFlow -->
  <testcase name="TC01_ASE_BudgetoryFlow" time="0.005" classname="com.att.myprice.testcases.TC01_ASE_Budgetory">
    <skipped/>
  </testcase> <!-- TC01_ASE_BudgetoryFlow -->
  <testcase name="TC01_ASE_BudgetoryFlow" time="0.004" classname="com.att.myprice.testcases.TC01_ASE_Budgetory">
    <skipped/>
  </testcase> <!-- TC01_ASE_BudgetoryFlow -->
  <testcase name="TC01_ASE_BudgetoryFlow" time="9.863" classname="com.att.myprice.testcases.TC01_ASE_Budgetory">
    <error type="java.lang.NullPointerException">
      <![CDATA[java.lang.NullPointerException
	at com.att.myprice.testcases.TC01_ASE_Budgetory.TC01_ASE_BudgetoryFlow(TC01_ASE_Budgetory.java:60)
	at sun.reflect.GeneratedMethodAccessor14.invoke(Unknown Source)
	at sun.reflect.DelegatingMethodAccessorImpl.invoke(Unknown Source)
	at java.lang.reflect.Method.invoke(Unknown Source)
	at org.testng.internal.MethodInvocationHelper.invokeMethod(MethodInvocationHelper.java:108)
	at org.testng.internal.Invoker.invokeMethod(Invoker.java:661)
	at org.testng.internal.Invoker.retryFailed(Invoker.java:1014)
	at org.testng.internal.TestMethodWithDataProviderMethodWorker.call(TestMethodWithDataProviderMethodWorker.java:96)
	at org.testng.internal.TestMethodWithDataProviderMethodWorker.call(TestMethodWithDataProviderMethodWorker.java:14)
	at java.util.concurrent.FutureTask.run(Unknown Source)
	at java.util.concurrent.Executors$RunnableAdapter.call(Unknown Source)
	at java.util.concurrent.FutureTask.run(Unknown Source)
	at java.util.concurrent.ThreadPoolExecutor.runWorker(Unknown Source)
	at java.util.concurrent.ThreadPoolExecutor$Worker.run(Unknown Source)
	at java.lang.Thread.run(Unknown Source)
]]>
    </error>
  </testcase> <!-- TC01_ASE_BudgetoryFlow -->
  <testcase name="TC01_ASE_BudgetoryFlow" time="0.008" classname="com.att.myprice.testcases.TC01_ASE_Budgetory">
    <skipped/>
  </testcase> <!-- TC01_ASE_BudgetoryFlow -->
  <testcase name="TC01_ASE_BudgetoryFlow" time="0.010" classname="com.att.myprice.testcases.TC01_ASE_Budgetory">
    <skipped/>
  </testcase> <!-- TC01_ASE_BudgetoryFlow -->
  <testcase name="TC01_ASE_BudgetoryFlow" time="0.006" classname="com.att.myprice.testcases.TC01_ASE_Budgetory">
    <skipped/>
  </testcase> <!-- TC01_ASE_BudgetoryFlow -->
  <testcase name="TC01_ASE_BudgetoryFlow" time="0.008" classname="com.att.myprice.testcases.TC01_ASE_Budgetory">
    <skipped/>
  </testcase> <!-- TC01_ASE_BudgetoryFlow -->
  <testcase name="TC01_ASE_BudgetoryFlow" time="0.080" classname="com.att.myprice.testcases.TC01_ASE_Budgetory">
    <skipped/>
  </testcase> <!-- TC01_ASE_BudgetoryFlow -->
  <testcase name="TC01_ASE_BudgetoryFlow" time="0.021" classname="com.att.myprice.testcases.TC01_ASE_Budgetory">
    <skipped/>
  </testcase> <!-- TC01_ASE_BudgetoryFlow -->
  <testcase name="TC01_ASE_BudgetoryFlow" time="0.005" classname="com.att.myprice.testcases.TC01_ASE_Budgetory">
    <skipped/>
  </testcase> <!-- TC01_ASE_BudgetoryFlow -->
  <testcase name="TC01_ASE_BudgetoryFlow" time="0.047" classname="com.att.myprice.testcases.TC01_ASE_Budgetory">
    <skipped/>
  </testcase> <!-- TC01_ASE_BudgetoryFlow -->
  <testcase name="TC01_ASE_BudgetoryFlow" time="0.056" classname="com.att.myprice.testcases.TC01_ASE_Budgetory">
    <skipped/>
  </testcase> <!-- TC01_ASE_BudgetoryFlow -->
  <testcase name="TC01_ASE_BudgetoryFlow" time="0.009" classname="com.att.myprice.testcases.TC01_ASE_Budgetory">
    <skipped/>
  </testcase> <!-- TC01_ASE_BudgetoryFlow -->
  <testcase name="TC01_ASE_BudgetoryFlow" time="0.008" classname="com.att.myprice.testcases.TC01_ASE_Budgetory">
    <skipped/>
  </testcase> <!-- TC01_ASE_BudgetoryFlow -->
  <testcase name="TC01_ASE_BudgetoryFlow" time="0.124" classname="com.att.myprice.testcases.TC01_ASE_Budgetory">
    <skipped/>
  </testcase> <!-- TC01_ASE_BudgetoryFlow -->
  <testcase name="TC01_ASE_BudgetoryFlow" time="0.005" classname="com.att.myprice.testcases.TC01_ASE_Budgetory">
    <skipped/>
  </testcase> <!-- TC01_ASE_BudgetoryFlow -->
  <testcase name="TC01_ASE_BudgetoryFlow" time="0.081" classname="com.att.myprice.testcases.TC01_ASE_Budgetory">
    <skipped/>
  </testcase> <!-- TC01_ASE_BudgetoryFlow -->
  <testcase name="TC01_ASE_BudgetoryFlow" time="0.040" classname="com.att.myprice.testcases.TC01_ASE_Budgetory">
    <skipped/>
  </testcase> <!-- TC01_ASE_BudgetoryFlow -->
  <testcase name="TC01_ASE_BudgetoryFlow" time="0.005" classname="com.att.myprice.testcases.TC01_ASE_Budgetory">
    <skipped/>
  </testcase> <!-- TC01_ASE_BudgetoryFlow -->
  <testcase name="TC01_ASE_BudgetoryFlow" time="0.002" classname="com.att.myprice.testcases.TC01_ASE_Budgetory">
    <skipped/>
  </testcase> <!-- TC01_ASE_BudgetoryFlow -->
  <testcase name="TC01_ASE_BudgetoryFlow" time="0.003" classname="com.att.myprice.testcases.TC01_ASE_Budgetory">
    <skipped/>
  </testcase> <!-- TC01_ASE_BudgetoryFlow -->
  <testcase name="TC01_ASE_BudgetoryFlow" time="0.006" classname="com.att.myprice.testcases.TC01_ASE_Budgetory">
    <skipped/>
  </testcase> <!-- TC01_ASE_BudgetoryFlow -->
  <testcase name="TC01_ASE_BudgetoryFlow" time="0.007" classname="com.att.myprice.testcases.TC01_ASE_Budgetory">
    <skipped/>
  </testcase> <!-- TC01_ASE_BudgetoryFlow -->
  <testcase name="TC01_ASE_BudgetoryFlow" time="0.126" classname="com.att.myprice.testcases.TC01_ASE_Budgetory">
    <skipped/>
  </testcase> <!-- TC01_ASE_BudgetoryFlow -->
  <testcase name="TC01_ASE_BudgetoryFlow" time="0.009" classname="com.att.myprice.testcases.TC01_ASE_Budgetory">
    <skipped/>
  </testcase> <!-- TC01_ASE_BudgetoryFlow -->
  <testcase name="TC01_ASE_BudgetoryFlow" time="0.020" classname="com.att.myprice.testcases.TC01_ASE_Budgetory">
    <skipped/>
  </testcase> <!-- TC01_ASE_BudgetoryFlow -->
  <testcase name="TC01_ASE_BudgetoryFlow" time="0.003" classname="com.att.myprice.testcases.TC01_ASE_Budgetory">
    <skipped/>
  </testcase> <!-- TC01_ASE_BudgetoryFlow -->
  <testcase name="TC01_ASE_BudgetoryFlow" time="0.042" classname="com.att.myprice.testcases.TC01_ASE_Budgetory">
    <skipped/>
  </testcase> <!-- TC01_ASE_BudgetoryFlow -->
  <testcase name="TC01_ASE_BudgetoryFlow" time="0.004" classname="com.att.myprice.testcases.TC01_ASE_Budgetory">
    <skipped/>
  </testcase> <!-- TC01_ASE_BudgetoryFlow -->
  <testcase name="TC01_ASE_BudgetoryFlow" time="0.002" classname="com.att.myprice.testcases.TC01_ASE_Budgetory">
    <skipped/>
  </testcase> <!-- TC01_ASE_BudgetoryFlow -->
  <testcase name="TC01_ASE_BudgetoryFlow" time="0.018" classname="com.att.myprice.testcases.TC01_ASE_Budgetory">
    <skipped/>
  </testcase> <!-- TC01_ASE_BudgetoryFlow -->
  <testcase name="TC01_ASE_BudgetoryFlow" time="0.188" classname="com.att.myprice.testcases.TC01_ASE_Budgetory">
    <skipped/>
  </testcase> <!-- TC01_ASE_BudgetoryFlow -->
  <testcase name="TC01_ASE_BudgetoryFlow" time="0.457" classname="com.att.myprice.testcases.TC01_ASE_Budgetory">
    <skipped/>
  </testcase> <!-- TC01_ASE_BudgetoryFlow -->
  <testcase name="TC01_ASE_BudgetoryFlow" time="0.124" classname="com.att.myprice.testcases.TC01_ASE_Budgetory">
    <skipped/>
  </testcase> <!-- TC01_ASE_BudgetoryFlow -->
  <testcase name="TC01_ASE_BudgetoryFlow" time="0.013" classname="com.att.myprice.testcases.TC01_ASE_Budgetory">
    <skipped/>
  </testcase> <!-- TC01_ASE_BudgetoryFlow -->
  <testcase name="TC01_ASE_BudgetoryFlow" time="0.004" classname="com.att.myprice.testcases.TC01_ASE_Budgetory">
    <skipped/>
  </testcase> <!-- TC01_ASE_BudgetoryFlow -->
  <testcase name="TC01_ASE_BudgetoryFlow" time="0.001" classname="com.att.myprice.testcases.TC01_ASE_Budgetory">
    <skipped/>
  </testcase> <!-- TC01_ASE_BudgetoryFlow -->
  <testcase name="TC01_ASE_BudgetoryFlow" time="0.031" classname="com.att.myprice.testcases.TC01_ASE_Budgetory">
    <skipped/>
  </testcase> <!-- TC01_ASE_BudgetoryFlow -->
  <testcase name="TC01_ASE_BudgetoryFlow" time="0.003" classname="com.att.myprice.testcases.TC01_ASE_Budgetory">
    <skipped/>
  </testcase> <!-- TC01_ASE_BudgetoryFlow -->
  <testcase name="TC01_ASE_BudgetoryFlow" time="0.004" classname="com.att.myprice.testcases.TC01_ASE_Budgetory">
    <skipped/>
  </testcase> <!-- TC01_ASE_BudgetoryFlow -->
  <testcase name="TC01_ASE_BudgetoryFlow" time="0.004" classname="com.att.myprice.testcases.TC01_ASE_Budgetory">
    <skipped/>
  </testcase> <!-- TC01_ASE_BudgetoryFlow -->
  <testcase name="TC01_ASE_BudgetoryFlow" time="0.005" classname="com.att.myprice.testcases.TC01_ASE_Budgetory">
    <skipped/>
  </testcase> <!-- TC01_ASE_BudgetoryFlow -->
  <testcase name="TC01_ASE_BudgetoryFlow" time="0.067" classname="com.att.myprice.testcases.TC01_ASE_Budgetory">
    <skipped/>
  </testcase> <!-- TC01_ASE_BudgetoryFlow -->
  <testcase name="TC01_ASE_BudgetoryFlow" time="0.050" classname="com.att.myprice.testcases.TC01_ASE_Budgetory">
    <skipped/>
  </testcase> <!-- TC01_ASE_BudgetoryFlow -->
  <testcase name="TC01_ASE_BudgetoryFlow" time="0.286" classname="com.att.myprice.testcases.TC01_ASE_Budgetory">
    <skipped/>
  </testcase> <!-- TC01_ASE_BudgetoryFlow -->
  <testcase name="TC01_ASE_BudgetoryFlow" time="0.009" classname="com.att.myprice.testcases.TC01_ASE_Budgetory">
    <skipped/>
  </testcase> <!-- TC01_ASE_BudgetoryFlow -->
  <testcase name="TC01_ASE_BudgetoryFlow" time="0.001" classname="com.att.myprice.testcases.TC01_ASE_Budgetory">
    <skipped/>
  </testcase> <!-- TC01_ASE_BudgetoryFlow -->
  <testcase name="TC01_ASE_BudgetoryFlow" time="0.004" classname="com.att.myprice.testcases.TC01_ASE_Budgetory">
    <skipped/>
  </testcase> <!-- TC01_ASE_BudgetoryFlow -->
  <testcase name="TC01_ASE_BudgetoryFlow" time="0.003" classname="com.att.myprice.testcases.TC01_ASE_Budgetory">
    <skipped/>
  </testcase> <!-- TC01_ASE_BudgetoryFlow -->
  <testcase name="TC01_ASE_BudgetoryFlow" time="0.002" classname="com.att.myprice.testcases.TC01_ASE_Budgetory">
    <skipped/>
  </testcase> <!-- TC01_ASE_BudgetoryFlow -->
  <testcase name="TC01_ASE_BudgetoryFlow" time="0.006" classname="com.att.myprice.testcases.TC01_ASE_Budgetory">
    <skipped/>
  </testcase> <!-- TC01_ASE_BudgetoryFlow -->
  <testcase name="TC01_ASE_BudgetoryFlow" time="0.015" classname="com.att.myprice.testcases.TC01_ASE_Budgetory">
    <skipped/>
  </testcase> <!-- TC01_ASE_BudgetoryFlow -->
  <testcase name="TC01_ASE_BudgetoryFlow" time="0.107" classname="com.att.myprice.testcases.TC01_ASE_Budgetory">
    <skipped/>
  </testcase> <!-- TC01_ASE_BudgetoryFlow -->
  <testcase name="TC01_ASE_BudgetoryFlow" time="0.005" classname="com.att.myprice.testcases.TC01_ASE_Budgetory">
    <skipped/>
  </testcase> <!-- TC01_ASE_BudgetoryFlow -->
  <testcase name="TC01_ASE_BudgetoryFlow" time="0.007" classname="com.att.myprice.testcases.TC01_ASE_Budgetory">
    <skipped/>
  </testcase> <!-- TC01_ASE_BudgetoryFlow -->
  <testcase name="TC01_ASE_BudgetoryFlow" time="0.003" classname="com.att.myprice.testcases.TC01_ASE_Budgetory">
    <skipped/>
  </testcase> <!-- TC01_ASE_BudgetoryFlow -->
  <testcase name="TC01_ASE_BudgetoryFlow" time="0.004" classname="com.att.myprice.testcases.TC01_ASE_Budgetory">
    <skipped/>
  </testcase> <!-- TC01_ASE_BudgetoryFlow -->
  <testcase name="TC01_ASE_BudgetoryFlow" time="0.004" classname="com.att.myprice.testcases.TC01_ASE_Budgetory">
    <skipped/>
  </testcase> <!-- TC01_ASE_BudgetoryFlow -->
  <testcase name="TC01_ASE_BudgetoryFlow" time="0.006" classname="com.att.myprice.testcases.TC01_ASE_Budgetory">
    <skipped/>
  </testcase> <!-- TC01_ASE_BudgetoryFlow -->
  <testcase name="TC01_ASE_BudgetoryFlow" time="0.005" classname="com.att.myprice.testcases.TC01_ASE_Budgetory">
    <skipped/>
  </testcase> <!-- TC01_ASE_BudgetoryFlow -->
  <testcase name="TC01_ASE_BudgetoryFlow" time="1.313" classname="com.att.myprice.testcases.TC01_ASE_Budgetory">
    <skipped/>
  </testcase> <!-- TC01_ASE_BudgetoryFlow -->
  <testcase name="TC01_ASE_BudgetoryFlow" time="0.004" classname="com.att.myprice.testcases.TC01_ASE_Budgetory">
    <skipped/>
  </testcase> <!-- TC01_ASE_BudgetoryFlow -->
  <testcase name="TC01_ASE_BudgetoryFlow" time="0.047" classname="com.att.myprice.testcases.TC01_ASE_Budgetory">
    <skipped/>
  </testcase> <!-- TC01_ASE_BudgetoryFlow -->
  <testcase name="TC01_ASE_BudgetoryFlow" time="0.004" classname="com.att.myprice.testcases.TC01_ASE_Budgetory">
    <skipped/>
  </testcase> <!-- TC01_ASE_BudgetoryFlow -->
  <testcase name="TC01_ASE_BudgetoryFlow" time="0.006" classname="com.att.myprice.testcases.TC01_ASE_Budgetory">
    <skipped/>
  </testcase> <!-- TC01_ASE_BudgetoryFlow -->
  <testcase name="TC01_ASE_BudgetoryFlow" time="0.172" classname="com.att.myprice.testcases.TC01_ASE_Budgetory">
    <skipped/>
  </testcase> <!-- TC01_ASE_BudgetoryFlow -->
  <testcase name="TC01_ASE_BudgetoryFlow" time="0.004" classname="com.att.myprice.testcases.TC01_ASE_Budgetory">
    <skipped/>
  </testcase> <!-- TC01_ASE_BudgetoryFlow -->
  <testcase name="TC01_ASE_BudgetoryFlow" time="0.013" classname="com.att.myprice.testcases.TC01_ASE_Budgetory">
    <skipped/>
  </testcase> <!-- TC01_ASE_BudgetoryFlow -->
  <testcase name="TC01_ASE_BudgetoryFlow" time="0.002" classname="com.att.myprice.testcases.TC01_ASE_Budgetory">
    <skipped/>
  </testcase> <!-- TC01_ASE_BudgetoryFlow -->
  <testcase name="TC01_ASE_BudgetoryFlow" time="0.008" classname="com.att.myprice.testcases.TC01_ASE_Budgetory">
    <skipped/>
  </testcase> <!-- TC01_ASE_BudgetoryFlow -->
  <testcase name="TC01_ASE_BudgetoryFlow" time="0.005" classname="com.att.myprice.testcases.TC01_ASE_Budgetory">
    <skipped/>
  </testcase> <!-- TC01_ASE_BudgetoryFlow -->
  <testcase name="TC01_ASE_BudgetoryFlow" time="0.004" classname="com.att.myprice.testcases.TC01_ASE_Budgetory">
    <skipped/>
  </testcase> <!-- TC01_ASE_BudgetoryFlow -->
  <testcase name="TC01_ASE_BudgetoryFlow" time="0.068" classname="com.att.myprice.testcases.TC01_ASE_Budgetory">
    <skipped/>
  </testcase> <!-- TC01_ASE_BudgetoryFlow -->
  <testcase name="TC01_ASE_BudgetoryFlow" time="0.008" classname="com.att.myprice.testcases.TC01_ASE_Budgetory">
    <skipped/>
  </testcase> <!-- TC01_ASE_BudgetoryFlow -->
  <testcase name="TC01_ASE_BudgetoryFlow" time="0.064" classname="com.att.myprice.testcases.TC01_ASE_Budgetory">
    <skipped/>
  </testcase> <!-- TC01_ASE_BudgetoryFlow -->
  <testcase name="TC01_ASE_BudgetoryFlow" time="0.054" classname="com.att.myprice.testcases.TC01_ASE_Budgetory">
    <skipped/>
  </testcase> <!-- TC01_ASE_BudgetoryFlow -->
  <testcase name="TC01_ASE_BudgetoryFlow" time="0.067" classname="com.att.myprice.testcases.TC01_ASE_Budgetory">
    <skipped/>
  </testcase> <!-- TC01_ASE_BudgetoryFlow -->
  <testcase name="TC01_ASE_BudgetoryFlow" time="0.003" classname="com.att.myprice.testcases.TC01_ASE_Budgetory">
    <skipped/>
  </testcase> <!-- TC01_ASE_BudgetoryFlow -->
  <testcase name="TC01_ASE_BudgetoryFlow" time="0.001" classname="com.att.myprice.testcases.TC01_ASE_Budgetory">
    <skipped/>
  </testcase> <!-- TC01_ASE_BudgetoryFlow -->
  <testcase name="TC01_ASE_BudgetoryFlow" time="0.004" classname="com.att.myprice.testcases.TC01_ASE_Budgetory">
    <skipped/>
  </testcase> <!-- TC01_ASE_BudgetoryFlow -->
  <testcase name="TC01_ASE_BudgetoryFlow" time="0.007" classname="com.att.myprice.testcases.TC01_ASE_Budgetory">
    <skipped/>
  </testcase> <!-- TC01_ASE_BudgetoryFlow -->
  <testcase name="TC01_ASE_BudgetoryFlow" time="0.001" classname="com.att.myprice.testcases.TC01_ASE_Budgetory">
    <skipped/>
  </testcase> <!-- TC01_ASE_BudgetoryFlow -->
  <testcase name="TC01_ASE_BudgetoryFlow" time="0.011" classname="com.att.myprice.testcases.TC01_ASE_Budgetory">
    <skipped/>
  </testcase> <!-- TC01_ASE_BudgetoryFlow -->
  <testcase name="TC01_ASE_BudgetoryFlow" time="0.053" classname="com.att.myprice.testcases.TC01_ASE_Budgetory">
    <skipped/>
  </testcase> <!-- TC01_ASE_BudgetoryFlow -->
  <testcase name="TC01_ASE_BudgetoryFlow" time="0.018" classname="com.att.myprice.testcases.TC01_ASE_Budgetory">
    <skipped/>
  </testcase> <!-- TC01_ASE_BudgetoryFlow -->
  <testcase name="TC01_ASE_BudgetoryFlow" time="0.007" classname="com.att.myprice.testcases.TC01_ASE_Budgetory">
    <skipped/>
  </testcase> <!-- TC01_ASE_BudgetoryFlow -->
  <testcase name="TC01_ASE_BudgetoryFlow" time="0.002" classname="com.att.myprice.testcases.TC01_ASE_Budgetory">
    <skipped/>
  </testcase> <!-- TC01_ASE_BudgetoryFlow -->
  <testcase name="TC01_ASE_BudgetoryFlow" time="0.165" classname="com.att.myprice.testcases.TC01_ASE_Budgetory">
    <skipped/>
  </testcase> <!-- TC01_ASE_BudgetoryFlow -->
  <testcase name="TC01_ASE_BudgetoryFlow" time="0.004" classname="com.att.myprice.testcases.TC01_ASE_Budgetory">
    <skipped/>
  </testcase> <!-- TC01_ASE_BudgetoryFlow -->
  <testcase name="TC01_ASE_BudgetoryFlow" time="0.007" classname="com.att.myprice.testcases.TC01_ASE_Budgetory">
    <skipped/>
  </testcase> <!-- TC01_ASE_BudgetoryFlow -->
  <testcase name="TC01_ASE_BudgetoryFlow" time="0.004" classname="com.att.myprice.testcases.TC01_ASE_Budgetory">
    <skipped/>
  </testcase> <!-- TC01_ASE_BudgetoryFlow -->
  <testcase name="TC01_ASE_BudgetoryFlow" time="0.004" classname="com.att.myprice.testcases.TC01_ASE_Budgetory">
    <skipped/>
  </testcase> <!-- TC01_ASE_BudgetoryFlow -->
  <testcase name="TC01_ASE_BudgetoryFlow" time="0.006" classname="com.att.myprice.testcases.TC01_ASE_Budgetory">
    <skipped/>
  </testcase> <!-- TC01_ASE_BudgetoryFlow -->
  <testcase name="TC01_ASE_BudgetoryFlow" time="0.005" classname="com.att.myprice.testcases.TC01_ASE_Budgetory">
    <skipped/>
  </testcase> <!-- TC01_ASE_BudgetoryFlow -->
  <testcase name="TC01_ASE_BudgetoryFlow" time="0.054" classname="com.att.myprice.testcases.TC01_ASE_Budgetory">
    <skipped/>
  </testcase> <!-- TC01_ASE_BudgetoryFlow -->
  <testcase name="TC01_ASE_BudgetoryFlow" time="0.005" classname="com.att.myprice.testcases.TC01_ASE_Budgetory">
    <skipped/>
  </testcase> <!-- TC01_ASE_BudgetoryFlow -->
  <testcase name="TC01_ASE_BudgetoryFlow" time="0.008" classname="com.att.myprice.testcases.TC01_ASE_Budgetory">
    <skipped/>
  </testcase> <!-- TC01_ASE_BudgetoryFlow -->
  <testcase name="TC01_ASE_BudgetoryFlow" time="0.006" classname="com.att.myprice.testcases.TC01_ASE_Budgetory">
    <skipped/>
  </testcase> <!-- TC01_ASE_BudgetoryFlow -->
  <testcase name="TC01_ASE_BudgetoryFlow" time="0.018" classname="com.att.myprice.testcases.TC01_ASE_Budgetory">
    <skipped/>
  </testcase> <!-- TC01_ASE_BudgetoryFlow -->
  <testcase name="TC01_ASE_BudgetoryFlow" time="0.069" classname="com.att.myprice.testcases.TC01_ASE_Budgetory">
    <skipped/>
  </testcase> <!-- TC01_ASE_BudgetoryFlow -->
  <testcase name="TC01_ASE_BudgetoryFlow" time="0.014" classname="com.att.myprice.testcases.TC01_ASE_Budgetory">
    <skipped/>
  </testcase> <!-- TC01_ASE_BudgetoryFlow -->
  <testcase name="TC01_ASE_BudgetoryFlow" time="0.005" classname="com.att.myprice.testcases.TC01_ASE_Budgetory">
    <skipped/>
  </testcase> <!-- TC01_ASE_BudgetoryFlow -->
  <testcase name="TC01_ASE_BudgetoryFlow" time="0.006" classname="com.att.myprice.testcases.TC01_ASE_Budgetory">
    <skipped/>
  </testcase> <!-- TC01_ASE_BudgetoryFlow -->
  <testcase name="TC01_ASE_BudgetoryFlow" time="0.006" classname="com.att.myprice.testcases.TC01_ASE_Budgetory">
    <skipped/>
  </testcase> <!-- TC01_ASE_BudgetoryFlow -->
  <testcase name="TC01_ASE_BudgetoryFlow" time="0.004" classname="com.att.myprice.testcases.TC01_ASE_Budgetory">
    <skipped/>
  </testcase> <!-- TC01_ASE_BudgetoryFlow -->
  <testcase name="TC01_ASE_BudgetoryFlow" time="0.007" classname="com.att.myprice.testcases.TC01_ASE_Budgetory">
    <skipped/>
  </testcase> <!-- TC01_ASE_BudgetoryFlow -->
  <testcase name="TC01_ASE_BudgetoryFlow" time="0.005" classname="com.att.myprice.testcases.TC01_ASE_Budgetory">
    <skipped/>
  </testcase> <!-- TC01_ASE_BudgetoryFlow -->
  <testcase name="TC01_ASE_BudgetoryFlow" time="0.004" classname="com.att.myprice.testcases.TC01_ASE_Budgetory">
    <skipped/>
  </testcase> <!-- TC01_ASE_BudgetoryFlow -->
  <testcase name="TC01_ASE_BudgetoryFlow" time="0.970" classname="com.att.myprice.testcases.TC01_ASE_Budgetory">
    <skipped/>
  </testcase> <!-- TC01_ASE_BudgetoryFlow -->
  <testcase name="TC01_ASE_BudgetoryFlow" time="0.005" classname="com.att.myprice.testcases.TC01_ASE_Budgetory">
    <skipped/>
  </testcase> <!-- TC01_ASE_BudgetoryFlow -->
  <testcase name="TC01_ASE_BudgetoryFlow" time="0.002" classname="com.att.myprice.testcases.TC01_ASE_Budgetory">
    <skipped/>
  </testcase> <!-- TC01_ASE_BudgetoryFlow -->
  <testcase name="TC01_ASE_BudgetoryFlow" time="0.087" classname="com.att.myprice.testcases.TC01_ASE_Budgetory">
    <skipped/>
  </testcase> <!-- TC01_ASE_BudgetoryFlow -->
  <testcase name="TC01_ASE_BudgetoryFlow" time="0.546" classname="com.att.myprice.testcases.TC01_ASE_Budgetory">
    <skipped/>
  </testcase> <!-- TC01_ASE_BudgetoryFlow -->
  <testcase name="TC01_ASE_BudgetoryFlow" time="0.949" classname="com.att.myprice.testcases.TC01_ASE_Budgetory">
    <skipped/>
  </testcase> <!-- TC01_ASE_BudgetoryFlow -->
  <testcase name="TC01_ASE_BudgetoryFlow" time="0.003" classname="com.att.myprice.testcases.TC01_ASE_Budgetory">
    <skipped/>
  </testcase> <!-- TC01_ASE_BudgetoryFlow -->
  <testcase name="TC01_ASE_BudgetoryFlow" time="0.006" classname="com.att.myprice.testcases.TC01_ASE_Budgetory">
    <skipped/>
  </testcase> <!-- TC01_ASE_BudgetoryFlow -->
  <testcase name="TC01_ASE_BudgetoryFlow" time="0.010" classname="com.att.myprice.testcases.TC01_ASE_Budgetory">
    <skipped/>
  </testcase> <!-- TC01_ASE_BudgetoryFlow -->
  <testcase name="TC01_ASE_BudgetoryFlow" time="2.303" classname="com.att.myprice.testcases.TC01_ASE_Budgetory">
    <skipped/>
  </testcase> <!-- TC01_ASE_BudgetoryFlow -->
  <testcase name="TC01_ASE_BudgetoryFlow" time="0.007" classname="com.att.myprice.testcases.TC01_ASE_Budgetory">
    <skipped/>
  </testcase> <!-- TC01_ASE_BudgetoryFlow -->
  <testcase name="TC01_ASE_BudgetoryFlow" time="0.009" classname="com.att.myprice.testcases.TC01_ASE_Budgetory">
    <skipped/>
  </testcase> <!-- TC01_ASE_BudgetoryFlow -->
  <testcase name="TC01_ASE_BudgetoryFlow" time="0.005" classname="com.att.myprice.testcases.TC01_ASE_Budgetory">
    <skipped/>
  </testcase> <!-- TC01_ASE_BudgetoryFlow -->
  <testcase name="TC01_ASE_BudgetoryFlow" time="0.055" classname="com.att.myprice.testcases.TC01_ASE_Budgetory">
    <skipped/>
  </testcase> <!-- TC01_ASE_BudgetoryFlow -->
  <testcase name="TC01_ASE_BudgetoryFlow" time="0.012" classname="com.att.myprice.testcases.TC01_ASE_Budgetory">
    <skipped/>
  </testcase> <!-- TC01_ASE_BudgetoryFlow -->
  <testcase name="TC01_ASE_BudgetoryFlow" time="0.023" classname="com.att.myprice.testcases.TC01_ASE_Budgetory">
    <skipped/>
  </testcase> <!-- TC01_ASE_BudgetoryFlow -->
  <testcase name="TC01_ASE_BudgetoryFlow" time="0.004" classname="com.att.myprice.testcases.TC01_ASE_Budgetory">
    <skipped/>
  </testcase> <!-- TC01_ASE_BudgetoryFlow -->
  <testcase name="TC01_ASE_BudgetoryFlow" time="1.427" classname="com.att.myprice.testcases.TC01_ASE_Budgetory">
    <skipped/>
  </testcase> <!-- TC01_ASE_BudgetoryFlow -->
  <testcase name="TC01_ASE_BudgetoryFlow" time="0.026" classname="com.att.myprice.testcases.TC01_ASE_Budgetory">
    <skipped/>
  </testcase> <!-- TC01_ASE_BudgetoryFlow -->
  <testcase name="TC01_ASE_BudgetoryFlow" time="0.004" classname="com.att.myprice.testcases.TC01_ASE_Budgetory">
    <skipped/>
  </testcase> <!-- TC01_ASE_BudgetoryFlow -->
  <testcase name="TC01_ASE_BudgetoryFlow" time="0.005" classname="com.att.myprice.testcases.TC01_ASE_Budgetory">
    <skipped/>
  </testcase> <!-- TC01_ASE_BudgetoryFlow -->
  <testcase name="TC01_ASE_BudgetoryFlow" time="0.007" classname="com.att.myprice.testcases.TC01_ASE_Budgetory">
    <skipped/>
  </testcase> <!-- TC01_ASE_BudgetoryFlow -->
  <testcase name="TC01_ASE_BudgetoryFlow" time="0.801" classname="com.att.myprice.testcases.TC01_ASE_Budgetory">
    <skipped/>
  </testcase> <!-- TC01_ASE_BudgetoryFlow -->
  <testcase name="TC01_ASE_BudgetoryFlow" time="0.005" classname="com.att.myprice.testcases.TC01_ASE_Budgetory">
    <skipped/>
  </testcase> <!-- TC01_ASE_BudgetoryFlow -->
  <testcase name="TC01_ASE_BudgetoryFlow" time="0.005" classname="com.att.myprice.testcases.TC01_ASE_Budgetory">
    <skipped/>
  </testcase> <!-- TC01_ASE_BudgetoryFlow -->
  <testcase name="TC01_ASE_BudgetoryFlow" time="0.063" classname="com.att.myprice.testcases.TC01_ASE_Budgetory">
    <skipped/>
  </testcase> <!-- TC01_ASE_BudgetoryFlow -->
  <testcase name="TC01_ASE_BudgetoryFlow" time="0.056" classname="com.att.myprice.testcases.TC01_ASE_Budgetory">
    <skipped/>
  </testcase> <!-- TC01_ASE_BudgetoryFlow -->
  <testcase name="TC01_ASE_BudgetoryFlow" time="0.005" classname="com.att.myprice.testcases.TC01_ASE_Budgetory">
    <skipped/>
  </testcase> <!-- TC01_ASE_BudgetoryFlow -->
  <testcase name="TC01_ASE_BudgetoryFlow" time="0.008" classname="com.att.myprice.testcases.TC01_ASE_Budgetory">
    <skipped/>
  </testcase> <!-- TC01_ASE_BudgetoryFlow -->
  <testcase name="TC01_ASE_BudgetoryFlow" time="0.020" classname="com.att.myprice.testcases.TC01_ASE_Budgetory">
    <skipped/>
  </testcase> <!-- TC01_ASE_BudgetoryFlow -->
  <testcase name="TC01_ASE_BudgetoryFlow" time="0.005" classname="com.att.myprice.testcases.TC01_ASE_Budgetory">
    <skipped/>
  </testcase> <!-- TC01_ASE_BudgetoryFlow -->
  <testcase name="TC01_ASE_BudgetoryFlow" time="0.053" classname="com.att.myprice.testcases.TC01_ASE_Budgetory">
    <skipped/>
  </testcase> <!-- TC01_ASE_BudgetoryFlow -->
  <testcase name="TC01_ASE_BudgetoryFlow" time="0.002" classname="com.att.myprice.testcases.TC01_ASE_Budgetory">
    <skipped/>
  </testcase> <!-- TC01_ASE_BudgetoryFlow -->
  <testcase name="TC01_ASE_BudgetoryFlow" time="0.106" classname="com.att.myprice.testcases.TC01_ASE_Budgetory">
    <skipped/>
  </testcase> <!-- TC01_ASE_BudgetoryFlow -->
  <testcase name="TC01_ASE_BudgetoryFlow" time="0.003" classname="com.att.myprice.testcases.TC01_ASE_Budgetory">
    <skipped/>
  </testcase> <!-- TC01_ASE_BudgetoryFlow -->
  <testcase name="TC01_ASE_BudgetoryFlow" time="0.010" classname="com.att.myprice.testcases.TC01_ASE_Budgetory">
    <skipped/>
  </testcase> <!-- TC01_ASE_BudgetoryFlow -->
  <testcase name="TC01_ASE_BudgetoryFlow" time="0.002" classname="com.att.myprice.testcases.TC01_ASE_Budgetory">
    <skipped/>
  </testcase> <!-- TC01_ASE_BudgetoryFlow -->
  <testcase name="TC01_ASE_BudgetoryFlow" time="0.099" classname="com.att.myprice.testcases.TC01_ASE_Budgetory">
    <skipped/>
  </testcase> <!-- TC01_ASE_BudgetoryFlow -->
  <testcase name="TC01_ASE_BudgetoryFlow" time="0.005" classname="com.att.myprice.testcases.TC01_ASE_Budgetory">
    <skipped/>
  </testcase> <!-- TC01_ASE_BudgetoryFlow -->
  <testcase name="TC01_ASE_BudgetoryFlow" time="0.021" classname="com.att.myprice.testcases.TC01_ASE_Budgetory">
    <skipped/>
  </testcase> <!-- TC01_ASE_BudgetoryFlow -->
  <testcase name="TC01_ASE_BudgetoryFlow" time="0.012" classname="com.att.myprice.testcases.TC01_ASE_Budgetory">
    <skipped/>
  </testcase> <!-- TC01_ASE_BudgetoryFlow -->
  <testcase name="TC01_ASE_BudgetoryFlow" time="0.005" classname="com.att.myprice.testcases.TC01_ASE_Budgetory">
    <skipped/>
  </testcase> <!-- TC01_ASE_BudgetoryFlow -->
  <testcase name="TC01_ASE_BudgetoryFlow" time="0.053" classname="com.att.myprice.testcases.TC01_ASE_Budgetory">
    <skipped/>
  </testcase> <!-- TC01_ASE_BudgetoryFlow -->
  <testcase name="TC01_ASE_BudgetoryFlow" time="0.002" classname="com.att.myprice.testcases.TC01_ASE_Budgetory">
    <skipped/>
  </testcase> <!-- TC01_ASE_BudgetoryFlow -->
  <testcase name="TC01_ASE_BudgetoryFlow" time="0.009" classname="com.att.myprice.testcases.TC01_ASE_Budgetory">
    <skipped/>
  </testcase> <!-- TC01_ASE_BudgetoryFlow -->
  <testcase name="TC01_ASE_BudgetoryFlow" time="0.006" classname="com.att.myprice.testcases.TC01_ASE_Budgetory">
    <skipped/>
  </testcase> <!-- TC01_ASE_BudgetoryFlow -->
  <testcase name="TC01_ASE_BudgetoryFlow" time="0.083" classname="com.att.myprice.testcases.TC01_ASE_Budgetory">
    <skipped/>
  </testcase> <!-- TC01_ASE_BudgetoryFlow -->
  <testcase name="TC01_ASE_BudgetoryFlow" time="0.004" classname="com.att.myprice.testcases.TC01_ASE_Budgetory">
    <skipped/>
  </testcase> <!-- TC01_ASE_BudgetoryFlow -->
  <testcase name="TC01_ASE_BudgetoryFlow" time="0.011" classname="com.att.myprice.testcases.TC01_ASE_Budgetory">
    <skipped/>
  </testcase> <!-- TC01_ASE_BudgetoryFlow -->
  <testcase name="TC01_ASE_BudgetoryFlow" time="0.037" classname="com.att.myprice.testcases.TC01_ASE_Budgetory">
    <skipped/>
  </testcase> <!-- TC01_ASE_BudgetoryFlow -->
  <testcase name="TC01_ASE_BudgetoryFlow" time="0.005" classname="com.att.myprice.testcases.TC01_ASE_Budgetory">
    <skipped/>
  </testcase> <!-- TC01_ASE_BudgetoryFlow -->
  <testcase name="TC01_ASE_BudgetoryFlow" time="0.007" classname="com.att.myprice.testcases.TC01_ASE_Budgetory">
    <skipped/>
  </testcase> <!-- TC01_ASE_BudgetoryFlow -->
  <testcase name="TC01_ASE_BudgetoryFlow" time="0.000" classname="com.att.myprice.testcases.TC01_ASE_Budgetory">
    <skipped/>
  </testcase> <!-- TC01_ASE_BudgetoryFlow -->
  <testcase name="TC01_ASE_BudgetoryFlow" time="0.004" classname="com.att.myprice.testcases.TC01_ASE_Budgetory">
    <skipped/>
  </testcase> <!-- TC01_ASE_BudgetoryFlow -->
  <testcase name="TC01_ASE_BudgetoryFlow" time="0.006" classname="com.att.myprice.testcases.TC01_ASE_Budgetory">
    <skipped/>
  </testcase> <!-- TC01_ASE_BudgetoryFlow -->
  <testcase name="TC01_ASE_BudgetoryFlow" time="0.371" classname="com.att.myprice.testcases.TC01_ASE_Budgetory">
    <skipped/>
  </testcase> <!-- TC01_ASE_BudgetoryFlow -->
  <testcase name="TC01_ASE_BudgetoryFlow" time="0.005" classname="com.att.myprice.testcases.TC01_ASE_Budgetory">
    <skipped/>
  </testcase> <!-- TC01_ASE_BudgetoryFlow -->
  <testcase name="TC01_ASE_BudgetoryFlow" time="0.002" classname="com.att.myprice.testcases.TC01_ASE_Budgetory">
    <skipped/>
  </testcase> <!-- TC01_ASE_BudgetoryFlow -->
  <testcase name="TC01_ASE_BudgetoryFlow" time="0.008" classname="com.att.myprice.testcases.TC01_ASE_Budgetory">
    <skipped/>
  </testcase> <!-- TC01_ASE_BudgetoryFlow -->
  <testcase name="TC01_ASE_BudgetoryFlow" time="0.010" classname="com.att.myprice.testcases.TC01_ASE_Budgetory">
    <skipped/>
  </testcase> <!-- TC01_ASE_BudgetoryFlow -->
  <testcase name="TC01_ASE_BudgetoryFlow" time="0.002" classname="com.att.myprice.testcases.TC01_ASE_Budgetory">
    <skipped/>
  </testcase> <!-- TC01_ASE_BudgetoryFlow -->
  <testcase name="TC01_ASE_BudgetoryFlow" time="0.018" classname="com.att.myprice.testcases.TC01_ASE_Budgetory">
    <skipped/>
  </testcase> <!-- TC01_ASE_BudgetoryFlow -->
  <testcase name="TC01_ASE_BudgetoryFlow" time="0.004" classname="com.att.myprice.testcases.TC01_ASE_Budgetory">
    <skipped/>
  </testcase> <!-- TC01_ASE_BudgetoryFlow -->
  <testcase name="TC01_ASE_BudgetoryFlow" time="0.011" classname="com.att.myprice.testcases.TC01_ASE_Budgetory">
    <skipped/>
  </testcase> <!-- TC01_ASE_BudgetoryFlow -->
  <testcase name="TC01_ASE_BudgetoryFlow" time="0.928" classname="com.att.myprice.testcases.TC01_ASE_Budgetory">
    <skipped/>
  </testcase> <!-- TC01_ASE_BudgetoryFlow -->
  <testcase name="TC01_ASE_BudgetoryFlow" time="0.013" classname="com.att.myprice.testcases.TC01_ASE_Budgetory">
    <skipped/>
  </testcase> <!-- TC01_ASE_BudgetoryFlow -->
  <testcase name="TC01_ASE_BudgetoryFlow" time="0.002" classname="com.att.myprice.testcases.TC01_ASE_Budgetory">
    <skipped/>
  </testcase> <!-- TC01_ASE_BudgetoryFlow -->
  <testcase name="TC01_ASE_BudgetoryFlow" time="0.010" classname="com.att.myprice.testcases.TC01_ASE_Budgetory">
    <skipped/>
  </testcase> <!-- TC01_ASE_BudgetoryFlow -->
  <testcase name="TC01_ASE_BudgetoryFlow" time="0.006" classname="com.att.myprice.testcases.TC01_ASE_Budgetory">
    <skipped/>
  </testcase> <!-- TC01_ASE_BudgetoryFlow -->
  <testcase name="TC01_ASE_BudgetoryFlow" time="0.008" classname="com.att.myprice.testcases.TC01_ASE_Budgetory">
    <skipped/>
  </testcase> <!-- TC01_ASE_BudgetoryFlow -->
  <testcase name="TC01_ASE_BudgetoryFlow" time="0.011" classname="com.att.myprice.testcases.TC01_ASE_Budgetory">
    <skipped/>
  </testcase> <!-- TC01_ASE_BudgetoryFlow -->
  <testcase name="TC01_ASE_BudgetoryFlow" time="1.762" classname="com.att.myprice.testcases.TC01_ASE_Budgetory">
    <skipped/>
  </testcase> <!-- TC01_ASE_BudgetoryFlow -->
  <testcase name="TC01_ASE_BudgetoryFlow" time="0.004" classname="com.att.myprice.testcases.TC01_ASE_Budgetory">
    <skipped/>
  </testcase> <!-- TC01_ASE_BudgetoryFlow -->
  <testcase name="TC01_ASE_BudgetoryFlow" time="0.006" classname="com.att.myprice.testcases.TC01_ASE_Budgetory">
    <skipped/>
  </testcase> <!-- TC01_ASE_BudgetoryFlow -->
  <testcase name="TC01_ASE_BudgetoryFlow" time="0.036" classname="com.att.myprice.testcases.TC01_ASE_Budgetory">
    <skipped/>
  </testcase> <!-- TC01_ASE_BudgetoryFlow -->
  <testcase name="TC01_ASE_BudgetoryFlow" time="0.120" classname="com.att.myprice.testcases.TC01_ASE_Budgetory">
    <skipped/>
  </testcase> <!-- TC01_ASE_BudgetoryFlow -->
  <testcase name="TC01_ASE_BudgetoryFlow" time="0.002" classname="com.att.myprice.testcases.TC01_ASE_Budgetory">
    <skipped/>
  </testcase> <!-- TC01_ASE_BudgetoryFlow -->
  <testcase name="TC01_ASE_BudgetoryFlow" time="1.633" classname="com.att.myprice.testcases.TC01_ASE_Budgetory">
    <skipped/>
  </testcase> <!-- TC01_ASE_BudgetoryFlow -->
  <testcase name="TC01_ASE_BudgetoryFlow" time="0.008" classname="com.att.myprice.testcases.TC01_ASE_Budgetory">
    <skipped/>
  </testcase> <!-- TC01_ASE_BudgetoryFlow -->
  <testcase name="TC01_ASE_BudgetoryFlow" time="0.004" classname="com.att.myprice.testcases.TC01_ASE_Budgetory">
    <skipped/>
  </testcase> <!-- TC01_ASE_BudgetoryFlow -->
  <testcase name="TC01_ASE_BudgetoryFlow" time="0.012" classname="com.att.myprice.testcases.TC01_ASE_Budgetory">
    <skipped/>
  </testcase> <!-- TC01_ASE_BudgetoryFlow -->
  <testcase name="TC01_ASE_BudgetoryFlow" time="0.119" classname="com.att.myprice.testcases.TC01_ASE_Budgetory">
    <skipped/>
  </testcase> <!-- TC01_ASE_BudgetoryFlow -->
  <testcase name="TC01_ASE_BudgetoryFlow" time="0.000" classname="com.att.myprice.testcases.TC01_ASE_Budgetory">
    <skipped/>
  </testcase> <!-- TC01_ASE_BudgetoryFlow -->
  <testcase name="TC01_ASE_BudgetoryFlow" time="0.017" classname="com.att.myprice.testcases.TC01_ASE_Budgetory">
    <skipped/>
  </testcase> <!-- TC01_ASE_BudgetoryFlow -->
  <testcase name="TC01_ASE_BudgetoryFlow" time="0.007" classname="com.att.myprice.testcases.TC01_ASE_Budgetory">
    <skipped/>
  </testcase> <!-- TC01_ASE_BudgetoryFlow -->
  <testcase name="TC01_ASE_BudgetoryFlow" time="0.007" classname="com.att.myprice.testcases.TC01_ASE_Budgetory">
    <skipped/>
  </testcase> <!-- TC01_ASE_BudgetoryFlow -->
  <testcase name="TC01_ASE_BudgetoryFlow" time="0.224" classname="com.att.myprice.testcases.TC01_ASE_Budgetory">
    <skipped/>
  </testcase> <!-- TC01_ASE_BudgetoryFlow -->
  <testcase name="TC01_ASE_BudgetoryFlow" time="0.065" classname="com.att.myprice.testcases.TC01_ASE_Budgetory">
    <skipped/>
  </testcase> <!-- TC01_ASE_BudgetoryFlow -->
  <testcase name="TC01_ASE_BudgetoryFlow" time="0.049" classname="com.att.myprice.testcases.TC01_ASE_Budgetory">
    <skipped/>
  </testcase> <!-- TC01_ASE_BudgetoryFlow -->
  <testcase name="TC01_ASE_BudgetoryFlow" time="0.009" classname="com.att.myprice.testcases.TC01_ASE_Budgetory">
    <skipped/>
  </testcase> <!-- TC01_ASE_BudgetoryFlow -->
  <testcase name="TC01_ASE_BudgetoryFlow" time="0.003" classname="com.att.myprice.testcases.TC01_ASE_Budgetory">
    <skipped/>
  </testcase> <!-- TC01_ASE_BudgetoryFlow -->
  <testcase name="TC01_ASE_BudgetoryFlow" time="0.004" classname="com.att.myprice.testcases.TC01_ASE_Budgetory">
    <skipped/>
  </testcase> <!-- TC01_ASE_BudgetoryFlow -->
  <testcase name="TC01_ASE_BudgetoryFlow" time="0.134" classname="com.att.myprice.testcases.TC01_ASE_Budgetory">
    <skipped/>
  </testcase> <!-- TC01_ASE_BudgetoryFlow -->
  <testcase name="TC01_ASE_BudgetoryFlow" time="0.008" classname="com.att.myprice.testcases.TC01_ASE_Budgetory">
    <skipped/>
  </testcase> <!-- TC01_ASE_BudgetoryFlow -->
  <testcase name="TC01_ASE_BudgetoryFlow" time="0.004" classname="com.att.myprice.testcases.TC01_ASE_Budgetory">
    <skipped/>
  </testcase> <!-- TC01_ASE_BudgetoryFlow -->
  <testcase name="TC01_ASE_BudgetoryFlow" time="0.013" classname="com.att.myprice.testcases.TC01_ASE_Budgetory">
    <skipped/>
  </testcase> <!-- TC01_ASE_BudgetoryFlow -->
  <testcase name="TC01_ASE_BudgetoryFlow" time="0.092" classname="com.att.myprice.testcases.TC01_ASE_Budgetory">
    <skipped/>
  </testcase> <!-- TC01_ASE_BudgetoryFlow -->
  <testcase name="TC01_ASE_BudgetoryFlow" time="0.004" classname="com.att.myprice.testcases.TC01_ASE_Budgetory">
    <skipped/>
  </testcase> <!-- TC01_ASE_BudgetoryFlow -->
  <testcase name="TC01_ASE_BudgetoryFlow" time="0.134" classname="com.att.myprice.testcases.TC01_ASE_Budgetory">
    <skipped/>
  </testcase> <!-- TC01_ASE_BudgetoryFlow -->
  <testcase name="TC01_ASE_BudgetoryFlow" time="0.203" classname="com.att.myprice.testcases.TC01_ASE_Budgetory">
    <skipped/>
  </testcase> <!-- TC01_ASE_BudgetoryFlow -->
  <testcase name="TC01_ASE_BudgetoryFlow" time="0.004" classname="com.att.myprice.testcases.TC01_ASE_Budgetory">
    <skipped/>
  </testcase> <!-- TC01_ASE_BudgetoryFlow -->
  <testcase name="TC01_ASE_BudgetoryFlow" time="0.115" classname="com.att.myprice.testcases.TC01_ASE_Budgetory">
    <skipped/>
  </testcase> <!-- TC01_ASE_BudgetoryFlow -->
  <testcase name="TC01_ASE_BudgetoryFlow" time="0.005" classname="com.att.myprice.testcases.TC01_ASE_Budgetory">
    <skipped/>
  </testcase> <!-- TC01_ASE_BudgetoryFlow -->
  <testcase name="TC01_ASE_BudgetoryFlow" time="0.006" classname="com.att.myprice.testcases.TC01_ASE_Budgetory">
    <skipped/>
  </testcase> <!-- TC01_ASE_BudgetoryFlow -->
  <testcase name="TC01_ASE_BudgetoryFlow" time="0.004" classname="com.att.myprice.testcases.TC01_ASE_Budgetory">
    <skipped/>
  </testcase> <!-- TC01_ASE_BudgetoryFlow -->
  <testcase name="TC01_ASE_BudgetoryFlow" time="0.136" classname="com.att.myprice.testcases.TC01_ASE_Budgetory">
    <skipped/>
  </testcase> <!-- TC01_ASE_BudgetoryFlow -->
  <testcase name="TC01_ASE_BudgetoryFlow" time="0.004" classname="com.att.myprice.testcases.TC01_ASE_Budgetory">
    <skipped/>
  </testcase> <!-- TC01_ASE_BudgetoryFlow -->
  <testcase name="TC01_ASE_BudgetoryFlow" time="0.005" classname="com.att.myprice.testcases.TC01_ASE_Budgetory">
    <skipped/>
  </testcase> <!-- TC01_ASE_BudgetoryFlow -->
  <testcase name="TC01_ASE_BudgetoryFlow" time="0.005" classname="com.att.myprice.testcases.TC01_ASE_Budgetory">
    <skipped/>
  </testcase> <!-- TC01_ASE_BudgetoryFlow -->
  <testcase name="TC01_ASE_BudgetoryFlow" time="0.019" classname="com.att.myprice.testcases.TC01_ASE_Budgetory">
    <skipped/>
  </testcase> <!-- TC01_ASE_BudgetoryFlow -->
  <testcase name="TC01_ASE_BudgetoryFlow" time="0.002" classname="com.att.myprice.testcases.TC01_ASE_Budgetory">
    <skipped/>
  </testcase> <!-- TC01_ASE_BudgetoryFlow -->
  <testcase name="TC01_ASE_BudgetoryFlow" time="0.102" classname="com.att.myprice.testcases.TC01_ASE_Budgetory">
    <skipped/>
  </testcase> <!-- TC01_ASE_BudgetoryFlow -->
  <testcase name="TC01_ASE_BudgetoryFlow" time="0.007" classname="com.att.myprice.testcases.TC01_ASE_Budgetory">
    <skipped/>
  </testcase> <!-- TC01_ASE_BudgetoryFlow -->
  <testcase name="TC01_ASE_BudgetoryFlow" time="0.015" classname="com.att.myprice.testcases.TC01_ASE_Budgetory">
    <skipped/>
  </testcase> <!-- TC01_ASE_BudgetoryFlow -->
  <testcase name="TC01_ASE_BudgetoryFlow" time="0.006" classname="com.att.myprice.testcases.TC01_ASE_Budgetory">
    <skipped/>
  </testcase> <!-- TC01_ASE_BudgetoryFlow -->
  <testcase name="TC01_ASE_BudgetoryFlow" time="0.003" classname="com.att.myprice.testcases.TC01_ASE_Budgetory">
    <skipped/>
  </testcase> <!-- TC01_ASE_BudgetoryFlow -->
  <testcase name="TC01_ASE_BudgetoryFlow" time="0.042" classname="com.att.myprice.testcases.TC01_ASE_Budgetory">
    <skipped/>
  </testcase> <!-- TC01_ASE_BudgetoryFlow -->
  <testcase name="TC01_ASE_BudgetoryFlow" time="0.013" classname="com.att.myprice.testcases.TC01_ASE_Budgetory">
    <skipped/>
  </testcase> <!-- TC01_ASE_BudgetoryFlow -->
  <testcase name="TC01_ASE_BudgetoryFlow" time="0.005" classname="com.att.myprice.testcases.TC01_ASE_Budgetory">
    <skipped/>
  </testcase> <!-- TC01_ASE_BudgetoryFlow -->
  <testcase name="TC01_ASE_BudgetoryFlow" time="0.000" classname="com.att.myprice.testcases.TC01_ASE_Budgetory">
    <skipped/>
  </testcase> <!-- TC01_ASE_BudgetoryFlow -->
  <testcase name="TC01_ASE_BudgetoryFlow" time="1.281" classname="com.att.myprice.testcases.TC01_ASE_Budgetory">
    <skipped/>
  </testcase> <!-- TC01_ASE_BudgetoryFlow -->
  <testcase name="TC01_ASE_BudgetoryFlow" time="0.003" classname="com.att.myprice.testcases.TC01_ASE_Budgetory">
    <skipped/>
  </testcase> <!-- TC01_ASE_BudgetoryFlow -->
  <testcase name="TC01_ASE_BudgetoryFlow" time="0.008" classname="com.att.myprice.testcases.TC01_ASE_Budgetory">
    <skipped/>
  </testcase> <!-- TC01_ASE_BudgetoryFlow -->
  <testcase name="TC01_ASE_BudgetoryFlow" time="0.006" classname="com.att.myprice.testcases.TC01_ASE_Budgetory">
    <skipped/>
  </testcase> <!-- TC01_ASE_BudgetoryFlow -->
  <testcase name="TC01_ASE_BudgetoryFlow" time="0.005" classname="com.att.myprice.testcases.TC01_ASE_Budgetory">
    <skipped/>
  </testcase> <!-- TC01_ASE_BudgetoryFlow -->
  <testcase name="TC01_ASE_BudgetoryFlow" time="0.006" classname="com.att.myprice.testcases.TC01_ASE_Budgetory">
    <skipped/>
  </testcase> <!-- TC01_ASE_BudgetoryFlow -->
  <testcase name="TC01_ASE_BudgetoryFlow" time="0.007" classname="com.att.myprice.testcases.TC01_ASE_Budgetory">
    <skipped/>
  </testcase> <!-- TC01_ASE_BudgetoryFlow -->
  <testcase name="TC01_ASE_BudgetoryFlow" time="2.322" classname="com.att.myprice.testcases.TC01_ASE_Budgetory">
    <skipped/>
  </testcase> <!-- TC01_ASE_BudgetoryFlow -->
  <testcase name="TC01_ASE_BudgetoryFlow" time="0.085" classname="com.att.myprice.testcases.TC01_ASE_Budgetory">
    <skipped/>
  </testcase> <!-- TC01_ASE_BudgetoryFlow -->
  <testcase name="TC01_ASE_BudgetoryFlow" time="0.005" classname="com.att.myprice.testcases.TC01_ASE_Budgetory">
    <skipped/>
  </testcase> <!-- TC01_ASE_BudgetoryFlow -->
  <testcase name="TC01_ASE_BudgetoryFlow" time="0.064" classname="com.att.myprice.testcases.TC01_ASE_Budgetory">
    <skipped/>
  </testcase> <!-- TC01_ASE_BudgetoryFlow -->
  <testcase name="TC01_ASE_BudgetoryFlow" time="0.008" classname="com.att.myprice.testcases.TC01_ASE_Budgetory">
    <skipped/>
  </testcase> <!-- TC01_ASE_BudgetoryFlow -->
  <testcase name="TC01_ASE_BudgetoryFlow" time="0.007" classname="com.att.myprice.testcases.TC01_ASE_Budgetory">
    <skipped/>
  </testcase> <!-- TC01_ASE_BudgetoryFlow -->
  <testcase name="TC01_ASE_BudgetoryFlow" time="0.005" classname="com.att.myprice.testcases.TC01_ASE_Budgetory">
    <skipped/>
  </testcase> <!-- TC01_ASE_BudgetoryFlow -->
  <testcase name="TC01_ASE_BudgetoryFlow" time="1.675" classname="com.att.myprice.testcases.TC01_ASE_Budgetory">
    <skipped/>
  </testcase> <!-- TC01_ASE_BudgetoryFlow -->
  <testcase name="TC01_ASE_BudgetoryFlow" time="0.004" classname="com.att.myprice.testcases.TC01_ASE_Budgetory">
    <skipped/>
  </testcase> <!-- TC01_ASE_BudgetoryFlow -->
  <testcase name="TC01_ASE_BudgetoryFlow" time="0.004" classname="com.att.myprice.testcases.TC01_ASE_Budgetory">
    <skipped/>
  </testcase> <!-- TC01_ASE_BudgetoryFlow -->
  <testcase name="TC01_ASE_BudgetoryFlow" time="0.008" classname="com.att.myprice.testcases.TC01_ASE_Budgetory">
    <skipped/>
  </testcase> <!-- TC01_ASE_BudgetoryFlow -->
  <testcase name="TC01_ASE_BudgetoryFlow" time="0.007" classname="com.att.myprice.testcases.TC01_ASE_Budgetory">
    <skipped/>
  </testcase> <!-- TC01_ASE_BudgetoryFlow -->
  <testcase name="TC01_ASE_BudgetoryFlow" time="0.013" classname="com.att.myprice.testcases.TC01_ASE_Budgetory">
    <skipped/>
  </testcase> <!-- TC01_ASE_BudgetoryFlow -->
  <testcase name="TC01_ASE_BudgetoryFlow" time="0.001" classname="com.att.myprice.testcases.TC01_ASE_Budgetory">
    <skipped/>
  </testcase> <!-- TC01_ASE_BudgetoryFlow -->
  <testcase name="TC01_ASE_BudgetoryFlow" time="0.403" classname="com.att.myprice.testcases.TC01_ASE_Budgetory">
    <skipped/>
  </testcase> <!-- TC01_ASE_BudgetoryFlow -->
  <testcase name="TC01_ASE_BudgetoryFlow" time="0.059" classname="com.att.myprice.testcases.TC01_ASE_Budgetory">
    <skipped/>
  </testcase> <!-- TC01_ASE_BudgetoryFlow -->
  <testcase name="TC01_ASE_BudgetoryFlow" time="0.044" classname="com.att.myprice.testcases.TC01_ASE_Budgetory">
    <skipped/>
  </testcase> <!-- TC01_ASE_BudgetoryFlow -->
  <testcase name="TC01_ASE_BudgetoryFlow" time="0.013" classname="com.att.myprice.testcases.TC01_ASE_Budgetory">
    <skipped/>
  </testcase> <!-- TC01_ASE_BudgetoryFlow -->
  <testcase name="TC01_ASE_BudgetoryFlow" time="0.004" classname="com.att.myprice.testcases.TC01_ASE_Budgetory">
    <skipped/>
  </testcase> <!-- TC01_ASE_BudgetoryFlow -->
  <testcase name="TC01_ASE_BudgetoryFlow" time="0.005" classname="com.att.myprice.testcases.TC01_ASE_Budgetory">
    <skipped/>
  </testcase> <!-- TC01_ASE_BudgetoryFlow -->
  <testcase name="TC01_ASE_BudgetoryFlow" time="0.007" classname="com.att.myprice.testcases.TC01_ASE_Budgetory">
    <skipped/>
  </testcase> <!-- TC01_ASE_BudgetoryFlow -->
  <testcase name="TC01_ASE_BudgetoryFlow" time="0.005" classname="com.att.myprice.testcases.TC01_ASE_Budgetory">
    <skipped/>
  </testcase> <!-- TC01_ASE_BudgetoryFlow -->
  <testcase name="TC01_ASE_BudgetoryFlow" time="0.151" classname="com.att.myprice.testcases.TC01_ASE_Budgetory">
    <skipped/>
  </testcase> <!-- TC01_ASE_BudgetoryFlow -->
  <testcase name="TC01_ASE_BudgetoryFlow" time="0.005" classname="com.att.myprice.testcases.TC01_ASE_Budgetory">
    <skipped/>
  </testcase> <!-- TC01_ASE_BudgetoryFlow -->
  <testcase name="TC01_ASE_BudgetoryFlow" time="0.051" classname="com.att.myprice.testcases.TC01_ASE_Budgetory">
    <skipped/>
  </testcase> <!-- TC01_ASE_BudgetoryFlow -->
  <testcase name="TC01_ASE_BudgetoryFlow" time="0.004" classname="com.att.myprice.testcases.TC01_ASE_Budgetory">
    <skipped/>
  </testcase> <!-- TC01_ASE_BudgetoryFlow -->
  <testcase name="TC01_ASE_BudgetoryFlow" time="0.010" classname="com.att.myprice.testcases.TC01_ASE_Budgetory">
    <skipped/>
  </testcase> <!-- TC01_ASE_BudgetoryFlow -->
  <testcase name="TC01_ASE_BudgetoryFlow" time="0.003" classname="com.att.myprice.testcases.TC01_ASE_Budgetory">
    <skipped/>
  </testcase> <!-- TC01_ASE_BudgetoryFlow -->
  <testcase name="TC01_ASE_BudgetoryFlow" time="0.002" classname="com.att.myprice.testcases.TC01_ASE_Budgetory">
    <skipped/>
  </testcase> <!-- TC01_ASE_BudgetoryFlow -->
  <testcase name="TC01_ASE_BudgetoryFlow" time="0.051" classname="com.att.myprice.testcases.TC01_ASE_Budgetory">
    <skipped/>
  </testcase> <!-- TC01_ASE_BudgetoryFlow -->
  <testcase name="TC01_ASE_BudgetoryFlow" time="0.008" classname="com.att.myprice.testcases.TC01_ASE_Budgetory">
    <skipped/>
  </testcase> <!-- TC01_ASE_BudgetoryFlow -->
  <testcase name="TC01_ASE_BudgetoryFlow" time="0.118" classname="com.att.myprice.testcases.TC01_ASE_Budgetory">
    <skipped/>
  </testcase> <!-- TC01_ASE_BudgetoryFlow -->
  <testcase name="TC01_ASE_BudgetoryFlow" time="0.009" classname="com.att.myprice.testcases.TC01_ASE_Budgetory">
    <skipped/>
  </testcase> <!-- TC01_ASE_BudgetoryFlow -->
  <testcase name="TC01_ASE_BudgetoryFlow" time="0.004" classname="com.att.myprice.testcases.TC01_ASE_Budgetory">
    <skipped/>
  </testcase> <!-- TC01_ASE_BudgetoryFlow -->
  <testcase name="TC01_ASE_BudgetoryFlow" time="0.975" classname="com.att.myprice.testcases.TC01_ASE_Budgetory">
    <skipped/>
  </testcase> <!-- TC01_ASE_BudgetoryFlow -->
  <testcase name="TC01_ASE_BudgetoryFlow" time="0.006" classname="com.att.myprice.testcases.TC01_ASE_Budgetory">
    <skipped/>
  </testcase> <!-- TC01_ASE_BudgetoryFlow -->
  <testcase name="TC01_ASE_BudgetoryFlow" time="0.067" classname="com.att.myprice.testcases.TC01_ASE_Budgetory">
    <skipped/>
  </testcase> <!-- TC01_ASE_BudgetoryFlow -->
  <testcase name="TC01_ASE_BudgetoryFlow" time="0.003" classname="com.att.myprice.testcases.TC01_ASE_Budgetory">
    <skipped/>
  </testcase> <!-- TC01_ASE_BudgetoryFlow -->
  <testcase name="TC01_ASE_BudgetoryFlow" time="0.004" classname="com.att.myprice.testcases.TC01_ASE_Budgetory">
    <skipped/>
  </testcase> <!-- TC01_ASE_BudgetoryFlow -->
  <testcase name="TC01_ASE_BudgetoryFlow" time="0.004" classname="com.att.myprice.testcases.TC01_ASE_Budgetory">
    <skipped/>
  </testcase> <!-- TC01_ASE_BudgetoryFlow -->
  <testcase name="TC01_ASE_BudgetoryFlow" time="0.004" classname="com.att.myprice.testcases.TC01_ASE_Budgetory">
    <skipped/>
  </testcase> <!-- TC01_ASE_BudgetoryFlow -->
  <testcase name="TC01_ASE_BudgetoryFlow" time="0.002" classname="com.att.myprice.testcases.TC01_ASE_Budgetory">
    <skipped/>
  </testcase> <!-- TC01_ASE_BudgetoryFlow -->
  <testcase name="TC01_ASE_BudgetoryFlow" time="0.005" classname="com.att.myprice.testcases.TC01_ASE_Budgetory">
    <skipped/>
  </testcase> <!-- TC01_ASE_BudgetoryFlow -->
  <testcase name="TC01_ASE_BudgetoryFlow" time="0.004" classname="com.att.myprice.testcases.TC01_ASE_Budgetory">
    <skipped/>
  </testcase> <!-- TC01_ASE_BudgetoryFlow -->
  <testcase name="TC01_ASE_BudgetoryFlow" time="0.004" classname="com.att.myprice.testcases.TC01_ASE_Budgetory">
    <skipped/>
  </testcase> <!-- TC01_ASE_BudgetoryFlow -->
  <testcase name="TC01_ASE_BudgetoryFlow" time="0.171" classname="com.att.myprice.testcases.TC01_ASE_Budgetory">
    <skipped/>
  </testcase> <!-- TC01_ASE_BudgetoryFlow -->
  <testcase name="TC01_ASE_BudgetoryFlow" time="0.014" classname="com.att.myprice.testcases.TC01_ASE_Budgetory">
    <skipped/>
  </testcase> <!-- TC01_ASE_BudgetoryFlow -->
  <testcase name="TC01_ASE_BudgetoryFlow" time="0.017" classname="com.att.myprice.testcases.TC01_ASE_Budgetory">
    <skipped/>
  </testcase> <!-- TC01_ASE_BudgetoryFlow -->
  <testcase name="TC01_ASE_BudgetoryFlow" time="0.006" classname="com.att.myprice.testcases.TC01_ASE_Budgetory">
    <skipped/>
  </testcase> <!-- TC01_ASE_BudgetoryFlow -->
  <testcase name="TC01_ASE_BudgetoryFlow" time="0.008" classname="com.att.myprice.testcases.TC01_ASE_Budgetory">
    <skipped/>
  </testcase> <!-- TC01_ASE_BudgetoryFlow -->
  <testcase name="TC01_ASE_BudgetoryFlow" time="0.008" classname="com.att.myprice.testcases.TC01_ASE_Budgetory">
    <skipped/>
  </testcase> <!-- TC01_ASE_BudgetoryFlow -->
  <testcase name="TC01_ASE_BudgetoryFlow" time="0.243" classname="com.att.myprice.testcases.TC01_ASE_Budgetory">
    <skipped/>
  </testcase> <!-- TC01_ASE_BudgetoryFlow -->
  <testcase name="TC01_ASE_BudgetoryFlow" time="0.088" classname="com.att.myprice.testcases.TC01_ASE_Budgetory">
    <skipped/>
  </testcase> <!-- TC01_ASE_BudgetoryFlow -->
  <testcase name="TC01_ASE_BudgetoryFlow" time="0.002" classname="com.att.myprice.testcases.TC01_ASE_Budgetory">
    <skipped/>
  </testcase> <!-- TC01_ASE_BudgetoryFlow -->
  <testcase name="TC01_ASE_BudgetoryFlow" time="0.004" classname="com.att.myprice.testcases.TC01_ASE_Budgetory">
    <skipped/>
  </testcase> <!-- TC01_ASE_BudgetoryFlow -->
  <testcase name="TC01_ASE_BudgetoryFlow" time="0.004" classname="com.att.myprice.testcases.TC01_ASE_Budgetory">
    <skipped/>
  </testcase> <!-- TC01_ASE_BudgetoryFlow -->
  <testcase name="TC01_ASE_BudgetoryFlow" time="0.086" classname="com.att.myprice.testcases.TC01_ASE_Budgetory">
    <skipped/>
  </testcase> <!-- TC01_ASE_BudgetoryFlow -->
  <testcase name="TC01_ASE_BudgetoryFlow" time="0.004" classname="com.att.myprice.testcases.TC01_ASE_Budgetory">
    <skipped/>
  </testcase> <!-- TC01_ASE_BudgetoryFlow -->
  <testcase name="TC01_ASE_BudgetoryFlow" time="0.102" classname="com.att.myprice.testcases.TC01_ASE_Budgetory">
    <skipped/>
  </testcase> <!-- TC01_ASE_BudgetoryFlow -->
  <testcase name="TC01_ASE_BudgetoryFlow" time="0.006" classname="com.att.myprice.testcases.TC01_ASE_Budgetory">
    <skipped/>
  </testcase> <!-- TC01_ASE_BudgetoryFlow -->
  <testcase name="TC01_ASE_BudgetoryFlow" time="0.161" classname="com.att.myprice.testcases.TC01_ASE_Budgetory">
    <skipped/>
  </testcase> <!-- TC01_ASE_BudgetoryFlow -->
  <testcase name="TC01_ASE_BudgetoryFlow" time="0.004" classname="com.att.myprice.testcases.TC01_ASE_Budgetory">
    <skipped/>
  </testcase> <!-- TC01_ASE_BudgetoryFlow -->
  <testcase name="TC01_ASE_BudgetoryFlow" time="0.005" classname="com.att.myprice.testcases.TC01_ASE_Budgetory">
    <skipped/>
  </testcase> <!-- TC01_ASE_BudgetoryFlow -->
  <testcase name="TC01_ASE_BudgetoryFlow" time="0.005" classname="com.att.myprice.testcases.TC01_ASE_Budgetory">
    <skipped/>
  </testcase> <!-- TC01_ASE_BudgetoryFlow -->
  <testcase name="TC01_ASE_BudgetoryFlow" time="0.006" classname="com.att.myprice.testcases.TC01_ASE_Budgetory">
    <skipped/>
  </testcase> <!-- TC01_ASE_BudgetoryFlow -->
  <testcase name="TC01_ASE_BudgetoryFlow" time="0.001" classname="com.att.myprice.testcases.TC01_ASE_Budgetory">
    <skipped/>
  </testcase> <!-- TC01_ASE_BudgetoryFlow -->
  <testcase name="TC01_ASE_BudgetoryFlow" time="0.006" classname="com.att.myprice.testcases.TC01_ASE_Budgetory">
    <skipped/>
  </testcase> <!-- TC01_ASE_BudgetoryFlow -->
  <testcase name="TC01_ASE_BudgetoryFlow" time="0.003" classname="com.att.myprice.testcases.TC01_ASE_Budgetory">
    <skipped/>
  </testcase> <!-- TC01_ASE_BudgetoryFlow -->
  <testcase name="TC01_ASE_BudgetoryFlow" time="0.004" classname="com.att.myprice.testcases.TC01_ASE_Budgetory">
    <skipped/>
  </testcase> <!-- TC01_ASE_BudgetoryFlow -->
  <testcase name="TC01_ASE_BudgetoryFlow" time="0.008" classname="com.att.myprice.testcases.TC01_ASE_Budgetory">
    <skipped/>
  </testcase> <!-- TC01_ASE_BudgetoryFlow -->
  <testcase name="TC01_ASE_BudgetoryFlow" time="0.005" classname="com.att.myprice.testcases.TC01_ASE_Budgetory">
    <skipped/>
  </testcase> <!-- TC01_ASE_BudgetoryFlow -->
  <testcase name="TC01_ASE_BudgetoryFlow" time="0.005" classname="com.att.myprice.testcases.TC01_ASE_Budgetory">
    <skipped/>
  </testcase> <!-- TC01_ASE_BudgetoryFlow -->
  <testcase name="TC01_ASE_BudgetoryFlow" time="0.002" classname="com.att.myprice.testcases.TC01_ASE_Budgetory">
    <skipped/>
  </testcase> <!-- TC01_ASE_BudgetoryFlow -->
  <testcase name="TC01_ASE_BudgetoryFlow" time="0.005" classname="com.att.myprice.testcases.TC01_ASE_Budgetory">
    <skipped/>
  </testcase> <!-- TC01_ASE_BudgetoryFlow -->
  <testcase name="TC01_ASE_BudgetoryFlow" time="0.188" classname="com.att.myprice.testcases.TC01_ASE_Budgetory">
    <skipped/>
  </testcase> <!-- TC01_ASE_BudgetoryFlow -->
  <testcase name="TC01_ASE_BudgetoryFlow" time="0.002" classname="com.att.myprice.testcases.TC01_ASE_Budgetory">
    <skipped/>
  </testcase> <!-- TC01_ASE_BudgetoryFlow -->
  <testcase name="TC01_ASE_BudgetoryFlow" time="0.007" classname="com.att.myprice.testcases.TC01_ASE_Budgetory">
    <skipped/>
  </testcase> <!-- TC01_ASE_BudgetoryFlow -->
  <testcase name="TC01_ASE_BudgetoryFlow" time="0.010" classname="com.att.myprice.testcases.TC01_ASE_Budgetory">
    <skipped/>
  </testcase> <!-- TC01_ASE_BudgetoryFlow -->
  <testcase name="TC01_ASE_BudgetoryFlow" time="0.006" classname="com.att.myprice.testcases.TC01_ASE_Budgetory">
    <skipped/>
  </testcase> <!-- TC01_ASE_BudgetoryFlow -->
  <testcase name="TC01_ASE_BudgetoryFlow" time="0.048" classname="com.att.myprice.testcases.TC01_ASE_Budgetory">
    <skipped/>
  </testcase> <!-- TC01_ASE_BudgetoryFlow -->
  <testcase name="TC01_ASE_BudgetoryFlow" time="0.448" classname="com.att.myprice.testcases.TC01_ASE_Budgetory">
    <skipped/>
  </testcase> <!-- TC01_ASE_BudgetoryFlow -->
  <testcase name="TC01_ASE_BudgetoryFlow" time="0.004" classname="com.att.myprice.testcases.TC01_ASE_Budgetory">
    <skipped/>
  </testcase> <!-- TC01_ASE_BudgetoryFlow -->
  <testcase name="TC01_ASE_BudgetoryFlow" time="0.004" classname="com.att.myprice.testcases.TC01_ASE_Budgetory">
    <skipped/>
  </testcase> <!-- TC01_ASE_BudgetoryFlow -->
  <testcase name="TC01_ASE_BudgetoryFlow" time="0.004" classname="com.att.myprice.testcases.TC01_ASE_Budgetory">
    <skipped/>
  </testcase> <!-- TC01_ASE_BudgetoryFlow -->
  <testcase name="TC01_ASE_BudgetoryFlow" time="0.468" classname="com.att.myprice.testcases.TC01_ASE_Budgetory">
    <skipped/>
  </testcase> <!-- TC01_ASE_BudgetoryFlow -->
  <testcase name="TC01_ASE_BudgetoryFlow" time="0.004" classname="com.att.myprice.testcases.TC01_ASE_Budgetory">
    <skipped/>
  </testcase> <!-- TC01_ASE_BudgetoryFlow -->
  <testcase name="TC01_ASE_BudgetoryFlow" time="0.004" classname="com.att.myprice.testcases.TC01_ASE_Budgetory">
    <skipped/>
  </testcase> <!-- TC01_ASE_BudgetoryFlow -->
  <testcase name="TC01_ASE_BudgetoryFlow" time="0.036" classname="com.att.myprice.testcases.TC01_ASE_Budgetory">
    <skipped/>
  </testcase> <!-- TC01_ASE_BudgetoryFlow -->
  <testcase name="TC01_ASE_BudgetoryFlow" time="0.073" classname="com.att.myprice.testcases.TC01_ASE_Budgetory">
    <skipped/>
  </testcase> <!-- TC01_ASE_BudgetoryFlow -->
  <testcase name="TC01_ASE_BudgetoryFlow" time="0.004" classname="com.att.myprice.testcases.TC01_ASE_Budgetory">
    <skipped/>
  </testcase> <!-- TC01_ASE_BudgetoryFlow -->
  <testcase name="TC01_ASE_BudgetoryFlow" time="0.005" classname="com.att.myprice.testcases.TC01_ASE_Budgetory">
    <skipped/>
  </testcase> <!-- TC01_ASE_BudgetoryFlow -->
  <testcase name="TC01_ASE_BudgetoryFlow" time="0.004" classname="com.att.myprice.testcases.TC01_ASE_Budgetory">
    <skipped/>
  </testcase> <!-- TC01_ASE_BudgetoryFlow -->
  <testcase name="TC01_ASE_BudgetoryFlow" time="0.150" classname="com.att.myprice.testcases.TC01_ASE_Budgetory">
    <skipped/>
  </testcase> <!-- TC01_ASE_BudgetoryFlow -->
  <testcase name="TC01_ASE_BudgetoryFlow" time="0.070" classname="com.att.myprice.testcases.TC01_ASE_Budgetory">
    <skipped/>
  </testcase> <!-- TC01_ASE_BudgetoryFlow -->
  <testcase name="TC01_ASE_BudgetoryFlow" time="0.004" classname="com.att.myprice.testcases.TC01_ASE_Budgetory">
    <skipped/>
  </testcase> <!-- TC01_ASE_BudgetoryFlow -->
  <testcase name="TC01_ASE_BudgetoryFlow" time="0.470" classname="com.att.myprice.testcases.TC01_ASE_Budgetory">
    <skipped/>
  </testcase> <!-- TC01_ASE_BudgetoryFlow -->
  <testcase name="TC01_ASE_BudgetoryFlow" time="0.024" classname="com.att.myprice.testcases.TC01_ASE_Budgetory">
    <skipped/>
  </testcase> <!-- TC01_ASE_BudgetoryFlow -->
  <testcase name="TC01_ASE_BudgetoryFlow" time="0.009" classname="com.att.myprice.testcases.TC01_ASE_Budgetory">
    <skipped/>
  </testcase> <!-- TC01_ASE_BudgetoryFlow -->
  <testcase name="TC01_ASE_BudgetoryFlow" time="0.003" classname="com.att.myprice.testcases.TC01_ASE_Budgetory">
    <skipped/>
  </testcase> <!-- TC01_ASE_BudgetoryFlow -->
  <testcase name="TC01_ASE_BudgetoryFlow" time="0.008" classname="com.att.myprice.testcases.TC01_ASE_Budgetory">
    <skipped/>
  </testcase> <!-- TC01_ASE_BudgetoryFlow -->
  <testcase name="TC01_ASE_BudgetoryFlow" time="0.004" classname="com.att.myprice.testcases.TC01_ASE_Budgetory">
    <skipped/>
  </testcase> <!-- TC01_ASE_BudgetoryFlow -->
  <testcase name="TC01_ASE_BudgetoryFlow" time="0.006" classname="com.att.myprice.testcases.TC01_ASE_Budgetory">
    <skipped/>
  </testcase> <!-- TC01_ASE_BudgetoryFlow -->
  <testcase name="TC01_ASE_BudgetoryFlow" time="0.009" classname="com.att.myprice.testcases.TC01_ASE_Budgetory">
    <skipped/>
  </testcase> <!-- TC01_ASE_BudgetoryFlow -->
  <testcase name="TC01_ASE_BudgetoryFlow" time="2.254" classname="com.att.myprice.testcases.TC01_ASE_Budgetory">
    <skipped/>
  </testcase> <!-- TC01_ASE_BudgetoryFlow -->
  <testcase name="TC01_ASE_BudgetoryFlow" time="0.004" classname="com.att.myprice.testcases.TC01_ASE_Budgetory">
    <skipped/>
  </testcase> <!-- TC01_ASE_BudgetoryFlow -->
  <testcase name="TC01_ASE_BudgetoryFlow" time="0.005" classname="com.att.myprice.testcases.TC01_ASE_Budgetory">
    <skipped/>
  </testcase> <!-- TC01_ASE_BudgetoryFlow -->
  <testcase name="TC01_ASE_BudgetoryFlow" time="0.002" classname="com.att.myprice.testcases.TC01_ASE_Budgetory">
    <skipped/>
  </testcase> <!-- TC01_ASE_BudgetoryFlow -->
  <testcase name="TC01_ASE_BudgetoryFlow" time="0.006" classname="com.att.myprice.testcases.TC01_ASE_Budgetory">
    <skipped/>
  </testcase> <!-- TC01_ASE_BudgetoryFlow -->
  <testcase name="TC01_ASE_BudgetoryFlow" time="0.950" classname="com.att.myprice.testcases.TC01_ASE_Budgetory">
    <skipped/>
  </testcase> <!-- TC01_ASE_BudgetoryFlow -->
  <testcase name="TC01_ASE_BudgetoryFlow" time="0.005" classname="com.att.myprice.testcases.TC01_ASE_Budgetory">
    <skipped/>
  </testcase> <!-- TC01_ASE_BudgetoryFlow -->
  <testcase name="TC01_ASE_BudgetoryFlow" time="0.002" classname="com.att.myprice.testcases.TC01_ASE_Budgetory">
    <skipped/>
  </testcase> <!-- TC01_ASE_BudgetoryFlow -->
  <testcase name="TC01_ASE_BudgetoryFlow" time="0.005" classname="com.att.myprice.testcases.TC01_ASE_Budgetory">
    <skipped/>
  </testcase> <!-- TC01_ASE_BudgetoryFlow -->
  <testcase name="TC01_ASE_BudgetoryFlow" time="0.011" classname="com.att.myprice.testcases.TC01_ASE_Budgetory">
    <skipped/>
  </testcase> <!-- TC01_ASE_BudgetoryFlow -->
  <testcase name="TC01_ASE_BudgetoryFlow" time="0.013" classname="com.att.myprice.testcases.TC01_ASE_Budgetory">
    <skipped/>
  </testcase> <!-- TC01_ASE_BudgetoryFlow -->
  <testcase name="TC01_ASE_BudgetoryFlow" time="0.004" classname="com.att.myprice.testcases.TC01_ASE_Budgetory">
    <skipped/>
  </testcase> <!-- TC01_ASE_BudgetoryFlow -->
  <testcase name="TC01_ASE_BudgetoryFlow" time="0.002" classname="com.att.myprice.testcases.TC01_ASE_Budgetory">
    <skipped/>
  </testcase> <!-- TC01_ASE_BudgetoryFlow -->
  <testcase name="TC01_ASE_BudgetoryFlow" time="0.012" classname="com.att.myprice.testcases.TC01_ASE_Budgetory">
    <skipped/>
  </testcase> <!-- TC01_ASE_BudgetoryFlow -->
  <testcase name="TC01_ASE_BudgetoryFlow" time="0.036" classname="com.att.myprice.testcases.TC01_ASE_Budgetory">
    <skipped/>
  </testcase> <!-- TC01_ASE_BudgetoryFlow -->
  <testcase name="TC01_ASE_BudgetoryFlow" time="0.007" classname="com.att.myprice.testcases.TC01_ASE_Budgetory">
    <skipped/>
  </testcase> <!-- TC01_ASE_BudgetoryFlow -->
  <testcase name="TC01_ASE_BudgetoryFlow" time="0.081" classname="com.att.myprice.testcases.TC01_ASE_Budgetory">
    <skipped/>
  </testcase> <!-- TC01_ASE_BudgetoryFlow -->
  <testcase name="TC01_ASE_BudgetoryFlow" time="0.228" classname="com.att.myprice.testcases.TC01_ASE_Budgetory">
    <skipped/>
  </testcase> <!-- TC01_ASE_BudgetoryFlow -->
  <testcase name="TC01_ASE_BudgetoryFlow" time="0.008" classname="com.att.myprice.testcases.TC01_ASE_Budgetory">
    <skipped/>
  </testcase> <!-- TC01_ASE_BudgetoryFlow -->
  <testcase name="TC01_ASE_BudgetoryFlow" time="0.037" classname="com.att.myprice.testcases.TC01_ASE_Budgetory">
    <skipped/>
  </testcase> <!-- TC01_ASE_BudgetoryFlow -->
  <testcase name="TC01_ASE_BudgetoryFlow" time="0.004" classname="com.att.myprice.testcases.TC01_ASE_Budgetory">
    <skipped/>
  </testcase> <!-- TC01_ASE_BudgetoryFlow -->
  <testcase name="TC01_ASE_BudgetoryFlow" time="0.404" classname="com.att.myprice.testcases.TC01_ASE_Budgetory">
    <skipped/>
  </testcase> <!-- TC01_ASE_BudgetoryFlow -->
  <testcase name="TC01_ASE_BudgetoryFlow" time="0.053" classname="com.att.myprice.testcases.TC01_ASE_Budgetory">
    <skipped/>
  </testcase> <!-- TC01_ASE_BudgetoryFlow -->
  <testcase name="TC01_ASE_BudgetoryFlow" time="1.313" classname="com.att.myprice.testcases.TC01_ASE_Budgetory">
    <skipped/>
  </testcase> <!-- TC01_ASE_BudgetoryFlow -->
  <testcase name="TC01_ASE_BudgetoryFlow" time="0.006" classname="com.att.myprice.testcases.TC01_ASE_Budgetory">
    <skipped/>
  </testcase> <!-- TC01_ASE_BudgetoryFlow -->
  <testcase name="TC01_ASE_BudgetoryFlow" time="0.005" classname="com.att.myprice.testcases.TC01_ASE_Budgetory">
    <skipped/>
  </testcase> <!-- TC01_ASE_BudgetoryFlow -->
  <testcase name="TC01_ASE_BudgetoryFlow" time="0.108" classname="com.att.myprice.testcases.TC01_ASE_Budgetory">
    <skipped/>
  </testcase> <!-- TC01_ASE_BudgetoryFlow -->
  <testcase name="TC01_ASE_BudgetoryFlow" time="0.005" classname="com.att.myprice.testcases.TC01_ASE_Budgetory">
    <skipped/>
  </testcase> <!-- TC01_ASE_BudgetoryFlow -->
  <testcase name="TC01_ASE_BudgetoryFlow" time="0.004" classname="com.att.myprice.testcases.TC01_ASE_Budgetory">
    <skipped/>
  </testcase> <!-- TC01_ASE_BudgetoryFlow -->
  <testcase name="TC01_ASE_BudgetoryFlow" time="0.005" classname="com.att.myprice.testcases.TC01_ASE_Budgetory">
    <skipped/>
  </testcase> <!-- TC01_ASE_BudgetoryFlow -->
  <testcase name="TC01_ASE_BudgetoryFlow" time="0.007" classname="com.att.myprice.testcases.TC01_ASE_Budgetory">
    <skipped/>
  </testcase> <!-- TC01_ASE_BudgetoryFlow -->
  <testcase name="TC01_ASE_BudgetoryFlow" time="0.005" classname="com.att.myprice.testcases.TC01_ASE_Budgetory">
    <skipped/>
  </testcase> <!-- TC01_ASE_BudgetoryFlow -->
  <testcase name="TC01_ASE_BudgetoryFlow" time="0.000" classname="com.att.myprice.testcases.TC01_ASE_Budgetory">
    <skipped/>
  </testcase> <!-- TC01_ASE_BudgetoryFlow -->
  <testcase name="TC01_ASE_BudgetoryFlow" time="0.001" classname="com.att.myprice.testcases.TC01_ASE_Budgetory">
    <skipped/>
  </testcase> <!-- TC01_ASE_BudgetoryFlow -->
  <testcase name="TC01_ASE_BudgetoryFlow" time="0.004" classname="com.att.myprice.testcases.TC01_ASE_Budgetory">
    <skipped/>
  </testcase> <!-- TC01_ASE_BudgetoryFlow -->
  <testcase name="TC01_ASE_BudgetoryFlow" time="0.007" classname="com.att.myprice.testcases.TC01_ASE_Budgetory">
    <skipped/>
  </testcase> <!-- TC01_ASE_BudgetoryFlow -->
  <testcase name="TC01_ASE_BudgetoryFlow" time="0.005" classname="com.att.myprice.testcases.TC01_ASE_Budgetory">
    <skipped/>
  </testcase> <!-- TC01_ASE_BudgetoryFlow -->
  <testcase name="TC01_ASE_BudgetoryFlow" time="0.040" classname="com.att.myprice.testcases.TC01_ASE_Budgetory">
    <skipped/>
  </testcase> <!-- TC01_ASE_BudgetoryFlow -->
  <testcase name="TC01_ASE_BudgetoryFlow" time="0.006" classname="com.att.myprice.testcases.TC01_ASE_Budgetory">
    <skipped/>
  </testcase> <!-- TC01_ASE_BudgetoryFlow -->
  <testcase name="TC01_ASE_BudgetoryFlow" time="0.010" classname="com.att.myprice.testcases.TC01_ASE_Budgetory">
    <skipped/>
  </testcase> <!-- TC01_ASE_BudgetoryFlow -->
  <testcase name="TC01_ASE_BudgetoryFlow" time="0.008" classname="com.att.myprice.testcases.TC01_ASE_Budgetory">
    <skipped/>
  </testcase> <!-- TC01_ASE_BudgetoryFlow -->
  <testcase name="TC01_ASE_BudgetoryFlow" time="0.007" classname="com.att.myprice.testcases.TC01_ASE_Budgetory">
    <skipped/>
  </testcase> <!-- TC01_ASE_BudgetoryFlow -->
  <testcase name="TC01_ASE_BudgetoryFlow" time="0.009" classname="com.att.myprice.testcases.TC01_ASE_Budgetory">
    <skipped/>
  </testcase> <!-- TC01_ASE_BudgetoryFlow -->
  <testcase name="TC01_ASE_BudgetoryFlow" time="0.005" classname="com.att.myprice.testcases.TC01_ASE_Budgetory">
    <skipped/>
  </testcase> <!-- TC01_ASE_BudgetoryFlow -->
  <testcase name="TC01_ASE_BudgetoryFlow" time="0.004" classname="com.att.myprice.testcases.TC01_ASE_Budgetory">
    <skipped/>
  </testcase> <!-- TC01_ASE_BudgetoryFlow -->
  <testcase name="TC01_ASE_BudgetoryFlow" time="0.161" classname="com.att.myprice.testcases.TC01_ASE_Budgetory">
    <skipped/>
  </testcase> <!-- TC01_ASE_BudgetoryFlow -->
  <testcase name="TC01_ASE_BudgetoryFlow" time="0.005" classname="com.att.myprice.testcases.TC01_ASE_Budgetory">
    <skipped/>
  </testcase> <!-- TC01_ASE_BudgetoryFlow -->
  <testcase name="TC01_ASE_BudgetoryFlow" time="0.047" classname="com.att.myprice.testcases.TC01_ASE_Budgetory">
    <skipped/>
  </testcase> <!-- TC01_ASE_BudgetoryFlow -->
  <testcase name="TC01_ASE_BudgetoryFlow" time="0.009" classname="com.att.myprice.testcases.TC01_ASE_Budgetory">
    <skipped/>
  </testcase> <!-- TC01_ASE_BudgetoryFlow -->
  <testcase name="TC01_ASE_BudgetoryFlow" time="0.019" classname="com.att.myprice.testcases.TC01_ASE_Budgetory">
    <skipped/>
  </testcase> <!-- TC01_ASE_BudgetoryFlow -->
  <testcase name="TC01_ASE_BudgetoryFlow" time="0.013" classname="com.att.myprice.testcases.TC01_ASE_Budgetory">
    <skipped/>
  </testcase> <!-- TC01_ASE_BudgetoryFlow -->
  <testcase name="TC01_ASE_BudgetoryFlow" time="0.004" classname="com.att.myprice.testcases.TC01_ASE_Budgetory">
    <skipped/>
  </testcase> <!-- TC01_ASE_BudgetoryFlow -->
  <testcase name="TC01_ASE_BudgetoryFlow" time="0.066" classname="com.att.myprice.testcases.TC01_ASE_Budgetory">
    <skipped/>
  </testcase> <!-- TC01_ASE_BudgetoryFlow -->
  <testcase name="TC01_ASE_BudgetoryFlow" time="0.004" classname="com.att.myprice.testcases.TC01_ASE_Budgetory">
    <skipped/>
  </testcase> <!-- TC01_ASE_BudgetoryFlow -->
  <testcase name="TC01_ASE_BudgetoryFlow" time="0.005" classname="com.att.myprice.testcases.TC01_ASE_Budgetory">
    <skipped/>
  </testcase> <!-- TC01_ASE_BudgetoryFlow -->
  <testcase name="TC01_ASE_BudgetoryFlow" time="0.005" classname="com.att.myprice.testcases.TC01_ASE_Budgetory">
    <skipped/>
  </testcase> <!-- TC01_ASE_BudgetoryFlow -->
  <testcase name="TC01_ASE_BudgetoryFlow" time="0.047" classname="com.att.myprice.testcases.TC01_ASE_Budgetory">
    <skipped/>
  </testcase> <!-- TC01_ASE_BudgetoryFlow -->
  <testcase name="TC01_ASE_BudgetoryFlow" time="0.012" classname="com.att.myprice.testcases.TC01_ASE_Budgetory">
    <skipped/>
  </testcase> <!-- TC01_ASE_BudgetoryFlow -->
  <testcase name="TC01_ASE_BudgetoryFlow" time="0.012" classname="com.att.myprice.testcases.TC01_ASE_Budgetory">
    <skipped/>
  </testcase> <!-- TC01_ASE_BudgetoryFlow -->
  <testcase name="TC01_ASE_BudgetoryFlow" time="0.005" classname="com.att.myprice.testcases.TC01_ASE_Budgetory">
    <skipped/>
  </testcase> <!-- TC01_ASE_BudgetoryFlow -->
  <testcase name="TC01_ASE_BudgetoryFlow" time="0.011" classname="com.att.myprice.testcases.TC01_ASE_Budgetory">
    <skipped/>
  </testcase> <!-- TC01_ASE_BudgetoryFlow -->
  <testcase name="TC01_ASE_BudgetoryFlow" time="0.005" classname="com.att.myprice.testcases.TC01_ASE_Budgetory">
    <skipped/>
  </testcase> <!-- TC01_ASE_BudgetoryFlow -->
  <testcase name="TC01_ASE_BudgetoryFlow" time="0.002" classname="com.att.myprice.testcases.TC01_ASE_Budgetory">
    <skipped/>
  </testcase> <!-- TC01_ASE_BudgetoryFlow -->
  <testcase name="TC01_ASE_BudgetoryFlow" time="0.012" classname="com.att.myprice.testcases.TC01_ASE_Budgetory">
    <skipped/>
  </testcase> <!-- TC01_ASE_BudgetoryFlow -->
  <testcase name="TC01_ASE_BudgetoryFlow" time="13.296" classname="com.att.myprice.testcases.TC01_ASE_Budgetory">
    <skipped/>
  </testcase> <!-- TC01_ASE_BudgetoryFlow -->
  <testcase name="TC01_ASE_BudgetoryFlow" time="0.004" classname="com.att.myprice.testcases.TC01_ASE_Budgetory">
    <skipped/>
  </testcase> <!-- TC01_ASE_BudgetoryFlow -->
  <testcase name="TC01_ASE_BudgetoryFlow" time="0.008" classname="com.att.myprice.testcases.TC01_ASE_Budgetory">
    <skipped/>
  </testcase> <!-- TC01_ASE_BudgetoryFlow -->
  <testcase name="TC01_ASE_BudgetoryFlow" time="0.008" classname="com.att.myprice.testcases.TC01_ASE_Budgetory">
    <skipped/>
  </testcase> <!-- TC01_ASE_BudgetoryFlow -->
  <testcase name="TC01_ASE_BudgetoryFlow" time="0.005" classname="com.att.myprice.testcases.TC01_ASE_Budgetory">
    <skipped/>
  </testcase> <!-- TC01_ASE_BudgetoryFlow -->
  <testcase name="TC01_ASE_BudgetoryFlow" time="0.150" classname="com.att.myprice.testcases.TC01_ASE_Budgetory">
    <skipped/>
  </testcase> <!-- TC01_ASE_BudgetoryFlow -->
  <testcase name="TC01_ASE_BudgetoryFlow" time="0.005" classname="com.att.myprice.testcases.TC01_ASE_Budgetory">
    <skipped/>
  </testcase> <!-- TC01_ASE_BudgetoryFlow -->
  <testcase name="TC01_ASE_BudgetoryFlow" time="0.003" classname="com.att.myprice.testcases.TC01_ASE_Budgetory">
    <skipped/>
  </testcase> <!-- TC01_ASE_BudgetoryFlow -->
  <testcase name="TC01_ASE_BudgetoryFlow" time="0.008" classname="com.att.myprice.testcases.TC01_ASE_Budgetory">
    <skipped/>
  </testcase> <!-- TC01_ASE_BudgetoryFlow -->
  <testcase name="TC01_ASE_BudgetoryFlow" time="0.466" classname="com.att.myprice.testcases.TC01_ASE_Budgetory">
    <skipped/>
  </testcase> <!-- TC01_ASE_BudgetoryFlow -->
  <testcase name="TC01_ASE_BudgetoryFlow" time="0.072" classname="com.att.myprice.testcases.TC01_ASE_Budgetory">
    <skipped/>
  </testcase> <!-- TC01_ASE_BudgetoryFlow -->
  <testcase name="TC01_ASE_BudgetoryFlow" time="0.006" classname="com.att.myprice.testcases.TC01_ASE_Budgetory">
    <skipped/>
  </testcase> <!-- TC01_ASE_BudgetoryFlow -->
  <testcase name="TC01_ASE_BudgetoryFlow" time="0.012" classname="com.att.myprice.testcases.TC01_ASE_Budgetory">
    <skipped/>
  </testcase> <!-- TC01_ASE_BudgetoryFlow -->
  <testcase name="TC01_ASE_BudgetoryFlow" time="0.001" classname="com.att.myprice.testcases.TC01_ASE_Budgetory">
    <skipped/>
  </testcase> <!-- TC01_ASE_BudgetoryFlow -->
  <testcase name="TC01_ASE_BudgetoryFlow" time="0.004" classname="com.att.myprice.testcases.TC01_ASE_Budgetory">
    <skipped/>
  </testcase> <!-- TC01_ASE_BudgetoryFlow -->
  <testcase name="TC01_ASE_BudgetoryFlow" time="0.458" classname="com.att.myprice.testcases.TC01_ASE_Budgetory">
    <skipped/>
  </testcase> <!-- TC01_ASE_BudgetoryFlow -->
  <testcase name="TC01_ASE_BudgetoryFlow" time="0.009" classname="com.att.myprice.testcases.TC01_ASE_Budgetory">
    <skipped/>
  </testcase> <!-- TC01_ASE_BudgetoryFlow -->
  <testcase name="TC01_ASE_BudgetoryFlow" time="0.083" classname="com.att.myprice.testcases.TC01_ASE_Budgetory">
    <skipped/>
  </testcase> <!-- TC01_ASE_BudgetoryFlow -->
  <testcase name="TC01_ASE_BudgetoryFlow" time="0.073" classname="com.att.myprice.testcases.TC01_ASE_Budgetory">
    <skipped/>
  </testcase> <!-- TC01_ASE_BudgetoryFlow -->
  <testcase name="TC01_ASE_BudgetoryFlow" time="0.799" classname="com.att.myprice.testcases.TC01_ASE_Budgetory">
    <skipped/>
  </testcase> <!-- TC01_ASE_BudgetoryFlow -->
  <testcase name="TC01_ASE_BudgetoryFlow" time="0.086" classname="com.att.myprice.testcases.TC01_ASE_Budgetory">
    <skipped/>
  </testcase> <!-- TC01_ASE_BudgetoryFlow -->
  <testcase name="TC01_ASE_BudgetoryFlow" time="0.014" classname="com.att.myprice.testcases.TC01_ASE_Budgetory">
    <skipped/>
  </testcase> <!-- TC01_ASE_BudgetoryFlow -->
  <testcase name="TC01_ASE_BudgetoryFlow" time="0.007" classname="com.att.myprice.testcases.TC01_ASE_Budgetory">
    <skipped/>
  </testcase> <!-- TC01_ASE_BudgetoryFlow -->
  <testcase name="TC01_ASE_BudgetoryFlow" time="0.005" classname="com.att.myprice.testcases.TC01_ASE_Budgetory">
    <skipped/>
  </testcase> <!-- TC01_ASE_BudgetoryFlow -->
  <testcase name="TC01_ASE_BudgetoryFlow" time="0.001" classname="com.att.myprice.testcases.TC01_ASE_Budgetory">
    <skipped/>
  </testcase> <!-- TC01_ASE_BudgetoryFlow -->
  <testcase name="TC01_ASE_BudgetoryFlow" time="0.017" classname="com.att.myprice.testcases.TC01_ASE_Budgetory">
    <skipped/>
  </testcase> <!-- TC01_ASE_BudgetoryFlow -->
  <testcase name="TC01_ASE_BudgetoryFlow" time="0.067" classname="com.att.myprice.testcases.TC01_ASE_Budgetory">
    <skipped/>
  </testcase> <!-- TC01_ASE_BudgetoryFlow -->
  <testcase name="TC01_ASE_BudgetoryFlow" time="0.004" classname="com.att.myprice.testcases.TC01_ASE_Budgetory">
    <skipped/>
  </testcase> <!-- TC01_ASE_BudgetoryFlow -->
  <testcase name="TC01_ASE_BudgetoryFlow" time="0.063" classname="com.att.myprice.testcases.TC01_ASE_Budgetory">
    <skipped/>
  </testcase> <!-- TC01_ASE_BudgetoryFlow -->
  <testcase name="TC01_ASE_BudgetoryFlow" time="0.005" classname="com.att.myprice.testcases.TC01_ASE_Budgetory">
    <skipped/>
  </testcase> <!-- TC01_ASE_BudgetoryFlow -->
  <testcase name="TC01_ASE_BudgetoryFlow" time="0.006" classname="com.att.myprice.testcases.TC01_ASE_Budgetory">
    <skipped/>
  </testcase> <!-- TC01_ASE_BudgetoryFlow -->
  <testcase name="TC01_ASE_BudgetoryFlow" time="0.004" classname="com.att.myprice.testcases.TC01_ASE_Budgetory">
    <skipped/>
  </testcase> <!-- TC01_ASE_BudgetoryFlow -->
  <testcase name="TC01_ASE_BudgetoryFlow" time="0.004" classname="com.att.myprice.testcases.TC01_ASE_Budgetory">
    <skipped/>
  </testcase> <!-- TC01_ASE_BudgetoryFlow -->
  <testcase name="TC01_ASE_BudgetoryFlow" time="0.009" classname="com.att.myprice.testcases.TC01_ASE_Budgetory">
    <skipped/>
  </testcase> <!-- TC01_ASE_BudgetoryFlow -->
  <testcase name="TC01_ASE_BudgetoryFlow" time="0.002" classname="com.att.myprice.testcases.TC01_ASE_Budgetory">
    <skipped/>
  </testcase> <!-- TC01_ASE_BudgetoryFlow -->
  <testcase name="TC01_ASE_BudgetoryFlow" time="0.004" classname="com.att.myprice.testcases.TC01_ASE_Budgetory">
    <skipped/>
  </testcase> <!-- TC01_ASE_BudgetoryFlow -->
  <testcase name="TC01_ASE_BudgetoryFlow" time="0.006" classname="com.att.myprice.testcases.TC01_ASE_Budgetory">
    <skipped/>
  </testcase> <!-- TC01_ASE_BudgetoryFlow -->
  <testcase name="TC01_ASE_BudgetoryFlow" time="0.012" classname="com.att.myprice.testcases.TC01_ASE_Budgetory">
    <skipped/>
  </testcase> <!-- TC01_ASE_BudgetoryFlow -->
  <testcase name="TC01_ASE_BudgetoryFlow" time="0.005" classname="com.att.myprice.testcases.TC01_ASE_Budgetory">
    <skipped/>
  </testcase> <!-- TC01_ASE_BudgetoryFlow -->
  <testcase name="TC01_ASE_BudgetoryFlow" time="0.005" classname="com.att.myprice.testcases.TC01_ASE_Budgetory">
    <skipped/>
  </testcase> <!-- TC01_ASE_BudgetoryFlow -->
  <testcase name="TC01_ASE_BudgetoryFlow" time="0.008" classname="com.att.myprice.testcases.TC01_ASE_Budgetory">
    <skipped/>
  </testcase> <!-- TC01_ASE_BudgetoryFlow -->
  <testcase name="TC01_ASE_BudgetoryFlow" time="0.002" classname="com.att.myprice.testcases.TC01_ASE_Budgetory">
    <skipped/>
  </testcase> <!-- TC01_ASE_BudgetoryFlow -->
  <testcase name="TC01_ASE_BudgetoryFlow" time="0.005" classname="com.att.myprice.testcases.TC01_ASE_Budgetory">
    <skipped/>
  </testcase> <!-- TC01_ASE_BudgetoryFlow -->
  <testcase name="TC01_ASE_BudgetoryFlow" time="0.005" classname="com.att.myprice.testcases.TC01_ASE_Budgetory">
    <skipped/>
  </testcase> <!-- TC01_ASE_BudgetoryFlow -->
  <testcase name="TC01_ASE_BudgetoryFlow" time="0.008" classname="com.att.myprice.testcases.TC01_ASE_Budgetory">
    <skipped/>
  </testcase> <!-- TC01_ASE_BudgetoryFlow -->
  <testcase name="TC01_ASE_BudgetoryFlow" time="0.093" classname="com.att.myprice.testcases.TC01_ASE_Budgetory">
    <skipped/>
  </testcase> <!-- TC01_ASE_BudgetoryFlow -->
  <testcase name="TC01_ASE_BudgetoryFlow" time="0.003" classname="com.att.myprice.testcases.TC01_ASE_Budgetory">
    <skipped/>
  </testcase> <!-- TC01_ASE_BudgetoryFlow -->
  <testcase name="TC01_ASE_BudgetoryFlow" time="0.012" classname="com.att.myprice.testcases.TC01_ASE_Budgetory">
    <skipped/>
  </testcase> <!-- TC01_ASE_BudgetoryFlow -->
  <testcase name="TC01_ASE_BudgetoryFlow" time="0.007" classname="com.att.myprice.testcases.TC01_ASE_Budgetory">
    <skipped/>
  </testcase> <!-- TC01_ASE_BudgetoryFlow -->
  <testcase name="TC01_ASE_BudgetoryFlow" time="0.015" classname="com.att.myprice.testcases.TC01_ASE_Budgetory">
    <skipped/>
  </testcase> <!-- TC01_ASE_BudgetoryFlow -->
  <testcase name="TC01_ASE_BudgetoryFlow" time="0.027" classname="com.att.myprice.testcases.TC01_ASE_Budgetory">
    <skipped/>
  </testcase> <!-- TC01_ASE_BudgetoryFlow -->
  <testcase name="TC01_ASE_BudgetoryFlow" time="0.022" classname="com.att.myprice.testcases.TC01_ASE_Budgetory">
    <skipped/>
  </testcase> <!-- TC01_ASE_BudgetoryFlow -->
  <testcase name="TC01_ASE_BudgetoryFlow" time="0.001" classname="com.att.myprice.testcases.TC01_ASE_Budgetory">
    <skipped/>
  </testcase> <!-- TC01_ASE_BudgetoryFlow -->
  <testcase name="TC01_ASE_BudgetoryFlow" time="0.051" classname="com.att.myprice.testcases.TC01_ASE_Budgetory">
    <skipped/>
  </testcase> <!-- TC01_ASE_BudgetoryFlow -->
  <testcase name="TC01_ASE_BudgetoryFlow" time="0.004" classname="com.att.myprice.testcases.TC01_ASE_Budgetory">
    <skipped/>
  </testcase> <!-- TC01_ASE_BudgetoryFlow -->
  <testcase name="TC01_ASE_BudgetoryFlow" time="0.004" classname="com.att.myprice.testcases.TC01_ASE_Budgetory">
    <skipped/>
  </testcase> <!-- TC01_ASE_BudgetoryFlow -->
  <testcase name="TC01_ASE_BudgetoryFlow" time="0.007" classname="com.att.myprice.testcases.TC01_ASE_Budgetory">
    <skipped/>
  </testcase> <!-- TC01_ASE_BudgetoryFlow -->
  <testcase name="TC01_ASE_BudgetoryFlow" time="0.200" classname="com.att.myprice.testcases.TC01_ASE_Budgetory">
    <skipped/>
  </testcase> <!-- TC01_ASE_BudgetoryFlow -->
  <testcase name="TC01_ASE_BudgetoryFlow" time="0.012" classname="com.att.myprice.testcases.TC01_ASE_Budgetory">
    <skipped/>
  </testcase> <!-- TC01_ASE_BudgetoryFlow -->
  <testcase name="TC01_ASE_BudgetoryFlow" time="0.009" classname="com.att.myprice.testcases.TC01_ASE_Budgetory">
    <skipped/>
  </testcase> <!-- TC01_ASE_BudgetoryFlow -->
  <testcase name="TC01_ASE_BudgetoryFlow" time="0.006" classname="com.att.myprice.testcases.TC01_ASE_Budgetory">
    <skipped/>
  </testcase> <!-- TC01_ASE_BudgetoryFlow -->
  <testcase name="TC01_ASE_BudgetoryFlow" time="0.004" classname="com.att.myprice.testcases.TC01_ASE_Budgetory">
    <skipped/>
  </testcase> <!-- TC01_ASE_BudgetoryFlow -->
  <testcase name="TC01_ASE_BudgetoryFlow" time="0.005" classname="com.att.myprice.testcases.TC01_ASE_Budgetory">
    <skipped/>
  </testcase> <!-- TC01_ASE_BudgetoryFlow -->
  <testcase name="TC01_ASE_BudgetoryFlow" time="0.135" classname="com.att.myprice.testcases.TC01_ASE_Budgetory">
    <skipped/>
  </testcase> <!-- TC01_ASE_BudgetoryFlow -->
  <testcase name="TC01_ASE_BudgetoryFlow" time="0.004" classname="com.att.myprice.testcases.TC01_ASE_Budgetory">
    <skipped/>
  </testcase> <!-- TC01_ASE_BudgetoryFlow -->
  <testcase name="TC01_ASE_BudgetoryFlow" time="0.012" classname="com.att.myprice.testcases.TC01_ASE_Budgetory">
    <skipped/>
  </testcase> <!-- TC01_ASE_BudgetoryFlow -->
  <testcase name="TC01_ASE_BudgetoryFlow" time="0.047" classname="com.att.myprice.testcases.TC01_ASE_Budgetory">
    <skipped/>
  </testcase> <!-- TC01_ASE_BudgetoryFlow -->
  <testcase name="TC01_ASE_BudgetoryFlow" time="0.008" classname="com.att.myprice.testcases.TC01_ASE_Budgetory">
    <skipped/>
  </testcase> <!-- TC01_ASE_BudgetoryFlow -->
  <testcase name="TC01_ASE_BudgetoryFlow" time="0.004" classname="com.att.myprice.testcases.TC01_ASE_Budgetory">
    <skipped/>
  </testcase> <!-- TC01_ASE_BudgetoryFlow -->
  <testcase name="TC01_ASE_BudgetoryFlow" time="0.004" classname="com.att.myprice.testcases.TC01_ASE_Budgetory">
    <skipped/>
  </testcase> <!-- TC01_ASE_BudgetoryFlow -->
  <testcase name="TC01_ASE_BudgetoryFlow" time="0.005" classname="com.att.myprice.testcases.TC01_ASE_Budgetory">
    <skipped/>
  </testcase> <!-- TC01_ASE_BudgetoryFlow -->
  <testcase name="TC01_ASE_BudgetoryFlow" time="0.008" classname="com.att.myprice.testcases.TC01_ASE_Budgetory">
    <skipped/>
  </testcase> <!-- TC01_ASE_BudgetoryFlow -->
  <testcase name="TC01_ASE_BudgetoryFlow" time="0.964" classname="com.att.myprice.testcases.TC01_ASE_Budgetory">
    <skipped/>
  </testcase> <!-- TC01_ASE_BudgetoryFlow -->
  <testcase name="TC01_ASE_BudgetoryFlow" time="0.004" classname="com.att.myprice.testcases.TC01_ASE_Budgetory">
    <skipped/>
  </testcase> <!-- TC01_ASE_BudgetoryFlow -->
  <testcase name="TC01_ASE_BudgetoryFlow" time="0.003" classname="com.att.myprice.testcases.TC01_ASE_Budgetory">
    <skipped/>
  </testcase> <!-- TC01_ASE_BudgetoryFlow -->
  <testcase name="TC01_ASE_BudgetoryFlow" time="0.000" classname="com.att.myprice.testcases.TC01_ASE_Budgetory">
    <skipped/>
  </testcase> <!-- TC01_ASE_BudgetoryFlow -->
  <testcase name="TC01_ASE_BudgetoryFlow" time="0.151" classname="com.att.myprice.testcases.TC01_ASE_Budgetory">
    <skipped/>
  </testcase> <!-- TC01_ASE_BudgetoryFlow -->
  <testcase name="TC01_ASE_BudgetoryFlow" time="0.799" classname="com.att.myprice.testcases.TC01_ASE_Budgetory">
    <skipped/>
  </testcase> <!-- TC01_ASE_BudgetoryFlow -->
  <testcase name="TC01_ASE_BudgetoryFlow" time="0.014" classname="com.att.myprice.testcases.TC01_ASE_Budgetory">
    <skipped/>
  </testcase> <!-- TC01_ASE_BudgetoryFlow -->
  <testcase name="TC01_ASE_BudgetoryFlow" time="0.005" classname="com.att.myprice.testcases.TC01_ASE_Budgetory">
    <skipped/>
  </testcase> <!-- TC01_ASE_BudgetoryFlow -->
  <testcase name="TC01_ASE_BudgetoryFlow" time="0.006" classname="com.att.myprice.testcases.TC01_ASE_Budgetory">
    <skipped/>
  </testcase> <!-- TC01_ASE_BudgetoryFlow -->
  <testcase name="TC01_ASE_BudgetoryFlow" time="0.054" classname="com.att.myprice.testcases.TC01_ASE_Budgetory">
    <skipped/>
  </testcase> <!-- TC01_ASE_BudgetoryFlow -->
  <testcase name="TC01_ASE_BudgetoryFlow" time="0.075" classname="com.att.myprice.testcases.TC01_ASE_Budgetory">
    <skipped/>
  </testcase> <!-- TC01_ASE_BudgetoryFlow -->
  <testcase name="TC01_ASE_BudgetoryFlow" time="0.019" classname="com.att.myprice.testcases.TC01_ASE_Budgetory">
    <skipped/>
  </testcase> <!-- TC01_ASE_BudgetoryFlow -->
  <testcase name="TC01_ASE_BudgetoryFlow" time="0.086" classname="com.att.myprice.testcases.TC01_ASE_Budgetory">
    <skipped/>
  </testcase> <!-- TC01_ASE_BudgetoryFlow -->
  <testcase name="TC01_ASE_BudgetoryFlow" time="0.005" classname="com.att.myprice.testcases.TC01_ASE_Budgetory">
    <skipped/>
  </testcase> <!-- TC01_ASE_BudgetoryFlow -->
  <testcase name="TC01_ASE_BudgetoryFlow" time="0.006" classname="com.att.myprice.testcases.TC01_ASE_Budgetory">
    <skipped/>
  </testcase> <!-- TC01_ASE_BudgetoryFlow -->
  <testcase name="TC01_ASE_BudgetoryFlow" time="0.270" classname="com.att.myprice.testcases.TC01_ASE_Budgetory">
    <skipped/>
  </testcase> <!-- TC01_ASE_BudgetoryFlow -->
  <testcase name="TC01_ASE_BudgetoryFlow" time="0.022" classname="com.att.myprice.testcases.TC01_ASE_Budgetory">
    <skipped/>
  </testcase> <!-- TC01_ASE_BudgetoryFlow -->
  <testcase name="TC01_ASE_BudgetoryFlow" time="0.071" classname="com.att.myprice.testcases.TC01_ASE_Budgetory">
    <skipped/>
  </testcase> <!-- TC01_ASE_BudgetoryFlow -->
  <testcase name="TC01_ASE_BudgetoryFlow" time="0.933" classname="com.att.myprice.testcases.TC01_ASE_Budgetory">
    <skipped/>
  </testcase> <!-- TC01_ASE_BudgetoryFlow -->
  <testcase name="TC01_ASE_BudgetoryFlow" time="0.006" classname="com.att.myprice.testcases.TC01_ASE_Budgetory">
    <skipped/>
  </testcase> <!-- TC01_ASE_BudgetoryFlow -->
  <testcase name="TC01_ASE_BudgetoryFlow" time="0.064" classname="com.att.myprice.testcases.TC01_ASE_Budgetory">
    <skipped/>
  </testcase> <!-- TC01_ASE_BudgetoryFlow -->
  <testcase name="TC01_ASE_BudgetoryFlow" time="0.084" classname="com.att.myprice.testcases.TC01_ASE_Budgetory">
    <skipped/>
  </testcase> <!-- TC01_ASE_BudgetoryFlow -->
  <testcase name="TC01_ASE_BudgetoryFlow" time="0.005" classname="com.att.myprice.testcases.TC01_ASE_Budgetory">
    <skipped/>
  </testcase> <!-- TC01_ASE_BudgetoryFlow -->
  <testcase name="TC01_ASE_BudgetoryFlow" time="0.020" classname="com.att.myprice.testcases.TC01_ASE_Budgetory">
    <skipped/>
  </testcase> <!-- TC01_ASE_BudgetoryFlow -->
  <testcase name="TC01_ASE_BudgetoryFlow" time="0.071" classname="com.att.myprice.testcases.TC01_ASE_Budgetory">
    <skipped/>
  </testcase> <!-- TC01_ASE_BudgetoryFlow -->
  <testcase name="TC01_ASE_BudgetoryFlow" time="0.605" classname="com.att.myprice.testcases.TC01_ASE_Budgetory">
    <skipped/>
  </testcase> <!-- TC01_ASE_BudgetoryFlow -->
  <testcase name="TC01_ASE_BudgetoryFlow" time="0.011" classname="com.att.myprice.testcases.TC01_ASE_Budgetory">
    <skipped/>
  </testcase> <!-- TC01_ASE_BudgetoryFlow -->
  <testcase name="TC01_ASE_BudgetoryFlow" time="0.159" classname="com.att.myprice.testcases.TC01_ASE_Budgetory">
    <skipped/>
  </testcase> <!-- TC01_ASE_BudgetoryFlow -->
  <testcase name="TC01_ASE_BudgetoryFlow" time="0.007" classname="com.att.myprice.testcases.TC01_ASE_Budgetory">
    <skipped/>
  </testcase> <!-- TC01_ASE_BudgetoryFlow -->
  <testcase name="TC01_ASE_BudgetoryFlow" time="0.005" classname="com.att.myprice.testcases.TC01_ASE_Budgetory">
    <skipped/>
  </testcase> <!-- TC01_ASE_BudgetoryFlow -->
  <testcase name="TC01_ASE_BudgetoryFlow" time="0.005" classname="com.att.myprice.testcases.TC01_ASE_Budgetory">
    <skipped/>
  </testcase> <!-- TC01_ASE_BudgetoryFlow -->
  <testcase name="TC01_ASE_BudgetoryFlow" time="0.007" classname="com.att.myprice.testcases.TC01_ASE_Budgetory">
    <skipped/>
  </testcase> <!-- TC01_ASE_BudgetoryFlow -->
  <testcase name="TC01_ASE_BudgetoryFlow" time="0.011" classname="com.att.myprice.testcases.TC01_ASE_Budgetory">
    <skipped/>
  </testcase> <!-- TC01_ASE_BudgetoryFlow -->
  <testcase name="TC01_ASE_BudgetoryFlow" time="0.330" classname="com.att.myprice.testcases.TC01_ASE_Budgetory">
    <skipped/>
  </testcase> <!-- TC01_ASE_BudgetoryFlow -->
  <testcase name="TC01_ASE_BudgetoryFlow" time="0.936" classname="com.att.myprice.testcases.TC01_ASE_Budgetory">
    <skipped/>
  </testcase> <!-- TC01_ASE_BudgetoryFlow -->
  <testcase name="TC01_ASE_BudgetoryFlow" time="0.007" classname="com.att.myprice.testcases.TC01_ASE_Budgetory">
    <skipped/>
  </testcase> <!-- TC01_ASE_BudgetoryFlow -->
  <testcase name="TC01_ASE_BudgetoryFlow" time="0.004" classname="com.att.myprice.testcases.TC01_ASE_Budgetory">
    <skipped/>
  </testcase> <!-- TC01_ASE_BudgetoryFlow -->
  <testcase name="TC01_ASE_BudgetoryFlow" time="0.018" classname="com.att.myprice.testcases.TC01_ASE_Budgetory">
    <skipped/>
  </testcase> <!-- TC01_ASE_BudgetoryFlow -->
  <testcase name="TC01_ASE_BudgetoryFlow" time="0.123" classname="com.att.myprice.testcases.TC01_ASE_Budgetory">
    <skipped/>
  </testcase> <!-- TC01_ASE_BudgetoryFlow -->
  <testcase name="TC01_ASE_BudgetoryFlow" time="0.013" classname="com.att.myprice.testcases.TC01_ASE_Budgetory">
    <skipped/>
  </testcase> <!-- TC01_ASE_BudgetoryFlow -->
  <testcase name="TC01_ASE_BudgetoryFlow" time="0.072" classname="com.att.myprice.testcases.TC01_ASE_Budgetory">
    <skipped/>
  </testcase> <!-- TC01_ASE_BudgetoryFlow -->
  <testcase name="TC01_ASE_BudgetoryFlow" time="0.012" classname="com.att.myprice.testcases.TC01_ASE_Budgetory">
    <skipped/>
  </testcase> <!-- TC01_ASE_BudgetoryFlow -->
  <testcase name="TC01_ASE_BudgetoryFlow" time="0.005" classname="com.att.myprice.testcases.TC01_ASE_Budgetory">
    <skipped/>
  </testcase> <!-- TC01_ASE_BudgetoryFlow -->
  <testcase name="TC01_ASE_BudgetoryFlow" time="0.002" classname="com.att.myprice.testcases.TC01_ASE_Budgetory">
    <skipped/>
  </testcase> <!-- TC01_ASE_BudgetoryFlow -->
  <testcase name="TC01_ASE_BudgetoryFlow" time="0.053" classname="com.att.myprice.testcases.TC01_ASE_Budgetory">
    <skipped/>
  </testcase> <!-- TC01_ASE_BudgetoryFlow -->
  <testcase name="TC01_ASE_BudgetoryFlow" time="0.007" classname="com.att.myprice.testcases.TC01_ASE_Budgetory">
    <skipped/>
  </testcase> <!-- TC01_ASE_BudgetoryFlow -->
  <testcase name="TC01_ASE_BudgetoryFlow" time="1.696" classname="com.att.myprice.testcases.TC01_ASE_Budgetory">
    <skipped/>
  </testcase> <!-- TC01_ASE_BudgetoryFlow -->
  <testcase name="TC01_ASE_BudgetoryFlow" time="0.003" classname="com.att.myprice.testcases.TC01_ASE_Budgetory">
    <skipped/>
  </testcase> <!-- TC01_ASE_BudgetoryFlow -->
  <testcase name="TC01_ASE_BudgetoryFlow" time="0.004" classname="com.att.myprice.testcases.TC01_ASE_Budgetory">
    <skipped/>
  </testcase> <!-- TC01_ASE_BudgetoryFlow -->
  <testcase name="TC01_ASE_BudgetoryFlow" time="0.003" classname="com.att.myprice.testcases.TC01_ASE_Budgetory">
    <skipped/>
  </testcase> <!-- TC01_ASE_BudgetoryFlow -->
  <testcase name="TC01_ASE_BudgetoryFlow" time="0.059" classname="com.att.myprice.testcases.TC01_ASE_Budgetory">
    <skipped/>
  </testcase> <!-- TC01_ASE_BudgetoryFlow -->
  <testcase name="TC01_ASE_BudgetoryFlow" time="0.237" classname="com.att.myprice.testcases.TC01_ASE_Budgetory">
    <skipped/>
  </testcase> <!-- TC01_ASE_BudgetoryFlow -->
  <testcase name="TC01_ASE_BudgetoryFlow" time="0.004" classname="com.att.myprice.testcases.TC01_ASE_Budgetory">
    <skipped/>
  </testcase> <!-- TC01_ASE_BudgetoryFlow -->
  <testcase name="TC01_ASE_BudgetoryFlow" time="0.072" classname="com.att.myprice.testcases.TC01_ASE_Budgetory">
    <skipped/>
  </testcase> <!-- TC01_ASE_BudgetoryFlow -->
  <testcase name="TC01_ASE_BudgetoryFlow" time="0.012" classname="com.att.myprice.testcases.TC01_ASE_Budgetory">
    <skipped/>
  </testcase> <!-- TC01_ASE_BudgetoryFlow -->
  <testcase name="TC01_ASE_BudgetoryFlow" time="0.253" classname="com.att.myprice.testcases.TC01_ASE_Budgetory">
    <skipped/>
  </testcase> <!-- TC01_ASE_BudgetoryFlow -->
  <testcase name="TC01_ASE_BudgetoryFlow" time="0.071" classname="com.att.myprice.testcases.TC01_ASE_Budgetory">
    <skipped/>
  </testcase> <!-- TC01_ASE_BudgetoryFlow -->
  <testcase name="TC01_ASE_BudgetoryFlow" time="0.001" classname="com.att.myprice.testcases.TC01_ASE_Budgetory">
    <skipped/>
  </testcase> <!-- TC01_ASE_BudgetoryFlow -->
  <testcase name="TC01_ASE_BudgetoryFlow" time="0.070" classname="com.att.myprice.testcases.TC01_ASE_Budgetory">
    <skipped/>
  </testcase> <!-- TC01_ASE_BudgetoryFlow -->
  <testcase name="TC01_ASE_BudgetoryFlow" time="0.004" classname="com.att.myprice.testcases.TC01_ASE_Budgetory">
    <skipped/>
  </testcase> <!-- TC01_ASE_BudgetoryFlow -->
  <testcase name="TC01_ASE_BudgetoryFlow" time="0.003" classname="com.att.myprice.testcases.TC01_ASE_Budgetory">
    <skipped/>
  </testcase> <!-- TC01_ASE_BudgetoryFlow -->
  <testcase name="TC01_ASE_BudgetoryFlow" time="0.005" classname="com.att.myprice.testcases.TC01_ASE_Budgetory">
    <skipped/>
  </testcase> <!-- TC01_ASE_BudgetoryFlow -->
  <testcase name="TC01_ASE_BudgetoryFlow" time="0.017" classname="com.att.myprice.testcases.TC01_ASE_Budgetory">
    <skipped/>
  </testcase> <!-- TC01_ASE_BudgetoryFlow -->
  <testcase name="TC01_ASE_BudgetoryFlow" time="0.008" classname="com.att.myprice.testcases.TC01_ASE_Budgetory">
    <skipped/>
  </testcase> <!-- TC01_ASE_BudgetoryFlow -->
  <testcase name="TC01_ASE_BudgetoryFlow" time="0.004" classname="com.att.myprice.testcases.TC01_ASE_Budgetory">
    <skipped/>
  </testcase> <!-- TC01_ASE_BudgetoryFlow -->
  <testcase name="TC01_ASE_BudgetoryFlow" time="0.153" classname="com.att.myprice.testcases.TC01_ASE_Budgetory">
    <skipped/>
  </testcase> <!-- TC01_ASE_BudgetoryFlow -->
  <testcase name="TC01_ASE_BudgetoryFlow" time="0.008" classname="com.att.myprice.testcases.TC01_ASE_Budgetory">
    <skipped/>
  </testcase> <!-- TC01_ASE_BudgetoryFlow -->
  <testcase name="TC01_ASE_BudgetoryFlow" time="0.011" classname="com.att.myprice.testcases.TC01_ASE_Budgetory">
    <skipped/>
  </testcase> <!-- TC01_ASE_BudgetoryFlow -->
  <testcase name="TC01_ASE_BudgetoryFlow" time="0.123" classname="com.att.myprice.testcases.TC01_ASE_Budgetory">
    <skipped/>
  </testcase> <!-- TC01_ASE_BudgetoryFlow -->
  <testcase name="TC01_ASE_BudgetoryFlow" time="0.004" classname="com.att.myprice.testcases.TC01_ASE_Budgetory">
    <skipped/>
  </testcase> <!-- TC01_ASE_BudgetoryFlow -->
  <testcase name="TC01_ASE_BudgetoryFlow" time="0.003" classname="com.att.myprice.testcases.TC01_ASE_Budgetory">
    <skipped/>
  </testcase> <!-- TC01_ASE_BudgetoryFlow -->
  <testcase name="TC01_ASE_BudgetoryFlow" time="0.012" classname="com.att.myprice.testcases.TC01_ASE_Budgetory">
    <skipped/>
  </testcase> <!-- TC01_ASE_BudgetoryFlow -->
  <testcase name="TC01_ASE_BudgetoryFlow" time="0.005" classname="com.att.myprice.testcases.TC01_ASE_Budgetory">
    <skipped/>
  </testcase> <!-- TC01_ASE_BudgetoryFlow -->
  <testcase name="TC01_ASE_BudgetoryFlow" time="0.004" classname="com.att.myprice.testcases.TC01_ASE_Budgetory">
    <skipped/>
  </testcase> <!-- TC01_ASE_BudgetoryFlow -->
  <testcase name="TC01_ASE_BudgetoryFlow" time="0.094" classname="com.att.myprice.testcases.TC01_ASE_Budgetory">
    <skipped/>
  </testcase> <!-- TC01_ASE_BudgetoryFlow -->
  <testcase name="TC01_ASE_BudgetoryFlow" time="0.055" classname="com.att.myprice.testcases.TC01_ASE_Budgetory">
    <skipped/>
  </testcase> <!-- TC01_ASE_BudgetoryFlow -->
  <testcase name="TC01_ASE_BudgetoryFlow" time="0.004" classname="com.att.myprice.testcases.TC01_ASE_Budgetory">
    <skipped/>
  </testcase> <!-- TC01_ASE_BudgetoryFlow -->
  <testcase name="TC01_ASE_BudgetoryFlow" time="0.008" classname="com.att.myprice.testcases.TC01_ASE_Budgetory">
    <skipped/>
  </testcase> <!-- TC01_ASE_BudgetoryFlow -->
  <testcase name="TC01_ASE_BudgetoryFlow" time="0.054" classname="com.att.myprice.testcases.TC01_ASE_Budgetory">
    <skipped/>
  </testcase> <!-- TC01_ASE_BudgetoryFlow -->
  <testcase name="TC01_ASE_BudgetoryFlow" time="0.004" classname="com.att.myprice.testcases.TC01_ASE_Budgetory">
    <skipped/>
  </testcase> <!-- TC01_ASE_BudgetoryFlow -->
  <testcase name="TC01_ASE_BudgetoryFlow" time="0.011" classname="com.att.myprice.testcases.TC01_ASE_Budgetory">
    <skipped/>
  </testcase> <!-- TC01_ASE_BudgetoryFlow -->
  <testcase name="TC01_ASE_BudgetoryFlow" time="0.003" classname="com.att.myprice.testcases.TC01_ASE_Budgetory">
    <skipped/>
  </testcase> <!-- TC01_ASE_BudgetoryFlow -->
  <testcase name="TC01_ASE_BudgetoryFlow" time="0.114" classname="com.att.myprice.testcases.TC01_ASE_Budgetory">
    <skipped/>
  </testcase> <!-- TC01_ASE_BudgetoryFlow -->
  <testcase name="TC01_ASE_BudgetoryFlow" time="0.005" classname="com.att.myprice.testcases.TC01_ASE_Budgetory">
    <skipped/>
  </testcase> <!-- TC01_ASE_BudgetoryFlow -->
  <testcase name="TC01_ASE_BudgetoryFlow" time="0.004" classname="com.att.myprice.testcases.TC01_ASE_Budgetory">
    <skipped/>
  </testcase> <!-- TC01_ASE_BudgetoryFlow -->
  <testcase name="TC01_ASE_BudgetoryFlow" time="0.008" classname="com.att.myprice.testcases.TC01_ASE_Budgetory">
    <skipped/>
  </testcase> <!-- TC01_ASE_BudgetoryFlow -->
  <testcase name="TC01_ASE_BudgetoryFlow" time="0.382" classname="com.att.myprice.testcases.TC01_ASE_Budgetory">
    <skipped/>
  </testcase> <!-- TC01_ASE_BudgetoryFlow -->
  <testcase name="TC01_ASE_BudgetoryFlow" time="0.024" classname="com.att.myprice.testcases.TC01_ASE_Budgetory">
    <skipped/>
  </testcase> <!-- TC01_ASE_BudgetoryFlow -->
  <testcase name="TC01_ASE_BudgetoryFlow" time="0.239" classname="com.att.myprice.testcases.TC01_ASE_Budgetory">
    <skipped/>
  </testcase> <!-- TC01_ASE_BudgetoryFlow -->
  <testcase name="TC01_ASE_BudgetoryFlow" time="0.085" classname="com.att.myprice.testcases.TC01_ASE_Budgetory">
    <skipped/>
  </testcase> <!-- TC01_ASE_BudgetoryFlow -->
  <testcase name="TC01_ASE_BudgetoryFlow" time="0.001" classname="com.att.myprice.testcases.TC01_ASE_Budgetory">
    <skipped/>
  </testcase> <!-- TC01_ASE_BudgetoryFlow -->
  <testcase name="TC01_ASE_BudgetoryFlow" time="0.011" classname="com.att.myprice.testcases.TC01_ASE_Budgetory">
    <skipped/>
  </testcase> <!-- TC01_ASE_BudgetoryFlow -->
  <testcase name="TC01_ASE_BudgetoryFlow" time="0.006" classname="com.att.myprice.testcases.TC01_ASE_Budgetory">
    <skipped/>
  </testcase> <!-- TC01_ASE_BudgetoryFlow -->
  <testcase name="TC01_ASE_BudgetoryFlow" time="0.008" classname="com.att.myprice.testcases.TC01_ASE_Budgetory">
    <skipped/>
  </testcase> <!-- TC01_ASE_BudgetoryFlow -->
  <testcase name="TC01_ASE_BudgetoryFlow" time="0.008" classname="com.att.myprice.testcases.TC01_ASE_Budgetory">
    <skipped/>
  </testcase> <!-- TC01_ASE_BudgetoryFlow -->
  <testcase name="TC01_ASE_BudgetoryFlow" time="0.004" classname="com.att.myprice.testcases.TC01_ASE_Budgetory">
    <skipped/>
  </testcase> <!-- TC01_ASE_BudgetoryFlow -->
  <testcase name="TC01_ASE_BudgetoryFlow" time="0.001" classname="com.att.myprice.testcases.TC01_ASE_Budgetory">
    <skipped/>
  </testcase> <!-- TC01_ASE_BudgetoryFlow -->
  <testcase name="TC01_ASE_BudgetoryFlow" time="0.003" classname="com.att.myprice.testcases.TC01_ASE_Budgetory">
    <skipped/>
  </testcase> <!-- TC01_ASE_BudgetoryFlow -->
  <testcase name="TC01_ASE_BudgetoryFlow" time="0.007" classname="com.att.myprice.testcases.TC01_ASE_Budgetory">
    <skipped/>
  </testcase> <!-- TC01_ASE_BudgetoryFlow -->
  <testcase name="TC01_ASE_BudgetoryFlow" time="0.139" classname="com.att.myprice.testcases.TC01_ASE_Budgetory">
    <skipped/>
  </testcase> <!-- TC01_ASE_BudgetoryFlow -->
  <testcase name="TC01_ASE_BudgetoryFlow" time="0.011" classname="com.att.myprice.testcases.TC01_ASE_Budgetory">
    <skipped/>
  </testcase> <!-- TC01_ASE_BudgetoryFlow -->
  <testcase name="TC01_ASE_BudgetoryFlow" time="0.005" classname="com.att.myprice.testcases.TC01_ASE_Budgetory">
    <skipped/>
  </testcase> <!-- TC01_ASE_BudgetoryFlow -->
  <testcase name="TC01_ASE_BudgetoryFlow" time="0.008" classname="com.att.myprice.testcases.TC01_ASE_Budgetory">
    <skipped/>
  </testcase> <!-- TC01_ASE_BudgetoryFlow -->
  <testcase name="TC01_ASE_BudgetoryFlow" time="0.018" classname="com.att.myprice.testcases.TC01_ASE_Budgetory">
    <skipped/>
  </testcase> <!-- TC01_ASE_BudgetoryFlow -->
  <testcase name="TC01_ASE_BudgetoryFlow" time="0.133" classname="com.att.myprice.testcases.TC01_ASE_Budgetory">
    <skipped/>
  </testcase> <!-- TC01_ASE_BudgetoryFlow -->
  <testcase name="TC01_ASE_BudgetoryFlow" time="0.014" classname="com.att.myprice.testcases.TC01_ASE_Budgetory">
    <skipped/>
  </testcase> <!-- TC01_ASE_BudgetoryFlow -->
  <testcase name="TC01_ASE_BudgetoryFlow" time="0.007" classname="com.att.myprice.testcases.TC01_ASE_Budgetory">
    <skipped/>
  </testcase> <!-- TC01_ASE_BudgetoryFlow -->
  <testcase name="TC01_ASE_BudgetoryFlow" time="0.005" classname="com.att.myprice.testcases.TC01_ASE_Budgetory">
    <skipped/>
  </testcase> <!-- TC01_ASE_BudgetoryFlow -->
  <testcase name="TC01_ASE_BudgetoryFlow" time="0.018" classname="com.att.myprice.testcases.TC01_ASE_Budgetory">
    <skipped/>
  </testcase> <!-- TC01_ASE_BudgetoryFlow -->
  <testcase name="TC01_ASE_BudgetoryFlow" time="0.008" classname="com.att.myprice.testcases.TC01_ASE_Budgetory">
    <skipped/>
  </testcase> <!-- TC01_ASE_BudgetoryFlow -->
  <testcase name="TC01_ASE_BudgetoryFlow" time="0.012" classname="com.att.myprice.testcases.TC01_ASE_Budgetory">
    <skipped/>
  </testcase> <!-- TC01_ASE_BudgetoryFlow -->
  <testcase name="TC01_ASE_BudgetoryFlow" time="0.005" classname="com.att.myprice.testcases.TC01_ASE_Budgetory">
    <skipped/>
  </testcase> <!-- TC01_ASE_BudgetoryFlow -->
  <testcase name="TC01_ASE_BudgetoryFlow" time="0.004" classname="com.att.myprice.testcases.TC01_ASE_Budgetory">
    <skipped/>
  </testcase> <!-- TC01_ASE_BudgetoryFlow -->
  <testcase name="TC01_ASE_BudgetoryFlow" time="0.072" classname="com.att.myprice.testcases.TC01_ASE_Budgetory">
    <skipped/>
  </testcase> <!-- TC01_ASE_BudgetoryFlow -->
  <testcase name="TC01_ASE_BudgetoryFlow" time="0.006" classname="com.att.myprice.testcases.TC01_ASE_Budgetory">
    <skipped/>
  </testcase> <!-- TC01_ASE_BudgetoryFlow -->
  <testcase name="TC01_ASE_BudgetoryFlow" time="0.007" classname="com.att.myprice.testcases.TC01_ASE_Budgetory">
    <skipped/>
  </testcase> <!-- TC01_ASE_BudgetoryFlow -->
  <testcase name="TC01_ASE_BudgetoryFlow" time="0.612" classname="com.att.myprice.testcases.TC01_ASE_Budgetory">
    <skipped/>
  </testcase> <!-- TC01_ASE_BudgetoryFlow -->
  <testcase name="TC01_ASE_BudgetoryFlow" time="0.079" classname="com.att.myprice.testcases.TC01_ASE_Budgetory">
    <skipped/>
  </testcase> <!-- TC01_ASE_BudgetoryFlow -->
  <testcase name="TC01_ASE_BudgetoryFlow" time="0.057" classname="com.att.myprice.testcases.TC01_ASE_Budgetory">
    <skipped/>
  </testcase> <!-- TC01_ASE_BudgetoryFlow -->
  <testcase name="TC01_ASE_BudgetoryFlow" time="0.005" classname="com.att.myprice.testcases.TC01_ASE_Budgetory">
    <skipped/>
  </testcase> <!-- TC01_ASE_BudgetoryFlow -->
  <testcase name="TC01_ASE_BudgetoryFlow" time="0.004" classname="com.att.myprice.testcases.TC01_ASE_Budgetory">
    <skipped/>
  </testcase> <!-- TC01_ASE_BudgetoryFlow -->
  <testcase name="TC01_ASE_BudgetoryFlow" time="0.123" classname="com.att.myprice.testcases.TC01_ASE_Budgetory">
    <skipped/>
  </testcase> <!-- TC01_ASE_BudgetoryFlow -->
  <testcase name="TC01_ASE_BudgetoryFlow" time="0.005" classname="com.att.myprice.testcases.TC01_ASE_Budgetory">
    <skipped/>
  </testcase> <!-- TC01_ASE_BudgetoryFlow -->
  <testcase name="TC01_ASE_BudgetoryFlow" time="0.075" classname="com.att.myprice.testcases.TC01_ASE_Budgetory">
    <skipped/>
  </testcase> <!-- TC01_ASE_BudgetoryFlow -->
  <testcase name="TC01_ASE_BudgetoryFlow" time="0.085" classname="com.att.myprice.testcases.TC01_ASE_Budgetory">
    <skipped/>
  </testcase> <!-- TC01_ASE_BudgetoryFlow -->
  <testcase name="TC01_ASE_BudgetoryFlow" time="0.090" classname="com.att.myprice.testcases.TC01_ASE_Budgetory">
    <skipped/>
  </testcase> <!-- TC01_ASE_BudgetoryFlow -->
  <testcase name="TC01_ASE_BudgetoryFlow" time="0.005" classname="com.att.myprice.testcases.TC01_ASE_Budgetory">
    <skipped/>
  </testcase> <!-- TC01_ASE_BudgetoryFlow -->
  <testcase name="TC01_ASE_BudgetoryFlow" time="0.116" classname="com.att.myprice.testcases.TC01_ASE_Budgetory">
    <skipped/>
  </testcase> <!-- TC01_ASE_BudgetoryFlow -->
  <testcase name="TC01_ASE_BudgetoryFlow" time="0.011" classname="com.att.myprice.testcases.TC01_ASE_Budgetory">
    <skipped/>
  </testcase> <!-- TC01_ASE_BudgetoryFlow -->
  <testcase name="TC01_ASE_BudgetoryFlow" time="0.007" classname="com.att.myprice.testcases.TC01_ASE_Budgetory">
    <skipped/>
  </testcase> <!-- TC01_ASE_BudgetoryFlow -->
  <testcase name="TC01_ASE_BudgetoryFlow" time="0.005" classname="com.att.myprice.testcases.TC01_ASE_Budgetory">
    <skipped/>
  </testcase> <!-- TC01_ASE_BudgetoryFlow -->
  <testcase name="TC01_ASE_BudgetoryFlow" time="0.019" classname="com.att.myprice.testcases.TC01_ASE_Budgetory">
    <skipped/>
  </testcase> <!-- TC01_ASE_BudgetoryFlow -->
  <testcase name="TC01_ASE_BudgetoryFlow" time="0.024" classname="com.att.myprice.testcases.TC01_ASE_Budgetory">
    <skipped/>
  </testcase> <!-- TC01_ASE_BudgetoryFlow -->
  <testcase name="TC01_ASE_BudgetoryFlow" time="0.004" classname="com.att.myprice.testcases.TC01_ASE_Budgetory">
    <skipped/>
  </testcase> <!-- TC01_ASE_BudgetoryFlow -->
  <testcase name="TC01_ASE_BudgetoryFlow" time="0.004" classname="com.att.myprice.testcases.TC01_ASE_Budgetory">
    <skipped/>
  </testcase> <!-- TC01_ASE_BudgetoryFlow -->
  <testcase name="TC01_ASE_BudgetoryFlow" time="0.006" classname="com.att.myprice.testcases.TC01_ASE_Budgetory">
    <skipped/>
  </testcase> <!-- TC01_ASE_BudgetoryFlow -->
  <testcase name="TC01_ASE_BudgetoryFlow" time="0.346" classname="com.att.myprice.testcases.TC01_ASE_Budgetory">
    <skipped/>
  </testcase> <!-- TC01_ASE_BudgetoryFlow -->
  <testcase name="TC01_ASE_BudgetoryFlow" time="0.071" classname="com.att.myprice.testcases.TC01_ASE_Budgetory">
    <skipped/>
  </testcase> <!-- TC01_ASE_BudgetoryFlow -->
  <testcase name="TC01_ASE_BudgetoryFlow" time="0.003" classname="com.att.myprice.testcases.TC01_ASE_Budgetory">
    <skipped/>
  </testcase> <!-- TC01_ASE_BudgetoryFlow -->
  <testcase name="TC01_ASE_BudgetoryFlow" time="0.002" classname="com.att.myprice.testcases.TC01_ASE_Budgetory">
    <skipped/>
  </testcase> <!-- TC01_ASE_BudgetoryFlow -->
  <testcase name="TC01_ASE_BudgetoryFlow" time="0.954" classname="com.att.myprice.testcases.TC01_ASE_Budgetory">
    <skipped/>
  </testcase> <!-- TC01_ASE_BudgetoryFlow -->
  <testcase name="TC01_ASE_BudgetoryFlow" time="0.004" classname="com.att.myprice.testcases.TC01_ASE_Budgetory">
    <skipped/>
  </testcase> <!-- TC01_ASE_BudgetoryFlow -->
  <testcase name="TC01_ASE_BudgetoryFlow" time="0.072" classname="com.att.myprice.testcases.TC01_ASE_Budgetory">
    <skipped/>
  </testcase> <!-- TC01_ASE_BudgetoryFlow -->
  <testcase name="TC01_ASE_BudgetoryFlow" time="1.695" classname="com.att.myprice.testcases.TC01_ASE_Budgetory">
    <skipped/>
  </testcase> <!-- TC01_ASE_BudgetoryFlow -->
  <testcase name="TC01_ASE_BudgetoryFlow" time="0.007" classname="com.att.myprice.testcases.TC01_ASE_Budgetory">
    <skipped/>
  </testcase> <!-- TC01_ASE_BudgetoryFlow -->
  <testcase name="TC01_ASE_BudgetoryFlow" time="0.044" classname="com.att.myprice.testcases.TC01_ASE_Budgetory">
    <skipped/>
  </testcase> <!-- TC01_ASE_BudgetoryFlow -->
  <testcase name="TC01_ASE_BudgetoryFlow" time="0.001" classname="com.att.myprice.testcases.TC01_ASE_Budgetory">
    <skipped/>
  </testcase> <!-- TC01_ASE_BudgetoryFlow -->
  <testcase name="TC01_ASE_BudgetoryFlow" time="0.005" classname="com.att.myprice.testcases.TC01_ASE_Budgetory">
    <skipped/>
  </testcase> <!-- TC01_ASE_BudgetoryFlow -->
  <testcase name="TC01_ASE_BudgetoryFlow" time="0.004" classname="com.att.myprice.testcases.TC01_ASE_Budgetory">
    <skipped/>
  </testcase> <!-- TC01_ASE_BudgetoryFlow -->
  <testcase name="TC01_ASE_BudgetoryFlow" time="0.005" classname="com.att.myprice.testcases.TC01_ASE_Budgetory">
    <skipped/>
  </testcase> <!-- TC01_ASE_BudgetoryFlow -->
  <testcase name="TC01_ASE_BudgetoryFlow" time="0.001" classname="com.att.myprice.testcases.TC01_ASE_Budgetory">
    <skipped/>
  </testcase> <!-- TC01_ASE_BudgetoryFlow -->
  <testcase name="TC01_ASE_BudgetoryFlow" time="0.022" classname="com.att.myprice.testcases.TC01_ASE_Budgetory">
    <skipped/>
  </testcase> <!-- TC01_ASE_BudgetoryFlow -->
  <testcase name="TC01_ASE_BudgetoryFlow" time="0.008" classname="com.att.myprice.testcases.TC01_ASE_Budgetory">
    <skipped/>
  </testcase> <!-- TC01_ASE_BudgetoryFlow -->
  <testcase name="TC01_ASE_BudgetoryFlow" time="0.006" classname="com.att.myprice.testcases.TC01_ASE_Budgetory">
    <skipped/>
  </testcase> <!-- TC01_ASE_BudgetoryFlow -->
  <testcase name="TC01_ASE_BudgetoryFlow" time="0.007" classname="com.att.myprice.testcases.TC01_ASE_Budgetory">
    <skipped/>
  </testcase> <!-- TC01_ASE_BudgetoryFlow -->
  <testcase name="TC01_ASE_BudgetoryFlow" time="0.101" classname="com.att.myprice.testcases.TC01_ASE_Budgetory">
    <skipped/>
  </testcase> <!-- TC01_ASE_BudgetoryFlow -->
  <testcase name="TC01_ASE_BudgetoryFlow" time="0.012" classname="com.att.myprice.testcases.TC01_ASE_Budgetory">
    <skipped/>
  </testcase> <!-- TC01_ASE_BudgetoryFlow -->
  <testcase name="TC01_ASE_BudgetoryFlow" time="0.004" classname="com.att.myprice.testcases.TC01_ASE_Budgetory">
    <skipped/>
  </testcase> <!-- TC01_ASE_BudgetoryFlow -->
  <testcase name="TC01_ASE_BudgetoryFlow" time="0.005" classname="com.att.myprice.testcases.TC01_ASE_Budgetory">
    <skipped/>
  </testcase> <!-- TC01_ASE_BudgetoryFlow -->
  <testcase name="TC01_ASE_BudgetoryFlow" time="0.013" classname="com.att.myprice.testcases.TC01_ASE_Budgetory">
    <skipped/>
  </testcase> <!-- TC01_ASE_BudgetoryFlow -->
  <testcase name="TC01_ASE_BudgetoryFlow" time="0.004" classname="com.att.myprice.testcases.TC01_ASE_Budgetory">
    <skipped/>
  </testcase> <!-- TC01_ASE_BudgetoryFlow -->
  <testcase name="TC01_ASE_BudgetoryFlow" time="0.007" classname="com.att.myprice.testcases.TC01_ASE_Budgetory">
    <skipped/>
  </testcase> <!-- TC01_ASE_BudgetoryFlow -->
  <testcase name="TC01_ASE_BudgetoryFlow" time="0.005" classname="com.att.myprice.testcases.TC01_ASE_Budgetory">
    <skipped/>
  </testcase> <!-- TC01_ASE_BudgetoryFlow -->
  <testcase name="TC01_ASE_BudgetoryFlow" time="0.041" classname="com.att.myprice.testcases.TC01_ASE_Budgetory">
    <skipped/>
  </testcase> <!-- TC01_ASE_BudgetoryFlow -->
  <testcase name="TC01_ASE_BudgetoryFlow" time="0.006" classname="com.att.myprice.testcases.TC01_ASE_Budgetory">
    <skipped/>
  </testcase> <!-- TC01_ASE_BudgetoryFlow -->
  <testcase name="TC01_ASE_BudgetoryFlow" time="0.006" classname="com.att.myprice.testcases.TC01_ASE_Budgetory">
    <skipped/>
  </testcase> <!-- TC01_ASE_BudgetoryFlow -->
  <testcase name="TC01_ASE_BudgetoryFlow" time="0.006" classname="com.att.myprice.testcases.TC01_ASE_Budgetory">
    <skipped/>
  </testcase> <!-- TC01_ASE_BudgetoryFlow -->
  <testcase name="TC01_ASE_BudgetoryFlow" time="0.017" classname="com.att.myprice.testcases.TC01_ASE_Budgetory">
    <skipped/>
  </testcase> <!-- TC01_ASE_BudgetoryFlow -->
  <testcase name="TC01_ASE_BudgetoryFlow" time="0.004" classname="com.att.myprice.testcases.TC01_ASE_Budgetory">
    <skipped/>
  </testcase> <!-- TC01_ASE_BudgetoryFlow -->
  <testcase name="TC01_ASE_BudgetoryFlow" time="0.059" classname="com.att.myprice.testcases.TC01_ASE_Budgetory">
    <skipped/>
  </testcase> <!-- TC01_ASE_BudgetoryFlow -->
  <testcase name="TC01_ASE_BudgetoryFlow" time="0.001" classname="com.att.myprice.testcases.TC01_ASE_Budgetory">
    <skipped/>
  </testcase> <!-- TC01_ASE_BudgetoryFlow -->
  <testcase name="TC01_ASE_BudgetoryFlow" time="0.004" classname="com.att.myprice.testcases.TC01_ASE_Budgetory">
    <skipped/>
  </testcase> <!-- TC01_ASE_BudgetoryFlow -->
  <testcase name="TC01_ASE_BudgetoryFlow" time="0.002" classname="com.att.myprice.testcases.TC01_ASE_Budgetory">
    <skipped/>
  </testcase> <!-- TC01_ASE_BudgetoryFlow -->
  <testcase name="TC01_ASE_BudgetoryFlow" time="0.020" classname="com.att.myprice.testcases.TC01_ASE_Budgetory">
    <skipped/>
  </testcase> <!-- TC01_ASE_BudgetoryFlow -->
  <testcase name="TC01_ASE_BudgetoryFlow" time="0.014" classname="com.att.myprice.testcases.TC01_ASE_Budgetory">
    <skipped/>
  </testcase> <!-- TC01_ASE_BudgetoryFlow -->
  <testcase name="TC01_ASE_BudgetoryFlow" time="0.071" classname="com.att.myprice.testcases.TC01_ASE_Budgetory">
    <skipped/>
  </testcase> <!-- TC01_ASE_BudgetoryFlow -->
  <testcase name="TC01_ASE_BudgetoryFlow" time="0.008" classname="com.att.myprice.testcases.TC01_ASE_Budgetory">
    <skipped/>
  </testcase> <!-- TC01_ASE_BudgetoryFlow -->
  <testcase name="TC01_ASE_BudgetoryFlow" time="0.018" classname="com.att.myprice.testcases.TC01_ASE_Budgetory">
    <skipped/>
  </testcase> <!-- TC01_ASE_BudgetoryFlow -->
  <testcase name="TC01_ASE_BudgetoryFlow" time="0.003" classname="com.att.myprice.testcases.TC01_ASE_Budgetory">
    <skipped/>
  </testcase> <!-- TC01_ASE_BudgetoryFlow -->
  <testcase name="TC01_ASE_BudgetoryFlow" time="0.005" classname="com.att.myprice.testcases.TC01_ASE_Budgetory">
    <skipped/>
  </testcase> <!-- TC01_ASE_BudgetoryFlow -->
  <testcase name="TC01_ASE_BudgetoryFlow" time="0.013" classname="com.att.myprice.testcases.TC01_ASE_Budgetory">
    <skipped/>
  </testcase> <!-- TC01_ASE_BudgetoryFlow -->
  <testcase name="TC01_ASE_BudgetoryFlow" time="0.047" classname="com.att.myprice.testcases.TC01_ASE_Budgetory">
    <skipped/>
  </testcase> <!-- TC01_ASE_BudgetoryFlow -->
  <testcase name="TC01_ASE_BudgetoryFlow" time="0.004" classname="com.att.myprice.testcases.TC01_ASE_Budgetory">
    <skipped/>
  </testcase> <!-- TC01_ASE_BudgetoryFlow -->
  <testcase name="TC01_ASE_BudgetoryFlow" time="0.001" classname="com.att.myprice.testcases.TC01_ASE_Budgetory">
    <skipped/>
  </testcase> <!-- TC01_ASE_BudgetoryFlow -->
  <testcase name="TC01_ASE_BudgetoryFlow" time="0.005" classname="com.att.myprice.testcases.TC01_ASE_Budgetory">
    <skipped/>
  </testcase> <!-- TC01_ASE_BudgetoryFlow -->
  <testcase name="TC01_ASE_BudgetoryFlow" time="0.008" classname="com.att.myprice.testcases.TC01_ASE_Budgetory">
    <skipped/>
  </testcase> <!-- TC01_ASE_BudgetoryFlow -->
  <testcase name="TC01_ASE_BudgetoryFlow" time="0.007" classname="com.att.myprice.testcases.TC01_ASE_Budgetory">
    <skipped/>
  </testcase> <!-- TC01_ASE_BudgetoryFlow -->
  <testcase name="TC01_ASE_BudgetoryFlow" time="0.051" classname="com.att.myprice.testcases.TC01_ASE_Budgetory">
    <skipped/>
  </testcase> <!-- TC01_ASE_BudgetoryFlow -->
  <testcase name="TC01_ASE_BudgetoryFlow" time="0.041" classname="com.att.myprice.testcases.TC01_ASE_Budgetory">
    <skipped/>
  </testcase> <!-- TC01_ASE_BudgetoryFlow -->
  <testcase name="TC01_ASE_BudgetoryFlow" time="0.005" classname="com.att.myprice.testcases.TC01_ASE_Budgetory">
    <skipped/>
  </testcase> <!-- TC01_ASE_BudgetoryFlow -->
  <testcase name="TC01_ASE_BudgetoryFlow" time="0.012" classname="com.att.myprice.testcases.TC01_ASE_Budgetory">
    <skipped/>
  </testcase> <!-- TC01_ASE_BudgetoryFlow -->
  <testcase name="TC01_ASE_BudgetoryFlow" time="0.949" classname="com.att.myprice.testcases.TC01_ASE_Budgetory">
    <skipped/>
  </testcase> <!-- TC01_ASE_BudgetoryFlow -->
  <testcase name="TC01_ASE_BudgetoryFlow" time="0.079" classname="com.att.myprice.testcases.TC01_ASE_Budgetory">
    <skipped/>
  </testcase> <!-- TC01_ASE_BudgetoryFlow -->
  <testcase name="TC01_ASE_BudgetoryFlow" time="0.619" classname="com.att.myprice.testcases.TC01_ASE_Budgetory">
    <skipped/>
  </testcase> <!-- TC01_ASE_BudgetoryFlow -->
  <testcase name="TC01_ASE_BudgetoryFlow" time="0.002" classname="com.att.myprice.testcases.TC01_ASE_Budgetory">
    <skipped/>
  </testcase> <!-- TC01_ASE_BudgetoryFlow -->
  <testcase name="TC01_ASE_BudgetoryFlow" time="0.069" classname="com.att.myprice.testcases.TC01_ASE_Budgetory">
    <skipped/>
  </testcase> <!-- TC01_ASE_BudgetoryFlow -->
  <testcase name="TC01_ASE_BudgetoryFlow" time="0.593" classname="com.att.myprice.testcases.TC01_ASE_Budgetory">
    <skipped/>
  </testcase> <!-- TC01_ASE_BudgetoryFlow -->
  <testcase name="TC01_ASE_BudgetoryFlow" time="0.005" classname="com.att.myprice.testcases.TC01_ASE_Budgetory">
    <skipped/>
  </testcase> <!-- TC01_ASE_BudgetoryFlow -->
  <testcase name="TC01_ASE_BudgetoryFlow" time="0.015" classname="com.att.myprice.testcases.TC01_ASE_Budgetory">
    <skipped/>
  </testcase> <!-- TC01_ASE_BudgetoryFlow -->
  <testcase name="TC01_ASE_BudgetoryFlow" time="0.000" classname="com.att.myprice.testcases.TC01_ASE_Budgetory">
    <skipped/>
  </testcase> <!-- TC01_ASE_BudgetoryFlow -->
</testsuite> <!-- com.att.myprice.testcases.TC01_ASE_Budgetory -->
