<?xml version="1.0" encoding="UTF-8"?>
<!-- Generated by org.testng.reporters.JUnitReportReporter -->
<testsuite skipped="25" hostname="sramamo1" name="com.att.lemonade.testcases.TC07_My_Contacts" tests="25" failures="0" timestamp="2021-05-26T18:33:09 IST" time="4.589" errors="0">
  <testcase name="TC07_My_Contacts_Flow" time="0.064" classname="com.att.lemonade.testcases.TC07_My_Contacts">
    <skipped/>
  </testcase> <!-- TC07_My_Contacts_Flow -->
  <system-out/>
  <testcase name="TC07_My_Contacts_Flow" time="0.131" classname="com.att.lemonade.testcases.TC07_My_Contacts">
    <skipped/>
  </testcase> <!-- TC07_My_Contacts_Flow -->
  <system-out/>
  <testcase name="TC07_My_Contacts_Flow" time="0.194" classname="com.att.lemonade.testcases.TC07_My_Contacts">
    <skipped/>
  </testcase> <!-- TC07_My_Contacts_Flow -->
  <system-out/>
  <testcase name="TC07_My_Contacts_Flow" time="0.059" classname="com.att.lemonade.testcases.TC07_My_Contacts">
    <skipped/>
  </testcase> <!-- TC07_My_Contacts_Flow -->
  <system-out/>
  <testcase name="TC07_My_Contacts_Flow" time="0.229" classname="com.att.lemonade.testcases.TC07_My_Contacts">
    <skipped/>
  </testcase> <!-- TC07_My_Contacts_Flow -->
  <system-out/>
  <testcase name="TC07_My_Contacts_Flow" time="0.116" classname="com.att.lemonade.testcases.TC07_My_Contacts">
    <skipped/>
  </testcase> <!-- TC07_My_Contacts_Flow -->
  <system-out/>
  <testcase name="TC07_My_Contacts_Flow" time="0.192" classname="com.att.lemonade.testcases.TC07_My_Contacts">
    <skipped/>
  </testcase> <!-- TC07_My_Contacts_Flow -->
  <system-out/>
  <testcase name="TC07_My_Contacts_Flow" time="0.349" classname="com.att.lemonade.testcases.TC07_My_Contacts">
    <skipped/>
  </testcase> <!-- TC07_My_Contacts_Flow -->
  <system-out/>
  <testcase name="TC07_My_Contacts_Flow" time="0.047" classname="com.att.lemonade.testcases.TC07_My_Contacts">
    <skipped/>
  </testcase> <!-- TC07_My_Contacts_Flow -->
  <system-out/>
  <testcase name="TC07_My_Contacts_Flow" time="0.086" classname="com.att.lemonade.testcases.TC07_My_Contacts">
    <skipped/>
  </testcase> <!-- TC07_My_Contacts_Flow -->
  <system-out/>
  <testcase name="TC07_My_Contacts_Flow" time="0.074" classname="com.att.lemonade.testcases.TC07_My_Contacts">
    <skipped/>
  </testcase> <!-- TC07_My_Contacts_Flow -->
  <system-out/>
  <testcase name="TC07_My_Contacts_Flow" time="1.290" classname="com.att.lemonade.testcases.TC07_My_Contacts">
    <skipped/>
  </testcase> <!-- TC07_My_Contacts_Flow -->
  <system-out/>
  <testcase name="TC07_My_Contacts_Flow" time="0.103" classname="com.att.lemonade.testcases.TC07_My_Contacts">
    <skipped/>
  </testcase> <!-- TC07_My_Contacts_Flow -->
  <system-out/>
  <testcase name="TC07_My_Contacts_Flow" time="0.120" classname="com.att.lemonade.testcases.TC07_My_Contacts">
    <skipped/>
  </testcase> <!-- TC07_My_Contacts_Flow -->
  <system-out/>
  <testcase name="TC07_My_Contacts_Flow" time="0.069" classname="com.att.lemonade.testcases.TC07_My_Contacts">
    <skipped/>
  </testcase> <!-- TC07_My_Contacts_Flow -->
  <system-out/>
  <testcase name="TC07_My_Contacts_Flow" time="0.055" classname="com.att.lemonade.testcases.TC07_My_Contacts">
    <skipped/>
  </testcase> <!-- TC07_My_Contacts_Flow -->
  <system-out/>
  <testcase name="TC07_My_Contacts_Flow" time="0.319" classname="com.att.lemonade.testcases.TC07_My_Contacts">
    <skipped/>
  </testcase> <!-- TC07_My_Contacts_Flow -->
  <system-out/>
  <testcase name="TC07_My_Contacts_Flow" time="0.004" classname="com.att.lemonade.testcases.TC07_My_Contacts">
    <skipped/>
  </testcase> <!-- TC07_My_Contacts_Flow -->
  <system-out/>
  <testcase name="TC07_My_Contacts_Flow" time="0.024" classname="com.att.lemonade.testcases.TC07_My_Contacts">
    <skipped/>
  </testcase> <!-- TC07_My_Contacts_Flow -->
  <system-out/>
  <testcase name="TC07_My_Contacts_Flow" time="0.178" classname="com.att.lemonade.testcases.TC07_My_Contacts">
    <skipped/>
  </testcase> <!-- TC07_My_Contacts_Flow -->
  <system-out/>
  <testcase name="TC07_My_Contacts_Flow" time="0.237" classname="com.att.lemonade.testcases.TC07_My_Contacts">
    <skipped/>
  </testcase> <!-- TC07_My_Contacts_Flow -->
  <system-out/>
  <testcase name="TC07_My_Contacts_Flow" time="0.240" classname="com.att.lemonade.testcases.TC07_My_Contacts">
    <skipped/>
  </testcase> <!-- TC07_My_Contacts_Flow -->
  <system-out/>
  <testcase name="TC07_My_Contacts_Flow" time="0.163" classname="com.att.lemonade.testcases.TC07_My_Contacts">
    <skipped/>
  </testcase> <!-- TC07_My_Contacts_Flow -->
  <system-out/>
  <testcase name="TC07_My_Contacts_Flow" time="0.192" classname="com.att.lemonade.testcases.TC07_My_Contacts">
    <skipped/>
  </testcase> <!-- TC07_My_Contacts_Flow -->
  <system-out/>
  <testcase name="TC07_My_Contacts_Flow" time="0.054" classname="com.att.lemonade.testcases.TC07_My_Contacts">
    <skipped/>
  </testcase> <!-- TC07_My_Contacts_Flow -->
  <system-out/>
</testsuite> <!-- com.att.lemonade.testcases.TC07_My_Contacts -->
