<?xml version="1.0" encoding="UTF-8"?>
<!-- Generated by org.testng.reporters.JUnitReportReporter -->
<testsuite skipped="42" hostname="sramamo1" name="com.att.lemonade.testcases.TC02_My_Accounts" tests="42" failures="0" timestamp="2021-05-26T18:33:09 IST" time="6.044" errors="0">
  <testcase name="TC02_My_Accounts_Flow" time="0.144" classname="com.att.lemonade.testcases.TC02_My_Accounts">
    <skipped/>
  </testcase> <!-- TC02_My_Accounts_Flow -->
  <system-out/>
  <testcase name="TC02_My_Accounts_Flow" time="0.323" classname="com.att.lemonade.testcases.TC02_My_Accounts">
    <skipped/>
  </testcase> <!-- TC02_My_Accounts_Flow -->
  <system-out/>
  <testcase name="TC02_My_Accounts_Flow" time="0.135" classname="com.att.lemonade.testcases.TC02_My_Accounts">
    <skipped/>
  </testcase> <!-- TC02_My_Accounts_Flow -->
  <system-out/>
  <testcase name="TC02_My_Accounts_Flow" time="0.064" classname="com.att.lemonade.testcases.TC02_My_Accounts">
    <skipped/>
  </testcase> <!-- TC02_My_Accounts_Flow -->
  <system-out/>
  <testcase name="TC02_My_Accounts_Flow" time="1.283" classname="com.att.lemonade.testcases.TC02_My_Accounts">
    <skipped/>
  </testcase> <!-- TC02_My_Accounts_Flow -->
  <system-out/>
  <testcase name="TC02_My_Accounts_Flow" time="0.168" classname="com.att.lemonade.testcases.TC02_My_Accounts">
    <skipped/>
  </testcase> <!-- TC02_My_Accounts_Flow -->
  <system-out/>
  <testcase name="TC02_My_Accounts_Flow" time="0.049" classname="com.att.lemonade.testcases.TC02_My_Accounts">
    <skipped/>
  </testcase> <!-- TC02_My_Accounts_Flow -->
  <system-out/>
  <testcase name="TC02_My_Accounts_Flow" time="0.214" classname="com.att.lemonade.testcases.TC02_My_Accounts">
    <skipped/>
  </testcase> <!-- TC02_My_Accounts_Flow -->
  <system-out/>
  <testcase name="TC02_My_Accounts_Flow" time="0.065" classname="com.att.lemonade.testcases.TC02_My_Accounts">
    <skipped/>
  </testcase> <!-- TC02_My_Accounts_Flow -->
  <system-out/>
  <testcase name="TC02_My_Accounts_Flow" time="0.117" classname="com.att.lemonade.testcases.TC02_My_Accounts">
    <skipped/>
  </testcase> <!-- TC02_My_Accounts_Flow -->
  <system-out/>
  <testcase name="TC02_My_Accounts_Flow" time="0.001" classname="com.att.lemonade.testcases.TC02_My_Accounts">
    <skipped/>
  </testcase> <!-- TC02_My_Accounts_Flow -->
  <system-out/>
  <testcase name="TC02_My_Accounts_Flow" time="0.154" classname="com.att.lemonade.testcases.TC02_My_Accounts">
    <skipped/>
  </testcase> <!-- TC02_My_Accounts_Flow -->
  <system-out/>
  <testcase name="TC02_My_Accounts_Flow" time="0.065" classname="com.att.lemonade.testcases.TC02_My_Accounts">
    <skipped/>
  </testcase> <!-- TC02_My_Accounts_Flow -->
  <system-out/>
  <testcase name="TC02_My_Accounts_Flow" time="0.039" classname="com.att.lemonade.testcases.TC02_My_Accounts">
    <skipped/>
  </testcase> <!-- TC02_My_Accounts_Flow -->
  <system-out/>
  <testcase name="TC02_My_Accounts_Flow" time="0.247" classname="com.att.lemonade.testcases.TC02_My_Accounts">
    <skipped/>
  </testcase> <!-- TC02_My_Accounts_Flow -->
  <system-out/>
  <testcase name="TC02_My_Accounts_Flow" time="0.117" classname="com.att.lemonade.testcases.TC02_My_Accounts">
    <skipped/>
  </testcase> <!-- TC02_My_Accounts_Flow -->
  <system-out/>
  <testcase name="TC02_My_Accounts_Flow" time="0.118" classname="com.att.lemonade.testcases.TC02_My_Accounts">
    <skipped/>
  </testcase> <!-- TC02_My_Accounts_Flow -->
  <system-out/>
  <testcase name="TC02_My_Accounts_Flow" time="0.001" classname="com.att.lemonade.testcases.TC02_My_Accounts">
    <skipped/>
  </testcase> <!-- TC02_My_Accounts_Flow -->
  <system-out/>
  <testcase name="TC02_My_Accounts_Flow" time="0.090" classname="com.att.lemonade.testcases.TC02_My_Accounts">
    <skipped/>
  </testcase> <!-- TC02_My_Accounts_Flow -->
  <system-out/>
  <testcase name="TC02_My_Accounts_Flow" time="0.093" classname="com.att.lemonade.testcases.TC02_My_Accounts">
    <skipped/>
  </testcase> <!-- TC02_My_Accounts_Flow -->
  <system-out/>
  <testcase name="TC02_My_Accounts_Flow" time="0.103" classname="com.att.lemonade.testcases.TC02_My_Accounts">
    <skipped/>
  </testcase> <!-- TC02_My_Accounts_Flow -->
  <system-out/>
  <testcase name="TC02_My_Accounts_Flow" time="0.146" classname="com.att.lemonade.testcases.TC02_My_Accounts">
    <skipped/>
  </testcase> <!-- TC02_My_Accounts_Flow -->
  <system-out/>
  <testcase name="TC02_My_Accounts_Flow" time="0.061" classname="com.att.lemonade.testcases.TC02_My_Accounts">
    <skipped/>
  </testcase> <!-- TC02_My_Accounts_Flow -->
  <system-out/>
  <testcase name="TC02_My_Accounts_Flow" time="0.001" classname="com.att.lemonade.testcases.TC02_My_Accounts">
    <skipped/>
  </testcase> <!-- TC02_My_Accounts_Flow -->
  <system-out/>
  <testcase name="TC02_My_Accounts_Flow" time="0.307" classname="com.att.lemonade.testcases.TC02_My_Accounts">
    <skipped/>
  </testcase> <!-- TC02_My_Accounts_Flow -->
  <system-out/>
  <testcase name="TC02_My_Accounts_Flow" time="0.139" classname="com.att.lemonade.testcases.TC02_My_Accounts">
    <skipped/>
  </testcase> <!-- TC02_My_Accounts_Flow -->
  <system-out/>
  <testcase name="TC02_My_Accounts_Flow" time="0.124" classname="com.att.lemonade.testcases.TC02_My_Accounts">
    <skipped/>
  </testcase> <!-- TC02_My_Accounts_Flow -->
  <system-out/>
  <testcase name="TC02_My_Accounts_Flow" time="0.052" classname="com.att.lemonade.testcases.TC02_My_Accounts">
    <skipped/>
  </testcase> <!-- TC02_My_Accounts_Flow -->
  <system-out/>
  <testcase name="TC02_My_Accounts_Flow" time="0.001" classname="com.att.lemonade.testcases.TC02_My_Accounts">
    <skipped/>
  </testcase> <!-- TC02_My_Accounts_Flow -->
  <system-out/>
  <testcase name="TC02_My_Accounts_Flow" time="0.001" classname="com.att.lemonade.testcases.TC02_My_Accounts">
    <skipped/>
  </testcase> <!-- TC02_My_Accounts_Flow -->
  <system-out/>
  <testcase name="TC02_My_Accounts_Flow" time="0.049" classname="com.att.lemonade.testcases.TC02_My_Accounts">
    <skipped/>
  </testcase> <!-- TC02_My_Accounts_Flow -->
  <system-out/>
  <testcase name="TC02_My_Accounts_Flow" time="0.058" classname="com.att.lemonade.testcases.TC02_My_Accounts">
    <skipped/>
  </testcase> <!-- TC02_My_Accounts_Flow -->
  <system-out/>
  <testcase name="TC02_My_Accounts_Flow" time="0.079" classname="com.att.lemonade.testcases.TC02_My_Accounts">
    <skipped/>
  </testcase> <!-- TC02_My_Accounts_Flow -->
  <system-out/>
  <testcase name="TC02_My_Accounts_Flow" time="0.152" classname="com.att.lemonade.testcases.TC02_My_Accounts">
    <skipped/>
  </testcase> <!-- TC02_My_Accounts_Flow -->
  <system-out/>
  <testcase name="TC02_My_Accounts_Flow" time="0.075" classname="com.att.lemonade.testcases.TC02_My_Accounts">
    <skipped/>
  </testcase> <!-- TC02_My_Accounts_Flow -->
  <system-out/>
  <testcase name="TC02_My_Accounts_Flow" time="0.232" classname="com.att.lemonade.testcases.TC02_My_Accounts">
    <skipped/>
  </testcase> <!-- TC02_My_Accounts_Flow -->
  <system-out/>
  <testcase name="TC02_My_Accounts_Flow" time="0.045" classname="com.att.lemonade.testcases.TC02_My_Accounts">
    <skipped/>
  </testcase> <!-- TC02_My_Accounts_Flow -->
  <system-out/>
  <testcase name="TC02_My_Accounts_Flow" time="0.452" classname="com.att.lemonade.testcases.TC02_My_Accounts">
    <skipped/>
  </testcase> <!-- TC02_My_Accounts_Flow -->
  <system-out/>
  <testcase name="TC02_My_Accounts_Flow" time="0.235" classname="com.att.lemonade.testcases.TC02_My_Accounts">
    <skipped/>
  </testcase> <!-- TC02_My_Accounts_Flow -->
  <system-out/>
  <testcase name="TC02_My_Accounts_Flow" time="0.001" classname="com.att.lemonade.testcases.TC02_My_Accounts">
    <skipped/>
  </testcase> <!-- TC02_My_Accounts_Flow -->
  <system-out/>
  <testcase name="TC02_My_Accounts_Flow" time="0.120" classname="com.att.lemonade.testcases.TC02_My_Accounts">
    <skipped/>
  </testcase> <!-- TC02_My_Accounts_Flow -->
  <system-out/>
  <testcase name="TC02_My_Accounts_Flow" time="0.124" classname="com.att.lemonade.testcases.TC02_My_Accounts">
    <skipped/>
  </testcase> <!-- TC02_My_Accounts_Flow -->
  <system-out/>
</testsuite> <!-- com.att.lemonade.testcases.TC02_My_Accounts -->
