<?xml version="1.0" encoding="UTF-8"?>
<!-- Generated by org.testng.reporters.JUnitReportReporter -->
<testsuite skipped="21" hostname="sramamo1" name="com.att.lemonade.testcases.TC01_Accounts_Admin" tests="21" failures="0" timestamp="2021-05-26T18:33:09 IST" time="4.123" errors="0">
  <testcase name="TC01_Accounts_Admin_Flow" time="0.126" classname="com.att.lemonade.testcases.TC01_Accounts_Admin">
    <skipped/>
  </testcase> <!-- TC01_Accounts_Admin_Flow -->
  <system-out/>
  <testcase name="TC01_Accounts_Admin_Flow" time="0.102" classname="com.att.lemonade.testcases.TC01_Accounts_Admin">
    <skipped/>
  </testcase> <!-- TC01_Accounts_Admin_Flow -->
  <system-out/>
  <testcase name="TC01_Accounts_Admin_Flow" time="0.001" classname="com.att.lemonade.testcases.TC01_Accounts_Admin">
    <skipped/>
  </testcase> <!-- TC01_Accounts_Admin_Flow -->
  <system-out/>
  <testcase name="TC01_Accounts_Admin_Flow" time="0.089" classname="com.att.lemonade.testcases.TC01_Accounts_Admin">
    <skipped/>
  </testcase> <!-- TC01_Accounts_Admin_Flow -->
  <system-out/>
  <testcase name="TC01_Accounts_Admin_Flow" time="0.001" classname="com.att.lemonade.testcases.TC01_Accounts_Admin">
    <skipped/>
  </testcase> <!-- TC01_Accounts_Admin_Flow -->
  <system-out/>
  <testcase name="TC01_Accounts_Admin_Flow" time="0.057" classname="com.att.lemonade.testcases.TC01_Accounts_Admin">
    <skipped/>
  </testcase> <!-- TC01_Accounts_Admin_Flow -->
  <system-out/>
  <testcase name="TC01_Accounts_Admin_Flow" time="1.287" classname="com.att.lemonade.testcases.TC01_Accounts_Admin">
    <skipped/>
  </testcase> <!-- TC01_Accounts_Admin_Flow -->
  <system-out/>
  <testcase name="TC01_Accounts_Admin_Flow" time="0.122" classname="com.att.lemonade.testcases.TC01_Accounts_Admin">
    <skipped/>
  </testcase> <!-- TC01_Accounts_Admin_Flow -->
  <system-out/>
  <testcase name="TC01_Accounts_Admin_Flow" time="0.247" classname="com.att.lemonade.testcases.TC01_Accounts_Admin">
    <skipped/>
  </testcase> <!-- TC01_Accounts_Admin_Flow -->
  <system-out/>
  <testcase name="TC01_Accounts_Admin_Flow" time="0.104" classname="com.att.lemonade.testcases.TC01_Accounts_Admin">
    <skipped/>
  </testcase> <!-- TC01_Accounts_Admin_Flow -->
  <system-out/>
  <testcase name="TC01_Accounts_Admin_Flow" time="0.088" classname="com.att.lemonade.testcases.TC01_Accounts_Admin">
    <skipped/>
  </testcase> <!-- TC01_Accounts_Admin_Flow -->
  <system-out/>
  <testcase name="TC01_Accounts_Admin_Flow" time="0.183" classname="com.att.lemonade.testcases.TC01_Accounts_Admin">
    <skipped/>
  </testcase> <!-- TC01_Accounts_Admin_Flow -->
  <system-out/>
  <testcase name="TC01_Accounts_Admin_Flow" time="0.235" classname="com.att.lemonade.testcases.TC01_Accounts_Admin">
    <skipped/>
  </testcase> <!-- TC01_Accounts_Admin_Flow -->
  <system-out/>
  <testcase name="TC01_Accounts_Admin_Flow" time="0.118" classname="com.att.lemonade.testcases.TC01_Accounts_Admin">
    <skipped/>
  </testcase> <!-- TC01_Accounts_Admin_Flow -->
  <system-out/>
  <testcase name="TC01_Accounts_Admin_Flow" time="0.176" classname="com.att.lemonade.testcases.TC01_Accounts_Admin">
    <skipped/>
  </testcase> <!-- TC01_Accounts_Admin_Flow -->
  <system-out/>
  <testcase name="TC01_Accounts_Admin_Flow" time="0.251" classname="com.att.lemonade.testcases.TC01_Accounts_Admin">
    <skipped/>
  </testcase> <!-- TC01_Accounts_Admin_Flow -->
  <system-out/>
  <testcase name="TC01_Accounts_Admin_Flow" time="0.288" classname="com.att.lemonade.testcases.TC01_Accounts_Admin">
    <skipped/>
  </testcase> <!-- TC01_Accounts_Admin_Flow -->
  <system-out/>
  <testcase name="TC01_Accounts_Admin_Flow" time="0.103" classname="com.att.lemonade.testcases.TC01_Accounts_Admin">
    <skipped/>
  </testcase> <!-- TC01_Accounts_Admin_Flow -->
  <system-out/>
  <testcase name="TC01_Accounts_Admin_Flow" time="0.271" classname="com.att.lemonade.testcases.TC01_Accounts_Admin">
    <skipped/>
  </testcase> <!-- TC01_Accounts_Admin_Flow -->
  <system-out/>
  <testcase name="TC01_Accounts_Admin_Flow" time="0.121" classname="com.att.lemonade.testcases.TC01_Accounts_Admin">
    <skipped/>
  </testcase> <!-- TC01_Accounts_Admin_Flow -->
  <system-out/>
  <testcase name="TC01_Accounts_Admin_Flow" time="0.153" classname="com.att.lemonade.testcases.TC01_Accounts_Admin">
    <skipped/>
  </testcase> <!-- TC01_Accounts_Admin_Flow -->
  <system-out/>
</testsuite> <!-- com.att.lemonade.testcases.TC01_Accounts_Admin -->
