<?xml version="1.0" encoding="UTF-8"?>
<!-- Generated by org.testng.reporters.JUnitReportReporter -->
<testsuite skipped="0" hostname="sramamo1" name="com.att.lemonade.testcases.TC05_My_SVIDS" tests="15" failures="0" timestamp="2021-05-26T18:33:09 IST" time="1586.095" errors="0">
  <testcase name="TC05_My_SVIDS_Flow" time="179.681" classname="com.att.lemonade.testcases.TC05_My_SVIDS"/>
  <system-out/>
  <testcase name="TC05_My_SVIDS_Flow" time="73.012" classname="com.att.lemonade.testcases.TC05_My_SVIDS"/>
  <system-out/>
  <testcase name="TC05_My_SVIDS_Flow" time="175.447" classname="com.att.lemonade.testcases.TC05_My_SVIDS"/>
  <system-out/>
  <testcase name="TC05_My_SVIDS_Flow" time="78.961" classname="com.att.lemonade.testcases.TC05_My_SVIDS"/>
  <system-out/>
  <testcase name="TC05_My_SVIDS_Flow" time="85.745" classname="com.att.lemonade.testcases.TC05_My_SVIDS"/>
  <system-out/>
  <testcase name="TC05_My_SVIDS_Flow" time="180.761" classname="com.att.lemonade.testcases.TC05_My_SVIDS"/>
  <system-out/>
  <testcase name="TC05_My_SVIDS_Flow" time="78.374" classname="com.att.lemonade.testcases.TC05_My_SVIDS"/>
  <system-out/>
  <testcase name="TC05_My_SVIDS_Flow" time="79.209" classname="com.att.lemonade.testcases.TC05_My_SVIDS"/>
  <system-out/>
  <testcase name="TC05_My_SVIDS_Flow" time="79.743" classname="com.att.lemonade.testcases.TC05_My_SVIDS"/>
  <system-out/>
  <testcase name="TC05_My_SVIDS_Flow" time="175.248" classname="com.att.lemonade.testcases.TC05_My_SVIDS"/>
  <system-out/>
  <testcase name="TC05_My_SVIDS_Flow" time="79.002" classname="com.att.lemonade.testcases.TC05_My_SVIDS"/>
  <system-out/>
  <testcase name="TC05_My_SVIDS_Flow" time="80.156" classname="com.att.lemonade.testcases.TC05_My_SVIDS"/>
  <system-out/>
  <testcase name="TC05_My_SVIDS_Flow" time="79.523" classname="com.att.lemonade.testcases.TC05_My_SVIDS"/>
  <system-out/>
  <testcase name="TC05_My_SVIDS_Flow" time="78.152" classname="com.att.lemonade.testcases.TC05_My_SVIDS"/>
  <system-out/>
  <testcase name="TC05_My_SVIDS_Flow" time="83.081" classname="com.att.lemonade.testcases.TC05_My_SVIDS"/>
  <system-out/>
</testsuite> <!-- com.att.lemonade.testcases.TC05_My_SVIDS -->
