<?xml version="1.0" encoding="UTF-8"?>
<!-- Generated by org.testng.reporters.JUnitReportReporter -->
<testsuite skipped="29" hostname="sramamo1" name="com.att.lemonade.testcases.TC08_Contacts_Admin" tests="29" failures="0" timestamp="2021-05-26T18:33:09 IST" time="4.834" errors="0">
  <testcase name="TC08_Contacts_Admin_Flow" time="0.041" classname="com.att.lemonade.testcases.TC08_Contacts_Admin">
    <skipped/>
  </testcase> <!-- TC08_Contacts_Admin_Flow -->
  <system-out/>
  <testcase name="TC08_Contacts_Admin_Flow" time="0.108" classname="com.att.lemonade.testcases.TC08_Contacts_Admin">
    <skipped/>
  </testcase> <!-- TC08_Contacts_Admin_Flow -->
  <system-out/>
  <testcase name="TC08_Contacts_Admin_Flow" time="0.317" classname="com.att.lemonade.testcases.TC08_Contacts_Admin">
    <skipped/>
  </testcase> <!-- TC08_Contacts_Admin_Flow -->
  <system-out/>
  <testcase name="TC08_Contacts_Admin_Flow" time="0.180" classname="com.att.lemonade.testcases.TC08_Contacts_Admin">
    <skipped/>
  </testcase> <!-- TC08_Contacts_Admin_Flow -->
  <system-out/>
  <testcase name="TC08_Contacts_Admin_Flow" time="1.287" classname="com.att.lemonade.testcases.TC08_Contacts_Admin">
    <skipped/>
  </testcase> <!-- TC08_Contacts_Admin_Flow -->
  <system-out/>
  <testcase name="TC08_Contacts_Admin_Flow" time="0.122" classname="com.att.lemonade.testcases.TC08_Contacts_Admin">
    <skipped/>
  </testcase> <!-- TC08_Contacts_Admin_Flow -->
  <system-out/>
  <testcase name="TC08_Contacts_Admin_Flow" time="0.066" classname="com.att.lemonade.testcases.TC08_Contacts_Admin">
    <skipped/>
  </testcase> <!-- TC08_Contacts_Admin_Flow -->
  <system-out/>
  <testcase name="TC08_Contacts_Admin_Flow" time="0.042" classname="com.att.lemonade.testcases.TC08_Contacts_Admin">
    <skipped/>
  </testcase> <!-- TC08_Contacts_Admin_Flow -->
  <system-out/>
  <testcase name="TC08_Contacts_Admin_Flow" time="0.047" classname="com.att.lemonade.testcases.TC08_Contacts_Admin">
    <skipped/>
  </testcase> <!-- TC08_Contacts_Admin_Flow -->
  <system-out/>
  <testcase name="TC08_Contacts_Admin_Flow" time="0.005" classname="com.att.lemonade.testcases.TC08_Contacts_Admin">
    <skipped/>
  </testcase> <!-- TC08_Contacts_Admin_Flow -->
  <system-out/>
  <testcase name="TC08_Contacts_Admin_Flow" time="0.144" classname="com.att.lemonade.testcases.TC08_Contacts_Admin">
    <skipped/>
  </testcase> <!-- TC08_Contacts_Admin_Flow -->
  <system-out/>
  <testcase name="TC08_Contacts_Admin_Flow" time="0.212" classname="com.att.lemonade.testcases.TC08_Contacts_Admin">
    <skipped/>
  </testcase> <!-- TC08_Contacts_Admin_Flow -->
  <system-out/>
  <testcase name="TC08_Contacts_Admin_Flow" time="0.245" classname="com.att.lemonade.testcases.TC08_Contacts_Admin">
    <skipped/>
  </testcase> <!-- TC08_Contacts_Admin_Flow -->
  <system-out/>
  <testcase name="TC08_Contacts_Admin_Flow" time="0.048" classname="com.att.lemonade.testcases.TC08_Contacts_Admin">
    <skipped/>
  </testcase> <!-- TC08_Contacts_Admin_Flow -->
  <system-out/>
  <testcase name="TC08_Contacts_Admin_Flow" time="0.062" classname="com.att.lemonade.testcases.TC08_Contacts_Admin">
    <skipped/>
  </testcase> <!-- TC08_Contacts_Admin_Flow -->
  <system-out/>
  <testcase name="TC08_Contacts_Admin_Flow" time="0.137" classname="com.att.lemonade.testcases.TC08_Contacts_Admin">
    <skipped/>
  </testcase> <!-- TC08_Contacts_Admin_Flow -->
  <system-out/>
  <testcase name="TC08_Contacts_Admin_Flow" time="0.075" classname="com.att.lemonade.testcases.TC08_Contacts_Admin">
    <skipped/>
  </testcase> <!-- TC08_Contacts_Admin_Flow -->
  <system-out/>
  <testcase name="TC08_Contacts_Admin_Flow" time="0.302" classname="com.att.lemonade.testcases.TC08_Contacts_Admin">
    <skipped/>
  </testcase> <!-- TC08_Contacts_Admin_Flow -->
  <system-out/>
  <testcase name="TC08_Contacts_Admin_Flow" time="0.112" classname="com.att.lemonade.testcases.TC08_Contacts_Admin">
    <skipped/>
  </testcase> <!-- TC08_Contacts_Admin_Flow -->
  <system-out/>
  <testcase name="TC08_Contacts_Admin_Flow" time="0.000" classname="com.att.lemonade.testcases.TC08_Contacts_Admin">
    <skipped/>
  </testcase> <!-- TC08_Contacts_Admin_Flow -->
  <system-out/>
  <testcase name="TC08_Contacts_Admin_Flow" time="0.116" classname="com.att.lemonade.testcases.TC08_Contacts_Admin">
    <skipped/>
  </testcase> <!-- TC08_Contacts_Admin_Flow -->
  <system-out/>
  <testcase name="TC08_Contacts_Admin_Flow" time="0.080" classname="com.att.lemonade.testcases.TC08_Contacts_Admin">
    <skipped/>
  </testcase> <!-- TC08_Contacts_Admin_Flow -->
  <system-out/>
  <testcase name="TC08_Contacts_Admin_Flow" time="0.155" classname="com.att.lemonade.testcases.TC08_Contacts_Admin">
    <skipped/>
  </testcase> <!-- TC08_Contacts_Admin_Flow -->
  <system-out/>
  <testcase name="TC08_Contacts_Admin_Flow" time="0.259" classname="com.att.lemonade.testcases.TC08_Contacts_Admin">
    <skipped/>
  </testcase> <!-- TC08_Contacts_Admin_Flow -->
  <system-out/>
  <testcase name="TC08_Contacts_Admin_Flow" time="0.222" classname="com.att.lemonade.testcases.TC08_Contacts_Admin">
    <skipped/>
  </testcase> <!-- TC08_Contacts_Admin_Flow -->
  <system-out/>
  <testcase name="TC08_Contacts_Admin_Flow" time="0.079" classname="com.att.lemonade.testcases.TC08_Contacts_Admin">
    <skipped/>
  </testcase> <!-- TC08_Contacts_Admin_Flow -->
  <system-out/>
  <testcase name="TC08_Contacts_Admin_Flow" time="0.050" classname="com.att.lemonade.testcases.TC08_Contacts_Admin">
    <skipped/>
  </testcase> <!-- TC08_Contacts_Admin_Flow -->
  <system-out/>
  <testcase name="TC08_Contacts_Admin_Flow" time="0.228" classname="com.att.lemonade.testcases.TC08_Contacts_Admin">
    <skipped/>
  </testcase> <!-- TC08_Contacts_Admin_Flow -->
  <system-out/>
  <testcase name="TC08_Contacts_Admin_Flow" time="0.093" classname="com.att.lemonade.testcases.TC08_Contacts_Admin">
    <skipped/>
  </testcase> <!-- TC08_Contacts_Admin_Flow -->
  <system-out/>
</testsuite> <!-- com.att.lemonade.testcases.TC08_Contacts_Admin -->
