<?xml version="1.0" encoding="UTF-8"?>
<!-- Generated by org.testng.reporters.JUnitReportReporter -->
<testsuite skipped="58" hostname="sramamo1" name="com.att.lemonade.testcases.TC04_SVIDS_Admin" tests="58" failures="0" timestamp="2021-05-26T18:33:09 IST" time="4.527" errors="0">
  <testcase name="TC04_SVIDS_Admin_Flow" time="0.133" classname="com.att.lemonade.testcases.TC04_SVIDS_Admin">
    <skipped/>
  </testcase> <!-- TC04_SVIDS_Admin_Flow -->
  <system-out/>
  <testcase name="TC04_SVIDS_Admin_Flow" time="0.001" classname="com.att.lemonade.testcases.TC04_SVIDS_Admin">
    <skipped/>
  </testcase> <!-- TC04_SVIDS_Admin_Flow -->
  <system-out/>
  <testcase name="TC04_SVIDS_Admin_Flow" time="0.385" classname="com.att.lemonade.testcases.TC04_SVIDS_Admin">
    <skipped/>
  </testcase> <!-- TC04_SVIDS_Admin_Flow -->
  <system-out/>
  <testcase name="TC04_SVIDS_Admin_Flow" time="0.001" classname="com.att.lemonade.testcases.TC04_SVIDS_Admin">
    <skipped/>
  </testcase> <!-- TC04_SVIDS_Admin_Flow -->
  <system-out/>
  <testcase name="TC04_SVIDS_Admin_Flow" time="0.045" classname="com.att.lemonade.testcases.TC04_SVIDS_Admin">
    <skipped/>
  </testcase> <!-- TC04_SVIDS_Admin_Flow -->
  <system-out/>
  <testcase name="TC04_SVIDS_Admin_Flow" time="0.144" classname="com.att.lemonade.testcases.TC04_SVIDS_Admin">
    <skipped/>
  </testcase> <!-- TC04_SVIDS_Admin_Flow -->
  <system-out/>
  <testcase name="TC04_SVIDS_Admin_Flow" time="0.000" classname="com.att.lemonade.testcases.TC04_SVIDS_Admin">
    <skipped/>
  </testcase> <!-- TC04_SVIDS_Admin_Flow -->
  <system-out/>
  <testcase name="TC04_SVIDS_Admin_Flow" time="0.001" classname="com.att.lemonade.testcases.TC04_SVIDS_Admin">
    <skipped/>
  </testcase> <!-- TC04_SVIDS_Admin_Flow -->
  <system-out/>
  <testcase name="TC04_SVIDS_Admin_Flow" time="0.187" classname="com.att.lemonade.testcases.TC04_SVIDS_Admin">
    <skipped/>
  </testcase> <!-- TC04_SVIDS_Admin_Flow -->
  <system-out/>
  <testcase name="TC04_SVIDS_Admin_Flow" time="0.001" classname="com.att.lemonade.testcases.TC04_SVIDS_Admin">
    <skipped/>
  </testcase> <!-- TC04_SVIDS_Admin_Flow -->
  <system-out/>
  <testcase name="TC04_SVIDS_Admin_Flow" time="0.138" classname="com.att.lemonade.testcases.TC04_SVIDS_Admin">
    <skipped/>
  </testcase> <!-- TC04_SVIDS_Admin_Flow -->
  <system-out/>
  <testcase name="TC04_SVIDS_Admin_Flow" time="0.001" classname="com.att.lemonade.testcases.TC04_SVIDS_Admin">
    <skipped/>
  </testcase> <!-- TC04_SVIDS_Admin_Flow -->
  <system-out/>
  <testcase name="TC04_SVIDS_Admin_Flow" time="0.001" classname="com.att.lemonade.testcases.TC04_SVIDS_Admin">
    <skipped/>
  </testcase> <!-- TC04_SVIDS_Admin_Flow -->
  <system-out/>
  <testcase name="TC04_SVIDS_Admin_Flow" time="0.096" classname="com.att.lemonade.testcases.TC04_SVIDS_Admin">
    <skipped/>
  </testcase> <!-- TC04_SVIDS_Admin_Flow -->
  <system-out/>
  <testcase name="TC04_SVIDS_Admin_Flow" time="0.001" classname="com.att.lemonade.testcases.TC04_SVIDS_Admin">
    <skipped/>
  </testcase> <!-- TC04_SVIDS_Admin_Flow -->
  <system-out/>
  <testcase name="TC04_SVIDS_Admin_Flow" time="0.001" classname="com.att.lemonade.testcases.TC04_SVIDS_Admin">
    <skipped/>
  </testcase> <!-- TC04_SVIDS_Admin_Flow -->
  <system-out/>
  <testcase name="TC04_SVIDS_Admin_Flow" time="0.001" classname="com.att.lemonade.testcases.TC04_SVIDS_Admin">
    <skipped/>
  </testcase> <!-- TC04_SVIDS_Admin_Flow -->
  <system-out/>
  <testcase name="TC04_SVIDS_Admin_Flow" time="0.005" classname="com.att.lemonade.testcases.TC04_SVIDS_Admin">
    <skipped/>
  </testcase> <!-- TC04_SVIDS_Admin_Flow -->
  <system-out/>
  <testcase name="TC04_SVIDS_Admin_Flow" time="0.048" classname="com.att.lemonade.testcases.TC04_SVIDS_Admin">
    <skipped/>
  </testcase> <!-- TC04_SVIDS_Admin_Flow -->
  <system-out/>
  <testcase name="TC04_SVIDS_Admin_Flow" time="0.135" classname="com.att.lemonade.testcases.TC04_SVIDS_Admin">
    <skipped/>
  </testcase> <!-- TC04_SVIDS_Admin_Flow -->
  <system-out/>
  <testcase name="TC04_SVIDS_Admin_Flow" time="0.294" classname="com.att.lemonade.testcases.TC04_SVIDS_Admin">
    <skipped/>
  </testcase> <!-- TC04_SVIDS_Admin_Flow -->
  <system-out/>
  <testcase name="TC04_SVIDS_Admin_Flow" time="0.001" classname="com.att.lemonade.testcases.TC04_SVIDS_Admin">
    <skipped/>
  </testcase> <!-- TC04_SVIDS_Admin_Flow -->
  <system-out/>
  <testcase name="TC04_SVIDS_Admin_Flow" time="0.001" classname="com.att.lemonade.testcases.TC04_SVIDS_Admin">
    <skipped/>
  </testcase> <!-- TC04_SVIDS_Admin_Flow -->
  <system-out/>
  <testcase name="TC04_SVIDS_Admin_Flow" time="0.062" classname="com.att.lemonade.testcases.TC04_SVIDS_Admin">
    <skipped/>
  </testcase> <!-- TC04_SVIDS_Admin_Flow -->
  <system-out/>
  <testcase name="TC04_SVIDS_Admin_Flow" time="0.098" classname="com.att.lemonade.testcases.TC04_SVIDS_Admin">
    <skipped/>
  </testcase> <!-- TC04_SVIDS_Admin_Flow -->
  <system-out/>
  <testcase name="TC04_SVIDS_Admin_Flow" time="0.199" classname="com.att.lemonade.testcases.TC04_SVIDS_Admin">
    <skipped/>
  </testcase> <!-- TC04_SVIDS_Admin_Flow -->
  <system-out/>
  <testcase name="TC04_SVIDS_Admin_Flow" time="0.000" classname="com.att.lemonade.testcases.TC04_SVIDS_Admin">
    <skipped/>
  </testcase> <!-- TC04_SVIDS_Admin_Flow -->
  <system-out/>
  <testcase name="TC04_SVIDS_Admin_Flow" time="0.003" classname="com.att.lemonade.testcases.TC04_SVIDS_Admin">
    <skipped/>
  </testcase> <!-- TC04_SVIDS_Admin_Flow -->
  <system-out/>
  <testcase name="TC04_SVIDS_Admin_Flow" time="0.096" classname="com.att.lemonade.testcases.TC04_SVIDS_Admin">
    <skipped/>
  </testcase> <!-- TC04_SVIDS_Admin_Flow -->
  <system-out/>
  <testcase name="TC04_SVIDS_Admin_Flow" time="0.062" classname="com.att.lemonade.testcases.TC04_SVIDS_Admin">
    <skipped/>
  </testcase> <!-- TC04_SVIDS_Admin_Flow -->
  <system-out/>
  <testcase name="TC04_SVIDS_Admin_Flow" time="0.005" classname="com.att.lemonade.testcases.TC04_SVIDS_Admin">
    <skipped/>
  </testcase> <!-- TC04_SVIDS_Admin_Flow -->
  <system-out/>
  <testcase name="TC04_SVIDS_Admin_Flow" time="0.001" classname="com.att.lemonade.testcases.TC04_SVIDS_Admin">
    <skipped/>
  </testcase> <!-- TC04_SVIDS_Admin_Flow -->
  <system-out/>
  <testcase name="TC04_SVIDS_Admin_Flow" time="0.148" classname="com.att.lemonade.testcases.TC04_SVIDS_Admin">
    <skipped/>
  </testcase> <!-- TC04_SVIDS_Admin_Flow -->
  <system-out/>
  <testcase name="TC04_SVIDS_Admin_Flow" time="0.050" classname="com.att.lemonade.testcases.TC04_SVIDS_Admin">
    <skipped/>
  </testcase> <!-- TC04_SVIDS_Admin_Flow -->
  <system-out/>
  <testcase name="TC04_SVIDS_Admin_Flow" time="0.059" classname="com.att.lemonade.testcases.TC04_SVIDS_Admin">
    <skipped/>
  </testcase> <!-- TC04_SVIDS_Admin_Flow -->
  <system-out/>
  <testcase name="TC04_SVIDS_Admin_Flow" time="0.074" classname="com.att.lemonade.testcases.TC04_SVIDS_Admin">
    <skipped/>
  </testcase> <!-- TC04_SVIDS_Admin_Flow -->
  <system-out/>
  <testcase name="TC04_SVIDS_Admin_Flow" time="0.000" classname="com.att.lemonade.testcases.TC04_SVIDS_Admin">
    <skipped/>
  </testcase> <!-- TC04_SVIDS_Admin_Flow -->
  <system-out/>
  <testcase name="TC04_SVIDS_Admin_Flow" time="0.198" classname="com.att.lemonade.testcases.TC04_SVIDS_Admin">
    <skipped/>
  </testcase> <!-- TC04_SVIDS_Admin_Flow -->
  <system-out/>
  <testcase name="TC04_SVIDS_Admin_Flow" time="0.091" classname="com.att.lemonade.testcases.TC04_SVIDS_Admin">
    <skipped/>
  </testcase> <!-- TC04_SVIDS_Admin_Flow -->
  <system-out/>
  <testcase name="TC04_SVIDS_Admin_Flow" time="0.220" classname="com.att.lemonade.testcases.TC04_SVIDS_Admin">
    <skipped/>
  </testcase> <!-- TC04_SVIDS_Admin_Flow -->
  <system-out/>
  <testcase name="TC04_SVIDS_Admin_Flow" time="0.071" classname="com.att.lemonade.testcases.TC04_SVIDS_Admin">
    <skipped/>
  </testcase> <!-- TC04_SVIDS_Admin_Flow -->
  <system-out/>
  <testcase name="TC04_SVIDS_Admin_Flow" time="0.114" classname="com.att.lemonade.testcases.TC04_SVIDS_Admin">
    <skipped/>
  </testcase> <!-- TC04_SVIDS_Admin_Flow -->
  <system-out/>
  <testcase name="TC04_SVIDS_Admin_Flow" time="0.068" classname="com.att.lemonade.testcases.TC04_SVIDS_Admin">
    <skipped/>
  </testcase> <!-- TC04_SVIDS_Admin_Flow -->
  <system-out/>
  <testcase name="TC04_SVIDS_Admin_Flow" time="0.516" classname="com.att.lemonade.testcases.TC04_SVIDS_Admin">
    <skipped/>
  </testcase> <!-- TC04_SVIDS_Admin_Flow -->
  <system-out/>
  <testcase name="TC04_SVIDS_Admin_Flow" time="0.061" classname="com.att.lemonade.testcases.TC04_SVIDS_Admin">
    <skipped/>
  </testcase> <!-- TC04_SVIDS_Admin_Flow -->
  <system-out/>
  <testcase name="TC04_SVIDS_Admin_Flow" time="0.062" classname="com.att.lemonade.testcases.TC04_SVIDS_Admin">
    <skipped/>
  </testcase> <!-- TC04_SVIDS_Admin_Flow -->
  <system-out/>
  <testcase name="TC04_SVIDS_Admin_Flow" time="0.136" classname="com.att.lemonade.testcases.TC04_SVIDS_Admin">
    <skipped/>
  </testcase> <!-- TC04_SVIDS_Admin_Flow -->
  <system-out/>
  <testcase name="TC04_SVIDS_Admin_Flow" time="0.211" classname="com.att.lemonade.testcases.TC04_SVIDS_Admin">
    <skipped/>
  </testcase> <!-- TC04_SVIDS_Admin_Flow -->
  <system-out/>
  <testcase name="TC04_SVIDS_Admin_Flow" time="0.065" classname="com.att.lemonade.testcases.TC04_SVIDS_Admin">
    <skipped/>
  </testcase> <!-- TC04_SVIDS_Admin_Flow -->
  <system-out/>
  <testcase name="TC04_SVIDS_Admin_Flow" time="0.000" classname="com.att.lemonade.testcases.TC04_SVIDS_Admin">
    <skipped/>
  </testcase> <!-- TC04_SVIDS_Admin_Flow -->
  <system-out/>
  <testcase name="TC04_SVIDS_Admin_Flow" time="0.001" classname="com.att.lemonade.testcases.TC04_SVIDS_Admin">
    <skipped/>
  </testcase> <!-- TC04_SVIDS_Admin_Flow -->
  <system-out/>
  <testcase name="TC04_SVIDS_Admin_Flow" time="0.001" classname="com.att.lemonade.testcases.TC04_SVIDS_Admin">
    <skipped/>
  </testcase> <!-- TC04_SVIDS_Admin_Flow -->
  <system-out/>
  <testcase name="TC04_SVIDS_Admin_Flow" time="0.000" classname="com.att.lemonade.testcases.TC04_SVIDS_Admin">
    <skipped/>
  </testcase> <!-- TC04_SVIDS_Admin_Flow -->
  <system-out/>
  <testcase name="TC04_SVIDS_Admin_Flow" time="0.000" classname="com.att.lemonade.testcases.TC04_SVIDS_Admin">
    <skipped/>
  </testcase> <!-- TC04_SVIDS_Admin_Flow -->
  <system-out/>
  <testcase name="TC04_SVIDS_Admin_Flow" time="0.000" classname="com.att.lemonade.testcases.TC04_SVIDS_Admin">
    <skipped/>
  </testcase> <!-- TC04_SVIDS_Admin_Flow -->
  <system-out/>
  <testcase name="TC04_SVIDS_Admin_Flow" time="0.200" classname="com.att.lemonade.testcases.TC04_SVIDS_Admin">
    <skipped/>
  </testcase> <!-- TC04_SVIDS_Admin_Flow -->
  <system-out/>
  <testcase name="TC04_SVIDS_Admin_Flow" time="0.034" classname="com.att.lemonade.testcases.TC04_SVIDS_Admin">
    <skipped/>
  </testcase> <!-- TC04_SVIDS_Admin_Flow -->
  <system-out/>
  <testcase name="TC04_SVIDS_Admin_Flow" time="0.000" classname="com.att.lemonade.testcases.TC04_SVIDS_Admin">
    <skipped/>
  </testcase> <!-- TC04_SVIDS_Admin_Flow -->
  <system-out/>
</testsuite> <!-- com.att.lemonade.testcases.TC04_SVIDS_Admin -->
